[2022-10-09T06:40:40.457+0000] {processor.py:156} INFO - Started process (PID=57) to work on /home/airflow/.local/lib/python3.7/site-packages/airflow/example_dags/example_skip_dag.py
[2022-10-09T06:40:40.460+0000] {processor.py:758} INFO - Processing file /home/airflow/.local/lib/python3.7/site-packages/airflow/example_dags/example_skip_dag.py for tasks to queue
[2022-10-09T06:40:40.464+0000] {logging_mixin.py:117} INFO - [2022-10-09T06:40:40.464+0000] {dagbag.py:525} INFO - Filling up the DagBag from /home/airflow/.local/lib/python3.7/site-packages/airflow/example_dags/example_skip_dag.py
[2022-10-09T06:40:40.497+0000] {processor.py:768} INFO - DAG(s) dict_keys(['example_skip_dag']) retrieved from /home/airflow/.local/lib/python3.7/site-packages/airflow/example_dags/example_skip_dag.py
[2022-10-09T06:40:40.541+0000] {logging_mixin.py:117} INFO - [2022-10-09T06:40:40.540+0000] {dag.py:2573} INFO - Sync 1 DAGs
[2022-10-09T06:40:40.581+0000] {logging_mixin.py:117} INFO - [2022-10-09T06:40:40.581+0000] {dag.py:3328} INFO - Setting next_dagrun for example_skip_dag to 2022-10-08T06:40:40.581583+00:00, run_after=2022-10-09T06:40:40.581583+00:00
[2022-10-09T06:40:40.603+0000] {processor.py:178} INFO - Processing /home/airflow/.local/lib/python3.7/site-packages/airflow/example_dags/example_skip_dag.py took 0.152 seconds
[2022-10-09T06:41:10.808+0000] {processor.py:156} INFO - Started process (PID=120) to work on /home/airflow/.local/lib/python3.7/site-packages/airflow/example_dags/example_skip_dag.py
[2022-10-09T06:41:10.812+0000] {processor.py:758} INFO - Processing file /home/airflow/.local/lib/python3.7/site-packages/airflow/example_dags/example_skip_dag.py for tasks to queue
[2022-10-09T06:41:10.814+0000] {logging_mixin.py:117} INFO - [2022-10-09T06:41:10.814+0000] {dagbag.py:525} INFO - Filling up the DagBag from /home/airflow/.local/lib/python3.7/site-packages/airflow/example_dags/example_skip_dag.py
[2022-10-09T06:41:10.825+0000] {processor.py:768} INFO - DAG(s) dict_keys(['example_skip_dag']) retrieved from /home/airflow/.local/lib/python3.7/site-packages/airflow/example_dags/example_skip_dag.py
[2022-10-09T06:41:10.865+0000] {logging_mixin.py:117} INFO - [2022-10-09T06:41:10.865+0000] {dag.py:2573} INFO - Sync 1 DAGs
[2022-10-09T06:41:10.887+0000] {logging_mixin.py:117} INFO - [2022-10-09T06:41:10.887+0000] {dag.py:3328} INFO - Setting next_dagrun for example_skip_dag to 2022-10-08T06:41:10.887327+00:00, run_after=2022-10-09T06:41:10.887327+00:00
[2022-10-09T06:41:10.906+0000] {processor.py:178} INFO - Processing /home/airflow/.local/lib/python3.7/site-packages/airflow/example_dags/example_skip_dag.py took 0.100 seconds
[2022-10-09T06:41:41.151+0000] {processor.py:156} INFO - Started process (PID=184) to work on /home/airflow/.local/lib/python3.7/site-packages/airflow/example_dags/example_skip_dag.py
[2022-10-09T06:41:41.152+0000] {processor.py:758} INFO - Processing file /home/airflow/.local/lib/python3.7/site-packages/airflow/example_dags/example_skip_dag.py for tasks to queue
[2022-10-09T06:41:41.154+0000] {logging_mixin.py:117} INFO - [2022-10-09T06:41:41.154+0000] {dagbag.py:525} INFO - Filling up the DagBag from /home/airflow/.local/lib/python3.7/site-packages/airflow/example_dags/example_skip_dag.py
[2022-10-09T06:41:41.163+0000] {processor.py:768} INFO - DAG(s) dict_keys(['example_skip_dag']) retrieved from /home/airflow/.local/lib/python3.7/site-packages/airflow/example_dags/example_skip_dag.py
[2022-10-09T06:41:41.190+0000] {logging_mixin.py:117} INFO - [2022-10-09T06:41:41.190+0000] {dag.py:2573} INFO - Sync 1 DAGs
[2022-10-09T06:41:41.209+0000] {logging_mixin.py:117} INFO - [2022-10-09T06:41:41.209+0000] {dag.py:3328} INFO - Setting next_dagrun for example_skip_dag to 2022-10-08T06:41:41.209715+00:00, run_after=2022-10-09T06:41:41.209715+00:00
[2022-10-09T06:41:41.221+0000] {processor.py:178} INFO - Processing /home/airflow/.local/lib/python3.7/site-packages/airflow/example_dags/example_skip_dag.py took 0.072 seconds
[2022-10-09T06:42:11.863+0000] {processor.py:156} INFO - Started process (PID=247) to work on /home/airflow/.local/lib/python3.7/site-packages/airflow/example_dags/example_skip_dag.py
[2022-10-09T06:42:11.866+0000] {processor.py:758} INFO - Processing file /home/airflow/.local/lib/python3.7/site-packages/airflow/example_dags/example_skip_dag.py for tasks to queue
[2022-10-09T06:42:11.866+0000] {logging_mixin.py:117} INFO - [2022-10-09T06:42:11.866+0000] {dagbag.py:525} INFO - Filling up the DagBag from /home/airflow/.local/lib/python3.7/site-packages/airflow/example_dags/example_skip_dag.py
[2022-10-09T06:42:11.875+0000] {processor.py:768} INFO - DAG(s) dict_keys(['example_skip_dag']) retrieved from /home/airflow/.local/lib/python3.7/site-packages/airflow/example_dags/example_skip_dag.py
[2022-10-09T06:42:11.899+0000] {logging_mixin.py:117} INFO - [2022-10-09T06:42:11.899+0000] {dag.py:2573} INFO - Sync 1 DAGs
[2022-10-09T06:42:11.914+0000] {logging_mixin.py:117} INFO - [2022-10-09T06:42:11.914+0000] {dag.py:3328} INFO - Setting next_dagrun for example_skip_dag to 2022-10-08T06:42:11.914053+00:00, run_after=2022-10-09T06:42:11.914053+00:00
[2022-10-09T06:42:11.925+0000] {processor.py:178} INFO - Processing /home/airflow/.local/lib/python3.7/site-packages/airflow/example_dags/example_skip_dag.py took 0.064 seconds
[2022-10-09T06:42:42.310+0000] {processor.py:156} INFO - Started process (PID=301) to work on /home/airflow/.local/lib/python3.7/site-packages/airflow/example_dags/example_skip_dag.py
[2022-10-09T06:42:42.311+0000] {processor.py:758} INFO - Processing file /home/airflow/.local/lib/python3.7/site-packages/airflow/example_dags/example_skip_dag.py for tasks to queue
[2022-10-09T06:42:42.312+0000] {logging_mixin.py:117} INFO - [2022-10-09T06:42:42.312+0000] {dagbag.py:525} INFO - Filling up the DagBag from /home/airflow/.local/lib/python3.7/site-packages/airflow/example_dags/example_skip_dag.py
[2022-10-09T06:42:42.322+0000] {processor.py:768} INFO - DAG(s) dict_keys(['example_skip_dag']) retrieved from /home/airflow/.local/lib/python3.7/site-packages/airflow/example_dags/example_skip_dag.py
[2022-10-09T06:42:42.348+0000] {logging_mixin.py:117} INFO - [2022-10-09T06:42:42.348+0000] {dag.py:2573} INFO - Sync 1 DAGs
[2022-10-09T06:42:42.366+0000] {logging_mixin.py:117} INFO - [2022-10-09T06:42:42.366+0000] {dag.py:3328} INFO - Setting next_dagrun for example_skip_dag to 2022-10-08T06:42:42.365895+00:00, run_after=2022-10-09T06:42:42.365895+00:00
[2022-10-09T06:42:42.384+0000] {processor.py:178} INFO - Processing /home/airflow/.local/lib/python3.7/site-packages/airflow/example_dags/example_skip_dag.py took 0.076 seconds
[2022-10-09T06:43:12.689+0000] {processor.py:156} INFO - Started process (PID=364) to work on /home/airflow/.local/lib/python3.7/site-packages/airflow/example_dags/example_skip_dag.py
[2022-10-09T06:43:12.691+0000] {processor.py:758} INFO - Processing file /home/airflow/.local/lib/python3.7/site-packages/airflow/example_dags/example_skip_dag.py for tasks to queue
[2022-10-09T06:43:12.693+0000] {logging_mixin.py:117} INFO - [2022-10-09T06:43:12.692+0000] {dagbag.py:525} INFO - Filling up the DagBag from /home/airflow/.local/lib/python3.7/site-packages/airflow/example_dags/example_skip_dag.py
[2022-10-09T06:43:12.705+0000] {processor.py:768} INFO - DAG(s) dict_keys(['example_skip_dag']) retrieved from /home/airflow/.local/lib/python3.7/site-packages/airflow/example_dags/example_skip_dag.py
[2022-10-09T06:43:12.729+0000] {logging_mixin.py:117} INFO - [2022-10-09T06:43:12.729+0000] {dag.py:2573} INFO - Sync 1 DAGs
[2022-10-09T06:43:12.744+0000] {logging_mixin.py:117} INFO - [2022-10-09T06:43:12.744+0000] {dag.py:3328} INFO - Setting next_dagrun for example_skip_dag to 2022-10-08T06:43:12.744653+00:00, run_after=2022-10-09T06:43:12.744653+00:00
[2022-10-09T06:43:12.755+0000] {processor.py:178} INFO - Processing /home/airflow/.local/lib/python3.7/site-packages/airflow/example_dags/example_skip_dag.py took 0.069 seconds
[2022-10-09T06:43:42.875+0000] {processor.py:156} INFO - Started process (PID=427) to work on /home/airflow/.local/lib/python3.7/site-packages/airflow/example_dags/example_skip_dag.py
[2022-10-09T06:43:42.877+0000] {processor.py:758} INFO - Processing file /home/airflow/.local/lib/python3.7/site-packages/airflow/example_dags/example_skip_dag.py for tasks to queue
[2022-10-09T06:43:42.878+0000] {logging_mixin.py:117} INFO - [2022-10-09T06:43:42.878+0000] {dagbag.py:525} INFO - Filling up the DagBag from /home/airflow/.local/lib/python3.7/site-packages/airflow/example_dags/example_skip_dag.py
[2022-10-09T06:43:42.888+0000] {processor.py:768} INFO - DAG(s) dict_keys(['example_skip_dag']) retrieved from /home/airflow/.local/lib/python3.7/site-packages/airflow/example_dags/example_skip_dag.py
[2022-10-09T06:43:42.912+0000] {logging_mixin.py:117} INFO - [2022-10-09T06:43:42.912+0000] {dag.py:2573} INFO - Sync 1 DAGs
[2022-10-09T06:43:42.925+0000] {logging_mixin.py:117} INFO - [2022-10-09T06:43:42.925+0000] {dag.py:3328} INFO - Setting next_dagrun for example_skip_dag to 2022-10-08T06:43:42.925631+00:00, run_after=2022-10-09T06:43:42.925631+00:00
[2022-10-09T06:43:42.935+0000] {processor.py:178} INFO - Processing /home/airflow/.local/lib/python3.7/site-packages/airflow/example_dags/example_skip_dag.py took 0.062 seconds
[2022-10-09T06:44:13.200+0000] {processor.py:156} INFO - Started process (PID=490) to work on /home/airflow/.local/lib/python3.7/site-packages/airflow/example_dags/example_skip_dag.py
[2022-10-09T06:44:13.201+0000] {processor.py:758} INFO - Processing file /home/airflow/.local/lib/python3.7/site-packages/airflow/example_dags/example_skip_dag.py for tasks to queue
[2022-10-09T06:44:13.202+0000] {logging_mixin.py:117} INFO - [2022-10-09T06:44:13.202+0000] {dagbag.py:525} INFO - Filling up the DagBag from /home/airflow/.local/lib/python3.7/site-packages/airflow/example_dags/example_skip_dag.py
[2022-10-09T06:44:13.211+0000] {processor.py:768} INFO - DAG(s) dict_keys(['example_skip_dag']) retrieved from /home/airflow/.local/lib/python3.7/site-packages/airflow/example_dags/example_skip_dag.py
[2022-10-09T06:44:13.239+0000] {logging_mixin.py:117} INFO - [2022-10-09T06:44:13.239+0000] {dag.py:2573} INFO - Sync 1 DAGs
[2022-10-09T06:44:13.258+0000] {logging_mixin.py:117} INFO - [2022-10-09T06:44:13.258+0000] {dag.py:3328} INFO - Setting next_dagrun for example_skip_dag to 2022-10-08T06:44:13.258554+00:00, run_after=2022-10-09T06:44:13.258554+00:00
[2022-10-09T06:44:13.271+0000] {processor.py:178} INFO - Processing /home/airflow/.local/lib/python3.7/site-packages/airflow/example_dags/example_skip_dag.py took 0.073 seconds
[2022-10-09T06:44:43.564+0000] {processor.py:156} INFO - Started process (PID=553) to work on /home/airflow/.local/lib/python3.7/site-packages/airflow/example_dags/example_skip_dag.py
[2022-10-09T06:44:43.566+0000] {processor.py:758} INFO - Processing file /home/airflow/.local/lib/python3.7/site-packages/airflow/example_dags/example_skip_dag.py for tasks to queue
[2022-10-09T06:44:43.567+0000] {logging_mixin.py:117} INFO - [2022-10-09T06:44:43.567+0000] {dagbag.py:525} INFO - Filling up the DagBag from /home/airflow/.local/lib/python3.7/site-packages/airflow/example_dags/example_skip_dag.py
[2022-10-09T06:44:43.576+0000] {processor.py:768} INFO - DAG(s) dict_keys(['example_skip_dag']) retrieved from /home/airflow/.local/lib/python3.7/site-packages/airflow/example_dags/example_skip_dag.py
[2022-10-09T06:44:43.602+0000] {logging_mixin.py:117} INFO - [2022-10-09T06:44:43.602+0000] {dag.py:2573} INFO - Sync 1 DAGs
[2022-10-09T06:44:43.617+0000] {logging_mixin.py:117} INFO - [2022-10-09T06:44:43.617+0000] {dag.py:3328} INFO - Setting next_dagrun for example_skip_dag to 2022-10-08T06:44:43.616919+00:00, run_after=2022-10-09T06:44:43.616919+00:00
[2022-10-09T06:44:43.629+0000] {processor.py:178} INFO - Processing /home/airflow/.local/lib/python3.7/site-packages/airflow/example_dags/example_skip_dag.py took 0.066 seconds
[2022-10-09T06:45:13.763+0000] {processor.py:156} INFO - Started process (PID=614) to work on /home/airflow/.local/lib/python3.7/site-packages/airflow/example_dags/example_skip_dag.py
[2022-10-09T06:45:13.766+0000] {processor.py:758} INFO - Processing file /home/airflow/.local/lib/python3.7/site-packages/airflow/example_dags/example_skip_dag.py for tasks to queue
[2022-10-09T06:45:13.769+0000] {logging_mixin.py:117} INFO - [2022-10-09T06:45:13.769+0000] {dagbag.py:525} INFO - Filling up the DagBag from /home/airflow/.local/lib/python3.7/site-packages/airflow/example_dags/example_skip_dag.py
[2022-10-09T06:45:13.779+0000] {processor.py:768} INFO - DAG(s) dict_keys(['example_skip_dag']) retrieved from /home/airflow/.local/lib/python3.7/site-packages/airflow/example_dags/example_skip_dag.py
[2022-10-09T06:45:13.811+0000] {logging_mixin.py:117} INFO - [2022-10-09T06:45:13.811+0000] {dag.py:2573} INFO - Sync 1 DAGs
[2022-10-09T06:45:13.830+0000] {logging_mixin.py:117} INFO - [2022-10-09T06:45:13.830+0000] {dag.py:3328} INFO - Setting next_dagrun for example_skip_dag to 2022-10-08T06:45:13.830410+00:00, run_after=2022-10-09T06:45:13.830410+00:00
[2022-10-09T06:45:13.845+0000] {processor.py:178} INFO - Processing /home/airflow/.local/lib/python3.7/site-packages/airflow/example_dags/example_skip_dag.py took 0.084 seconds
[2022-10-09T06:45:44.146+0000] {processor.py:156} INFO - Started process (PID=669) to work on /home/airflow/.local/lib/python3.7/site-packages/airflow/example_dags/example_skip_dag.py
[2022-10-09T06:45:44.147+0000] {processor.py:758} INFO - Processing file /home/airflow/.local/lib/python3.7/site-packages/airflow/example_dags/example_skip_dag.py for tasks to queue
[2022-10-09T06:45:44.148+0000] {logging_mixin.py:117} INFO - [2022-10-09T06:45:44.148+0000] {dagbag.py:525} INFO - Filling up the DagBag from /home/airflow/.local/lib/python3.7/site-packages/airflow/example_dags/example_skip_dag.py
[2022-10-09T06:45:44.157+0000] {processor.py:768} INFO - DAG(s) dict_keys(['example_skip_dag']) retrieved from /home/airflow/.local/lib/python3.7/site-packages/airflow/example_dags/example_skip_dag.py
[2022-10-09T06:45:44.183+0000] {logging_mixin.py:117} INFO - [2022-10-09T06:45:44.183+0000] {dag.py:2573} INFO - Sync 1 DAGs
[2022-10-09T06:45:44.200+0000] {logging_mixin.py:117} INFO - [2022-10-09T06:45:44.200+0000] {dag.py:3328} INFO - Setting next_dagrun for example_skip_dag to 2022-10-08T06:45:44.200057+00:00, run_after=2022-10-09T06:45:44.200057+00:00
[2022-10-09T06:45:44.216+0000] {processor.py:178} INFO - Processing /home/airflow/.local/lib/python3.7/site-packages/airflow/example_dags/example_skip_dag.py took 0.073 seconds
[2022-10-09T06:46:14.313+0000] {processor.py:156} INFO - Started process (PID=733) to work on /home/airflow/.local/lib/python3.7/site-packages/airflow/example_dags/example_skip_dag.py
[2022-10-09T06:46:14.314+0000] {processor.py:758} INFO - Processing file /home/airflow/.local/lib/python3.7/site-packages/airflow/example_dags/example_skip_dag.py for tasks to queue
[2022-10-09T06:46:14.315+0000] {logging_mixin.py:117} INFO - [2022-10-09T06:46:14.315+0000] {dagbag.py:525} INFO - Filling up the DagBag from /home/airflow/.local/lib/python3.7/site-packages/airflow/example_dags/example_skip_dag.py
[2022-10-09T06:46:14.324+0000] {processor.py:768} INFO - DAG(s) dict_keys(['example_skip_dag']) retrieved from /home/airflow/.local/lib/python3.7/site-packages/airflow/example_dags/example_skip_dag.py
[2022-10-09T06:46:14.353+0000] {logging_mixin.py:117} INFO - [2022-10-09T06:46:14.353+0000] {dag.py:2573} INFO - Sync 1 DAGs
[2022-10-09T06:46:14.369+0000] {logging_mixin.py:117} INFO - [2022-10-09T06:46:14.369+0000] {dag.py:3328} INFO - Setting next_dagrun for example_skip_dag to 2022-10-08T06:46:14.369331+00:00, run_after=2022-10-09T06:46:14.369331+00:00
[2022-10-09T06:46:14.382+0000] {processor.py:178} INFO - Processing /home/airflow/.local/lib/python3.7/site-packages/airflow/example_dags/example_skip_dag.py took 0.071 seconds
[2022-10-09T06:46:44.600+0000] {processor.py:156} INFO - Started process (PID=797) to work on /home/airflow/.local/lib/python3.7/site-packages/airflow/example_dags/example_skip_dag.py
[2022-10-09T06:46:44.602+0000] {processor.py:758} INFO - Processing file /home/airflow/.local/lib/python3.7/site-packages/airflow/example_dags/example_skip_dag.py for tasks to queue
[2022-10-09T06:46:44.604+0000] {logging_mixin.py:117} INFO - [2022-10-09T06:46:44.604+0000] {dagbag.py:525} INFO - Filling up the DagBag from /home/airflow/.local/lib/python3.7/site-packages/airflow/example_dags/example_skip_dag.py
[2022-10-09T06:46:44.615+0000] {processor.py:768} INFO - DAG(s) dict_keys(['example_skip_dag']) retrieved from /home/airflow/.local/lib/python3.7/site-packages/airflow/example_dags/example_skip_dag.py
[2022-10-09T06:46:44.642+0000] {logging_mixin.py:117} INFO - [2022-10-09T06:46:44.642+0000] {dag.py:2573} INFO - Sync 1 DAGs
[2022-10-09T06:46:44.658+0000] {logging_mixin.py:117} INFO - [2022-10-09T06:46:44.657+0000] {dag.py:3328} INFO - Setting next_dagrun for example_skip_dag to 2022-10-08T06:46:44.657797+00:00, run_after=2022-10-09T06:46:44.657797+00:00
[2022-10-09T06:46:44.670+0000] {processor.py:178} INFO - Processing /home/airflow/.local/lib/python3.7/site-packages/airflow/example_dags/example_skip_dag.py took 0.071 seconds
[2022-10-09T06:47:14.795+0000] {processor.py:156} INFO - Started process (PID=859) to work on /home/airflow/.local/lib/python3.7/site-packages/airflow/example_dags/example_skip_dag.py
[2022-10-09T06:47:14.797+0000] {processor.py:758} INFO - Processing file /home/airflow/.local/lib/python3.7/site-packages/airflow/example_dags/example_skip_dag.py for tasks to queue
[2022-10-09T06:47:14.802+0000] {logging_mixin.py:117} INFO - [2022-10-09T06:47:14.801+0000] {dagbag.py:525} INFO - Filling up the DagBag from /home/airflow/.local/lib/python3.7/site-packages/airflow/example_dags/example_skip_dag.py
[2022-10-09T06:47:14.815+0000] {processor.py:768} INFO - DAG(s) dict_keys(['example_skip_dag']) retrieved from /home/airflow/.local/lib/python3.7/site-packages/airflow/example_dags/example_skip_dag.py
[2022-10-09T06:47:14.842+0000] {logging_mixin.py:117} INFO - [2022-10-09T06:47:14.842+0000] {dag.py:2573} INFO - Sync 1 DAGs
[2022-10-09T06:47:14.858+0000] {logging_mixin.py:117} INFO - [2022-10-09T06:47:14.858+0000] {dag.py:3328} INFO - Setting next_dagrun for example_skip_dag to 2022-10-08T06:47:14.858498+00:00, run_after=2022-10-09T06:47:14.858498+00:00
[2022-10-09T06:47:14.872+0000] {processor.py:178} INFO - Processing /home/airflow/.local/lib/python3.7/site-packages/airflow/example_dags/example_skip_dag.py took 0.080 seconds
[2022-10-09T06:47:44.998+0000] {processor.py:156} INFO - Started process (PID=912) to work on /home/airflow/.local/lib/python3.7/site-packages/airflow/example_dags/example_skip_dag.py
[2022-10-09T06:47:45.000+0000] {processor.py:758} INFO - Processing file /home/airflow/.local/lib/python3.7/site-packages/airflow/example_dags/example_skip_dag.py for tasks to queue
[2022-10-09T06:47:45.001+0000] {logging_mixin.py:117} INFO - [2022-10-09T06:47:45.001+0000] {dagbag.py:525} INFO - Filling up the DagBag from /home/airflow/.local/lib/python3.7/site-packages/airflow/example_dags/example_skip_dag.py
[2022-10-09T06:47:45.011+0000] {processor.py:768} INFO - DAG(s) dict_keys(['example_skip_dag']) retrieved from /home/airflow/.local/lib/python3.7/site-packages/airflow/example_dags/example_skip_dag.py
[2022-10-09T06:47:45.036+0000] {logging_mixin.py:117} INFO - [2022-10-09T06:47:45.036+0000] {dag.py:2573} INFO - Sync 1 DAGs
[2022-10-09T06:47:45.055+0000] {logging_mixin.py:117} INFO - [2022-10-09T06:47:45.055+0000] {dag.py:3328} INFO - Setting next_dagrun for example_skip_dag to 2022-10-08T06:47:45.054789+00:00, run_after=2022-10-09T06:47:45.054789+00:00
[2022-10-09T06:47:45.067+0000] {processor.py:178} INFO - Processing /home/airflow/.local/lib/python3.7/site-packages/airflow/example_dags/example_skip_dag.py took 0.070 seconds
[2022-10-09T06:48:15.332+0000] {processor.py:156} INFO - Started process (PID=974) to work on /home/airflow/.local/lib/python3.7/site-packages/airflow/example_dags/example_skip_dag.py
[2022-10-09T06:48:15.334+0000] {processor.py:758} INFO - Processing file /home/airflow/.local/lib/python3.7/site-packages/airflow/example_dags/example_skip_dag.py for tasks to queue
[2022-10-09T06:48:15.335+0000] {logging_mixin.py:117} INFO - [2022-10-09T06:48:15.335+0000] {dagbag.py:525} INFO - Filling up the DagBag from /home/airflow/.local/lib/python3.7/site-packages/airflow/example_dags/example_skip_dag.py
[2022-10-09T06:48:15.347+0000] {processor.py:768} INFO - DAG(s) dict_keys(['example_skip_dag']) retrieved from /home/airflow/.local/lib/python3.7/site-packages/airflow/example_dags/example_skip_dag.py
[2022-10-09T06:48:15.380+0000] {logging_mixin.py:117} INFO - [2022-10-09T06:48:15.380+0000] {dag.py:2573} INFO - Sync 1 DAGs
[2022-10-09T06:48:15.399+0000] {logging_mixin.py:117} INFO - [2022-10-09T06:48:15.399+0000] {dag.py:3328} INFO - Setting next_dagrun for example_skip_dag to 2022-10-08T06:48:15.399654+00:00, run_after=2022-10-09T06:48:15.399654+00:00
[2022-10-09T06:48:15.418+0000] {processor.py:178} INFO - Processing /home/airflow/.local/lib/python3.7/site-packages/airflow/example_dags/example_skip_dag.py took 0.088 seconds
[2022-10-09T06:59:10.557+0000] {processor.py:156} INFO - Started process (PID=1028) to work on /home/airflow/.local/lib/python3.7/site-packages/airflow/example_dags/example_skip_dag.py
[2022-10-09T06:59:10.560+0000] {processor.py:758} INFO - Processing file /home/airflow/.local/lib/python3.7/site-packages/airflow/example_dags/example_skip_dag.py for tasks to queue
[2022-10-09T06:59:10.563+0000] {logging_mixin.py:117} INFO - [2022-10-09T06:59:10.562+0000] {dagbag.py:525} INFO - Filling up the DagBag from /home/airflow/.local/lib/python3.7/site-packages/airflow/example_dags/example_skip_dag.py
[2022-10-09T06:59:10.580+0000] {processor.py:768} INFO - DAG(s) dict_keys(['example_skip_dag']) retrieved from /home/airflow/.local/lib/python3.7/site-packages/airflow/example_dags/example_skip_dag.py
[2022-10-09T06:59:10.623+0000] {logging_mixin.py:117} INFO - [2022-10-09T06:59:10.623+0000] {dag.py:2573} INFO - Sync 1 DAGs
[2022-10-09T06:59:10.652+0000] {logging_mixin.py:117} INFO - [2022-10-09T06:59:10.652+0000] {dag.py:3328} INFO - Setting next_dagrun for example_skip_dag to 2022-10-08T06:59:10.652565+00:00, run_after=2022-10-09T06:59:10.652565+00:00
[2022-10-09T06:59:10.679+0000] {processor.py:178} INFO - Processing /home/airflow/.local/lib/python3.7/site-packages/airflow/example_dags/example_skip_dag.py took 0.126 seconds
[2022-10-09T06:59:41.129+0000] {processor.py:156} INFO - Started process (PID=1092) to work on /home/airflow/.local/lib/python3.7/site-packages/airflow/example_dags/example_skip_dag.py
[2022-10-09T06:59:41.131+0000] {processor.py:758} INFO - Processing file /home/airflow/.local/lib/python3.7/site-packages/airflow/example_dags/example_skip_dag.py for tasks to queue
[2022-10-09T06:59:41.132+0000] {logging_mixin.py:117} INFO - [2022-10-09T06:59:41.132+0000] {dagbag.py:525} INFO - Filling up the DagBag from /home/airflow/.local/lib/python3.7/site-packages/airflow/example_dags/example_skip_dag.py
[2022-10-09T06:59:41.141+0000] {processor.py:768} INFO - DAG(s) dict_keys(['example_skip_dag']) retrieved from /home/airflow/.local/lib/python3.7/site-packages/airflow/example_dags/example_skip_dag.py
[2022-10-09T06:59:41.164+0000] {logging_mixin.py:117} INFO - [2022-10-09T06:59:41.164+0000] {dag.py:2573} INFO - Sync 1 DAGs
[2022-10-09T06:59:41.179+0000] {logging_mixin.py:117} INFO - [2022-10-09T06:59:41.179+0000] {dag.py:3328} INFO - Setting next_dagrun for example_skip_dag to 2022-10-08T06:59:41.179136+00:00, run_after=2022-10-09T06:59:41.179136+00:00
[2022-10-09T06:59:41.192+0000] {processor.py:178} INFO - Processing /home/airflow/.local/lib/python3.7/site-packages/airflow/example_dags/example_skip_dag.py took 0.065 seconds
[2022-10-09T07:00:11.791+0000] {processor.py:156} INFO - Started process (PID=1155) to work on /home/airflow/.local/lib/python3.7/site-packages/airflow/example_dags/example_skip_dag.py
[2022-10-09T07:00:11.793+0000] {processor.py:758} INFO - Processing file /home/airflow/.local/lib/python3.7/site-packages/airflow/example_dags/example_skip_dag.py for tasks to queue
[2022-10-09T07:00:11.794+0000] {logging_mixin.py:117} INFO - [2022-10-09T07:00:11.794+0000] {dagbag.py:525} INFO - Filling up the DagBag from /home/airflow/.local/lib/python3.7/site-packages/airflow/example_dags/example_skip_dag.py
[2022-10-09T07:00:11.806+0000] {processor.py:768} INFO - DAG(s) dict_keys(['example_skip_dag']) retrieved from /home/airflow/.local/lib/python3.7/site-packages/airflow/example_dags/example_skip_dag.py
[2022-10-09T07:00:11.833+0000] {logging_mixin.py:117} INFO - [2022-10-09T07:00:11.833+0000] {dag.py:2573} INFO - Sync 1 DAGs
[2022-10-09T07:00:11.854+0000] {logging_mixin.py:117} INFO - [2022-10-09T07:00:11.853+0000] {dag.py:3328} INFO - Setting next_dagrun for example_skip_dag to 2022-10-08T07:00:11.853783+00:00, run_after=2022-10-09T07:00:11.853783+00:00
[2022-10-09T07:00:11.866+0000] {processor.py:178} INFO - Processing /home/airflow/.local/lib/python3.7/site-packages/airflow/example_dags/example_skip_dag.py took 0.078 seconds
[2022-10-09T07:00:42.139+0000] {processor.py:156} INFO - Started process (PID=1209) to work on /home/airflow/.local/lib/python3.7/site-packages/airflow/example_dags/example_skip_dag.py
[2022-10-09T07:00:42.140+0000] {processor.py:758} INFO - Processing file /home/airflow/.local/lib/python3.7/site-packages/airflow/example_dags/example_skip_dag.py for tasks to queue
[2022-10-09T07:00:42.141+0000] {logging_mixin.py:117} INFO - [2022-10-09T07:00:42.141+0000] {dagbag.py:525} INFO - Filling up the DagBag from /home/airflow/.local/lib/python3.7/site-packages/airflow/example_dags/example_skip_dag.py
[2022-10-09T07:00:42.150+0000] {processor.py:768} INFO - DAG(s) dict_keys(['example_skip_dag']) retrieved from /home/airflow/.local/lib/python3.7/site-packages/airflow/example_dags/example_skip_dag.py
[2022-10-09T07:00:42.178+0000] {logging_mixin.py:117} INFO - [2022-10-09T07:00:42.177+0000] {dag.py:2573} INFO - Sync 1 DAGs
[2022-10-09T07:00:42.194+0000] {logging_mixin.py:117} INFO - [2022-10-09T07:00:42.194+0000] {dag.py:3328} INFO - Setting next_dagrun for example_skip_dag to 2022-10-08T07:00:42.194266+00:00, run_after=2022-10-09T07:00:42.194266+00:00
[2022-10-09T07:00:42.206+0000] {processor.py:178} INFO - Processing /home/airflow/.local/lib/python3.7/site-packages/airflow/example_dags/example_skip_dag.py took 0.069 seconds
[2022-10-09T07:01:12.393+0000] {processor.py:156} INFO - Started process (PID=1271) to work on /home/airflow/.local/lib/python3.7/site-packages/airflow/example_dags/example_skip_dag.py
[2022-10-09T07:01:12.394+0000] {processor.py:758} INFO - Processing file /home/airflow/.local/lib/python3.7/site-packages/airflow/example_dags/example_skip_dag.py for tasks to queue
[2022-10-09T07:01:12.395+0000] {logging_mixin.py:117} INFO - [2022-10-09T07:01:12.395+0000] {dagbag.py:525} INFO - Filling up the DagBag from /home/airflow/.local/lib/python3.7/site-packages/airflow/example_dags/example_skip_dag.py
[2022-10-09T07:01:12.404+0000] {processor.py:768} INFO - DAG(s) dict_keys(['example_skip_dag']) retrieved from /home/airflow/.local/lib/python3.7/site-packages/airflow/example_dags/example_skip_dag.py
[2022-10-09T07:01:12.432+0000] {logging_mixin.py:117} INFO - [2022-10-09T07:01:12.432+0000] {dag.py:2573} INFO - Sync 1 DAGs
[2022-10-09T07:01:12.450+0000] {logging_mixin.py:117} INFO - [2022-10-09T07:01:12.450+0000] {dag.py:3328} INFO - Setting next_dagrun for example_skip_dag to 2022-10-08T07:01:12.450597+00:00, run_after=2022-10-09T07:01:12.450597+00:00
[2022-10-09T07:01:12.472+0000] {processor.py:178} INFO - Processing /home/airflow/.local/lib/python3.7/site-packages/airflow/example_dags/example_skip_dag.py took 0.082 seconds
[2022-10-09T07:01:42.726+0000] {processor.py:156} INFO - Started process (PID=1334) to work on /home/airflow/.local/lib/python3.7/site-packages/airflow/example_dags/example_skip_dag.py
[2022-10-09T07:01:42.728+0000] {processor.py:758} INFO - Processing file /home/airflow/.local/lib/python3.7/site-packages/airflow/example_dags/example_skip_dag.py for tasks to queue
[2022-10-09T07:01:42.728+0000] {logging_mixin.py:117} INFO - [2022-10-09T07:01:42.728+0000] {dagbag.py:525} INFO - Filling up the DagBag from /home/airflow/.local/lib/python3.7/site-packages/airflow/example_dags/example_skip_dag.py
[2022-10-09T07:01:42.737+0000] {processor.py:768} INFO - DAG(s) dict_keys(['example_skip_dag']) retrieved from /home/airflow/.local/lib/python3.7/site-packages/airflow/example_dags/example_skip_dag.py
[2022-10-09T07:01:42.767+0000] {logging_mixin.py:117} INFO - [2022-10-09T07:01:42.767+0000] {dag.py:2573} INFO - Sync 1 DAGs
[2022-10-09T07:01:42.781+0000] {logging_mixin.py:117} INFO - [2022-10-09T07:01:42.781+0000] {dag.py:3328} INFO - Setting next_dagrun for example_skip_dag to 2022-10-08T07:01:42.780963+00:00, run_after=2022-10-09T07:01:42.780963+00:00
[2022-10-09T07:01:42.792+0000] {processor.py:178} INFO - Processing /home/airflow/.local/lib/python3.7/site-packages/airflow/example_dags/example_skip_dag.py took 0.068 seconds
[2022-10-09T07:02:12.892+0000] {processor.py:156} INFO - Started process (PID=1397) to work on /home/airflow/.local/lib/python3.7/site-packages/airflow/example_dags/example_skip_dag.py
[2022-10-09T07:02:12.894+0000] {processor.py:758} INFO - Processing file /home/airflow/.local/lib/python3.7/site-packages/airflow/example_dags/example_skip_dag.py for tasks to queue
[2022-10-09T07:02:12.894+0000] {logging_mixin.py:117} INFO - [2022-10-09T07:02:12.894+0000] {dagbag.py:525} INFO - Filling up the DagBag from /home/airflow/.local/lib/python3.7/site-packages/airflow/example_dags/example_skip_dag.py
[2022-10-09T07:02:12.904+0000] {processor.py:768} INFO - DAG(s) dict_keys(['example_skip_dag']) retrieved from /home/airflow/.local/lib/python3.7/site-packages/airflow/example_dags/example_skip_dag.py
[2022-10-09T07:02:12.929+0000] {logging_mixin.py:117} INFO - [2022-10-09T07:02:12.929+0000] {dag.py:2573} INFO - Sync 1 DAGs
[2022-10-09T07:02:12.943+0000] {logging_mixin.py:117} INFO - [2022-10-09T07:02:12.943+0000] {dag.py:3328} INFO - Setting next_dagrun for example_skip_dag to 2022-10-08T07:02:12.943519+00:00, run_after=2022-10-09T07:02:12.943519+00:00
[2022-10-09T07:02:12.955+0000] {processor.py:178} INFO - Processing /home/airflow/.local/lib/python3.7/site-packages/airflow/example_dags/example_skip_dag.py took 0.065 seconds
[2022-10-09T07:02:43.463+0000] {processor.py:156} INFO - Started process (PID=1460) to work on /home/airflow/.local/lib/python3.7/site-packages/airflow/example_dags/example_skip_dag.py
[2022-10-09T07:02:43.465+0000] {processor.py:758} INFO - Processing file /home/airflow/.local/lib/python3.7/site-packages/airflow/example_dags/example_skip_dag.py for tasks to queue
[2022-10-09T07:02:43.465+0000] {logging_mixin.py:117} INFO - [2022-10-09T07:02:43.465+0000] {dagbag.py:525} INFO - Filling up the DagBag from /home/airflow/.local/lib/python3.7/site-packages/airflow/example_dags/example_skip_dag.py
[2022-10-09T07:02:43.475+0000] {processor.py:768} INFO - DAG(s) dict_keys(['example_skip_dag']) retrieved from /home/airflow/.local/lib/python3.7/site-packages/airflow/example_dags/example_skip_dag.py
[2022-10-09T07:02:43.511+0000] {logging_mixin.py:117} INFO - [2022-10-09T07:02:43.511+0000] {dag.py:2573} INFO - Sync 1 DAGs
[2022-10-09T07:02:43.534+0000] {logging_mixin.py:117} INFO - [2022-10-09T07:02:43.534+0000] {dag.py:3328} INFO - Setting next_dagrun for example_skip_dag to 2022-10-08T07:02:43.533928+00:00, run_after=2022-10-09T07:02:43.533928+00:00
[2022-10-09T07:02:43.554+0000] {processor.py:178} INFO - Processing /home/airflow/.local/lib/python3.7/site-packages/airflow/example_dags/example_skip_dag.py took 0.093 seconds
[2022-10-09T07:03:13.980+0000] {processor.py:156} INFO - Started process (PID=1514) to work on /home/airflow/.local/lib/python3.7/site-packages/airflow/example_dags/example_skip_dag.py
[2022-10-09T07:03:13.982+0000] {processor.py:758} INFO - Processing file /home/airflow/.local/lib/python3.7/site-packages/airflow/example_dags/example_skip_dag.py for tasks to queue
[2022-10-09T07:03:13.983+0000] {logging_mixin.py:117} INFO - [2022-10-09T07:03:13.982+0000] {dagbag.py:525} INFO - Filling up the DagBag from /home/airflow/.local/lib/python3.7/site-packages/airflow/example_dags/example_skip_dag.py
[2022-10-09T07:03:13.992+0000] {processor.py:768} INFO - DAG(s) dict_keys(['example_skip_dag']) retrieved from /home/airflow/.local/lib/python3.7/site-packages/airflow/example_dags/example_skip_dag.py
[2022-10-09T07:03:14.019+0000] {logging_mixin.py:117} INFO - [2022-10-09T07:03:14.019+0000] {dag.py:2573} INFO - Sync 1 DAGs
[2022-10-09T07:03:14.035+0000] {logging_mixin.py:117} INFO - [2022-10-09T07:03:14.035+0000] {dag.py:3328} INFO - Setting next_dagrun for example_skip_dag to 2022-10-08T07:03:14.035754+00:00, run_after=2022-10-09T07:03:14.035754+00:00
[2022-10-09T07:03:14.050+0000] {processor.py:178} INFO - Processing /home/airflow/.local/lib/python3.7/site-packages/airflow/example_dags/example_skip_dag.py took 0.072 seconds
[2022-10-09T07:03:44.208+0000] {processor.py:156} INFO - Started process (PID=1577) to work on /home/airflow/.local/lib/python3.7/site-packages/airflow/example_dags/example_skip_dag.py
[2022-10-09T07:03:44.209+0000] {processor.py:758} INFO - Processing file /home/airflow/.local/lib/python3.7/site-packages/airflow/example_dags/example_skip_dag.py for tasks to queue
[2022-10-09T07:03:44.210+0000] {logging_mixin.py:117} INFO - [2022-10-09T07:03:44.210+0000] {dagbag.py:525} INFO - Filling up the DagBag from /home/airflow/.local/lib/python3.7/site-packages/airflow/example_dags/example_skip_dag.py
[2022-10-09T07:03:44.220+0000] {processor.py:768} INFO - DAG(s) dict_keys(['example_skip_dag']) retrieved from /home/airflow/.local/lib/python3.7/site-packages/airflow/example_dags/example_skip_dag.py
[2022-10-09T07:03:44.245+0000] {logging_mixin.py:117} INFO - [2022-10-09T07:03:44.245+0000] {dag.py:2573} INFO - Sync 1 DAGs
[2022-10-09T07:03:44.259+0000] {logging_mixin.py:117} INFO - [2022-10-09T07:03:44.259+0000] {dag.py:3328} INFO - Setting next_dagrun for example_skip_dag to 2022-10-08T07:03:44.259756+00:00, run_after=2022-10-09T07:03:44.259756+00:00
[2022-10-09T07:03:44.271+0000] {processor.py:178} INFO - Processing /home/airflow/.local/lib/python3.7/site-packages/airflow/example_dags/example_skip_dag.py took 0.065 seconds
[2022-10-09T07:04:14.472+0000] {processor.py:156} INFO - Started process (PID=1639) to work on /home/airflow/.local/lib/python3.7/site-packages/airflow/example_dags/example_skip_dag.py
[2022-10-09T07:04:14.474+0000] {processor.py:758} INFO - Processing file /home/airflow/.local/lib/python3.7/site-packages/airflow/example_dags/example_skip_dag.py for tasks to queue
[2022-10-09T07:04:14.475+0000] {logging_mixin.py:117} INFO - [2022-10-09T07:04:14.475+0000] {dagbag.py:525} INFO - Filling up the DagBag from /home/airflow/.local/lib/python3.7/site-packages/airflow/example_dags/example_skip_dag.py
[2022-10-09T07:04:14.486+0000] {processor.py:768} INFO - DAG(s) dict_keys(['example_skip_dag']) retrieved from /home/airflow/.local/lib/python3.7/site-packages/airflow/example_dags/example_skip_dag.py
[2022-10-09T07:04:14.514+0000] {logging_mixin.py:117} INFO - [2022-10-09T07:04:14.514+0000] {dag.py:2573} INFO - Sync 1 DAGs
[2022-10-09T07:04:14.528+0000] {logging_mixin.py:117} INFO - [2022-10-09T07:04:14.528+0000] {dag.py:3328} INFO - Setting next_dagrun for example_skip_dag to 2022-10-08T07:04:14.528737+00:00, run_after=2022-10-09T07:04:14.528737+00:00
[2022-10-09T07:04:14.541+0000] {processor.py:178} INFO - Processing /home/airflow/.local/lib/python3.7/site-packages/airflow/example_dags/example_skip_dag.py took 0.071 seconds
[2022-10-09T07:04:45.291+0000] {processor.py:156} INFO - Started process (PID=1702) to work on /home/airflow/.local/lib/python3.7/site-packages/airflow/example_dags/example_skip_dag.py
[2022-10-09T07:04:45.293+0000] {processor.py:758} INFO - Processing file /home/airflow/.local/lib/python3.7/site-packages/airflow/example_dags/example_skip_dag.py for tasks to queue
[2022-10-09T07:04:45.294+0000] {logging_mixin.py:117} INFO - [2022-10-09T07:04:45.294+0000] {dagbag.py:525} INFO - Filling up the DagBag from /home/airflow/.local/lib/python3.7/site-packages/airflow/example_dags/example_skip_dag.py
[2022-10-09T07:04:45.305+0000] {processor.py:768} INFO - DAG(s) dict_keys(['example_skip_dag']) retrieved from /home/airflow/.local/lib/python3.7/site-packages/airflow/example_dags/example_skip_dag.py
[2022-10-09T07:04:45.337+0000] {logging_mixin.py:117} INFO - [2022-10-09T07:04:45.337+0000] {dag.py:2573} INFO - Sync 1 DAGs
[2022-10-09T07:04:45.354+0000] {logging_mixin.py:117} INFO - [2022-10-09T07:04:45.353+0000] {dag.py:3328} INFO - Setting next_dagrun for example_skip_dag to 2022-10-08T07:04:45.353706+00:00, run_after=2022-10-09T07:04:45.353706+00:00
[2022-10-09T07:04:45.369+0000] {processor.py:178} INFO - Processing /home/airflow/.local/lib/python3.7/site-packages/airflow/example_dags/example_skip_dag.py took 0.081 seconds
[2022-10-09T07:05:15.822+0000] {processor.py:156} INFO - Started process (PID=1765) to work on /home/airflow/.local/lib/python3.7/site-packages/airflow/example_dags/example_skip_dag.py
[2022-10-09T07:05:15.824+0000] {processor.py:758} INFO - Processing file /home/airflow/.local/lib/python3.7/site-packages/airflow/example_dags/example_skip_dag.py for tasks to queue
[2022-10-09T07:05:15.826+0000] {logging_mixin.py:117} INFO - [2022-10-09T07:05:15.826+0000] {dagbag.py:525} INFO - Filling up the DagBag from /home/airflow/.local/lib/python3.7/site-packages/airflow/example_dags/example_skip_dag.py
[2022-10-09T07:05:15.836+0000] {processor.py:768} INFO - DAG(s) dict_keys(['example_skip_dag']) retrieved from /home/airflow/.local/lib/python3.7/site-packages/airflow/example_dags/example_skip_dag.py
[2022-10-09T07:05:15.865+0000] {logging_mixin.py:117} INFO - [2022-10-09T07:05:15.865+0000] {dag.py:2573} INFO - Sync 1 DAGs
[2022-10-09T07:05:15.884+0000] {logging_mixin.py:117} INFO - [2022-10-09T07:05:15.884+0000] {dag.py:3328} INFO - Setting next_dagrun for example_skip_dag to 2022-10-08T07:05:15.883983+00:00, run_after=2022-10-09T07:05:15.883983+00:00
[2022-10-09T07:05:15.897+0000] {processor.py:178} INFO - Processing /home/airflow/.local/lib/python3.7/site-packages/airflow/example_dags/example_skip_dag.py took 0.077 seconds
[2022-10-09T07:05:46.204+0000] {processor.py:156} INFO - Started process (PID=1819) to work on /home/airflow/.local/lib/python3.7/site-packages/airflow/example_dags/example_skip_dag.py
[2022-10-09T07:05:46.207+0000] {processor.py:758} INFO - Processing file /home/airflow/.local/lib/python3.7/site-packages/airflow/example_dags/example_skip_dag.py for tasks to queue
[2022-10-09T07:05:46.208+0000] {logging_mixin.py:117} INFO - [2022-10-09T07:05:46.208+0000] {dagbag.py:525} INFO - Filling up the DagBag from /home/airflow/.local/lib/python3.7/site-packages/airflow/example_dags/example_skip_dag.py
[2022-10-09T07:05:46.220+0000] {processor.py:768} INFO - DAG(s) dict_keys(['example_skip_dag']) retrieved from /home/airflow/.local/lib/python3.7/site-packages/airflow/example_dags/example_skip_dag.py
[2022-10-09T07:05:46.250+0000] {logging_mixin.py:117} INFO - [2022-10-09T07:05:46.249+0000] {dag.py:2573} INFO - Sync 1 DAGs
[2022-10-09T07:05:46.264+0000] {logging_mixin.py:117} INFO - [2022-10-09T07:05:46.264+0000] {dag.py:3328} INFO - Setting next_dagrun for example_skip_dag to 2022-10-08T07:05:46.264286+00:00, run_after=2022-10-09T07:05:46.264286+00:00
[2022-10-09T07:05:46.277+0000] {processor.py:178} INFO - Processing /home/airflow/.local/lib/python3.7/site-packages/airflow/example_dags/example_skip_dag.py took 0.075 seconds
[2022-10-09T07:06:16.936+0000] {processor.py:156} INFO - Started process (PID=1882) to work on /home/airflow/.local/lib/python3.7/site-packages/airflow/example_dags/example_skip_dag.py
[2022-10-09T07:06:16.938+0000] {processor.py:758} INFO - Processing file /home/airflow/.local/lib/python3.7/site-packages/airflow/example_dags/example_skip_dag.py for tasks to queue
[2022-10-09T07:06:16.939+0000] {logging_mixin.py:117} INFO - [2022-10-09T07:06:16.939+0000] {dagbag.py:525} INFO - Filling up the DagBag from /home/airflow/.local/lib/python3.7/site-packages/airflow/example_dags/example_skip_dag.py
[2022-10-09T07:06:16.949+0000] {processor.py:768} INFO - DAG(s) dict_keys(['example_skip_dag']) retrieved from /home/airflow/.local/lib/python3.7/site-packages/airflow/example_dags/example_skip_dag.py
[2022-10-09T07:06:16.976+0000] {logging_mixin.py:117} INFO - [2022-10-09T07:06:16.976+0000] {dag.py:2573} INFO - Sync 1 DAGs
[2022-10-09T07:06:16.991+0000] {logging_mixin.py:117} INFO - [2022-10-09T07:06:16.991+0000] {dag.py:3328} INFO - Setting next_dagrun for example_skip_dag to 2022-10-08T07:06:16.991077+00:00, run_after=2022-10-09T07:06:16.991077+00:00
[2022-10-09T07:06:17.003+0000] {processor.py:178} INFO - Processing /home/airflow/.local/lib/python3.7/site-packages/airflow/example_dags/example_skip_dag.py took 0.068 seconds
[2022-10-09T07:06:47.132+0000] {processor.py:156} INFO - Started process (PID=1944) to work on /home/airflow/.local/lib/python3.7/site-packages/airflow/example_dags/example_skip_dag.py
[2022-10-09T07:06:47.133+0000] {processor.py:758} INFO - Processing file /home/airflow/.local/lib/python3.7/site-packages/airflow/example_dags/example_skip_dag.py for tasks to queue
[2022-10-09T07:06:47.134+0000] {logging_mixin.py:117} INFO - [2022-10-09T07:06:47.134+0000] {dagbag.py:525} INFO - Filling up the DagBag from /home/airflow/.local/lib/python3.7/site-packages/airflow/example_dags/example_skip_dag.py
[2022-10-09T07:06:47.144+0000] {processor.py:768} INFO - DAG(s) dict_keys(['example_skip_dag']) retrieved from /home/airflow/.local/lib/python3.7/site-packages/airflow/example_dags/example_skip_dag.py
[2022-10-09T07:06:47.172+0000] {logging_mixin.py:117} INFO - [2022-10-09T07:06:47.172+0000] {dag.py:2573} INFO - Sync 1 DAGs
[2022-10-09T07:06:47.188+0000] {logging_mixin.py:117} INFO - [2022-10-09T07:06:47.188+0000] {dag.py:3328} INFO - Setting next_dagrun for example_skip_dag to 2022-10-08T07:06:47.188734+00:00, run_after=2022-10-09T07:06:47.188734+00:00
[2022-10-09T07:06:47.201+0000] {processor.py:178} INFO - Processing /home/airflow/.local/lib/python3.7/site-packages/airflow/example_dags/example_skip_dag.py took 0.071 seconds
[2022-10-09T07:07:17.341+0000] {processor.py:156} INFO - Started process (PID=2009) to work on /home/airflow/.local/lib/python3.7/site-packages/airflow/example_dags/example_skip_dag.py
[2022-10-09T07:07:17.343+0000] {processor.py:758} INFO - Processing file /home/airflow/.local/lib/python3.7/site-packages/airflow/example_dags/example_skip_dag.py for tasks to queue
[2022-10-09T07:07:17.344+0000] {logging_mixin.py:117} INFO - [2022-10-09T07:07:17.344+0000] {dagbag.py:525} INFO - Filling up the DagBag from /home/airflow/.local/lib/python3.7/site-packages/airflow/example_dags/example_skip_dag.py
[2022-10-09T07:07:17.353+0000] {processor.py:768} INFO - DAG(s) dict_keys(['example_skip_dag']) retrieved from /home/airflow/.local/lib/python3.7/site-packages/airflow/example_dags/example_skip_dag.py
[2022-10-09T07:07:17.379+0000] {logging_mixin.py:117} INFO - [2022-10-09T07:07:17.379+0000] {dag.py:2573} INFO - Sync 1 DAGs
[2022-10-09T07:07:17.395+0000] {logging_mixin.py:117} INFO - [2022-10-09T07:07:17.395+0000] {dag.py:3328} INFO - Setting next_dagrun for example_skip_dag to 2022-10-08T07:07:17.395041+00:00, run_after=2022-10-09T07:07:17.395041+00:00
[2022-10-09T07:07:17.417+0000] {processor.py:178} INFO - Processing /home/airflow/.local/lib/python3.7/site-packages/airflow/example_dags/example_skip_dag.py took 0.077 seconds
[2022-10-09T07:07:48.124+0000] {processor.py:156} INFO - Started process (PID=2073) to work on /home/airflow/.local/lib/python3.7/site-packages/airflow/example_dags/example_skip_dag.py
[2022-10-09T07:07:48.126+0000] {processor.py:758} INFO - Processing file /home/airflow/.local/lib/python3.7/site-packages/airflow/example_dags/example_skip_dag.py for tasks to queue
[2022-10-09T07:07:48.126+0000] {logging_mixin.py:117} INFO - [2022-10-09T07:07:48.126+0000] {dagbag.py:525} INFO - Filling up the DagBag from /home/airflow/.local/lib/python3.7/site-packages/airflow/example_dags/example_skip_dag.py
[2022-10-09T07:07:48.141+0000] {processor.py:768} INFO - DAG(s) dict_keys(['example_skip_dag']) retrieved from /home/airflow/.local/lib/python3.7/site-packages/airflow/example_dags/example_skip_dag.py
[2022-10-09T07:07:48.172+0000] {logging_mixin.py:117} INFO - [2022-10-09T07:07:48.172+0000] {dag.py:2573} INFO - Sync 1 DAGs
[2022-10-09T07:07:48.190+0000] {logging_mixin.py:117} INFO - [2022-10-09T07:07:48.190+0000] {dag.py:3328} INFO - Setting next_dagrun for example_skip_dag to 2022-10-08T07:07:48.190543+00:00, run_after=2022-10-09T07:07:48.190543+00:00
[2022-10-09T07:07:48.215+0000] {processor.py:178} INFO - Processing /home/airflow/.local/lib/python3.7/site-packages/airflow/example_dags/example_skip_dag.py took 0.093 seconds
[2022-10-09T07:08:18.344+0000] {processor.py:156} INFO - Started process (PID=2135) to work on /home/airflow/.local/lib/python3.7/site-packages/airflow/example_dags/example_skip_dag.py
[2022-10-09T07:08:18.345+0000] {processor.py:758} INFO - Processing file /home/airflow/.local/lib/python3.7/site-packages/airflow/example_dags/example_skip_dag.py for tasks to queue
[2022-10-09T07:08:18.347+0000] {logging_mixin.py:117} INFO - [2022-10-09T07:08:18.346+0000] {dagbag.py:525} INFO - Filling up the DagBag from /home/airflow/.local/lib/python3.7/site-packages/airflow/example_dags/example_skip_dag.py
[2022-10-09T07:08:18.358+0000] {processor.py:768} INFO - DAG(s) dict_keys(['example_skip_dag']) retrieved from /home/airflow/.local/lib/python3.7/site-packages/airflow/example_dags/example_skip_dag.py
[2022-10-09T07:08:18.404+0000] {logging_mixin.py:117} INFO - [2022-10-09T07:08:18.404+0000] {dag.py:2573} INFO - Sync 1 DAGs
[2022-10-09T07:08:18.428+0000] {logging_mixin.py:117} INFO - [2022-10-09T07:08:18.428+0000] {dag.py:3328} INFO - Setting next_dagrun for example_skip_dag to 2022-10-08T07:08:18.428264+00:00, run_after=2022-10-09T07:08:18.428264+00:00
[2022-10-09T07:08:18.461+0000] {processor.py:178} INFO - Processing /home/airflow/.local/lib/python3.7/site-packages/airflow/example_dags/example_skip_dag.py took 0.119 seconds
[2022-10-09T07:08:48.808+0000] {processor.py:156} INFO - Started process (PID=2191) to work on /home/airflow/.local/lib/python3.7/site-packages/airflow/example_dags/example_skip_dag.py
[2022-10-09T07:08:48.810+0000] {processor.py:758} INFO - Processing file /home/airflow/.local/lib/python3.7/site-packages/airflow/example_dags/example_skip_dag.py for tasks to queue
[2022-10-09T07:08:48.811+0000] {logging_mixin.py:117} INFO - [2022-10-09T07:08:48.811+0000] {dagbag.py:525} INFO - Filling up the DagBag from /home/airflow/.local/lib/python3.7/site-packages/airflow/example_dags/example_skip_dag.py
[2022-10-09T07:08:48.819+0000] {processor.py:768} INFO - DAG(s) dict_keys(['example_skip_dag']) retrieved from /home/airflow/.local/lib/python3.7/site-packages/airflow/example_dags/example_skip_dag.py
[2022-10-09T07:08:48.843+0000] {logging_mixin.py:117} INFO - [2022-10-09T07:08:48.843+0000] {dag.py:2573} INFO - Sync 1 DAGs
[2022-10-09T07:08:48.856+0000] {logging_mixin.py:117} INFO - [2022-10-09T07:08:48.856+0000] {dag.py:3328} INFO - Setting next_dagrun for example_skip_dag to 2022-10-08T07:08:48.856454+00:00, run_after=2022-10-09T07:08:48.856454+00:00
[2022-10-09T07:08:48.866+0000] {processor.py:178} INFO - Processing /home/airflow/.local/lib/python3.7/site-packages/airflow/example_dags/example_skip_dag.py took 0.060 seconds
[2022-10-09T07:09:19.144+0000] {processor.py:156} INFO - Started process (PID=2255) to work on /home/airflow/.local/lib/python3.7/site-packages/airflow/example_dags/example_skip_dag.py
[2022-10-09T07:09:19.145+0000] {processor.py:758} INFO - Processing file /home/airflow/.local/lib/python3.7/site-packages/airflow/example_dags/example_skip_dag.py for tasks to queue
[2022-10-09T07:09:19.146+0000] {logging_mixin.py:117} INFO - [2022-10-09T07:09:19.146+0000] {dagbag.py:525} INFO - Filling up the DagBag from /home/airflow/.local/lib/python3.7/site-packages/airflow/example_dags/example_skip_dag.py
[2022-10-09T07:09:19.155+0000] {processor.py:768} INFO - DAG(s) dict_keys(['example_skip_dag']) retrieved from /home/airflow/.local/lib/python3.7/site-packages/airflow/example_dags/example_skip_dag.py
[2022-10-09T07:09:19.180+0000] {logging_mixin.py:117} INFO - [2022-10-09T07:09:19.180+0000] {dag.py:2573} INFO - Sync 1 DAGs
[2022-10-09T07:09:19.193+0000] {logging_mixin.py:117} INFO - [2022-10-09T07:09:19.193+0000] {dag.py:3328} INFO - Setting next_dagrun for example_skip_dag to 2022-10-08T07:09:19.193752+00:00, run_after=2022-10-09T07:09:19.193752+00:00
[2022-10-09T07:09:19.205+0000] {processor.py:178} INFO - Processing /home/airflow/.local/lib/python3.7/site-packages/airflow/example_dags/example_skip_dag.py took 0.063 seconds
[2022-10-09T07:09:49.683+0000] {processor.py:156} INFO - Started process (PID=2317) to work on /home/airflow/.local/lib/python3.7/site-packages/airflow/example_dags/example_skip_dag.py
[2022-10-09T07:09:49.685+0000] {processor.py:758} INFO - Processing file /home/airflow/.local/lib/python3.7/site-packages/airflow/example_dags/example_skip_dag.py for tasks to queue
[2022-10-09T07:09:49.686+0000] {logging_mixin.py:117} INFO - [2022-10-09T07:09:49.686+0000] {dagbag.py:525} INFO - Filling up the DagBag from /home/airflow/.local/lib/python3.7/site-packages/airflow/example_dags/example_skip_dag.py
[2022-10-09T07:09:49.694+0000] {processor.py:768} INFO - DAG(s) dict_keys(['example_skip_dag']) retrieved from /home/airflow/.local/lib/python3.7/site-packages/airflow/example_dags/example_skip_dag.py
[2022-10-09T07:09:49.719+0000] {logging_mixin.py:117} INFO - [2022-10-09T07:09:49.719+0000] {dag.py:2573} INFO - Sync 1 DAGs
[2022-10-09T07:09:49.732+0000] {logging_mixin.py:117} INFO - [2022-10-09T07:09:49.732+0000] {dag.py:3328} INFO - Setting next_dagrun for example_skip_dag to 2022-10-08T07:09:49.732611+00:00, run_after=2022-10-09T07:09:49.732611+00:00
[2022-10-09T07:09:49.743+0000] {processor.py:178} INFO - Processing /home/airflow/.local/lib/python3.7/site-packages/airflow/example_dags/example_skip_dag.py took 0.062 seconds
[2022-10-09T07:10:20.029+0000] {processor.py:156} INFO - Started process (PID=2379) to work on /home/airflow/.local/lib/python3.7/site-packages/airflow/example_dags/example_skip_dag.py
[2022-10-09T07:10:20.033+0000] {processor.py:758} INFO - Processing file /home/airflow/.local/lib/python3.7/site-packages/airflow/example_dags/example_skip_dag.py for tasks to queue
[2022-10-09T07:10:20.036+0000] {logging_mixin.py:117} INFO - [2022-10-09T07:10:20.036+0000] {dagbag.py:525} INFO - Filling up the DagBag from /home/airflow/.local/lib/python3.7/site-packages/airflow/example_dags/example_skip_dag.py
[2022-10-09T07:10:20.049+0000] {processor.py:768} INFO - DAG(s) dict_keys(['example_skip_dag']) retrieved from /home/airflow/.local/lib/python3.7/site-packages/airflow/example_dags/example_skip_dag.py
[2022-10-09T07:10:20.078+0000] {logging_mixin.py:117} INFO - [2022-10-09T07:10:20.078+0000] {dag.py:2573} INFO - Sync 1 DAGs
[2022-10-09T07:10:20.095+0000] {logging_mixin.py:117} INFO - [2022-10-09T07:10:20.095+0000] {dag.py:3328} INFO - Setting next_dagrun for example_skip_dag to 2022-10-08T07:10:20.095084+00:00, run_after=2022-10-09T07:10:20.095084+00:00
[2022-10-09T07:10:20.110+0000] {processor.py:178} INFO - Processing /home/airflow/.local/lib/python3.7/site-packages/airflow/example_dags/example_skip_dag.py took 0.084 seconds
[2022-10-09T07:10:50.827+0000] {processor.py:156} INFO - Started process (PID=2442) to work on /home/airflow/.local/lib/python3.7/site-packages/airflow/example_dags/example_skip_dag.py
[2022-10-09T07:10:50.829+0000] {processor.py:758} INFO - Processing file /home/airflow/.local/lib/python3.7/site-packages/airflow/example_dags/example_skip_dag.py for tasks to queue
[2022-10-09T07:10:50.830+0000] {logging_mixin.py:117} INFO - [2022-10-09T07:10:50.830+0000] {dagbag.py:525} INFO - Filling up the DagBag from /home/airflow/.local/lib/python3.7/site-packages/airflow/example_dags/example_skip_dag.py
[2022-10-09T07:10:50.839+0000] {processor.py:768} INFO - DAG(s) dict_keys(['example_skip_dag']) retrieved from /home/airflow/.local/lib/python3.7/site-packages/airflow/example_dags/example_skip_dag.py
[2022-10-09T07:10:50.869+0000] {logging_mixin.py:117} INFO - [2022-10-09T07:10:50.869+0000] {dag.py:2573} INFO - Sync 1 DAGs
[2022-10-09T07:10:50.884+0000] {logging_mixin.py:117} INFO - [2022-10-09T07:10:50.884+0000] {dag.py:3328} INFO - Setting next_dagrun for example_skip_dag to 2022-10-08T07:10:50.884595+00:00, run_after=2022-10-09T07:10:50.884595+00:00
[2022-10-09T07:10:50.898+0000] {processor.py:178} INFO - Processing /home/airflow/.local/lib/python3.7/site-packages/airflow/example_dags/example_skip_dag.py took 0.073 seconds
[2022-10-09T07:11:21.087+0000] {processor.py:156} INFO - Started process (PID=2496) to work on /home/airflow/.local/lib/python3.7/site-packages/airflow/example_dags/example_skip_dag.py
[2022-10-09T07:11:21.088+0000] {processor.py:758} INFO - Processing file /home/airflow/.local/lib/python3.7/site-packages/airflow/example_dags/example_skip_dag.py for tasks to queue
[2022-10-09T07:11:21.089+0000] {logging_mixin.py:117} INFO - [2022-10-09T07:11:21.089+0000] {dagbag.py:525} INFO - Filling up the DagBag from /home/airflow/.local/lib/python3.7/site-packages/airflow/example_dags/example_skip_dag.py
[2022-10-09T07:11:21.098+0000] {processor.py:768} INFO - DAG(s) dict_keys(['example_skip_dag']) retrieved from /home/airflow/.local/lib/python3.7/site-packages/airflow/example_dags/example_skip_dag.py
[2022-10-09T07:11:21.125+0000] {logging_mixin.py:117} INFO - [2022-10-09T07:11:21.125+0000] {dag.py:2573} INFO - Sync 1 DAGs
[2022-10-09T07:11:21.142+0000] {logging_mixin.py:117} INFO - [2022-10-09T07:11:21.142+0000] {dag.py:3328} INFO - Setting next_dagrun for example_skip_dag to 2022-10-08T07:11:21.142695+00:00, run_after=2022-10-09T07:11:21.142695+00:00
[2022-10-09T07:11:21.154+0000] {processor.py:178} INFO - Processing /home/airflow/.local/lib/python3.7/site-packages/airflow/example_dags/example_skip_dag.py took 0.070 seconds
[2022-10-09T07:11:51.464+0000] {processor.py:156} INFO - Started process (PID=2559) to work on /home/airflow/.local/lib/python3.7/site-packages/airflow/example_dags/example_skip_dag.py
[2022-10-09T07:11:51.465+0000] {processor.py:758} INFO - Processing file /home/airflow/.local/lib/python3.7/site-packages/airflow/example_dags/example_skip_dag.py for tasks to queue
[2022-10-09T07:11:51.466+0000] {logging_mixin.py:117} INFO - [2022-10-09T07:11:51.466+0000] {dagbag.py:525} INFO - Filling up the DagBag from /home/airflow/.local/lib/python3.7/site-packages/airflow/example_dags/example_skip_dag.py
[2022-10-09T07:11:51.475+0000] {processor.py:768} INFO - DAG(s) dict_keys(['example_skip_dag']) retrieved from /home/airflow/.local/lib/python3.7/site-packages/airflow/example_dags/example_skip_dag.py
[2022-10-09T07:11:51.503+0000] {logging_mixin.py:117} INFO - [2022-10-09T07:11:51.503+0000] {dag.py:2573} INFO - Sync 1 DAGs
[2022-10-09T07:11:51.518+0000] {logging_mixin.py:117} INFO - [2022-10-09T07:11:51.518+0000] {dag.py:3328} INFO - Setting next_dagrun for example_skip_dag to 2022-10-08T07:11:51.518632+00:00, run_after=2022-10-09T07:11:51.518632+00:00
[2022-10-09T07:11:51.530+0000] {processor.py:178} INFO - Processing /home/airflow/.local/lib/python3.7/site-packages/airflow/example_dags/example_skip_dag.py took 0.069 seconds
[2022-10-09T07:12:21.682+0000] {processor.py:156} INFO - Started process (PID=2622) to work on /home/airflow/.local/lib/python3.7/site-packages/airflow/example_dags/example_skip_dag.py
[2022-10-09T07:12:21.683+0000] {processor.py:758} INFO - Processing file /home/airflow/.local/lib/python3.7/site-packages/airflow/example_dags/example_skip_dag.py for tasks to queue
[2022-10-09T07:12:21.684+0000] {logging_mixin.py:117} INFO - [2022-10-09T07:12:21.684+0000] {dagbag.py:525} INFO - Filling up the DagBag from /home/airflow/.local/lib/python3.7/site-packages/airflow/example_dags/example_skip_dag.py
[2022-10-09T07:12:21.693+0000] {processor.py:768} INFO - DAG(s) dict_keys(['example_skip_dag']) retrieved from /home/airflow/.local/lib/python3.7/site-packages/airflow/example_dags/example_skip_dag.py
[2022-10-09T07:12:21.717+0000] {logging_mixin.py:117} INFO - [2022-10-09T07:12:21.717+0000] {dag.py:2573} INFO - Sync 1 DAGs
[2022-10-09T07:12:21.730+0000] {logging_mixin.py:117} INFO - [2022-10-09T07:12:21.730+0000] {dag.py:3328} INFO - Setting next_dagrun for example_skip_dag to 2022-10-08T07:12:21.730233+00:00, run_after=2022-10-09T07:12:21.730233+00:00
[2022-10-09T07:12:21.740+0000] {processor.py:178} INFO - Processing /home/airflow/.local/lib/python3.7/site-packages/airflow/example_dags/example_skip_dag.py took 0.060 seconds
[2022-10-09T07:12:52.030+0000] {processor.py:156} INFO - Started process (PID=2685) to work on /home/airflow/.local/lib/python3.7/site-packages/airflow/example_dags/example_skip_dag.py
[2022-10-09T07:12:52.032+0000] {processor.py:758} INFO - Processing file /home/airflow/.local/lib/python3.7/site-packages/airflow/example_dags/example_skip_dag.py for tasks to queue
[2022-10-09T07:12:52.033+0000] {logging_mixin.py:117} INFO - [2022-10-09T07:12:52.033+0000] {dagbag.py:525} INFO - Filling up the DagBag from /home/airflow/.local/lib/python3.7/site-packages/airflow/example_dags/example_skip_dag.py
[2022-10-09T07:12:52.043+0000] {processor.py:768} INFO - DAG(s) dict_keys(['example_skip_dag']) retrieved from /home/airflow/.local/lib/python3.7/site-packages/airflow/example_dags/example_skip_dag.py
[2022-10-09T07:12:52.069+0000] {logging_mixin.py:117} INFO - [2022-10-09T07:12:52.069+0000] {dag.py:2573} INFO - Sync 1 DAGs
[2022-10-09T07:12:52.086+0000] {logging_mixin.py:117} INFO - [2022-10-09T07:12:52.086+0000] {dag.py:3328} INFO - Setting next_dagrun for example_skip_dag to 2022-10-08T07:12:52.086019+00:00, run_after=2022-10-09T07:12:52.086019+00:00
[2022-10-09T07:12:52.098+0000] {processor.py:178} INFO - Processing /home/airflow/.local/lib/python3.7/site-packages/airflow/example_dags/example_skip_dag.py took 0.069 seconds
[2022-10-09T07:13:22.556+0000] {processor.py:156} INFO - Started process (PID=2749) to work on /home/airflow/.local/lib/python3.7/site-packages/airflow/example_dags/example_skip_dag.py
[2022-10-09T07:13:22.557+0000] {processor.py:758} INFO - Processing file /home/airflow/.local/lib/python3.7/site-packages/airflow/example_dags/example_skip_dag.py for tasks to queue
[2022-10-09T07:13:22.558+0000] {logging_mixin.py:117} INFO - [2022-10-09T07:13:22.558+0000] {dagbag.py:525} INFO - Filling up the DagBag from /home/airflow/.local/lib/python3.7/site-packages/airflow/example_dags/example_skip_dag.py
[2022-10-09T07:13:22.567+0000] {processor.py:768} INFO - DAG(s) dict_keys(['example_skip_dag']) retrieved from /home/airflow/.local/lib/python3.7/site-packages/airflow/example_dags/example_skip_dag.py
[2022-10-09T07:13:22.595+0000] {logging_mixin.py:117} INFO - [2022-10-09T07:13:22.595+0000] {dag.py:2573} INFO - Sync 1 DAGs
[2022-10-09T07:13:22.610+0000] {logging_mixin.py:117} INFO - [2022-10-09T07:13:22.610+0000] {dag.py:3328} INFO - Setting next_dagrun for example_skip_dag to 2022-10-08T07:13:22.610029+00:00, run_after=2022-10-09T07:13:22.610029+00:00
[2022-10-09T07:13:22.623+0000] {processor.py:178} INFO - Processing /home/airflow/.local/lib/python3.7/site-packages/airflow/example_dags/example_skip_dag.py took 0.069 seconds
[2022-10-09T07:13:52.893+0000] {processor.py:156} INFO - Started process (PID=2802) to work on /home/airflow/.local/lib/python3.7/site-packages/airflow/example_dags/example_skip_dag.py
[2022-10-09T07:13:52.895+0000] {processor.py:758} INFO - Processing file /home/airflow/.local/lib/python3.7/site-packages/airflow/example_dags/example_skip_dag.py for tasks to queue
[2022-10-09T07:13:52.896+0000] {logging_mixin.py:117} INFO - [2022-10-09T07:13:52.896+0000] {dagbag.py:525} INFO - Filling up the DagBag from /home/airflow/.local/lib/python3.7/site-packages/airflow/example_dags/example_skip_dag.py
[2022-10-09T07:13:52.906+0000] {processor.py:768} INFO - DAG(s) dict_keys(['example_skip_dag']) retrieved from /home/airflow/.local/lib/python3.7/site-packages/airflow/example_dags/example_skip_dag.py
[2022-10-09T07:13:52.941+0000] {logging_mixin.py:117} INFO - [2022-10-09T07:13:52.941+0000] {dag.py:2573} INFO - Sync 1 DAGs
[2022-10-09T07:13:52.960+0000] {logging_mixin.py:117} INFO - [2022-10-09T07:13:52.960+0000] {dag.py:3328} INFO - Setting next_dagrun for example_skip_dag to 2022-10-08T07:13:52.960218+00:00, run_after=2022-10-09T07:13:52.960218+00:00
[2022-10-09T07:13:52.979+0000] {processor.py:178} INFO - Processing /home/airflow/.local/lib/python3.7/site-packages/airflow/example_dags/example_skip_dag.py took 0.089 seconds
[2022-10-09T07:14:23.338+0000] {processor.py:156} INFO - Started process (PID=2864) to work on /home/airflow/.local/lib/python3.7/site-packages/airflow/example_dags/example_skip_dag.py
[2022-10-09T07:14:23.340+0000] {processor.py:758} INFO - Processing file /home/airflow/.local/lib/python3.7/site-packages/airflow/example_dags/example_skip_dag.py for tasks to queue
[2022-10-09T07:14:23.342+0000] {logging_mixin.py:117} INFO - [2022-10-09T07:14:23.341+0000] {dagbag.py:525} INFO - Filling up the DagBag from /home/airflow/.local/lib/python3.7/site-packages/airflow/example_dags/example_skip_dag.py
[2022-10-09T07:14:23.352+0000] {processor.py:768} INFO - DAG(s) dict_keys(['example_skip_dag']) retrieved from /home/airflow/.local/lib/python3.7/site-packages/airflow/example_dags/example_skip_dag.py
[2022-10-09T07:14:23.377+0000] {logging_mixin.py:117} INFO - [2022-10-09T07:14:23.377+0000] {dag.py:2573} INFO - Sync 1 DAGs
[2022-10-09T07:14:23.392+0000] {logging_mixin.py:117} INFO - [2022-10-09T07:14:23.392+0000] {dag.py:3328} INFO - Setting next_dagrun for example_skip_dag to 2022-10-08T07:14:23.392604+00:00, run_after=2022-10-09T07:14:23.392604+00:00
[2022-10-09T07:14:23.406+0000] {processor.py:178} INFO - Processing /home/airflow/.local/lib/python3.7/site-packages/airflow/example_dags/example_skip_dag.py took 0.070 seconds
[2022-10-09T07:14:53.674+0000] {processor.py:156} INFO - Started process (PID=2928) to work on /home/airflow/.local/lib/python3.7/site-packages/airflow/example_dags/example_skip_dag.py
[2022-10-09T07:14:53.676+0000] {processor.py:758} INFO - Processing file /home/airflow/.local/lib/python3.7/site-packages/airflow/example_dags/example_skip_dag.py for tasks to queue
[2022-10-09T07:14:53.677+0000] {logging_mixin.py:117} INFO - [2022-10-09T07:14:53.677+0000] {dagbag.py:525} INFO - Filling up the DagBag from /home/airflow/.local/lib/python3.7/site-packages/airflow/example_dags/example_skip_dag.py
[2022-10-09T07:14:53.686+0000] {processor.py:768} INFO - DAG(s) dict_keys(['example_skip_dag']) retrieved from /home/airflow/.local/lib/python3.7/site-packages/airflow/example_dags/example_skip_dag.py
[2022-10-09T07:14:53.711+0000] {logging_mixin.py:117} INFO - [2022-10-09T07:14:53.711+0000] {dag.py:2573} INFO - Sync 1 DAGs
[2022-10-09T07:14:53.726+0000] {logging_mixin.py:117} INFO - [2022-10-09T07:14:53.726+0000] {dag.py:3328} INFO - Setting next_dagrun for example_skip_dag to 2022-10-08T07:14:53.726452+00:00, run_after=2022-10-09T07:14:53.726452+00:00
[2022-10-09T07:14:53.738+0000] {processor.py:178} INFO - Processing /home/airflow/.local/lib/python3.7/site-packages/airflow/example_dags/example_skip_dag.py took 0.066 seconds
[2022-10-09T07:15:23.878+0000] {processor.py:156} INFO - Started process (PID=2991) to work on /home/airflow/.local/lib/python3.7/site-packages/airflow/example_dags/example_skip_dag.py
[2022-10-09T07:15:23.879+0000] {processor.py:758} INFO - Processing file /home/airflow/.local/lib/python3.7/site-packages/airflow/example_dags/example_skip_dag.py for tasks to queue
[2022-10-09T07:15:23.880+0000] {logging_mixin.py:117} INFO - [2022-10-09T07:15:23.880+0000] {dagbag.py:525} INFO - Filling up the DagBag from /home/airflow/.local/lib/python3.7/site-packages/airflow/example_dags/example_skip_dag.py
[2022-10-09T07:15:23.890+0000] {processor.py:768} INFO - DAG(s) dict_keys(['example_skip_dag']) retrieved from /home/airflow/.local/lib/python3.7/site-packages/airflow/example_dags/example_skip_dag.py
[2022-10-09T07:15:23.916+0000] {logging_mixin.py:117} INFO - [2022-10-09T07:15:23.916+0000] {dag.py:2573} INFO - Sync 1 DAGs
[2022-10-09T07:15:23.931+0000] {logging_mixin.py:117} INFO - [2022-10-09T07:15:23.931+0000] {dag.py:3328} INFO - Setting next_dagrun for example_skip_dag to 2022-10-08T07:15:23.931016+00:00, run_after=2022-10-09T07:15:23.931016+00:00
[2022-10-09T07:15:23.942+0000] {processor.py:178} INFO - Processing /home/airflow/.local/lib/python3.7/site-packages/airflow/example_dags/example_skip_dag.py took 0.067 seconds
[2022-10-09T07:15:54.363+0000] {processor.py:156} INFO - Started process (PID=3054) to work on /home/airflow/.local/lib/python3.7/site-packages/airflow/example_dags/example_skip_dag.py
[2022-10-09T07:15:54.365+0000] {processor.py:758} INFO - Processing file /home/airflow/.local/lib/python3.7/site-packages/airflow/example_dags/example_skip_dag.py for tasks to queue
[2022-10-09T07:15:54.366+0000] {logging_mixin.py:117} INFO - [2022-10-09T07:15:54.366+0000] {dagbag.py:525} INFO - Filling up the DagBag from /home/airflow/.local/lib/python3.7/site-packages/airflow/example_dags/example_skip_dag.py
[2022-10-09T07:15:54.374+0000] {processor.py:768} INFO - DAG(s) dict_keys(['example_skip_dag']) retrieved from /home/airflow/.local/lib/python3.7/site-packages/airflow/example_dags/example_skip_dag.py
[2022-10-09T07:15:54.398+0000] {logging_mixin.py:117} INFO - [2022-10-09T07:15:54.398+0000] {dag.py:2573} INFO - Sync 1 DAGs
[2022-10-09T07:15:54.412+0000] {logging_mixin.py:117} INFO - [2022-10-09T07:15:54.412+0000] {dag.py:3328} INFO - Setting next_dagrun for example_skip_dag to 2022-10-08T07:15:54.412612+00:00, run_after=2022-10-09T07:15:54.412612+00:00
[2022-10-09T07:15:54.423+0000] {processor.py:178} INFO - Processing /home/airflow/.local/lib/python3.7/site-packages/airflow/example_dags/example_skip_dag.py took 0.062 seconds
[2022-10-09T07:16:24.605+0000] {processor.py:156} INFO - Started process (PID=3108) to work on /home/airflow/.local/lib/python3.7/site-packages/airflow/example_dags/example_skip_dag.py
[2022-10-09T07:16:24.607+0000] {processor.py:758} INFO - Processing file /home/airflow/.local/lib/python3.7/site-packages/airflow/example_dags/example_skip_dag.py for tasks to queue
[2022-10-09T07:16:24.608+0000] {logging_mixin.py:117} INFO - [2022-10-09T07:16:24.608+0000] {dagbag.py:525} INFO - Filling up the DagBag from /home/airflow/.local/lib/python3.7/site-packages/airflow/example_dags/example_skip_dag.py
[2022-10-09T07:16:24.618+0000] {processor.py:768} INFO - DAG(s) dict_keys(['example_skip_dag']) retrieved from /home/airflow/.local/lib/python3.7/site-packages/airflow/example_dags/example_skip_dag.py
[2022-10-09T07:16:24.650+0000] {logging_mixin.py:117} INFO - [2022-10-09T07:16:24.649+0000] {dag.py:2573} INFO - Sync 1 DAGs
[2022-10-09T07:16:24.664+0000] {logging_mixin.py:117} INFO - [2022-10-09T07:16:24.664+0000] {dag.py:3328} INFO - Setting next_dagrun for example_skip_dag to 2022-10-08T07:16:24.664355+00:00, run_after=2022-10-09T07:16:24.664355+00:00
[2022-10-09T07:16:24.676+0000] {processor.py:178} INFO - Processing /home/airflow/.local/lib/python3.7/site-packages/airflow/example_dags/example_skip_dag.py took 0.073 seconds
[2022-10-09T07:16:54.942+0000] {processor.py:156} INFO - Started process (PID=3170) to work on /home/airflow/.local/lib/python3.7/site-packages/airflow/example_dags/example_skip_dag.py
[2022-10-09T07:16:54.944+0000] {processor.py:758} INFO - Processing file /home/airflow/.local/lib/python3.7/site-packages/airflow/example_dags/example_skip_dag.py for tasks to queue
[2022-10-09T07:16:54.945+0000] {logging_mixin.py:117} INFO - [2022-10-09T07:16:54.945+0000] {dagbag.py:525} INFO - Filling up the DagBag from /home/airflow/.local/lib/python3.7/site-packages/airflow/example_dags/example_skip_dag.py
[2022-10-09T07:16:54.955+0000] {processor.py:768} INFO - DAG(s) dict_keys(['example_skip_dag']) retrieved from /home/airflow/.local/lib/python3.7/site-packages/airflow/example_dags/example_skip_dag.py
[2022-10-09T07:16:54.981+0000] {logging_mixin.py:117} INFO - [2022-10-09T07:16:54.981+0000] {dag.py:2573} INFO - Sync 1 DAGs
[2022-10-09T07:16:54.996+0000] {logging_mixin.py:117} INFO - [2022-10-09T07:16:54.996+0000] {dag.py:3328} INFO - Setting next_dagrun for example_skip_dag to 2022-10-08T07:16:54.996005+00:00, run_after=2022-10-09T07:16:54.996005+00:00
[2022-10-09T07:16:55.006+0000] {processor.py:178} INFO - Processing /home/airflow/.local/lib/python3.7/site-packages/airflow/example_dags/example_skip_dag.py took 0.067 seconds
[2022-10-09T07:17:25.685+0000] {processor.py:156} INFO - Started process (PID=3233) to work on /home/airflow/.local/lib/python3.7/site-packages/airflow/example_dags/example_skip_dag.py
[2022-10-09T07:17:25.688+0000] {processor.py:758} INFO - Processing file /home/airflow/.local/lib/python3.7/site-packages/airflow/example_dags/example_skip_dag.py for tasks to queue
[2022-10-09T07:17:25.689+0000] {logging_mixin.py:117} INFO - [2022-10-09T07:17:25.689+0000] {dagbag.py:525} INFO - Filling up the DagBag from /home/airflow/.local/lib/python3.7/site-packages/airflow/example_dags/example_skip_dag.py
[2022-10-09T07:17:25.700+0000] {processor.py:768} INFO - DAG(s) dict_keys(['example_skip_dag']) retrieved from /home/airflow/.local/lib/python3.7/site-packages/airflow/example_dags/example_skip_dag.py
[2022-10-09T07:17:25.756+0000] {logging_mixin.py:117} INFO - [2022-10-09T07:17:25.756+0000] {dag.py:2573} INFO - Sync 1 DAGs
[2022-10-09T07:17:25.804+0000] {logging_mixin.py:117} INFO - [2022-10-09T07:17:25.804+0000] {dag.py:3328} INFO - Setting next_dagrun for example_skip_dag to 2022-10-08T07:17:25.804491+00:00, run_after=2022-10-09T07:17:25.804491+00:00
[2022-10-09T07:17:25.824+0000] {processor.py:178} INFO - Processing /home/airflow/.local/lib/python3.7/site-packages/airflow/example_dags/example_skip_dag.py took 0.141 seconds
[2022-10-09T07:17:56.033+0000] {processor.py:156} INFO - Started process (PID=3294) to work on /home/airflow/.local/lib/python3.7/site-packages/airflow/example_dags/example_skip_dag.py
[2022-10-09T07:17:56.035+0000] {processor.py:758} INFO - Processing file /home/airflow/.local/lib/python3.7/site-packages/airflow/example_dags/example_skip_dag.py for tasks to queue
[2022-10-09T07:17:56.036+0000] {logging_mixin.py:117} INFO - [2022-10-09T07:17:56.036+0000] {dagbag.py:525} INFO - Filling up the DagBag from /home/airflow/.local/lib/python3.7/site-packages/airflow/example_dags/example_skip_dag.py
[2022-10-09T07:17:56.047+0000] {processor.py:768} INFO - DAG(s) dict_keys(['example_skip_dag']) retrieved from /home/airflow/.local/lib/python3.7/site-packages/airflow/example_dags/example_skip_dag.py
[2022-10-09T07:17:56.072+0000] {logging_mixin.py:117} INFO - [2022-10-09T07:17:56.072+0000] {dag.py:2573} INFO - Sync 1 DAGs
[2022-10-09T07:17:56.086+0000] {logging_mixin.py:117} INFO - [2022-10-09T07:17:56.086+0000] {dag.py:3328} INFO - Setting next_dagrun for example_skip_dag to 2022-10-08T07:17:56.086709+00:00, run_after=2022-10-09T07:17:56.086709+00:00
[2022-10-09T07:17:56.097+0000] {processor.py:178} INFO - Processing /home/airflow/.local/lib/python3.7/site-packages/airflow/example_dags/example_skip_dag.py took 0.067 seconds
[2022-10-09T07:18:26.287+0000] {processor.py:156} INFO - Started process (PID=3357) to work on /home/airflow/.local/lib/python3.7/site-packages/airflow/example_dags/example_skip_dag.py
[2022-10-09T07:18:26.289+0000] {processor.py:758} INFO - Processing file /home/airflow/.local/lib/python3.7/site-packages/airflow/example_dags/example_skip_dag.py for tasks to queue
[2022-10-09T07:18:26.290+0000] {logging_mixin.py:117} INFO - [2022-10-09T07:18:26.290+0000] {dagbag.py:525} INFO - Filling up the DagBag from /home/airflow/.local/lib/python3.7/site-packages/airflow/example_dags/example_skip_dag.py
[2022-10-09T07:18:26.300+0000] {processor.py:768} INFO - DAG(s) dict_keys(['example_skip_dag']) retrieved from /home/airflow/.local/lib/python3.7/site-packages/airflow/example_dags/example_skip_dag.py
[2022-10-09T07:18:26.329+0000] {logging_mixin.py:117} INFO - [2022-10-09T07:18:26.328+0000] {dag.py:2573} INFO - Sync 1 DAGs
[2022-10-09T07:18:26.346+0000] {logging_mixin.py:117} INFO - [2022-10-09T07:18:26.346+0000] {dag.py:3328} INFO - Setting next_dagrun for example_skip_dag to 2022-10-08T07:18:26.345854+00:00, run_after=2022-10-09T07:18:26.345854+00:00
[2022-10-09T07:18:26.361+0000] {processor.py:178} INFO - Processing /home/airflow/.local/lib/python3.7/site-packages/airflow/example_dags/example_skip_dag.py took 0.076 seconds
[2022-10-09T07:18:57.612+0000] {processor.py:156} INFO - Started process (PID=3419) to work on /home/airflow/.local/lib/python3.7/site-packages/airflow/example_dags/example_skip_dag.py
[2022-10-09T07:18:57.613+0000] {processor.py:758} INFO - Processing file /home/airflow/.local/lib/python3.7/site-packages/airflow/example_dags/example_skip_dag.py for tasks to queue
[2022-10-09T07:18:57.615+0000] {logging_mixin.py:117} INFO - [2022-10-09T07:18:57.615+0000] {dagbag.py:525} INFO - Filling up the DagBag from /home/airflow/.local/lib/python3.7/site-packages/airflow/example_dags/example_skip_dag.py
[2022-10-09T07:18:57.625+0000] {processor.py:768} INFO - DAG(s) dict_keys(['example_skip_dag']) retrieved from /home/airflow/.local/lib/python3.7/site-packages/airflow/example_dags/example_skip_dag.py
[2022-10-09T07:18:57.651+0000] {logging_mixin.py:117} INFO - [2022-10-09T07:18:57.651+0000] {dag.py:2573} INFO - Sync 1 DAGs
[2022-10-09T07:18:57.668+0000] {logging_mixin.py:117} INFO - [2022-10-09T07:18:57.668+0000] {dag.py:3328} INFO - Setting next_dagrun for example_skip_dag to 2022-10-08T07:18:57.667966+00:00, run_after=2022-10-09T07:18:57.667966+00:00
[2022-10-09T07:18:57.682+0000] {processor.py:178} INFO - Processing /home/airflow/.local/lib/python3.7/site-packages/airflow/example_dags/example_skip_dag.py took 0.072 seconds
[2022-10-09T07:19:27.852+0000] {processor.py:156} INFO - Started process (PID=3473) to work on /home/airflow/.local/lib/python3.7/site-packages/airflow/example_dags/example_skip_dag.py
[2022-10-09T07:19:27.853+0000] {processor.py:758} INFO - Processing file /home/airflow/.local/lib/python3.7/site-packages/airflow/example_dags/example_skip_dag.py for tasks to queue
[2022-10-09T07:19:27.855+0000] {logging_mixin.py:117} INFO - [2022-10-09T07:19:27.854+0000] {dagbag.py:525} INFO - Filling up the DagBag from /home/airflow/.local/lib/python3.7/site-packages/airflow/example_dags/example_skip_dag.py
[2022-10-09T07:19:27.864+0000] {processor.py:768} INFO - DAG(s) dict_keys(['example_skip_dag']) retrieved from /home/airflow/.local/lib/python3.7/site-packages/airflow/example_dags/example_skip_dag.py
[2022-10-09T07:19:27.890+0000] {logging_mixin.py:117} INFO - [2022-10-09T07:19:27.890+0000] {dag.py:2573} INFO - Sync 1 DAGs
[2022-10-09T07:19:27.903+0000] {logging_mixin.py:117} INFO - [2022-10-09T07:19:27.902+0000] {dag.py:3328} INFO - Setting next_dagrun for example_skip_dag to 2022-10-08T07:19:27.902838+00:00, run_after=2022-10-09T07:19:27.902838+00:00
[2022-10-09T07:19:27.914+0000] {processor.py:178} INFO - Processing /home/airflow/.local/lib/python3.7/site-packages/airflow/example_dags/example_skip_dag.py took 0.065 seconds
[2022-10-09T07:19:58.195+0000] {processor.py:156} INFO - Started process (PID=3537) to work on /home/airflow/.local/lib/python3.7/site-packages/airflow/example_dags/example_skip_dag.py
[2022-10-09T07:19:58.197+0000] {processor.py:758} INFO - Processing file /home/airflow/.local/lib/python3.7/site-packages/airflow/example_dags/example_skip_dag.py for tasks to queue
[2022-10-09T07:19:58.198+0000] {logging_mixin.py:117} INFO - [2022-10-09T07:19:58.197+0000] {dagbag.py:525} INFO - Filling up the DagBag from /home/airflow/.local/lib/python3.7/site-packages/airflow/example_dags/example_skip_dag.py
[2022-10-09T07:19:58.207+0000] {processor.py:768} INFO - DAG(s) dict_keys(['example_skip_dag']) retrieved from /home/airflow/.local/lib/python3.7/site-packages/airflow/example_dags/example_skip_dag.py
[2022-10-09T07:19:58.235+0000] {logging_mixin.py:117} INFO - [2022-10-09T07:19:58.234+0000] {dag.py:2573} INFO - Sync 1 DAGs
[2022-10-09T07:19:58.251+0000] {logging_mixin.py:117} INFO - [2022-10-09T07:19:58.251+0000] {dag.py:3328} INFO - Setting next_dagrun for example_skip_dag to 2022-10-08T07:19:58.251289+00:00, run_after=2022-10-09T07:19:58.251289+00:00
[2022-10-09T07:19:58.263+0000] {processor.py:178} INFO - Processing /home/airflow/.local/lib/python3.7/site-packages/airflow/example_dags/example_skip_dag.py took 0.070 seconds
[2022-10-09T07:20:28.876+0000] {processor.py:156} INFO - Started process (PID=3600) to work on /home/airflow/.local/lib/python3.7/site-packages/airflow/example_dags/example_skip_dag.py
[2022-10-09T07:20:28.878+0000] {processor.py:758} INFO - Processing file /home/airflow/.local/lib/python3.7/site-packages/airflow/example_dags/example_skip_dag.py for tasks to queue
[2022-10-09T07:20:28.880+0000] {logging_mixin.py:117} INFO - [2022-10-09T07:20:28.879+0000] {dagbag.py:525} INFO - Filling up the DagBag from /home/airflow/.local/lib/python3.7/site-packages/airflow/example_dags/example_skip_dag.py
[2022-10-09T07:20:28.888+0000] {processor.py:768} INFO - DAG(s) dict_keys(['example_skip_dag']) retrieved from /home/airflow/.local/lib/python3.7/site-packages/airflow/example_dags/example_skip_dag.py
[2022-10-09T07:20:28.913+0000] {logging_mixin.py:117} INFO - [2022-10-09T07:20:28.913+0000] {dag.py:2573} INFO - Sync 1 DAGs
[2022-10-09T07:20:28.942+0000] {logging_mixin.py:117} INFO - [2022-10-09T07:20:28.942+0000] {dag.py:3328} INFO - Setting next_dagrun for example_skip_dag to 2022-10-08T07:20:28.942205+00:00, run_after=2022-10-09T07:20:28.942205+00:00
[2022-10-09T07:20:28.957+0000] {processor.py:178} INFO - Processing /home/airflow/.local/lib/python3.7/site-packages/airflow/example_dags/example_skip_dag.py took 0.083 seconds
[2022-10-09T07:20:59.438+0000] {processor.py:156} INFO - Started process (PID=3663) to work on /home/airflow/.local/lib/python3.7/site-packages/airflow/example_dags/example_skip_dag.py
[2022-10-09T07:20:59.440+0000] {processor.py:758} INFO - Processing file /home/airflow/.local/lib/python3.7/site-packages/airflow/example_dags/example_skip_dag.py for tasks to queue
[2022-10-09T07:20:59.441+0000] {logging_mixin.py:117} INFO - [2022-10-09T07:20:59.441+0000] {dagbag.py:525} INFO - Filling up the DagBag from /home/airflow/.local/lib/python3.7/site-packages/airflow/example_dags/example_skip_dag.py
[2022-10-09T07:20:59.450+0000] {processor.py:768} INFO - DAG(s) dict_keys(['example_skip_dag']) retrieved from /home/airflow/.local/lib/python3.7/site-packages/airflow/example_dags/example_skip_dag.py
[2022-10-09T07:20:59.476+0000] {logging_mixin.py:117} INFO - [2022-10-09T07:20:59.476+0000] {dag.py:2573} INFO - Sync 1 DAGs
[2022-10-09T07:20:59.494+0000] {logging_mixin.py:117} INFO - [2022-10-09T07:20:59.494+0000] {dag.py:3328} INFO - Setting next_dagrun for example_skip_dag to 2022-10-08T07:20:59.494122+00:00, run_after=2022-10-09T07:20:59.494122+00:00
[2022-10-09T07:20:59.506+0000] {processor.py:178} INFO - Processing /home/airflow/.local/lib/python3.7/site-packages/airflow/example_dags/example_skip_dag.py took 0.069 seconds
[2022-10-09T07:21:29.899+0000] {processor.py:156} INFO - Started process (PID=3726) to work on /home/airflow/.local/lib/python3.7/site-packages/airflow/example_dags/example_skip_dag.py
[2022-10-09T07:21:29.901+0000] {processor.py:758} INFO - Processing file /home/airflow/.local/lib/python3.7/site-packages/airflow/example_dags/example_skip_dag.py for tasks to queue
[2022-10-09T07:21:29.903+0000] {logging_mixin.py:117} INFO - [2022-10-09T07:21:29.903+0000] {dagbag.py:525} INFO - Filling up the DagBag from /home/airflow/.local/lib/python3.7/site-packages/airflow/example_dags/example_skip_dag.py
[2022-10-09T07:21:29.913+0000] {processor.py:768} INFO - DAG(s) dict_keys(['example_skip_dag']) retrieved from /home/airflow/.local/lib/python3.7/site-packages/airflow/example_dags/example_skip_dag.py
[2022-10-09T07:21:29.940+0000] {logging_mixin.py:117} INFO - [2022-10-09T07:21:29.940+0000] {dag.py:2573} INFO - Sync 1 DAGs
[2022-10-09T07:21:29.956+0000] {logging_mixin.py:117} INFO - [2022-10-09T07:21:29.956+0000] {dag.py:3328} INFO - Setting next_dagrun for example_skip_dag to 2022-10-08T07:21:29.956686+00:00, run_after=2022-10-09T07:21:29.956686+00:00
[2022-10-09T07:21:29.976+0000] {processor.py:178} INFO - Processing /home/airflow/.local/lib/python3.7/site-packages/airflow/example_dags/example_skip_dag.py took 0.079 seconds
[2022-10-09T07:22:00.150+0000] {processor.py:156} INFO - Started process (PID=3778) to work on /home/airflow/.local/lib/python3.7/site-packages/airflow/example_dags/example_skip_dag.py
[2022-10-09T07:22:00.151+0000] {processor.py:758} INFO - Processing file /home/airflow/.local/lib/python3.7/site-packages/airflow/example_dags/example_skip_dag.py for tasks to queue
[2022-10-09T07:22:00.152+0000] {logging_mixin.py:117} INFO - [2022-10-09T07:22:00.152+0000] {dagbag.py:525} INFO - Filling up the DagBag from /home/airflow/.local/lib/python3.7/site-packages/airflow/example_dags/example_skip_dag.py
[2022-10-09T07:22:00.162+0000] {processor.py:768} INFO - DAG(s) dict_keys(['example_skip_dag']) retrieved from /home/airflow/.local/lib/python3.7/site-packages/airflow/example_dags/example_skip_dag.py
[2022-10-09T07:22:00.187+0000] {logging_mixin.py:117} INFO - [2022-10-09T07:22:00.187+0000] {dag.py:2573} INFO - Sync 1 DAGs
[2022-10-09T07:22:00.201+0000] {logging_mixin.py:117} INFO - [2022-10-09T07:22:00.201+0000] {dag.py:3328} INFO - Setting next_dagrun for example_skip_dag to 2022-10-08T07:22:00.201052+00:00, run_after=2022-10-09T07:22:00.201052+00:00
[2022-10-09T07:22:00.214+0000] {processor.py:178} INFO - Processing /home/airflow/.local/lib/python3.7/site-packages/airflow/example_dags/example_skip_dag.py took 0.066 seconds
[2022-10-09T07:22:30.536+0000] {processor.py:156} INFO - Started process (PID=3841) to work on /home/airflow/.local/lib/python3.7/site-packages/airflow/example_dags/example_skip_dag.py
[2022-10-09T07:22:30.537+0000] {processor.py:758} INFO - Processing file /home/airflow/.local/lib/python3.7/site-packages/airflow/example_dags/example_skip_dag.py for tasks to queue
[2022-10-09T07:22:30.538+0000] {logging_mixin.py:117} INFO - [2022-10-09T07:22:30.538+0000] {dagbag.py:525} INFO - Filling up the DagBag from /home/airflow/.local/lib/python3.7/site-packages/airflow/example_dags/example_skip_dag.py
[2022-10-09T07:22:30.547+0000] {processor.py:768} INFO - DAG(s) dict_keys(['example_skip_dag']) retrieved from /home/airflow/.local/lib/python3.7/site-packages/airflow/example_dags/example_skip_dag.py
[2022-10-09T07:22:30.573+0000] {logging_mixin.py:117} INFO - [2022-10-09T07:22:30.573+0000] {dag.py:2573} INFO - Sync 1 DAGs
[2022-10-09T07:22:30.589+0000] {logging_mixin.py:117} INFO - [2022-10-09T07:22:30.588+0000] {dag.py:3328} INFO - Setting next_dagrun for example_skip_dag to 2022-10-08T07:22:30.588840+00:00, run_after=2022-10-09T07:22:30.588840+00:00
[2022-10-09T07:22:30.601+0000] {processor.py:178} INFO - Processing /home/airflow/.local/lib/python3.7/site-packages/airflow/example_dags/example_skip_dag.py took 0.068 seconds
[2022-10-09T07:23:00.832+0000] {processor.py:156} INFO - Started process (PID=3905) to work on /home/airflow/.local/lib/python3.7/site-packages/airflow/example_dags/example_skip_dag.py
[2022-10-09T07:23:00.834+0000] {processor.py:758} INFO - Processing file /home/airflow/.local/lib/python3.7/site-packages/airflow/example_dags/example_skip_dag.py for tasks to queue
[2022-10-09T07:23:00.835+0000] {logging_mixin.py:117} INFO - [2022-10-09T07:23:00.835+0000] {dagbag.py:525} INFO - Filling up the DagBag from /home/airflow/.local/lib/python3.7/site-packages/airflow/example_dags/example_skip_dag.py
[2022-10-09T07:23:00.844+0000] {processor.py:768} INFO - DAG(s) dict_keys(['example_skip_dag']) retrieved from /home/airflow/.local/lib/python3.7/site-packages/airflow/example_dags/example_skip_dag.py
[2022-10-09T07:23:00.871+0000] {logging_mixin.py:117} INFO - [2022-10-09T07:23:00.871+0000] {dag.py:2573} INFO - Sync 1 DAGs
[2022-10-09T07:23:00.886+0000] {logging_mixin.py:117} INFO - [2022-10-09T07:23:00.886+0000] {dag.py:3328} INFO - Setting next_dagrun for example_skip_dag to 2022-10-08T07:23:00.886546+00:00, run_after=2022-10-09T07:23:00.886546+00:00
[2022-10-09T07:23:00.898+0000] {processor.py:178} INFO - Processing /home/airflow/.local/lib/python3.7/site-packages/airflow/example_dags/example_skip_dag.py took 0.069 seconds
[2022-10-09T07:23:31.209+0000] {processor.py:156} INFO - Started process (PID=3968) to work on /home/airflow/.local/lib/python3.7/site-packages/airflow/example_dags/example_skip_dag.py
[2022-10-09T07:23:31.211+0000] {processor.py:758} INFO - Processing file /home/airflow/.local/lib/python3.7/site-packages/airflow/example_dags/example_skip_dag.py for tasks to queue
[2022-10-09T07:23:31.212+0000] {logging_mixin.py:117} INFO - [2022-10-09T07:23:31.212+0000] {dagbag.py:525} INFO - Filling up the DagBag from /home/airflow/.local/lib/python3.7/site-packages/airflow/example_dags/example_skip_dag.py
[2022-10-09T07:23:31.221+0000] {processor.py:768} INFO - DAG(s) dict_keys(['example_skip_dag']) retrieved from /home/airflow/.local/lib/python3.7/site-packages/airflow/example_dags/example_skip_dag.py
[2022-10-09T07:23:31.249+0000] {logging_mixin.py:117} INFO - [2022-10-09T07:23:31.249+0000] {dag.py:2573} INFO - Sync 1 DAGs
[2022-10-09T07:23:31.264+0000] {logging_mixin.py:117} INFO - [2022-10-09T07:23:31.263+0000] {dag.py:3328} INFO - Setting next_dagrun for example_skip_dag to 2022-10-08T07:23:31.263839+00:00, run_after=2022-10-09T07:23:31.263839+00:00
[2022-10-09T07:23:31.275+0000] {processor.py:178} INFO - Processing /home/airflow/.local/lib/python3.7/site-packages/airflow/example_dags/example_skip_dag.py took 0.069 seconds
[2022-10-09T07:24:01.458+0000] {processor.py:156} INFO - Started process (PID=4031) to work on /home/airflow/.local/lib/python3.7/site-packages/airflow/example_dags/example_skip_dag.py
[2022-10-09T07:24:01.459+0000] {processor.py:758} INFO - Processing file /home/airflow/.local/lib/python3.7/site-packages/airflow/example_dags/example_skip_dag.py for tasks to queue
[2022-10-09T07:24:01.460+0000] {logging_mixin.py:117} INFO - [2022-10-09T07:24:01.460+0000] {dagbag.py:525} INFO - Filling up the DagBag from /home/airflow/.local/lib/python3.7/site-packages/airflow/example_dags/example_skip_dag.py
[2022-10-09T07:24:01.470+0000] {processor.py:768} INFO - DAG(s) dict_keys(['example_skip_dag']) retrieved from /home/airflow/.local/lib/python3.7/site-packages/airflow/example_dags/example_skip_dag.py
[2022-10-09T07:24:01.495+0000] {logging_mixin.py:117} INFO - [2022-10-09T07:24:01.495+0000] {dag.py:2573} INFO - Sync 1 DAGs
[2022-10-09T07:24:01.511+0000] {logging_mixin.py:117} INFO - [2022-10-09T07:24:01.510+0000] {dag.py:3328} INFO - Setting next_dagrun for example_skip_dag to 2022-10-08T07:24:01.510867+00:00, run_after=2022-10-09T07:24:01.510867+00:00
[2022-10-09T07:24:01.523+0000] {processor.py:178} INFO - Processing /home/airflow/.local/lib/python3.7/site-packages/airflow/example_dags/example_skip_dag.py took 0.067 seconds
[2022-10-09T07:24:32.093+0000] {processor.py:156} INFO - Started process (PID=4095) to work on /home/airflow/.local/lib/python3.7/site-packages/airflow/example_dags/example_skip_dag.py
[2022-10-09T07:24:32.095+0000] {processor.py:758} INFO - Processing file /home/airflow/.local/lib/python3.7/site-packages/airflow/example_dags/example_skip_dag.py for tasks to queue
[2022-10-09T07:24:32.097+0000] {logging_mixin.py:117} INFO - [2022-10-09T07:24:32.097+0000] {dagbag.py:525} INFO - Filling up the DagBag from /home/airflow/.local/lib/python3.7/site-packages/airflow/example_dags/example_skip_dag.py
[2022-10-09T07:24:32.108+0000] {processor.py:768} INFO - DAG(s) dict_keys(['example_skip_dag']) retrieved from /home/airflow/.local/lib/python3.7/site-packages/airflow/example_dags/example_skip_dag.py
[2022-10-09T07:24:32.140+0000] {logging_mixin.py:117} INFO - [2022-10-09T07:24:32.140+0000] {dag.py:2573} INFO - Sync 1 DAGs
[2022-10-09T07:24:32.160+0000] {logging_mixin.py:117} INFO - [2022-10-09T07:24:32.160+0000] {dag.py:3328} INFO - Setting next_dagrun for example_skip_dag to 2022-10-08T07:24:32.160484+00:00, run_after=2022-10-09T07:24:32.160484+00:00
[2022-10-09T07:24:32.176+0000] {processor.py:178} INFO - Processing /home/airflow/.local/lib/python3.7/site-packages/airflow/example_dags/example_skip_dag.py took 0.087 seconds
