[2022-10-09T06:40:39.652+0000] {processor.py:156} INFO - Started process (PID=50) to work on /home/airflow/.local/lib/python3.7/site-packages/airflow/example_dags/example_branch_operator.py
[2022-10-09T06:40:39.655+0000] {processor.py:758} INFO - Processing file /home/airflow/.local/lib/python3.7/site-packages/airflow/example_dags/example_branch_operator.py for tasks to queue
[2022-10-09T06:40:39.657+0000] {logging_mixin.py:117} INFO - [2022-10-09T06:40:39.656+0000] {dagbag.py:525} INFO - Filling up the DagBag from /home/airflow/.local/lib/python3.7/site-packages/airflow/example_dags/example_branch_operator.py
[2022-10-09T06:40:39.681+0000] {processor.py:768} INFO - DAG(s) dict_keys(['example_branch_operator']) retrieved from /home/airflow/.local/lib/python3.7/site-packages/airflow/example_dags/example_branch_operator.py
[2022-10-09T06:40:39.728+0000] {logging_mixin.py:117} INFO - [2022-10-09T06:40:39.728+0000] {dag.py:2573} INFO - Sync 1 DAGs
[2022-10-09T06:40:39.785+0000] {logging_mixin.py:117} INFO - [2022-10-09T06:40:39.784+0000] {dag.py:3328} INFO - Setting next_dagrun for example_branch_operator to 2022-10-08T00:00:00+00:00, run_after=2022-10-09T00:00:00+00:00
[2022-10-09T06:40:39.806+0000] {processor.py:178} INFO - Processing /home/airflow/.local/lib/python3.7/site-packages/airflow/example_dags/example_branch_operator.py took 0.158 seconds
[2022-10-09T06:41:10.324+0000] {processor.py:156} INFO - Started process (PID=113) to work on /home/airflow/.local/lib/python3.7/site-packages/airflow/example_dags/example_branch_operator.py
[2022-10-09T06:41:10.327+0000] {processor.py:758} INFO - Processing file /home/airflow/.local/lib/python3.7/site-packages/airflow/example_dags/example_branch_operator.py for tasks to queue
[2022-10-09T06:41:10.328+0000] {logging_mixin.py:117} INFO - [2022-10-09T06:41:10.328+0000] {dagbag.py:525} INFO - Filling up the DagBag from /home/airflow/.local/lib/python3.7/site-packages/airflow/example_dags/example_branch_operator.py
[2022-10-09T06:41:10.348+0000] {processor.py:768} INFO - DAG(s) dict_keys(['example_branch_operator']) retrieved from /home/airflow/.local/lib/python3.7/site-packages/airflow/example_dags/example_branch_operator.py
[2022-10-09T06:41:10.390+0000] {logging_mixin.py:117} INFO - [2022-10-09T06:41:10.390+0000] {dag.py:2573} INFO - Sync 1 DAGs
[2022-10-09T06:41:10.408+0000] {logging_mixin.py:117} INFO - [2022-10-09T06:41:10.408+0000] {dag.py:3328} INFO - Setting next_dagrun for example_branch_operator to 2022-10-08T00:00:00+00:00, run_after=2022-10-09T00:00:00+00:00
[2022-10-09T06:41:10.425+0000] {processor.py:178} INFO - Processing /home/airflow/.local/lib/python3.7/site-packages/airflow/example_dags/example_branch_operator.py took 0.103 seconds
[2022-10-09T06:41:40.785+0000] {processor.py:156} INFO - Started process (PID=177) to work on /home/airflow/.local/lib/python3.7/site-packages/airflow/example_dags/example_branch_operator.py
[2022-10-09T06:41:40.787+0000] {processor.py:758} INFO - Processing file /home/airflow/.local/lib/python3.7/site-packages/airflow/example_dags/example_branch_operator.py for tasks to queue
[2022-10-09T06:41:40.788+0000] {logging_mixin.py:117} INFO - [2022-10-09T06:41:40.788+0000] {dagbag.py:525} INFO - Filling up the DagBag from /home/airflow/.local/lib/python3.7/site-packages/airflow/example_dags/example_branch_operator.py
[2022-10-09T06:41:40.801+0000] {processor.py:768} INFO - DAG(s) dict_keys(['example_branch_operator']) retrieved from /home/airflow/.local/lib/python3.7/site-packages/airflow/example_dags/example_branch_operator.py
[2022-10-09T06:41:40.830+0000] {logging_mixin.py:117} INFO - [2022-10-09T06:41:40.830+0000] {dag.py:2573} INFO - Sync 1 DAGs
[2022-10-09T06:41:40.847+0000] {logging_mixin.py:117} INFO - [2022-10-09T06:41:40.847+0000] {dag.py:3328} INFO - Setting next_dagrun for example_branch_operator to 2022-10-08T00:00:00+00:00, run_after=2022-10-09T00:00:00+00:00
[2022-10-09T06:41:40.859+0000] {processor.py:178} INFO - Processing /home/airflow/.local/lib/python3.7/site-packages/airflow/example_dags/example_branch_operator.py took 0.077 seconds
[2022-10-09T06:42:11.466+0000] {processor.py:156} INFO - Started process (PID=240) to work on /home/airflow/.local/lib/python3.7/site-packages/airflow/example_dags/example_branch_operator.py
[2022-10-09T06:42:11.468+0000] {processor.py:758} INFO - Processing file /home/airflow/.local/lib/python3.7/site-packages/airflow/example_dags/example_branch_operator.py for tasks to queue
[2022-10-09T06:42:11.470+0000] {logging_mixin.py:117} INFO - [2022-10-09T06:42:11.470+0000] {dagbag.py:525} INFO - Filling up the DagBag from /home/airflow/.local/lib/python3.7/site-packages/airflow/example_dags/example_branch_operator.py
[2022-10-09T06:42:11.489+0000] {processor.py:768} INFO - DAG(s) dict_keys(['example_branch_operator']) retrieved from /home/airflow/.local/lib/python3.7/site-packages/airflow/example_dags/example_branch_operator.py
[2022-10-09T06:42:11.535+0000] {logging_mixin.py:117} INFO - [2022-10-09T06:42:11.535+0000] {dag.py:2573} INFO - Sync 1 DAGs
[2022-10-09T06:42:11.552+0000] {logging_mixin.py:117} INFO - [2022-10-09T06:42:11.552+0000] {dag.py:3328} INFO - Setting next_dagrun for example_branch_operator to 2022-10-08T00:00:00+00:00, run_after=2022-10-09T00:00:00+00:00
[2022-10-09T06:42:11.566+0000] {processor.py:178} INFO - Processing /home/airflow/.local/lib/python3.7/site-packages/airflow/example_dags/example_branch_operator.py took 0.102 seconds
[2022-10-09T06:42:41.902+0000] {processor.py:156} INFO - Started process (PID=294) to work on /home/airflow/.local/lib/python3.7/site-packages/airflow/example_dags/example_branch_operator.py
[2022-10-09T06:42:41.904+0000] {processor.py:758} INFO - Processing file /home/airflow/.local/lib/python3.7/site-packages/airflow/example_dags/example_branch_operator.py for tasks to queue
[2022-10-09T06:42:41.904+0000] {logging_mixin.py:117} INFO - [2022-10-09T06:42:41.904+0000] {dagbag.py:525} INFO - Filling up the DagBag from /home/airflow/.local/lib/python3.7/site-packages/airflow/example_dags/example_branch_operator.py
[2022-10-09T06:42:41.916+0000] {processor.py:768} INFO - DAG(s) dict_keys(['example_branch_operator']) retrieved from /home/airflow/.local/lib/python3.7/site-packages/airflow/example_dags/example_branch_operator.py
[2022-10-09T06:42:41.947+0000] {logging_mixin.py:117} INFO - [2022-10-09T06:42:41.947+0000] {dag.py:2573} INFO - Sync 1 DAGs
[2022-10-09T06:42:41.964+0000] {logging_mixin.py:117} INFO - [2022-10-09T06:42:41.964+0000] {dag.py:3328} INFO - Setting next_dagrun for example_branch_operator to 2022-10-08T00:00:00+00:00, run_after=2022-10-09T00:00:00+00:00
[2022-10-09T06:42:42.019+0000] {processor.py:178} INFO - Processing /home/airflow/.local/lib/python3.7/site-packages/airflow/example_dags/example_branch_operator.py took 0.119 seconds
[2022-10-09T06:43:12.281+0000] {processor.py:156} INFO - Started process (PID=357) to work on /home/airflow/.local/lib/python3.7/site-packages/airflow/example_dags/example_branch_operator.py
[2022-10-09T06:43:12.282+0000] {processor.py:758} INFO - Processing file /home/airflow/.local/lib/python3.7/site-packages/airflow/example_dags/example_branch_operator.py for tasks to queue
[2022-10-09T06:43:12.285+0000] {logging_mixin.py:117} INFO - [2022-10-09T06:43:12.285+0000] {dagbag.py:525} INFO - Filling up the DagBag from /home/airflow/.local/lib/python3.7/site-packages/airflow/example_dags/example_branch_operator.py
[2022-10-09T06:43:12.297+0000] {processor.py:768} INFO - DAG(s) dict_keys(['example_branch_operator']) retrieved from /home/airflow/.local/lib/python3.7/site-packages/airflow/example_dags/example_branch_operator.py
[2022-10-09T06:43:12.322+0000] {logging_mixin.py:117} INFO - [2022-10-09T06:43:12.322+0000] {dag.py:2573} INFO - Sync 1 DAGs
[2022-10-09T06:43:12.337+0000] {logging_mixin.py:117} INFO - [2022-10-09T06:43:12.337+0000] {dag.py:3328} INFO - Setting next_dagrun for example_branch_operator to 2022-10-08T00:00:00+00:00, run_after=2022-10-09T00:00:00+00:00
[2022-10-09T06:43:12.348+0000] {processor.py:178} INFO - Processing /home/airflow/.local/lib/python3.7/site-packages/airflow/example_dags/example_branch_operator.py took 0.070 seconds
[2022-10-09T06:43:42.498+0000] {processor.py:156} INFO - Started process (PID=420) to work on /home/airflow/.local/lib/python3.7/site-packages/airflow/example_dags/example_branch_operator.py
[2022-10-09T06:43:42.500+0000] {processor.py:758} INFO - Processing file /home/airflow/.local/lib/python3.7/site-packages/airflow/example_dags/example_branch_operator.py for tasks to queue
[2022-10-09T06:43:42.501+0000] {logging_mixin.py:117} INFO - [2022-10-09T06:43:42.501+0000] {dagbag.py:525} INFO - Filling up the DagBag from /home/airflow/.local/lib/python3.7/site-packages/airflow/example_dags/example_branch_operator.py
[2022-10-09T06:43:42.513+0000] {processor.py:768} INFO - DAG(s) dict_keys(['example_branch_operator']) retrieved from /home/airflow/.local/lib/python3.7/site-packages/airflow/example_dags/example_branch_operator.py
[2022-10-09T06:43:42.542+0000] {logging_mixin.py:117} INFO - [2022-10-09T06:43:42.542+0000] {dag.py:2573} INFO - Sync 1 DAGs
[2022-10-09T06:43:42.558+0000] {logging_mixin.py:117} INFO - [2022-10-09T06:43:42.558+0000] {dag.py:3328} INFO - Setting next_dagrun for example_branch_operator to 2022-10-08T00:00:00+00:00, run_after=2022-10-09T00:00:00+00:00
[2022-10-09T06:43:42.570+0000] {processor.py:178} INFO - Processing /home/airflow/.local/lib/python3.7/site-packages/airflow/example_dags/example_branch_operator.py took 0.075 seconds
[2022-10-09T06:44:12.851+0000] {processor.py:156} INFO - Started process (PID=483) to work on /home/airflow/.local/lib/python3.7/site-packages/airflow/example_dags/example_branch_operator.py
[2022-10-09T06:44:12.853+0000] {processor.py:758} INFO - Processing file /home/airflow/.local/lib/python3.7/site-packages/airflow/example_dags/example_branch_operator.py for tasks to queue
[2022-10-09T06:44:12.855+0000] {logging_mixin.py:117} INFO - [2022-10-09T06:44:12.855+0000] {dagbag.py:525} INFO - Filling up the DagBag from /home/airflow/.local/lib/python3.7/site-packages/airflow/example_dags/example_branch_operator.py
[2022-10-09T06:44:12.867+0000] {processor.py:768} INFO - DAG(s) dict_keys(['example_branch_operator']) retrieved from /home/airflow/.local/lib/python3.7/site-packages/airflow/example_dags/example_branch_operator.py
[2022-10-09T06:44:12.893+0000] {logging_mixin.py:117} INFO - [2022-10-09T06:44:12.893+0000] {dag.py:2573} INFO - Sync 1 DAGs
[2022-10-09T06:44:12.910+0000] {logging_mixin.py:117} INFO - [2022-10-09T06:44:12.910+0000] {dag.py:3328} INFO - Setting next_dagrun for example_branch_operator to 2022-10-08T00:00:00+00:00, run_after=2022-10-09T00:00:00+00:00
[2022-10-09T06:44:12.922+0000] {processor.py:178} INFO - Processing /home/airflow/.local/lib/python3.7/site-packages/airflow/example_dags/example_branch_operator.py took 0.072 seconds
[2022-10-09T06:44:43.211+0000] {processor.py:156} INFO - Started process (PID=546) to work on /home/airflow/.local/lib/python3.7/site-packages/airflow/example_dags/example_branch_operator.py
[2022-10-09T06:44:43.212+0000] {processor.py:758} INFO - Processing file /home/airflow/.local/lib/python3.7/site-packages/airflow/example_dags/example_branch_operator.py for tasks to queue
[2022-10-09T06:44:43.212+0000] {logging_mixin.py:117} INFO - [2022-10-09T06:44:43.212+0000] {dagbag.py:525} INFO - Filling up the DagBag from /home/airflow/.local/lib/python3.7/site-packages/airflow/example_dags/example_branch_operator.py
[2022-10-09T06:44:43.223+0000] {processor.py:768} INFO - DAG(s) dict_keys(['example_branch_operator']) retrieved from /home/airflow/.local/lib/python3.7/site-packages/airflow/example_dags/example_branch_operator.py
[2022-10-09T06:44:43.247+0000] {logging_mixin.py:117} INFO - [2022-10-09T06:44:43.247+0000] {dag.py:2573} INFO - Sync 1 DAGs
[2022-10-09T06:44:43.262+0000] {logging_mixin.py:117} INFO - [2022-10-09T06:44:43.261+0000] {dag.py:3328} INFO - Setting next_dagrun for example_branch_operator to 2022-10-08T00:00:00+00:00, run_after=2022-10-09T00:00:00+00:00
[2022-10-09T06:44:43.272+0000] {processor.py:178} INFO - Processing /home/airflow/.local/lib/python3.7/site-packages/airflow/example_dags/example_branch_operator.py took 0.063 seconds
[2022-10-09T06:45:13.394+0000] {processor.py:156} INFO - Started process (PID=600) to work on /home/airflow/.local/lib/python3.7/site-packages/airflow/example_dags/example_branch_operator.py
[2022-10-09T06:45:13.395+0000] {processor.py:758} INFO - Processing file /home/airflow/.local/lib/python3.7/site-packages/airflow/example_dags/example_branch_operator.py for tasks to queue
[2022-10-09T06:45:13.396+0000] {logging_mixin.py:117} INFO - [2022-10-09T06:45:13.396+0000] {dagbag.py:525} INFO - Filling up the DagBag from /home/airflow/.local/lib/python3.7/site-packages/airflow/example_dags/example_branch_operator.py
[2022-10-09T06:45:13.410+0000] {processor.py:768} INFO - DAG(s) dict_keys(['example_branch_operator']) retrieved from /home/airflow/.local/lib/python3.7/site-packages/airflow/example_dags/example_branch_operator.py
[2022-10-09T06:45:13.436+0000] {logging_mixin.py:117} INFO - [2022-10-09T06:45:13.436+0000] {dag.py:2573} INFO - Sync 1 DAGs
[2022-10-09T06:45:13.452+0000] {logging_mixin.py:117} INFO - [2022-10-09T06:45:13.452+0000] {dag.py:3328} INFO - Setting next_dagrun for example_branch_operator to 2022-10-08T00:00:00+00:00, run_after=2022-10-09T00:00:00+00:00
[2022-10-09T06:45:13.466+0000] {processor.py:178} INFO - Processing /home/airflow/.local/lib/python3.7/site-packages/airflow/example_dags/example_branch_operator.py took 0.074 seconds
[2022-10-09T06:45:43.775+0000] {processor.py:156} INFO - Started process (PID=662) to work on /home/airflow/.local/lib/python3.7/site-packages/airflow/example_dags/example_branch_operator.py
[2022-10-09T06:45:43.778+0000] {processor.py:758} INFO - Processing file /home/airflow/.local/lib/python3.7/site-packages/airflow/example_dags/example_branch_operator.py for tasks to queue
[2022-10-09T06:45:43.779+0000] {logging_mixin.py:117} INFO - [2022-10-09T06:45:43.779+0000] {dagbag.py:525} INFO - Filling up the DagBag from /home/airflow/.local/lib/python3.7/site-packages/airflow/example_dags/example_branch_operator.py
[2022-10-09T06:45:43.791+0000] {processor.py:768} INFO - DAG(s) dict_keys(['example_branch_operator']) retrieved from /home/airflow/.local/lib/python3.7/site-packages/airflow/example_dags/example_branch_operator.py
[2022-10-09T06:45:43.815+0000] {logging_mixin.py:117} INFO - [2022-10-09T06:45:43.815+0000] {dag.py:2573} INFO - Sync 1 DAGs
[2022-10-09T06:45:43.830+0000] {logging_mixin.py:117} INFO - [2022-10-09T06:45:43.830+0000] {dag.py:3328} INFO - Setting next_dagrun for example_branch_operator to 2022-10-08T00:00:00+00:00, run_after=2022-10-09T00:00:00+00:00
[2022-10-09T06:45:43.843+0000] {processor.py:178} INFO - Processing /home/airflow/.local/lib/python3.7/site-packages/airflow/example_dags/example_branch_operator.py took 0.073 seconds
[2022-10-09T06:46:13.889+0000] {processor.py:156} INFO - Started process (PID=726) to work on /home/airflow/.local/lib/python3.7/site-packages/airflow/example_dags/example_branch_operator.py
[2022-10-09T06:46:13.891+0000] {processor.py:758} INFO - Processing file /home/airflow/.local/lib/python3.7/site-packages/airflow/example_dags/example_branch_operator.py for tasks to queue
[2022-10-09T06:46:13.892+0000] {logging_mixin.py:117} INFO - [2022-10-09T06:46:13.892+0000] {dagbag.py:525} INFO - Filling up the DagBag from /home/airflow/.local/lib/python3.7/site-packages/airflow/example_dags/example_branch_operator.py
[2022-10-09T06:46:13.904+0000] {processor.py:768} INFO - DAG(s) dict_keys(['example_branch_operator']) retrieved from /home/airflow/.local/lib/python3.7/site-packages/airflow/example_dags/example_branch_operator.py
[2022-10-09T06:46:13.932+0000] {logging_mixin.py:117} INFO - [2022-10-09T06:46:13.932+0000] {dag.py:2573} INFO - Sync 1 DAGs
[2022-10-09T06:46:13.949+0000] {logging_mixin.py:117} INFO - [2022-10-09T06:46:13.949+0000] {dag.py:3328} INFO - Setting next_dagrun for example_branch_operator to 2022-10-08T00:00:00+00:00, run_after=2022-10-09T00:00:00+00:00
[2022-10-09T06:46:13.963+0000] {processor.py:178} INFO - Processing /home/airflow/.local/lib/python3.7/site-packages/airflow/example_dags/example_branch_operator.py took 0.078 seconds
[2022-10-09T06:46:44.251+0000] {processor.py:156} INFO - Started process (PID=790) to work on /home/airflow/.local/lib/python3.7/site-packages/airflow/example_dags/example_branch_operator.py
[2022-10-09T06:46:44.253+0000] {processor.py:758} INFO - Processing file /home/airflow/.local/lib/python3.7/site-packages/airflow/example_dags/example_branch_operator.py for tasks to queue
[2022-10-09T06:46:44.254+0000] {logging_mixin.py:117} INFO - [2022-10-09T06:46:44.254+0000] {dagbag.py:525} INFO - Filling up the DagBag from /home/airflow/.local/lib/python3.7/site-packages/airflow/example_dags/example_branch_operator.py
[2022-10-09T06:46:44.267+0000] {processor.py:768} INFO - DAG(s) dict_keys(['example_branch_operator']) retrieved from /home/airflow/.local/lib/python3.7/site-packages/airflow/example_dags/example_branch_operator.py
[2022-10-09T06:46:44.293+0000] {logging_mixin.py:117} INFO - [2022-10-09T06:46:44.293+0000] {dag.py:2573} INFO - Sync 1 DAGs
[2022-10-09T06:46:44.308+0000] {logging_mixin.py:117} INFO - [2022-10-09T06:46:44.308+0000] {dag.py:3328} INFO - Setting next_dagrun for example_branch_operator to 2022-10-08T00:00:00+00:00, run_after=2022-10-09T00:00:00+00:00
[2022-10-09T06:46:44.319+0000] {processor.py:178} INFO - Processing /home/airflow/.local/lib/python3.7/site-packages/airflow/example_dags/example_branch_operator.py took 0.070 seconds
[2022-10-09T06:47:14.406+0000] {processor.py:156} INFO - Started process (PID=852) to work on /home/airflow/.local/lib/python3.7/site-packages/airflow/example_dags/example_branch_operator.py
[2022-10-09T06:47:14.408+0000] {processor.py:758} INFO - Processing file /home/airflow/.local/lib/python3.7/site-packages/airflow/example_dags/example_branch_operator.py for tasks to queue
[2022-10-09T06:47:14.409+0000] {logging_mixin.py:117} INFO - [2022-10-09T06:47:14.409+0000] {dagbag.py:525} INFO - Filling up the DagBag from /home/airflow/.local/lib/python3.7/site-packages/airflow/example_dags/example_branch_operator.py
[2022-10-09T06:47:14.420+0000] {processor.py:768} INFO - DAG(s) dict_keys(['example_branch_operator']) retrieved from /home/airflow/.local/lib/python3.7/site-packages/airflow/example_dags/example_branch_operator.py
[2022-10-09T06:47:14.451+0000] {logging_mixin.py:117} INFO - [2022-10-09T06:47:14.451+0000] {dag.py:2573} INFO - Sync 1 DAGs
[2022-10-09T06:47:14.468+0000] {logging_mixin.py:117} INFO - [2022-10-09T06:47:14.468+0000] {dag.py:3328} INFO - Setting next_dagrun for example_branch_operator to 2022-10-08T00:00:00+00:00, run_after=2022-10-09T00:00:00+00:00
[2022-10-09T06:47:14.483+0000] {processor.py:178} INFO - Processing /home/airflow/.local/lib/python3.7/site-packages/airflow/example_dags/example_branch_operator.py took 0.079 seconds
[2022-10-09T06:47:44.643+0000] {processor.py:156} INFO - Started process (PID=905) to work on /home/airflow/.local/lib/python3.7/site-packages/airflow/example_dags/example_branch_operator.py
[2022-10-09T06:47:44.644+0000] {processor.py:758} INFO - Processing file /home/airflow/.local/lib/python3.7/site-packages/airflow/example_dags/example_branch_operator.py for tasks to queue
[2022-10-09T06:47:44.646+0000] {logging_mixin.py:117} INFO - [2022-10-09T06:47:44.645+0000] {dagbag.py:525} INFO - Filling up the DagBag from /home/airflow/.local/lib/python3.7/site-packages/airflow/example_dags/example_branch_operator.py
[2022-10-09T06:47:44.662+0000] {processor.py:768} INFO - DAG(s) dict_keys(['example_branch_operator']) retrieved from /home/airflow/.local/lib/python3.7/site-packages/airflow/example_dags/example_branch_operator.py
[2022-10-09T06:47:44.692+0000] {logging_mixin.py:117} INFO - [2022-10-09T06:47:44.692+0000] {dag.py:2573} INFO - Sync 1 DAGs
[2022-10-09T06:47:44.708+0000] {logging_mixin.py:117} INFO - [2022-10-09T06:47:44.707+0000] {dag.py:3328} INFO - Setting next_dagrun for example_branch_operator to 2022-10-08T00:00:00+00:00, run_after=2022-10-09T00:00:00+00:00
[2022-10-09T06:47:44.720+0000] {processor.py:178} INFO - Processing /home/airflow/.local/lib/python3.7/site-packages/airflow/example_dags/example_branch_operator.py took 0.079 seconds
[2022-10-09T06:48:14.968+0000] {processor.py:156} INFO - Started process (PID=967) to work on /home/airflow/.local/lib/python3.7/site-packages/airflow/example_dags/example_branch_operator.py
[2022-10-09T06:48:14.970+0000] {processor.py:758} INFO - Processing file /home/airflow/.local/lib/python3.7/site-packages/airflow/example_dags/example_branch_operator.py for tasks to queue
[2022-10-09T06:48:14.971+0000] {logging_mixin.py:117} INFO - [2022-10-09T06:48:14.971+0000] {dagbag.py:525} INFO - Filling up the DagBag from /home/airflow/.local/lib/python3.7/site-packages/airflow/example_dags/example_branch_operator.py
[2022-10-09T06:48:14.982+0000] {processor.py:768} INFO - DAG(s) dict_keys(['example_branch_operator']) retrieved from /home/airflow/.local/lib/python3.7/site-packages/airflow/example_dags/example_branch_operator.py
[2022-10-09T06:48:15.008+0000] {logging_mixin.py:117} INFO - [2022-10-09T06:48:15.008+0000] {dag.py:2573} INFO - Sync 1 DAGs
[2022-10-09T06:48:15.024+0000] {logging_mixin.py:117} INFO - [2022-10-09T06:48:15.023+0000] {dag.py:3328} INFO - Setting next_dagrun for example_branch_operator to 2022-10-08T00:00:00+00:00, run_after=2022-10-09T00:00:00+00:00
[2022-10-09T06:48:15.035+0000] {processor.py:178} INFO - Processing /home/airflow/.local/lib/python3.7/site-packages/airflow/example_dags/example_branch_operator.py took 0.070 seconds
[2022-10-09T06:59:09.889+0000] {processor.py:156} INFO - Started process (PID=1021) to work on /home/airflow/.local/lib/python3.7/site-packages/airflow/example_dags/example_branch_operator.py
[2022-10-09T06:59:09.891+0000] {processor.py:758} INFO - Processing file /home/airflow/.local/lib/python3.7/site-packages/airflow/example_dags/example_branch_operator.py for tasks to queue
[2022-10-09T06:59:09.892+0000] {logging_mixin.py:117} INFO - [2022-10-09T06:59:09.892+0000] {dagbag.py:525} INFO - Filling up the DagBag from /home/airflow/.local/lib/python3.7/site-packages/airflow/example_dags/example_branch_operator.py
[2022-10-09T06:59:09.912+0000] {processor.py:768} INFO - DAG(s) dict_keys(['example_branch_operator']) retrieved from /home/airflow/.local/lib/python3.7/site-packages/airflow/example_dags/example_branch_operator.py
[2022-10-09T06:59:09.971+0000] {logging_mixin.py:117} INFO - [2022-10-09T06:59:09.971+0000] {dag.py:2573} INFO - Sync 1 DAGs
[2022-10-09T06:59:10.001+0000] {logging_mixin.py:117} INFO - [2022-10-09T06:59:10.001+0000] {dag.py:3328} INFO - Setting next_dagrun for example_branch_operator to 2022-10-08T00:00:00+00:00, run_after=2022-10-09T00:00:00+00:00
[2022-10-09T06:59:10.033+0000] {processor.py:178} INFO - Processing /home/airflow/.local/lib/python3.7/site-packages/airflow/example_dags/example_branch_operator.py took 0.147 seconds
[2022-10-09T06:59:40.785+0000] {processor.py:156} INFO - Started process (PID=1085) to work on /home/airflow/.local/lib/python3.7/site-packages/airflow/example_dags/example_branch_operator.py
[2022-10-09T06:59:40.787+0000] {processor.py:758} INFO - Processing file /home/airflow/.local/lib/python3.7/site-packages/airflow/example_dags/example_branch_operator.py for tasks to queue
[2022-10-09T06:59:40.788+0000] {logging_mixin.py:117} INFO - [2022-10-09T06:59:40.788+0000] {dagbag.py:525} INFO - Filling up the DagBag from /home/airflow/.local/lib/python3.7/site-packages/airflow/example_dags/example_branch_operator.py
[2022-10-09T06:59:40.800+0000] {processor.py:768} INFO - DAG(s) dict_keys(['example_branch_operator']) retrieved from /home/airflow/.local/lib/python3.7/site-packages/airflow/example_dags/example_branch_operator.py
[2022-10-09T06:59:40.825+0000] {logging_mixin.py:117} INFO - [2022-10-09T06:59:40.825+0000] {dag.py:2573} INFO - Sync 1 DAGs
[2022-10-09T06:59:40.841+0000] {logging_mixin.py:117} INFO - [2022-10-09T06:59:40.841+0000] {dag.py:3328} INFO - Setting next_dagrun for example_branch_operator to 2022-10-08T00:00:00+00:00, run_after=2022-10-09T00:00:00+00:00
[2022-10-09T06:59:40.852+0000] {processor.py:178} INFO - Processing /home/airflow/.local/lib/python3.7/site-packages/airflow/example_dags/example_branch_operator.py took 0.068 seconds
[2022-10-09T07:00:11.405+0000] {processor.py:156} INFO - Started process (PID=1148) to work on /home/airflow/.local/lib/python3.7/site-packages/airflow/example_dags/example_branch_operator.py
[2022-10-09T07:00:11.413+0000] {processor.py:758} INFO - Processing file /home/airflow/.local/lib/python3.7/site-packages/airflow/example_dags/example_branch_operator.py for tasks to queue
[2022-10-09T07:00:11.415+0000] {logging_mixin.py:117} INFO - [2022-10-09T07:00:11.415+0000] {dagbag.py:525} INFO - Filling up the DagBag from /home/airflow/.local/lib/python3.7/site-packages/airflow/example_dags/example_branch_operator.py
[2022-10-09T07:00:11.438+0000] {processor.py:768} INFO - DAG(s) dict_keys(['example_branch_operator']) retrieved from /home/airflow/.local/lib/python3.7/site-packages/airflow/example_dags/example_branch_operator.py
[2022-10-09T07:00:11.470+0000] {logging_mixin.py:117} INFO - [2022-10-09T07:00:11.470+0000] {dag.py:2573} INFO - Sync 1 DAGs
[2022-10-09T07:00:11.493+0000] {logging_mixin.py:117} INFO - [2022-10-09T07:00:11.493+0000] {dag.py:3328} INFO - Setting next_dagrun for example_branch_operator to 2022-10-08T00:00:00+00:00, run_after=2022-10-09T00:00:00+00:00
[2022-10-09T07:00:11.507+0000] {processor.py:178} INFO - Processing /home/airflow/.local/lib/python3.7/site-packages/airflow/example_dags/example_branch_operator.py took 0.104 seconds
[2022-10-09T07:00:41.780+0000] {processor.py:156} INFO - Started process (PID=1202) to work on /home/airflow/.local/lib/python3.7/site-packages/airflow/example_dags/example_branch_operator.py
[2022-10-09T07:00:41.782+0000] {processor.py:758} INFO - Processing file /home/airflow/.local/lib/python3.7/site-packages/airflow/example_dags/example_branch_operator.py for tasks to queue
[2022-10-09T07:00:41.783+0000] {logging_mixin.py:117} INFO - [2022-10-09T07:00:41.783+0000] {dagbag.py:525} INFO - Filling up the DagBag from /home/airflow/.local/lib/python3.7/site-packages/airflow/example_dags/example_branch_operator.py
[2022-10-09T07:00:41.795+0000] {processor.py:768} INFO - DAG(s) dict_keys(['example_branch_operator']) retrieved from /home/airflow/.local/lib/python3.7/site-packages/airflow/example_dags/example_branch_operator.py
[2022-10-09T07:00:41.823+0000] {logging_mixin.py:117} INFO - [2022-10-09T07:00:41.822+0000] {dag.py:2573} INFO - Sync 1 DAGs
[2022-10-09T07:00:41.840+0000] {logging_mixin.py:117} INFO - [2022-10-09T07:00:41.840+0000] {dag.py:3328} INFO - Setting next_dagrun for example_branch_operator to 2022-10-08T00:00:00+00:00, run_after=2022-10-09T00:00:00+00:00
[2022-10-09T07:00:41.855+0000] {processor.py:178} INFO - Processing /home/airflow/.local/lib/python3.7/site-packages/airflow/example_dags/example_branch_operator.py took 0.077 seconds
[2022-10-09T07:01:12.024+0000] {processor.py:156} INFO - Started process (PID=1264) to work on /home/airflow/.local/lib/python3.7/site-packages/airflow/example_dags/example_branch_operator.py
[2022-10-09T07:01:12.026+0000] {processor.py:758} INFO - Processing file /home/airflow/.local/lib/python3.7/site-packages/airflow/example_dags/example_branch_operator.py for tasks to queue
[2022-10-09T07:01:12.027+0000] {logging_mixin.py:117} INFO - [2022-10-09T07:01:12.027+0000] {dagbag.py:525} INFO - Filling up the DagBag from /home/airflow/.local/lib/python3.7/site-packages/airflow/example_dags/example_branch_operator.py
[2022-10-09T07:01:12.038+0000] {processor.py:768} INFO - DAG(s) dict_keys(['example_branch_operator']) retrieved from /home/airflow/.local/lib/python3.7/site-packages/airflow/example_dags/example_branch_operator.py
[2022-10-09T07:01:12.070+0000] {logging_mixin.py:117} INFO - [2022-10-09T07:01:12.070+0000] {dag.py:2573} INFO - Sync 1 DAGs
[2022-10-09T07:01:12.086+0000] {logging_mixin.py:117} INFO - [2022-10-09T07:01:12.086+0000] {dag.py:3328} INFO - Setting next_dagrun for example_branch_operator to 2022-10-08T00:00:00+00:00, run_after=2022-10-09T00:00:00+00:00
[2022-10-09T07:01:12.099+0000] {processor.py:178} INFO - Processing /home/airflow/.local/lib/python3.7/site-packages/airflow/example_dags/example_branch_operator.py took 0.077 seconds
[2022-10-09T07:01:42.286+0000] {processor.py:156} INFO - Started process (PID=1327) to work on /home/airflow/.local/lib/python3.7/site-packages/airflow/example_dags/example_branch_operator.py
[2022-10-09T07:01:42.288+0000] {processor.py:758} INFO - Processing file /home/airflow/.local/lib/python3.7/site-packages/airflow/example_dags/example_branch_operator.py for tasks to queue
[2022-10-09T07:01:42.289+0000] {logging_mixin.py:117} INFO - [2022-10-09T07:01:42.289+0000] {dagbag.py:525} INFO - Filling up the DagBag from /home/airflow/.local/lib/python3.7/site-packages/airflow/example_dags/example_branch_operator.py
[2022-10-09T07:01:42.299+0000] {processor.py:768} INFO - DAG(s) dict_keys(['example_branch_operator']) retrieved from /home/airflow/.local/lib/python3.7/site-packages/airflow/example_dags/example_branch_operator.py
[2022-10-09T07:01:42.323+0000] {logging_mixin.py:117} INFO - [2022-10-09T07:01:42.323+0000] {dag.py:2573} INFO - Sync 1 DAGs
[2022-10-09T07:01:42.337+0000] {logging_mixin.py:117} INFO - [2022-10-09T07:01:42.337+0000] {dag.py:3328} INFO - Setting next_dagrun for example_branch_operator to 2022-10-08T00:00:00+00:00, run_after=2022-10-09T00:00:00+00:00
[2022-10-09T07:01:42.348+0000] {processor.py:178} INFO - Processing /home/airflow/.local/lib/python3.7/site-packages/airflow/example_dags/example_branch_operator.py took 0.065 seconds
[2022-10-09T07:02:12.527+0000] {processor.py:156} INFO - Started process (PID=1390) to work on /home/airflow/.local/lib/python3.7/site-packages/airflow/example_dags/example_branch_operator.py
[2022-10-09T07:02:12.529+0000] {processor.py:758} INFO - Processing file /home/airflow/.local/lib/python3.7/site-packages/airflow/example_dags/example_branch_operator.py for tasks to queue
[2022-10-09T07:02:12.530+0000] {logging_mixin.py:117} INFO - [2022-10-09T07:02:12.530+0000] {dagbag.py:525} INFO - Filling up the DagBag from /home/airflow/.local/lib/python3.7/site-packages/airflow/example_dags/example_branch_operator.py
[2022-10-09T07:02:12.543+0000] {processor.py:768} INFO - DAG(s) dict_keys(['example_branch_operator']) retrieved from /home/airflow/.local/lib/python3.7/site-packages/airflow/example_dags/example_branch_operator.py
[2022-10-09T07:02:12.571+0000] {logging_mixin.py:117} INFO - [2022-10-09T07:02:12.571+0000] {dag.py:2573} INFO - Sync 1 DAGs
[2022-10-09T07:02:12.587+0000] {logging_mixin.py:117} INFO - [2022-10-09T07:02:12.586+0000] {dag.py:3328} INFO - Setting next_dagrun for example_branch_operator to 2022-10-08T00:00:00+00:00, run_after=2022-10-09T00:00:00+00:00
[2022-10-09T07:02:12.600+0000] {processor.py:178} INFO - Processing /home/airflow/.local/lib/python3.7/site-packages/airflow/example_dags/example_branch_operator.py took 0.075 seconds
[2022-10-09T07:02:42.968+0000] {processor.py:156} INFO - Started process (PID=1453) to work on /home/airflow/.local/lib/python3.7/site-packages/airflow/example_dags/example_branch_operator.py
[2022-10-09T07:02:42.978+0000] {processor.py:758} INFO - Processing file /home/airflow/.local/lib/python3.7/site-packages/airflow/example_dags/example_branch_operator.py for tasks to queue
[2022-10-09T07:02:42.982+0000] {logging_mixin.py:117} INFO - [2022-10-09T07:02:42.982+0000] {dagbag.py:525} INFO - Filling up the DagBag from /home/airflow/.local/lib/python3.7/site-packages/airflow/example_dags/example_branch_operator.py
[2022-10-09T07:02:43.008+0000] {processor.py:768} INFO - DAG(s) dict_keys(['example_branch_operator']) retrieved from /home/airflow/.local/lib/python3.7/site-packages/airflow/example_dags/example_branch_operator.py
[2022-10-09T07:02:43.063+0000] {logging_mixin.py:117} INFO - [2022-10-09T07:02:43.063+0000] {dag.py:2573} INFO - Sync 1 DAGs
[2022-10-09T07:02:43.097+0000] {logging_mixin.py:117} INFO - [2022-10-09T07:02:43.097+0000] {dag.py:3328} INFO - Setting next_dagrun for example_branch_operator to 2022-10-08T00:00:00+00:00, run_after=2022-10-09T00:00:00+00:00
[2022-10-09T07:02:43.119+0000] {processor.py:178} INFO - Processing /home/airflow/.local/lib/python3.7/site-packages/airflow/example_dags/example_branch_operator.py took 0.153 seconds
[2022-10-09T07:03:13.615+0000] {processor.py:156} INFO - Started process (PID=1507) to work on /home/airflow/.local/lib/python3.7/site-packages/airflow/example_dags/example_branch_operator.py
[2022-10-09T07:03:13.617+0000] {processor.py:758} INFO - Processing file /home/airflow/.local/lib/python3.7/site-packages/airflow/example_dags/example_branch_operator.py for tasks to queue
[2022-10-09T07:03:13.619+0000] {logging_mixin.py:117} INFO - [2022-10-09T07:03:13.619+0000] {dagbag.py:525} INFO - Filling up the DagBag from /home/airflow/.local/lib/python3.7/site-packages/airflow/example_dags/example_branch_operator.py
[2022-10-09T07:03:13.631+0000] {processor.py:768} INFO - DAG(s) dict_keys(['example_branch_operator']) retrieved from /home/airflow/.local/lib/python3.7/site-packages/airflow/example_dags/example_branch_operator.py
[2022-10-09T07:03:13.661+0000] {logging_mixin.py:117} INFO - [2022-10-09T07:03:13.661+0000] {dag.py:2573} INFO - Sync 1 DAGs
[2022-10-09T07:03:13.676+0000] {logging_mixin.py:117} INFO - [2022-10-09T07:03:13.676+0000] {dag.py:3328} INFO - Setting next_dagrun for example_branch_operator to 2022-10-08T00:00:00+00:00, run_after=2022-10-09T00:00:00+00:00
[2022-10-09T07:03:13.688+0000] {processor.py:178} INFO - Processing /home/airflow/.local/lib/python3.7/site-packages/airflow/example_dags/example_branch_operator.py took 0.076 seconds
[2022-10-09T07:03:43.860+0000] {processor.py:156} INFO - Started process (PID=1570) to work on /home/airflow/.local/lib/python3.7/site-packages/airflow/example_dags/example_branch_operator.py
[2022-10-09T07:03:43.862+0000] {processor.py:758} INFO - Processing file /home/airflow/.local/lib/python3.7/site-packages/airflow/example_dags/example_branch_operator.py for tasks to queue
[2022-10-09T07:03:43.862+0000] {logging_mixin.py:117} INFO - [2022-10-09T07:03:43.862+0000] {dagbag.py:525} INFO - Filling up the DagBag from /home/airflow/.local/lib/python3.7/site-packages/airflow/example_dags/example_branch_operator.py
[2022-10-09T07:03:43.874+0000] {processor.py:768} INFO - DAG(s) dict_keys(['example_branch_operator']) retrieved from /home/airflow/.local/lib/python3.7/site-packages/airflow/example_dags/example_branch_operator.py
[2022-10-09T07:03:43.900+0000] {logging_mixin.py:117} INFO - [2022-10-09T07:03:43.900+0000] {dag.py:2573} INFO - Sync 1 DAGs
[2022-10-09T07:03:43.916+0000] {logging_mixin.py:117} INFO - [2022-10-09T07:03:43.916+0000] {dag.py:3328} INFO - Setting next_dagrun for example_branch_operator to 2022-10-08T00:00:00+00:00, run_after=2022-10-09T00:00:00+00:00
[2022-10-09T07:03:43.928+0000] {processor.py:178} INFO - Processing /home/airflow/.local/lib/python3.7/site-packages/airflow/example_dags/example_branch_operator.py took 0.070 seconds
[2022-10-09T07:04:14.079+0000] {processor.py:156} INFO - Started process (PID=1632) to work on /home/airflow/.local/lib/python3.7/site-packages/airflow/example_dags/example_branch_operator.py
[2022-10-09T07:04:14.081+0000] {processor.py:758} INFO - Processing file /home/airflow/.local/lib/python3.7/site-packages/airflow/example_dags/example_branch_operator.py for tasks to queue
[2022-10-09T07:04:14.082+0000] {logging_mixin.py:117} INFO - [2022-10-09T07:04:14.082+0000] {dagbag.py:525} INFO - Filling up the DagBag from /home/airflow/.local/lib/python3.7/site-packages/airflow/example_dags/example_branch_operator.py
[2022-10-09T07:04:14.095+0000] {processor.py:768} INFO - DAG(s) dict_keys(['example_branch_operator']) retrieved from /home/airflow/.local/lib/python3.7/site-packages/airflow/example_dags/example_branch_operator.py
[2022-10-09T07:04:14.129+0000] {logging_mixin.py:117} INFO - [2022-10-09T07:04:14.129+0000] {dag.py:2573} INFO - Sync 1 DAGs
[2022-10-09T07:04:14.147+0000] {logging_mixin.py:117} INFO - [2022-10-09T07:04:14.147+0000] {dag.py:3328} INFO - Setting next_dagrun for example_branch_operator to 2022-10-08T00:00:00+00:00, run_after=2022-10-09T00:00:00+00:00
[2022-10-09T07:04:14.161+0000] {processor.py:178} INFO - Processing /home/airflow/.local/lib/python3.7/site-packages/airflow/example_dags/example_branch_operator.py took 0.084 seconds
[2022-10-09T07:04:44.890+0000] {processor.py:156} INFO - Started process (PID=1695) to work on /home/airflow/.local/lib/python3.7/site-packages/airflow/example_dags/example_branch_operator.py
[2022-10-09T07:04:44.894+0000] {processor.py:758} INFO - Processing file /home/airflow/.local/lib/python3.7/site-packages/airflow/example_dags/example_branch_operator.py for tasks to queue
[2022-10-09T07:04:44.895+0000] {logging_mixin.py:117} INFO - [2022-10-09T07:04:44.895+0000] {dagbag.py:525} INFO - Filling up the DagBag from /home/airflow/.local/lib/python3.7/site-packages/airflow/example_dags/example_branch_operator.py
[2022-10-09T07:04:44.910+0000] {processor.py:768} INFO - DAG(s) dict_keys(['example_branch_operator']) retrieved from /home/airflow/.local/lib/python3.7/site-packages/airflow/example_dags/example_branch_operator.py
[2022-10-09T07:04:44.936+0000] {logging_mixin.py:117} INFO - [2022-10-09T07:04:44.936+0000] {dag.py:2573} INFO - Sync 1 DAGs
[2022-10-09T07:04:44.952+0000] {logging_mixin.py:117} INFO - [2022-10-09T07:04:44.952+0000] {dag.py:3328} INFO - Setting next_dagrun for example_branch_operator to 2022-10-08T00:00:00+00:00, run_after=2022-10-09T00:00:00+00:00
[2022-10-09T07:04:44.964+0000] {processor.py:178} INFO - Processing /home/airflow/.local/lib/python3.7/site-packages/airflow/example_dags/example_branch_operator.py took 0.076 seconds
[2022-10-09T07:05:15.415+0000] {processor.py:156} INFO - Started process (PID=1758) to work on /home/airflow/.local/lib/python3.7/site-packages/airflow/example_dags/example_branch_operator.py
[2022-10-09T07:05:15.420+0000] {processor.py:758} INFO - Processing file /home/airflow/.local/lib/python3.7/site-packages/airflow/example_dags/example_branch_operator.py for tasks to queue
[2022-10-09T07:05:15.424+0000] {logging_mixin.py:117} INFO - [2022-10-09T07:05:15.424+0000] {dagbag.py:525} INFO - Filling up the DagBag from /home/airflow/.local/lib/python3.7/site-packages/airflow/example_dags/example_branch_operator.py
[2022-10-09T07:05:15.453+0000] {processor.py:768} INFO - DAG(s) dict_keys(['example_branch_operator']) retrieved from /home/airflow/.local/lib/python3.7/site-packages/airflow/example_dags/example_branch_operator.py
[2022-10-09T07:05:15.486+0000] {logging_mixin.py:117} INFO - [2022-10-09T07:05:15.486+0000] {dag.py:2573} INFO - Sync 1 DAGs
[2022-10-09T07:05:15.508+0000] {logging_mixin.py:117} INFO - [2022-10-09T07:05:15.507+0000] {dag.py:3328} INFO - Setting next_dagrun for example_branch_operator to 2022-10-08T00:00:00+00:00, run_after=2022-10-09T00:00:00+00:00
[2022-10-09T07:05:15.525+0000] {processor.py:178} INFO - Processing /home/airflow/.local/lib/python3.7/site-packages/airflow/example_dags/example_branch_operator.py took 0.113 seconds
[2022-10-09T07:05:45.825+0000] {processor.py:156} INFO - Started process (PID=1812) to work on /home/airflow/.local/lib/python3.7/site-packages/airflow/example_dags/example_branch_operator.py
[2022-10-09T07:05:45.827+0000] {processor.py:758} INFO - Processing file /home/airflow/.local/lib/python3.7/site-packages/airflow/example_dags/example_branch_operator.py for tasks to queue
[2022-10-09T07:05:45.828+0000] {logging_mixin.py:117} INFO - [2022-10-09T07:05:45.828+0000] {dagbag.py:525} INFO - Filling up the DagBag from /home/airflow/.local/lib/python3.7/site-packages/airflow/example_dags/example_branch_operator.py
[2022-10-09T07:05:45.840+0000] {processor.py:768} INFO - DAG(s) dict_keys(['example_branch_operator']) retrieved from /home/airflow/.local/lib/python3.7/site-packages/airflow/example_dags/example_branch_operator.py
[2022-10-09T07:05:45.867+0000] {logging_mixin.py:117} INFO - [2022-10-09T07:05:45.867+0000] {dag.py:2573} INFO - Sync 1 DAGs
[2022-10-09T07:05:45.884+0000] {logging_mixin.py:117} INFO - [2022-10-09T07:05:45.883+0000] {dag.py:3328} INFO - Setting next_dagrun for example_branch_operator to 2022-10-08T00:00:00+00:00, run_after=2022-10-09T00:00:00+00:00
[2022-10-09T07:05:45.895+0000] {processor.py:178} INFO - Processing /home/airflow/.local/lib/python3.7/site-packages/airflow/example_dags/example_branch_operator.py took 0.072 seconds
[2022-10-09T07:06:16.599+0000] {processor.py:156} INFO - Started process (PID=1875) to work on /home/airflow/.local/lib/python3.7/site-packages/airflow/example_dags/example_branch_operator.py
[2022-10-09T07:06:16.601+0000] {processor.py:758} INFO - Processing file /home/airflow/.local/lib/python3.7/site-packages/airflow/example_dags/example_branch_operator.py for tasks to queue
[2022-10-09T07:06:16.602+0000] {logging_mixin.py:117} INFO - [2022-10-09T07:06:16.601+0000] {dagbag.py:525} INFO - Filling up the DagBag from /home/airflow/.local/lib/python3.7/site-packages/airflow/example_dags/example_branch_operator.py
[2022-10-09T07:06:16.613+0000] {processor.py:768} INFO - DAG(s) dict_keys(['example_branch_operator']) retrieved from /home/airflow/.local/lib/python3.7/site-packages/airflow/example_dags/example_branch_operator.py
[2022-10-09T07:06:16.640+0000] {logging_mixin.py:117} INFO - [2022-10-09T07:06:16.640+0000] {dag.py:2573} INFO - Sync 1 DAGs
[2022-10-09T07:06:16.655+0000] {logging_mixin.py:117} INFO - [2022-10-09T07:06:16.655+0000] {dag.py:3328} INFO - Setting next_dagrun for example_branch_operator to 2022-10-08T00:00:00+00:00, run_after=2022-10-09T00:00:00+00:00
[2022-10-09T07:06:16.668+0000] {processor.py:178} INFO - Processing /home/airflow/.local/lib/python3.7/site-packages/airflow/example_dags/example_branch_operator.py took 0.072 seconds
[2022-10-09T07:06:46.709+0000] {processor.py:156} INFO - Started process (PID=1937) to work on /home/airflow/.local/lib/python3.7/site-packages/airflow/example_dags/example_branch_operator.py
[2022-10-09T07:06:46.710+0000] {processor.py:758} INFO - Processing file /home/airflow/.local/lib/python3.7/site-packages/airflow/example_dags/example_branch_operator.py for tasks to queue
[2022-10-09T07:06:46.711+0000] {logging_mixin.py:117} INFO - [2022-10-09T07:06:46.711+0000] {dagbag.py:525} INFO - Filling up the DagBag from /home/airflow/.local/lib/python3.7/site-packages/airflow/example_dags/example_branch_operator.py
[2022-10-09T07:06:46.723+0000] {processor.py:768} INFO - DAG(s) dict_keys(['example_branch_operator']) retrieved from /home/airflow/.local/lib/python3.7/site-packages/airflow/example_dags/example_branch_operator.py
[2022-10-09T07:06:46.749+0000] {logging_mixin.py:117} INFO - [2022-10-09T07:06:46.749+0000] {dag.py:2573} INFO - Sync 1 DAGs
[2022-10-09T07:06:46.764+0000] {logging_mixin.py:117} INFO - [2022-10-09T07:06:46.764+0000] {dag.py:3328} INFO - Setting next_dagrun for example_branch_operator to 2022-10-08T00:00:00+00:00, run_after=2022-10-09T00:00:00+00:00
[2022-10-09T07:06:46.778+0000] {processor.py:178} INFO - Processing /home/airflow/.local/lib/python3.7/site-packages/airflow/example_dags/example_branch_operator.py took 0.071 seconds
[2022-10-09T07:07:16.977+0000] {processor.py:156} INFO - Started process (PID=2002) to work on /home/airflow/.local/lib/python3.7/site-packages/airflow/example_dags/example_branch_operator.py
[2022-10-09T07:07:16.978+0000] {processor.py:758} INFO - Processing file /home/airflow/.local/lib/python3.7/site-packages/airflow/example_dags/example_branch_operator.py for tasks to queue
[2022-10-09T07:07:16.979+0000] {logging_mixin.py:117} INFO - [2022-10-09T07:07:16.979+0000] {dagbag.py:525} INFO - Filling up the DagBag from /home/airflow/.local/lib/python3.7/site-packages/airflow/example_dags/example_branch_operator.py
[2022-10-09T07:07:16.991+0000] {processor.py:768} INFO - DAG(s) dict_keys(['example_branch_operator']) retrieved from /home/airflow/.local/lib/python3.7/site-packages/airflow/example_dags/example_branch_operator.py
[2022-10-09T07:07:17.018+0000] {logging_mixin.py:117} INFO - [2022-10-09T07:07:17.018+0000] {dag.py:2573} INFO - Sync 1 DAGs
[2022-10-09T07:07:17.034+0000] {logging_mixin.py:117} INFO - [2022-10-09T07:07:17.034+0000] {dag.py:3328} INFO - Setting next_dagrun for example_branch_operator to 2022-10-08T00:00:00+00:00, run_after=2022-10-09T00:00:00+00:00
[2022-10-09T07:07:17.049+0000] {processor.py:178} INFO - Processing /home/airflow/.local/lib/python3.7/site-packages/airflow/example_dags/example_branch_operator.py took 0.074 seconds
[2022-10-09T07:07:47.674+0000] {processor.py:156} INFO - Started process (PID=2066) to work on /home/airflow/.local/lib/python3.7/site-packages/airflow/example_dags/example_branch_operator.py
[2022-10-09T07:07:47.676+0000] {processor.py:758} INFO - Processing file /home/airflow/.local/lib/python3.7/site-packages/airflow/example_dags/example_branch_operator.py for tasks to queue
[2022-10-09T07:07:47.677+0000] {logging_mixin.py:117} INFO - [2022-10-09T07:07:47.677+0000] {dagbag.py:525} INFO - Filling up the DagBag from /home/airflow/.local/lib/python3.7/site-packages/airflow/example_dags/example_branch_operator.py
[2022-10-09T07:07:47.690+0000] {processor.py:768} INFO - DAG(s) dict_keys(['example_branch_operator']) retrieved from /home/airflow/.local/lib/python3.7/site-packages/airflow/example_dags/example_branch_operator.py
[2022-10-09T07:07:47.717+0000] {logging_mixin.py:117} INFO - [2022-10-09T07:07:47.717+0000] {dag.py:2573} INFO - Sync 1 DAGs
[2022-10-09T07:07:47.734+0000] {logging_mixin.py:117} INFO - [2022-10-09T07:07:47.734+0000] {dag.py:3328} INFO - Setting next_dagrun for example_branch_operator to 2022-10-08T00:00:00+00:00, run_after=2022-10-09T00:00:00+00:00
[2022-10-09T07:07:47.746+0000] {processor.py:178} INFO - Processing /home/airflow/.local/lib/python3.7/site-packages/airflow/example_dags/example_branch_operator.py took 0.075 seconds
[2022-10-09T07:08:17.954+0000] {processor.py:156} INFO - Started process (PID=2121) to work on /home/airflow/.local/lib/python3.7/site-packages/airflow/example_dags/example_branch_operator.py
[2022-10-09T07:08:17.956+0000] {processor.py:758} INFO - Processing file /home/airflow/.local/lib/python3.7/site-packages/airflow/example_dags/example_branch_operator.py for tasks to queue
[2022-10-09T07:08:17.958+0000] {logging_mixin.py:117} INFO - [2022-10-09T07:08:17.958+0000] {dagbag.py:525} INFO - Filling up the DagBag from /home/airflow/.local/lib/python3.7/site-packages/airflow/example_dags/example_branch_operator.py
[2022-10-09T07:08:17.974+0000] {processor.py:768} INFO - DAG(s) dict_keys(['example_branch_operator']) retrieved from /home/airflow/.local/lib/python3.7/site-packages/airflow/example_dags/example_branch_operator.py
[2022-10-09T07:08:18.001+0000] {logging_mixin.py:117} INFO - [2022-10-09T07:08:18.001+0000] {dag.py:2573} INFO - Sync 1 DAGs
[2022-10-09T07:08:18.016+0000] {logging_mixin.py:117} INFO - [2022-10-09T07:08:18.016+0000] {dag.py:3328} INFO - Setting next_dagrun for example_branch_operator to 2022-10-08T00:00:00+00:00, run_after=2022-10-09T00:00:00+00:00
[2022-10-09T07:08:18.029+0000] {processor.py:178} INFO - Processing /home/airflow/.local/lib/python3.7/site-packages/airflow/example_dags/example_branch_operator.py took 0.079 seconds
[2022-10-09T07:08:48.383+0000] {processor.py:156} INFO - Started process (PID=2184) to work on /home/airflow/.local/lib/python3.7/site-packages/airflow/example_dags/example_branch_operator.py
[2022-10-09T07:08:48.385+0000] {processor.py:758} INFO - Processing file /home/airflow/.local/lib/python3.7/site-packages/airflow/example_dags/example_branch_operator.py for tasks to queue
[2022-10-09T07:08:48.386+0000] {logging_mixin.py:117} INFO - [2022-10-09T07:08:48.386+0000] {dagbag.py:525} INFO - Filling up the DagBag from /home/airflow/.local/lib/python3.7/site-packages/airflow/example_dags/example_branch_operator.py
[2022-10-09T07:08:48.401+0000] {processor.py:768} INFO - DAG(s) dict_keys(['example_branch_operator']) retrieved from /home/airflow/.local/lib/python3.7/site-packages/airflow/example_dags/example_branch_operator.py
[2022-10-09T07:08:48.435+0000] {logging_mixin.py:117} INFO - [2022-10-09T07:08:48.435+0000] {dag.py:2573} INFO - Sync 1 DAGs
[2022-10-09T07:08:48.461+0000] {logging_mixin.py:117} INFO - [2022-10-09T07:08:48.461+0000] {dag.py:3328} INFO - Setting next_dagrun for example_branch_operator to 2022-10-08T00:00:00+00:00, run_after=2022-10-09T00:00:00+00:00
[2022-10-09T07:08:48.483+0000] {processor.py:178} INFO - Processing /home/airflow/.local/lib/python3.7/site-packages/airflow/example_dags/example_branch_operator.py took 0.103 seconds
[2022-10-09T07:09:18.649+0000] {processor.py:156} INFO - Started process (PID=2248) to work on /home/airflow/.local/lib/python3.7/site-packages/airflow/example_dags/example_branch_operator.py
[2022-10-09T07:09:18.650+0000] {processor.py:758} INFO - Processing file /home/airflow/.local/lib/python3.7/site-packages/airflow/example_dags/example_branch_operator.py for tasks to queue
[2022-10-09T07:09:18.651+0000] {logging_mixin.py:117} INFO - [2022-10-09T07:09:18.651+0000] {dagbag.py:525} INFO - Filling up the DagBag from /home/airflow/.local/lib/python3.7/site-packages/airflow/example_dags/example_branch_operator.py
[2022-10-09T07:09:18.661+0000] {processor.py:768} INFO - DAG(s) dict_keys(['example_branch_operator']) retrieved from /home/airflow/.local/lib/python3.7/site-packages/airflow/example_dags/example_branch_operator.py
[2022-10-09T07:09:18.687+0000] {logging_mixin.py:117} INFO - [2022-10-09T07:09:18.687+0000] {dag.py:2573} INFO - Sync 1 DAGs
[2022-10-09T07:09:18.704+0000] {logging_mixin.py:117} INFO - [2022-10-09T07:09:18.704+0000] {dag.py:3328} INFO - Setting next_dagrun for example_branch_operator to 2022-10-08T00:00:00+00:00, run_after=2022-10-09T00:00:00+00:00
[2022-10-09T07:09:18.716+0000] {processor.py:178} INFO - Processing /home/airflow/.local/lib/python3.7/site-packages/airflow/example_dags/example_branch_operator.py took 0.069 seconds
[2022-10-09T07:09:49.061+0000] {processor.py:156} INFO - Started process (PID=2310) to work on /home/airflow/.local/lib/python3.7/site-packages/airflow/example_dags/example_branch_operator.py
[2022-10-09T07:09:49.062+0000] {processor.py:758} INFO - Processing file /home/airflow/.local/lib/python3.7/site-packages/airflow/example_dags/example_branch_operator.py for tasks to queue
[2022-10-09T07:09:49.063+0000] {logging_mixin.py:117} INFO - [2022-10-09T07:09:49.063+0000] {dagbag.py:525} INFO - Filling up the DagBag from /home/airflow/.local/lib/python3.7/site-packages/airflow/example_dags/example_branch_operator.py
[2022-10-09T07:09:49.075+0000] {processor.py:768} INFO - DAG(s) dict_keys(['example_branch_operator']) retrieved from /home/airflow/.local/lib/python3.7/site-packages/airflow/example_dags/example_branch_operator.py
[2022-10-09T07:09:49.105+0000] {logging_mixin.py:117} INFO - [2022-10-09T07:09:49.104+0000] {dag.py:2573} INFO - Sync 1 DAGs
[2022-10-09T07:09:49.120+0000] {logging_mixin.py:117} INFO - [2022-10-09T07:09:49.120+0000] {dag.py:3328} INFO - Setting next_dagrun for example_branch_operator to 2022-10-08T00:00:00+00:00, run_after=2022-10-09T00:00:00+00:00
[2022-10-09T07:09:49.132+0000] {processor.py:178} INFO - Processing /home/airflow/.local/lib/python3.7/site-packages/airflow/example_dags/example_branch_operator.py took 0.074 seconds
[2022-10-09T07:10:19.567+0000] {processor.py:156} INFO - Started process (PID=2372) to work on /home/airflow/.local/lib/python3.7/site-packages/airflow/example_dags/example_branch_operator.py
[2022-10-09T07:10:19.568+0000] {processor.py:758} INFO - Processing file /home/airflow/.local/lib/python3.7/site-packages/airflow/example_dags/example_branch_operator.py for tasks to queue
[2022-10-09T07:10:19.570+0000] {logging_mixin.py:117} INFO - [2022-10-09T07:10:19.570+0000] {dagbag.py:525} INFO - Filling up the DagBag from /home/airflow/.local/lib/python3.7/site-packages/airflow/example_dags/example_branch_operator.py
[2022-10-09T07:10:19.583+0000] {processor.py:768} INFO - DAG(s) dict_keys(['example_branch_operator']) retrieved from /home/airflow/.local/lib/python3.7/site-packages/airflow/example_dags/example_branch_operator.py
[2022-10-09T07:10:19.618+0000] {logging_mixin.py:117} INFO - [2022-10-09T07:10:19.618+0000] {dag.py:2573} INFO - Sync 1 DAGs
[2022-10-09T07:10:19.638+0000] {logging_mixin.py:117} INFO - [2022-10-09T07:10:19.638+0000] {dag.py:3328} INFO - Setting next_dagrun for example_branch_operator to 2022-10-08T00:00:00+00:00, run_after=2022-10-09T00:00:00+00:00
[2022-10-09T07:10:19.657+0000] {processor.py:178} INFO - Processing /home/airflow/.local/lib/python3.7/site-packages/airflow/example_dags/example_branch_operator.py took 0.094 seconds
[2022-10-09T07:10:50.421+0000] {processor.py:156} INFO - Started process (PID=2435) to work on /home/airflow/.local/lib/python3.7/site-packages/airflow/example_dags/example_branch_operator.py
[2022-10-09T07:10:50.425+0000] {processor.py:758} INFO - Processing file /home/airflow/.local/lib/python3.7/site-packages/airflow/example_dags/example_branch_operator.py for tasks to queue
[2022-10-09T07:10:50.430+0000] {logging_mixin.py:117} INFO - [2022-10-09T07:10:50.429+0000] {dagbag.py:525} INFO - Filling up the DagBag from /home/airflow/.local/lib/python3.7/site-packages/airflow/example_dags/example_branch_operator.py
[2022-10-09T07:10:50.468+0000] {processor.py:768} INFO - DAG(s) dict_keys(['example_branch_operator']) retrieved from /home/airflow/.local/lib/python3.7/site-packages/airflow/example_dags/example_branch_operator.py
[2022-10-09T07:10:50.517+0000] {logging_mixin.py:117} INFO - [2022-10-09T07:10:50.517+0000] {dag.py:2573} INFO - Sync 1 DAGs
[2022-10-09T07:10:50.536+0000] {logging_mixin.py:117} INFO - [2022-10-09T07:10:50.536+0000] {dag.py:3328} INFO - Setting next_dagrun for example_branch_operator to 2022-10-08T00:00:00+00:00, run_after=2022-10-09T00:00:00+00:00
[2022-10-09T07:10:50.548+0000] {processor.py:178} INFO - Processing /home/airflow/.local/lib/python3.7/site-packages/airflow/example_dags/example_branch_operator.py took 0.132 seconds
[2022-10-09T07:11:20.747+0000] {processor.py:156} INFO - Started process (PID=2489) to work on /home/airflow/.local/lib/python3.7/site-packages/airflow/example_dags/example_branch_operator.py
[2022-10-09T07:11:20.748+0000] {processor.py:758} INFO - Processing file /home/airflow/.local/lib/python3.7/site-packages/airflow/example_dags/example_branch_operator.py for tasks to queue
[2022-10-09T07:11:20.749+0000] {logging_mixin.py:117} INFO - [2022-10-09T07:11:20.749+0000] {dagbag.py:525} INFO - Filling up the DagBag from /home/airflow/.local/lib/python3.7/site-packages/airflow/example_dags/example_branch_operator.py
[2022-10-09T07:11:20.761+0000] {processor.py:768} INFO - DAG(s) dict_keys(['example_branch_operator']) retrieved from /home/airflow/.local/lib/python3.7/site-packages/airflow/example_dags/example_branch_operator.py
[2022-10-09T07:11:20.788+0000] {logging_mixin.py:117} INFO - [2022-10-09T07:11:20.788+0000] {dag.py:2573} INFO - Sync 1 DAGs
[2022-10-09T07:11:20.803+0000] {logging_mixin.py:117} INFO - [2022-10-09T07:11:20.803+0000] {dag.py:3328} INFO - Setting next_dagrun for example_branch_operator to 2022-10-08T00:00:00+00:00, run_after=2022-10-09T00:00:00+00:00
[2022-10-09T07:11:20.814+0000] {processor.py:178} INFO - Processing /home/airflow/.local/lib/python3.7/site-packages/airflow/example_dags/example_branch_operator.py took 0.070 seconds
[2022-10-09T07:11:51.112+0000] {processor.py:156} INFO - Started process (PID=2552) to work on /home/airflow/.local/lib/python3.7/site-packages/airflow/example_dags/example_branch_operator.py
[2022-10-09T07:11:51.113+0000] {processor.py:758} INFO - Processing file /home/airflow/.local/lib/python3.7/site-packages/airflow/example_dags/example_branch_operator.py for tasks to queue
[2022-10-09T07:11:51.114+0000] {logging_mixin.py:117} INFO - [2022-10-09T07:11:51.114+0000] {dagbag.py:525} INFO - Filling up the DagBag from /home/airflow/.local/lib/python3.7/site-packages/airflow/example_dags/example_branch_operator.py
[2022-10-09T07:11:51.126+0000] {processor.py:768} INFO - DAG(s) dict_keys(['example_branch_operator']) retrieved from /home/airflow/.local/lib/python3.7/site-packages/airflow/example_dags/example_branch_operator.py
[2022-10-09T07:11:51.154+0000] {logging_mixin.py:117} INFO - [2022-10-09T07:11:51.154+0000] {dag.py:2573} INFO - Sync 1 DAGs
[2022-10-09T07:11:51.169+0000] {logging_mixin.py:117} INFO - [2022-10-09T07:11:51.169+0000] {dag.py:3328} INFO - Setting next_dagrun for example_branch_operator to 2022-10-08T00:00:00+00:00, run_after=2022-10-09T00:00:00+00:00
[2022-10-09T07:11:51.181+0000] {processor.py:178} INFO - Processing /home/airflow/.local/lib/python3.7/site-packages/airflow/example_dags/example_branch_operator.py took 0.073 seconds
[2022-10-09T07:12:21.318+0000] {processor.py:156} INFO - Started process (PID=2615) to work on /home/airflow/.local/lib/python3.7/site-packages/airflow/example_dags/example_branch_operator.py
[2022-10-09T07:12:21.320+0000] {processor.py:758} INFO - Processing file /home/airflow/.local/lib/python3.7/site-packages/airflow/example_dags/example_branch_operator.py for tasks to queue
[2022-10-09T07:12:21.321+0000] {logging_mixin.py:117} INFO - [2022-10-09T07:12:21.321+0000] {dagbag.py:525} INFO - Filling up the DagBag from /home/airflow/.local/lib/python3.7/site-packages/airflow/example_dags/example_branch_operator.py
[2022-10-09T07:12:21.333+0000] {processor.py:768} INFO - DAG(s) dict_keys(['example_branch_operator']) retrieved from /home/airflow/.local/lib/python3.7/site-packages/airflow/example_dags/example_branch_operator.py
[2022-10-09T07:12:21.359+0000] {logging_mixin.py:117} INFO - [2022-10-09T07:12:21.359+0000] {dag.py:2573} INFO - Sync 1 DAGs
[2022-10-09T07:12:21.374+0000] {logging_mixin.py:117} INFO - [2022-10-09T07:12:21.374+0000] {dag.py:3328} INFO - Setting next_dagrun for example_branch_operator to 2022-10-08T00:00:00+00:00, run_after=2022-10-09T00:00:00+00:00
[2022-10-09T07:12:21.386+0000] {processor.py:178} INFO - Processing /home/airflow/.local/lib/python3.7/site-packages/airflow/example_dags/example_branch_operator.py took 0.070 seconds
[2022-10-09T07:12:51.679+0000] {processor.py:156} INFO - Started process (PID=2678) to work on /home/airflow/.local/lib/python3.7/site-packages/airflow/example_dags/example_branch_operator.py
[2022-10-09T07:12:51.680+0000] {processor.py:758} INFO - Processing file /home/airflow/.local/lib/python3.7/site-packages/airflow/example_dags/example_branch_operator.py for tasks to queue
[2022-10-09T07:12:51.682+0000] {logging_mixin.py:117} INFO - [2022-10-09T07:12:51.682+0000] {dagbag.py:525} INFO - Filling up the DagBag from /home/airflow/.local/lib/python3.7/site-packages/airflow/example_dags/example_branch_operator.py
[2022-10-09T07:12:51.694+0000] {processor.py:768} INFO - DAG(s) dict_keys(['example_branch_operator']) retrieved from /home/airflow/.local/lib/python3.7/site-packages/airflow/example_dags/example_branch_operator.py
[2022-10-09T07:12:51.721+0000] {logging_mixin.py:117} INFO - [2022-10-09T07:12:51.721+0000] {dag.py:2573} INFO - Sync 1 DAGs
[2022-10-09T07:12:51.738+0000] {logging_mixin.py:117} INFO - [2022-10-09T07:12:51.737+0000] {dag.py:3328} INFO - Setting next_dagrun for example_branch_operator to 2022-10-08T00:00:00+00:00, run_after=2022-10-09T00:00:00+00:00
[2022-10-09T07:12:51.750+0000] {processor.py:178} INFO - Processing /home/airflow/.local/lib/python3.7/site-packages/airflow/example_dags/example_branch_operator.py took 0.073 seconds
[2022-10-09T07:13:22.160+0000] {processor.py:156} INFO - Started process (PID=2742) to work on /home/airflow/.local/lib/python3.7/site-packages/airflow/example_dags/example_branch_operator.py
[2022-10-09T07:13:22.162+0000] {processor.py:758} INFO - Processing file /home/airflow/.local/lib/python3.7/site-packages/airflow/example_dags/example_branch_operator.py for tasks to queue
[2022-10-09T07:13:22.164+0000] {logging_mixin.py:117} INFO - [2022-10-09T07:13:22.163+0000] {dagbag.py:525} INFO - Filling up the DagBag from /home/airflow/.local/lib/python3.7/site-packages/airflow/example_dags/example_branch_operator.py
[2022-10-09T07:13:22.175+0000] {processor.py:768} INFO - DAG(s) dict_keys(['example_branch_operator']) retrieved from /home/airflow/.local/lib/python3.7/site-packages/airflow/example_dags/example_branch_operator.py
[2022-10-09T07:13:22.206+0000] {logging_mixin.py:117} INFO - [2022-10-09T07:13:22.206+0000] {dag.py:2573} INFO - Sync 1 DAGs
[2022-10-09T07:13:22.222+0000] {logging_mixin.py:117} INFO - [2022-10-09T07:13:22.222+0000] {dag.py:3328} INFO - Setting next_dagrun for example_branch_operator to 2022-10-08T00:00:00+00:00, run_after=2022-10-09T00:00:00+00:00
[2022-10-09T07:13:22.236+0000] {processor.py:178} INFO - Processing /home/airflow/.local/lib/python3.7/site-packages/airflow/example_dags/example_branch_operator.py took 0.078 seconds
[2022-10-09T07:13:52.466+0000] {processor.py:156} INFO - Started process (PID=2795) to work on /home/airflow/.local/lib/python3.7/site-packages/airflow/example_dags/example_branch_operator.py
[2022-10-09T07:13:52.469+0000] {processor.py:758} INFO - Processing file /home/airflow/.local/lib/python3.7/site-packages/airflow/example_dags/example_branch_operator.py for tasks to queue
[2022-10-09T07:13:52.471+0000] {logging_mixin.py:117} INFO - [2022-10-09T07:13:52.471+0000] {dagbag.py:525} INFO - Filling up the DagBag from /home/airflow/.local/lib/python3.7/site-packages/airflow/example_dags/example_branch_operator.py
[2022-10-09T07:13:52.487+0000] {processor.py:768} INFO - DAG(s) dict_keys(['example_branch_operator']) retrieved from /home/airflow/.local/lib/python3.7/site-packages/airflow/example_dags/example_branch_operator.py
[2022-10-09T07:13:52.526+0000] {logging_mixin.py:117} INFO - [2022-10-09T07:13:52.526+0000] {dag.py:2573} INFO - Sync 1 DAGs
[2022-10-09T07:13:52.542+0000] {logging_mixin.py:117} INFO - [2022-10-09T07:13:52.542+0000] {dag.py:3328} INFO - Setting next_dagrun for example_branch_operator to 2022-10-08T00:00:00+00:00, run_after=2022-10-09T00:00:00+00:00
[2022-10-09T07:13:52.554+0000] {processor.py:178} INFO - Processing /home/airflow/.local/lib/python3.7/site-packages/airflow/example_dags/example_branch_operator.py took 0.092 seconds
[2022-10-09T07:14:22.968+0000] {processor.py:156} INFO - Started process (PID=2857) to work on /home/airflow/.local/lib/python3.7/site-packages/airflow/example_dags/example_branch_operator.py
[2022-10-09T07:14:22.970+0000] {processor.py:758} INFO - Processing file /home/airflow/.local/lib/python3.7/site-packages/airflow/example_dags/example_branch_operator.py for tasks to queue
[2022-10-09T07:14:22.972+0000] {logging_mixin.py:117} INFO - [2022-10-09T07:14:22.972+0000] {dagbag.py:525} INFO - Filling up the DagBag from /home/airflow/.local/lib/python3.7/site-packages/airflow/example_dags/example_branch_operator.py
[2022-10-09T07:14:22.985+0000] {processor.py:768} INFO - DAG(s) dict_keys(['example_branch_operator']) retrieved from /home/airflow/.local/lib/python3.7/site-packages/airflow/example_dags/example_branch_operator.py
[2022-10-09T07:14:23.016+0000] {logging_mixin.py:117} INFO - [2022-10-09T07:14:23.016+0000] {dag.py:2573} INFO - Sync 1 DAGs
[2022-10-09T07:14:23.032+0000] {logging_mixin.py:117} INFO - [2022-10-09T07:14:23.031+0000] {dag.py:3328} INFO - Setting next_dagrun for example_branch_operator to 2022-10-08T00:00:00+00:00, run_after=2022-10-09T00:00:00+00:00
[2022-10-09T07:14:23.047+0000] {processor.py:178} INFO - Processing /home/airflow/.local/lib/python3.7/site-packages/airflow/example_dags/example_branch_operator.py took 0.080 seconds
[2022-10-09T07:14:53.313+0000] {processor.py:156} INFO - Started process (PID=2921) to work on /home/airflow/.local/lib/python3.7/site-packages/airflow/example_dags/example_branch_operator.py
[2022-10-09T07:14:53.315+0000] {processor.py:758} INFO - Processing file /home/airflow/.local/lib/python3.7/site-packages/airflow/example_dags/example_branch_operator.py for tasks to queue
[2022-10-09T07:14:53.316+0000] {logging_mixin.py:117} INFO - [2022-10-09T07:14:53.316+0000] {dagbag.py:525} INFO - Filling up the DagBag from /home/airflow/.local/lib/python3.7/site-packages/airflow/example_dags/example_branch_operator.py
[2022-10-09T07:14:53.329+0000] {processor.py:768} INFO - DAG(s) dict_keys(['example_branch_operator']) retrieved from /home/airflow/.local/lib/python3.7/site-packages/airflow/example_dags/example_branch_operator.py
[2022-10-09T07:14:53.353+0000] {logging_mixin.py:117} INFO - [2022-10-09T07:14:53.353+0000] {dag.py:2573} INFO - Sync 1 DAGs
[2022-10-09T07:14:53.368+0000] {logging_mixin.py:117} INFO - [2022-10-09T07:14:53.368+0000] {dag.py:3328} INFO - Setting next_dagrun for example_branch_operator to 2022-10-08T00:00:00+00:00, run_after=2022-10-09T00:00:00+00:00
[2022-10-09T07:14:53.379+0000] {processor.py:178} INFO - Processing /home/airflow/.local/lib/python3.7/site-packages/airflow/example_dags/example_branch_operator.py took 0.069 seconds
[2022-10-09T07:15:23.533+0000] {processor.py:156} INFO - Started process (PID=2984) to work on /home/airflow/.local/lib/python3.7/site-packages/airflow/example_dags/example_branch_operator.py
[2022-10-09T07:15:23.534+0000] {processor.py:758} INFO - Processing file /home/airflow/.local/lib/python3.7/site-packages/airflow/example_dags/example_branch_operator.py for tasks to queue
[2022-10-09T07:15:23.535+0000] {logging_mixin.py:117} INFO - [2022-10-09T07:15:23.535+0000] {dagbag.py:525} INFO - Filling up the DagBag from /home/airflow/.local/lib/python3.7/site-packages/airflow/example_dags/example_branch_operator.py
[2022-10-09T07:15:23.547+0000] {processor.py:768} INFO - DAG(s) dict_keys(['example_branch_operator']) retrieved from /home/airflow/.local/lib/python3.7/site-packages/airflow/example_dags/example_branch_operator.py
[2022-10-09T07:15:23.574+0000] {logging_mixin.py:117} INFO - [2022-10-09T07:15:23.574+0000] {dag.py:2573} INFO - Sync 1 DAGs
[2022-10-09T07:15:23.591+0000] {logging_mixin.py:117} INFO - [2022-10-09T07:15:23.591+0000] {dag.py:3328} INFO - Setting next_dagrun for example_branch_operator to 2022-10-08T00:00:00+00:00, run_after=2022-10-09T00:00:00+00:00
[2022-10-09T07:15:23.602+0000] {processor.py:178} INFO - Processing /home/airflow/.local/lib/python3.7/site-packages/airflow/example_dags/example_branch_operator.py took 0.072 seconds
[2022-10-09T07:15:53.879+0000] {processor.py:156} INFO - Started process (PID=3047) to work on /home/airflow/.local/lib/python3.7/site-packages/airflow/example_dags/example_branch_operator.py
[2022-10-09T07:15:53.881+0000] {processor.py:758} INFO - Processing file /home/airflow/.local/lib/python3.7/site-packages/airflow/example_dags/example_branch_operator.py for tasks to queue
[2022-10-09T07:15:53.882+0000] {logging_mixin.py:117} INFO - [2022-10-09T07:15:53.882+0000] {dagbag.py:525} INFO - Filling up the DagBag from /home/airflow/.local/lib/python3.7/site-packages/airflow/example_dags/example_branch_operator.py
[2022-10-09T07:15:53.893+0000] {processor.py:768} INFO - DAG(s) dict_keys(['example_branch_operator']) retrieved from /home/airflow/.local/lib/python3.7/site-packages/airflow/example_dags/example_branch_operator.py
[2022-10-09T07:15:53.919+0000] {logging_mixin.py:117} INFO - [2022-10-09T07:15:53.919+0000] {dag.py:2573} INFO - Sync 1 DAGs
[2022-10-09T07:15:53.935+0000] {logging_mixin.py:117} INFO - [2022-10-09T07:15:53.935+0000] {dag.py:3328} INFO - Setting next_dagrun for example_branch_operator to 2022-10-08T00:00:00+00:00, run_after=2022-10-09T00:00:00+00:00
[2022-10-09T07:15:53.947+0000] {processor.py:178} INFO - Processing /home/airflow/.local/lib/python3.7/site-packages/airflow/example_dags/example_branch_operator.py took 0.070 seconds
[2022-10-09T07:16:24.260+0000] {processor.py:156} INFO - Started process (PID=3101) to work on /home/airflow/.local/lib/python3.7/site-packages/airflow/example_dags/example_branch_operator.py
[2022-10-09T07:16:24.261+0000] {processor.py:758} INFO - Processing file /home/airflow/.local/lib/python3.7/site-packages/airflow/example_dags/example_branch_operator.py for tasks to queue
[2022-10-09T07:16:24.262+0000] {logging_mixin.py:117} INFO - [2022-10-09T07:16:24.262+0000] {dagbag.py:525} INFO - Filling up the DagBag from /home/airflow/.local/lib/python3.7/site-packages/airflow/example_dags/example_branch_operator.py
[2022-10-09T07:16:24.276+0000] {processor.py:768} INFO - DAG(s) dict_keys(['example_branch_operator']) retrieved from /home/airflow/.local/lib/python3.7/site-packages/airflow/example_dags/example_branch_operator.py
[2022-10-09T07:16:24.301+0000] {logging_mixin.py:117} INFO - [2022-10-09T07:16:24.301+0000] {dag.py:2573} INFO - Sync 1 DAGs
[2022-10-09T07:16:24.316+0000] {logging_mixin.py:117} INFO - [2022-10-09T07:16:24.316+0000] {dag.py:3328} INFO - Setting next_dagrun for example_branch_operator to 2022-10-08T00:00:00+00:00, run_after=2022-10-09T00:00:00+00:00
[2022-10-09T07:16:24.329+0000] {processor.py:178} INFO - Processing /home/airflow/.local/lib/python3.7/site-packages/airflow/example_dags/example_branch_operator.py took 0.071 seconds
[2022-10-09T07:16:54.591+0000] {processor.py:156} INFO - Started process (PID=3163) to work on /home/airflow/.local/lib/python3.7/site-packages/airflow/example_dags/example_branch_operator.py
[2022-10-09T07:16:54.592+0000] {processor.py:758} INFO - Processing file /home/airflow/.local/lib/python3.7/site-packages/airflow/example_dags/example_branch_operator.py for tasks to queue
[2022-10-09T07:16:54.593+0000] {logging_mixin.py:117} INFO - [2022-10-09T07:16:54.593+0000] {dagbag.py:525} INFO - Filling up the DagBag from /home/airflow/.local/lib/python3.7/site-packages/airflow/example_dags/example_branch_operator.py
[2022-10-09T07:16:54.605+0000] {processor.py:768} INFO - DAG(s) dict_keys(['example_branch_operator']) retrieved from /home/airflow/.local/lib/python3.7/site-packages/airflow/example_dags/example_branch_operator.py
[2022-10-09T07:16:54.633+0000] {logging_mixin.py:117} INFO - [2022-10-09T07:16:54.632+0000] {dag.py:2573} INFO - Sync 1 DAGs
[2022-10-09T07:16:54.649+0000] {logging_mixin.py:117} INFO - [2022-10-09T07:16:54.649+0000] {dag.py:3328} INFO - Setting next_dagrun for example_branch_operator to 2022-10-08T00:00:00+00:00, run_after=2022-10-09T00:00:00+00:00
[2022-10-09T07:16:54.660+0000] {processor.py:178} INFO - Processing /home/airflow/.local/lib/python3.7/site-packages/airflow/example_dags/example_branch_operator.py took 0.071 seconds
[2022-10-09T07:17:25.003+0000] {processor.py:156} INFO - Started process (PID=3226) to work on /home/airflow/.local/lib/python3.7/site-packages/airflow/example_dags/example_branch_operator.py
[2022-10-09T07:17:25.005+0000] {processor.py:758} INFO - Processing file /home/airflow/.local/lib/python3.7/site-packages/airflow/example_dags/example_branch_operator.py for tasks to queue
[2022-10-09T07:17:25.006+0000] {logging_mixin.py:117} INFO - [2022-10-09T07:17:25.006+0000] {dagbag.py:525} INFO - Filling up the DagBag from /home/airflow/.local/lib/python3.7/site-packages/airflow/example_dags/example_branch_operator.py
[2022-10-09T07:17:25.018+0000] {processor.py:768} INFO - DAG(s) dict_keys(['example_branch_operator']) retrieved from /home/airflow/.local/lib/python3.7/site-packages/airflow/example_dags/example_branch_operator.py
[2022-10-09T07:17:25.149+0000] {logging_mixin.py:117} INFO - [2022-10-09T07:17:25.149+0000] {dag.py:2573} INFO - Sync 1 DAGs
[2022-10-09T07:17:25.178+0000] {logging_mixin.py:117} INFO - [2022-10-09T07:17:25.177+0000] {dag.py:3328} INFO - Setting next_dagrun for example_branch_operator to 2022-10-08T00:00:00+00:00, run_after=2022-10-09T00:00:00+00:00
[2022-10-09T07:17:25.206+0000] {processor.py:178} INFO - Processing /home/airflow/.local/lib/python3.7/site-packages/airflow/example_dags/example_branch_operator.py took 0.206 seconds
[2022-10-09T07:17:55.528+0000] {processor.py:156} INFO - Started process (PID=3287) to work on /home/airflow/.local/lib/python3.7/site-packages/airflow/example_dags/example_branch_operator.py
[2022-10-09T07:17:55.530+0000] {processor.py:758} INFO - Processing file /home/airflow/.local/lib/python3.7/site-packages/airflow/example_dags/example_branch_operator.py for tasks to queue
[2022-10-09T07:17:55.530+0000] {logging_mixin.py:117} INFO - [2022-10-09T07:17:55.530+0000] {dagbag.py:525} INFO - Filling up the DagBag from /home/airflow/.local/lib/python3.7/site-packages/airflow/example_dags/example_branch_operator.py
[2022-10-09T07:17:55.541+0000] {processor.py:768} INFO - DAG(s) dict_keys(['example_branch_operator']) retrieved from /home/airflow/.local/lib/python3.7/site-packages/airflow/example_dags/example_branch_operator.py
[2022-10-09T07:17:55.568+0000] {logging_mixin.py:117} INFO - [2022-10-09T07:17:55.568+0000] {dag.py:2573} INFO - Sync 1 DAGs
[2022-10-09T07:17:55.583+0000] {logging_mixin.py:117} INFO - [2022-10-09T07:17:55.583+0000] {dag.py:3328} INFO - Setting next_dagrun for example_branch_operator to 2022-10-08T00:00:00+00:00, run_after=2022-10-09T00:00:00+00:00
[2022-10-09T07:17:55.595+0000] {processor.py:178} INFO - Processing /home/airflow/.local/lib/python3.7/site-packages/airflow/example_dags/example_branch_operator.py took 0.069 seconds
[2022-10-09T07:18:25.914+0000] {processor.py:156} INFO - Started process (PID=3350) to work on /home/airflow/.local/lib/python3.7/site-packages/airflow/example_dags/example_branch_operator.py
[2022-10-09T07:18:25.915+0000] {processor.py:758} INFO - Processing file /home/airflow/.local/lib/python3.7/site-packages/airflow/example_dags/example_branch_operator.py for tasks to queue
[2022-10-09T07:18:25.916+0000] {logging_mixin.py:117} INFO - [2022-10-09T07:18:25.916+0000] {dagbag.py:525} INFO - Filling up the DagBag from /home/airflow/.local/lib/python3.7/site-packages/airflow/example_dags/example_branch_operator.py
[2022-10-09T07:18:25.930+0000] {processor.py:768} INFO - DAG(s) dict_keys(['example_branch_operator']) retrieved from /home/airflow/.local/lib/python3.7/site-packages/airflow/example_dags/example_branch_operator.py
[2022-10-09T07:18:25.957+0000] {logging_mixin.py:117} INFO - [2022-10-09T07:18:25.957+0000] {dag.py:2573} INFO - Sync 1 DAGs
[2022-10-09T07:18:25.973+0000] {logging_mixin.py:117} INFO - [2022-10-09T07:18:25.973+0000] {dag.py:3328} INFO - Setting next_dagrun for example_branch_operator to 2022-10-08T00:00:00+00:00, run_after=2022-10-09T00:00:00+00:00
[2022-10-09T07:18:25.987+0000] {processor.py:178} INFO - Processing /home/airflow/.local/lib/python3.7/site-packages/airflow/example_dags/example_branch_operator.py took 0.075 seconds
[2022-10-09T07:18:57.088+0000] {processor.py:156} INFO - Started process (PID=3412) to work on /home/airflow/.local/lib/python3.7/site-packages/airflow/example_dags/example_branch_operator.py
[2022-10-09T07:18:57.089+0000] {processor.py:758} INFO - Processing file /home/airflow/.local/lib/python3.7/site-packages/airflow/example_dags/example_branch_operator.py for tasks to queue
[2022-10-09T07:18:57.091+0000] {logging_mixin.py:117} INFO - [2022-10-09T07:18:57.091+0000] {dagbag.py:525} INFO - Filling up the DagBag from /home/airflow/.local/lib/python3.7/site-packages/airflow/example_dags/example_branch_operator.py
[2022-10-09T07:18:57.112+0000] {processor.py:768} INFO - DAG(s) dict_keys(['example_branch_operator']) retrieved from /home/airflow/.local/lib/python3.7/site-packages/airflow/example_dags/example_branch_operator.py
[2022-10-09T07:18:57.154+0000] {logging_mixin.py:117} INFO - [2022-10-09T07:18:57.153+0000] {dag.py:2573} INFO - Sync 1 DAGs
[2022-10-09T07:18:57.174+0000] {logging_mixin.py:117} INFO - [2022-10-09T07:18:57.174+0000] {dag.py:3328} INFO - Setting next_dagrun for example_branch_operator to 2022-10-08T00:00:00+00:00, run_after=2022-10-09T00:00:00+00:00
[2022-10-09T07:18:57.198+0000] {processor.py:178} INFO - Processing /home/airflow/.local/lib/python3.7/site-packages/airflow/example_dags/example_branch_operator.py took 0.113 seconds
[2022-10-09T07:19:27.464+0000] {processor.py:156} INFO - Started process (PID=3466) to work on /home/airflow/.local/lib/python3.7/site-packages/airflow/example_dags/example_branch_operator.py
[2022-10-09T07:19:27.466+0000] {processor.py:758} INFO - Processing file /home/airflow/.local/lib/python3.7/site-packages/airflow/example_dags/example_branch_operator.py for tasks to queue
[2022-10-09T07:19:27.467+0000] {logging_mixin.py:117} INFO - [2022-10-09T07:19:27.467+0000] {dagbag.py:525} INFO - Filling up the DagBag from /home/airflow/.local/lib/python3.7/site-packages/airflow/example_dags/example_branch_operator.py
[2022-10-09T07:19:27.483+0000] {processor.py:768} INFO - DAG(s) dict_keys(['example_branch_operator']) retrieved from /home/airflow/.local/lib/python3.7/site-packages/airflow/example_dags/example_branch_operator.py
[2022-10-09T07:19:27.510+0000] {logging_mixin.py:117} INFO - [2022-10-09T07:19:27.510+0000] {dag.py:2573} INFO - Sync 1 DAGs
[2022-10-09T07:19:27.529+0000] {logging_mixin.py:117} INFO - [2022-10-09T07:19:27.529+0000] {dag.py:3328} INFO - Setting next_dagrun for example_branch_operator to 2022-10-08T00:00:00+00:00, run_after=2022-10-09T00:00:00+00:00
[2022-10-09T07:19:27.541+0000] {processor.py:178} INFO - Processing /home/airflow/.local/lib/python3.7/site-packages/airflow/example_dags/example_branch_operator.py took 0.079 seconds
[2022-10-09T07:19:57.791+0000] {processor.py:156} INFO - Started process (PID=3530) to work on /home/airflow/.local/lib/python3.7/site-packages/airflow/example_dags/example_branch_operator.py
[2022-10-09T07:19:57.792+0000] {processor.py:758} INFO - Processing file /home/airflow/.local/lib/python3.7/site-packages/airflow/example_dags/example_branch_operator.py for tasks to queue
[2022-10-09T07:19:57.793+0000] {logging_mixin.py:117} INFO - [2022-10-09T07:19:57.793+0000] {dagbag.py:525} INFO - Filling up the DagBag from /home/airflow/.local/lib/python3.7/site-packages/airflow/example_dags/example_branch_operator.py
[2022-10-09T07:19:57.805+0000] {processor.py:768} INFO - DAG(s) dict_keys(['example_branch_operator']) retrieved from /home/airflow/.local/lib/python3.7/site-packages/airflow/example_dags/example_branch_operator.py
[2022-10-09T07:19:57.834+0000] {logging_mixin.py:117} INFO - [2022-10-09T07:19:57.834+0000] {dag.py:2573} INFO - Sync 1 DAGs
[2022-10-09T07:19:57.849+0000] {logging_mixin.py:117} INFO - [2022-10-09T07:19:57.849+0000] {dag.py:3328} INFO - Setting next_dagrun for example_branch_operator to 2022-10-08T00:00:00+00:00, run_after=2022-10-09T00:00:00+00:00
[2022-10-09T07:19:57.861+0000] {processor.py:178} INFO - Processing /home/airflow/.local/lib/python3.7/site-packages/airflow/example_dags/example_branch_operator.py took 0.073 seconds
[2022-10-09T07:20:28.381+0000] {processor.py:156} INFO - Started process (PID=3593) to work on /home/airflow/.local/lib/python3.7/site-packages/airflow/example_dags/example_branch_operator.py
[2022-10-09T07:20:28.382+0000] {processor.py:758} INFO - Processing file /home/airflow/.local/lib/python3.7/site-packages/airflow/example_dags/example_branch_operator.py for tasks to queue
[2022-10-09T07:20:28.383+0000] {logging_mixin.py:117} INFO - [2022-10-09T07:20:28.383+0000] {dagbag.py:525} INFO - Filling up the DagBag from /home/airflow/.local/lib/python3.7/site-packages/airflow/example_dags/example_branch_operator.py
[2022-10-09T07:20:28.395+0000] {processor.py:768} INFO - DAG(s) dict_keys(['example_branch_operator']) retrieved from /home/airflow/.local/lib/python3.7/site-packages/airflow/example_dags/example_branch_operator.py
[2022-10-09T07:20:28.424+0000] {logging_mixin.py:117} INFO - [2022-10-09T07:20:28.424+0000] {dag.py:2573} INFO - Sync 1 DAGs
[2022-10-09T07:20:28.441+0000] {logging_mixin.py:117} INFO - [2022-10-09T07:20:28.441+0000] {dag.py:3328} INFO - Setting next_dagrun for example_branch_operator to 2022-10-08T00:00:00+00:00, run_after=2022-10-09T00:00:00+00:00
[2022-10-09T07:20:28.454+0000] {processor.py:178} INFO - Processing /home/airflow/.local/lib/python3.7/site-packages/airflow/example_dags/example_branch_operator.py took 0.075 seconds
[2022-10-09T07:20:59.082+0000] {processor.py:156} INFO - Started process (PID=3656) to work on /home/airflow/.local/lib/python3.7/site-packages/airflow/example_dags/example_branch_operator.py
[2022-10-09T07:20:59.084+0000] {processor.py:758} INFO - Processing file /home/airflow/.local/lib/python3.7/site-packages/airflow/example_dags/example_branch_operator.py for tasks to queue
[2022-10-09T07:20:59.086+0000] {logging_mixin.py:117} INFO - [2022-10-09T07:20:59.085+0000] {dagbag.py:525} INFO - Filling up the DagBag from /home/airflow/.local/lib/python3.7/site-packages/airflow/example_dags/example_branch_operator.py
[2022-10-09T07:20:59.099+0000] {processor.py:768} INFO - DAG(s) dict_keys(['example_branch_operator']) retrieved from /home/airflow/.local/lib/python3.7/site-packages/airflow/example_dags/example_branch_operator.py
[2022-10-09T07:20:59.130+0000] {logging_mixin.py:117} INFO - [2022-10-09T07:20:59.129+0000] {dag.py:2573} INFO - Sync 1 DAGs
[2022-10-09T07:20:59.147+0000] {logging_mixin.py:117} INFO - [2022-10-09T07:20:59.147+0000] {dag.py:3328} INFO - Setting next_dagrun for example_branch_operator to 2022-10-08T00:00:00+00:00, run_after=2022-10-09T00:00:00+00:00
[2022-10-09T07:20:59.160+0000] {processor.py:178} INFO - Processing /home/airflow/.local/lib/python3.7/site-packages/airflow/example_dags/example_branch_operator.py took 0.080 seconds
[2022-10-09T07:21:29.537+0000] {processor.py:156} INFO - Started process (PID=3719) to work on /home/airflow/.local/lib/python3.7/site-packages/airflow/example_dags/example_branch_operator.py
[2022-10-09T07:21:29.540+0000] {processor.py:758} INFO - Processing file /home/airflow/.local/lib/python3.7/site-packages/airflow/example_dags/example_branch_operator.py for tasks to queue
[2022-10-09T07:21:29.541+0000] {logging_mixin.py:117} INFO - [2022-10-09T07:21:29.541+0000] {dagbag.py:525} INFO - Filling up the DagBag from /home/airflow/.local/lib/python3.7/site-packages/airflow/example_dags/example_branch_operator.py
[2022-10-09T07:21:29.553+0000] {processor.py:768} INFO - DAG(s) dict_keys(['example_branch_operator']) retrieved from /home/airflow/.local/lib/python3.7/site-packages/airflow/example_dags/example_branch_operator.py
[2022-10-09T07:21:29.583+0000] {logging_mixin.py:117} INFO - [2022-10-09T07:21:29.583+0000] {dag.py:2573} INFO - Sync 1 DAGs
[2022-10-09T07:21:29.598+0000] {logging_mixin.py:117} INFO - [2022-10-09T07:21:29.598+0000] {dag.py:3328} INFO - Setting next_dagrun for example_branch_operator to 2022-10-08T00:00:00+00:00, run_after=2022-10-09T00:00:00+00:00
[2022-10-09T07:21:29.610+0000] {processor.py:178} INFO - Processing /home/airflow/.local/lib/python3.7/site-packages/airflow/example_dags/example_branch_operator.py took 0.076 seconds
[2022-10-09T07:21:59.815+0000] {processor.py:156} INFO - Started process (PID=3771) to work on /home/airflow/.local/lib/python3.7/site-packages/airflow/example_dags/example_branch_operator.py
[2022-10-09T07:21:59.817+0000] {processor.py:758} INFO - Processing file /home/airflow/.local/lib/python3.7/site-packages/airflow/example_dags/example_branch_operator.py for tasks to queue
[2022-10-09T07:21:59.817+0000] {logging_mixin.py:117} INFO - [2022-10-09T07:21:59.817+0000] {dagbag.py:525} INFO - Filling up the DagBag from /home/airflow/.local/lib/python3.7/site-packages/airflow/example_dags/example_branch_operator.py
[2022-10-09T07:21:59.828+0000] {processor.py:768} INFO - DAG(s) dict_keys(['example_branch_operator']) retrieved from /home/airflow/.local/lib/python3.7/site-packages/airflow/example_dags/example_branch_operator.py
[2022-10-09T07:21:59.855+0000] {logging_mixin.py:117} INFO - [2022-10-09T07:21:59.855+0000] {dag.py:2573} INFO - Sync 1 DAGs
[2022-10-09T07:21:59.871+0000] {logging_mixin.py:117} INFO - [2022-10-09T07:21:59.871+0000] {dag.py:3328} INFO - Setting next_dagrun for example_branch_operator to 2022-10-08T00:00:00+00:00, run_after=2022-10-09T00:00:00+00:00
[2022-10-09T07:21:59.882+0000] {processor.py:178} INFO - Processing /home/airflow/.local/lib/python3.7/site-packages/airflow/example_dags/example_branch_operator.py took 0.069 seconds
[2022-10-09T07:22:30.185+0000] {processor.py:156} INFO - Started process (PID=3834) to work on /home/airflow/.local/lib/python3.7/site-packages/airflow/example_dags/example_branch_operator.py
[2022-10-09T07:22:30.186+0000] {processor.py:758} INFO - Processing file /home/airflow/.local/lib/python3.7/site-packages/airflow/example_dags/example_branch_operator.py for tasks to queue
[2022-10-09T07:22:30.188+0000] {logging_mixin.py:117} INFO - [2022-10-09T07:22:30.188+0000] {dagbag.py:525} INFO - Filling up the DagBag from /home/airflow/.local/lib/python3.7/site-packages/airflow/example_dags/example_branch_operator.py
[2022-10-09T07:22:30.200+0000] {processor.py:768} INFO - DAG(s) dict_keys(['example_branch_operator']) retrieved from /home/airflow/.local/lib/python3.7/site-packages/airflow/example_dags/example_branch_operator.py
[2022-10-09T07:22:30.227+0000] {logging_mixin.py:117} INFO - [2022-10-09T07:22:30.227+0000] {dag.py:2573} INFO - Sync 1 DAGs
[2022-10-09T07:22:30.243+0000] {logging_mixin.py:117} INFO - [2022-10-09T07:22:30.243+0000] {dag.py:3328} INFO - Setting next_dagrun for example_branch_operator to 2022-10-08T00:00:00+00:00, run_after=2022-10-09T00:00:00+00:00
[2022-10-09T07:22:30.258+0000] {processor.py:178} INFO - Processing /home/airflow/.local/lib/python3.7/site-packages/airflow/example_dags/example_branch_operator.py took 0.075 seconds
[2022-10-09T07:23:00.403+0000] {processor.py:156} INFO - Started process (PID=3898) to work on /home/airflow/.local/lib/python3.7/site-packages/airflow/example_dags/example_branch_operator.py
[2022-10-09T07:23:00.404+0000] {processor.py:758} INFO - Processing file /home/airflow/.local/lib/python3.7/site-packages/airflow/example_dags/example_branch_operator.py for tasks to queue
[2022-10-09T07:23:00.405+0000] {logging_mixin.py:117} INFO - [2022-10-09T07:23:00.405+0000] {dagbag.py:525} INFO - Filling up the DagBag from /home/airflow/.local/lib/python3.7/site-packages/airflow/example_dags/example_branch_operator.py
[2022-10-09T07:23:00.416+0000] {processor.py:768} INFO - DAG(s) dict_keys(['example_branch_operator']) retrieved from /home/airflow/.local/lib/python3.7/site-packages/airflow/example_dags/example_branch_operator.py
[2022-10-09T07:23:00.441+0000] {logging_mixin.py:117} INFO - [2022-10-09T07:23:00.441+0000] {dag.py:2573} INFO - Sync 1 DAGs
[2022-10-09T07:23:00.455+0000] {logging_mixin.py:117} INFO - [2022-10-09T07:23:00.455+0000] {dag.py:3328} INFO - Setting next_dagrun for example_branch_operator to 2022-10-08T00:00:00+00:00, run_after=2022-10-09T00:00:00+00:00
[2022-10-09T07:23:00.466+0000] {processor.py:178} INFO - Processing /home/airflow/.local/lib/python3.7/site-packages/airflow/example_dags/example_branch_operator.py took 0.066 seconds
[2022-10-09T07:23:30.751+0000] {processor.py:156} INFO - Started process (PID=3961) to work on /home/airflow/.local/lib/python3.7/site-packages/airflow/example_dags/example_branch_operator.py
[2022-10-09T07:23:30.752+0000] {processor.py:758} INFO - Processing file /home/airflow/.local/lib/python3.7/site-packages/airflow/example_dags/example_branch_operator.py for tasks to queue
[2022-10-09T07:23:30.754+0000] {logging_mixin.py:117} INFO - [2022-10-09T07:23:30.753+0000] {dagbag.py:525} INFO - Filling up the DagBag from /home/airflow/.local/lib/python3.7/site-packages/airflow/example_dags/example_branch_operator.py
[2022-10-09T07:23:30.765+0000] {processor.py:768} INFO - DAG(s) dict_keys(['example_branch_operator']) retrieved from /home/airflow/.local/lib/python3.7/site-packages/airflow/example_dags/example_branch_operator.py
[2022-10-09T07:23:30.796+0000] {logging_mixin.py:117} INFO - [2022-10-09T07:23:30.795+0000] {dag.py:2573} INFO - Sync 1 DAGs
[2022-10-09T07:23:30.812+0000] {logging_mixin.py:117} INFO - [2022-10-09T07:23:30.812+0000] {dag.py:3328} INFO - Setting next_dagrun for example_branch_operator to 2022-10-08T00:00:00+00:00, run_after=2022-10-09T00:00:00+00:00
[2022-10-09T07:23:30.824+0000] {processor.py:178} INFO - Processing /home/airflow/.local/lib/python3.7/site-packages/airflow/example_dags/example_branch_operator.py took 0.076 seconds
[2022-10-09T07:24:01.085+0000] {processor.py:156} INFO - Started process (PID=4024) to work on /home/airflow/.local/lib/python3.7/site-packages/airflow/example_dags/example_branch_operator.py
[2022-10-09T07:24:01.087+0000] {processor.py:758} INFO - Processing file /home/airflow/.local/lib/python3.7/site-packages/airflow/example_dags/example_branch_operator.py for tasks to queue
[2022-10-09T07:24:01.088+0000] {logging_mixin.py:117} INFO - [2022-10-09T07:24:01.088+0000] {dagbag.py:525} INFO - Filling up the DagBag from /home/airflow/.local/lib/python3.7/site-packages/airflow/example_dags/example_branch_operator.py
[2022-10-09T07:24:01.099+0000] {processor.py:768} INFO - DAG(s) dict_keys(['example_branch_operator']) retrieved from /home/airflow/.local/lib/python3.7/site-packages/airflow/example_dags/example_branch_operator.py
[2022-10-09T07:24:01.127+0000] {logging_mixin.py:117} INFO - [2022-10-09T07:24:01.127+0000] {dag.py:2573} INFO - Sync 1 DAGs
[2022-10-09T07:24:01.141+0000] {logging_mixin.py:117} INFO - [2022-10-09T07:24:01.141+0000] {dag.py:3328} INFO - Setting next_dagrun for example_branch_operator to 2022-10-08T00:00:00+00:00, run_after=2022-10-09T00:00:00+00:00
[2022-10-09T07:24:01.155+0000] {processor.py:178} INFO - Processing /home/airflow/.local/lib/python3.7/site-packages/airflow/example_dags/example_branch_operator.py took 0.072 seconds
[2022-10-09T07:24:31.723+0000] {processor.py:156} INFO - Started process (PID=4081) to work on /home/airflow/.local/lib/python3.7/site-packages/airflow/example_dags/example_branch_operator.py
[2022-10-09T07:24:31.725+0000] {processor.py:758} INFO - Processing file /home/airflow/.local/lib/python3.7/site-packages/airflow/example_dags/example_branch_operator.py for tasks to queue
[2022-10-09T07:24:31.726+0000] {logging_mixin.py:117} INFO - [2022-10-09T07:24:31.726+0000] {dagbag.py:525} INFO - Filling up the DagBag from /home/airflow/.local/lib/python3.7/site-packages/airflow/example_dags/example_branch_operator.py
[2022-10-09T07:24:31.739+0000] {processor.py:768} INFO - DAG(s) dict_keys(['example_branch_operator']) retrieved from /home/airflow/.local/lib/python3.7/site-packages/airflow/example_dags/example_branch_operator.py
[2022-10-09T07:24:31.764+0000] {logging_mixin.py:117} INFO - [2022-10-09T07:24:31.764+0000] {dag.py:2573} INFO - Sync 1 DAGs
[2022-10-09T07:24:31.780+0000] {logging_mixin.py:117} INFO - [2022-10-09T07:24:31.779+0000] {dag.py:3328} INFO - Setting next_dagrun for example_branch_operator to 2022-10-08T00:00:00+00:00, run_after=2022-10-09T00:00:00+00:00
[2022-10-09T07:24:31.792+0000] {processor.py:178} INFO - Processing /home/airflow/.local/lib/python3.7/site-packages/airflow/example_dags/example_branch_operator.py took 0.071 seconds
