[2022-10-09T06:40:39.271+0000] {processor.py:156} INFO - Started process (PID=45) to work on /home/airflow/.local/lib/python3.7/site-packages/airflow/example_dags/example_branch_day_of_week_operator.py
[2022-10-09T06:40:39.274+0000] {processor.py:758} INFO - Processing file /home/airflow/.local/lib/python3.7/site-packages/airflow/example_dags/example_branch_day_of_week_operator.py for tasks to queue
[2022-10-09T06:40:39.276+0000] {logging_mixin.py:117} INFO - [2022-10-09T06:40:39.275+0000] {dagbag.py:525} INFO - Filling up the DagBag from /home/airflow/.local/lib/python3.7/site-packages/airflow/example_dags/example_branch_day_of_week_operator.py
[2022-10-09T06:40:39.314+0000] {processor.py:768} INFO - DAG(s) dict_keys(['example_weekday_branch_operator']) retrieved from /home/airflow/.local/lib/python3.7/site-packages/airflow/example_dags/example_branch_day_of_week_operator.py
[2022-10-09T06:40:39.343+0000] {logging_mixin.py:117} INFO - [2022-10-09T06:40:39.343+0000] {dag.py:2573} INFO - Sync 1 DAGs
[2022-10-09T06:40:39.373+0000] {logging_mixin.py:117} INFO - [2022-10-09T06:40:39.373+0000] {dag.py:3328} INFO - Setting next_dagrun for example_weekday_branch_operator to 2022-10-08T00:00:00+00:00, run_after=2022-10-09T00:00:00+00:00
[2022-10-09T06:40:39.396+0000] {processor.py:178} INFO - Processing /home/airflow/.local/lib/python3.7/site-packages/airflow/example_dags/example_branch_day_of_week_operator.py took 0.129 seconds
[2022-10-09T06:41:09.968+0000] {processor.py:156} INFO - Started process (PID=108) to work on /home/airflow/.local/lib/python3.7/site-packages/airflow/example_dags/example_branch_day_of_week_operator.py
[2022-10-09T06:41:09.970+0000] {processor.py:758} INFO - Processing file /home/airflow/.local/lib/python3.7/site-packages/airflow/example_dags/example_branch_day_of_week_operator.py for tasks to queue
[2022-10-09T06:41:09.970+0000] {logging_mixin.py:117} INFO - [2022-10-09T06:41:09.970+0000] {dagbag.py:525} INFO - Filling up the DagBag from /home/airflow/.local/lib/python3.7/site-packages/airflow/example_dags/example_branch_day_of_week_operator.py
[2022-10-09T06:41:09.981+0000] {processor.py:768} INFO - DAG(s) dict_keys(['example_weekday_branch_operator']) retrieved from /home/airflow/.local/lib/python3.7/site-packages/airflow/example_dags/example_branch_day_of_week_operator.py
[2022-10-09T06:41:10.008+0000] {logging_mixin.py:117} INFO - [2022-10-09T06:41:10.008+0000] {dag.py:2573} INFO - Sync 1 DAGs
[2022-10-09T06:41:10.025+0000] {logging_mixin.py:117} INFO - [2022-10-09T06:41:10.025+0000] {dag.py:3328} INFO - Setting next_dagrun for example_weekday_branch_operator to 2022-10-08T00:00:00+00:00, run_after=2022-10-09T00:00:00+00:00
[2022-10-09T06:41:10.040+0000] {processor.py:178} INFO - Processing /home/airflow/.local/lib/python3.7/site-packages/airflow/example_dags/example_branch_day_of_week_operator.py took 0.074 seconds
[2022-10-09T06:41:40.529+0000] {processor.py:156} INFO - Started process (PID=172) to work on /home/airflow/.local/lib/python3.7/site-packages/airflow/example_dags/example_branch_day_of_week_operator.py
[2022-10-09T06:41:40.531+0000] {processor.py:758} INFO - Processing file /home/airflow/.local/lib/python3.7/site-packages/airflow/example_dags/example_branch_day_of_week_operator.py for tasks to queue
[2022-10-09T06:41:40.532+0000] {logging_mixin.py:117} INFO - [2022-10-09T06:41:40.532+0000] {dagbag.py:525} INFO - Filling up the DagBag from /home/airflow/.local/lib/python3.7/site-packages/airflow/example_dags/example_branch_day_of_week_operator.py
[2022-10-09T06:41:40.544+0000] {processor.py:768} INFO - DAG(s) dict_keys(['example_weekday_branch_operator']) retrieved from /home/airflow/.local/lib/python3.7/site-packages/airflow/example_dags/example_branch_day_of_week_operator.py
[2022-10-09T06:41:40.570+0000] {logging_mixin.py:117} INFO - [2022-10-09T06:41:40.570+0000] {dag.py:2573} INFO - Sync 1 DAGs
[2022-10-09T06:41:40.586+0000] {logging_mixin.py:117} INFO - [2022-10-09T06:41:40.586+0000] {dag.py:3328} INFO - Setting next_dagrun for example_weekday_branch_operator to 2022-10-08T00:00:00+00:00, run_after=2022-10-09T00:00:00+00:00
[2022-10-09T06:41:40.601+0000] {processor.py:178} INFO - Processing /home/airflow/.local/lib/python3.7/site-packages/airflow/example_dags/example_branch_day_of_week_operator.py took 0.073 seconds
[2022-10-09T06:42:11.181+0000] {processor.py:156} INFO - Started process (PID=235) to work on /home/airflow/.local/lib/python3.7/site-packages/airflow/example_dags/example_branch_day_of_week_operator.py
[2022-10-09T06:42:11.183+0000] {processor.py:758} INFO - Processing file /home/airflow/.local/lib/python3.7/site-packages/airflow/example_dags/example_branch_day_of_week_operator.py for tasks to queue
[2022-10-09T06:42:11.185+0000] {logging_mixin.py:117} INFO - [2022-10-09T06:42:11.185+0000] {dagbag.py:525} INFO - Filling up the DagBag from /home/airflow/.local/lib/python3.7/site-packages/airflow/example_dags/example_branch_day_of_week_operator.py
[2022-10-09T06:42:11.202+0000] {processor.py:768} INFO - DAG(s) dict_keys(['example_weekday_branch_operator']) retrieved from /home/airflow/.local/lib/python3.7/site-packages/airflow/example_dags/example_branch_day_of_week_operator.py
[2022-10-09T06:42:11.255+0000] {logging_mixin.py:117} INFO - [2022-10-09T06:42:11.255+0000] {dag.py:2573} INFO - Sync 1 DAGs
[2022-10-09T06:42:11.280+0000] {logging_mixin.py:117} INFO - [2022-10-09T06:42:11.280+0000] {dag.py:3328} INFO - Setting next_dagrun for example_weekday_branch_operator to 2022-10-08T00:00:00+00:00, run_after=2022-10-09T00:00:00+00:00
[2022-10-09T06:42:11.296+0000] {processor.py:178} INFO - Processing /home/airflow/.local/lib/python3.7/site-packages/airflow/example_dags/example_branch_day_of_week_operator.py took 0.119 seconds
[2022-10-09T06:42:41.519+0000] {processor.py:156} INFO - Started process (PID=289) to work on /home/airflow/.local/lib/python3.7/site-packages/airflow/example_dags/example_branch_day_of_week_operator.py
[2022-10-09T06:42:41.520+0000] {processor.py:758} INFO - Processing file /home/airflow/.local/lib/python3.7/site-packages/airflow/example_dags/example_branch_day_of_week_operator.py for tasks to queue
[2022-10-09T06:42:41.521+0000] {logging_mixin.py:117} INFO - [2022-10-09T06:42:41.521+0000] {dagbag.py:525} INFO - Filling up the DagBag from /home/airflow/.local/lib/python3.7/site-packages/airflow/example_dags/example_branch_day_of_week_operator.py
[2022-10-09T06:42:41.533+0000] {processor.py:768} INFO - DAG(s) dict_keys(['example_weekday_branch_operator']) retrieved from /home/airflow/.local/lib/python3.7/site-packages/airflow/example_dags/example_branch_day_of_week_operator.py
[2022-10-09T06:42:41.559+0000] {logging_mixin.py:117} INFO - [2022-10-09T06:42:41.559+0000] {dag.py:2573} INFO - Sync 1 DAGs
[2022-10-09T06:42:41.581+0000] {logging_mixin.py:117} INFO - [2022-10-09T06:42:41.581+0000] {dag.py:3328} INFO - Setting next_dagrun for example_weekday_branch_operator to 2022-10-08T00:00:00+00:00, run_after=2022-10-09T00:00:00+00:00
[2022-10-09T06:42:41.631+0000] {processor.py:178} INFO - Processing /home/airflow/.local/lib/python3.7/site-packages/airflow/example_dags/example_branch_day_of_week_operator.py took 0.114 seconds
[2022-10-09T06:43:12.004+0000] {processor.py:156} INFO - Started process (PID=352) to work on /home/airflow/.local/lib/python3.7/site-packages/airflow/example_dags/example_branch_day_of_week_operator.py
[2022-10-09T06:43:12.006+0000] {processor.py:758} INFO - Processing file /home/airflow/.local/lib/python3.7/site-packages/airflow/example_dags/example_branch_day_of_week_operator.py for tasks to queue
[2022-10-09T06:43:12.008+0000] {logging_mixin.py:117} INFO - [2022-10-09T06:43:12.008+0000] {dagbag.py:525} INFO - Filling up the DagBag from /home/airflow/.local/lib/python3.7/site-packages/airflow/example_dags/example_branch_day_of_week_operator.py
[2022-10-09T06:43:12.019+0000] {processor.py:768} INFO - DAG(s) dict_keys(['example_weekday_branch_operator']) retrieved from /home/airflow/.local/lib/python3.7/site-packages/airflow/example_dags/example_branch_day_of_week_operator.py
[2022-10-09T06:43:12.045+0000] {logging_mixin.py:117} INFO - [2022-10-09T06:43:12.045+0000] {dag.py:2573} INFO - Sync 1 DAGs
[2022-10-09T06:43:12.061+0000] {logging_mixin.py:117} INFO - [2022-10-09T06:43:12.061+0000] {dag.py:3328} INFO - Setting next_dagrun for example_weekday_branch_operator to 2022-10-08T00:00:00+00:00, run_after=2022-10-09T00:00:00+00:00
[2022-10-09T06:43:12.072+0000] {processor.py:178} INFO - Processing /home/airflow/.local/lib/python3.7/site-packages/airflow/example_dags/example_branch_day_of_week_operator.py took 0.070 seconds
[2022-10-09T06:43:42.243+0000] {processor.py:156} INFO - Started process (PID=415) to work on /home/airflow/.local/lib/python3.7/site-packages/airflow/example_dags/example_branch_day_of_week_operator.py
[2022-10-09T06:43:42.245+0000] {processor.py:758} INFO - Processing file /home/airflow/.local/lib/python3.7/site-packages/airflow/example_dags/example_branch_day_of_week_operator.py for tasks to queue
[2022-10-09T06:43:42.246+0000] {logging_mixin.py:117} INFO - [2022-10-09T06:43:42.245+0000] {dagbag.py:525} INFO - Filling up the DagBag from /home/airflow/.local/lib/python3.7/site-packages/airflow/example_dags/example_branch_day_of_week_operator.py
[2022-10-09T06:43:42.256+0000] {processor.py:768} INFO - DAG(s) dict_keys(['example_weekday_branch_operator']) retrieved from /home/airflow/.local/lib/python3.7/site-packages/airflow/example_dags/example_branch_day_of_week_operator.py
[2022-10-09T06:43:42.281+0000] {logging_mixin.py:117} INFO - [2022-10-09T06:43:42.281+0000] {dag.py:2573} INFO - Sync 1 DAGs
[2022-10-09T06:43:42.296+0000] {logging_mixin.py:117} INFO - [2022-10-09T06:43:42.296+0000] {dag.py:3328} INFO - Setting next_dagrun for example_weekday_branch_operator to 2022-10-08T00:00:00+00:00, run_after=2022-10-09T00:00:00+00:00
[2022-10-09T06:43:42.311+0000] {processor.py:178} INFO - Processing /home/airflow/.local/lib/python3.7/site-packages/airflow/example_dags/example_branch_day_of_week_operator.py took 0.070 seconds
[2022-10-09T06:44:12.595+0000] {processor.py:156} INFO - Started process (PID=478) to work on /home/airflow/.local/lib/python3.7/site-packages/airflow/example_dags/example_branch_day_of_week_operator.py
[2022-10-09T06:44:12.596+0000] {processor.py:758} INFO - Processing file /home/airflow/.local/lib/python3.7/site-packages/airflow/example_dags/example_branch_day_of_week_operator.py for tasks to queue
[2022-10-09T06:44:12.597+0000] {logging_mixin.py:117} INFO - [2022-10-09T06:44:12.597+0000] {dagbag.py:525} INFO - Filling up the DagBag from /home/airflow/.local/lib/python3.7/site-packages/airflow/example_dags/example_branch_day_of_week_operator.py
[2022-10-09T06:44:12.607+0000] {processor.py:768} INFO - DAG(s) dict_keys(['example_weekday_branch_operator']) retrieved from /home/airflow/.local/lib/python3.7/site-packages/airflow/example_dags/example_branch_day_of_week_operator.py
[2022-10-09T06:44:12.632+0000] {logging_mixin.py:117} INFO - [2022-10-09T06:44:12.632+0000] {dag.py:2573} INFO - Sync 1 DAGs
[2022-10-09T06:44:12.648+0000] {logging_mixin.py:117} INFO - [2022-10-09T06:44:12.647+0000] {dag.py:3328} INFO - Setting next_dagrun for example_weekday_branch_operator to 2022-10-08T00:00:00+00:00, run_after=2022-10-09T00:00:00+00:00
[2022-10-09T06:44:12.659+0000] {processor.py:178} INFO - Processing /home/airflow/.local/lib/python3.7/site-packages/airflow/example_dags/example_branch_day_of_week_operator.py took 0.066 seconds
[2022-10-09T06:44:42.932+0000] {processor.py:156} INFO - Started process (PID=541) to work on /home/airflow/.local/lib/python3.7/site-packages/airflow/example_dags/example_branch_day_of_week_operator.py
[2022-10-09T06:44:42.935+0000] {processor.py:758} INFO - Processing file /home/airflow/.local/lib/python3.7/site-packages/airflow/example_dags/example_branch_day_of_week_operator.py for tasks to queue
[2022-10-09T06:44:42.935+0000] {logging_mixin.py:117} INFO - [2022-10-09T06:44:42.935+0000] {dagbag.py:525} INFO - Filling up the DagBag from /home/airflow/.local/lib/python3.7/site-packages/airflow/example_dags/example_branch_day_of_week_operator.py
[2022-10-09T06:44:42.949+0000] {processor.py:768} INFO - DAG(s) dict_keys(['example_weekday_branch_operator']) retrieved from /home/airflow/.local/lib/python3.7/site-packages/airflow/example_dags/example_branch_day_of_week_operator.py
[2022-10-09T06:44:42.974+0000] {logging_mixin.py:117} INFO - [2022-10-09T06:44:42.974+0000] {dag.py:2573} INFO - Sync 1 DAGs
[2022-10-09T06:44:42.990+0000] {logging_mixin.py:117} INFO - [2022-10-09T06:44:42.990+0000] {dag.py:3328} INFO - Setting next_dagrun for example_weekday_branch_operator to 2022-10-08T00:00:00+00:00, run_after=2022-10-09T00:00:00+00:00
[2022-10-09T06:44:43.002+0000] {processor.py:178} INFO - Processing /home/airflow/.local/lib/python3.7/site-packages/airflow/example_dags/example_branch_day_of_week_operator.py took 0.072 seconds
[2022-10-09T06:45:13.141+0000] {processor.py:156} INFO - Started process (PID=595) to work on /home/airflow/.local/lib/python3.7/site-packages/airflow/example_dags/example_branch_day_of_week_operator.py
[2022-10-09T06:45:13.142+0000] {processor.py:758} INFO - Processing file /home/airflow/.local/lib/python3.7/site-packages/airflow/example_dags/example_branch_day_of_week_operator.py for tasks to queue
[2022-10-09T06:45:13.143+0000] {logging_mixin.py:117} INFO - [2022-10-09T06:45:13.143+0000] {dagbag.py:525} INFO - Filling up the DagBag from /home/airflow/.local/lib/python3.7/site-packages/airflow/example_dags/example_branch_day_of_week_operator.py
[2022-10-09T06:45:13.153+0000] {processor.py:768} INFO - DAG(s) dict_keys(['example_weekday_branch_operator']) retrieved from /home/airflow/.local/lib/python3.7/site-packages/airflow/example_dags/example_branch_day_of_week_operator.py
[2022-10-09T06:45:13.178+0000] {logging_mixin.py:117} INFO - [2022-10-09T06:45:13.178+0000] {dag.py:2573} INFO - Sync 1 DAGs
[2022-10-09T06:45:13.193+0000] {logging_mixin.py:117} INFO - [2022-10-09T06:45:13.193+0000] {dag.py:3328} INFO - Setting next_dagrun for example_weekday_branch_operator to 2022-10-08T00:00:00+00:00, run_after=2022-10-09T00:00:00+00:00
[2022-10-09T06:45:13.205+0000] {processor.py:178} INFO - Processing /home/airflow/.local/lib/python3.7/site-packages/airflow/example_dags/example_branch_day_of_week_operator.py took 0.066 seconds
[2022-10-09T06:45:43.435+0000] {processor.py:156} INFO - Started process (PID=657) to work on /home/airflow/.local/lib/python3.7/site-packages/airflow/example_dags/example_branch_day_of_week_operator.py
[2022-10-09T06:45:43.437+0000] {processor.py:758} INFO - Processing file /home/airflow/.local/lib/python3.7/site-packages/airflow/example_dags/example_branch_day_of_week_operator.py for tasks to queue
[2022-10-09T06:45:43.438+0000] {logging_mixin.py:117} INFO - [2022-10-09T06:45:43.438+0000] {dagbag.py:525} INFO - Filling up the DagBag from /home/airflow/.local/lib/python3.7/site-packages/airflow/example_dags/example_branch_day_of_week_operator.py
[2022-10-09T06:45:43.449+0000] {processor.py:768} INFO - DAG(s) dict_keys(['example_weekday_branch_operator']) retrieved from /home/airflow/.local/lib/python3.7/site-packages/airflow/example_dags/example_branch_day_of_week_operator.py
[2022-10-09T06:45:43.474+0000] {logging_mixin.py:117} INFO - [2022-10-09T06:45:43.474+0000] {dag.py:2573} INFO - Sync 1 DAGs
[2022-10-09T06:45:43.489+0000] {logging_mixin.py:117} INFO - [2022-10-09T06:45:43.489+0000] {dag.py:3328} INFO - Setting next_dagrun for example_weekday_branch_operator to 2022-10-08T00:00:00+00:00, run_after=2022-10-09T00:00:00+00:00
[2022-10-09T06:45:43.502+0000] {processor.py:178} INFO - Processing /home/airflow/.local/lib/python3.7/site-packages/airflow/example_dags/example_branch_day_of_week_operator.py took 0.068 seconds
[2022-10-09T06:46:13.623+0000] {processor.py:156} INFO - Started process (PID=721) to work on /home/airflow/.local/lib/python3.7/site-packages/airflow/example_dags/example_branch_day_of_week_operator.py
[2022-10-09T06:46:13.624+0000] {processor.py:758} INFO - Processing file /home/airflow/.local/lib/python3.7/site-packages/airflow/example_dags/example_branch_day_of_week_operator.py for tasks to queue
[2022-10-09T06:46:13.625+0000] {logging_mixin.py:117} INFO - [2022-10-09T06:46:13.625+0000] {dagbag.py:525} INFO - Filling up the DagBag from /home/airflow/.local/lib/python3.7/site-packages/airflow/example_dags/example_branch_day_of_week_operator.py
[2022-10-09T06:46:13.637+0000] {processor.py:768} INFO - DAG(s) dict_keys(['example_weekday_branch_operator']) retrieved from /home/airflow/.local/lib/python3.7/site-packages/airflow/example_dags/example_branch_day_of_week_operator.py
[2022-10-09T06:46:13.662+0000] {logging_mixin.py:117} INFO - [2022-10-09T06:46:13.662+0000] {dag.py:2573} INFO - Sync 1 DAGs
[2022-10-09T06:46:13.678+0000] {logging_mixin.py:117} INFO - [2022-10-09T06:46:13.678+0000] {dag.py:3328} INFO - Setting next_dagrun for example_weekday_branch_operator to 2022-10-08T00:00:00+00:00, run_after=2022-10-09T00:00:00+00:00
[2022-10-09T06:46:13.692+0000] {processor.py:178} INFO - Processing /home/airflow/.local/lib/python3.7/site-packages/airflow/example_dags/example_branch_day_of_week_operator.py took 0.071 seconds
[2022-10-09T06:46:43.988+0000] {processor.py:156} INFO - Started process (PID=785) to work on /home/airflow/.local/lib/python3.7/site-packages/airflow/example_dags/example_branch_day_of_week_operator.py
[2022-10-09T06:46:43.990+0000] {processor.py:758} INFO - Processing file /home/airflow/.local/lib/python3.7/site-packages/airflow/example_dags/example_branch_day_of_week_operator.py for tasks to queue
[2022-10-09T06:46:43.991+0000] {logging_mixin.py:117} INFO - [2022-10-09T06:46:43.991+0000] {dagbag.py:525} INFO - Filling up the DagBag from /home/airflow/.local/lib/python3.7/site-packages/airflow/example_dags/example_branch_day_of_week_operator.py
[2022-10-09T06:46:44.001+0000] {processor.py:768} INFO - DAG(s) dict_keys(['example_weekday_branch_operator']) retrieved from /home/airflow/.local/lib/python3.7/site-packages/airflow/example_dags/example_branch_day_of_week_operator.py
[2022-10-09T06:46:44.026+0000] {logging_mixin.py:117} INFO - [2022-10-09T06:46:44.026+0000] {dag.py:2573} INFO - Sync 1 DAGs
[2022-10-09T06:46:44.041+0000] {logging_mixin.py:117} INFO - [2022-10-09T06:46:44.041+0000] {dag.py:3328} INFO - Setting next_dagrun for example_weekday_branch_operator to 2022-10-08T00:00:00+00:00, run_after=2022-10-09T00:00:00+00:00
[2022-10-09T06:46:44.052+0000] {processor.py:178} INFO - Processing /home/airflow/.local/lib/python3.7/site-packages/airflow/example_dags/example_branch_day_of_week_operator.py took 0.065 seconds
[2022-10-09T06:47:14.183+0000] {processor.py:156} INFO - Started process (PID=847) to work on /home/airflow/.local/lib/python3.7/site-packages/airflow/example_dags/example_branch_day_of_week_operator.py
[2022-10-09T06:47:14.185+0000] {processor.py:758} INFO - Processing file /home/airflow/.local/lib/python3.7/site-packages/airflow/example_dags/example_branch_day_of_week_operator.py for tasks to queue
[2022-10-09T06:47:14.188+0000] {logging_mixin.py:117} INFO - [2022-10-09T06:47:14.187+0000] {dagbag.py:525} INFO - Filling up the DagBag from /home/airflow/.local/lib/python3.7/site-packages/airflow/example_dags/example_branch_day_of_week_operator.py
[2022-10-09T06:47:14.206+0000] {processor.py:768} INFO - DAG(s) dict_keys(['example_weekday_branch_operator']) retrieved from /home/airflow/.local/lib/python3.7/site-packages/airflow/example_dags/example_branch_day_of_week_operator.py
[2022-10-09T06:47:14.235+0000] {logging_mixin.py:117} INFO - [2022-10-09T06:47:14.235+0000] {dag.py:2573} INFO - Sync 1 DAGs
[2022-10-09T06:47:14.252+0000] {logging_mixin.py:117} INFO - [2022-10-09T06:47:14.252+0000] {dag.py:3328} INFO - Setting next_dagrun for example_weekday_branch_operator to 2022-10-08T00:00:00+00:00, run_after=2022-10-09T00:00:00+00:00
[2022-10-09T06:47:14.266+0000] {processor.py:178} INFO - Processing /home/airflow/.local/lib/python3.7/site-packages/airflow/example_dags/example_branch_day_of_week_operator.py took 0.085 seconds
[2022-10-09T06:47:44.388+0000] {processor.py:156} INFO - Started process (PID=900) to work on /home/airflow/.local/lib/python3.7/site-packages/airflow/example_dags/example_branch_day_of_week_operator.py
[2022-10-09T06:47:44.389+0000] {processor.py:758} INFO - Processing file /home/airflow/.local/lib/python3.7/site-packages/airflow/example_dags/example_branch_day_of_week_operator.py for tasks to queue
[2022-10-09T06:47:44.390+0000] {logging_mixin.py:117} INFO - [2022-10-09T06:47:44.390+0000] {dagbag.py:525} INFO - Filling up the DagBag from /home/airflow/.local/lib/python3.7/site-packages/airflow/example_dags/example_branch_day_of_week_operator.py
[2022-10-09T06:47:44.401+0000] {processor.py:768} INFO - DAG(s) dict_keys(['example_weekday_branch_operator']) retrieved from /home/airflow/.local/lib/python3.7/site-packages/airflow/example_dags/example_branch_day_of_week_operator.py
[2022-10-09T06:47:44.427+0000] {logging_mixin.py:117} INFO - [2022-10-09T06:47:44.427+0000] {dag.py:2573} INFO - Sync 1 DAGs
[2022-10-09T06:47:44.443+0000] {logging_mixin.py:117} INFO - [2022-10-09T06:47:44.443+0000] {dag.py:3328} INFO - Setting next_dagrun for example_weekday_branch_operator to 2022-10-08T00:00:00+00:00, run_after=2022-10-09T00:00:00+00:00
[2022-10-09T06:47:44.457+0000] {processor.py:178} INFO - Processing /home/airflow/.local/lib/python3.7/site-packages/airflow/example_dags/example_branch_day_of_week_operator.py took 0.071 seconds
[2022-10-09T06:48:14.731+0000] {processor.py:156} INFO - Started process (PID=962) to work on /home/airflow/.local/lib/python3.7/site-packages/airflow/example_dags/example_branch_day_of_week_operator.py
[2022-10-09T06:48:14.732+0000] {processor.py:758} INFO - Processing file /home/airflow/.local/lib/python3.7/site-packages/airflow/example_dags/example_branch_day_of_week_operator.py for tasks to queue
[2022-10-09T06:48:14.733+0000] {logging_mixin.py:117} INFO - [2022-10-09T06:48:14.733+0000] {dagbag.py:525} INFO - Filling up the DagBag from /home/airflow/.local/lib/python3.7/site-packages/airflow/example_dags/example_branch_day_of_week_operator.py
[2022-10-09T06:48:14.744+0000] {processor.py:768} INFO - DAG(s) dict_keys(['example_weekday_branch_operator']) retrieved from /home/airflow/.local/lib/python3.7/site-packages/airflow/example_dags/example_branch_day_of_week_operator.py
[2022-10-09T06:48:14.768+0000] {logging_mixin.py:117} INFO - [2022-10-09T06:48:14.768+0000] {dag.py:2573} INFO - Sync 1 DAGs
[2022-10-09T06:48:14.784+0000] {logging_mixin.py:117} INFO - [2022-10-09T06:48:14.784+0000] {dag.py:3328} INFO - Setting next_dagrun for example_weekday_branch_operator to 2022-10-08T00:00:00+00:00, run_after=2022-10-09T00:00:00+00:00
[2022-10-09T06:48:14.797+0000] {processor.py:178} INFO - Processing /home/airflow/.local/lib/python3.7/site-packages/airflow/example_dags/example_branch_day_of_week_operator.py took 0.069 seconds
[2022-10-09T06:59:09.447+0000] {processor.py:156} INFO - Started process (PID=1016) to work on /home/airflow/.local/lib/python3.7/site-packages/airflow/example_dags/example_branch_day_of_week_operator.py
[2022-10-09T06:59:09.450+0000] {processor.py:758} INFO - Processing file /home/airflow/.local/lib/python3.7/site-packages/airflow/example_dags/example_branch_day_of_week_operator.py for tasks to queue
[2022-10-09T06:59:09.452+0000] {logging_mixin.py:117} INFO - [2022-10-09T06:59:09.452+0000] {dagbag.py:525} INFO - Filling up the DagBag from /home/airflow/.local/lib/python3.7/site-packages/airflow/example_dags/example_branch_day_of_week_operator.py
[2022-10-09T06:59:09.463+0000] {processor.py:768} INFO - DAG(s) dict_keys(['example_weekday_branch_operator']) retrieved from /home/airflow/.local/lib/python3.7/site-packages/airflow/example_dags/example_branch_day_of_week_operator.py
[2022-10-09T06:59:09.507+0000] {logging_mixin.py:117} INFO - [2022-10-09T06:59:09.507+0000] {dag.py:2573} INFO - Sync 1 DAGs
[2022-10-09T06:59:09.532+0000] {logging_mixin.py:117} INFO - [2022-10-09T06:59:09.532+0000] {dag.py:3328} INFO - Setting next_dagrun for example_weekday_branch_operator to 2022-10-08T00:00:00+00:00, run_after=2022-10-09T00:00:00+00:00
[2022-10-09T06:59:09.551+0000] {processor.py:178} INFO - Processing /home/airflow/.local/lib/python3.7/site-packages/airflow/example_dags/example_branch_day_of_week_operator.py took 0.107 seconds
[2022-10-09T06:59:40.528+0000] {processor.py:156} INFO - Started process (PID=1080) to work on /home/airflow/.local/lib/python3.7/site-packages/airflow/example_dags/example_branch_day_of_week_operator.py
[2022-10-09T06:59:40.530+0000] {processor.py:758} INFO - Processing file /home/airflow/.local/lib/python3.7/site-packages/airflow/example_dags/example_branch_day_of_week_operator.py for tasks to queue
[2022-10-09T06:59:40.530+0000] {logging_mixin.py:117} INFO - [2022-10-09T06:59:40.530+0000] {dagbag.py:525} INFO - Filling up the DagBag from /home/airflow/.local/lib/python3.7/site-packages/airflow/example_dags/example_branch_day_of_week_operator.py
[2022-10-09T06:59:40.541+0000] {processor.py:768} INFO - DAG(s) dict_keys(['example_weekday_branch_operator']) retrieved from /home/airflow/.local/lib/python3.7/site-packages/airflow/example_dags/example_branch_day_of_week_operator.py
[2022-10-09T06:59:40.564+0000] {logging_mixin.py:117} INFO - [2022-10-09T06:59:40.564+0000] {dag.py:2573} INFO - Sync 1 DAGs
[2022-10-09T06:59:40.578+0000] {logging_mixin.py:117} INFO - [2022-10-09T06:59:40.578+0000] {dag.py:3328} INFO - Setting next_dagrun for example_weekday_branch_operator to 2022-10-08T00:00:00+00:00, run_after=2022-10-09T00:00:00+00:00
[2022-10-09T06:59:40.588+0000] {processor.py:178} INFO - Processing /home/airflow/.local/lib/python3.7/site-packages/airflow/example_dags/example_branch_day_of_week_operator.py took 0.063 seconds
[2022-10-09T07:00:10.904+0000] {processor.py:156} INFO - Started process (PID=1143) to work on /home/airflow/.local/lib/python3.7/site-packages/airflow/example_dags/example_branch_day_of_week_operator.py
[2022-10-09T07:00:10.906+0000] {processor.py:758} INFO - Processing file /home/airflow/.local/lib/python3.7/site-packages/airflow/example_dags/example_branch_day_of_week_operator.py for tasks to queue
[2022-10-09T07:00:10.908+0000] {logging_mixin.py:117} INFO - [2022-10-09T07:00:10.908+0000] {dagbag.py:525} INFO - Filling up the DagBag from /home/airflow/.local/lib/python3.7/site-packages/airflow/example_dags/example_branch_day_of_week_operator.py
[2022-10-09T07:00:10.920+0000] {processor.py:768} INFO - DAG(s) dict_keys(['example_weekday_branch_operator']) retrieved from /home/airflow/.local/lib/python3.7/site-packages/airflow/example_dags/example_branch_day_of_week_operator.py
[2022-10-09T07:00:10.949+0000] {logging_mixin.py:117} INFO - [2022-10-09T07:00:10.948+0000] {dag.py:2573} INFO - Sync 1 DAGs
[2022-10-09T07:00:10.980+0000] {logging_mixin.py:117} INFO - [2022-10-09T07:00:10.980+0000] {dag.py:3328} INFO - Setting next_dagrun for example_weekday_branch_operator to 2022-10-08T00:00:00+00:00, run_after=2022-10-09T00:00:00+00:00
[2022-10-09T07:00:11.001+0000] {processor.py:178} INFO - Processing /home/airflow/.local/lib/python3.7/site-packages/airflow/example_dags/example_branch_day_of_week_operator.py took 0.103 seconds
[2022-10-09T07:00:41.492+0000] {processor.py:156} INFO - Started process (PID=1197) to work on /home/airflow/.local/lib/python3.7/site-packages/airflow/example_dags/example_branch_day_of_week_operator.py
[2022-10-09T07:00:41.493+0000] {processor.py:758} INFO - Processing file /home/airflow/.local/lib/python3.7/site-packages/airflow/example_dags/example_branch_day_of_week_operator.py for tasks to queue
[2022-10-09T07:00:41.495+0000] {logging_mixin.py:117} INFO - [2022-10-09T07:00:41.495+0000] {dagbag.py:525} INFO - Filling up the DagBag from /home/airflow/.local/lib/python3.7/site-packages/airflow/example_dags/example_branch_day_of_week_operator.py
[2022-10-09T07:00:41.507+0000] {processor.py:768} INFO - DAG(s) dict_keys(['example_weekday_branch_operator']) retrieved from /home/airflow/.local/lib/python3.7/site-packages/airflow/example_dags/example_branch_day_of_week_operator.py
[2022-10-09T07:00:41.532+0000] {logging_mixin.py:117} INFO - [2022-10-09T07:00:41.532+0000] {dag.py:2573} INFO - Sync 1 DAGs
[2022-10-09T07:00:41.548+0000] {logging_mixin.py:117} INFO - [2022-10-09T07:00:41.548+0000] {dag.py:3328} INFO - Setting next_dagrun for example_weekday_branch_operator to 2022-10-08T00:00:00+00:00, run_after=2022-10-09T00:00:00+00:00
[2022-10-09T07:00:41.562+0000] {processor.py:178} INFO - Processing /home/airflow/.local/lib/python3.7/site-packages/airflow/example_dags/example_branch_day_of_week_operator.py took 0.072 seconds
[2022-10-09T07:01:11.779+0000] {processor.py:156} INFO - Started process (PID=1259) to work on /home/airflow/.local/lib/python3.7/site-packages/airflow/example_dags/example_branch_day_of_week_operator.py
[2022-10-09T07:01:11.781+0000] {processor.py:758} INFO - Processing file /home/airflow/.local/lib/python3.7/site-packages/airflow/example_dags/example_branch_day_of_week_operator.py for tasks to queue
[2022-10-09T07:01:11.782+0000] {logging_mixin.py:117} INFO - [2022-10-09T07:01:11.782+0000] {dagbag.py:525} INFO - Filling up the DagBag from /home/airflow/.local/lib/python3.7/site-packages/airflow/example_dags/example_branch_day_of_week_operator.py
[2022-10-09T07:01:11.793+0000] {processor.py:768} INFO - DAG(s) dict_keys(['example_weekday_branch_operator']) retrieved from /home/airflow/.local/lib/python3.7/site-packages/airflow/example_dags/example_branch_day_of_week_operator.py
[2022-10-09T07:01:11.818+0000] {logging_mixin.py:117} INFO - [2022-10-09T07:01:11.818+0000] {dag.py:2573} INFO - Sync 1 DAGs
[2022-10-09T07:01:11.838+0000] {logging_mixin.py:117} INFO - [2022-10-09T07:01:11.837+0000] {dag.py:3328} INFO - Setting next_dagrun for example_weekday_branch_operator to 2022-10-08T00:00:00+00:00, run_after=2022-10-09T00:00:00+00:00
[2022-10-09T07:01:11.849+0000] {processor.py:178} INFO - Processing /home/airflow/.local/lib/python3.7/site-packages/airflow/example_dags/example_branch_day_of_week_operator.py took 0.072 seconds
[2022-10-09T07:01:42.001+0000] {processor.py:156} INFO - Started process (PID=1322) to work on /home/airflow/.local/lib/python3.7/site-packages/airflow/example_dags/example_branch_day_of_week_operator.py
[2022-10-09T07:01:42.005+0000] {processor.py:758} INFO - Processing file /home/airflow/.local/lib/python3.7/site-packages/airflow/example_dags/example_branch_day_of_week_operator.py for tasks to queue
[2022-10-09T07:01:42.006+0000] {logging_mixin.py:117} INFO - [2022-10-09T07:01:42.006+0000] {dagbag.py:525} INFO - Filling up the DagBag from /home/airflow/.local/lib/python3.7/site-packages/airflow/example_dags/example_branch_day_of_week_operator.py
[2022-10-09T07:01:42.025+0000] {processor.py:768} INFO - DAG(s) dict_keys(['example_weekday_branch_operator']) retrieved from /home/airflow/.local/lib/python3.7/site-packages/airflow/example_dags/example_branch_day_of_week_operator.py
[2022-10-09T07:01:42.061+0000] {logging_mixin.py:117} INFO - [2022-10-09T07:01:42.060+0000] {dag.py:2573} INFO - Sync 1 DAGs
[2022-10-09T07:01:42.075+0000] {logging_mixin.py:117} INFO - [2022-10-09T07:01:42.075+0000] {dag.py:3328} INFO - Setting next_dagrun for example_weekday_branch_operator to 2022-10-08T00:00:00+00:00, run_after=2022-10-09T00:00:00+00:00
[2022-10-09T07:01:42.087+0000] {processor.py:178} INFO - Processing /home/airflow/.local/lib/python3.7/site-packages/airflow/example_dags/example_branch_day_of_week_operator.py took 0.088 seconds
[2022-10-09T07:02:12.218+0000] {processor.py:156} INFO - Started process (PID=1385) to work on /home/airflow/.local/lib/python3.7/site-packages/airflow/example_dags/example_branch_day_of_week_operator.py
[2022-10-09T07:02:12.220+0000] {processor.py:758} INFO - Processing file /home/airflow/.local/lib/python3.7/site-packages/airflow/example_dags/example_branch_day_of_week_operator.py for tasks to queue
[2022-10-09T07:02:12.220+0000] {logging_mixin.py:117} INFO - [2022-10-09T07:02:12.220+0000] {dagbag.py:525} INFO - Filling up the DagBag from /home/airflow/.local/lib/python3.7/site-packages/airflow/example_dags/example_branch_day_of_week_operator.py
[2022-10-09T07:02:12.231+0000] {processor.py:768} INFO - DAG(s) dict_keys(['example_weekday_branch_operator']) retrieved from /home/airflow/.local/lib/python3.7/site-packages/airflow/example_dags/example_branch_day_of_week_operator.py
[2022-10-09T07:02:12.256+0000] {logging_mixin.py:117} INFO - [2022-10-09T07:02:12.256+0000] {dag.py:2573} INFO - Sync 1 DAGs
[2022-10-09T07:02:12.272+0000] {logging_mixin.py:117} INFO - [2022-10-09T07:02:12.272+0000] {dag.py:3328} INFO - Setting next_dagrun for example_weekday_branch_operator to 2022-10-08T00:00:00+00:00, run_after=2022-10-09T00:00:00+00:00
[2022-10-09T07:02:12.284+0000] {processor.py:178} INFO - Processing /home/airflow/.local/lib/python3.7/site-packages/airflow/example_dags/example_branch_day_of_week_operator.py took 0.068 seconds
[2022-10-09T07:02:42.599+0000] {processor.py:156} INFO - Started process (PID=1448) to work on /home/airflow/.local/lib/python3.7/site-packages/airflow/example_dags/example_branch_day_of_week_operator.py
[2022-10-09T07:02:42.601+0000] {processor.py:758} INFO - Processing file /home/airflow/.local/lib/python3.7/site-packages/airflow/example_dags/example_branch_day_of_week_operator.py for tasks to queue
[2022-10-09T07:02:42.602+0000] {logging_mixin.py:117} INFO - [2022-10-09T07:02:42.602+0000] {dagbag.py:525} INFO - Filling up the DagBag from /home/airflow/.local/lib/python3.7/site-packages/airflow/example_dags/example_branch_day_of_week_operator.py
[2022-10-09T07:02:42.617+0000] {processor.py:768} INFO - DAG(s) dict_keys(['example_weekday_branch_operator']) retrieved from /home/airflow/.local/lib/python3.7/site-packages/airflow/example_dags/example_branch_day_of_week_operator.py
[2022-10-09T07:02:42.650+0000] {logging_mixin.py:117} INFO - [2022-10-09T07:02:42.650+0000] {dag.py:2573} INFO - Sync 1 DAGs
[2022-10-09T07:02:42.672+0000] {logging_mixin.py:117} INFO - [2022-10-09T07:02:42.671+0000] {dag.py:3328} INFO - Setting next_dagrun for example_weekday_branch_operator to 2022-10-08T00:00:00+00:00, run_after=2022-10-09T00:00:00+00:00
[2022-10-09T07:02:42.703+0000] {processor.py:178} INFO - Processing /home/airflow/.local/lib/python3.7/site-packages/airflow/example_dags/example_branch_day_of_week_operator.py took 0.106 seconds
[2022-10-09T07:03:13.362+0000] {processor.py:156} INFO - Started process (PID=1502) to work on /home/airflow/.local/lib/python3.7/site-packages/airflow/example_dags/example_branch_day_of_week_operator.py
[2022-10-09T07:03:13.364+0000] {processor.py:758} INFO - Processing file /home/airflow/.local/lib/python3.7/site-packages/airflow/example_dags/example_branch_day_of_week_operator.py for tasks to queue
[2022-10-09T07:03:13.365+0000] {logging_mixin.py:117} INFO - [2022-10-09T07:03:13.365+0000] {dagbag.py:525} INFO - Filling up the DagBag from /home/airflow/.local/lib/python3.7/site-packages/airflow/example_dags/example_branch_day_of_week_operator.py
[2022-10-09T07:03:13.377+0000] {processor.py:768} INFO - DAG(s) dict_keys(['example_weekday_branch_operator']) retrieved from /home/airflow/.local/lib/python3.7/site-packages/airflow/example_dags/example_branch_day_of_week_operator.py
[2022-10-09T07:03:13.402+0000] {logging_mixin.py:117} INFO - [2022-10-09T07:03:13.402+0000] {dag.py:2573} INFO - Sync 1 DAGs
[2022-10-09T07:03:13.418+0000] {logging_mixin.py:117} INFO - [2022-10-09T07:03:13.418+0000] {dag.py:3328} INFO - Setting next_dagrun for example_weekday_branch_operator to 2022-10-08T00:00:00+00:00, run_after=2022-10-09T00:00:00+00:00
[2022-10-09T07:03:13.432+0000] {processor.py:178} INFO - Processing /home/airflow/.local/lib/python3.7/site-packages/airflow/example_dags/example_branch_day_of_week_operator.py took 0.074 seconds
[2022-10-09T07:03:43.589+0000] {processor.py:156} INFO - Started process (PID=1565) to work on /home/airflow/.local/lib/python3.7/site-packages/airflow/example_dags/example_branch_day_of_week_operator.py
[2022-10-09T07:03:43.590+0000] {processor.py:758} INFO - Processing file /home/airflow/.local/lib/python3.7/site-packages/airflow/example_dags/example_branch_day_of_week_operator.py for tasks to queue
[2022-10-09T07:03:43.591+0000] {logging_mixin.py:117} INFO - [2022-10-09T07:03:43.591+0000] {dagbag.py:525} INFO - Filling up the DagBag from /home/airflow/.local/lib/python3.7/site-packages/airflow/example_dags/example_branch_day_of_week_operator.py
[2022-10-09T07:03:43.605+0000] {processor.py:768} INFO - DAG(s) dict_keys(['example_weekday_branch_operator']) retrieved from /home/airflow/.local/lib/python3.7/site-packages/airflow/example_dags/example_branch_day_of_week_operator.py
[2022-10-09T07:03:43.630+0000] {logging_mixin.py:117} INFO - [2022-10-09T07:03:43.630+0000] {dag.py:2573} INFO - Sync 1 DAGs
[2022-10-09T07:03:43.646+0000] {logging_mixin.py:117} INFO - [2022-10-09T07:03:43.646+0000] {dag.py:3328} INFO - Setting next_dagrun for example_weekday_branch_operator to 2022-10-08T00:00:00+00:00, run_after=2022-10-09T00:00:00+00:00
[2022-10-09T07:03:43.657+0000] {processor.py:178} INFO - Processing /home/airflow/.local/lib/python3.7/site-packages/airflow/example_dags/example_branch_day_of_week_operator.py took 0.071 seconds
[2022-10-09T07:04:13.783+0000] {processor.py:156} INFO - Started process (PID=1627) to work on /home/airflow/.local/lib/python3.7/site-packages/airflow/example_dags/example_branch_day_of_week_operator.py
[2022-10-09T07:04:13.786+0000] {processor.py:758} INFO - Processing file /home/airflow/.local/lib/python3.7/site-packages/airflow/example_dags/example_branch_day_of_week_operator.py for tasks to queue
[2022-10-09T07:04:13.789+0000] {logging_mixin.py:117} INFO - [2022-10-09T07:04:13.789+0000] {dagbag.py:525} INFO - Filling up the DagBag from /home/airflow/.local/lib/python3.7/site-packages/airflow/example_dags/example_branch_day_of_week_operator.py
[2022-10-09T07:04:13.800+0000] {processor.py:768} INFO - DAG(s) dict_keys(['example_weekday_branch_operator']) retrieved from /home/airflow/.local/lib/python3.7/site-packages/airflow/example_dags/example_branch_day_of_week_operator.py
[2022-10-09T07:04:13.838+0000] {logging_mixin.py:117} INFO - [2022-10-09T07:04:13.838+0000] {dag.py:2573} INFO - Sync 1 DAGs
[2022-10-09T07:04:13.856+0000] {logging_mixin.py:117} INFO - [2022-10-09T07:04:13.855+0000] {dag.py:3328} INFO - Setting next_dagrun for example_weekday_branch_operator to 2022-10-08T00:00:00+00:00, run_after=2022-10-09T00:00:00+00:00
[2022-10-09T07:04:13.869+0000] {processor.py:178} INFO - Processing /home/airflow/.local/lib/python3.7/site-packages/airflow/example_dags/example_branch_day_of_week_operator.py took 0.093 seconds
[2022-10-09T07:04:44.456+0000] {processor.py:156} INFO - Started process (PID=1690) to work on /home/airflow/.local/lib/python3.7/site-packages/airflow/example_dags/example_branch_day_of_week_operator.py
[2022-10-09T07:04:44.458+0000] {processor.py:758} INFO - Processing file /home/airflow/.local/lib/python3.7/site-packages/airflow/example_dags/example_branch_day_of_week_operator.py for tasks to queue
[2022-10-09T07:04:44.460+0000] {logging_mixin.py:117} INFO - [2022-10-09T07:04:44.460+0000] {dagbag.py:525} INFO - Filling up the DagBag from /home/airflow/.local/lib/python3.7/site-packages/airflow/example_dags/example_branch_day_of_week_operator.py
[2022-10-09T07:04:44.477+0000] {processor.py:768} INFO - DAG(s) dict_keys(['example_weekday_branch_operator']) retrieved from /home/airflow/.local/lib/python3.7/site-packages/airflow/example_dags/example_branch_day_of_week_operator.py
[2022-10-09T07:04:44.527+0000] {logging_mixin.py:117} INFO - [2022-10-09T07:04:44.526+0000] {dag.py:2573} INFO - Sync 1 DAGs
[2022-10-09T07:04:44.547+0000] {logging_mixin.py:117} INFO - [2022-10-09T07:04:44.547+0000] {dag.py:3328} INFO - Setting next_dagrun for example_weekday_branch_operator to 2022-10-08T00:00:00+00:00, run_after=2022-10-09T00:00:00+00:00
[2022-10-09T07:04:44.563+0000] {processor.py:178} INFO - Processing /home/airflow/.local/lib/python3.7/site-packages/airflow/example_dags/example_branch_day_of_week_operator.py took 0.109 seconds
[2022-10-09T07:05:15.138+0000] {processor.py:156} INFO - Started process (PID=1753) to work on /home/airflow/.local/lib/python3.7/site-packages/airflow/example_dags/example_branch_day_of_week_operator.py
[2022-10-09T07:05:15.139+0000] {processor.py:758} INFO - Processing file /home/airflow/.local/lib/python3.7/site-packages/airflow/example_dags/example_branch_day_of_week_operator.py for tasks to queue
[2022-10-09T07:05:15.140+0000] {logging_mixin.py:117} INFO - [2022-10-09T07:05:15.140+0000] {dagbag.py:525} INFO - Filling up the DagBag from /home/airflow/.local/lib/python3.7/site-packages/airflow/example_dags/example_branch_day_of_week_operator.py
[2022-10-09T07:05:15.153+0000] {processor.py:768} INFO - DAG(s) dict_keys(['example_weekday_branch_operator']) retrieved from /home/airflow/.local/lib/python3.7/site-packages/airflow/example_dags/example_branch_day_of_week_operator.py
[2022-10-09T07:05:15.179+0000] {logging_mixin.py:117} INFO - [2022-10-09T07:05:15.179+0000] {dag.py:2573} INFO - Sync 1 DAGs
[2022-10-09T07:05:15.195+0000] {logging_mixin.py:117} INFO - [2022-10-09T07:05:15.195+0000] {dag.py:3328} INFO - Setting next_dagrun for example_weekday_branch_operator to 2022-10-08T00:00:00+00:00, run_after=2022-10-09T00:00:00+00:00
[2022-10-09T07:05:15.208+0000] {processor.py:178} INFO - Processing /home/airflow/.local/lib/python3.7/site-packages/airflow/example_dags/example_branch_day_of_week_operator.py took 0.073 seconds
[2022-10-09T07:05:45.543+0000] {processor.py:156} INFO - Started process (PID=1807) to work on /home/airflow/.local/lib/python3.7/site-packages/airflow/example_dags/example_branch_day_of_week_operator.py
[2022-10-09T07:05:45.544+0000] {processor.py:758} INFO - Processing file /home/airflow/.local/lib/python3.7/site-packages/airflow/example_dags/example_branch_day_of_week_operator.py for tasks to queue
[2022-10-09T07:05:45.545+0000] {logging_mixin.py:117} INFO - [2022-10-09T07:05:45.545+0000] {dagbag.py:525} INFO - Filling up the DagBag from /home/airflow/.local/lib/python3.7/site-packages/airflow/example_dags/example_branch_day_of_week_operator.py
[2022-10-09T07:05:45.556+0000] {processor.py:768} INFO - DAG(s) dict_keys(['example_weekday_branch_operator']) retrieved from /home/airflow/.local/lib/python3.7/site-packages/airflow/example_dags/example_branch_day_of_week_operator.py
[2022-10-09T07:05:45.584+0000] {logging_mixin.py:117} INFO - [2022-10-09T07:05:45.583+0000] {dag.py:2573} INFO - Sync 1 DAGs
[2022-10-09T07:05:45.599+0000] {logging_mixin.py:117} INFO - [2022-10-09T07:05:45.599+0000] {dag.py:3328} INFO - Setting next_dagrun for example_weekday_branch_operator to 2022-10-08T00:00:00+00:00, run_after=2022-10-09T00:00:00+00:00
[2022-10-09T07:05:45.612+0000] {processor.py:178} INFO - Processing /home/airflow/.local/lib/python3.7/site-packages/airflow/example_dags/example_branch_day_of_week_operator.py took 0.072 seconds
[2022-10-09T07:06:16.328+0000] {processor.py:156} INFO - Started process (PID=1870) to work on /home/airflow/.local/lib/python3.7/site-packages/airflow/example_dags/example_branch_day_of_week_operator.py
[2022-10-09T07:06:16.330+0000] {processor.py:758} INFO - Processing file /home/airflow/.local/lib/python3.7/site-packages/airflow/example_dags/example_branch_day_of_week_operator.py for tasks to queue
[2022-10-09T07:06:16.331+0000] {logging_mixin.py:117} INFO - [2022-10-09T07:06:16.331+0000] {dagbag.py:525} INFO - Filling up the DagBag from /home/airflow/.local/lib/python3.7/site-packages/airflow/example_dags/example_branch_day_of_week_operator.py
[2022-10-09T07:06:16.341+0000] {processor.py:768} INFO - DAG(s) dict_keys(['example_weekday_branch_operator']) retrieved from /home/airflow/.local/lib/python3.7/site-packages/airflow/example_dags/example_branch_day_of_week_operator.py
[2022-10-09T07:06:16.368+0000] {logging_mixin.py:117} INFO - [2022-10-09T07:06:16.368+0000] {dag.py:2573} INFO - Sync 1 DAGs
[2022-10-09T07:06:16.385+0000] {logging_mixin.py:117} INFO - [2022-10-09T07:06:16.385+0000] {dag.py:3328} INFO - Setting next_dagrun for example_weekday_branch_operator to 2022-10-08T00:00:00+00:00, run_after=2022-10-09T00:00:00+00:00
[2022-10-09T07:06:16.399+0000] {processor.py:178} INFO - Processing /home/airflow/.local/lib/python3.7/site-packages/airflow/example_dags/example_branch_day_of_week_operator.py took 0.075 seconds
[2022-10-09T07:06:46.495+0000] {processor.py:156} INFO - Started process (PID=1932) to work on /home/airflow/.local/lib/python3.7/site-packages/airflow/example_dags/example_branch_day_of_week_operator.py
[2022-10-09T07:06:46.496+0000] {processor.py:758} INFO - Processing file /home/airflow/.local/lib/python3.7/site-packages/airflow/example_dags/example_branch_day_of_week_operator.py for tasks to queue
[2022-10-09T07:06:46.498+0000] {logging_mixin.py:117} INFO - [2022-10-09T07:06:46.498+0000] {dagbag.py:525} INFO - Filling up the DagBag from /home/airflow/.local/lib/python3.7/site-packages/airflow/example_dags/example_branch_day_of_week_operator.py
[2022-10-09T07:06:46.509+0000] {processor.py:768} INFO - DAG(s) dict_keys(['example_weekday_branch_operator']) retrieved from /home/airflow/.local/lib/python3.7/site-packages/airflow/example_dags/example_branch_day_of_week_operator.py
[2022-10-09T07:06:46.536+0000] {logging_mixin.py:117} INFO - [2022-10-09T07:06:46.536+0000] {dag.py:2573} INFO - Sync 1 DAGs
[2022-10-09T07:06:46.553+0000] {logging_mixin.py:117} INFO - [2022-10-09T07:06:46.553+0000] {dag.py:3328} INFO - Setting next_dagrun for example_weekday_branch_operator to 2022-10-08T00:00:00+00:00, run_after=2022-10-09T00:00:00+00:00
[2022-10-09T07:06:46.565+0000] {processor.py:178} INFO - Processing /home/airflow/.local/lib/python3.7/site-packages/airflow/example_dags/example_branch_day_of_week_operator.py took 0.073 seconds
[2022-10-09T07:07:16.689+0000] {processor.py:156} INFO - Started process (PID=1997) to work on /home/airflow/.local/lib/python3.7/site-packages/airflow/example_dags/example_branch_day_of_week_operator.py
[2022-10-09T07:07:16.691+0000] {processor.py:758} INFO - Processing file /home/airflow/.local/lib/python3.7/site-packages/airflow/example_dags/example_branch_day_of_week_operator.py for tasks to queue
[2022-10-09T07:07:16.691+0000] {logging_mixin.py:117} INFO - [2022-10-09T07:07:16.691+0000] {dagbag.py:525} INFO - Filling up the DagBag from /home/airflow/.local/lib/python3.7/site-packages/airflow/example_dags/example_branch_day_of_week_operator.py
[2022-10-09T07:07:16.702+0000] {processor.py:768} INFO - DAG(s) dict_keys(['example_weekday_branch_operator']) retrieved from /home/airflow/.local/lib/python3.7/site-packages/airflow/example_dags/example_branch_day_of_week_operator.py
[2022-10-09T07:07:16.727+0000] {logging_mixin.py:117} INFO - [2022-10-09T07:07:16.727+0000] {dag.py:2573} INFO - Sync 1 DAGs
[2022-10-09T07:07:16.744+0000] {logging_mixin.py:117} INFO - [2022-10-09T07:07:16.743+0000] {dag.py:3328} INFO - Setting next_dagrun for example_weekday_branch_operator to 2022-10-08T00:00:00+00:00, run_after=2022-10-09T00:00:00+00:00
[2022-10-09T07:07:16.755+0000] {processor.py:178} INFO - Processing /home/airflow/.local/lib/python3.7/site-packages/airflow/example_dags/example_branch_day_of_week_operator.py took 0.069 seconds
[2022-10-09T07:07:47.395+0000] {processor.py:156} INFO - Started process (PID=2061) to work on /home/airflow/.local/lib/python3.7/site-packages/airflow/example_dags/example_branch_day_of_week_operator.py
[2022-10-09T07:07:47.397+0000] {processor.py:758} INFO - Processing file /home/airflow/.local/lib/python3.7/site-packages/airflow/example_dags/example_branch_day_of_week_operator.py for tasks to queue
[2022-10-09T07:07:47.398+0000] {logging_mixin.py:117} INFO - [2022-10-09T07:07:47.398+0000] {dagbag.py:525} INFO - Filling up the DagBag from /home/airflow/.local/lib/python3.7/site-packages/airflow/example_dags/example_branch_day_of_week_operator.py
[2022-10-09T07:07:47.410+0000] {processor.py:768} INFO - DAG(s) dict_keys(['example_weekday_branch_operator']) retrieved from /home/airflow/.local/lib/python3.7/site-packages/airflow/example_dags/example_branch_day_of_week_operator.py
[2022-10-09T07:07:47.442+0000] {logging_mixin.py:117} INFO - [2022-10-09T07:07:47.442+0000] {dag.py:2573} INFO - Sync 1 DAGs
[2022-10-09T07:07:47.474+0000] {logging_mixin.py:117} INFO - [2022-10-09T07:07:47.474+0000] {dag.py:3328} INFO - Setting next_dagrun for example_weekday_branch_operator to 2022-10-08T00:00:00+00:00, run_after=2022-10-09T00:00:00+00:00
[2022-10-09T07:07:47.493+0000] {processor.py:178} INFO - Processing /home/airflow/.local/lib/python3.7/site-packages/airflow/example_dags/example_branch_day_of_week_operator.py took 0.100 seconds
[2022-10-09T07:08:17.680+0000] {processor.py:156} INFO - Started process (PID=2116) to work on /home/airflow/.local/lib/python3.7/site-packages/airflow/example_dags/example_branch_day_of_week_operator.py
[2022-10-09T07:08:17.681+0000] {processor.py:758} INFO - Processing file /home/airflow/.local/lib/python3.7/site-packages/airflow/example_dags/example_branch_day_of_week_operator.py for tasks to queue
[2022-10-09T07:08:17.682+0000] {logging_mixin.py:117} INFO - [2022-10-09T07:08:17.682+0000] {dagbag.py:525} INFO - Filling up the DagBag from /home/airflow/.local/lib/python3.7/site-packages/airflow/example_dags/example_branch_day_of_week_operator.py
[2022-10-09T07:08:17.692+0000] {processor.py:768} INFO - DAG(s) dict_keys(['example_weekday_branch_operator']) retrieved from /home/airflow/.local/lib/python3.7/site-packages/airflow/example_dags/example_branch_day_of_week_operator.py
[2022-10-09T07:08:17.718+0000] {logging_mixin.py:117} INFO - [2022-10-09T07:08:17.718+0000] {dag.py:2573} INFO - Sync 1 DAGs
[2022-10-09T07:08:17.734+0000] {logging_mixin.py:117} INFO - [2022-10-09T07:08:17.734+0000] {dag.py:3328} INFO - Setting next_dagrun for example_weekday_branch_operator to 2022-10-08T00:00:00+00:00, run_after=2022-10-09T00:00:00+00:00
[2022-10-09T07:08:17.748+0000] {processor.py:178} INFO - Processing /home/airflow/.local/lib/python3.7/site-packages/airflow/example_dags/example_branch_day_of_week_operator.py took 0.071 seconds
[2022-10-09T07:08:48.130+0000] {processor.py:156} INFO - Started process (PID=2179) to work on /home/airflow/.local/lib/python3.7/site-packages/airflow/example_dags/example_branch_day_of_week_operator.py
[2022-10-09T07:08:48.131+0000] {processor.py:758} INFO - Processing file /home/airflow/.local/lib/python3.7/site-packages/airflow/example_dags/example_branch_day_of_week_operator.py for tasks to queue
[2022-10-09T07:08:48.132+0000] {logging_mixin.py:117} INFO - [2022-10-09T07:08:48.132+0000] {dagbag.py:525} INFO - Filling up the DagBag from /home/airflow/.local/lib/python3.7/site-packages/airflow/example_dags/example_branch_day_of_week_operator.py
[2022-10-09T07:08:48.142+0000] {processor.py:768} INFO - DAG(s) dict_keys(['example_weekday_branch_operator']) retrieved from /home/airflow/.local/lib/python3.7/site-packages/airflow/example_dags/example_branch_day_of_week_operator.py
[2022-10-09T07:08:48.167+0000] {logging_mixin.py:117} INFO - [2022-10-09T07:08:48.166+0000] {dag.py:2573} INFO - Sync 1 DAGs
[2022-10-09T07:08:48.182+0000] {logging_mixin.py:117} INFO - [2022-10-09T07:08:48.182+0000] {dag.py:3328} INFO - Setting next_dagrun for example_weekday_branch_operator to 2022-10-08T00:00:00+00:00, run_after=2022-10-09T00:00:00+00:00
[2022-10-09T07:08:48.195+0000] {processor.py:178} INFO - Processing /home/airflow/.local/lib/python3.7/site-packages/airflow/example_dags/example_branch_day_of_week_operator.py took 0.068 seconds
[2022-10-09T07:09:18.388+0000] {processor.py:156} INFO - Started process (PID=2243) to work on /home/airflow/.local/lib/python3.7/site-packages/airflow/example_dags/example_branch_day_of_week_operator.py
[2022-10-09T07:09:18.390+0000] {processor.py:758} INFO - Processing file /home/airflow/.local/lib/python3.7/site-packages/airflow/example_dags/example_branch_day_of_week_operator.py for tasks to queue
[2022-10-09T07:09:18.391+0000] {logging_mixin.py:117} INFO - [2022-10-09T07:09:18.391+0000] {dagbag.py:525} INFO - Filling up the DagBag from /home/airflow/.local/lib/python3.7/site-packages/airflow/example_dags/example_branch_day_of_week_operator.py
[2022-10-09T07:09:18.400+0000] {processor.py:768} INFO - DAG(s) dict_keys(['example_weekday_branch_operator']) retrieved from /home/airflow/.local/lib/python3.7/site-packages/airflow/example_dags/example_branch_day_of_week_operator.py
[2022-10-09T07:09:18.424+0000] {logging_mixin.py:117} INFO - [2022-10-09T07:09:18.424+0000] {dag.py:2573} INFO - Sync 1 DAGs
[2022-10-09T07:09:18.439+0000] {logging_mixin.py:117} INFO - [2022-10-09T07:09:18.439+0000] {dag.py:3328} INFO - Setting next_dagrun for example_weekday_branch_operator to 2022-10-08T00:00:00+00:00, run_after=2022-10-09T00:00:00+00:00
[2022-10-09T07:09:18.453+0000] {processor.py:178} INFO - Processing /home/airflow/.local/lib/python3.7/site-packages/airflow/example_dags/example_branch_day_of_week_operator.py took 0.067 seconds
[2022-10-09T07:09:48.796+0000] {processor.py:156} INFO - Started process (PID=2305) to work on /home/airflow/.local/lib/python3.7/site-packages/airflow/example_dags/example_branch_day_of_week_operator.py
[2022-10-09T07:09:48.797+0000] {processor.py:758} INFO - Processing file /home/airflow/.local/lib/python3.7/site-packages/airflow/example_dags/example_branch_day_of_week_operator.py for tasks to queue
[2022-10-09T07:09:48.799+0000] {logging_mixin.py:117} INFO - [2022-10-09T07:09:48.798+0000] {dagbag.py:525} INFO - Filling up the DagBag from /home/airflow/.local/lib/python3.7/site-packages/airflow/example_dags/example_branch_day_of_week_operator.py
[2022-10-09T07:09:48.812+0000] {processor.py:768} INFO - DAG(s) dict_keys(['example_weekday_branch_operator']) retrieved from /home/airflow/.local/lib/python3.7/site-packages/airflow/example_dags/example_branch_day_of_week_operator.py
[2022-10-09T07:09:48.837+0000] {logging_mixin.py:117} INFO - [2022-10-09T07:09:48.837+0000] {dag.py:2573} INFO - Sync 1 DAGs
[2022-10-09T07:09:48.853+0000] {logging_mixin.py:117} INFO - [2022-10-09T07:09:48.853+0000] {dag.py:3328} INFO - Setting next_dagrun for example_weekday_branch_operator to 2022-10-08T00:00:00+00:00, run_after=2022-10-09T00:00:00+00:00
[2022-10-09T07:09:48.864+0000] {processor.py:178} INFO - Processing /home/airflow/.local/lib/python3.7/site-packages/airflow/example_dags/example_branch_day_of_week_operator.py took 0.072 seconds
[2022-10-09T07:10:19.254+0000] {processor.py:156} INFO - Started process (PID=2367) to work on /home/airflow/.local/lib/python3.7/site-packages/airflow/example_dags/example_branch_day_of_week_operator.py
[2022-10-09T07:10:19.256+0000] {processor.py:758} INFO - Processing file /home/airflow/.local/lib/python3.7/site-packages/airflow/example_dags/example_branch_day_of_week_operator.py for tasks to queue
[2022-10-09T07:10:19.257+0000] {logging_mixin.py:117} INFO - [2022-10-09T07:10:19.256+0000] {dagbag.py:525} INFO - Filling up the DagBag from /home/airflow/.local/lib/python3.7/site-packages/airflow/example_dags/example_branch_day_of_week_operator.py
[2022-10-09T07:10:19.268+0000] {processor.py:768} INFO - DAG(s) dict_keys(['example_weekday_branch_operator']) retrieved from /home/airflow/.local/lib/python3.7/site-packages/airflow/example_dags/example_branch_day_of_week_operator.py
[2022-10-09T07:10:19.296+0000] {logging_mixin.py:117} INFO - [2022-10-09T07:10:19.295+0000] {dag.py:2573} INFO - Sync 1 DAGs
[2022-10-09T07:10:19.314+0000] {logging_mixin.py:117} INFO - [2022-10-09T07:10:19.314+0000] {dag.py:3328} INFO - Setting next_dagrun for example_weekday_branch_operator to 2022-10-08T00:00:00+00:00, run_after=2022-10-09T00:00:00+00:00
[2022-10-09T07:10:19.327+0000] {processor.py:178} INFO - Processing /home/airflow/.local/lib/python3.7/site-packages/airflow/example_dags/example_branch_day_of_week_operator.py took 0.075 seconds
[2022-10-09T07:10:49.874+0000] {processor.py:156} INFO - Started process (PID=2430) to work on /home/airflow/.local/lib/python3.7/site-packages/airflow/example_dags/example_branch_day_of_week_operator.py
[2022-10-09T07:10:49.878+0000] {processor.py:758} INFO - Processing file /home/airflow/.local/lib/python3.7/site-packages/airflow/example_dags/example_branch_day_of_week_operator.py for tasks to queue
[2022-10-09T07:10:49.879+0000] {logging_mixin.py:117} INFO - [2022-10-09T07:10:49.879+0000] {dagbag.py:525} INFO - Filling up the DagBag from /home/airflow/.local/lib/python3.7/site-packages/airflow/example_dags/example_branch_day_of_week_operator.py
[2022-10-09T07:10:49.896+0000] {processor.py:768} INFO - DAG(s) dict_keys(['example_weekday_branch_operator']) retrieved from /home/airflow/.local/lib/python3.7/site-packages/airflow/example_dags/example_branch_day_of_week_operator.py
[2022-10-09T07:10:49.932+0000] {logging_mixin.py:117} INFO - [2022-10-09T07:10:49.932+0000] {dag.py:2573} INFO - Sync 1 DAGs
[2022-10-09T07:10:49.956+0000] {logging_mixin.py:117} INFO - [2022-10-09T07:10:49.956+0000] {dag.py:3328} INFO - Setting next_dagrun for example_weekday_branch_operator to 2022-10-08T00:00:00+00:00, run_after=2022-10-09T00:00:00+00:00
[2022-10-09T07:10:49.985+0000] {processor.py:178} INFO - Processing /home/airflow/.local/lib/python3.7/site-packages/airflow/example_dags/example_branch_day_of_week_operator.py took 0.115 seconds
[2022-10-09T07:11:20.374+0000] {processor.py:156} INFO - Started process (PID=2484) to work on /home/airflow/.local/lib/python3.7/site-packages/airflow/example_dags/example_branch_day_of_week_operator.py
[2022-10-09T07:11:20.376+0000] {processor.py:758} INFO - Processing file /home/airflow/.local/lib/python3.7/site-packages/airflow/example_dags/example_branch_day_of_week_operator.py for tasks to queue
[2022-10-09T07:11:20.377+0000] {logging_mixin.py:117} INFO - [2022-10-09T07:11:20.377+0000] {dagbag.py:525} INFO - Filling up the DagBag from /home/airflow/.local/lib/python3.7/site-packages/airflow/example_dags/example_branch_day_of_week_operator.py
[2022-10-09T07:11:20.387+0000] {processor.py:768} INFO - DAG(s) dict_keys(['example_weekday_branch_operator']) retrieved from /home/airflow/.local/lib/python3.7/site-packages/airflow/example_dags/example_branch_day_of_week_operator.py
[2022-10-09T07:11:20.411+0000] {logging_mixin.py:117} INFO - [2022-10-09T07:11:20.411+0000] {dag.py:2573} INFO - Sync 1 DAGs
[2022-10-09T07:11:20.425+0000] {logging_mixin.py:117} INFO - [2022-10-09T07:11:20.425+0000] {dag.py:3328} INFO - Setting next_dagrun for example_weekday_branch_operator to 2022-10-08T00:00:00+00:00, run_after=2022-10-09T00:00:00+00:00
[2022-10-09T07:11:20.436+0000] {processor.py:178} INFO - Processing /home/airflow/.local/lib/python3.7/site-packages/airflow/example_dags/example_branch_day_of_week_operator.py took 0.064 seconds
[2022-10-09T07:11:50.856+0000] {processor.py:156} INFO - Started process (PID=2547) to work on /home/airflow/.local/lib/python3.7/site-packages/airflow/example_dags/example_branch_day_of_week_operator.py
[2022-10-09T07:11:50.858+0000] {processor.py:758} INFO - Processing file /home/airflow/.local/lib/python3.7/site-packages/airflow/example_dags/example_branch_day_of_week_operator.py for tasks to queue
[2022-10-09T07:11:50.859+0000] {logging_mixin.py:117} INFO - [2022-10-09T07:11:50.859+0000] {dagbag.py:525} INFO - Filling up the DagBag from /home/airflow/.local/lib/python3.7/site-packages/airflow/example_dags/example_branch_day_of_week_operator.py
[2022-10-09T07:11:50.870+0000] {processor.py:768} INFO - DAG(s) dict_keys(['example_weekday_branch_operator']) retrieved from /home/airflow/.local/lib/python3.7/site-packages/airflow/example_dags/example_branch_day_of_week_operator.py
[2022-10-09T07:11:50.899+0000] {logging_mixin.py:117} INFO - [2022-10-09T07:11:50.899+0000] {dag.py:2573} INFO - Sync 1 DAGs
[2022-10-09T07:11:50.915+0000] {logging_mixin.py:117} INFO - [2022-10-09T07:11:50.915+0000] {dag.py:3328} INFO - Setting next_dagrun for example_weekday_branch_operator to 2022-10-08T00:00:00+00:00, run_after=2022-10-09T00:00:00+00:00
[2022-10-09T07:11:50.928+0000] {processor.py:178} INFO - Processing /home/airflow/.local/lib/python3.7/site-packages/airflow/example_dags/example_branch_day_of_week_operator.py took 0.074 seconds
[2022-10-09T07:12:21.067+0000] {processor.py:156} INFO - Started process (PID=2610) to work on /home/airflow/.local/lib/python3.7/site-packages/airflow/example_dags/example_branch_day_of_week_operator.py
[2022-10-09T07:12:21.068+0000] {processor.py:758} INFO - Processing file /home/airflow/.local/lib/python3.7/site-packages/airflow/example_dags/example_branch_day_of_week_operator.py for tasks to queue
[2022-10-09T07:12:21.069+0000] {logging_mixin.py:117} INFO - [2022-10-09T07:12:21.069+0000] {dagbag.py:525} INFO - Filling up the DagBag from /home/airflow/.local/lib/python3.7/site-packages/airflow/example_dags/example_branch_day_of_week_operator.py
[2022-10-09T07:12:21.079+0000] {processor.py:768} INFO - DAG(s) dict_keys(['example_weekday_branch_operator']) retrieved from /home/airflow/.local/lib/python3.7/site-packages/airflow/example_dags/example_branch_day_of_week_operator.py
[2022-10-09T07:12:21.103+0000] {logging_mixin.py:117} INFO - [2022-10-09T07:12:21.103+0000] {dag.py:2573} INFO - Sync 1 DAGs
[2022-10-09T07:12:21.116+0000] {logging_mixin.py:117} INFO - [2022-10-09T07:12:21.116+0000] {dag.py:3328} INFO - Setting next_dagrun for example_weekday_branch_operator to 2022-10-08T00:00:00+00:00, run_after=2022-10-09T00:00:00+00:00
[2022-10-09T07:12:21.127+0000] {processor.py:178} INFO - Processing /home/airflow/.local/lib/python3.7/site-packages/airflow/example_dags/example_branch_day_of_week_operator.py took 0.062 seconds
[2022-10-09T07:12:51.372+0000] {processor.py:156} INFO - Started process (PID=2673) to work on /home/airflow/.local/lib/python3.7/site-packages/airflow/example_dags/example_branch_day_of_week_operator.py
[2022-10-09T07:12:51.373+0000] {processor.py:758} INFO - Processing file /home/airflow/.local/lib/python3.7/site-packages/airflow/example_dags/example_branch_day_of_week_operator.py for tasks to queue
[2022-10-09T07:12:51.374+0000] {logging_mixin.py:117} INFO - [2022-10-09T07:12:51.374+0000] {dagbag.py:525} INFO - Filling up the DagBag from /home/airflow/.local/lib/python3.7/site-packages/airflow/example_dags/example_branch_day_of_week_operator.py
[2022-10-09T07:12:51.386+0000] {processor.py:768} INFO - DAG(s) dict_keys(['example_weekday_branch_operator']) retrieved from /home/airflow/.local/lib/python3.7/site-packages/airflow/example_dags/example_branch_day_of_week_operator.py
[2022-10-09T07:12:51.413+0000] {logging_mixin.py:117} INFO - [2022-10-09T07:12:51.413+0000] {dag.py:2573} INFO - Sync 1 DAGs
[2022-10-09T07:12:51.441+0000] {logging_mixin.py:117} INFO - [2022-10-09T07:12:51.441+0000] {dag.py:3328} INFO - Setting next_dagrun for example_weekday_branch_operator to 2022-10-08T00:00:00+00:00, run_after=2022-10-09T00:00:00+00:00
[2022-10-09T07:12:51.457+0000] {processor.py:178} INFO - Processing /home/airflow/.local/lib/python3.7/site-packages/airflow/example_dags/example_branch_day_of_week_operator.py took 0.088 seconds
[2022-10-09T07:13:21.867+0000] {processor.py:156} INFO - Started process (PID=2737) to work on /home/airflow/.local/lib/python3.7/site-packages/airflow/example_dags/example_branch_day_of_week_operator.py
[2022-10-09T07:13:21.869+0000] {processor.py:758} INFO - Processing file /home/airflow/.local/lib/python3.7/site-packages/airflow/example_dags/example_branch_day_of_week_operator.py for tasks to queue
[2022-10-09T07:13:21.872+0000] {logging_mixin.py:117} INFO - [2022-10-09T07:13:21.872+0000] {dagbag.py:525} INFO - Filling up the DagBag from /home/airflow/.local/lib/python3.7/site-packages/airflow/example_dags/example_branch_day_of_week_operator.py
[2022-10-09T07:13:21.887+0000] {processor.py:768} INFO - DAG(s) dict_keys(['example_weekday_branch_operator']) retrieved from /home/airflow/.local/lib/python3.7/site-packages/airflow/example_dags/example_branch_day_of_week_operator.py
[2022-10-09T07:13:21.924+0000] {logging_mixin.py:117} INFO - [2022-10-09T07:13:21.924+0000] {dag.py:2573} INFO - Sync 1 DAGs
[2022-10-09T07:13:21.956+0000] {logging_mixin.py:117} INFO - [2022-10-09T07:13:21.956+0000] {dag.py:3328} INFO - Setting next_dagrun for example_weekday_branch_operator to 2022-10-08T00:00:00+00:00, run_after=2022-10-09T00:00:00+00:00
[2022-10-09T07:13:21.974+0000] {processor.py:178} INFO - Processing /home/airflow/.local/lib/python3.7/site-packages/airflow/example_dags/example_branch_day_of_week_operator.py took 0.110 seconds
[2022-10-09T07:13:52.165+0000] {processor.py:156} INFO - Started process (PID=2790) to work on /home/airflow/.local/lib/python3.7/site-packages/airflow/example_dags/example_branch_day_of_week_operator.py
[2022-10-09T07:13:52.167+0000] {processor.py:758} INFO - Processing file /home/airflow/.local/lib/python3.7/site-packages/airflow/example_dags/example_branch_day_of_week_operator.py for tasks to queue
[2022-10-09T07:13:52.167+0000] {logging_mixin.py:117} INFO - [2022-10-09T07:13:52.167+0000] {dagbag.py:525} INFO - Filling up the DagBag from /home/airflow/.local/lib/python3.7/site-packages/airflow/example_dags/example_branch_day_of_week_operator.py
[2022-10-09T07:13:52.179+0000] {processor.py:768} INFO - DAG(s) dict_keys(['example_weekday_branch_operator']) retrieved from /home/airflow/.local/lib/python3.7/site-packages/airflow/example_dags/example_branch_day_of_week_operator.py
[2022-10-09T07:13:52.209+0000] {logging_mixin.py:117} INFO - [2022-10-09T07:13:52.209+0000] {dag.py:2573} INFO - Sync 1 DAGs
[2022-10-09T07:13:52.225+0000] {logging_mixin.py:117} INFO - [2022-10-09T07:13:52.225+0000] {dag.py:3328} INFO - Setting next_dagrun for example_weekday_branch_operator to 2022-10-08T00:00:00+00:00, run_after=2022-10-09T00:00:00+00:00
[2022-10-09T07:13:52.240+0000] {processor.py:178} INFO - Processing /home/airflow/.local/lib/python3.7/site-packages/airflow/example_dags/example_branch_day_of_week_operator.py took 0.077 seconds
[2022-10-09T07:14:22.762+0000] {processor.py:156} INFO - Started process (PID=2852) to work on /home/airflow/.local/lib/python3.7/site-packages/airflow/example_dags/example_branch_day_of_week_operator.py
[2022-10-09T07:14:22.763+0000] {processor.py:758} INFO - Processing file /home/airflow/.local/lib/python3.7/site-packages/airflow/example_dags/example_branch_day_of_week_operator.py for tasks to queue
[2022-10-09T07:14:22.764+0000] {logging_mixin.py:117} INFO - [2022-10-09T07:14:22.764+0000] {dagbag.py:525} INFO - Filling up the DagBag from /home/airflow/.local/lib/python3.7/site-packages/airflow/example_dags/example_branch_day_of_week_operator.py
[2022-10-09T07:14:22.776+0000] {processor.py:768} INFO - DAG(s) dict_keys(['example_weekday_branch_operator']) retrieved from /home/airflow/.local/lib/python3.7/site-packages/airflow/example_dags/example_branch_day_of_week_operator.py
[2022-10-09T07:14:22.803+0000] {logging_mixin.py:117} INFO - [2022-10-09T07:14:22.802+0000] {dag.py:2573} INFO - Sync 1 DAGs
[2022-10-09T07:14:22.818+0000] {logging_mixin.py:117} INFO - [2022-10-09T07:14:22.818+0000] {dag.py:3328} INFO - Setting next_dagrun for example_weekday_branch_operator to 2022-10-08T00:00:00+00:00, run_after=2022-10-09T00:00:00+00:00
[2022-10-09T07:14:22.831+0000] {processor.py:178} INFO - Processing /home/airflow/.local/lib/python3.7/site-packages/airflow/example_dags/example_branch_day_of_week_operator.py took 0.071 seconds
[2022-10-09T07:14:53.095+0000] {processor.py:156} INFO - Started process (PID=2916) to work on /home/airflow/.local/lib/python3.7/site-packages/airflow/example_dags/example_branch_day_of_week_operator.py
[2022-10-09T07:14:53.099+0000] {processor.py:758} INFO - Processing file /home/airflow/.local/lib/python3.7/site-packages/airflow/example_dags/example_branch_day_of_week_operator.py for tasks to queue
[2022-10-09T07:14:53.100+0000] {logging_mixin.py:117} INFO - [2022-10-09T07:14:53.100+0000] {dagbag.py:525} INFO - Filling up the DagBag from /home/airflow/.local/lib/python3.7/site-packages/airflow/example_dags/example_branch_day_of_week_operator.py
[2022-10-09T07:14:53.113+0000] {processor.py:768} INFO - DAG(s) dict_keys(['example_weekday_branch_operator']) retrieved from /home/airflow/.local/lib/python3.7/site-packages/airflow/example_dags/example_branch_day_of_week_operator.py
[2022-10-09T07:14:53.140+0000] {logging_mixin.py:117} INFO - [2022-10-09T07:14:53.140+0000] {dag.py:2573} INFO - Sync 1 DAGs
[2022-10-09T07:14:53.159+0000] {logging_mixin.py:117} INFO - [2022-10-09T07:14:53.159+0000] {dag.py:3328} INFO - Setting next_dagrun for example_weekday_branch_operator to 2022-10-08T00:00:00+00:00, run_after=2022-10-09T00:00:00+00:00
[2022-10-09T07:14:53.171+0000] {processor.py:178} INFO - Processing /home/airflow/.local/lib/python3.7/site-packages/airflow/example_dags/example_branch_day_of_week_operator.py took 0.078 seconds
[2022-10-09T07:15:23.302+0000] {processor.py:156} INFO - Started process (PID=2979) to work on /home/airflow/.local/lib/python3.7/site-packages/airflow/example_dags/example_branch_day_of_week_operator.py
[2022-10-09T07:15:23.304+0000] {processor.py:758} INFO - Processing file /home/airflow/.local/lib/python3.7/site-packages/airflow/example_dags/example_branch_day_of_week_operator.py for tasks to queue
[2022-10-09T07:15:23.305+0000] {logging_mixin.py:117} INFO - [2022-10-09T07:15:23.304+0000] {dagbag.py:525} INFO - Filling up the DagBag from /home/airflow/.local/lib/python3.7/site-packages/airflow/example_dags/example_branch_day_of_week_operator.py
[2022-10-09T07:15:23.314+0000] {processor.py:768} INFO - DAG(s) dict_keys(['example_weekday_branch_operator']) retrieved from /home/airflow/.local/lib/python3.7/site-packages/airflow/example_dags/example_branch_day_of_week_operator.py
[2022-10-09T07:15:23.342+0000] {logging_mixin.py:117} INFO - [2022-10-09T07:15:23.342+0000] {dag.py:2573} INFO - Sync 1 DAGs
[2022-10-09T07:15:23.362+0000] {logging_mixin.py:117} INFO - [2022-10-09T07:15:23.361+0000] {dag.py:3328} INFO - Setting next_dagrun for example_weekday_branch_operator to 2022-10-08T00:00:00+00:00, run_after=2022-10-09T00:00:00+00:00
[2022-10-09T07:15:23.376+0000] {processor.py:178} INFO - Processing /home/airflow/.local/lib/python3.7/site-packages/airflow/example_dags/example_branch_day_of_week_operator.py took 0.077 seconds
[2022-10-09T07:15:53.703+0000] {processor.py:156} INFO - Started process (PID=3042) to work on /home/airflow/.local/lib/python3.7/site-packages/airflow/example_dags/example_branch_day_of_week_operator.py
[2022-10-09T07:15:53.705+0000] {processor.py:758} INFO - Processing file /home/airflow/.local/lib/python3.7/site-packages/airflow/example_dags/example_branch_day_of_week_operator.py for tasks to queue
[2022-10-09T07:15:53.706+0000] {logging_mixin.py:117} INFO - [2022-10-09T07:15:53.706+0000] {dagbag.py:525} INFO - Filling up the DagBag from /home/airflow/.local/lib/python3.7/site-packages/airflow/example_dags/example_branch_day_of_week_operator.py
[2022-10-09T07:15:53.716+0000] {processor.py:768} INFO - DAG(s) dict_keys(['example_weekday_branch_operator']) retrieved from /home/airflow/.local/lib/python3.7/site-packages/airflow/example_dags/example_branch_day_of_week_operator.py
[2022-10-09T07:15:53.741+0000] {logging_mixin.py:117} INFO - [2022-10-09T07:15:53.741+0000] {dag.py:2573} INFO - Sync 1 DAGs
[2022-10-09T07:15:53.756+0000] {logging_mixin.py:117} INFO - [2022-10-09T07:15:53.756+0000] {dag.py:3328} INFO - Setting next_dagrun for example_weekday_branch_operator to 2022-10-08T00:00:00+00:00, run_after=2022-10-09T00:00:00+00:00
[2022-10-09T07:15:53.767+0000] {processor.py:178} INFO - Processing /home/airflow/.local/lib/python3.7/site-packages/airflow/example_dags/example_branch_day_of_week_operator.py took 0.066 seconds
[2022-10-09T07:16:24.008+0000] {processor.py:156} INFO - Started process (PID=3096) to work on /home/airflow/.local/lib/python3.7/site-packages/airflow/example_dags/example_branch_day_of_week_operator.py
[2022-10-09T07:16:24.010+0000] {processor.py:758} INFO - Processing file /home/airflow/.local/lib/python3.7/site-packages/airflow/example_dags/example_branch_day_of_week_operator.py for tasks to queue
[2022-10-09T07:16:24.011+0000] {logging_mixin.py:117} INFO - [2022-10-09T07:16:24.011+0000] {dagbag.py:525} INFO - Filling up the DagBag from /home/airflow/.local/lib/python3.7/site-packages/airflow/example_dags/example_branch_day_of_week_operator.py
[2022-10-09T07:16:24.020+0000] {processor.py:768} INFO - DAG(s) dict_keys(['example_weekday_branch_operator']) retrieved from /home/airflow/.local/lib/python3.7/site-packages/airflow/example_dags/example_branch_day_of_week_operator.py
[2022-10-09T07:16:24.043+0000] {logging_mixin.py:117} INFO - [2022-10-09T07:16:24.043+0000] {dag.py:2573} INFO - Sync 1 DAGs
[2022-10-09T07:16:24.057+0000] {logging_mixin.py:117} INFO - [2022-10-09T07:16:24.057+0000] {dag.py:3328} INFO - Setting next_dagrun for example_weekday_branch_operator to 2022-10-08T00:00:00+00:00, run_after=2022-10-09T00:00:00+00:00
[2022-10-09T07:16:24.068+0000] {processor.py:178} INFO - Processing /home/airflow/.local/lib/python3.7/site-packages/airflow/example_dags/example_branch_day_of_week_operator.py took 0.061 seconds
[2022-10-09T07:16:54.329+0000] {processor.py:156} INFO - Started process (PID=3158) to work on /home/airflow/.local/lib/python3.7/site-packages/airflow/example_dags/example_branch_day_of_week_operator.py
[2022-10-09T07:16:54.331+0000] {processor.py:758} INFO - Processing file /home/airflow/.local/lib/python3.7/site-packages/airflow/example_dags/example_branch_day_of_week_operator.py for tasks to queue
[2022-10-09T07:16:54.331+0000] {logging_mixin.py:117} INFO - [2022-10-09T07:16:54.331+0000] {dagbag.py:525} INFO - Filling up the DagBag from /home/airflow/.local/lib/python3.7/site-packages/airflow/example_dags/example_branch_day_of_week_operator.py
[2022-10-09T07:16:54.341+0000] {processor.py:768} INFO - DAG(s) dict_keys(['example_weekday_branch_operator']) retrieved from /home/airflow/.local/lib/python3.7/site-packages/airflow/example_dags/example_branch_day_of_week_operator.py
[2022-10-09T07:16:54.368+0000] {logging_mixin.py:117} INFO - [2022-10-09T07:16:54.368+0000] {dag.py:2573} INFO - Sync 1 DAGs
[2022-10-09T07:16:54.384+0000] {logging_mixin.py:117} INFO - [2022-10-09T07:16:54.384+0000] {dag.py:3328} INFO - Setting next_dagrun for example_weekday_branch_operator to 2022-10-08T00:00:00+00:00, run_after=2022-10-09T00:00:00+00:00
[2022-10-09T07:16:54.397+0000] {processor.py:178} INFO - Processing /home/airflow/.local/lib/python3.7/site-packages/airflow/example_dags/example_branch_day_of_week_operator.py took 0.069 seconds
[2022-10-09T07:17:24.601+0000] {processor.py:156} INFO - Started process (PID=3221) to work on /home/airflow/.local/lib/python3.7/site-packages/airflow/example_dags/example_branch_day_of_week_operator.py
[2022-10-09T07:17:24.602+0000] {processor.py:758} INFO - Processing file /home/airflow/.local/lib/python3.7/site-packages/airflow/example_dags/example_branch_day_of_week_operator.py for tasks to queue
[2022-10-09T07:17:24.603+0000] {logging_mixin.py:117} INFO - [2022-10-09T07:17:24.603+0000] {dagbag.py:525} INFO - Filling up the DagBag from /home/airflow/.local/lib/python3.7/site-packages/airflow/example_dags/example_branch_day_of_week_operator.py
[2022-10-09T07:17:24.615+0000] {processor.py:768} INFO - DAG(s) dict_keys(['example_weekday_branch_operator']) retrieved from /home/airflow/.local/lib/python3.7/site-packages/airflow/example_dags/example_branch_day_of_week_operator.py
[2022-10-09T07:17:24.645+0000] {logging_mixin.py:117} INFO - [2022-10-09T07:17:24.645+0000] {dag.py:2573} INFO - Sync 1 DAGs
[2022-10-09T07:17:24.661+0000] {logging_mixin.py:117} INFO - [2022-10-09T07:17:24.661+0000] {dag.py:3328} INFO - Setting next_dagrun for example_weekday_branch_operator to 2022-10-08T00:00:00+00:00, run_after=2022-10-09T00:00:00+00:00
[2022-10-09T07:17:24.679+0000] {processor.py:178} INFO - Processing /home/airflow/.local/lib/python3.7/site-packages/airflow/example_dags/example_branch_day_of_week_operator.py took 0.081 seconds
[2022-10-09T07:17:55.324+0000] {processor.py:156} INFO - Started process (PID=3282) to work on /home/airflow/.local/lib/python3.7/site-packages/airflow/example_dags/example_branch_day_of_week_operator.py
[2022-10-09T07:17:55.325+0000] {processor.py:758} INFO - Processing file /home/airflow/.local/lib/python3.7/site-packages/airflow/example_dags/example_branch_day_of_week_operator.py for tasks to queue
[2022-10-09T07:17:55.326+0000] {logging_mixin.py:117} INFO - [2022-10-09T07:17:55.326+0000] {dagbag.py:525} INFO - Filling up the DagBag from /home/airflow/.local/lib/python3.7/site-packages/airflow/example_dags/example_branch_day_of_week_operator.py
[2022-10-09T07:17:55.338+0000] {processor.py:768} INFO - DAG(s) dict_keys(['example_weekday_branch_operator']) retrieved from /home/airflow/.local/lib/python3.7/site-packages/airflow/example_dags/example_branch_day_of_week_operator.py
[2022-10-09T07:17:55.364+0000] {logging_mixin.py:117} INFO - [2022-10-09T07:17:55.364+0000] {dag.py:2573} INFO - Sync 1 DAGs
[2022-10-09T07:17:55.380+0000] {logging_mixin.py:117} INFO - [2022-10-09T07:17:55.380+0000] {dag.py:3328} INFO - Setting next_dagrun for example_weekday_branch_operator to 2022-10-08T00:00:00+00:00, run_after=2022-10-09T00:00:00+00:00
[2022-10-09T07:17:55.393+0000] {processor.py:178} INFO - Processing /home/airflow/.local/lib/python3.7/site-packages/airflow/example_dags/example_branch_day_of_week_operator.py took 0.071 seconds
[2022-10-09T07:18:25.632+0000] {processor.py:156} INFO - Started process (PID=3345) to work on /home/airflow/.local/lib/python3.7/site-packages/airflow/example_dags/example_branch_day_of_week_operator.py
[2022-10-09T07:18:25.633+0000] {processor.py:758} INFO - Processing file /home/airflow/.local/lib/python3.7/site-packages/airflow/example_dags/example_branch_day_of_week_operator.py for tasks to queue
[2022-10-09T07:18:25.634+0000] {logging_mixin.py:117} INFO - [2022-10-09T07:18:25.634+0000] {dagbag.py:525} INFO - Filling up the DagBag from /home/airflow/.local/lib/python3.7/site-packages/airflow/example_dags/example_branch_day_of_week_operator.py
[2022-10-09T07:18:25.645+0000] {processor.py:768} INFO - DAG(s) dict_keys(['example_weekday_branch_operator']) retrieved from /home/airflow/.local/lib/python3.7/site-packages/airflow/example_dags/example_branch_day_of_week_operator.py
[2022-10-09T07:18:25.671+0000] {logging_mixin.py:117} INFO - [2022-10-09T07:18:25.671+0000] {dag.py:2573} INFO - Sync 1 DAGs
[2022-10-09T07:18:25.686+0000] {logging_mixin.py:117} INFO - [2022-10-09T07:18:25.686+0000] {dag.py:3328} INFO - Setting next_dagrun for example_weekday_branch_operator to 2022-10-08T00:00:00+00:00, run_after=2022-10-09T00:00:00+00:00
[2022-10-09T07:18:25.697+0000] {processor.py:178} INFO - Processing /home/airflow/.local/lib/python3.7/site-packages/airflow/example_dags/example_branch_day_of_week_operator.py took 0.068 seconds
[2022-10-09T07:18:56.187+0000] {processor.py:156} INFO - Started process (PID=3407) to work on /home/airflow/.local/lib/python3.7/site-packages/airflow/example_dags/example_branch_day_of_week_operator.py
[2022-10-09T07:18:56.189+0000] {processor.py:758} INFO - Processing file /home/airflow/.local/lib/python3.7/site-packages/airflow/example_dags/example_branch_day_of_week_operator.py for tasks to queue
[2022-10-09T07:18:56.191+0000] {logging_mixin.py:117} INFO - [2022-10-09T07:18:56.191+0000] {dagbag.py:525} INFO - Filling up the DagBag from /home/airflow/.local/lib/python3.7/site-packages/airflow/example_dags/example_branch_day_of_week_operator.py
[2022-10-09T07:18:56.203+0000] {processor.py:768} INFO - DAG(s) dict_keys(['example_weekday_branch_operator']) retrieved from /home/airflow/.local/lib/python3.7/site-packages/airflow/example_dags/example_branch_day_of_week_operator.py
[2022-10-09T07:18:56.233+0000] {logging_mixin.py:117} INFO - [2022-10-09T07:18:56.233+0000] {dag.py:2573} INFO - Sync 1 DAGs
[2022-10-09T07:18:56.272+0000] {logging_mixin.py:117} INFO - [2022-10-09T07:18:56.261+0000] {dag.py:3328} INFO - Setting next_dagrun for example_weekday_branch_operator to 2022-10-08T00:00:00+00:00, run_after=2022-10-09T00:00:00+00:00
[2022-10-09T07:18:56.470+0000] {processor.py:178} INFO - Processing /home/airflow/.local/lib/python3.7/site-packages/airflow/example_dags/example_branch_day_of_week_operator.py took 0.286 seconds
[2022-10-09T07:19:27.204+0000] {processor.py:156} INFO - Started process (PID=3461) to work on /home/airflow/.local/lib/python3.7/site-packages/airflow/example_dags/example_branch_day_of_week_operator.py
[2022-10-09T07:19:27.205+0000] {processor.py:758} INFO - Processing file /home/airflow/.local/lib/python3.7/site-packages/airflow/example_dags/example_branch_day_of_week_operator.py for tasks to queue
[2022-10-09T07:19:27.206+0000] {logging_mixin.py:117} INFO - [2022-10-09T07:19:27.206+0000] {dagbag.py:525} INFO - Filling up the DagBag from /home/airflow/.local/lib/python3.7/site-packages/airflow/example_dags/example_branch_day_of_week_operator.py
[2022-10-09T07:19:27.216+0000] {processor.py:768} INFO - DAG(s) dict_keys(['example_weekday_branch_operator']) retrieved from /home/airflow/.local/lib/python3.7/site-packages/airflow/example_dags/example_branch_day_of_week_operator.py
[2022-10-09T07:19:27.244+0000] {logging_mixin.py:117} INFO - [2022-10-09T07:19:27.244+0000] {dag.py:2573} INFO - Sync 1 DAGs
[2022-10-09T07:19:27.261+0000] {logging_mixin.py:117} INFO - [2022-10-09T07:19:27.261+0000] {dag.py:3328} INFO - Setting next_dagrun for example_weekday_branch_operator to 2022-10-08T00:00:00+00:00, run_after=2022-10-09T00:00:00+00:00
[2022-10-09T07:19:27.273+0000] {processor.py:178} INFO - Processing /home/airflow/.local/lib/python3.7/site-packages/airflow/example_dags/example_branch_day_of_week_operator.py took 0.072 seconds
[2022-10-09T07:19:57.530+0000] {processor.py:156} INFO - Started process (PID=3525) to work on /home/airflow/.local/lib/python3.7/site-packages/airflow/example_dags/example_branch_day_of_week_operator.py
[2022-10-09T07:19:57.532+0000] {processor.py:758} INFO - Processing file /home/airflow/.local/lib/python3.7/site-packages/airflow/example_dags/example_branch_day_of_week_operator.py for tasks to queue
[2022-10-09T07:19:57.533+0000] {logging_mixin.py:117} INFO - [2022-10-09T07:19:57.533+0000] {dagbag.py:525} INFO - Filling up the DagBag from /home/airflow/.local/lib/python3.7/site-packages/airflow/example_dags/example_branch_day_of_week_operator.py
[2022-10-09T07:19:57.545+0000] {processor.py:768} INFO - DAG(s) dict_keys(['example_weekday_branch_operator']) retrieved from /home/airflow/.local/lib/python3.7/site-packages/airflow/example_dags/example_branch_day_of_week_operator.py
[2022-10-09T07:19:57.572+0000] {logging_mixin.py:117} INFO - [2022-10-09T07:19:57.572+0000] {dag.py:2573} INFO - Sync 1 DAGs
[2022-10-09T07:19:57.589+0000] {logging_mixin.py:117} INFO - [2022-10-09T07:19:57.589+0000] {dag.py:3328} INFO - Setting next_dagrun for example_weekday_branch_operator to 2022-10-08T00:00:00+00:00, run_after=2022-10-09T00:00:00+00:00
[2022-10-09T07:19:57.607+0000] {processor.py:178} INFO - Processing /home/airflow/.local/lib/python3.7/site-packages/airflow/example_dags/example_branch_day_of_week_operator.py took 0.079 seconds
[2022-10-09T07:20:28.108+0000] {processor.py:156} INFO - Started process (PID=3588) to work on /home/airflow/.local/lib/python3.7/site-packages/airflow/example_dags/example_branch_day_of_week_operator.py
[2022-10-09T07:20:28.110+0000] {processor.py:758} INFO - Processing file /home/airflow/.local/lib/python3.7/site-packages/airflow/example_dags/example_branch_day_of_week_operator.py for tasks to queue
[2022-10-09T07:20:28.112+0000] {logging_mixin.py:117} INFO - [2022-10-09T07:20:28.112+0000] {dagbag.py:525} INFO - Filling up the DagBag from /home/airflow/.local/lib/python3.7/site-packages/airflow/example_dags/example_branch_day_of_week_operator.py
[2022-10-09T07:20:28.123+0000] {processor.py:768} INFO - DAG(s) dict_keys(['example_weekday_branch_operator']) retrieved from /home/airflow/.local/lib/python3.7/site-packages/airflow/example_dags/example_branch_day_of_week_operator.py
[2022-10-09T07:20:28.150+0000] {logging_mixin.py:117} INFO - [2022-10-09T07:20:28.150+0000] {dag.py:2573} INFO - Sync 1 DAGs
[2022-10-09T07:20:28.167+0000] {logging_mixin.py:117} INFO - [2022-10-09T07:20:28.167+0000] {dag.py:3328} INFO - Setting next_dagrun for example_weekday_branch_operator to 2022-10-08T00:00:00+00:00, run_after=2022-10-09T00:00:00+00:00
[2022-10-09T07:20:28.183+0000] {processor.py:178} INFO - Processing /home/airflow/.local/lib/python3.7/site-packages/airflow/example_dags/example_branch_day_of_week_operator.py took 0.077 seconds
[2022-10-09T07:20:58.760+0000] {processor.py:156} INFO - Started process (PID=3651) to work on /home/airflow/.local/lib/python3.7/site-packages/airflow/example_dags/example_branch_day_of_week_operator.py
[2022-10-09T07:20:58.761+0000] {processor.py:758} INFO - Processing file /home/airflow/.local/lib/python3.7/site-packages/airflow/example_dags/example_branch_day_of_week_operator.py for tasks to queue
[2022-10-09T07:20:58.762+0000] {logging_mixin.py:117} INFO - [2022-10-09T07:20:58.762+0000] {dagbag.py:525} INFO - Filling up the DagBag from /home/airflow/.local/lib/python3.7/site-packages/airflow/example_dags/example_branch_day_of_week_operator.py
[2022-10-09T07:20:58.774+0000] {processor.py:768} INFO - DAG(s) dict_keys(['example_weekday_branch_operator']) retrieved from /home/airflow/.local/lib/python3.7/site-packages/airflow/example_dags/example_branch_day_of_week_operator.py
[2022-10-09T07:20:58.802+0000] {logging_mixin.py:117} INFO - [2022-10-09T07:20:58.802+0000] {dag.py:2573} INFO - Sync 1 DAGs
[2022-10-09T07:20:58.823+0000] {logging_mixin.py:117} INFO - [2022-10-09T07:20:58.822+0000] {dag.py:3328} INFO - Setting next_dagrun for example_weekday_branch_operator to 2022-10-08T00:00:00+00:00, run_after=2022-10-09T00:00:00+00:00
[2022-10-09T07:20:58.838+0000] {processor.py:178} INFO - Processing /home/airflow/.local/lib/python3.7/site-packages/airflow/example_dags/example_branch_day_of_week_operator.py took 0.081 seconds
[2022-10-09T07:21:29.141+0000] {processor.py:156} INFO - Started process (PID=3714) to work on /home/airflow/.local/lib/python3.7/site-packages/airflow/example_dags/example_branch_day_of_week_operator.py
[2022-10-09T07:21:29.144+0000] {processor.py:758} INFO - Processing file /home/airflow/.local/lib/python3.7/site-packages/airflow/example_dags/example_branch_day_of_week_operator.py for tasks to queue
[2022-10-09T07:21:29.146+0000] {logging_mixin.py:117} INFO - [2022-10-09T07:21:29.145+0000] {dagbag.py:525} INFO - Filling up the DagBag from /home/airflow/.local/lib/python3.7/site-packages/airflow/example_dags/example_branch_day_of_week_operator.py
[2022-10-09T07:21:29.167+0000] {processor.py:768} INFO - DAG(s) dict_keys(['example_weekday_branch_operator']) retrieved from /home/airflow/.local/lib/python3.7/site-packages/airflow/example_dags/example_branch_day_of_week_operator.py
[2022-10-09T07:21:29.232+0000] {logging_mixin.py:117} INFO - [2022-10-09T07:21:29.232+0000] {dag.py:2573} INFO - Sync 1 DAGs
[2022-10-09T07:21:29.269+0000] {logging_mixin.py:117} INFO - [2022-10-09T07:21:29.269+0000] {dag.py:3328} INFO - Setting next_dagrun for example_weekday_branch_operator to 2022-10-08T00:00:00+00:00, run_after=2022-10-09T00:00:00+00:00
[2022-10-09T07:21:29.294+0000] {processor.py:178} INFO - Processing /home/airflow/.local/lib/python3.7/site-packages/airflow/example_dags/example_branch_day_of_week_operator.py took 0.160 seconds
[2022-10-09T07:21:59.575+0000] {processor.py:156} INFO - Started process (PID=3766) to work on /home/airflow/.local/lib/python3.7/site-packages/airflow/example_dags/example_branch_day_of_week_operator.py
[2022-10-09T07:21:59.577+0000] {processor.py:758} INFO - Processing file /home/airflow/.local/lib/python3.7/site-packages/airflow/example_dags/example_branch_day_of_week_operator.py for tasks to queue
[2022-10-09T07:21:59.579+0000] {logging_mixin.py:117} INFO - [2022-10-09T07:21:59.579+0000] {dagbag.py:525} INFO - Filling up the DagBag from /home/airflow/.local/lib/python3.7/site-packages/airflow/example_dags/example_branch_day_of_week_operator.py
[2022-10-09T07:21:59.590+0000] {processor.py:768} INFO - DAG(s) dict_keys(['example_weekday_branch_operator']) retrieved from /home/airflow/.local/lib/python3.7/site-packages/airflow/example_dags/example_branch_day_of_week_operator.py
[2022-10-09T07:21:59.615+0000] {logging_mixin.py:117} INFO - [2022-10-09T07:21:59.615+0000] {dag.py:2573} INFO - Sync 1 DAGs
[2022-10-09T07:21:59.631+0000] {logging_mixin.py:117} INFO - [2022-10-09T07:21:59.631+0000] {dag.py:3328} INFO - Setting next_dagrun for example_weekday_branch_operator to 2022-10-08T00:00:00+00:00, run_after=2022-10-09T00:00:00+00:00
[2022-10-09T07:21:59.645+0000] {processor.py:178} INFO - Processing /home/airflow/.local/lib/python3.7/site-packages/airflow/example_dags/example_branch_day_of_week_operator.py took 0.071 seconds
[2022-10-09T07:22:29.915+0000] {processor.py:156} INFO - Started process (PID=3829) to work on /home/airflow/.local/lib/python3.7/site-packages/airflow/example_dags/example_branch_day_of_week_operator.py
[2022-10-09T07:22:29.918+0000] {processor.py:758} INFO - Processing file /home/airflow/.local/lib/python3.7/site-packages/airflow/example_dags/example_branch_day_of_week_operator.py for tasks to queue
[2022-10-09T07:22:29.919+0000] {logging_mixin.py:117} INFO - [2022-10-09T07:22:29.919+0000] {dagbag.py:525} INFO - Filling up the DagBag from /home/airflow/.local/lib/python3.7/site-packages/airflow/example_dags/example_branch_day_of_week_operator.py
[2022-10-09T07:22:29.930+0000] {processor.py:768} INFO - DAG(s) dict_keys(['example_weekday_branch_operator']) retrieved from /home/airflow/.local/lib/python3.7/site-packages/airflow/example_dags/example_branch_day_of_week_operator.py
[2022-10-09T07:22:29.957+0000] {logging_mixin.py:117} INFO - [2022-10-09T07:22:29.956+0000] {dag.py:2573} INFO - Sync 1 DAGs
[2022-10-09T07:22:29.972+0000] {logging_mixin.py:117} INFO - [2022-10-09T07:22:29.972+0000] {dag.py:3328} INFO - Setting next_dagrun for example_weekday_branch_operator to 2022-10-08T00:00:00+00:00, run_after=2022-10-09T00:00:00+00:00
[2022-10-09T07:22:29.987+0000] {processor.py:178} INFO - Processing /home/airflow/.local/lib/python3.7/site-packages/airflow/example_dags/example_branch_day_of_week_operator.py took 0.074 seconds
[2022-10-09T07:23:00.205+0000] {processor.py:156} INFO - Started process (PID=3893) to work on /home/airflow/.local/lib/python3.7/site-packages/airflow/example_dags/example_branch_day_of_week_operator.py
[2022-10-09T07:23:00.207+0000] {processor.py:758} INFO - Processing file /home/airflow/.local/lib/python3.7/site-packages/airflow/example_dags/example_branch_day_of_week_operator.py for tasks to queue
[2022-10-09T07:23:00.208+0000] {logging_mixin.py:117} INFO - [2022-10-09T07:23:00.207+0000] {dagbag.py:525} INFO - Filling up the DagBag from /home/airflow/.local/lib/python3.7/site-packages/airflow/example_dags/example_branch_day_of_week_operator.py
[2022-10-09T07:23:00.219+0000] {processor.py:768} INFO - DAG(s) dict_keys(['example_weekday_branch_operator']) retrieved from /home/airflow/.local/lib/python3.7/site-packages/airflow/example_dags/example_branch_day_of_week_operator.py
[2022-10-09T07:23:00.245+0000] {logging_mixin.py:117} INFO - [2022-10-09T07:23:00.245+0000] {dag.py:2573} INFO - Sync 1 DAGs
[2022-10-09T07:23:00.262+0000] {logging_mixin.py:117} INFO - [2022-10-09T07:23:00.261+0000] {dag.py:3328} INFO - Setting next_dagrun for example_weekday_branch_operator to 2022-10-08T00:00:00+00:00, run_after=2022-10-09T00:00:00+00:00
[2022-10-09T07:23:00.273+0000] {processor.py:178} INFO - Processing /home/airflow/.local/lib/python3.7/site-packages/airflow/example_dags/example_branch_day_of_week_operator.py took 0.070 seconds
[2022-10-09T07:23:30.545+0000] {processor.py:156} INFO - Started process (PID=3956) to work on /home/airflow/.local/lib/python3.7/site-packages/airflow/example_dags/example_branch_day_of_week_operator.py
[2022-10-09T07:23:30.547+0000] {processor.py:758} INFO - Processing file /home/airflow/.local/lib/python3.7/site-packages/airflow/example_dags/example_branch_day_of_week_operator.py for tasks to queue
[2022-10-09T07:23:30.548+0000] {logging_mixin.py:117} INFO - [2022-10-09T07:23:30.548+0000] {dagbag.py:525} INFO - Filling up the DagBag from /home/airflow/.local/lib/python3.7/site-packages/airflow/example_dags/example_branch_day_of_week_operator.py
[2022-10-09T07:23:30.560+0000] {processor.py:768} INFO - DAG(s) dict_keys(['example_weekday_branch_operator']) retrieved from /home/airflow/.local/lib/python3.7/site-packages/airflow/example_dags/example_branch_day_of_week_operator.py
[2022-10-09T07:23:30.592+0000] {logging_mixin.py:117} INFO - [2022-10-09T07:23:30.591+0000] {dag.py:2573} INFO - Sync 1 DAGs
[2022-10-09T07:23:30.607+0000] {logging_mixin.py:117} INFO - [2022-10-09T07:23:30.607+0000] {dag.py:3328} INFO - Setting next_dagrun for example_weekday_branch_operator to 2022-10-08T00:00:00+00:00, run_after=2022-10-09T00:00:00+00:00
[2022-10-09T07:23:30.621+0000] {processor.py:178} INFO - Processing /home/airflow/.local/lib/python3.7/site-packages/airflow/example_dags/example_branch_day_of_week_operator.py took 0.080 seconds
[2022-10-09T07:24:00.834+0000] {processor.py:156} INFO - Started process (PID=4019) to work on /home/airflow/.local/lib/python3.7/site-packages/airflow/example_dags/example_branch_day_of_week_operator.py
[2022-10-09T07:24:00.837+0000] {processor.py:758} INFO - Processing file /home/airflow/.local/lib/python3.7/site-packages/airflow/example_dags/example_branch_day_of_week_operator.py for tasks to queue
[2022-10-09T07:24:00.838+0000] {logging_mixin.py:117} INFO - [2022-10-09T07:24:00.838+0000] {dagbag.py:525} INFO - Filling up the DagBag from /home/airflow/.local/lib/python3.7/site-packages/airflow/example_dags/example_branch_day_of_week_operator.py
[2022-10-09T07:24:00.848+0000] {processor.py:768} INFO - DAG(s) dict_keys(['example_weekday_branch_operator']) retrieved from /home/airflow/.local/lib/python3.7/site-packages/airflow/example_dags/example_branch_day_of_week_operator.py
[2022-10-09T07:24:00.874+0000] {logging_mixin.py:117} INFO - [2022-10-09T07:24:00.874+0000] {dag.py:2573} INFO - Sync 1 DAGs
[2022-10-09T07:24:00.889+0000] {logging_mixin.py:117} INFO - [2022-10-09T07:24:00.888+0000] {dag.py:3328} INFO - Setting next_dagrun for example_weekday_branch_operator to 2022-10-08T00:00:00+00:00, run_after=2022-10-09T00:00:00+00:00
[2022-10-09T07:24:00.901+0000] {processor.py:178} INFO - Processing /home/airflow/.local/lib/python3.7/site-packages/airflow/example_dags/example_branch_day_of_week_operator.py took 0.069 seconds
[2022-10-09T07:24:31.458+0000] {processor.py:156} INFO - Started process (PID=4076) to work on /home/airflow/.local/lib/python3.7/site-packages/airflow/example_dags/example_branch_day_of_week_operator.py
[2022-10-09T07:24:31.460+0000] {processor.py:758} INFO - Processing file /home/airflow/.local/lib/python3.7/site-packages/airflow/example_dags/example_branch_day_of_week_operator.py for tasks to queue
[2022-10-09T07:24:31.461+0000] {logging_mixin.py:117} INFO - [2022-10-09T07:24:31.461+0000] {dagbag.py:525} INFO - Filling up the DagBag from /home/airflow/.local/lib/python3.7/site-packages/airflow/example_dags/example_branch_day_of_week_operator.py
[2022-10-09T07:24:31.472+0000] {processor.py:768} INFO - DAG(s) dict_keys(['example_weekday_branch_operator']) retrieved from /home/airflow/.local/lib/python3.7/site-packages/airflow/example_dags/example_branch_day_of_week_operator.py
[2022-10-09T07:24:31.497+0000] {logging_mixin.py:117} INFO - [2022-10-09T07:24:31.497+0000] {dag.py:2573} INFO - Sync 1 DAGs
[2022-10-09T07:24:31.513+0000] {logging_mixin.py:117} INFO - [2022-10-09T07:24:31.513+0000] {dag.py:3328} INFO - Setting next_dagrun for example_weekday_branch_operator to 2022-10-08T00:00:00+00:00, run_after=2022-10-09T00:00:00+00:00
[2022-10-09T07:24:31.524+0000] {processor.py:178} INFO - Processing /home/airflow/.local/lib/python3.7/site-packages/airflow/example_dags/example_branch_day_of_week_operator.py took 0.068 seconds
