[2022-10-09T06:40:41.498+0000] {processor.py:156} INFO - Started process (PID=66) to work on /home/airflow/.local/lib/python3.7/site-packages/airflow/example_dags/example_branch_operator_decorator.py
[2022-10-09T06:40:41.500+0000] {processor.py:758} INFO - Processing file /home/airflow/.local/lib/python3.7/site-packages/airflow/example_dags/example_branch_operator_decorator.py for tasks to queue
[2022-10-09T06:40:41.508+0000] {logging_mixin.py:117} INFO - [2022-10-09T06:40:41.508+0000] {dagbag.py:525} INFO - Filling up the DagBag from /home/airflow/.local/lib/python3.7/site-packages/airflow/example_dags/example_branch_operator_decorator.py
[2022-10-09T06:40:41.542+0000] {processor.py:768} INFO - DAG(s) dict_keys(['example_branch_python_operator_decorator']) retrieved from /home/airflow/.local/lib/python3.7/site-packages/airflow/example_dags/example_branch_operator_decorator.py
[2022-10-09T06:40:41.584+0000] {logging_mixin.py:117} INFO - [2022-10-09T06:40:41.584+0000] {dag.py:2573} INFO - Sync 1 DAGs
[2022-10-09T06:40:41.620+0000] {logging_mixin.py:117} INFO - [2022-10-09T06:40:41.619+0000] {dag.py:3328} INFO - Setting next_dagrun for example_branch_python_operator_decorator to 2022-10-08T00:00:00+00:00, run_after=2022-10-09T00:00:00+00:00
[2022-10-09T06:40:41.704+0000] {processor.py:178} INFO - Processing /home/airflow/.local/lib/python3.7/site-packages/airflow/example_dags/example_branch_operator_decorator.py took 0.212 seconds
[2022-10-09T06:41:12.416+0000] {processor.py:156} INFO - Started process (PID=129) to work on /home/airflow/.local/lib/python3.7/site-packages/airflow/example_dags/example_branch_operator_decorator.py
[2022-10-09T06:41:12.418+0000] {processor.py:758} INFO - Processing file /home/airflow/.local/lib/python3.7/site-packages/airflow/example_dags/example_branch_operator_decorator.py for tasks to queue
[2022-10-09T06:41:12.419+0000] {logging_mixin.py:117} INFO - [2022-10-09T06:41:12.419+0000] {dagbag.py:525} INFO - Filling up the DagBag from /home/airflow/.local/lib/python3.7/site-packages/airflow/example_dags/example_branch_operator_decorator.py
[2022-10-09T06:41:12.436+0000] {processor.py:768} INFO - DAG(s) dict_keys(['example_branch_python_operator_decorator']) retrieved from /home/airflow/.local/lib/python3.7/site-packages/airflow/example_dags/example_branch_operator_decorator.py
[2022-10-09T06:41:12.466+0000] {logging_mixin.py:117} INFO - [2022-10-09T06:41:12.466+0000] {dag.py:2573} INFO - Sync 1 DAGs
[2022-10-09T06:41:12.483+0000] {logging_mixin.py:117} INFO - [2022-10-09T06:41:12.483+0000] {dag.py:3328} INFO - Setting next_dagrun for example_branch_python_operator_decorator to 2022-10-08T00:00:00+00:00, run_after=2022-10-09T00:00:00+00:00
[2022-10-09T06:41:12.503+0000] {processor.py:178} INFO - Processing /home/airflow/.local/lib/python3.7/site-packages/airflow/example_dags/example_branch_operator_decorator.py took 0.090 seconds
[2022-10-09T06:41:42.677+0000] {processor.py:156} INFO - Started process (PID=193) to work on /home/airflow/.local/lib/python3.7/site-packages/airflow/example_dags/example_branch_operator_decorator.py
[2022-10-09T06:41:42.678+0000] {processor.py:758} INFO - Processing file /home/airflow/.local/lib/python3.7/site-packages/airflow/example_dags/example_branch_operator_decorator.py for tasks to queue
[2022-10-09T06:41:42.680+0000] {logging_mixin.py:117} INFO - [2022-10-09T06:41:42.680+0000] {dagbag.py:525} INFO - Filling up the DagBag from /home/airflow/.local/lib/python3.7/site-packages/airflow/example_dags/example_branch_operator_decorator.py
[2022-10-09T06:41:42.694+0000] {processor.py:768} INFO - DAG(s) dict_keys(['example_branch_python_operator_decorator']) retrieved from /home/airflow/.local/lib/python3.7/site-packages/airflow/example_dags/example_branch_operator_decorator.py
[2022-10-09T06:41:42.721+0000] {logging_mixin.py:117} INFO - [2022-10-09T06:41:42.721+0000] {dag.py:2573} INFO - Sync 1 DAGs
[2022-10-09T06:41:42.738+0000] {logging_mixin.py:117} INFO - [2022-10-09T06:41:42.737+0000] {dag.py:3328} INFO - Setting next_dagrun for example_branch_python_operator_decorator to 2022-10-08T00:00:00+00:00, run_after=2022-10-09T00:00:00+00:00
[2022-10-09T06:41:42.754+0000] {processor.py:178} INFO - Processing /home/airflow/.local/lib/python3.7/site-packages/airflow/example_dags/example_branch_operator_decorator.py took 0.080 seconds
[2022-10-09T06:42:13.479+0000] {processor.py:156} INFO - Started process (PID=256) to work on /home/airflow/.local/lib/python3.7/site-packages/airflow/example_dags/example_branch_operator_decorator.py
[2022-10-09T06:42:13.481+0000] {processor.py:758} INFO - Processing file /home/airflow/.local/lib/python3.7/site-packages/airflow/example_dags/example_branch_operator_decorator.py for tasks to queue
[2022-10-09T06:42:13.482+0000] {logging_mixin.py:117} INFO - [2022-10-09T06:42:13.482+0000] {dagbag.py:525} INFO - Filling up the DagBag from /home/airflow/.local/lib/python3.7/site-packages/airflow/example_dags/example_branch_operator_decorator.py
[2022-10-09T06:42:13.498+0000] {processor.py:768} INFO - DAG(s) dict_keys(['example_branch_python_operator_decorator']) retrieved from /home/airflow/.local/lib/python3.7/site-packages/airflow/example_dags/example_branch_operator_decorator.py
[2022-10-09T06:42:13.524+0000] {logging_mixin.py:117} INFO - [2022-10-09T06:42:13.524+0000] {dag.py:2573} INFO - Sync 1 DAGs
[2022-10-09T06:42:13.541+0000] {logging_mixin.py:117} INFO - [2022-10-09T06:42:13.541+0000] {dag.py:3328} INFO - Setting next_dagrun for example_branch_python_operator_decorator to 2022-10-08T00:00:00+00:00, run_after=2022-10-09T00:00:00+00:00
[2022-10-09T06:42:13.553+0000] {processor.py:178} INFO - Processing /home/airflow/.local/lib/python3.7/site-packages/airflow/example_dags/example_branch_operator_decorator.py took 0.075 seconds
[2022-10-09T06:42:43.940+0000] {processor.py:156} INFO - Started process (PID=320) to work on /home/airflow/.local/lib/python3.7/site-packages/airflow/example_dags/example_branch_operator_decorator.py
[2022-10-09T06:42:43.944+0000] {processor.py:758} INFO - Processing file /home/airflow/.local/lib/python3.7/site-packages/airflow/example_dags/example_branch_operator_decorator.py for tasks to queue
[2022-10-09T06:42:43.946+0000] {logging_mixin.py:117} INFO - [2022-10-09T06:42:43.946+0000] {dagbag.py:525} INFO - Filling up the DagBag from /home/airflow/.local/lib/python3.7/site-packages/airflow/example_dags/example_branch_operator_decorator.py
[2022-10-09T06:42:43.963+0000] {processor.py:768} INFO - DAG(s) dict_keys(['example_branch_python_operator_decorator']) retrieved from /home/airflow/.local/lib/python3.7/site-packages/airflow/example_dags/example_branch_operator_decorator.py
[2022-10-09T06:42:43.992+0000] {logging_mixin.py:117} INFO - [2022-10-09T06:42:43.992+0000] {dag.py:2573} INFO - Sync 1 DAGs
[2022-10-09T06:42:44.009+0000] {logging_mixin.py:117} INFO - [2022-10-09T06:42:44.009+0000] {dag.py:3328} INFO - Setting next_dagrun for example_branch_python_operator_decorator to 2022-10-08T00:00:00+00:00, run_after=2022-10-09T00:00:00+00:00
[2022-10-09T06:42:44.020+0000] {processor.py:178} INFO - Processing /home/airflow/.local/lib/python3.7/site-packages/airflow/example_dags/example_branch_operator_decorator.py took 0.083 seconds
[2022-10-09T06:43:14.233+0000] {processor.py:156} INFO - Started process (PID=374) to work on /home/airflow/.local/lib/python3.7/site-packages/airflow/example_dags/example_branch_operator_decorator.py
[2022-10-09T06:43:14.235+0000] {processor.py:758} INFO - Processing file /home/airflow/.local/lib/python3.7/site-packages/airflow/example_dags/example_branch_operator_decorator.py for tasks to queue
[2022-10-09T06:43:14.236+0000] {logging_mixin.py:117} INFO - [2022-10-09T06:43:14.236+0000] {dagbag.py:525} INFO - Filling up the DagBag from /home/airflow/.local/lib/python3.7/site-packages/airflow/example_dags/example_branch_operator_decorator.py
[2022-10-09T06:43:14.250+0000] {processor.py:768} INFO - DAG(s) dict_keys(['example_branch_python_operator_decorator']) retrieved from /home/airflow/.local/lib/python3.7/site-packages/airflow/example_dags/example_branch_operator_decorator.py
[2022-10-09T06:43:14.275+0000] {logging_mixin.py:117} INFO - [2022-10-09T06:43:14.275+0000] {dag.py:2573} INFO - Sync 1 DAGs
[2022-10-09T06:43:14.290+0000] {logging_mixin.py:117} INFO - [2022-10-09T06:43:14.290+0000] {dag.py:3328} INFO - Setting next_dagrun for example_branch_python_operator_decorator to 2022-10-08T00:00:00+00:00, run_after=2022-10-09T00:00:00+00:00
[2022-10-09T06:43:14.301+0000] {processor.py:178} INFO - Processing /home/airflow/.local/lib/python3.7/site-packages/airflow/example_dags/example_branch_operator_decorator.py took 0.070 seconds
[2022-10-09T06:43:44.476+0000] {processor.py:156} INFO - Started process (PID=437) to work on /home/airflow/.local/lib/python3.7/site-packages/airflow/example_dags/example_branch_operator_decorator.py
[2022-10-09T06:43:44.478+0000] {processor.py:758} INFO - Processing file /home/airflow/.local/lib/python3.7/site-packages/airflow/example_dags/example_branch_operator_decorator.py for tasks to queue
[2022-10-09T06:43:44.479+0000] {logging_mixin.py:117} INFO - [2022-10-09T06:43:44.479+0000] {dagbag.py:525} INFO - Filling up the DagBag from /home/airflow/.local/lib/python3.7/site-packages/airflow/example_dags/example_branch_operator_decorator.py
[2022-10-09T06:43:44.493+0000] {processor.py:768} INFO - DAG(s) dict_keys(['example_branch_python_operator_decorator']) retrieved from /home/airflow/.local/lib/python3.7/site-packages/airflow/example_dags/example_branch_operator_decorator.py
[2022-10-09T06:43:44.517+0000] {logging_mixin.py:117} INFO - [2022-10-09T06:43:44.517+0000] {dag.py:2573} INFO - Sync 1 DAGs
[2022-10-09T06:43:44.532+0000] {logging_mixin.py:117} INFO - [2022-10-09T06:43:44.532+0000] {dag.py:3328} INFO - Setting next_dagrun for example_branch_python_operator_decorator to 2022-10-08T00:00:00+00:00, run_after=2022-10-09T00:00:00+00:00
[2022-10-09T06:43:44.545+0000] {processor.py:178} INFO - Processing /home/airflow/.local/lib/python3.7/site-packages/airflow/example_dags/example_branch_operator_decorator.py took 0.071 seconds
[2022-10-09T06:44:14.753+0000] {processor.py:156} INFO - Started process (PID=500) to work on /home/airflow/.local/lib/python3.7/site-packages/airflow/example_dags/example_branch_operator_decorator.py
[2022-10-09T06:44:14.755+0000] {processor.py:758} INFO - Processing file /home/airflow/.local/lib/python3.7/site-packages/airflow/example_dags/example_branch_operator_decorator.py for tasks to queue
[2022-10-09T06:44:14.755+0000] {logging_mixin.py:117} INFO - [2022-10-09T06:44:14.755+0000] {dagbag.py:525} INFO - Filling up the DagBag from /home/airflow/.local/lib/python3.7/site-packages/airflow/example_dags/example_branch_operator_decorator.py
[2022-10-09T06:44:14.772+0000] {processor.py:768} INFO - DAG(s) dict_keys(['example_branch_python_operator_decorator']) retrieved from /home/airflow/.local/lib/python3.7/site-packages/airflow/example_dags/example_branch_operator_decorator.py
[2022-10-09T06:44:14.804+0000] {logging_mixin.py:117} INFO - [2022-10-09T06:44:14.804+0000] {dag.py:2573} INFO - Sync 1 DAGs
[2022-10-09T06:44:14.819+0000] {logging_mixin.py:117} INFO - [2022-10-09T06:44:14.819+0000] {dag.py:3328} INFO - Setting next_dagrun for example_branch_python_operator_decorator to 2022-10-08T00:00:00+00:00, run_after=2022-10-09T00:00:00+00:00
[2022-10-09T06:44:14.829+0000] {processor.py:178} INFO - Processing /home/airflow/.local/lib/python3.7/site-packages/airflow/example_dags/example_branch_operator_decorator.py took 0.079 seconds
[2022-10-09T06:44:45.126+0000] {processor.py:156} INFO - Started process (PID=563) to work on /home/airflow/.local/lib/python3.7/site-packages/airflow/example_dags/example_branch_operator_decorator.py
[2022-10-09T06:44:45.128+0000] {processor.py:758} INFO - Processing file /home/airflow/.local/lib/python3.7/site-packages/airflow/example_dags/example_branch_operator_decorator.py for tasks to queue
[2022-10-09T06:44:45.129+0000] {logging_mixin.py:117} INFO - [2022-10-09T06:44:45.129+0000] {dagbag.py:525} INFO - Filling up the DagBag from /home/airflow/.local/lib/python3.7/site-packages/airflow/example_dags/example_branch_operator_decorator.py
[2022-10-09T06:44:45.144+0000] {processor.py:768} INFO - DAG(s) dict_keys(['example_branch_python_operator_decorator']) retrieved from /home/airflow/.local/lib/python3.7/site-packages/airflow/example_dags/example_branch_operator_decorator.py
[2022-10-09T06:44:45.171+0000] {logging_mixin.py:117} INFO - [2022-10-09T06:44:45.170+0000] {dag.py:2573} INFO - Sync 1 DAGs
[2022-10-09T06:44:45.187+0000] {logging_mixin.py:117} INFO - [2022-10-09T06:44:45.187+0000] {dag.py:3328} INFO - Setting next_dagrun for example_branch_python_operator_decorator to 2022-10-08T00:00:00+00:00, run_after=2022-10-09T00:00:00+00:00
[2022-10-09T06:44:45.199+0000] {processor.py:178} INFO - Processing /home/airflow/.local/lib/python3.7/site-packages/airflow/example_dags/example_branch_operator_decorator.py took 0.076 seconds
[2022-10-09T06:45:15.361+0000] {processor.py:156} INFO - Started process (PID=626) to work on /home/airflow/.local/lib/python3.7/site-packages/airflow/example_dags/example_branch_operator_decorator.py
[2022-10-09T06:45:15.362+0000] {processor.py:758} INFO - Processing file /home/airflow/.local/lib/python3.7/site-packages/airflow/example_dags/example_branch_operator_decorator.py for tasks to queue
[2022-10-09T06:45:15.363+0000] {logging_mixin.py:117} INFO - [2022-10-09T06:45:15.363+0000] {dagbag.py:525} INFO - Filling up the DagBag from /home/airflow/.local/lib/python3.7/site-packages/airflow/example_dags/example_branch_operator_decorator.py
[2022-10-09T06:45:15.377+0000] {processor.py:768} INFO - DAG(s) dict_keys(['example_branch_python_operator_decorator']) retrieved from /home/airflow/.local/lib/python3.7/site-packages/airflow/example_dags/example_branch_operator_decorator.py
[2022-10-09T06:45:15.402+0000] {logging_mixin.py:117} INFO - [2022-10-09T06:45:15.402+0000] {dag.py:2573} INFO - Sync 1 DAGs
[2022-10-09T06:45:15.419+0000] {logging_mixin.py:117} INFO - [2022-10-09T06:45:15.419+0000] {dag.py:3328} INFO - Setting next_dagrun for example_branch_python_operator_decorator to 2022-10-08T00:00:00+00:00, run_after=2022-10-09T00:00:00+00:00
[2022-10-09T06:45:15.433+0000] {processor.py:178} INFO - Processing /home/airflow/.local/lib/python3.7/site-packages/airflow/example_dags/example_branch_operator_decorator.py took 0.075 seconds
[2022-10-09T06:45:45.633+0000] {processor.py:156} INFO - Started process (PID=679) to work on /home/airflow/.local/lib/python3.7/site-packages/airflow/example_dags/example_branch_operator_decorator.py
[2022-10-09T06:45:45.635+0000] {processor.py:758} INFO - Processing file /home/airflow/.local/lib/python3.7/site-packages/airflow/example_dags/example_branch_operator_decorator.py for tasks to queue
[2022-10-09T06:45:45.636+0000] {logging_mixin.py:117} INFO - [2022-10-09T06:45:45.636+0000] {dagbag.py:525} INFO - Filling up the DagBag from /home/airflow/.local/lib/python3.7/site-packages/airflow/example_dags/example_branch_operator_decorator.py
[2022-10-09T06:45:45.652+0000] {processor.py:768} INFO - DAG(s) dict_keys(['example_branch_python_operator_decorator']) retrieved from /home/airflow/.local/lib/python3.7/site-packages/airflow/example_dags/example_branch_operator_decorator.py
[2022-10-09T06:45:45.679+0000] {logging_mixin.py:117} INFO - [2022-10-09T06:45:45.679+0000] {dag.py:2573} INFO - Sync 1 DAGs
[2022-10-09T06:45:45.697+0000] {logging_mixin.py:117} INFO - [2022-10-09T06:45:45.696+0000] {dag.py:3328} INFO - Setting next_dagrun for example_branch_python_operator_decorator to 2022-10-08T00:00:00+00:00, run_after=2022-10-09T00:00:00+00:00
[2022-10-09T06:45:45.709+0000] {processor.py:178} INFO - Processing /home/airflow/.local/lib/python3.7/site-packages/airflow/example_dags/example_branch_operator_decorator.py took 0.078 seconds
[2022-10-09T06:46:15.846+0000] {processor.py:156} INFO - Started process (PID=743) to work on /home/airflow/.local/lib/python3.7/site-packages/airflow/example_dags/example_branch_operator_decorator.py
[2022-10-09T06:46:15.848+0000] {processor.py:758} INFO - Processing file /home/airflow/.local/lib/python3.7/site-packages/airflow/example_dags/example_branch_operator_decorator.py for tasks to queue
[2022-10-09T06:46:15.850+0000] {logging_mixin.py:117} INFO - [2022-10-09T06:46:15.850+0000] {dagbag.py:525} INFO - Filling up the DagBag from /home/airflow/.local/lib/python3.7/site-packages/airflow/example_dags/example_branch_operator_decorator.py
[2022-10-09T06:46:15.864+0000] {processor.py:768} INFO - DAG(s) dict_keys(['example_branch_python_operator_decorator']) retrieved from /home/airflow/.local/lib/python3.7/site-packages/airflow/example_dags/example_branch_operator_decorator.py
[2022-10-09T06:46:15.888+0000] {logging_mixin.py:117} INFO - [2022-10-09T06:46:15.888+0000] {dag.py:2573} INFO - Sync 1 DAGs
[2022-10-09T06:46:15.903+0000] {logging_mixin.py:117} INFO - [2022-10-09T06:46:15.903+0000] {dag.py:3328} INFO - Setting next_dagrun for example_branch_python_operator_decorator to 2022-10-08T00:00:00+00:00, run_after=2022-10-09T00:00:00+00:00
[2022-10-09T06:46:15.914+0000] {processor.py:178} INFO - Processing /home/airflow/.local/lib/python3.7/site-packages/airflow/example_dags/example_branch_operator_decorator.py took 0.069 seconds
[2022-10-09T06:46:46.110+0000] {processor.py:156} INFO - Started process (PID=807) to work on /home/airflow/.local/lib/python3.7/site-packages/airflow/example_dags/example_branch_operator_decorator.py
[2022-10-09T06:46:46.112+0000] {processor.py:758} INFO - Processing file /home/airflow/.local/lib/python3.7/site-packages/airflow/example_dags/example_branch_operator_decorator.py for tasks to queue
[2022-10-09T06:46:46.113+0000] {logging_mixin.py:117} INFO - [2022-10-09T06:46:46.113+0000] {dagbag.py:525} INFO - Filling up the DagBag from /home/airflow/.local/lib/python3.7/site-packages/airflow/example_dags/example_branch_operator_decorator.py
[2022-10-09T06:46:46.129+0000] {processor.py:768} INFO - DAG(s) dict_keys(['example_branch_python_operator_decorator']) retrieved from /home/airflow/.local/lib/python3.7/site-packages/airflow/example_dags/example_branch_operator_decorator.py
[2022-10-09T06:46:46.160+0000] {logging_mixin.py:117} INFO - [2022-10-09T06:46:46.160+0000] {dag.py:2573} INFO - Sync 1 DAGs
[2022-10-09T06:46:46.175+0000] {logging_mixin.py:117} INFO - [2022-10-09T06:46:46.174+0000] {dag.py:3328} INFO - Setting next_dagrun for example_branch_python_operator_decorator to 2022-10-08T00:00:00+00:00, run_after=2022-10-09T00:00:00+00:00
[2022-10-09T06:46:46.185+0000] {processor.py:178} INFO - Processing /home/airflow/.local/lib/python3.7/site-packages/airflow/example_dags/example_branch_operator_decorator.py took 0.077 seconds
[2022-10-09T06:47:16.421+0000] {processor.py:156} INFO - Started process (PID=870) to work on /home/airflow/.local/lib/python3.7/site-packages/airflow/example_dags/example_branch_operator_decorator.py
[2022-10-09T06:47:16.422+0000] {processor.py:758} INFO - Processing file /home/airflow/.local/lib/python3.7/site-packages/airflow/example_dags/example_branch_operator_decorator.py for tasks to queue
[2022-10-09T06:47:16.423+0000] {logging_mixin.py:117} INFO - [2022-10-09T06:47:16.423+0000] {dagbag.py:525} INFO - Filling up the DagBag from /home/airflow/.local/lib/python3.7/site-packages/airflow/example_dags/example_branch_operator_decorator.py
[2022-10-09T06:47:16.438+0000] {processor.py:768} INFO - DAG(s) dict_keys(['example_branch_python_operator_decorator']) retrieved from /home/airflow/.local/lib/python3.7/site-packages/airflow/example_dags/example_branch_operator_decorator.py
[2022-10-09T06:47:16.464+0000] {logging_mixin.py:117} INFO - [2022-10-09T06:47:16.464+0000] {dag.py:2573} INFO - Sync 1 DAGs
[2022-10-09T06:47:16.479+0000] {logging_mixin.py:117} INFO - [2022-10-09T06:47:16.479+0000] {dag.py:3328} INFO - Setting next_dagrun for example_branch_python_operator_decorator to 2022-10-08T00:00:00+00:00, run_after=2022-10-09T00:00:00+00:00
[2022-10-09T06:47:16.490+0000] {processor.py:178} INFO - Processing /home/airflow/.local/lib/python3.7/site-packages/airflow/example_dags/example_branch_operator_decorator.py took 0.071 seconds
[2022-10-09T06:47:46.578+0000] {processor.py:156} INFO - Started process (PID=931) to work on /home/airflow/.local/lib/python3.7/site-packages/airflow/example_dags/example_branch_operator_decorator.py
[2022-10-09T06:47:46.580+0000] {processor.py:758} INFO - Processing file /home/airflow/.local/lib/python3.7/site-packages/airflow/example_dags/example_branch_operator_decorator.py for tasks to queue
[2022-10-09T06:47:46.581+0000] {logging_mixin.py:117} INFO - [2022-10-09T06:47:46.581+0000] {dagbag.py:525} INFO - Filling up the DagBag from /home/airflow/.local/lib/python3.7/site-packages/airflow/example_dags/example_branch_operator_decorator.py
[2022-10-09T06:47:46.598+0000] {processor.py:768} INFO - DAG(s) dict_keys(['example_branch_python_operator_decorator']) retrieved from /home/airflow/.local/lib/python3.7/site-packages/airflow/example_dags/example_branch_operator_decorator.py
[2022-10-09T06:47:46.633+0000] {logging_mixin.py:117} INFO - [2022-10-09T06:47:46.633+0000] {dag.py:2573} INFO - Sync 1 DAGs
[2022-10-09T06:47:46.653+0000] {logging_mixin.py:117} INFO - [2022-10-09T06:47:46.652+0000] {dag.py:3328} INFO - Setting next_dagrun for example_branch_python_operator_decorator to 2022-10-08T00:00:00+00:00, run_after=2022-10-09T00:00:00+00:00
[2022-10-09T06:47:46.664+0000] {processor.py:178} INFO - Processing /home/airflow/.local/lib/python3.7/site-packages/airflow/example_dags/example_branch_operator_decorator.py took 0.089 seconds
[2022-10-09T06:48:17.348+0000] {processor.py:156} INFO - Started process (PID=984) to work on /home/airflow/.local/lib/python3.7/site-packages/airflow/example_dags/example_branch_operator_decorator.py
[2022-10-09T06:48:17.350+0000] {processor.py:758} INFO - Processing file /home/airflow/.local/lib/python3.7/site-packages/airflow/example_dags/example_branch_operator_decorator.py for tasks to queue
[2022-10-09T06:48:17.353+0000] {logging_mixin.py:117} INFO - [2022-10-09T06:48:17.353+0000] {dagbag.py:525} INFO - Filling up the DagBag from /home/airflow/.local/lib/python3.7/site-packages/airflow/example_dags/example_branch_operator_decorator.py
[2022-10-09T06:48:17.394+0000] {processor.py:768} INFO - DAG(s) dict_keys(['example_branch_python_operator_decorator']) retrieved from /home/airflow/.local/lib/python3.7/site-packages/airflow/example_dags/example_branch_operator_decorator.py
[2022-10-09T06:48:17.466+0000] {logging_mixin.py:117} INFO - [2022-10-09T06:48:17.466+0000] {dag.py:2573} INFO - Sync 1 DAGs
[2022-10-09T06:48:17.541+0000] {logging_mixin.py:117} INFO - [2022-10-09T06:48:17.541+0000] {dag.py:3328} INFO - Setting next_dagrun for example_branch_python_operator_decorator to 2022-10-08T00:00:00+00:00, run_after=2022-10-09T00:00:00+00:00
[2022-10-09T06:48:17.569+0000] {processor.py:178} INFO - Processing /home/airflow/.local/lib/python3.7/site-packages/airflow/example_dags/example_branch_operator_decorator.py took 0.224 seconds
[2022-10-09T06:59:11.327+0000] {processor.py:156} INFO - Started process (PID=1037) to work on /home/airflow/.local/lib/python3.7/site-packages/airflow/example_dags/example_branch_operator_decorator.py
[2022-10-09T06:59:11.328+0000] {processor.py:758} INFO - Processing file /home/airflow/.local/lib/python3.7/site-packages/airflow/example_dags/example_branch_operator_decorator.py for tasks to queue
[2022-10-09T06:59:11.330+0000] {logging_mixin.py:117} INFO - [2022-10-09T06:59:11.330+0000] {dagbag.py:525} INFO - Filling up the DagBag from /home/airflow/.local/lib/python3.7/site-packages/airflow/example_dags/example_branch_operator_decorator.py
[2022-10-09T06:59:11.365+0000] {processor.py:768} INFO - DAG(s) dict_keys(['example_branch_python_operator_decorator']) retrieved from /home/airflow/.local/lib/python3.7/site-packages/airflow/example_dags/example_branch_operator_decorator.py
[2022-10-09T06:59:11.399+0000] {logging_mixin.py:117} INFO - [2022-10-09T06:59:11.399+0000] {dag.py:2573} INFO - Sync 1 DAGs
[2022-10-09T06:59:11.419+0000] {logging_mixin.py:117} INFO - [2022-10-09T06:59:11.419+0000] {dag.py:3328} INFO - Setting next_dagrun for example_branch_python_operator_decorator to 2022-10-08T00:00:00+00:00, run_after=2022-10-09T00:00:00+00:00
[2022-10-09T06:59:11.434+0000] {processor.py:178} INFO - Processing /home/airflow/.local/lib/python3.7/site-packages/airflow/example_dags/example_branch_operator_decorator.py took 0.109 seconds
[2022-10-09T06:59:41.599+0000] {processor.py:156} INFO - Started process (PID=1101) to work on /home/airflow/.local/lib/python3.7/site-packages/airflow/example_dags/example_branch_operator_decorator.py
[2022-10-09T06:59:41.601+0000] {processor.py:758} INFO - Processing file /home/airflow/.local/lib/python3.7/site-packages/airflow/example_dags/example_branch_operator_decorator.py for tasks to queue
[2022-10-09T06:59:41.602+0000] {logging_mixin.py:117} INFO - [2022-10-09T06:59:41.602+0000] {dagbag.py:525} INFO - Filling up the DagBag from /home/airflow/.local/lib/python3.7/site-packages/airflow/example_dags/example_branch_operator_decorator.py
[2022-10-09T06:59:41.616+0000] {processor.py:768} INFO - DAG(s) dict_keys(['example_branch_python_operator_decorator']) retrieved from /home/airflow/.local/lib/python3.7/site-packages/airflow/example_dags/example_branch_operator_decorator.py
[2022-10-09T06:59:41.649+0000] {logging_mixin.py:117} INFO - [2022-10-09T06:59:41.649+0000] {dag.py:2573} INFO - Sync 1 DAGs
[2022-10-09T06:59:41.664+0000] {logging_mixin.py:117} INFO - [2022-10-09T06:59:41.664+0000] {dag.py:3328} INFO - Setting next_dagrun for example_branch_python_operator_decorator to 2022-10-08T00:00:00+00:00, run_after=2022-10-09T00:00:00+00:00
[2022-10-09T06:59:41.676+0000] {processor.py:178} INFO - Processing /home/airflow/.local/lib/python3.7/site-packages/airflow/example_dags/example_branch_operator_decorator.py took 0.079 seconds
[2022-10-09T07:00:12.309+0000] {processor.py:156} INFO - Started process (PID=1164) to work on /home/airflow/.local/lib/python3.7/site-packages/airflow/example_dags/example_branch_operator_decorator.py
[2022-10-09T07:00:12.311+0000] {processor.py:758} INFO - Processing file /home/airflow/.local/lib/python3.7/site-packages/airflow/example_dags/example_branch_operator_decorator.py for tasks to queue
[2022-10-09T07:00:12.312+0000] {logging_mixin.py:117} INFO - [2022-10-09T07:00:12.312+0000] {dagbag.py:525} INFO - Filling up the DagBag from /home/airflow/.local/lib/python3.7/site-packages/airflow/example_dags/example_branch_operator_decorator.py
[2022-10-09T07:00:12.328+0000] {processor.py:768} INFO - DAG(s) dict_keys(['example_branch_python_operator_decorator']) retrieved from /home/airflow/.local/lib/python3.7/site-packages/airflow/example_dags/example_branch_operator_decorator.py
[2022-10-09T07:00:12.354+0000] {logging_mixin.py:117} INFO - [2022-10-09T07:00:12.354+0000] {dag.py:2573} INFO - Sync 1 DAGs
[2022-10-09T07:00:12.374+0000] {logging_mixin.py:117} INFO - [2022-10-09T07:00:12.374+0000] {dag.py:3328} INFO - Setting next_dagrun for example_branch_python_operator_decorator to 2022-10-08T00:00:00+00:00, run_after=2022-10-09T00:00:00+00:00
[2022-10-09T07:00:12.388+0000] {processor.py:178} INFO - Processing /home/airflow/.local/lib/python3.7/site-packages/airflow/example_dags/example_branch_operator_decorator.py took 0.081 seconds
[2022-10-09T07:00:42.663+0000] {processor.py:156} INFO - Started process (PID=1218) to work on /home/airflow/.local/lib/python3.7/site-packages/airflow/example_dags/example_branch_operator_decorator.py
[2022-10-09T07:00:42.665+0000] {processor.py:758} INFO - Processing file /home/airflow/.local/lib/python3.7/site-packages/airflow/example_dags/example_branch_operator_decorator.py for tasks to queue
[2022-10-09T07:00:42.666+0000] {logging_mixin.py:117} INFO - [2022-10-09T07:00:42.666+0000] {dagbag.py:525} INFO - Filling up the DagBag from /home/airflow/.local/lib/python3.7/site-packages/airflow/example_dags/example_branch_operator_decorator.py
[2022-10-09T07:00:42.683+0000] {processor.py:768} INFO - DAG(s) dict_keys(['example_branch_python_operator_decorator']) retrieved from /home/airflow/.local/lib/python3.7/site-packages/airflow/example_dags/example_branch_operator_decorator.py
[2022-10-09T07:00:42.713+0000] {logging_mixin.py:117} INFO - [2022-10-09T07:00:42.713+0000] {dag.py:2573} INFO - Sync 1 DAGs
[2022-10-09T07:00:42.733+0000] {logging_mixin.py:117} INFO - [2022-10-09T07:00:42.733+0000] {dag.py:3328} INFO - Setting next_dagrun for example_branch_python_operator_decorator to 2022-10-08T00:00:00+00:00, run_after=2022-10-09T00:00:00+00:00
[2022-10-09T07:00:42.747+0000] {processor.py:178} INFO - Processing /home/airflow/.local/lib/python3.7/site-packages/airflow/example_dags/example_branch_operator_decorator.py took 0.085 seconds
[2022-10-09T07:01:12.906+0000] {processor.py:156} INFO - Started process (PID=1281) to work on /home/airflow/.local/lib/python3.7/site-packages/airflow/example_dags/example_branch_operator_decorator.py
[2022-10-09T07:01:12.908+0000] {processor.py:758} INFO - Processing file /home/airflow/.local/lib/python3.7/site-packages/airflow/example_dags/example_branch_operator_decorator.py for tasks to queue
[2022-10-09T07:01:12.909+0000] {logging_mixin.py:117} INFO - [2022-10-09T07:01:12.908+0000] {dagbag.py:525} INFO - Filling up the DagBag from /home/airflow/.local/lib/python3.7/site-packages/airflow/example_dags/example_branch_operator_decorator.py
[2022-10-09T07:01:12.925+0000] {processor.py:768} INFO - DAG(s) dict_keys(['example_branch_python_operator_decorator']) retrieved from /home/airflow/.local/lib/python3.7/site-packages/airflow/example_dags/example_branch_operator_decorator.py
[2022-10-09T07:01:12.951+0000] {logging_mixin.py:117} INFO - [2022-10-09T07:01:12.951+0000] {dag.py:2573} INFO - Sync 1 DAGs
[2022-10-09T07:01:12.965+0000] {logging_mixin.py:117} INFO - [2022-10-09T07:01:12.965+0000] {dag.py:3328} INFO - Setting next_dagrun for example_branch_python_operator_decorator to 2022-10-08T00:00:00+00:00, run_after=2022-10-09T00:00:00+00:00
[2022-10-09T07:01:12.976+0000] {processor.py:178} INFO - Processing /home/airflow/.local/lib/python3.7/site-packages/airflow/example_dags/example_branch_operator_decorator.py took 0.072 seconds
[2022-10-09T07:01:43.264+0000] {processor.py:156} INFO - Started process (PID=1345) to work on /home/airflow/.local/lib/python3.7/site-packages/airflow/example_dags/example_branch_operator_decorator.py
[2022-10-09T07:01:43.266+0000] {processor.py:758} INFO - Processing file /home/airflow/.local/lib/python3.7/site-packages/airflow/example_dags/example_branch_operator_decorator.py for tasks to queue
[2022-10-09T07:01:43.267+0000] {logging_mixin.py:117} INFO - [2022-10-09T07:01:43.267+0000] {dagbag.py:525} INFO - Filling up the DagBag from /home/airflow/.local/lib/python3.7/site-packages/airflow/example_dags/example_branch_operator_decorator.py
[2022-10-09T07:01:43.282+0000] {processor.py:768} INFO - DAG(s) dict_keys(['example_branch_python_operator_decorator']) retrieved from /home/airflow/.local/lib/python3.7/site-packages/airflow/example_dags/example_branch_operator_decorator.py
[2022-10-09T07:01:43.309+0000] {logging_mixin.py:117} INFO - [2022-10-09T07:01:43.308+0000] {dag.py:2573} INFO - Sync 1 DAGs
[2022-10-09T07:01:43.324+0000] {logging_mixin.py:117} INFO - [2022-10-09T07:01:43.324+0000] {dag.py:3328} INFO - Setting next_dagrun for example_branch_python_operator_decorator to 2022-10-08T00:00:00+00:00, run_after=2022-10-09T00:00:00+00:00
[2022-10-09T07:01:43.335+0000] {processor.py:178} INFO - Processing /home/airflow/.local/lib/python3.7/site-packages/airflow/example_dags/example_branch_operator_decorator.py took 0.072 seconds
[2022-10-09T07:02:13.378+0000] {processor.py:156} INFO - Started process (PID=1408) to work on /home/airflow/.local/lib/python3.7/site-packages/airflow/example_dags/example_branch_operator_decorator.py
[2022-10-09T07:02:13.380+0000] {processor.py:758} INFO - Processing file /home/airflow/.local/lib/python3.7/site-packages/airflow/example_dags/example_branch_operator_decorator.py for tasks to queue
[2022-10-09T07:02:13.381+0000] {logging_mixin.py:117} INFO - [2022-10-09T07:02:13.381+0000] {dagbag.py:525} INFO - Filling up the DagBag from /home/airflow/.local/lib/python3.7/site-packages/airflow/example_dags/example_branch_operator_decorator.py
[2022-10-09T07:02:13.395+0000] {processor.py:768} INFO - DAG(s) dict_keys(['example_branch_python_operator_decorator']) retrieved from /home/airflow/.local/lib/python3.7/site-packages/airflow/example_dags/example_branch_operator_decorator.py
[2022-10-09T07:02:13.421+0000] {logging_mixin.py:117} INFO - [2022-10-09T07:02:13.421+0000] {dag.py:2573} INFO - Sync 1 DAGs
[2022-10-09T07:02:13.443+0000] {logging_mixin.py:117} INFO - [2022-10-09T07:02:13.443+0000] {dag.py:3328} INFO - Setting next_dagrun for example_branch_python_operator_decorator to 2022-10-08T00:00:00+00:00, run_after=2022-10-09T00:00:00+00:00
[2022-10-09T07:02:13.454+0000] {processor.py:178} INFO - Processing /home/airflow/.local/lib/python3.7/site-packages/airflow/example_dags/example_branch_operator_decorator.py took 0.078 seconds
[2022-10-09T07:02:44.193+0000] {processor.py:156} INFO - Started process (PID=1469) to work on /home/airflow/.local/lib/python3.7/site-packages/airflow/example_dags/example_branch_operator_decorator.py
[2022-10-09T07:02:44.195+0000] {processor.py:758} INFO - Processing file /home/airflow/.local/lib/python3.7/site-packages/airflow/example_dags/example_branch_operator_decorator.py for tasks to queue
[2022-10-09T07:02:44.197+0000] {logging_mixin.py:117} INFO - [2022-10-09T07:02:44.196+0000] {dagbag.py:525} INFO - Filling up the DagBag from /home/airflow/.local/lib/python3.7/site-packages/airflow/example_dags/example_branch_operator_decorator.py
[2022-10-09T07:02:44.216+0000] {processor.py:768} INFO - DAG(s) dict_keys(['example_branch_python_operator_decorator']) retrieved from /home/airflow/.local/lib/python3.7/site-packages/airflow/example_dags/example_branch_operator_decorator.py
[2022-10-09T07:02:44.245+0000] {logging_mixin.py:117} INFO - [2022-10-09T07:02:44.245+0000] {dag.py:2573} INFO - Sync 1 DAGs
[2022-10-09T07:02:44.263+0000] {logging_mixin.py:117} INFO - [2022-10-09T07:02:44.263+0000] {dag.py:3328} INFO - Setting next_dagrun for example_branch_python_operator_decorator to 2022-10-08T00:00:00+00:00, run_after=2022-10-09T00:00:00+00:00
[2022-10-09T07:02:44.284+0000] {processor.py:178} INFO - Processing /home/airflow/.local/lib/python3.7/site-packages/airflow/example_dags/example_branch_operator_decorator.py took 0.093 seconds
[2022-10-09T07:03:14.466+0000] {processor.py:156} INFO - Started process (PID=1523) to work on /home/airflow/.local/lib/python3.7/site-packages/airflow/example_dags/example_branch_operator_decorator.py
[2022-10-09T07:03:14.467+0000] {processor.py:758} INFO - Processing file /home/airflow/.local/lib/python3.7/site-packages/airflow/example_dags/example_branch_operator_decorator.py for tasks to queue
[2022-10-09T07:03:14.468+0000] {logging_mixin.py:117} INFO - [2022-10-09T07:03:14.468+0000] {dagbag.py:525} INFO - Filling up the DagBag from /home/airflow/.local/lib/python3.7/site-packages/airflow/example_dags/example_branch_operator_decorator.py
[2022-10-09T07:03:14.484+0000] {processor.py:768} INFO - DAG(s) dict_keys(['example_branch_python_operator_decorator']) retrieved from /home/airflow/.local/lib/python3.7/site-packages/airflow/example_dags/example_branch_operator_decorator.py
[2022-10-09T07:03:14.510+0000] {logging_mixin.py:117} INFO - [2022-10-09T07:03:14.510+0000] {dag.py:2573} INFO - Sync 1 DAGs
[2022-10-09T07:03:14.526+0000] {logging_mixin.py:117} INFO - [2022-10-09T07:03:14.526+0000] {dag.py:3328} INFO - Setting next_dagrun for example_branch_python_operator_decorator to 2022-10-08T00:00:00+00:00, run_after=2022-10-09T00:00:00+00:00
[2022-10-09T07:03:14.540+0000] {processor.py:178} INFO - Processing /home/airflow/.local/lib/python3.7/site-packages/airflow/example_dags/example_branch_operator_decorator.py took 0.076 seconds
[2022-10-09T07:03:44.675+0000] {processor.py:156} INFO - Started process (PID=1586) to work on /home/airflow/.local/lib/python3.7/site-packages/airflow/example_dags/example_branch_operator_decorator.py
[2022-10-09T07:03:44.676+0000] {processor.py:758} INFO - Processing file /home/airflow/.local/lib/python3.7/site-packages/airflow/example_dags/example_branch_operator_decorator.py for tasks to queue
[2022-10-09T07:03:44.677+0000] {logging_mixin.py:117} INFO - [2022-10-09T07:03:44.677+0000] {dagbag.py:525} INFO - Filling up the DagBag from /home/airflow/.local/lib/python3.7/site-packages/airflow/example_dags/example_branch_operator_decorator.py
[2022-10-09T07:03:44.695+0000] {processor.py:768} INFO - DAG(s) dict_keys(['example_branch_python_operator_decorator']) retrieved from /home/airflow/.local/lib/python3.7/site-packages/airflow/example_dags/example_branch_operator_decorator.py
[2022-10-09T07:03:44.723+0000] {logging_mixin.py:117} INFO - [2022-10-09T07:03:44.722+0000] {dag.py:2573} INFO - Sync 1 DAGs
[2022-10-09T07:03:44.740+0000] {logging_mixin.py:117} INFO - [2022-10-09T07:03:44.740+0000] {dag.py:3328} INFO - Setting next_dagrun for example_branch_python_operator_decorator to 2022-10-08T00:00:00+00:00, run_after=2022-10-09T00:00:00+00:00
[2022-10-09T07:03:44.751+0000] {processor.py:178} INFO - Processing /home/airflow/.local/lib/python3.7/site-packages/airflow/example_dags/example_branch_operator_decorator.py took 0.078 seconds
[2022-10-09T07:04:14.970+0000] {processor.py:156} INFO - Started process (PID=1648) to work on /home/airflow/.local/lib/python3.7/site-packages/airflow/example_dags/example_branch_operator_decorator.py
[2022-10-09T07:04:14.972+0000] {processor.py:758} INFO - Processing file /home/airflow/.local/lib/python3.7/site-packages/airflow/example_dags/example_branch_operator_decorator.py for tasks to queue
[2022-10-09T07:04:14.973+0000] {logging_mixin.py:117} INFO - [2022-10-09T07:04:14.972+0000] {dagbag.py:525} INFO - Filling up the DagBag from /home/airflow/.local/lib/python3.7/site-packages/airflow/example_dags/example_branch_operator_decorator.py
[2022-10-09T07:04:14.989+0000] {processor.py:768} INFO - DAG(s) dict_keys(['example_branch_python_operator_decorator']) retrieved from /home/airflow/.local/lib/python3.7/site-packages/airflow/example_dags/example_branch_operator_decorator.py
[2022-10-09T07:04:15.017+0000] {logging_mixin.py:117} INFO - [2022-10-09T07:04:15.016+0000] {dag.py:2573} INFO - Sync 1 DAGs
[2022-10-09T07:04:15.033+0000] {logging_mixin.py:117} INFO - [2022-10-09T07:04:15.033+0000] {dag.py:3328} INFO - Setting next_dagrun for example_branch_python_operator_decorator to 2022-10-08T00:00:00+00:00, run_after=2022-10-09T00:00:00+00:00
[2022-10-09T07:04:15.045+0000] {processor.py:178} INFO - Processing /home/airflow/.local/lib/python3.7/site-packages/airflow/example_dags/example_branch_operator_decorator.py took 0.077 seconds
[2022-10-09T07:04:45.860+0000] {processor.py:156} INFO - Started process (PID=1711) to work on /home/airflow/.local/lib/python3.7/site-packages/airflow/example_dags/example_branch_operator_decorator.py
[2022-10-09T07:04:45.862+0000] {processor.py:758} INFO - Processing file /home/airflow/.local/lib/python3.7/site-packages/airflow/example_dags/example_branch_operator_decorator.py for tasks to queue
[2022-10-09T07:04:45.863+0000] {logging_mixin.py:117} INFO - [2022-10-09T07:04:45.863+0000] {dagbag.py:525} INFO - Filling up the DagBag from /home/airflow/.local/lib/python3.7/site-packages/airflow/example_dags/example_branch_operator_decorator.py
[2022-10-09T07:04:45.877+0000] {processor.py:768} INFO - DAG(s) dict_keys(['example_branch_python_operator_decorator']) retrieved from /home/airflow/.local/lib/python3.7/site-packages/airflow/example_dags/example_branch_operator_decorator.py
[2022-10-09T07:04:45.903+0000] {logging_mixin.py:117} INFO - [2022-10-09T07:04:45.903+0000] {dag.py:2573} INFO - Sync 1 DAGs
[2022-10-09T07:04:45.921+0000] {logging_mixin.py:117} INFO - [2022-10-09T07:04:45.921+0000] {dag.py:3328} INFO - Setting next_dagrun for example_branch_python_operator_decorator to 2022-10-08T00:00:00+00:00, run_after=2022-10-09T00:00:00+00:00
[2022-10-09T07:04:45.941+0000] {processor.py:178} INFO - Processing /home/airflow/.local/lib/python3.7/site-packages/airflow/example_dags/example_branch_operator_decorator.py took 0.082 seconds
[2022-10-09T07:05:16.342+0000] {processor.py:156} INFO - Started process (PID=1774) to work on /home/airflow/.local/lib/python3.7/site-packages/airflow/example_dags/example_branch_operator_decorator.py
[2022-10-09T07:05:16.344+0000] {processor.py:758} INFO - Processing file /home/airflow/.local/lib/python3.7/site-packages/airflow/example_dags/example_branch_operator_decorator.py for tasks to queue
[2022-10-09T07:05:16.346+0000] {logging_mixin.py:117} INFO - [2022-10-09T07:05:16.346+0000] {dagbag.py:525} INFO - Filling up the DagBag from /home/airflow/.local/lib/python3.7/site-packages/airflow/example_dags/example_branch_operator_decorator.py
[2022-10-09T07:05:16.365+0000] {processor.py:768} INFO - DAG(s) dict_keys(['example_branch_python_operator_decorator']) retrieved from /home/airflow/.local/lib/python3.7/site-packages/airflow/example_dags/example_branch_operator_decorator.py
[2022-10-09T07:05:16.401+0000] {logging_mixin.py:117} INFO - [2022-10-09T07:05:16.401+0000] {dag.py:2573} INFO - Sync 1 DAGs
[2022-10-09T07:05:16.418+0000] {logging_mixin.py:117} INFO - [2022-10-09T07:05:16.418+0000] {dag.py:3328} INFO - Setting next_dagrun for example_branch_python_operator_decorator to 2022-10-08T00:00:00+00:00, run_after=2022-10-09T00:00:00+00:00
[2022-10-09T07:05:16.429+0000] {processor.py:178} INFO - Processing /home/airflow/.local/lib/python3.7/site-packages/airflow/example_dags/example_branch_operator_decorator.py took 0.090 seconds
[2022-10-09T07:05:46.991+0000] {processor.py:156} INFO - Started process (PID=1838) to work on /home/airflow/.local/lib/python3.7/site-packages/airflow/example_dags/example_branch_operator_decorator.py
[2022-10-09T07:05:46.993+0000] {processor.py:758} INFO - Processing file /home/airflow/.local/lib/python3.7/site-packages/airflow/example_dags/example_branch_operator_decorator.py for tasks to queue
[2022-10-09T07:05:46.994+0000] {logging_mixin.py:117} INFO - [2022-10-09T07:05:46.994+0000] {dagbag.py:525} INFO - Filling up the DagBag from /home/airflow/.local/lib/python3.7/site-packages/airflow/example_dags/example_branch_operator_decorator.py
[2022-10-09T07:05:47.019+0000] {processor.py:768} INFO - DAG(s) dict_keys(['example_branch_python_operator_decorator']) retrieved from /home/airflow/.local/lib/python3.7/site-packages/airflow/example_dags/example_branch_operator_decorator.py
[2022-10-09T07:05:47.137+0000] {logging_mixin.py:117} INFO - [2022-10-09T07:05:47.137+0000] {dag.py:2573} INFO - Sync 1 DAGs
[2022-10-09T07:05:47.164+0000] {logging_mixin.py:117} INFO - [2022-10-09T07:05:47.163+0000] {dag.py:3328} INFO - Setting next_dagrun for example_branch_python_operator_decorator to 2022-10-08T00:00:00+00:00, run_after=2022-10-09T00:00:00+00:00
[2022-10-09T07:05:47.178+0000] {processor.py:178} INFO - Processing /home/airflow/.local/lib/python3.7/site-packages/airflow/example_dags/example_branch_operator_decorator.py took 0.192 seconds
[2022-10-09T07:06:17.434+0000] {processor.py:156} INFO - Started process (PID=1891) to work on /home/airflow/.local/lib/python3.7/site-packages/airflow/example_dags/example_branch_operator_decorator.py
[2022-10-09T07:06:17.437+0000] {processor.py:758} INFO - Processing file /home/airflow/.local/lib/python3.7/site-packages/airflow/example_dags/example_branch_operator_decorator.py for tasks to queue
[2022-10-09T07:06:17.438+0000] {logging_mixin.py:117} INFO - [2022-10-09T07:06:17.438+0000] {dagbag.py:525} INFO - Filling up the DagBag from /home/airflow/.local/lib/python3.7/site-packages/airflow/example_dags/example_branch_operator_decorator.py
[2022-10-09T07:06:17.464+0000] {processor.py:768} INFO - DAG(s) dict_keys(['example_branch_python_operator_decorator']) retrieved from /home/airflow/.local/lib/python3.7/site-packages/airflow/example_dags/example_branch_operator_decorator.py
[2022-10-09T07:06:17.512+0000] {logging_mixin.py:117} INFO - [2022-10-09T07:06:17.512+0000] {dag.py:2573} INFO - Sync 1 DAGs
[2022-10-09T07:06:17.533+0000] {logging_mixin.py:117} INFO - [2022-10-09T07:06:17.533+0000] {dag.py:3328} INFO - Setting next_dagrun for example_branch_python_operator_decorator to 2022-10-08T00:00:00+00:00, run_after=2022-10-09T00:00:00+00:00
[2022-10-09T07:06:17.545+0000] {processor.py:178} INFO - Processing /home/airflow/.local/lib/python3.7/site-packages/airflow/example_dags/example_branch_operator_decorator.py took 0.113 seconds
[2022-10-09T07:06:47.591+0000] {processor.py:156} INFO - Started process (PID=1953) to work on /home/airflow/.local/lib/python3.7/site-packages/airflow/example_dags/example_branch_operator_decorator.py
[2022-10-09T07:06:47.593+0000] {processor.py:758} INFO - Processing file /home/airflow/.local/lib/python3.7/site-packages/airflow/example_dags/example_branch_operator_decorator.py for tasks to queue
[2022-10-09T07:06:47.594+0000] {logging_mixin.py:117} INFO - [2022-10-09T07:06:47.593+0000] {dagbag.py:525} INFO - Filling up the DagBag from /home/airflow/.local/lib/python3.7/site-packages/airflow/example_dags/example_branch_operator_decorator.py
[2022-10-09T07:06:47.608+0000] {processor.py:768} INFO - DAG(s) dict_keys(['example_branch_python_operator_decorator']) retrieved from /home/airflow/.local/lib/python3.7/site-packages/airflow/example_dags/example_branch_operator_decorator.py
[2022-10-09T07:06:47.634+0000] {logging_mixin.py:117} INFO - [2022-10-09T07:06:47.633+0000] {dag.py:2573} INFO - Sync 1 DAGs
[2022-10-09T07:06:47.648+0000] {logging_mixin.py:117} INFO - [2022-10-09T07:06:47.648+0000] {dag.py:3328} INFO - Setting next_dagrun for example_branch_python_operator_decorator to 2022-10-08T00:00:00+00:00, run_after=2022-10-09T00:00:00+00:00
[2022-10-09T07:06:47.661+0000] {processor.py:178} INFO - Processing /home/airflow/.local/lib/python3.7/site-packages/airflow/example_dags/example_branch_operator_decorator.py took 0.072 seconds
[2022-10-09T07:07:18.004+0000] {processor.py:156} INFO - Started process (PID=2018) to work on /home/airflow/.local/lib/python3.7/site-packages/airflow/example_dags/example_branch_operator_decorator.py
[2022-10-09T07:07:18.009+0000] {processor.py:758} INFO - Processing file /home/airflow/.local/lib/python3.7/site-packages/airflow/example_dags/example_branch_operator_decorator.py for tasks to queue
[2022-10-09T07:07:18.011+0000] {logging_mixin.py:117} INFO - [2022-10-09T07:07:18.011+0000] {dagbag.py:525} INFO - Filling up the DagBag from /home/airflow/.local/lib/python3.7/site-packages/airflow/example_dags/example_branch_operator_decorator.py
[2022-10-09T07:07:18.036+0000] {processor.py:768} INFO - DAG(s) dict_keys(['example_branch_python_operator_decorator']) retrieved from /home/airflow/.local/lib/python3.7/site-packages/airflow/example_dags/example_branch_operator_decorator.py
[2022-10-09T07:07:18.062+0000] {logging_mixin.py:117} INFO - [2022-10-09T07:07:18.062+0000] {dag.py:2573} INFO - Sync 1 DAGs
[2022-10-09T07:07:18.077+0000] {logging_mixin.py:117} INFO - [2022-10-09T07:07:18.077+0000] {dag.py:3328} INFO - Setting next_dagrun for example_branch_python_operator_decorator to 2022-10-08T00:00:00+00:00, run_after=2022-10-09T00:00:00+00:00
[2022-10-09T07:07:18.089+0000] {processor.py:178} INFO - Processing /home/airflow/.local/lib/python3.7/site-packages/airflow/example_dags/example_branch_operator_decorator.py took 0.089 seconds
[2022-10-09T07:07:48.629+0000] {processor.py:156} INFO - Started process (PID=2082) to work on /home/airflow/.local/lib/python3.7/site-packages/airflow/example_dags/example_branch_operator_decorator.py
[2022-10-09T07:07:48.631+0000] {processor.py:758} INFO - Processing file /home/airflow/.local/lib/python3.7/site-packages/airflow/example_dags/example_branch_operator_decorator.py for tasks to queue
[2022-10-09T07:07:48.634+0000] {logging_mixin.py:117} INFO - [2022-10-09T07:07:48.634+0000] {dagbag.py:525} INFO - Filling up the DagBag from /home/airflow/.local/lib/python3.7/site-packages/airflow/example_dags/example_branch_operator_decorator.py
[2022-10-09T07:07:48.649+0000] {processor.py:768} INFO - DAG(s) dict_keys(['example_branch_python_operator_decorator']) retrieved from /home/airflow/.local/lib/python3.7/site-packages/airflow/example_dags/example_branch_operator_decorator.py
[2022-10-09T07:07:48.674+0000] {logging_mixin.py:117} INFO - [2022-10-09T07:07:48.674+0000] {dag.py:2573} INFO - Sync 1 DAGs
[2022-10-09T07:07:48.688+0000] {logging_mixin.py:117} INFO - [2022-10-09T07:07:48.688+0000] {dag.py:3328} INFO - Setting next_dagrun for example_branch_python_operator_decorator to 2022-10-08T00:00:00+00:00, run_after=2022-10-09T00:00:00+00:00
[2022-10-09T07:07:48.700+0000] {processor.py:178} INFO - Processing /home/airflow/.local/lib/python3.7/site-packages/airflow/example_dags/example_branch_operator_decorator.py took 0.073 seconds
[2022-10-09T07:08:19.011+0000] {processor.py:156} INFO - Started process (PID=2146) to work on /home/airflow/.local/lib/python3.7/site-packages/airflow/example_dags/example_branch_operator_decorator.py
[2022-10-09T07:08:19.014+0000] {processor.py:758} INFO - Processing file /home/airflow/.local/lib/python3.7/site-packages/airflow/example_dags/example_branch_operator_decorator.py for tasks to queue
[2022-10-09T07:08:19.016+0000] {logging_mixin.py:117} INFO - [2022-10-09T07:08:19.016+0000] {dagbag.py:525} INFO - Filling up the DagBag from /home/airflow/.local/lib/python3.7/site-packages/airflow/example_dags/example_branch_operator_decorator.py
[2022-10-09T07:08:19.041+0000] {processor.py:768} INFO - DAG(s) dict_keys(['example_branch_python_operator_decorator']) retrieved from /home/airflow/.local/lib/python3.7/site-packages/airflow/example_dags/example_branch_operator_decorator.py
[2022-10-09T07:08:19.104+0000] {logging_mixin.py:117} INFO - [2022-10-09T07:08:19.103+0000] {dag.py:2573} INFO - Sync 1 DAGs
[2022-10-09T07:08:19.128+0000] {logging_mixin.py:117} INFO - [2022-10-09T07:08:19.127+0000] {dag.py:3328} INFO - Setting next_dagrun for example_branch_python_operator_decorator to 2022-10-08T00:00:00+00:00, run_after=2022-10-09T00:00:00+00:00
[2022-10-09T07:08:19.145+0000] {processor.py:178} INFO - Processing /home/airflow/.local/lib/python3.7/site-packages/airflow/example_dags/example_branch_operator_decorator.py took 0.136 seconds
[2022-10-09T07:08:49.357+0000] {processor.py:156} INFO - Started process (PID=2200) to work on /home/airflow/.local/lib/python3.7/site-packages/airflow/example_dags/example_branch_operator_decorator.py
[2022-10-09T07:08:49.359+0000] {processor.py:758} INFO - Processing file /home/airflow/.local/lib/python3.7/site-packages/airflow/example_dags/example_branch_operator_decorator.py for tasks to queue
[2022-10-09T07:08:49.360+0000] {logging_mixin.py:117} INFO - [2022-10-09T07:08:49.360+0000] {dagbag.py:525} INFO - Filling up the DagBag from /home/airflow/.local/lib/python3.7/site-packages/airflow/example_dags/example_branch_operator_decorator.py
[2022-10-09T07:08:49.377+0000] {processor.py:768} INFO - DAG(s) dict_keys(['example_branch_python_operator_decorator']) retrieved from /home/airflow/.local/lib/python3.7/site-packages/airflow/example_dags/example_branch_operator_decorator.py
[2022-10-09T07:08:49.404+0000] {logging_mixin.py:117} INFO - [2022-10-09T07:08:49.404+0000] {dag.py:2573} INFO - Sync 1 DAGs
[2022-10-09T07:08:49.421+0000] {logging_mixin.py:117} INFO - [2022-10-09T07:08:49.421+0000] {dag.py:3328} INFO - Setting next_dagrun for example_branch_python_operator_decorator to 2022-10-08T00:00:00+00:00, run_after=2022-10-09T00:00:00+00:00
[2022-10-09T07:08:49.433+0000] {processor.py:178} INFO - Processing /home/airflow/.local/lib/python3.7/site-packages/airflow/example_dags/example_branch_operator_decorator.py took 0.078 seconds
[2022-10-09T07:09:19.701+0000] {processor.py:156} INFO - Started process (PID=2264) to work on /home/airflow/.local/lib/python3.7/site-packages/airflow/example_dags/example_branch_operator_decorator.py
[2022-10-09T07:09:19.702+0000] {processor.py:758} INFO - Processing file /home/airflow/.local/lib/python3.7/site-packages/airflow/example_dags/example_branch_operator_decorator.py for tasks to queue
[2022-10-09T07:09:19.703+0000] {logging_mixin.py:117} INFO - [2022-10-09T07:09:19.703+0000] {dagbag.py:525} INFO - Filling up the DagBag from /home/airflow/.local/lib/python3.7/site-packages/airflow/example_dags/example_branch_operator_decorator.py
[2022-10-09T07:09:19.719+0000] {processor.py:768} INFO - DAG(s) dict_keys(['example_branch_python_operator_decorator']) retrieved from /home/airflow/.local/lib/python3.7/site-packages/airflow/example_dags/example_branch_operator_decorator.py
[2022-10-09T07:09:19.745+0000] {logging_mixin.py:117} INFO - [2022-10-09T07:09:19.745+0000] {dag.py:2573} INFO - Sync 1 DAGs
[2022-10-09T07:09:19.763+0000] {logging_mixin.py:117} INFO - [2022-10-09T07:09:19.762+0000] {dag.py:3328} INFO - Setting next_dagrun for example_branch_python_operator_decorator to 2022-10-08T00:00:00+00:00, run_after=2022-10-09T00:00:00+00:00
[2022-10-09T07:09:19.778+0000] {processor.py:178} INFO - Processing /home/airflow/.local/lib/python3.7/site-packages/airflow/example_dags/example_branch_operator_decorator.py took 0.079 seconds
[2022-10-09T07:09:50.242+0000] {processor.py:156} INFO - Started process (PID=2326) to work on /home/airflow/.local/lib/python3.7/site-packages/airflow/example_dags/example_branch_operator_decorator.py
[2022-10-09T07:09:50.243+0000] {processor.py:758} INFO - Processing file /home/airflow/.local/lib/python3.7/site-packages/airflow/example_dags/example_branch_operator_decorator.py for tasks to queue
[2022-10-09T07:09:50.244+0000] {logging_mixin.py:117} INFO - [2022-10-09T07:09:50.244+0000] {dagbag.py:525} INFO - Filling up the DagBag from /home/airflow/.local/lib/python3.7/site-packages/airflow/example_dags/example_branch_operator_decorator.py
[2022-10-09T07:09:50.258+0000] {processor.py:768} INFO - DAG(s) dict_keys(['example_branch_python_operator_decorator']) retrieved from /home/airflow/.local/lib/python3.7/site-packages/airflow/example_dags/example_branch_operator_decorator.py
[2022-10-09T07:09:50.284+0000] {logging_mixin.py:117} INFO - [2022-10-09T07:09:50.284+0000] {dag.py:2573} INFO - Sync 1 DAGs
[2022-10-09T07:09:50.299+0000] {logging_mixin.py:117} INFO - [2022-10-09T07:09:50.299+0000] {dag.py:3328} INFO - Setting next_dagrun for example_branch_python_operator_decorator to 2022-10-08T00:00:00+00:00, run_after=2022-10-09T00:00:00+00:00
[2022-10-09T07:09:50.312+0000] {processor.py:178} INFO - Processing /home/airflow/.local/lib/python3.7/site-packages/airflow/example_dags/example_branch_operator_decorator.py took 0.072 seconds
[2022-10-09T07:10:20.657+0000] {processor.py:156} INFO - Started process (PID=2388) to work on /home/airflow/.local/lib/python3.7/site-packages/airflow/example_dags/example_branch_operator_decorator.py
[2022-10-09T07:10:20.660+0000] {processor.py:758} INFO - Processing file /home/airflow/.local/lib/python3.7/site-packages/airflow/example_dags/example_branch_operator_decorator.py for tasks to queue
[2022-10-09T07:10:20.664+0000] {logging_mixin.py:117} INFO - [2022-10-09T07:10:20.664+0000] {dagbag.py:525} INFO - Filling up the DagBag from /home/airflow/.local/lib/python3.7/site-packages/airflow/example_dags/example_branch_operator_decorator.py
[2022-10-09T07:10:20.685+0000] {processor.py:768} INFO - DAG(s) dict_keys(['example_branch_python_operator_decorator']) retrieved from /home/airflow/.local/lib/python3.7/site-packages/airflow/example_dags/example_branch_operator_decorator.py
[2022-10-09T07:10:20.719+0000] {logging_mixin.py:117} INFO - [2022-10-09T07:10:20.719+0000] {dag.py:2573} INFO - Sync 1 DAGs
[2022-10-09T07:10:20.738+0000] {logging_mixin.py:117} INFO - [2022-10-09T07:10:20.738+0000] {dag.py:3328} INFO - Setting next_dagrun for example_branch_python_operator_decorator to 2022-10-08T00:00:00+00:00, run_after=2022-10-09T00:00:00+00:00
[2022-10-09T07:10:20.754+0000] {processor.py:178} INFO - Processing /home/airflow/.local/lib/python3.7/site-packages/airflow/example_dags/example_branch_operator_decorator.py took 0.099 seconds
[2022-10-09T07:10:51.331+0000] {processor.py:156} INFO - Started process (PID=2451) to work on /home/airflow/.local/lib/python3.7/site-packages/airflow/example_dags/example_branch_operator_decorator.py
[2022-10-09T07:10:51.333+0000] {processor.py:758} INFO - Processing file /home/airflow/.local/lib/python3.7/site-packages/airflow/example_dags/example_branch_operator_decorator.py for tasks to queue
[2022-10-09T07:10:51.334+0000] {logging_mixin.py:117} INFO - [2022-10-09T07:10:51.334+0000] {dagbag.py:525} INFO - Filling up the DagBag from /home/airflow/.local/lib/python3.7/site-packages/airflow/example_dags/example_branch_operator_decorator.py
[2022-10-09T07:10:51.349+0000] {processor.py:768} INFO - DAG(s) dict_keys(['example_branch_python_operator_decorator']) retrieved from /home/airflow/.local/lib/python3.7/site-packages/airflow/example_dags/example_branch_operator_decorator.py
[2022-10-09T07:10:51.376+0000] {logging_mixin.py:117} INFO - [2022-10-09T07:10:51.376+0000] {dag.py:2573} INFO - Sync 1 DAGs
[2022-10-09T07:10:51.393+0000] {logging_mixin.py:117} INFO - [2022-10-09T07:10:51.393+0000] {dag.py:3328} INFO - Setting next_dagrun for example_branch_python_operator_decorator to 2022-10-08T00:00:00+00:00, run_after=2022-10-09T00:00:00+00:00
[2022-10-09T07:10:51.407+0000] {processor.py:178} INFO - Processing /home/airflow/.local/lib/python3.7/site-packages/airflow/example_dags/example_branch_operator_decorator.py took 0.078 seconds
[2022-10-09T07:11:21.734+0000] {processor.py:156} INFO - Started process (PID=2505) to work on /home/airflow/.local/lib/python3.7/site-packages/airflow/example_dags/example_branch_operator_decorator.py
[2022-10-09T07:11:21.736+0000] {processor.py:758} INFO - Processing file /home/airflow/.local/lib/python3.7/site-packages/airflow/example_dags/example_branch_operator_decorator.py for tasks to queue
[2022-10-09T07:11:21.739+0000] {logging_mixin.py:117} INFO - [2022-10-09T07:11:21.739+0000] {dagbag.py:525} INFO - Filling up the DagBag from /home/airflow/.local/lib/python3.7/site-packages/airflow/example_dags/example_branch_operator_decorator.py
[2022-10-09T07:11:21.787+0000] {processor.py:768} INFO - DAG(s) dict_keys(['example_branch_python_operator_decorator']) retrieved from /home/airflow/.local/lib/python3.7/site-packages/airflow/example_dags/example_branch_operator_decorator.py
[2022-10-09T07:11:21.849+0000] {logging_mixin.py:117} INFO - [2022-10-09T07:11:21.848+0000] {dag.py:2573} INFO - Sync 1 DAGs
[2022-10-09T07:11:21.872+0000] {logging_mixin.py:117} INFO - [2022-10-09T07:11:21.872+0000] {dag.py:3328} INFO - Setting next_dagrun for example_branch_python_operator_decorator to 2022-10-08T00:00:00+00:00, run_after=2022-10-09T00:00:00+00:00
[2022-10-09T07:11:21.903+0000] {processor.py:178} INFO - Processing /home/airflow/.local/lib/python3.7/site-packages/airflow/example_dags/example_branch_operator_decorator.py took 0.172 seconds
[2022-10-09T07:11:52.057+0000] {processor.py:156} INFO - Started process (PID=2568) to work on /home/airflow/.local/lib/python3.7/site-packages/airflow/example_dags/example_branch_operator_decorator.py
[2022-10-09T07:11:52.058+0000] {processor.py:758} INFO - Processing file /home/airflow/.local/lib/python3.7/site-packages/airflow/example_dags/example_branch_operator_decorator.py for tasks to queue
[2022-10-09T07:11:52.059+0000] {logging_mixin.py:117} INFO - [2022-10-09T07:11:52.059+0000] {dagbag.py:525} INFO - Filling up the DagBag from /home/airflow/.local/lib/python3.7/site-packages/airflow/example_dags/example_branch_operator_decorator.py
[2022-10-09T07:11:52.077+0000] {processor.py:768} INFO - DAG(s) dict_keys(['example_branch_python_operator_decorator']) retrieved from /home/airflow/.local/lib/python3.7/site-packages/airflow/example_dags/example_branch_operator_decorator.py
[2022-10-09T07:11:52.106+0000] {logging_mixin.py:117} INFO - [2022-10-09T07:11:52.106+0000] {dag.py:2573} INFO - Sync 1 DAGs
[2022-10-09T07:11:52.123+0000] {logging_mixin.py:117} INFO - [2022-10-09T07:11:52.123+0000] {dag.py:3328} INFO - Setting next_dagrun for example_branch_python_operator_decorator to 2022-10-08T00:00:00+00:00, run_after=2022-10-09T00:00:00+00:00
[2022-10-09T07:11:52.135+0000] {processor.py:178} INFO - Processing /home/airflow/.local/lib/python3.7/site-packages/airflow/example_dags/example_branch_operator_decorator.py took 0.081 seconds
[2022-10-09T07:12:22.278+0000] {processor.py:156} INFO - Started process (PID=2632) to work on /home/airflow/.local/lib/python3.7/site-packages/airflow/example_dags/example_branch_operator_decorator.py
[2022-10-09T07:12:22.279+0000] {processor.py:758} INFO - Processing file /home/airflow/.local/lib/python3.7/site-packages/airflow/example_dags/example_branch_operator_decorator.py for tasks to queue
[2022-10-09T07:12:22.281+0000] {logging_mixin.py:117} INFO - [2022-10-09T07:12:22.281+0000] {dagbag.py:525} INFO - Filling up the DagBag from /home/airflow/.local/lib/python3.7/site-packages/airflow/example_dags/example_branch_operator_decorator.py
[2022-10-09T07:12:22.298+0000] {processor.py:768} INFO - DAG(s) dict_keys(['example_branch_python_operator_decorator']) retrieved from /home/airflow/.local/lib/python3.7/site-packages/airflow/example_dags/example_branch_operator_decorator.py
[2022-10-09T07:12:22.323+0000] {logging_mixin.py:117} INFO - [2022-10-09T07:12:22.323+0000] {dag.py:2573} INFO - Sync 1 DAGs
[2022-10-09T07:12:22.337+0000] {logging_mixin.py:117} INFO - [2022-10-09T07:12:22.337+0000] {dag.py:3328} INFO - Setting next_dagrun for example_branch_python_operator_decorator to 2022-10-08T00:00:00+00:00, run_after=2022-10-09T00:00:00+00:00
[2022-10-09T07:12:22.348+0000] {processor.py:178} INFO - Processing /home/airflow/.local/lib/python3.7/site-packages/airflow/example_dags/example_branch_operator_decorator.py took 0.072 seconds
[2022-10-09T07:12:52.571+0000] {processor.py:156} INFO - Started process (PID=2695) to work on /home/airflow/.local/lib/python3.7/site-packages/airflow/example_dags/example_branch_operator_decorator.py
[2022-10-09T07:12:52.573+0000] {processor.py:758} INFO - Processing file /home/airflow/.local/lib/python3.7/site-packages/airflow/example_dags/example_branch_operator_decorator.py for tasks to queue
[2022-10-09T07:12:52.574+0000] {logging_mixin.py:117} INFO - [2022-10-09T07:12:52.574+0000] {dagbag.py:525} INFO - Filling up the DagBag from /home/airflow/.local/lib/python3.7/site-packages/airflow/example_dags/example_branch_operator_decorator.py
[2022-10-09T07:12:52.589+0000] {processor.py:768} INFO - DAG(s) dict_keys(['example_branch_python_operator_decorator']) retrieved from /home/airflow/.local/lib/python3.7/site-packages/airflow/example_dags/example_branch_operator_decorator.py
[2022-10-09T07:12:52.614+0000] {logging_mixin.py:117} INFO - [2022-10-09T07:12:52.614+0000] {dag.py:2573} INFO - Sync 1 DAGs
[2022-10-09T07:12:52.630+0000] {logging_mixin.py:117} INFO - [2022-10-09T07:12:52.629+0000] {dag.py:3328} INFO - Setting next_dagrun for example_branch_python_operator_decorator to 2022-10-08T00:00:00+00:00, run_after=2022-10-09T00:00:00+00:00
[2022-10-09T07:12:52.644+0000] {processor.py:178} INFO - Processing /home/airflow/.local/lib/python3.7/site-packages/airflow/example_dags/example_branch_operator_decorator.py took 0.075 seconds
[2022-10-09T07:13:23.113+0000] {processor.py:156} INFO - Started process (PID=2758) to work on /home/airflow/.local/lib/python3.7/site-packages/airflow/example_dags/example_branch_operator_decorator.py
[2022-10-09T07:13:23.114+0000] {processor.py:758} INFO - Processing file /home/airflow/.local/lib/python3.7/site-packages/airflow/example_dags/example_branch_operator_decorator.py for tasks to queue
[2022-10-09T07:13:23.115+0000] {logging_mixin.py:117} INFO - [2022-10-09T07:13:23.115+0000] {dagbag.py:525} INFO - Filling up the DagBag from /home/airflow/.local/lib/python3.7/site-packages/airflow/example_dags/example_branch_operator_decorator.py
[2022-10-09T07:13:23.130+0000] {processor.py:768} INFO - DAG(s) dict_keys(['example_branch_python_operator_decorator']) retrieved from /home/airflow/.local/lib/python3.7/site-packages/airflow/example_dags/example_branch_operator_decorator.py
[2022-10-09T07:13:23.157+0000] {logging_mixin.py:117} INFO - [2022-10-09T07:13:23.157+0000] {dag.py:2573} INFO - Sync 1 DAGs
[2022-10-09T07:13:23.174+0000] {logging_mixin.py:117} INFO - [2022-10-09T07:13:23.173+0000] {dag.py:3328} INFO - Setting next_dagrun for example_branch_python_operator_decorator to 2022-10-08T00:00:00+00:00, run_after=2022-10-09T00:00:00+00:00
[2022-10-09T07:13:23.186+0000] {processor.py:178} INFO - Processing /home/airflow/.local/lib/python3.7/site-packages/airflow/example_dags/example_branch_operator_decorator.py took 0.076 seconds
[2022-10-09T07:13:53.483+0000] {processor.py:156} INFO - Started process (PID=2811) to work on /home/airflow/.local/lib/python3.7/site-packages/airflow/example_dags/example_branch_operator_decorator.py
[2022-10-09T07:13:53.486+0000] {processor.py:758} INFO - Processing file /home/airflow/.local/lib/python3.7/site-packages/airflow/example_dags/example_branch_operator_decorator.py for tasks to queue
[2022-10-09T07:13:53.487+0000] {logging_mixin.py:117} INFO - [2022-10-09T07:13:53.487+0000] {dagbag.py:525} INFO - Filling up the DagBag from /home/airflow/.local/lib/python3.7/site-packages/airflow/example_dags/example_branch_operator_decorator.py
[2022-10-09T07:13:53.506+0000] {processor.py:768} INFO - DAG(s) dict_keys(['example_branch_python_operator_decorator']) retrieved from /home/airflow/.local/lib/python3.7/site-packages/airflow/example_dags/example_branch_operator_decorator.py
[2022-10-09T07:13:53.536+0000] {logging_mixin.py:117} INFO - [2022-10-09T07:13:53.536+0000] {dag.py:2573} INFO - Sync 1 DAGs
[2022-10-09T07:13:53.555+0000] {logging_mixin.py:117} INFO - [2022-10-09T07:13:53.555+0000] {dag.py:3328} INFO - Setting next_dagrun for example_branch_python_operator_decorator to 2022-10-08T00:00:00+00:00, run_after=2022-10-09T00:00:00+00:00
[2022-10-09T07:13:53.571+0000] {processor.py:178} INFO - Processing /home/airflow/.local/lib/python3.7/site-packages/airflow/example_dags/example_branch_operator_decorator.py took 0.090 seconds
[2022-10-09T07:14:23.827+0000] {processor.py:156} INFO - Started process (PID=2873) to work on /home/airflow/.local/lib/python3.7/site-packages/airflow/example_dags/example_branch_operator_decorator.py
[2022-10-09T07:14:23.828+0000] {processor.py:758} INFO - Processing file /home/airflow/.local/lib/python3.7/site-packages/airflow/example_dags/example_branch_operator_decorator.py for tasks to queue
[2022-10-09T07:14:23.829+0000] {logging_mixin.py:117} INFO - [2022-10-09T07:14:23.829+0000] {dagbag.py:525} INFO - Filling up the DagBag from /home/airflow/.local/lib/python3.7/site-packages/airflow/example_dags/example_branch_operator_decorator.py
[2022-10-09T07:14:23.844+0000] {processor.py:768} INFO - DAG(s) dict_keys(['example_branch_python_operator_decorator']) retrieved from /home/airflow/.local/lib/python3.7/site-packages/airflow/example_dags/example_branch_operator_decorator.py
[2022-10-09T07:14:23.869+0000] {logging_mixin.py:117} INFO - [2022-10-09T07:14:23.869+0000] {dag.py:2573} INFO - Sync 1 DAGs
[2022-10-09T07:14:23.885+0000] {logging_mixin.py:117} INFO - [2022-10-09T07:14:23.885+0000] {dag.py:3328} INFO - Setting next_dagrun for example_branch_python_operator_decorator to 2022-10-08T00:00:00+00:00, run_after=2022-10-09T00:00:00+00:00
[2022-10-09T07:14:23.896+0000] {processor.py:178} INFO - Processing /home/airflow/.local/lib/python3.7/site-packages/airflow/example_dags/example_branch_operator_decorator.py took 0.072 seconds
[2022-10-09T07:14:54.222+0000] {processor.py:156} INFO - Started process (PID=2937) to work on /home/airflow/.local/lib/python3.7/site-packages/airflow/example_dags/example_branch_operator_decorator.py
[2022-10-09T07:14:54.224+0000] {processor.py:758} INFO - Processing file /home/airflow/.local/lib/python3.7/site-packages/airflow/example_dags/example_branch_operator_decorator.py for tasks to queue
[2022-10-09T07:14:54.225+0000] {logging_mixin.py:117} INFO - [2022-10-09T07:14:54.225+0000] {dagbag.py:525} INFO - Filling up the DagBag from /home/airflow/.local/lib/python3.7/site-packages/airflow/example_dags/example_branch_operator_decorator.py
[2022-10-09T07:14:54.243+0000] {processor.py:768} INFO - DAG(s) dict_keys(['example_branch_python_operator_decorator']) retrieved from /home/airflow/.local/lib/python3.7/site-packages/airflow/example_dags/example_branch_operator_decorator.py
[2022-10-09T07:14:54.278+0000] {logging_mixin.py:117} INFO - [2022-10-09T07:14:54.277+0000] {dag.py:2573} INFO - Sync 1 DAGs
[2022-10-09T07:14:54.295+0000] {logging_mixin.py:117} INFO - [2022-10-09T07:14:54.295+0000] {dag.py:3328} INFO - Setting next_dagrun for example_branch_python_operator_decorator to 2022-10-08T00:00:00+00:00, run_after=2022-10-09T00:00:00+00:00
[2022-10-09T07:14:54.309+0000] {processor.py:178} INFO - Processing /home/airflow/.local/lib/python3.7/site-packages/airflow/example_dags/example_branch_operator_decorator.py took 0.089 seconds
[2022-10-09T07:15:24.450+0000] {processor.py:156} INFO - Started process (PID=3000) to work on /home/airflow/.local/lib/python3.7/site-packages/airflow/example_dags/example_branch_operator_decorator.py
[2022-10-09T07:15:24.452+0000] {processor.py:758} INFO - Processing file /home/airflow/.local/lib/python3.7/site-packages/airflow/example_dags/example_branch_operator_decorator.py for tasks to queue
[2022-10-09T07:15:24.453+0000] {logging_mixin.py:117} INFO - [2022-10-09T07:15:24.453+0000] {dagbag.py:525} INFO - Filling up the DagBag from /home/airflow/.local/lib/python3.7/site-packages/airflow/example_dags/example_branch_operator_decorator.py
[2022-10-09T07:15:24.468+0000] {processor.py:768} INFO - DAG(s) dict_keys(['example_branch_python_operator_decorator']) retrieved from /home/airflow/.local/lib/python3.7/site-packages/airflow/example_dags/example_branch_operator_decorator.py
[2022-10-09T07:15:24.496+0000] {logging_mixin.py:117} INFO - [2022-10-09T07:15:24.495+0000] {dag.py:2573} INFO - Sync 1 DAGs
[2022-10-09T07:15:24.511+0000] {logging_mixin.py:117} INFO - [2022-10-09T07:15:24.511+0000] {dag.py:3328} INFO - Setting next_dagrun for example_branch_python_operator_decorator to 2022-10-08T00:00:00+00:00, run_after=2022-10-09T00:00:00+00:00
[2022-10-09T07:15:24.524+0000] {processor.py:178} INFO - Processing /home/airflow/.local/lib/python3.7/site-packages/airflow/example_dags/example_branch_operator_decorator.py took 0.076 seconds
[2022-10-09T07:15:54.867+0000] {processor.py:156} INFO - Started process (PID=3064) to work on /home/airflow/.local/lib/python3.7/site-packages/airflow/example_dags/example_branch_operator_decorator.py
[2022-10-09T07:15:54.868+0000] {processor.py:758} INFO - Processing file /home/airflow/.local/lib/python3.7/site-packages/airflow/example_dags/example_branch_operator_decorator.py for tasks to queue
[2022-10-09T07:15:54.871+0000] {logging_mixin.py:117} INFO - [2022-10-09T07:15:54.871+0000] {dagbag.py:525} INFO - Filling up the DagBag from /home/airflow/.local/lib/python3.7/site-packages/airflow/example_dags/example_branch_operator_decorator.py
[2022-10-09T07:15:54.887+0000] {processor.py:768} INFO - DAG(s) dict_keys(['example_branch_python_operator_decorator']) retrieved from /home/airflow/.local/lib/python3.7/site-packages/airflow/example_dags/example_branch_operator_decorator.py
[2022-10-09T07:15:54.916+0000] {logging_mixin.py:117} INFO - [2022-10-09T07:15:54.916+0000] {dag.py:2573} INFO - Sync 1 DAGs
[2022-10-09T07:15:54.934+0000] {logging_mixin.py:117} INFO - [2022-10-09T07:15:54.934+0000] {dag.py:3328} INFO - Setting next_dagrun for example_branch_python_operator_decorator to 2022-10-08T00:00:00+00:00, run_after=2022-10-09T00:00:00+00:00
[2022-10-09T07:15:54.949+0000] {processor.py:178} INFO - Processing /home/airflow/.local/lib/python3.7/site-packages/airflow/example_dags/example_branch_operator_decorator.py took 0.085 seconds
[2022-10-09T07:16:25.150+0000] {processor.py:156} INFO - Started process (PID=3126) to work on /home/airflow/.local/lib/python3.7/site-packages/airflow/example_dags/example_branch_operator_decorator.py
[2022-10-09T07:16:25.159+0000] {processor.py:758} INFO - Processing file /home/airflow/.local/lib/python3.7/site-packages/airflow/example_dags/example_branch_operator_decorator.py for tasks to queue
[2022-10-09T07:16:25.160+0000] {logging_mixin.py:117} INFO - [2022-10-09T07:16:25.160+0000] {dagbag.py:525} INFO - Filling up the DagBag from /home/airflow/.local/lib/python3.7/site-packages/airflow/example_dags/example_branch_operator_decorator.py
[2022-10-09T07:16:25.179+0000] {processor.py:768} INFO - DAG(s) dict_keys(['example_branch_python_operator_decorator']) retrieved from /home/airflow/.local/lib/python3.7/site-packages/airflow/example_dags/example_branch_operator_decorator.py
[2022-10-09T07:16:25.218+0000] {logging_mixin.py:117} INFO - [2022-10-09T07:16:25.218+0000] {dag.py:2573} INFO - Sync 1 DAGs
[2022-10-09T07:16:25.236+0000] {logging_mixin.py:117} INFO - [2022-10-09T07:16:25.236+0000] {dag.py:3328} INFO - Setting next_dagrun for example_branch_python_operator_decorator to 2022-10-08T00:00:00+00:00, run_after=2022-10-09T00:00:00+00:00
[2022-10-09T07:16:25.248+0000] {processor.py:178} INFO - Processing /home/airflow/.local/lib/python3.7/site-packages/airflow/example_dags/example_branch_operator_decorator.py took 0.101 seconds
[2022-10-09T07:16:55.327+0000] {processor.py:156} INFO - Started process (PID=3178) to work on /home/airflow/.local/lib/python3.7/site-packages/airflow/example_dags/example_branch_operator_decorator.py
[2022-10-09T07:16:55.328+0000] {processor.py:758} INFO - Processing file /home/airflow/.local/lib/python3.7/site-packages/airflow/example_dags/example_branch_operator_decorator.py for tasks to queue
[2022-10-09T07:16:55.329+0000] {logging_mixin.py:117} INFO - [2022-10-09T07:16:55.329+0000] {dagbag.py:525} INFO - Filling up the DagBag from /home/airflow/.local/lib/python3.7/site-packages/airflow/example_dags/example_branch_operator_decorator.py
[2022-10-09T07:16:55.344+0000] {processor.py:768} INFO - DAG(s) dict_keys(['example_branch_python_operator_decorator']) retrieved from /home/airflow/.local/lib/python3.7/site-packages/airflow/example_dags/example_branch_operator_decorator.py
[2022-10-09T07:16:55.370+0000] {logging_mixin.py:117} INFO - [2022-10-09T07:16:55.370+0000] {dag.py:2573} INFO - Sync 1 DAGs
[2022-10-09T07:16:55.387+0000] {logging_mixin.py:117} INFO - [2022-10-09T07:16:55.387+0000] {dag.py:3328} INFO - Setting next_dagrun for example_branch_python_operator_decorator to 2022-10-08T00:00:00+00:00, run_after=2022-10-09T00:00:00+00:00
[2022-10-09T07:16:55.399+0000] {processor.py:178} INFO - Processing /home/airflow/.local/lib/python3.7/site-packages/airflow/example_dags/example_branch_operator_decorator.py took 0.075 seconds
[2022-10-09T07:17:26.195+0000] {processor.py:156} INFO - Started process (PID=3241) to work on /home/airflow/.local/lib/python3.7/site-packages/airflow/example_dags/example_branch_operator_decorator.py
[2022-10-09T07:17:26.197+0000] {processor.py:758} INFO - Processing file /home/airflow/.local/lib/python3.7/site-packages/airflow/example_dags/example_branch_operator_decorator.py for tasks to queue
[2022-10-09T07:17:26.198+0000] {logging_mixin.py:117} INFO - [2022-10-09T07:17:26.198+0000] {dagbag.py:525} INFO - Filling up the DagBag from /home/airflow/.local/lib/python3.7/site-packages/airflow/example_dags/example_branch_operator_decorator.py
[2022-10-09T07:17:26.214+0000] {processor.py:768} INFO - DAG(s) dict_keys(['example_branch_python_operator_decorator']) retrieved from /home/airflow/.local/lib/python3.7/site-packages/airflow/example_dags/example_branch_operator_decorator.py
[2022-10-09T07:17:26.243+0000] {logging_mixin.py:117} INFO - [2022-10-09T07:17:26.243+0000] {dag.py:2573} INFO - Sync 1 DAGs
[2022-10-09T07:17:26.262+0000] {logging_mixin.py:117} INFO - [2022-10-09T07:17:26.262+0000] {dag.py:3328} INFO - Setting next_dagrun for example_branch_python_operator_decorator to 2022-10-08T00:00:00+00:00, run_after=2022-10-09T00:00:00+00:00
[2022-10-09T07:17:26.274+0000] {processor.py:178} INFO - Processing /home/airflow/.local/lib/python3.7/site-packages/airflow/example_dags/example_branch_operator_decorator.py took 0.081 seconds
[2022-10-09T07:17:56.449+0000] {processor.py:156} INFO - Started process (PID=3302) to work on /home/airflow/.local/lib/python3.7/site-packages/airflow/example_dags/example_branch_operator_decorator.py
[2022-10-09T07:17:56.450+0000] {processor.py:758} INFO - Processing file /home/airflow/.local/lib/python3.7/site-packages/airflow/example_dags/example_branch_operator_decorator.py for tasks to queue
[2022-10-09T07:17:56.451+0000] {logging_mixin.py:117} INFO - [2022-10-09T07:17:56.451+0000] {dagbag.py:525} INFO - Filling up the DagBag from /home/airflow/.local/lib/python3.7/site-packages/airflow/example_dags/example_branch_operator_decorator.py
[2022-10-09T07:17:56.469+0000] {processor.py:768} INFO - DAG(s) dict_keys(['example_branch_python_operator_decorator']) retrieved from /home/airflow/.local/lib/python3.7/site-packages/airflow/example_dags/example_branch_operator_decorator.py
[2022-10-09T07:17:56.497+0000] {logging_mixin.py:117} INFO - [2022-10-09T07:17:56.497+0000] {dag.py:2573} INFO - Sync 1 DAGs
[2022-10-09T07:17:56.517+0000] {logging_mixin.py:117} INFO - [2022-10-09T07:17:56.517+0000] {dag.py:3328} INFO - Setting next_dagrun for example_branch_python_operator_decorator to 2022-10-08T00:00:00+00:00, run_after=2022-10-09T00:00:00+00:00
[2022-10-09T07:17:56.531+0000] {processor.py:178} INFO - Processing /home/airflow/.local/lib/python3.7/site-packages/airflow/example_dags/example_branch_operator_decorator.py took 0.085 seconds
[2022-10-09T07:18:26.836+0000] {processor.py:156} INFO - Started process (PID=3366) to work on /home/airflow/.local/lib/python3.7/site-packages/airflow/example_dags/example_branch_operator_decorator.py
[2022-10-09T07:18:26.839+0000] {processor.py:758} INFO - Processing file /home/airflow/.local/lib/python3.7/site-packages/airflow/example_dags/example_branch_operator_decorator.py for tasks to queue
[2022-10-09T07:18:26.841+0000] {logging_mixin.py:117} INFO - [2022-10-09T07:18:26.841+0000] {dagbag.py:525} INFO - Filling up the DagBag from /home/airflow/.local/lib/python3.7/site-packages/airflow/example_dags/example_branch_operator_decorator.py
[2022-10-09T07:18:26.866+0000] {processor.py:768} INFO - DAG(s) dict_keys(['example_branch_python_operator_decorator']) retrieved from /home/airflow/.local/lib/python3.7/site-packages/airflow/example_dags/example_branch_operator_decorator.py
[2022-10-09T07:18:26.904+0000] {logging_mixin.py:117} INFO - [2022-10-09T07:18:26.903+0000] {dag.py:2573} INFO - Sync 1 DAGs
[2022-10-09T07:18:26.922+0000] {logging_mixin.py:117} INFO - [2022-10-09T07:18:26.922+0000] {dag.py:3328} INFO - Setting next_dagrun for example_branch_python_operator_decorator to 2022-10-08T00:00:00+00:00, run_after=2022-10-09T00:00:00+00:00
[2022-10-09T07:18:26.935+0000] {processor.py:178} INFO - Processing /home/airflow/.local/lib/python3.7/site-packages/airflow/example_dags/example_branch_operator_decorator.py took 0.101 seconds
[2022-10-09T07:18:58.100+0000] {processor.py:156} INFO - Started process (PID=3428) to work on /home/airflow/.local/lib/python3.7/site-packages/airflow/example_dags/example_branch_operator_decorator.py
[2022-10-09T07:18:58.102+0000] {processor.py:758} INFO - Processing file /home/airflow/.local/lib/python3.7/site-packages/airflow/example_dags/example_branch_operator_decorator.py for tasks to queue
[2022-10-09T07:18:58.102+0000] {logging_mixin.py:117} INFO - [2022-10-09T07:18:58.102+0000] {dagbag.py:525} INFO - Filling up the DagBag from /home/airflow/.local/lib/python3.7/site-packages/airflow/example_dags/example_branch_operator_decorator.py
[2022-10-09T07:18:58.116+0000] {processor.py:768} INFO - DAG(s) dict_keys(['example_branch_python_operator_decorator']) retrieved from /home/airflow/.local/lib/python3.7/site-packages/airflow/example_dags/example_branch_operator_decorator.py
[2022-10-09T07:18:58.141+0000] {logging_mixin.py:117} INFO - [2022-10-09T07:18:58.140+0000] {dag.py:2573} INFO - Sync 1 DAGs
[2022-10-09T07:18:58.155+0000] {logging_mixin.py:117} INFO - [2022-10-09T07:18:58.155+0000] {dag.py:3328} INFO - Setting next_dagrun for example_branch_python_operator_decorator to 2022-10-08T00:00:00+00:00, run_after=2022-10-09T00:00:00+00:00
[2022-10-09T07:18:58.166+0000] {processor.py:178} INFO - Processing /home/airflow/.local/lib/python3.7/site-packages/airflow/example_dags/example_branch_operator_decorator.py took 0.068 seconds
[2022-10-09T07:19:28.423+0000] {processor.py:156} INFO - Started process (PID=3482) to work on /home/airflow/.local/lib/python3.7/site-packages/airflow/example_dags/example_branch_operator_decorator.py
[2022-10-09T07:19:28.425+0000] {processor.py:758} INFO - Processing file /home/airflow/.local/lib/python3.7/site-packages/airflow/example_dags/example_branch_operator_decorator.py for tasks to queue
[2022-10-09T07:19:28.425+0000] {logging_mixin.py:117} INFO - [2022-10-09T07:19:28.425+0000] {dagbag.py:525} INFO - Filling up the DagBag from /home/airflow/.local/lib/python3.7/site-packages/airflow/example_dags/example_branch_operator_decorator.py
[2022-10-09T07:19:28.442+0000] {processor.py:768} INFO - DAG(s) dict_keys(['example_branch_python_operator_decorator']) retrieved from /home/airflow/.local/lib/python3.7/site-packages/airflow/example_dags/example_branch_operator_decorator.py
[2022-10-09T07:19:28.472+0000] {logging_mixin.py:117} INFO - [2022-10-09T07:19:28.472+0000] {dag.py:2573} INFO - Sync 1 DAGs
[2022-10-09T07:19:28.488+0000] {logging_mixin.py:117} INFO - [2022-10-09T07:19:28.488+0000] {dag.py:3328} INFO - Setting next_dagrun for example_branch_python_operator_decorator to 2022-10-08T00:00:00+00:00, run_after=2022-10-09T00:00:00+00:00
[2022-10-09T07:19:28.501+0000] {processor.py:178} INFO - Processing /home/airflow/.local/lib/python3.7/site-packages/airflow/example_dags/example_branch_operator_decorator.py took 0.081 seconds
[2022-10-09T07:19:58.662+0000] {processor.py:156} INFO - Started process (PID=3546) to work on /home/airflow/.local/lib/python3.7/site-packages/airflow/example_dags/example_branch_operator_decorator.py
[2022-10-09T07:19:58.668+0000] {processor.py:758} INFO - Processing file /home/airflow/.local/lib/python3.7/site-packages/airflow/example_dags/example_branch_operator_decorator.py for tasks to queue
[2022-10-09T07:19:58.674+0000] {logging_mixin.py:117} INFO - [2022-10-09T07:19:58.673+0000] {dagbag.py:525} INFO - Filling up the DagBag from /home/airflow/.local/lib/python3.7/site-packages/airflow/example_dags/example_branch_operator_decorator.py
[2022-10-09T07:19:58.735+0000] {processor.py:768} INFO - DAG(s) dict_keys(['example_branch_python_operator_decorator']) retrieved from /home/airflow/.local/lib/python3.7/site-packages/airflow/example_dags/example_branch_operator_decorator.py
[2022-10-09T07:19:58.833+0000] {logging_mixin.py:117} INFO - [2022-10-09T07:19:58.833+0000] {dag.py:2573} INFO - Sync 1 DAGs
[2022-10-09T07:19:58.854+0000] {logging_mixin.py:117} INFO - [2022-10-09T07:19:58.854+0000] {dag.py:3328} INFO - Setting next_dagrun for example_branch_python_operator_decorator to 2022-10-08T00:00:00+00:00, run_after=2022-10-09T00:00:00+00:00
[2022-10-09T07:19:58.876+0000] {processor.py:178} INFO - Processing /home/airflow/.local/lib/python3.7/site-packages/airflow/example_dags/example_branch_operator_decorator.py took 0.220 seconds
[2022-10-09T07:20:29.538+0000] {processor.py:156} INFO - Started process (PID=3609) to work on /home/airflow/.local/lib/python3.7/site-packages/airflow/example_dags/example_branch_operator_decorator.py
[2022-10-09T07:20:29.540+0000] {processor.py:758} INFO - Processing file /home/airflow/.local/lib/python3.7/site-packages/airflow/example_dags/example_branch_operator_decorator.py for tasks to queue
[2022-10-09T07:20:29.542+0000] {logging_mixin.py:117} INFO - [2022-10-09T07:20:29.542+0000] {dagbag.py:525} INFO - Filling up the DagBag from /home/airflow/.local/lib/python3.7/site-packages/airflow/example_dags/example_branch_operator_decorator.py
[2022-10-09T07:20:29.562+0000] {processor.py:768} INFO - DAG(s) dict_keys(['example_branch_python_operator_decorator']) retrieved from /home/airflow/.local/lib/python3.7/site-packages/airflow/example_dags/example_branch_operator_decorator.py
[2022-10-09T07:20:29.596+0000] {logging_mixin.py:117} INFO - [2022-10-09T07:20:29.596+0000] {dag.py:2573} INFO - Sync 1 DAGs
[2022-10-09T07:20:29.617+0000] {logging_mixin.py:117} INFO - [2022-10-09T07:20:29.617+0000] {dag.py:3328} INFO - Setting next_dagrun for example_branch_python_operator_decorator to 2022-10-08T00:00:00+00:00, run_after=2022-10-09T00:00:00+00:00
[2022-10-09T07:20:29.641+0000] {processor.py:178} INFO - Processing /home/airflow/.local/lib/python3.7/site-packages/airflow/example_dags/example_branch_operator_decorator.py took 0.106 seconds
[2022-10-09T07:20:59.899+0000] {processor.py:156} INFO - Started process (PID=3672) to work on /home/airflow/.local/lib/python3.7/site-packages/airflow/example_dags/example_branch_operator_decorator.py
[2022-10-09T07:20:59.901+0000] {processor.py:758} INFO - Processing file /home/airflow/.local/lib/python3.7/site-packages/airflow/example_dags/example_branch_operator_decorator.py for tasks to queue
[2022-10-09T07:20:59.902+0000] {logging_mixin.py:117} INFO - [2022-10-09T07:20:59.902+0000] {dagbag.py:525} INFO - Filling up the DagBag from /home/airflow/.local/lib/python3.7/site-packages/airflow/example_dags/example_branch_operator_decorator.py
[2022-10-09T07:20:59.916+0000] {processor.py:768} INFO - DAG(s) dict_keys(['example_branch_python_operator_decorator']) retrieved from /home/airflow/.local/lib/python3.7/site-packages/airflow/example_dags/example_branch_operator_decorator.py
[2022-10-09T07:20:59.941+0000] {logging_mixin.py:117} INFO - [2022-10-09T07:20:59.941+0000] {dag.py:2573} INFO - Sync 1 DAGs
[2022-10-09T07:20:59.957+0000] {logging_mixin.py:117} INFO - [2022-10-09T07:20:59.957+0000] {dag.py:3328} INFO - Setting next_dagrun for example_branch_python_operator_decorator to 2022-10-08T00:00:00+00:00, run_after=2022-10-09T00:00:00+00:00
[2022-10-09T07:20:59.969+0000] {processor.py:178} INFO - Processing /home/airflow/.local/lib/python3.7/site-packages/airflow/example_dags/example_branch_operator_decorator.py took 0.072 seconds
[2022-10-09T07:21:30.403+0000] {processor.py:156} INFO - Started process (PID=3735) to work on /home/airflow/.local/lib/python3.7/site-packages/airflow/example_dags/example_branch_operator_decorator.py
[2022-10-09T07:21:30.405+0000] {processor.py:758} INFO - Processing file /home/airflow/.local/lib/python3.7/site-packages/airflow/example_dags/example_branch_operator_decorator.py for tasks to queue
[2022-10-09T07:21:30.406+0000] {logging_mixin.py:117} INFO - [2022-10-09T07:21:30.405+0000] {dagbag.py:525} INFO - Filling up the DagBag from /home/airflow/.local/lib/python3.7/site-packages/airflow/example_dags/example_branch_operator_decorator.py
[2022-10-09T07:21:30.422+0000] {processor.py:768} INFO - DAG(s) dict_keys(['example_branch_python_operator_decorator']) retrieved from /home/airflow/.local/lib/python3.7/site-packages/airflow/example_dags/example_branch_operator_decorator.py
[2022-10-09T07:21:30.451+0000] {logging_mixin.py:117} INFO - [2022-10-09T07:21:30.450+0000] {dag.py:2573} INFO - Sync 1 DAGs
[2022-10-09T07:21:30.467+0000] {logging_mixin.py:117} INFO - [2022-10-09T07:21:30.466+0000] {dag.py:3328} INFO - Setting next_dagrun for example_branch_python_operator_decorator to 2022-10-08T00:00:00+00:00, run_after=2022-10-09T00:00:00+00:00
[2022-10-09T07:21:30.479+0000] {processor.py:178} INFO - Processing /home/airflow/.local/lib/python3.7/site-packages/airflow/example_dags/example_branch_operator_decorator.py took 0.078 seconds
[2022-10-09T07:22:00.766+0000] {processor.py:156} INFO - Started process (PID=3787) to work on /home/airflow/.local/lib/python3.7/site-packages/airflow/example_dags/example_branch_operator_decorator.py
[2022-10-09T07:22:00.768+0000] {processor.py:758} INFO - Processing file /home/airflow/.local/lib/python3.7/site-packages/airflow/example_dags/example_branch_operator_decorator.py for tasks to queue
[2022-10-09T07:22:00.769+0000] {logging_mixin.py:117} INFO - [2022-10-09T07:22:00.769+0000] {dagbag.py:525} INFO - Filling up the DagBag from /home/airflow/.local/lib/python3.7/site-packages/airflow/example_dags/example_branch_operator_decorator.py
[2022-10-09T07:22:00.784+0000] {processor.py:768} INFO - DAG(s) dict_keys(['example_branch_python_operator_decorator']) retrieved from /home/airflow/.local/lib/python3.7/site-packages/airflow/example_dags/example_branch_operator_decorator.py
[2022-10-09T07:22:00.809+0000] {logging_mixin.py:117} INFO - [2022-10-09T07:22:00.809+0000] {dag.py:2573} INFO - Sync 1 DAGs
[2022-10-09T07:22:00.824+0000] {logging_mixin.py:117} INFO - [2022-10-09T07:22:00.824+0000] {dag.py:3328} INFO - Setting next_dagrun for example_branch_python_operator_decorator to 2022-10-08T00:00:00+00:00, run_after=2022-10-09T00:00:00+00:00
[2022-10-09T07:22:00.836+0000] {processor.py:178} INFO - Processing /home/airflow/.local/lib/python3.7/site-packages/airflow/example_dags/example_branch_operator_decorator.py took 0.071 seconds
[2022-10-09T07:22:30.986+0000] {processor.py:156} INFO - Started process (PID=3850) to work on /home/airflow/.local/lib/python3.7/site-packages/airflow/example_dags/example_branch_operator_decorator.py
[2022-10-09T07:22:30.988+0000] {processor.py:758} INFO - Processing file /home/airflow/.local/lib/python3.7/site-packages/airflow/example_dags/example_branch_operator_decorator.py for tasks to queue
[2022-10-09T07:22:30.989+0000] {logging_mixin.py:117} INFO - [2022-10-09T07:22:30.989+0000] {dagbag.py:525} INFO - Filling up the DagBag from /home/airflow/.local/lib/python3.7/site-packages/airflow/example_dags/example_branch_operator_decorator.py
[2022-10-09T07:22:31.003+0000] {processor.py:768} INFO - DAG(s) dict_keys(['example_branch_python_operator_decorator']) retrieved from /home/airflow/.local/lib/python3.7/site-packages/airflow/example_dags/example_branch_operator_decorator.py
[2022-10-09T07:22:31.029+0000] {logging_mixin.py:117} INFO - [2022-10-09T07:22:31.029+0000] {dag.py:2573} INFO - Sync 1 DAGs
[2022-10-09T07:22:31.045+0000] {logging_mixin.py:117} INFO - [2022-10-09T07:22:31.045+0000] {dag.py:3328} INFO - Setting next_dagrun for example_branch_python_operator_decorator to 2022-10-08T00:00:00+00:00, run_after=2022-10-09T00:00:00+00:00
[2022-10-09T07:22:31.058+0000] {processor.py:178} INFO - Processing /home/airflow/.local/lib/python3.7/site-packages/airflow/example_dags/example_branch_operator_decorator.py took 0.074 seconds
[2022-10-09T07:23:01.326+0000] {processor.py:156} INFO - Started process (PID=3914) to work on /home/airflow/.local/lib/python3.7/site-packages/airflow/example_dags/example_branch_operator_decorator.py
[2022-10-09T07:23:01.328+0000] {processor.py:758} INFO - Processing file /home/airflow/.local/lib/python3.7/site-packages/airflow/example_dags/example_branch_operator_decorator.py for tasks to queue
[2022-10-09T07:23:01.329+0000] {logging_mixin.py:117} INFO - [2022-10-09T07:23:01.329+0000] {dagbag.py:525} INFO - Filling up the DagBag from /home/airflow/.local/lib/python3.7/site-packages/airflow/example_dags/example_branch_operator_decorator.py
[2022-10-09T07:23:01.347+0000] {processor.py:768} INFO - DAG(s) dict_keys(['example_branch_python_operator_decorator']) retrieved from /home/airflow/.local/lib/python3.7/site-packages/airflow/example_dags/example_branch_operator_decorator.py
[2022-10-09T07:23:01.377+0000] {logging_mixin.py:117} INFO - [2022-10-09T07:23:01.376+0000] {dag.py:2573} INFO - Sync 1 DAGs
[2022-10-09T07:23:01.395+0000] {logging_mixin.py:117} INFO - [2022-10-09T07:23:01.395+0000] {dag.py:3328} INFO - Setting next_dagrun for example_branch_python_operator_decorator to 2022-10-08T00:00:00+00:00, run_after=2022-10-09T00:00:00+00:00
[2022-10-09T07:23:01.413+0000] {processor.py:178} INFO - Processing /home/airflow/.local/lib/python3.7/site-packages/airflow/example_dags/example_branch_operator_decorator.py took 0.089 seconds
[2022-10-09T07:23:31.671+0000] {processor.py:156} INFO - Started process (PID=3977) to work on /home/airflow/.local/lib/python3.7/site-packages/airflow/example_dags/example_branch_operator_decorator.py
[2022-10-09T07:23:31.673+0000] {processor.py:758} INFO - Processing file /home/airflow/.local/lib/python3.7/site-packages/airflow/example_dags/example_branch_operator_decorator.py for tasks to queue
[2022-10-09T07:23:31.674+0000] {logging_mixin.py:117} INFO - [2022-10-09T07:23:31.674+0000] {dagbag.py:525} INFO - Filling up the DagBag from /home/airflow/.local/lib/python3.7/site-packages/airflow/example_dags/example_branch_operator_decorator.py
[2022-10-09T07:23:31.689+0000] {processor.py:768} INFO - DAG(s) dict_keys(['example_branch_python_operator_decorator']) retrieved from /home/airflow/.local/lib/python3.7/site-packages/airflow/example_dags/example_branch_operator_decorator.py
[2022-10-09T07:23:31.718+0000] {logging_mixin.py:117} INFO - [2022-10-09T07:23:31.718+0000] {dag.py:2573} INFO - Sync 1 DAGs
[2022-10-09T07:23:31.733+0000] {logging_mixin.py:117} INFO - [2022-10-09T07:23:31.733+0000] {dag.py:3328} INFO - Setting next_dagrun for example_branch_python_operator_decorator to 2022-10-08T00:00:00+00:00, run_after=2022-10-09T00:00:00+00:00
[2022-10-09T07:23:31.746+0000] {processor.py:178} INFO - Processing /home/airflow/.local/lib/python3.7/site-packages/airflow/example_dags/example_branch_operator_decorator.py took 0.077 seconds
[2022-10-09T07:24:01.936+0000] {processor.py:156} INFO - Started process (PID=4040) to work on /home/airflow/.local/lib/python3.7/site-packages/airflow/example_dags/example_branch_operator_decorator.py
[2022-10-09T07:24:01.938+0000] {processor.py:758} INFO - Processing file /home/airflow/.local/lib/python3.7/site-packages/airflow/example_dags/example_branch_operator_decorator.py for tasks to queue
[2022-10-09T07:24:01.939+0000] {logging_mixin.py:117} INFO - [2022-10-09T07:24:01.939+0000] {dagbag.py:525} INFO - Filling up the DagBag from /home/airflow/.local/lib/python3.7/site-packages/airflow/example_dags/example_branch_operator_decorator.py
[2022-10-09T07:24:01.953+0000] {processor.py:768} INFO - DAG(s) dict_keys(['example_branch_python_operator_decorator']) retrieved from /home/airflow/.local/lib/python3.7/site-packages/airflow/example_dags/example_branch_operator_decorator.py
[2022-10-09T07:24:01.978+0000] {logging_mixin.py:117} INFO - [2022-10-09T07:24:01.978+0000] {dag.py:2573} INFO - Sync 1 DAGs
[2022-10-09T07:24:01.994+0000] {logging_mixin.py:117} INFO - [2022-10-09T07:24:01.994+0000] {dag.py:3328} INFO - Setting next_dagrun for example_branch_python_operator_decorator to 2022-10-08T00:00:00+00:00, run_after=2022-10-09T00:00:00+00:00
[2022-10-09T07:24:02.005+0000] {processor.py:178} INFO - Processing /home/airflow/.local/lib/python3.7/site-packages/airflow/example_dags/example_branch_operator_decorator.py took 0.071 seconds
[2022-10-09T07:24:32.805+0000] {processor.py:156} INFO - Started process (PID=4106) to work on /home/airflow/.local/lib/python3.7/site-packages/airflow/example_dags/example_branch_operator_decorator.py
[2022-10-09T07:24:32.807+0000] {processor.py:758} INFO - Processing file /home/airflow/.local/lib/python3.7/site-packages/airflow/example_dags/example_branch_operator_decorator.py for tasks to queue
[2022-10-09T07:24:32.808+0000] {logging_mixin.py:117} INFO - [2022-10-09T07:24:32.808+0000] {dagbag.py:525} INFO - Filling up the DagBag from /home/airflow/.local/lib/python3.7/site-packages/airflow/example_dags/example_branch_operator_decorator.py
[2022-10-09T07:24:32.824+0000] {processor.py:768} INFO - DAG(s) dict_keys(['example_branch_python_operator_decorator']) retrieved from /home/airflow/.local/lib/python3.7/site-packages/airflow/example_dags/example_branch_operator_decorator.py
[2022-10-09T07:24:32.858+0000] {logging_mixin.py:117} INFO - [2022-10-09T07:24:32.858+0000] {dag.py:2573} INFO - Sync 1 DAGs
[2022-10-09T07:24:32.881+0000] {logging_mixin.py:117} INFO - [2022-10-09T07:24:32.881+0000] {dag.py:3328} INFO - Setting next_dagrun for example_branch_python_operator_decorator to 2022-10-08T00:00:00+00:00, run_after=2022-10-09T00:00:00+00:00
[2022-10-09T07:24:32.911+0000] {processor.py:178} INFO - Processing /home/airflow/.local/lib/python3.7/site-packages/airflow/example_dags/example_branch_operator_decorator.py took 0.110 seconds
