[2022-10-09T06:40:39.090+0000] {processor.py:156} INFO - Started process (PID=44) to work on /home/airflow/.local/lib/python3.7/site-packages/airflow/example_dags/example_task_group.py
[2022-10-09T06:40:39.093+0000] {processor.py:758} INFO - Processing file /home/airflow/.local/lib/python3.7/site-packages/airflow/example_dags/example_task_group.py for tasks to queue
[2022-10-09T06:40:39.095+0000] {logging_mixin.py:117} INFO - [2022-10-09T06:40:39.095+0000] {dagbag.py:525} INFO - Filling up the DagBag from /home/airflow/.local/lib/python3.7/site-packages/airflow/example_dags/example_task_group.py
[2022-10-09T06:40:39.110+0000] {processor.py:768} INFO - DAG(s) dict_keys(['example_task_group']) retrieved from /home/airflow/.local/lib/python3.7/site-packages/airflow/example_dags/example_task_group.py
[2022-10-09T06:40:39.183+0000] {logging_mixin.py:117} INFO - [2022-10-09T06:40:39.183+0000] {dag.py:2573} INFO - Sync 1 DAGs
[2022-10-09T06:40:39.215+0000] {logging_mixin.py:117} INFO - [2022-10-09T06:40:39.215+0000] {dag.py:3328} INFO - Setting next_dagrun for example_task_group to 2022-10-08T06:40:39.214986+00:00, run_after=2022-10-09T06:40:39.214986+00:00
[2022-10-09T06:40:39.234+0000] {processor.py:178} INFO - Processing /home/airflow/.local/lib/python3.7/site-packages/airflow/example_dags/example_task_group.py took 0.148 seconds
[2022-10-09T06:41:09.952+0000] {processor.py:156} INFO - Started process (PID=107) to work on /home/airflow/.local/lib/python3.7/site-packages/airflow/example_dags/example_task_group.py
[2022-10-09T06:41:09.954+0000] {processor.py:758} INFO - Processing file /home/airflow/.local/lib/python3.7/site-packages/airflow/example_dags/example_task_group.py for tasks to queue
[2022-10-09T06:41:09.955+0000] {logging_mixin.py:117} INFO - [2022-10-09T06:41:09.955+0000] {dagbag.py:525} INFO - Filling up the DagBag from /home/airflow/.local/lib/python3.7/site-packages/airflow/example_dags/example_task_group.py
[2022-10-09T06:41:09.966+0000] {processor.py:768} INFO - DAG(s) dict_keys(['example_task_group']) retrieved from /home/airflow/.local/lib/python3.7/site-packages/airflow/example_dags/example_task_group.py
[2022-10-09T06:41:09.993+0000] {logging_mixin.py:117} INFO - [2022-10-09T06:41:09.993+0000] {dag.py:2573} INFO - Sync 1 DAGs
[2022-10-09T06:41:10.009+0000] {logging_mixin.py:117} INFO - [2022-10-09T06:41:10.009+0000] {dag.py:3328} INFO - Setting next_dagrun for example_task_group to 2022-10-08T06:41:10.009042+00:00, run_after=2022-10-09T06:41:10.009042+00:00
[2022-10-09T06:41:10.020+0000] {processor.py:178} INFO - Processing /home/airflow/.local/lib/python3.7/site-packages/airflow/example_dags/example_task_group.py took 0.071 seconds
[2022-10-09T06:41:40.511+0000] {processor.py:156} INFO - Started process (PID=171) to work on /home/airflow/.local/lib/python3.7/site-packages/airflow/example_dags/example_task_group.py
[2022-10-09T06:41:40.512+0000] {processor.py:758} INFO - Processing file /home/airflow/.local/lib/python3.7/site-packages/airflow/example_dags/example_task_group.py for tasks to queue
[2022-10-09T06:41:40.513+0000] {logging_mixin.py:117} INFO - [2022-10-09T06:41:40.513+0000] {dagbag.py:525} INFO - Filling up the DagBag from /home/airflow/.local/lib/python3.7/site-packages/airflow/example_dags/example_task_group.py
[2022-10-09T06:41:40.525+0000] {processor.py:768} INFO - DAG(s) dict_keys(['example_task_group']) retrieved from /home/airflow/.local/lib/python3.7/site-packages/airflow/example_dags/example_task_group.py
[2022-10-09T06:41:40.550+0000] {logging_mixin.py:117} INFO - [2022-10-09T06:41:40.550+0000] {dag.py:2573} INFO - Sync 1 DAGs
[2022-10-09T06:41:40.565+0000] {logging_mixin.py:117} INFO - [2022-10-09T06:41:40.565+0000] {dag.py:3328} INFO - Setting next_dagrun for example_task_group to 2022-10-08T06:41:40.565253+00:00, run_after=2022-10-09T06:41:40.565253+00:00
[2022-10-09T06:41:40.578+0000] {processor.py:178} INFO - Processing /home/airflow/.local/lib/python3.7/site-packages/airflow/example_dags/example_task_group.py took 0.069 seconds
[2022-10-09T06:42:11.125+0000] {processor.py:156} INFO - Started process (PID=234) to work on /home/airflow/.local/lib/python3.7/site-packages/airflow/example_dags/example_task_group.py
[2022-10-09T06:42:11.128+0000] {processor.py:758} INFO - Processing file /home/airflow/.local/lib/python3.7/site-packages/airflow/example_dags/example_task_group.py for tasks to queue
[2022-10-09T06:42:11.129+0000] {logging_mixin.py:117} INFO - [2022-10-09T06:42:11.129+0000] {dagbag.py:525} INFO - Filling up the DagBag from /home/airflow/.local/lib/python3.7/site-packages/airflow/example_dags/example_task_group.py
[2022-10-09T06:42:11.140+0000] {processor.py:768} INFO - DAG(s) dict_keys(['example_task_group']) retrieved from /home/airflow/.local/lib/python3.7/site-packages/airflow/example_dags/example_task_group.py
[2022-10-09T06:42:11.172+0000] {logging_mixin.py:117} INFO - [2022-10-09T06:42:11.172+0000] {dag.py:2573} INFO - Sync 1 DAGs
[2022-10-09T06:42:11.192+0000] {logging_mixin.py:117} INFO - [2022-10-09T06:42:11.191+0000] {dag.py:3328} INFO - Setting next_dagrun for example_task_group to 2022-10-08T06:42:11.191739+00:00, run_after=2022-10-09T06:42:11.191739+00:00
[2022-10-09T06:42:11.209+0000] {processor.py:178} INFO - Processing /home/airflow/.local/lib/python3.7/site-packages/airflow/example_dags/example_task_group.py took 0.086 seconds
[2022-10-09T06:42:41.499+0000] {processor.py:156} INFO - Started process (PID=288) to work on /home/airflow/.local/lib/python3.7/site-packages/airflow/example_dags/example_task_group.py
[2022-10-09T06:42:41.500+0000] {processor.py:758} INFO - Processing file /home/airflow/.local/lib/python3.7/site-packages/airflow/example_dags/example_task_group.py for tasks to queue
[2022-10-09T06:42:41.501+0000] {logging_mixin.py:117} INFO - [2022-10-09T06:42:41.501+0000] {dagbag.py:525} INFO - Filling up the DagBag from /home/airflow/.local/lib/python3.7/site-packages/airflow/example_dags/example_task_group.py
[2022-10-09T06:42:41.513+0000] {processor.py:768} INFO - DAG(s) dict_keys(['example_task_group']) retrieved from /home/airflow/.local/lib/python3.7/site-packages/airflow/example_dags/example_task_group.py
[2022-10-09T06:42:41.541+0000] {logging_mixin.py:117} INFO - [2022-10-09T06:42:41.541+0000] {dag.py:2573} INFO - Sync 1 DAGs
[2022-10-09T06:42:41.557+0000] {logging_mixin.py:117} INFO - [2022-10-09T06:42:41.557+0000] {dag.py:3328} INFO - Setting next_dagrun for example_task_group to 2022-10-08T06:42:41.557591+00:00, run_after=2022-10-09T06:42:41.557591+00:00
[2022-10-09T06:42:41.577+0000] {processor.py:178} INFO - Processing /home/airflow/.local/lib/python3.7/site-packages/airflow/example_dags/example_task_group.py took 0.080 seconds
[2022-10-09T06:43:11.926+0000] {processor.py:156} INFO - Started process (PID=351) to work on /home/airflow/.local/lib/python3.7/site-packages/airflow/example_dags/example_task_group.py
[2022-10-09T06:43:11.929+0000] {processor.py:758} INFO - Processing file /home/airflow/.local/lib/python3.7/site-packages/airflow/example_dags/example_task_group.py for tasks to queue
[2022-10-09T06:43:11.930+0000] {logging_mixin.py:117} INFO - [2022-10-09T06:43:11.930+0000] {dagbag.py:525} INFO - Filling up the DagBag from /home/airflow/.local/lib/python3.7/site-packages/airflow/example_dags/example_task_group.py
[2022-10-09T06:43:11.939+0000] {processor.py:768} INFO - DAG(s) dict_keys(['example_task_group']) retrieved from /home/airflow/.local/lib/python3.7/site-packages/airflow/example_dags/example_task_group.py
[2022-10-09T06:43:11.966+0000] {logging_mixin.py:117} INFO - [2022-10-09T06:43:11.966+0000] {dag.py:2573} INFO - Sync 1 DAGs
[2022-10-09T06:43:11.982+0000] {logging_mixin.py:117} INFO - [2022-10-09T06:43:11.981+0000] {dag.py:3328} INFO - Setting next_dagrun for example_task_group to 2022-10-08T06:43:11.981054+00:00, run_after=2022-10-09T06:43:11.981054+00:00
[2022-10-09T06:43:11.996+0000] {processor.py:178} INFO - Processing /home/airflow/.local/lib/python3.7/site-packages/airflow/example_dags/example_task_group.py took 0.072 seconds
[2022-10-09T06:43:42.226+0000] {processor.py:156} INFO - Started process (PID=414) to work on /home/airflow/.local/lib/python3.7/site-packages/airflow/example_dags/example_task_group.py
[2022-10-09T06:43:42.228+0000] {processor.py:758} INFO - Processing file /home/airflow/.local/lib/python3.7/site-packages/airflow/example_dags/example_task_group.py for tasks to queue
[2022-10-09T06:43:42.229+0000] {logging_mixin.py:117} INFO - [2022-10-09T06:43:42.229+0000] {dagbag.py:525} INFO - Filling up the DagBag from /home/airflow/.local/lib/python3.7/site-packages/airflow/example_dags/example_task_group.py
[2022-10-09T06:43:42.240+0000] {processor.py:768} INFO - DAG(s) dict_keys(['example_task_group']) retrieved from /home/airflow/.local/lib/python3.7/site-packages/airflow/example_dags/example_task_group.py
[2022-10-09T06:43:42.265+0000] {logging_mixin.py:117} INFO - [2022-10-09T06:43:42.265+0000] {dag.py:2573} INFO - Sync 1 DAGs
[2022-10-09T06:43:42.281+0000] {logging_mixin.py:117} INFO - [2022-10-09T06:43:42.281+0000] {dag.py:3328} INFO - Setting next_dagrun for example_task_group to 2022-10-08T06:43:42.281176+00:00, run_after=2022-10-09T06:43:42.281176+00:00
[2022-10-09T06:43:42.293+0000] {processor.py:178} INFO - Processing /home/airflow/.local/lib/python3.7/site-packages/airflow/example_dags/example_task_group.py took 0.069 seconds
[2022-10-09T06:44:12.587+0000] {processor.py:156} INFO - Started process (PID=477) to work on /home/airflow/.local/lib/python3.7/site-packages/airflow/example_dags/example_task_group.py
[2022-10-09T06:44:12.589+0000] {processor.py:758} INFO - Processing file /home/airflow/.local/lib/python3.7/site-packages/airflow/example_dags/example_task_group.py for tasks to queue
[2022-10-09T06:44:12.590+0000] {logging_mixin.py:117} INFO - [2022-10-09T06:44:12.590+0000] {dagbag.py:525} INFO - Filling up the DagBag from /home/airflow/.local/lib/python3.7/site-packages/airflow/example_dags/example_task_group.py
[2022-10-09T06:44:12.600+0000] {processor.py:768} INFO - DAG(s) dict_keys(['example_task_group']) retrieved from /home/airflow/.local/lib/python3.7/site-packages/airflow/example_dags/example_task_group.py
[2022-10-09T06:44:12.625+0000] {logging_mixin.py:117} INFO - [2022-10-09T06:44:12.625+0000] {dag.py:2573} INFO - Sync 1 DAGs
[2022-10-09T06:44:12.641+0000] {logging_mixin.py:117} INFO - [2022-10-09T06:44:12.640+0000] {dag.py:3328} INFO - Setting next_dagrun for example_task_group to 2022-10-08T06:44:12.640867+00:00, run_after=2022-10-09T06:44:12.640867+00:00
[2022-10-09T06:44:12.653+0000] {processor.py:178} INFO - Processing /home/airflow/.local/lib/python3.7/site-packages/airflow/example_dags/example_task_group.py took 0.067 seconds
[2022-10-09T06:44:42.851+0000] {processor.py:156} INFO - Started process (PID=540) to work on /home/airflow/.local/lib/python3.7/site-packages/airflow/example_dags/example_task_group.py
[2022-10-09T06:44:42.853+0000] {processor.py:758} INFO - Processing file /home/airflow/.local/lib/python3.7/site-packages/airflow/example_dags/example_task_group.py for tasks to queue
[2022-10-09T06:44:42.854+0000] {logging_mixin.py:117} INFO - [2022-10-09T06:44:42.853+0000] {dagbag.py:525} INFO - Filling up the DagBag from /home/airflow/.local/lib/python3.7/site-packages/airflow/example_dags/example_task_group.py
[2022-10-09T06:44:42.863+0000] {processor.py:768} INFO - DAG(s) dict_keys(['example_task_group']) retrieved from /home/airflow/.local/lib/python3.7/site-packages/airflow/example_dags/example_task_group.py
[2022-10-09T06:44:42.886+0000] {logging_mixin.py:117} INFO - [2022-10-09T06:44:42.885+0000] {dag.py:2573} INFO - Sync 1 DAGs
[2022-10-09T06:44:42.899+0000] {logging_mixin.py:117} INFO - [2022-10-09T06:44:42.899+0000] {dag.py:3328} INFO - Setting next_dagrun for example_task_group to 2022-10-08T06:44:42.899361+00:00, run_after=2022-10-09T06:44:42.899361+00:00
[2022-10-09T06:44:42.909+0000] {processor.py:178} INFO - Processing /home/airflow/.local/lib/python3.7/site-packages/airflow/example_dags/example_task_group.py took 0.060 seconds
[2022-10-09T06:45:13.134+0000] {processor.py:156} INFO - Started process (PID=594) to work on /home/airflow/.local/lib/python3.7/site-packages/airflow/example_dags/example_task_group.py
[2022-10-09T06:45:13.137+0000] {processor.py:758} INFO - Processing file /home/airflow/.local/lib/python3.7/site-packages/airflow/example_dags/example_task_group.py for tasks to queue
[2022-10-09T06:45:13.137+0000] {logging_mixin.py:117} INFO - [2022-10-09T06:45:13.137+0000] {dagbag.py:525} INFO - Filling up the DagBag from /home/airflow/.local/lib/python3.7/site-packages/airflow/example_dags/example_task_group.py
[2022-10-09T06:45:13.147+0000] {processor.py:768} INFO - DAG(s) dict_keys(['example_task_group']) retrieved from /home/airflow/.local/lib/python3.7/site-packages/airflow/example_dags/example_task_group.py
[2022-10-09T06:45:13.173+0000] {logging_mixin.py:117} INFO - [2022-10-09T06:45:13.173+0000] {dag.py:2573} INFO - Sync 1 DAGs
[2022-10-09T06:45:13.187+0000] {logging_mixin.py:117} INFO - [2022-10-09T06:45:13.187+0000] {dag.py:3328} INFO - Setting next_dagrun for example_task_group to 2022-10-08T06:45:13.187389+00:00, run_after=2022-10-09T06:45:13.187389+00:00
[2022-10-09T06:45:13.199+0000] {processor.py:178} INFO - Processing /home/airflow/.local/lib/python3.7/site-packages/airflow/example_dags/example_task_group.py took 0.067 seconds
[2022-10-09T06:45:43.429+0000] {processor.py:156} INFO - Started process (PID=656) to work on /home/airflow/.local/lib/python3.7/site-packages/airflow/example_dags/example_task_group.py
[2022-10-09T06:45:43.431+0000] {processor.py:758} INFO - Processing file /home/airflow/.local/lib/python3.7/site-packages/airflow/example_dags/example_task_group.py for tasks to queue
[2022-10-09T06:45:43.432+0000] {logging_mixin.py:117} INFO - [2022-10-09T06:45:43.432+0000] {dagbag.py:525} INFO - Filling up the DagBag from /home/airflow/.local/lib/python3.7/site-packages/airflow/example_dags/example_task_group.py
[2022-10-09T06:45:43.443+0000] {processor.py:768} INFO - DAG(s) dict_keys(['example_task_group']) retrieved from /home/airflow/.local/lib/python3.7/site-packages/airflow/example_dags/example_task_group.py
[2022-10-09T06:45:43.470+0000] {logging_mixin.py:117} INFO - [2022-10-09T06:45:43.470+0000] {dag.py:2573} INFO - Sync 1 DAGs
[2022-10-09T06:45:43.484+0000] {logging_mixin.py:117} INFO - [2022-10-09T06:45:43.484+0000] {dag.py:3328} INFO - Setting next_dagrun for example_task_group to 2022-10-08T06:45:43.484456+00:00, run_after=2022-10-09T06:45:43.484456+00:00
[2022-10-09T06:45:43.496+0000] {processor.py:178} INFO - Processing /home/airflow/.local/lib/python3.7/site-packages/airflow/example_dags/example_task_group.py took 0.069 seconds
[2022-10-09T06:46:13.607+0000] {processor.py:156} INFO - Started process (PID=720) to work on /home/airflow/.local/lib/python3.7/site-packages/airflow/example_dags/example_task_group.py
[2022-10-09T06:46:13.609+0000] {processor.py:758} INFO - Processing file /home/airflow/.local/lib/python3.7/site-packages/airflow/example_dags/example_task_group.py for tasks to queue
[2022-10-09T06:46:13.610+0000] {logging_mixin.py:117} INFO - [2022-10-09T06:46:13.610+0000] {dagbag.py:525} INFO - Filling up the DagBag from /home/airflow/.local/lib/python3.7/site-packages/airflow/example_dags/example_task_group.py
[2022-10-09T06:46:13.621+0000] {processor.py:768} INFO - DAG(s) dict_keys(['example_task_group']) retrieved from /home/airflow/.local/lib/python3.7/site-packages/airflow/example_dags/example_task_group.py
[2022-10-09T06:46:13.645+0000] {logging_mixin.py:117} INFO - [2022-10-09T06:46:13.645+0000] {dag.py:2573} INFO - Sync 1 DAGs
[2022-10-09T06:46:13.661+0000] {logging_mixin.py:117} INFO - [2022-10-09T06:46:13.661+0000] {dag.py:3328} INFO - Setting next_dagrun for example_task_group to 2022-10-08T06:46:13.661167+00:00, run_after=2022-10-09T06:46:13.661167+00:00
[2022-10-09T06:46:13.672+0000] {processor.py:178} INFO - Processing /home/airflow/.local/lib/python3.7/site-packages/airflow/example_dags/example_task_group.py took 0.068 seconds
[2022-10-09T06:46:43.909+0000] {processor.py:156} INFO - Started process (PID=784) to work on /home/airflow/.local/lib/python3.7/site-packages/airflow/example_dags/example_task_group.py
[2022-10-09T06:46:43.910+0000] {processor.py:758} INFO - Processing file /home/airflow/.local/lib/python3.7/site-packages/airflow/example_dags/example_task_group.py for tasks to queue
[2022-10-09T06:46:43.912+0000] {logging_mixin.py:117} INFO - [2022-10-09T06:46:43.912+0000] {dagbag.py:525} INFO - Filling up the DagBag from /home/airflow/.local/lib/python3.7/site-packages/airflow/example_dags/example_task_group.py
[2022-10-09T06:46:43.922+0000] {processor.py:768} INFO - DAG(s) dict_keys(['example_task_group']) retrieved from /home/airflow/.local/lib/python3.7/site-packages/airflow/example_dags/example_task_group.py
[2022-10-09T06:46:43.946+0000] {logging_mixin.py:117} INFO - [2022-10-09T06:46:43.946+0000] {dag.py:2573} INFO - Sync 1 DAGs
[2022-10-09T06:46:43.959+0000] {logging_mixin.py:117} INFO - [2022-10-09T06:46:43.959+0000] {dag.py:3328} INFO - Setting next_dagrun for example_task_group to 2022-10-08T06:46:43.959681+00:00, run_after=2022-10-09T06:46:43.959681+00:00
[2022-10-09T06:46:43.970+0000] {processor.py:178} INFO - Processing /home/airflow/.local/lib/python3.7/site-packages/airflow/example_dags/example_task_group.py took 0.063 seconds
[2022-10-09T06:47:14.083+0000] {processor.py:156} INFO - Started process (PID=846) to work on /home/airflow/.local/lib/python3.7/site-packages/airflow/example_dags/example_task_group.py
[2022-10-09T06:47:14.085+0000] {processor.py:758} INFO - Processing file /home/airflow/.local/lib/python3.7/site-packages/airflow/example_dags/example_task_group.py for tasks to queue
[2022-10-09T06:47:14.086+0000] {logging_mixin.py:117} INFO - [2022-10-09T06:47:14.086+0000] {dagbag.py:525} INFO - Filling up the DagBag from /home/airflow/.local/lib/python3.7/site-packages/airflow/example_dags/example_task_group.py
[2022-10-09T06:47:14.099+0000] {processor.py:768} INFO - DAG(s) dict_keys(['example_task_group']) retrieved from /home/airflow/.local/lib/python3.7/site-packages/airflow/example_dags/example_task_group.py
[2022-10-09T06:47:14.134+0000] {logging_mixin.py:117} INFO - [2022-10-09T06:47:14.134+0000] {dag.py:2573} INFO - Sync 1 DAGs
[2022-10-09T06:47:14.154+0000] {logging_mixin.py:117} INFO - [2022-10-09T06:47:14.154+0000] {dag.py:3328} INFO - Setting next_dagrun for example_task_group to 2022-10-08T06:47:14.154007+00:00, run_after=2022-10-09T06:47:14.154007+00:00
[2022-10-09T06:47:14.173+0000] {processor.py:178} INFO - Processing /home/airflow/.local/lib/python3.7/site-packages/airflow/example_dags/example_task_group.py took 0.093 seconds
[2022-10-09T06:47:44.372+0000] {processor.py:156} INFO - Started process (PID=899) to work on /home/airflow/.local/lib/python3.7/site-packages/airflow/example_dags/example_task_group.py
[2022-10-09T06:47:44.374+0000] {processor.py:758} INFO - Processing file /home/airflow/.local/lib/python3.7/site-packages/airflow/example_dags/example_task_group.py for tasks to queue
[2022-10-09T06:47:44.375+0000] {logging_mixin.py:117} INFO - [2022-10-09T06:47:44.375+0000] {dagbag.py:525} INFO - Filling up the DagBag from /home/airflow/.local/lib/python3.7/site-packages/airflow/example_dags/example_task_group.py
[2022-10-09T06:47:44.386+0000] {processor.py:768} INFO - DAG(s) dict_keys(['example_task_group']) retrieved from /home/airflow/.local/lib/python3.7/site-packages/airflow/example_dags/example_task_group.py
[2022-10-09T06:47:44.412+0000] {logging_mixin.py:117} INFO - [2022-10-09T06:47:44.412+0000] {dag.py:2573} INFO - Sync 1 DAGs
[2022-10-09T06:47:44.427+0000] {logging_mixin.py:117} INFO - [2022-10-09T06:47:44.427+0000] {dag.py:3328} INFO - Setting next_dagrun for example_task_group to 2022-10-08T06:47:44.427310+00:00, run_after=2022-10-09T06:47:44.427310+00:00
[2022-10-09T06:47:44.438+0000] {processor.py:178} INFO - Processing /home/airflow/.local/lib/python3.7/site-packages/airflow/example_dags/example_task_group.py took 0.068 seconds
[2022-10-09T06:48:14.706+0000] {processor.py:156} INFO - Started process (PID=961) to work on /home/airflow/.local/lib/python3.7/site-packages/airflow/example_dags/example_task_group.py
[2022-10-09T06:48:14.707+0000] {processor.py:758} INFO - Processing file /home/airflow/.local/lib/python3.7/site-packages/airflow/example_dags/example_task_group.py for tasks to queue
[2022-10-09T06:48:14.708+0000] {logging_mixin.py:117} INFO - [2022-10-09T06:48:14.708+0000] {dagbag.py:525} INFO - Filling up the DagBag from /home/airflow/.local/lib/python3.7/site-packages/airflow/example_dags/example_task_group.py
[2022-10-09T06:48:14.719+0000] {processor.py:768} INFO - DAG(s) dict_keys(['example_task_group']) retrieved from /home/airflow/.local/lib/python3.7/site-packages/airflow/example_dags/example_task_group.py
[2022-10-09T06:48:14.745+0000] {logging_mixin.py:117} INFO - [2022-10-09T06:48:14.745+0000] {dag.py:2573} INFO - Sync 1 DAGs
[2022-10-09T06:48:14.760+0000] {logging_mixin.py:117} INFO - [2022-10-09T06:48:14.760+0000] {dag.py:3328} INFO - Setting next_dagrun for example_task_group to 2022-10-08T06:48:14.760662+00:00, run_after=2022-10-09T06:48:14.760662+00:00
[2022-10-09T06:48:14.772+0000] {processor.py:178} INFO - Processing /home/airflow/.local/lib/python3.7/site-packages/airflow/example_dags/example_task_group.py took 0.069 seconds
[2022-10-09T06:59:09.429+0000] {processor.py:156} INFO - Started process (PID=1015) to work on /home/airflow/.local/lib/python3.7/site-packages/airflow/example_dags/example_task_group.py
[2022-10-09T06:59:09.431+0000] {processor.py:758} INFO - Processing file /home/airflow/.local/lib/python3.7/site-packages/airflow/example_dags/example_task_group.py for tasks to queue
[2022-10-09T06:59:09.433+0000] {logging_mixin.py:117} INFO - [2022-10-09T06:59:09.433+0000] {dagbag.py:525} INFO - Filling up the DagBag from /home/airflow/.local/lib/python3.7/site-packages/airflow/example_dags/example_task_group.py
[2022-10-09T06:59:09.455+0000] {processor.py:768} INFO - DAG(s) dict_keys(['example_task_group']) retrieved from /home/airflow/.local/lib/python3.7/site-packages/airflow/example_dags/example_task_group.py
[2022-10-09T06:59:09.502+0000] {logging_mixin.py:117} INFO - [2022-10-09T06:59:09.502+0000] {dag.py:2573} INFO - Sync 1 DAGs
[2022-10-09T06:59:09.526+0000] {logging_mixin.py:117} INFO - [2022-10-09T06:59:09.526+0000] {dag.py:3328} INFO - Setting next_dagrun for example_task_group to 2022-10-08T06:59:09.526640+00:00, run_after=2022-10-09T06:59:09.526640+00:00
[2022-10-09T06:59:09.547+0000] {processor.py:178} INFO - Processing /home/airflow/.local/lib/python3.7/site-packages/airflow/example_dags/example_task_group.py took 0.122 seconds
[2022-10-09T06:59:40.449+0000] {processor.py:156} INFO - Started process (PID=1079) to work on /home/airflow/.local/lib/python3.7/site-packages/airflow/example_dags/example_task_group.py
[2022-10-09T06:59:40.451+0000] {processor.py:758} INFO - Processing file /home/airflow/.local/lib/python3.7/site-packages/airflow/example_dags/example_task_group.py for tasks to queue
[2022-10-09T06:59:40.452+0000] {logging_mixin.py:117} INFO - [2022-10-09T06:59:40.452+0000] {dagbag.py:525} INFO - Filling up the DagBag from /home/airflow/.local/lib/python3.7/site-packages/airflow/example_dags/example_task_group.py
[2022-10-09T06:59:40.462+0000] {processor.py:768} INFO - DAG(s) dict_keys(['example_task_group']) retrieved from /home/airflow/.local/lib/python3.7/site-packages/airflow/example_dags/example_task_group.py
[2022-10-09T06:59:40.485+0000] {logging_mixin.py:117} INFO - [2022-10-09T06:59:40.485+0000] {dag.py:2573} INFO - Sync 1 DAGs
[2022-10-09T06:59:40.498+0000] {logging_mixin.py:117} INFO - [2022-10-09T06:59:40.498+0000] {dag.py:3328} INFO - Setting next_dagrun for example_task_group to 2022-10-08T06:59:40.498453+00:00, run_after=2022-10-09T06:59:40.498453+00:00
[2022-10-09T06:59:40.509+0000] {processor.py:178} INFO - Processing /home/airflow/.local/lib/python3.7/site-packages/airflow/example_dags/example_task_group.py took 0.061 seconds
[2022-10-09T07:00:10.812+0000] {processor.py:156} INFO - Started process (PID=1142) to work on /home/airflow/.local/lib/python3.7/site-packages/airflow/example_dags/example_task_group.py
[2022-10-09T07:00:10.814+0000] {processor.py:758} INFO - Processing file /home/airflow/.local/lib/python3.7/site-packages/airflow/example_dags/example_task_group.py for tasks to queue
[2022-10-09T07:00:10.815+0000] {logging_mixin.py:117} INFO - [2022-10-09T07:00:10.815+0000] {dagbag.py:525} INFO - Filling up the DagBag from /home/airflow/.local/lib/python3.7/site-packages/airflow/example_dags/example_task_group.py
[2022-10-09T07:00:10.826+0000] {processor.py:768} INFO - DAG(s) dict_keys(['example_task_group']) retrieved from /home/airflow/.local/lib/python3.7/site-packages/airflow/example_dags/example_task_group.py
[2022-10-09T07:00:10.851+0000] {logging_mixin.py:117} INFO - [2022-10-09T07:00:10.851+0000] {dag.py:2573} INFO - Sync 1 DAGs
[2022-10-09T07:00:10.866+0000] {logging_mixin.py:117} INFO - [2022-10-09T07:00:10.866+0000] {dag.py:3328} INFO - Setting next_dagrun for example_task_group to 2022-10-08T07:00:10.866167+00:00, run_after=2022-10-09T07:00:10.866167+00:00
[2022-10-09T07:00:10.878+0000] {processor.py:178} INFO - Processing /home/airflow/.local/lib/python3.7/site-packages/airflow/example_dags/example_task_group.py took 0.069 seconds
[2022-10-09T07:00:41.387+0000] {processor.py:156} INFO - Started process (PID=1196) to work on /home/airflow/.local/lib/python3.7/site-packages/airflow/example_dags/example_task_group.py
[2022-10-09T07:00:41.388+0000] {processor.py:758} INFO - Processing file /home/airflow/.local/lib/python3.7/site-packages/airflow/example_dags/example_task_group.py for tasks to queue
[2022-10-09T07:00:41.389+0000] {logging_mixin.py:117} INFO - [2022-10-09T07:00:41.389+0000] {dagbag.py:525} INFO - Filling up the DagBag from /home/airflow/.local/lib/python3.7/site-packages/airflow/example_dags/example_task_group.py
[2022-10-09T07:00:41.399+0000] {processor.py:768} INFO - DAG(s) dict_keys(['example_task_group']) retrieved from /home/airflow/.local/lib/python3.7/site-packages/airflow/example_dags/example_task_group.py
[2022-10-09T07:00:41.423+0000] {logging_mixin.py:117} INFO - [2022-10-09T07:00:41.422+0000] {dag.py:2573} INFO - Sync 1 DAGs
[2022-10-09T07:00:41.444+0000] {logging_mixin.py:117} INFO - [2022-10-09T07:00:41.443+0000] {dag.py:3328} INFO - Setting next_dagrun for example_task_group to 2022-10-08T07:00:41.443754+00:00, run_after=2022-10-09T07:00:41.443754+00:00
[2022-10-09T07:00:41.462+0000] {processor.py:178} INFO - Processing /home/airflow/.local/lib/python3.7/site-packages/airflow/example_dags/example_task_group.py took 0.077 seconds
[2022-10-09T07:01:11.755+0000] {processor.py:156} INFO - Started process (PID=1258) to work on /home/airflow/.local/lib/python3.7/site-packages/airflow/example_dags/example_task_group.py
[2022-10-09T07:01:11.757+0000] {processor.py:758} INFO - Processing file /home/airflow/.local/lib/python3.7/site-packages/airflow/example_dags/example_task_group.py for tasks to queue
[2022-10-09T07:01:11.758+0000] {logging_mixin.py:117} INFO - [2022-10-09T07:01:11.758+0000] {dagbag.py:525} INFO - Filling up the DagBag from /home/airflow/.local/lib/python3.7/site-packages/airflow/example_dags/example_task_group.py
[2022-10-09T07:01:11.769+0000] {processor.py:768} INFO - DAG(s) dict_keys(['example_task_group']) retrieved from /home/airflow/.local/lib/python3.7/site-packages/airflow/example_dags/example_task_group.py
[2022-10-09T07:01:11.795+0000] {logging_mixin.py:117} INFO - [2022-10-09T07:01:11.795+0000] {dag.py:2573} INFO - Sync 1 DAGs
[2022-10-09T07:01:11.811+0000] {logging_mixin.py:117} INFO - [2022-10-09T07:01:11.811+0000] {dag.py:3328} INFO - Setting next_dagrun for example_task_group to 2022-10-08T07:01:11.811173+00:00, run_after=2022-10-09T07:01:11.811173+00:00
[2022-10-09T07:01:11.822+0000] {processor.py:178} INFO - Processing /home/airflow/.local/lib/python3.7/site-packages/airflow/example_dags/example_task_group.py took 0.069 seconds
[2022-10-09T07:01:41.912+0000] {processor.py:156} INFO - Started process (PID=1321) to work on /home/airflow/.local/lib/python3.7/site-packages/airflow/example_dags/example_task_group.py
[2022-10-09T07:01:41.914+0000] {processor.py:758} INFO - Processing file /home/airflow/.local/lib/python3.7/site-packages/airflow/example_dags/example_task_group.py for tasks to queue
[2022-10-09T07:01:41.916+0000] {logging_mixin.py:117} INFO - [2022-10-09T07:01:41.916+0000] {dagbag.py:525} INFO - Filling up the DagBag from /home/airflow/.local/lib/python3.7/site-packages/airflow/example_dags/example_task_group.py
[2022-10-09T07:01:41.927+0000] {processor.py:768} INFO - DAG(s) dict_keys(['example_task_group']) retrieved from /home/airflow/.local/lib/python3.7/site-packages/airflow/example_dags/example_task_group.py
[2022-10-09T07:01:41.957+0000] {logging_mixin.py:117} INFO - [2022-10-09T07:01:41.957+0000] {dag.py:2573} INFO - Sync 1 DAGs
[2022-10-09T07:01:41.974+0000] {logging_mixin.py:117} INFO - [2022-10-09T07:01:41.974+0000] {dag.py:3328} INFO - Setting next_dagrun for example_task_group to 2022-10-08T07:01:41.974186+00:00, run_after=2022-10-09T07:01:41.974186+00:00
[2022-10-09T07:01:41.992+0000] {processor.py:178} INFO - Processing /home/airflow/.local/lib/python3.7/site-packages/airflow/example_dags/example_task_group.py took 0.082 seconds
[2022-10-09T07:02:12.202+0000] {processor.py:156} INFO - Started process (PID=1384) to work on /home/airflow/.local/lib/python3.7/site-packages/airflow/example_dags/example_task_group.py
[2022-10-09T07:02:12.204+0000] {processor.py:758} INFO - Processing file /home/airflow/.local/lib/python3.7/site-packages/airflow/example_dags/example_task_group.py for tasks to queue
[2022-10-09T07:02:12.205+0000] {logging_mixin.py:117} INFO - [2022-10-09T07:02:12.205+0000] {dagbag.py:525} INFO - Filling up the DagBag from /home/airflow/.local/lib/python3.7/site-packages/airflow/example_dags/example_task_group.py
[2022-10-09T07:02:12.218+0000] {processor.py:768} INFO - DAG(s) dict_keys(['example_task_group']) retrieved from /home/airflow/.local/lib/python3.7/site-packages/airflow/example_dags/example_task_group.py
[2022-10-09T07:02:12.246+0000] {logging_mixin.py:117} INFO - [2022-10-09T07:02:12.246+0000] {dag.py:2573} INFO - Sync 1 DAGs
[2022-10-09T07:02:12.261+0000] {logging_mixin.py:117} INFO - [2022-10-09T07:02:12.261+0000] {dag.py:3328} INFO - Setting next_dagrun for example_task_group to 2022-10-08T07:02:12.261133+00:00, run_after=2022-10-09T07:02:12.261133+00:00
[2022-10-09T07:02:12.273+0000] {processor.py:178} INFO - Processing /home/airflow/.local/lib/python3.7/site-packages/airflow/example_dags/example_task_group.py took 0.073 seconds
[2022-10-09T07:02:42.488+0000] {processor.py:156} INFO - Started process (PID=1447) to work on /home/airflow/.local/lib/python3.7/site-packages/airflow/example_dags/example_task_group.py
[2022-10-09T07:02:42.492+0000] {processor.py:758} INFO - Processing file /home/airflow/.local/lib/python3.7/site-packages/airflow/example_dags/example_task_group.py for tasks to queue
[2022-10-09T07:02:42.493+0000] {logging_mixin.py:117} INFO - [2022-10-09T07:02:42.493+0000] {dagbag.py:525} INFO - Filling up the DagBag from /home/airflow/.local/lib/python3.7/site-packages/airflow/example_dags/example_task_group.py
[2022-10-09T07:02:42.506+0000] {processor.py:768} INFO - DAG(s) dict_keys(['example_task_group']) retrieved from /home/airflow/.local/lib/python3.7/site-packages/airflow/example_dags/example_task_group.py
[2022-10-09T07:02:42.544+0000] {logging_mixin.py:117} INFO - [2022-10-09T07:02:42.544+0000] {dag.py:2573} INFO - Sync 1 DAGs
[2022-10-09T07:02:42.563+0000] {logging_mixin.py:117} INFO - [2022-10-09T07:02:42.563+0000] {dag.py:3328} INFO - Setting next_dagrun for example_task_group to 2022-10-08T07:02:42.563082+00:00, run_after=2022-10-09T07:02:42.563082+00:00
[2022-10-09T07:02:42.577+0000] {processor.py:178} INFO - Processing /home/airflow/.local/lib/python3.7/site-packages/airflow/example_dags/example_task_group.py took 0.092 seconds
[2022-10-09T07:03:13.338+0000] {processor.py:156} INFO - Started process (PID=1501) to work on /home/airflow/.local/lib/python3.7/site-packages/airflow/example_dags/example_task_group.py
[2022-10-09T07:03:13.340+0000] {processor.py:758} INFO - Processing file /home/airflow/.local/lib/python3.7/site-packages/airflow/example_dags/example_task_group.py for tasks to queue
[2022-10-09T07:03:13.342+0000] {logging_mixin.py:117} INFO - [2022-10-09T07:03:13.341+0000] {dagbag.py:525} INFO - Filling up the DagBag from /home/airflow/.local/lib/python3.7/site-packages/airflow/example_dags/example_task_group.py
[2022-10-09T07:03:13.355+0000] {processor.py:768} INFO - DAG(s) dict_keys(['example_task_group']) retrieved from /home/airflow/.local/lib/python3.7/site-packages/airflow/example_dags/example_task_group.py
[2022-10-09T07:03:13.383+0000] {logging_mixin.py:117} INFO - [2022-10-09T07:03:13.383+0000] {dag.py:2573} INFO - Sync 1 DAGs
[2022-10-09T07:03:13.399+0000] {logging_mixin.py:117} INFO - [2022-10-09T07:03:13.399+0000] {dag.py:3328} INFO - Setting next_dagrun for example_task_group to 2022-10-08T07:03:13.399135+00:00, run_after=2022-10-09T07:03:13.399135+00:00
[2022-10-09T07:03:13.412+0000] {processor.py:178} INFO - Processing /home/airflow/.local/lib/python3.7/site-packages/airflow/example_dags/example_task_group.py took 0.076 seconds
[2022-10-09T07:03:43.507+0000] {processor.py:156} INFO - Started process (PID=1564) to work on /home/airflow/.local/lib/python3.7/site-packages/airflow/example_dags/example_task_group.py
[2022-10-09T07:03:43.509+0000] {processor.py:758} INFO - Processing file /home/airflow/.local/lib/python3.7/site-packages/airflow/example_dags/example_task_group.py for tasks to queue
[2022-10-09T07:03:43.510+0000] {logging_mixin.py:117} INFO - [2022-10-09T07:03:43.509+0000] {dagbag.py:525} INFO - Filling up the DagBag from /home/airflow/.local/lib/python3.7/site-packages/airflow/example_dags/example_task_group.py
[2022-10-09T07:03:43.519+0000] {processor.py:768} INFO - DAG(s) dict_keys(['example_task_group']) retrieved from /home/airflow/.local/lib/python3.7/site-packages/airflow/example_dags/example_task_group.py
[2022-10-09T07:03:43.543+0000] {logging_mixin.py:117} INFO - [2022-10-09T07:03:43.543+0000] {dag.py:2573} INFO - Sync 1 DAGs
[2022-10-09T07:03:43.557+0000] {logging_mixin.py:117} INFO - [2022-10-09T07:03:43.557+0000] {dag.py:3328} INFO - Setting next_dagrun for example_task_group to 2022-10-08T07:03:43.557060+00:00, run_after=2022-10-09T07:03:43.557060+00:00
[2022-10-09T07:03:43.568+0000] {processor.py:178} INFO - Processing /home/airflow/.local/lib/python3.7/site-packages/airflow/example_dags/example_task_group.py took 0.063 seconds
[2022-10-09T07:04:13.670+0000] {processor.py:156} INFO - Started process (PID=1626) to work on /home/airflow/.local/lib/python3.7/site-packages/airflow/example_dags/example_task_group.py
[2022-10-09T07:04:13.671+0000] {processor.py:758} INFO - Processing file /home/airflow/.local/lib/python3.7/site-packages/airflow/example_dags/example_task_group.py for tasks to queue
[2022-10-09T07:04:13.672+0000] {logging_mixin.py:117} INFO - [2022-10-09T07:04:13.672+0000] {dagbag.py:525} INFO - Filling up the DagBag from /home/airflow/.local/lib/python3.7/site-packages/airflow/example_dags/example_task_group.py
[2022-10-09T07:04:13.684+0000] {processor.py:768} INFO - DAG(s) dict_keys(['example_task_group']) retrieved from /home/airflow/.local/lib/python3.7/site-packages/airflow/example_dags/example_task_group.py
[2022-10-09T07:04:13.717+0000] {logging_mixin.py:117} INFO - [2022-10-09T07:04:13.717+0000] {dag.py:2573} INFO - Sync 1 DAGs
[2022-10-09T07:04:13.733+0000] {logging_mixin.py:117} INFO - [2022-10-09T07:04:13.733+0000] {dag.py:3328} INFO - Setting next_dagrun for example_task_group to 2022-10-08T07:04:13.733087+00:00, run_after=2022-10-09T07:04:13.733087+00:00
[2022-10-09T07:04:13.750+0000] {processor.py:178} INFO - Processing /home/airflow/.local/lib/python3.7/site-packages/airflow/example_dags/example_task_group.py took 0.082 seconds
[2022-10-09T07:04:44.440+0000] {processor.py:156} INFO - Started process (PID=1689) to work on /home/airflow/.local/lib/python3.7/site-packages/airflow/example_dags/example_task_group.py
[2022-10-09T07:04:44.443+0000] {processor.py:758} INFO - Processing file /home/airflow/.local/lib/python3.7/site-packages/airflow/example_dags/example_task_group.py for tasks to queue
[2022-10-09T07:04:44.444+0000] {logging_mixin.py:117} INFO - [2022-10-09T07:04:44.444+0000] {dagbag.py:525} INFO - Filling up the DagBag from /home/airflow/.local/lib/python3.7/site-packages/airflow/example_dags/example_task_group.py
[2022-10-09T07:04:44.458+0000] {processor.py:768} INFO - DAG(s) dict_keys(['example_task_group']) retrieved from /home/airflow/.local/lib/python3.7/site-packages/airflow/example_dags/example_task_group.py
[2022-10-09T07:04:44.509+0000] {logging_mixin.py:117} INFO - [2022-10-09T07:04:44.509+0000] {dag.py:2573} INFO - Sync 1 DAGs
[2022-10-09T07:04:44.536+0000] {logging_mixin.py:117} INFO - [2022-10-09T07:04:44.535+0000] {dag.py:3328} INFO - Setting next_dagrun for example_task_group to 2022-10-08T07:04:44.535802+00:00, run_after=2022-10-09T07:04:44.535802+00:00
[2022-10-09T07:04:44.555+0000] {processor.py:178} INFO - Processing /home/airflow/.local/lib/python3.7/site-packages/airflow/example_dags/example_task_group.py took 0.118 seconds
[2022-10-09T07:05:15.116+0000] {processor.py:156} INFO - Started process (PID=1752) to work on /home/airflow/.local/lib/python3.7/site-packages/airflow/example_dags/example_task_group.py
[2022-10-09T07:05:15.118+0000] {processor.py:758} INFO - Processing file /home/airflow/.local/lib/python3.7/site-packages/airflow/example_dags/example_task_group.py for tasks to queue
[2022-10-09T07:05:15.119+0000] {logging_mixin.py:117} INFO - [2022-10-09T07:05:15.119+0000] {dagbag.py:525} INFO - Filling up the DagBag from /home/airflow/.local/lib/python3.7/site-packages/airflow/example_dags/example_task_group.py
[2022-10-09T07:05:15.132+0000] {processor.py:768} INFO - DAG(s) dict_keys(['example_task_group']) retrieved from /home/airflow/.local/lib/python3.7/site-packages/airflow/example_dags/example_task_group.py
[2022-10-09T07:05:15.161+0000] {logging_mixin.py:117} INFO - [2022-10-09T07:05:15.161+0000] {dag.py:2573} INFO - Sync 1 DAGs
[2022-10-09T07:05:15.176+0000] {logging_mixin.py:117} INFO - [2022-10-09T07:05:15.176+0000] {dag.py:3328} INFO - Setting next_dagrun for example_task_group to 2022-10-08T07:05:15.176765+00:00, run_after=2022-10-09T07:05:15.176765+00:00
[2022-10-09T07:05:15.189+0000] {processor.py:178} INFO - Processing /home/airflow/.local/lib/python3.7/site-packages/airflow/example_dags/example_task_group.py took 0.075 seconds
[2022-10-09T07:05:45.528+0000] {processor.py:156} INFO - Started process (PID=1806) to work on /home/airflow/.local/lib/python3.7/site-packages/airflow/example_dags/example_task_group.py
[2022-10-09T07:05:45.530+0000] {processor.py:758} INFO - Processing file /home/airflow/.local/lib/python3.7/site-packages/airflow/example_dags/example_task_group.py for tasks to queue
[2022-10-09T07:05:45.531+0000] {logging_mixin.py:117} INFO - [2022-10-09T07:05:45.531+0000] {dagbag.py:525} INFO - Filling up the DagBag from /home/airflow/.local/lib/python3.7/site-packages/airflow/example_dags/example_task_group.py
[2022-10-09T07:05:45.542+0000] {processor.py:768} INFO - DAG(s) dict_keys(['example_task_group']) retrieved from /home/airflow/.local/lib/python3.7/site-packages/airflow/example_dags/example_task_group.py
[2022-10-09T07:05:45.569+0000] {logging_mixin.py:117} INFO - [2022-10-09T07:05:45.569+0000] {dag.py:2573} INFO - Sync 1 DAGs
[2022-10-09T07:05:45.584+0000] {logging_mixin.py:117} INFO - [2022-10-09T07:05:45.584+0000] {dag.py:3328} INFO - Setting next_dagrun for example_task_group to 2022-10-08T07:05:45.584144+00:00, run_after=2022-10-09T07:05:45.584144+00:00
[2022-10-09T07:05:45.595+0000] {processor.py:178} INFO - Processing /home/airflow/.local/lib/python3.7/site-packages/airflow/example_dags/example_task_group.py took 0.069 seconds
[2022-10-09T07:06:16.296+0000] {processor.py:156} INFO - Started process (PID=1869) to work on /home/airflow/.local/lib/python3.7/site-packages/airflow/example_dags/example_task_group.py
[2022-10-09T07:06:16.298+0000] {processor.py:758} INFO - Processing file /home/airflow/.local/lib/python3.7/site-packages/airflow/example_dags/example_task_group.py for tasks to queue
[2022-10-09T07:06:16.299+0000] {logging_mixin.py:117} INFO - [2022-10-09T07:06:16.299+0000] {dagbag.py:525} INFO - Filling up the DagBag from /home/airflow/.local/lib/python3.7/site-packages/airflow/example_dags/example_task_group.py
[2022-10-09T07:06:16.310+0000] {processor.py:768} INFO - DAG(s) dict_keys(['example_task_group']) retrieved from /home/airflow/.local/lib/python3.7/site-packages/airflow/example_dags/example_task_group.py
[2022-10-09T07:06:16.341+0000] {logging_mixin.py:117} INFO - [2022-10-09T07:06:16.341+0000] {dag.py:2573} INFO - Sync 1 DAGs
[2022-10-09T07:06:16.357+0000] {logging_mixin.py:117} INFO - [2022-10-09T07:06:16.356+0000] {dag.py:3328} INFO - Setting next_dagrun for example_task_group to 2022-10-08T07:06:16.356794+00:00, run_after=2022-10-09T07:06:16.356794+00:00
[2022-10-09T07:06:16.369+0000] {processor.py:178} INFO - Processing /home/airflow/.local/lib/python3.7/site-packages/airflow/example_dags/example_task_group.py took 0.075 seconds
[2022-10-09T07:06:46.406+0000] {processor.py:156} INFO - Started process (PID=1931) to work on /home/airflow/.local/lib/python3.7/site-packages/airflow/example_dags/example_task_group.py
[2022-10-09T07:06:46.408+0000] {processor.py:758} INFO - Processing file /home/airflow/.local/lib/python3.7/site-packages/airflow/example_dags/example_task_group.py for tasks to queue
[2022-10-09T07:06:46.409+0000] {logging_mixin.py:117} INFO - [2022-10-09T07:06:46.409+0000] {dagbag.py:525} INFO - Filling up the DagBag from /home/airflow/.local/lib/python3.7/site-packages/airflow/example_dags/example_task_group.py
[2022-10-09T07:06:46.419+0000] {processor.py:768} INFO - DAG(s) dict_keys(['example_task_group']) retrieved from /home/airflow/.local/lib/python3.7/site-packages/airflow/example_dags/example_task_group.py
[2022-10-09T07:06:46.442+0000] {logging_mixin.py:117} INFO - [2022-10-09T07:06:46.442+0000] {dag.py:2573} INFO - Sync 1 DAGs
[2022-10-09T07:06:46.458+0000] {logging_mixin.py:117} INFO - [2022-10-09T07:06:46.458+0000] {dag.py:3328} INFO - Setting next_dagrun for example_task_group to 2022-10-08T07:06:46.457884+00:00, run_after=2022-10-09T07:06:46.457884+00:00
[2022-10-09T07:06:46.469+0000] {processor.py:178} INFO - Processing /home/airflow/.local/lib/python3.7/site-packages/airflow/example_dags/example_task_group.py took 0.066 seconds
[2022-10-09T07:07:16.598+0000] {processor.py:156} INFO - Started process (PID=1995) to work on /home/airflow/.local/lib/python3.7/site-packages/airflow/example_dags/example_task_group.py
[2022-10-09T07:07:16.600+0000] {processor.py:758} INFO - Processing file /home/airflow/.local/lib/python3.7/site-packages/airflow/example_dags/example_task_group.py for tasks to queue
[2022-10-09T07:07:16.601+0000] {logging_mixin.py:117} INFO - [2022-10-09T07:07:16.601+0000] {dagbag.py:525} INFO - Filling up the DagBag from /home/airflow/.local/lib/python3.7/site-packages/airflow/example_dags/example_task_group.py
[2022-10-09T07:07:16.610+0000] {processor.py:768} INFO - DAG(s) dict_keys(['example_task_group']) retrieved from /home/airflow/.local/lib/python3.7/site-packages/airflow/example_dags/example_task_group.py
[2022-10-09T07:07:16.637+0000] {logging_mixin.py:117} INFO - [2022-10-09T07:07:16.637+0000] {dag.py:2573} INFO - Sync 1 DAGs
[2022-10-09T07:07:16.651+0000] {logging_mixin.py:117} INFO - [2022-10-09T07:07:16.651+0000] {dag.py:3328} INFO - Setting next_dagrun for example_task_group to 2022-10-08T07:07:16.651130+00:00, run_after=2022-10-09T07:07:16.651130+00:00
[2022-10-09T07:07:16.662+0000] {processor.py:178} INFO - Processing /home/airflow/.local/lib/python3.7/site-packages/airflow/example_dags/example_task_group.py took 0.066 seconds
[2022-10-09T07:07:47.359+0000] {processor.py:156} INFO - Started process (PID=2060) to work on /home/airflow/.local/lib/python3.7/site-packages/airflow/example_dags/example_task_group.py
[2022-10-09T07:07:47.361+0000] {processor.py:758} INFO - Processing file /home/airflow/.local/lib/python3.7/site-packages/airflow/example_dags/example_task_group.py for tasks to queue
[2022-10-09T07:07:47.362+0000] {logging_mixin.py:117} INFO - [2022-10-09T07:07:47.362+0000] {dagbag.py:525} INFO - Filling up the DagBag from /home/airflow/.local/lib/python3.7/site-packages/airflow/example_dags/example_task_group.py
[2022-10-09T07:07:47.372+0000] {processor.py:768} INFO - DAG(s) dict_keys(['example_task_group']) retrieved from /home/airflow/.local/lib/python3.7/site-packages/airflow/example_dags/example_task_group.py
[2022-10-09T07:07:47.400+0000] {logging_mixin.py:117} INFO - [2022-10-09T07:07:47.400+0000] {dag.py:2573} INFO - Sync 1 DAGs
[2022-10-09T07:07:47.416+0000] {logging_mixin.py:117} INFO - [2022-10-09T07:07:47.415+0000] {dag.py:3328} INFO - Setting next_dagrun for example_task_group to 2022-10-08T07:07:47.415725+00:00, run_after=2022-10-09T07:07:47.415725+00:00
[2022-10-09T07:07:47.432+0000] {processor.py:178} INFO - Processing /home/airflow/.local/lib/python3.7/site-packages/airflow/example_dags/example_task_group.py took 0.076 seconds
[2022-10-09T07:08:17.667+0000] {processor.py:156} INFO - Started process (PID=2115) to work on /home/airflow/.local/lib/python3.7/site-packages/airflow/example_dags/example_task_group.py
[2022-10-09T07:08:17.669+0000] {processor.py:758} INFO - Processing file /home/airflow/.local/lib/python3.7/site-packages/airflow/example_dags/example_task_group.py for tasks to queue
[2022-10-09T07:08:17.670+0000] {logging_mixin.py:117} INFO - [2022-10-09T07:08:17.669+0000] {dagbag.py:525} INFO - Filling up the DagBag from /home/airflow/.local/lib/python3.7/site-packages/airflow/example_dags/example_task_group.py
[2022-10-09T07:08:17.680+0000] {processor.py:768} INFO - DAG(s) dict_keys(['example_task_group']) retrieved from /home/airflow/.local/lib/python3.7/site-packages/airflow/example_dags/example_task_group.py
[2022-10-09T07:08:17.705+0000] {logging_mixin.py:117} INFO - [2022-10-09T07:08:17.705+0000] {dag.py:2573} INFO - Sync 1 DAGs
[2022-10-09T07:08:17.720+0000] {logging_mixin.py:117} INFO - [2022-10-09T07:08:17.720+0000] {dag.py:3328} INFO - Setting next_dagrun for example_task_group to 2022-10-08T07:08:17.720585+00:00, run_after=2022-10-09T07:08:17.720585+00:00
[2022-10-09T07:08:17.731+0000] {processor.py:178} INFO - Processing /home/airflow/.local/lib/python3.7/site-packages/airflow/example_dags/example_task_group.py took 0.067 seconds
[2022-10-09T07:08:48.114+0000] {processor.py:156} INFO - Started process (PID=2178) to work on /home/airflow/.local/lib/python3.7/site-packages/airflow/example_dags/example_task_group.py
[2022-10-09T07:08:48.115+0000] {processor.py:758} INFO - Processing file /home/airflow/.local/lib/python3.7/site-packages/airflow/example_dags/example_task_group.py for tasks to queue
[2022-10-09T07:08:48.116+0000] {logging_mixin.py:117} INFO - [2022-10-09T07:08:48.116+0000] {dagbag.py:525} INFO - Filling up the DagBag from /home/airflow/.local/lib/python3.7/site-packages/airflow/example_dags/example_task_group.py
[2022-10-09T07:08:48.127+0000] {processor.py:768} INFO - DAG(s) dict_keys(['example_task_group']) retrieved from /home/airflow/.local/lib/python3.7/site-packages/airflow/example_dags/example_task_group.py
[2022-10-09T07:08:48.152+0000] {logging_mixin.py:117} INFO - [2022-10-09T07:08:48.152+0000] {dag.py:2573} INFO - Sync 1 DAGs
[2022-10-09T07:08:48.167+0000] {logging_mixin.py:117} INFO - [2022-10-09T07:08:48.167+0000] {dag.py:3328} INFO - Setting next_dagrun for example_task_group to 2022-10-08T07:08:48.167357+00:00, run_after=2022-10-09T07:08:48.167357+00:00
[2022-10-09T07:08:48.178+0000] {processor.py:178} INFO - Processing /home/airflow/.local/lib/python3.7/site-packages/airflow/example_dags/example_task_group.py took 0.067 seconds
[2022-10-09T07:09:18.383+0000] {processor.py:156} INFO - Started process (PID=2242) to work on /home/airflow/.local/lib/python3.7/site-packages/airflow/example_dags/example_task_group.py
[2022-10-09T07:09:18.385+0000] {processor.py:758} INFO - Processing file /home/airflow/.local/lib/python3.7/site-packages/airflow/example_dags/example_task_group.py for tasks to queue
[2022-10-09T07:09:18.386+0000] {logging_mixin.py:117} INFO - [2022-10-09T07:09:18.386+0000] {dagbag.py:525} INFO - Filling up the DagBag from /home/airflow/.local/lib/python3.7/site-packages/airflow/example_dags/example_task_group.py
[2022-10-09T07:09:18.398+0000] {processor.py:768} INFO - DAG(s) dict_keys(['example_task_group']) retrieved from /home/airflow/.local/lib/python3.7/site-packages/airflow/example_dags/example_task_group.py
[2022-10-09T07:09:18.424+0000] {logging_mixin.py:117} INFO - [2022-10-09T07:09:18.424+0000] {dag.py:2573} INFO - Sync 1 DAGs
[2022-10-09T07:09:18.438+0000] {logging_mixin.py:117} INFO - [2022-10-09T07:09:18.438+0000] {dag.py:3328} INFO - Setting next_dagrun for example_task_group to 2022-10-08T07:09:18.438390+00:00, run_after=2022-10-09T07:09:18.438390+00:00
[2022-10-09T07:09:18.453+0000] {processor.py:178} INFO - Processing /home/airflow/.local/lib/python3.7/site-packages/airflow/example_dags/example_task_group.py took 0.073 seconds
[2022-10-09T07:09:48.707+0000] {processor.py:156} INFO - Started process (PID=2304) to work on /home/airflow/.local/lib/python3.7/site-packages/airflow/example_dags/example_task_group.py
[2022-10-09T07:09:48.709+0000] {processor.py:758} INFO - Processing file /home/airflow/.local/lib/python3.7/site-packages/airflow/example_dags/example_task_group.py for tasks to queue
[2022-10-09T07:09:48.711+0000] {logging_mixin.py:117} INFO - [2022-10-09T07:09:48.711+0000] {dagbag.py:525} INFO - Filling up the DagBag from /home/airflow/.local/lib/python3.7/site-packages/airflow/example_dags/example_task_group.py
[2022-10-09T07:09:48.721+0000] {processor.py:768} INFO - DAG(s) dict_keys(['example_task_group']) retrieved from /home/airflow/.local/lib/python3.7/site-packages/airflow/example_dags/example_task_group.py
[2022-10-09T07:09:48.746+0000] {logging_mixin.py:117} INFO - [2022-10-09T07:09:48.746+0000] {dag.py:2573} INFO - Sync 1 DAGs
[2022-10-09T07:09:48.760+0000] {logging_mixin.py:117} INFO - [2022-10-09T07:09:48.760+0000] {dag.py:3328} INFO - Setting next_dagrun for example_task_group to 2022-10-08T07:09:48.760157+00:00, run_after=2022-10-09T07:09:48.760157+00:00
[2022-10-09T07:09:48.771+0000] {processor.py:178} INFO - Processing /home/airflow/.local/lib/python3.7/site-packages/airflow/example_dags/example_task_group.py took 0.066 seconds
[2022-10-09T07:10:19.231+0000] {processor.py:156} INFO - Started process (PID=2366) to work on /home/airflow/.local/lib/python3.7/site-packages/airflow/example_dags/example_task_group.py
[2022-10-09T07:10:19.232+0000] {processor.py:758} INFO - Processing file /home/airflow/.local/lib/python3.7/site-packages/airflow/example_dags/example_task_group.py for tasks to queue
[2022-10-09T07:10:19.233+0000] {logging_mixin.py:117} INFO - [2022-10-09T07:10:19.233+0000] {dagbag.py:525} INFO - Filling up the DagBag from /home/airflow/.local/lib/python3.7/site-packages/airflow/example_dags/example_task_group.py
[2022-10-09T07:10:19.245+0000] {processor.py:768} INFO - DAG(s) dict_keys(['example_task_group']) retrieved from /home/airflow/.local/lib/python3.7/site-packages/airflow/example_dags/example_task_group.py
[2022-10-09T07:10:19.272+0000] {logging_mixin.py:117} INFO - [2022-10-09T07:10:19.272+0000] {dag.py:2573} INFO - Sync 1 DAGs
[2022-10-09T07:10:19.288+0000] {logging_mixin.py:117} INFO - [2022-10-09T07:10:19.287+0000] {dag.py:3328} INFO - Setting next_dagrun for example_task_group to 2022-10-08T07:10:19.287777+00:00, run_after=2022-10-09T07:10:19.287777+00:00
[2022-10-09T07:10:19.300+0000] {processor.py:178} INFO - Processing /home/airflow/.local/lib/python3.7/site-packages/airflow/example_dags/example_task_group.py took 0.072 seconds
[2022-10-09T07:10:49.851+0000] {processor.py:156} INFO - Started process (PID=2429) to work on /home/airflow/.local/lib/python3.7/site-packages/airflow/example_dags/example_task_group.py
[2022-10-09T07:10:49.856+0000] {processor.py:758} INFO - Processing file /home/airflow/.local/lib/python3.7/site-packages/airflow/example_dags/example_task_group.py for tasks to queue
[2022-10-09T07:10:49.859+0000] {logging_mixin.py:117} INFO - [2022-10-09T07:10:49.859+0000] {dagbag.py:525} INFO - Filling up the DagBag from /home/airflow/.local/lib/python3.7/site-packages/airflow/example_dags/example_task_group.py
[2022-10-09T07:10:49.887+0000] {processor.py:768} INFO - DAG(s) dict_keys(['example_task_group']) retrieved from /home/airflow/.local/lib/python3.7/site-packages/airflow/example_dags/example_task_group.py
[2022-10-09T07:10:49.920+0000] {logging_mixin.py:117} INFO - [2022-10-09T07:10:49.920+0000] {dag.py:2573} INFO - Sync 1 DAGs
[2022-10-09T07:10:49.952+0000] {logging_mixin.py:117} INFO - [2022-10-09T07:10:49.951+0000] {dag.py:3328} INFO - Setting next_dagrun for example_task_group to 2022-10-08T07:10:49.951736+00:00, run_after=2022-10-09T07:10:49.951736+00:00
[2022-10-09T07:10:49.974+0000] {processor.py:178} INFO - Processing /home/airflow/.local/lib/python3.7/site-packages/airflow/example_dags/example_task_group.py took 0.127 seconds
[2022-10-09T07:11:20.293+0000] {processor.py:156} INFO - Started process (PID=2483) to work on /home/airflow/.local/lib/python3.7/site-packages/airflow/example_dags/example_task_group.py
[2022-10-09T07:11:20.294+0000] {processor.py:758} INFO - Processing file /home/airflow/.local/lib/python3.7/site-packages/airflow/example_dags/example_task_group.py for tasks to queue
[2022-10-09T07:11:20.295+0000] {logging_mixin.py:117} INFO - [2022-10-09T07:11:20.295+0000] {dagbag.py:525} INFO - Filling up the DagBag from /home/airflow/.local/lib/python3.7/site-packages/airflow/example_dags/example_task_group.py
[2022-10-09T07:11:20.305+0000] {processor.py:768} INFO - DAG(s) dict_keys(['example_task_group']) retrieved from /home/airflow/.local/lib/python3.7/site-packages/airflow/example_dags/example_task_group.py
[2022-10-09T07:11:20.329+0000] {logging_mixin.py:117} INFO - [2022-10-09T07:11:20.329+0000] {dag.py:2573} INFO - Sync 1 DAGs
[2022-10-09T07:11:20.343+0000] {logging_mixin.py:117} INFO - [2022-10-09T07:11:20.343+0000] {dag.py:3328} INFO - Setting next_dagrun for example_task_group to 2022-10-08T07:11:20.343540+00:00, run_after=2022-10-09T07:11:20.343540+00:00
[2022-10-09T07:11:20.355+0000] {processor.py:178} INFO - Processing /home/airflow/.local/lib/python3.7/site-packages/airflow/example_dags/example_task_group.py took 0.064 seconds
[2022-10-09T07:11:50.842+0000] {processor.py:156} INFO - Started process (PID=2546) to work on /home/airflow/.local/lib/python3.7/site-packages/airflow/example_dags/example_task_group.py
[2022-10-09T07:11:50.843+0000] {processor.py:758} INFO - Processing file /home/airflow/.local/lib/python3.7/site-packages/airflow/example_dags/example_task_group.py for tasks to queue
[2022-10-09T07:11:50.844+0000] {logging_mixin.py:117} INFO - [2022-10-09T07:11:50.844+0000] {dagbag.py:525} INFO - Filling up the DagBag from /home/airflow/.local/lib/python3.7/site-packages/airflow/example_dags/example_task_group.py
[2022-10-09T07:11:50.855+0000] {processor.py:768} INFO - DAG(s) dict_keys(['example_task_group']) retrieved from /home/airflow/.local/lib/python3.7/site-packages/airflow/example_dags/example_task_group.py
[2022-10-09T07:11:50.885+0000] {logging_mixin.py:117} INFO - [2022-10-09T07:11:50.885+0000] {dag.py:2573} INFO - Sync 1 DAGs
[2022-10-09T07:11:50.902+0000] {logging_mixin.py:117} INFO - [2022-10-09T07:11:50.902+0000] {dag.py:3328} INFO - Setting next_dagrun for example_task_group to 2022-10-08T07:11:50.902005+00:00, run_after=2022-10-09T07:11:50.902005+00:00
[2022-10-09T07:11:50.914+0000] {processor.py:178} INFO - Processing /home/airflow/.local/lib/python3.7/site-packages/airflow/example_dags/example_task_group.py took 0.075 seconds
[2022-10-09T07:12:20.983+0000] {processor.py:156} INFO - Started process (PID=2609) to work on /home/airflow/.local/lib/python3.7/site-packages/airflow/example_dags/example_task_group.py
[2022-10-09T07:12:20.985+0000] {processor.py:758} INFO - Processing file /home/airflow/.local/lib/python3.7/site-packages/airflow/example_dags/example_task_group.py for tasks to queue
[2022-10-09T07:12:20.986+0000] {logging_mixin.py:117} INFO - [2022-10-09T07:12:20.986+0000] {dagbag.py:525} INFO - Filling up the DagBag from /home/airflow/.local/lib/python3.7/site-packages/airflow/example_dags/example_task_group.py
[2022-10-09T07:12:20.995+0000] {processor.py:768} INFO - DAG(s) dict_keys(['example_task_group']) retrieved from /home/airflow/.local/lib/python3.7/site-packages/airflow/example_dags/example_task_group.py
[2022-10-09T07:12:21.021+0000] {logging_mixin.py:117} INFO - [2022-10-09T07:12:21.021+0000] {dag.py:2573} INFO - Sync 1 DAGs
[2022-10-09T07:12:21.036+0000] {logging_mixin.py:117} INFO - [2022-10-09T07:12:21.036+0000] {dag.py:3328} INFO - Setting next_dagrun for example_task_group to 2022-10-08T07:12:21.035919+00:00, run_after=2022-10-09T07:12:21.035919+00:00
[2022-10-09T07:12:21.047+0000] {processor.py:178} INFO - Processing /home/airflow/.local/lib/python3.7/site-packages/airflow/example_dags/example_task_group.py took 0.066 seconds
[2022-10-09T07:12:51.355+0000] {processor.py:156} INFO - Started process (PID=2672) to work on /home/airflow/.local/lib/python3.7/site-packages/airflow/example_dags/example_task_group.py
[2022-10-09T07:12:51.357+0000] {processor.py:758} INFO - Processing file /home/airflow/.local/lib/python3.7/site-packages/airflow/example_dags/example_task_group.py for tasks to queue
[2022-10-09T07:12:51.358+0000] {logging_mixin.py:117} INFO - [2022-10-09T07:12:51.358+0000] {dagbag.py:525} INFO - Filling up the DagBag from /home/airflow/.local/lib/python3.7/site-packages/airflow/example_dags/example_task_group.py
[2022-10-09T07:12:51.370+0000] {processor.py:768} INFO - DAG(s) dict_keys(['example_task_group']) retrieved from /home/airflow/.local/lib/python3.7/site-packages/airflow/example_dags/example_task_group.py
[2022-10-09T07:12:51.397+0000] {logging_mixin.py:117} INFO - [2022-10-09T07:12:51.396+0000] {dag.py:2573} INFO - Sync 1 DAGs
[2022-10-09T07:12:51.415+0000] {logging_mixin.py:117} INFO - [2022-10-09T07:12:51.415+0000] {dag.py:3328} INFO - Setting next_dagrun for example_task_group to 2022-10-08T07:12:51.415329+00:00, run_after=2022-10-09T07:12:51.415329+00:00
[2022-10-09T07:12:51.434+0000] {processor.py:178} INFO - Processing /home/airflow/.local/lib/python3.7/site-packages/airflow/example_dags/example_task_group.py took 0.080 seconds
[2022-10-09T07:13:21.783+0000] {processor.py:156} INFO - Started process (PID=2736) to work on /home/airflow/.local/lib/python3.7/site-packages/airflow/example_dags/example_task_group.py
[2022-10-09T07:13:21.785+0000] {processor.py:758} INFO - Processing file /home/airflow/.local/lib/python3.7/site-packages/airflow/example_dags/example_task_group.py for tasks to queue
[2022-10-09T07:13:21.787+0000] {logging_mixin.py:117} INFO - [2022-10-09T07:13:21.787+0000] {dagbag.py:525} INFO - Filling up the DagBag from /home/airflow/.local/lib/python3.7/site-packages/airflow/example_dags/example_task_group.py
[2022-10-09T07:13:21.801+0000] {processor.py:768} INFO - DAG(s) dict_keys(['example_task_group']) retrieved from /home/airflow/.local/lib/python3.7/site-packages/airflow/example_dags/example_task_group.py
[2022-10-09T07:13:21.838+0000] {logging_mixin.py:117} INFO - [2022-10-09T07:13:21.838+0000] {dag.py:2573} INFO - Sync 1 DAGs
[2022-10-09T07:13:21.863+0000] {logging_mixin.py:117} INFO - [2022-10-09T07:13:21.862+0000] {dag.py:3328} INFO - Setting next_dagrun for example_task_group to 2022-10-08T07:13:21.862384+00:00, run_after=2022-10-09T07:13:21.862384+00:00
[2022-10-09T07:13:21.880+0000] {processor.py:178} INFO - Processing /home/airflow/.local/lib/python3.7/site-packages/airflow/example_dags/example_task_group.py took 0.099 seconds
[2022-10-09T07:13:52.154+0000] {processor.py:156} INFO - Started process (PID=2789) to work on /home/airflow/.local/lib/python3.7/site-packages/airflow/example_dags/example_task_group.py
[2022-10-09T07:13:52.156+0000] {processor.py:758} INFO - Processing file /home/airflow/.local/lib/python3.7/site-packages/airflow/example_dags/example_task_group.py for tasks to queue
[2022-10-09T07:13:52.156+0000] {logging_mixin.py:117} INFO - [2022-10-09T07:13:52.156+0000] {dagbag.py:525} INFO - Filling up the DagBag from /home/airflow/.local/lib/python3.7/site-packages/airflow/example_dags/example_task_group.py
[2022-10-09T07:13:52.168+0000] {processor.py:768} INFO - DAG(s) dict_keys(['example_task_group']) retrieved from /home/airflow/.local/lib/python3.7/site-packages/airflow/example_dags/example_task_group.py
[2022-10-09T07:13:52.196+0000] {logging_mixin.py:117} INFO - [2022-10-09T07:13:52.196+0000] {dag.py:2573} INFO - Sync 1 DAGs
[2022-10-09T07:13:52.212+0000] {logging_mixin.py:117} INFO - [2022-10-09T07:13:52.212+0000] {dag.py:3328} INFO - Setting next_dagrun for example_task_group to 2022-10-08T07:13:52.212140+00:00, run_after=2022-10-09T07:13:52.212140+00:00
[2022-10-09T07:13:52.225+0000] {processor.py:178} INFO - Processing /home/airflow/.local/lib/python3.7/site-packages/airflow/example_dags/example_task_group.py took 0.073 seconds
[2022-10-09T07:14:22.690+0000] {processor.py:156} INFO - Started process (PID=2851) to work on /home/airflow/.local/lib/python3.7/site-packages/airflow/example_dags/example_task_group.py
[2022-10-09T07:14:22.692+0000] {processor.py:758} INFO - Processing file /home/airflow/.local/lib/python3.7/site-packages/airflow/example_dags/example_task_group.py for tasks to queue
[2022-10-09T07:14:22.693+0000] {logging_mixin.py:117} INFO - [2022-10-09T07:14:22.693+0000] {dagbag.py:525} INFO - Filling up the DagBag from /home/airflow/.local/lib/python3.7/site-packages/airflow/example_dags/example_task_group.py
[2022-10-09T07:14:22.704+0000] {processor.py:768} INFO - DAG(s) dict_keys(['example_task_group']) retrieved from /home/airflow/.local/lib/python3.7/site-packages/airflow/example_dags/example_task_group.py
[2022-10-09T07:14:22.729+0000] {logging_mixin.py:117} INFO - [2022-10-09T07:14:22.729+0000] {dag.py:2573} INFO - Sync 1 DAGs
[2022-10-09T07:14:22.745+0000] {logging_mixin.py:117} INFO - [2022-10-09T07:14:22.745+0000] {dag.py:3328} INFO - Setting next_dagrun for example_task_group to 2022-10-08T07:14:22.745554+00:00, run_after=2022-10-09T07:14:22.745554+00:00
[2022-10-09T07:14:22.761+0000] {processor.py:178} INFO - Processing /home/airflow/.local/lib/python3.7/site-packages/airflow/example_dags/example_task_group.py took 0.072 seconds
[2022-10-09T07:14:52.996+0000] {processor.py:156} INFO - Started process (PID=2915) to work on /home/airflow/.local/lib/python3.7/site-packages/airflow/example_dags/example_task_group.py
[2022-10-09T07:14:52.998+0000] {processor.py:758} INFO - Processing file /home/airflow/.local/lib/python3.7/site-packages/airflow/example_dags/example_task_group.py for tasks to queue
[2022-10-09T07:14:52.999+0000] {logging_mixin.py:117} INFO - [2022-10-09T07:14:52.999+0000] {dagbag.py:525} INFO - Filling up the DagBag from /home/airflow/.local/lib/python3.7/site-packages/airflow/example_dags/example_task_group.py
[2022-10-09T07:14:53.012+0000] {processor.py:768} INFO - DAG(s) dict_keys(['example_task_group']) retrieved from /home/airflow/.local/lib/python3.7/site-packages/airflow/example_dags/example_task_group.py
[2022-10-09T07:14:53.042+0000] {logging_mixin.py:117} INFO - [2022-10-09T07:14:53.042+0000] {dag.py:2573} INFO - Sync 1 DAGs
[2022-10-09T07:14:53.066+0000] {logging_mixin.py:117} INFO - [2022-10-09T07:14:53.066+0000] {dag.py:3328} INFO - Setting next_dagrun for example_task_group to 2022-10-08T07:14:53.065694+00:00, run_after=2022-10-09T07:14:53.065694+00:00
[2022-10-09T07:14:53.086+0000] {processor.py:178} INFO - Processing /home/airflow/.local/lib/python3.7/site-packages/airflow/example_dags/example_task_group.py took 0.092 seconds
[2022-10-09T07:15:23.256+0000] {processor.py:156} INFO - Started process (PID=2978) to work on /home/airflow/.local/lib/python3.7/site-packages/airflow/example_dags/example_task_group.py
[2022-10-09T07:15:23.258+0000] {processor.py:758} INFO - Processing file /home/airflow/.local/lib/python3.7/site-packages/airflow/example_dags/example_task_group.py for tasks to queue
[2022-10-09T07:15:23.259+0000] {logging_mixin.py:117} INFO - [2022-10-09T07:15:23.259+0000] {dagbag.py:525} INFO - Filling up the DagBag from /home/airflow/.local/lib/python3.7/site-packages/airflow/example_dags/example_task_group.py
[2022-10-09T07:15:23.273+0000] {processor.py:768} INFO - DAG(s) dict_keys(['example_task_group']) retrieved from /home/airflow/.local/lib/python3.7/site-packages/airflow/example_dags/example_task_group.py
[2022-10-09T07:15:23.301+0000] {logging_mixin.py:117} INFO - [2022-10-09T07:15:23.301+0000] {dag.py:2573} INFO - Sync 1 DAGs
[2022-10-09T07:15:23.316+0000] {logging_mixin.py:117} INFO - [2022-10-09T07:15:23.316+0000] {dag.py:3328} INFO - Setting next_dagrun for example_task_group to 2022-10-08T07:15:23.316524+00:00, run_after=2022-10-09T07:15:23.316524+00:00
[2022-10-09T07:15:23.328+0000] {processor.py:178} INFO - Processing /home/airflow/.local/lib/python3.7/site-packages/airflow/example_dags/example_task_group.py took 0.074 seconds
[2022-10-09T07:15:53.623+0000] {processor.py:156} INFO - Started process (PID=3041) to work on /home/airflow/.local/lib/python3.7/site-packages/airflow/example_dags/example_task_group.py
[2022-10-09T07:15:53.625+0000] {processor.py:758} INFO - Processing file /home/airflow/.local/lib/python3.7/site-packages/airflow/example_dags/example_task_group.py for tasks to queue
[2022-10-09T07:15:53.626+0000] {logging_mixin.py:117} INFO - [2022-10-09T07:15:53.626+0000] {dagbag.py:525} INFO - Filling up the DagBag from /home/airflow/.local/lib/python3.7/site-packages/airflow/example_dags/example_task_group.py
[2022-10-09T07:15:53.636+0000] {processor.py:768} INFO - DAG(s) dict_keys(['example_task_group']) retrieved from /home/airflow/.local/lib/python3.7/site-packages/airflow/example_dags/example_task_group.py
[2022-10-09T07:15:53.660+0000] {logging_mixin.py:117} INFO - [2022-10-09T07:15:53.660+0000] {dag.py:2573} INFO - Sync 1 DAGs
[2022-10-09T07:15:53.674+0000] {logging_mixin.py:117} INFO - [2022-10-09T07:15:53.674+0000] {dag.py:3328} INFO - Setting next_dagrun for example_task_group to 2022-10-08T07:15:53.674156+00:00, run_after=2022-10-09T07:15:53.674156+00:00
[2022-10-09T07:15:53.684+0000] {processor.py:178} INFO - Processing /home/airflow/.local/lib/python3.7/site-packages/airflow/example_dags/example_task_group.py took 0.064 seconds
[2022-10-09T07:16:23.928+0000] {processor.py:156} INFO - Started process (PID=3095) to work on /home/airflow/.local/lib/python3.7/site-packages/airflow/example_dags/example_task_group.py
[2022-10-09T07:16:23.930+0000] {processor.py:758} INFO - Processing file /home/airflow/.local/lib/python3.7/site-packages/airflow/example_dags/example_task_group.py for tasks to queue
[2022-10-09T07:16:23.931+0000] {logging_mixin.py:117} INFO - [2022-10-09T07:16:23.931+0000] {dagbag.py:525} INFO - Filling up the DagBag from /home/airflow/.local/lib/python3.7/site-packages/airflow/example_dags/example_task_group.py
[2022-10-09T07:16:23.940+0000] {processor.py:768} INFO - DAG(s) dict_keys(['example_task_group']) retrieved from /home/airflow/.local/lib/python3.7/site-packages/airflow/example_dags/example_task_group.py
[2022-10-09T07:16:23.962+0000] {logging_mixin.py:117} INFO - [2022-10-09T07:16:23.962+0000] {dag.py:2573} INFO - Sync 1 DAGs
[2022-10-09T07:16:23.977+0000] {logging_mixin.py:117} INFO - [2022-10-09T07:16:23.976+0000] {dag.py:3328} INFO - Setting next_dagrun for example_task_group to 2022-10-08T07:16:23.976802+00:00, run_after=2022-10-09T07:16:23.976802+00:00
[2022-10-09T07:16:23.988+0000] {processor.py:178} INFO - Processing /home/airflow/.local/lib/python3.7/site-packages/airflow/example_dags/example_task_group.py took 0.062 seconds
[2022-10-09T07:16:54.242+0000] {processor.py:156} INFO - Started process (PID=3157) to work on /home/airflow/.local/lib/python3.7/site-packages/airflow/example_dags/example_task_group.py
[2022-10-09T07:16:54.243+0000] {processor.py:758} INFO - Processing file /home/airflow/.local/lib/python3.7/site-packages/airflow/example_dags/example_task_group.py for tasks to queue
[2022-10-09T07:16:54.244+0000] {logging_mixin.py:117} INFO - [2022-10-09T07:16:54.244+0000] {dagbag.py:525} INFO - Filling up the DagBag from /home/airflow/.local/lib/python3.7/site-packages/airflow/example_dags/example_task_group.py
[2022-10-09T07:16:54.254+0000] {processor.py:768} INFO - DAG(s) dict_keys(['example_task_group']) retrieved from /home/airflow/.local/lib/python3.7/site-packages/airflow/example_dags/example_task_group.py
[2022-10-09T07:16:54.280+0000] {logging_mixin.py:117} INFO - [2022-10-09T07:16:54.280+0000] {dag.py:2573} INFO - Sync 1 DAGs
[2022-10-09T07:16:54.297+0000] {logging_mixin.py:117} INFO - [2022-10-09T07:16:54.296+0000] {dag.py:3328} INFO - Setting next_dagrun for example_task_group to 2022-10-08T07:16:54.296819+00:00, run_after=2022-10-09T07:16:54.296819+00:00
[2022-10-09T07:16:54.309+0000] {processor.py:178} INFO - Processing /home/airflow/.local/lib/python3.7/site-packages/airflow/example_dags/example_task_group.py took 0.069 seconds
[2022-10-09T07:17:24.581+0000] {processor.py:156} INFO - Started process (PID=3220) to work on /home/airflow/.local/lib/python3.7/site-packages/airflow/example_dags/example_task_group.py
[2022-10-09T07:17:24.583+0000] {processor.py:758} INFO - Processing file /home/airflow/.local/lib/python3.7/site-packages/airflow/example_dags/example_task_group.py for tasks to queue
[2022-10-09T07:17:24.584+0000] {logging_mixin.py:117} INFO - [2022-10-09T07:17:24.584+0000] {dagbag.py:525} INFO - Filling up the DagBag from /home/airflow/.local/lib/python3.7/site-packages/airflow/example_dags/example_task_group.py
[2022-10-09T07:17:24.597+0000] {processor.py:768} INFO - DAG(s) dict_keys(['example_task_group']) retrieved from /home/airflow/.local/lib/python3.7/site-packages/airflow/example_dags/example_task_group.py
[2022-10-09T07:17:24.626+0000] {logging_mixin.py:117} INFO - [2022-10-09T07:17:24.626+0000] {dag.py:2573} INFO - Sync 1 DAGs
[2022-10-09T07:17:24.642+0000] {logging_mixin.py:117} INFO - [2022-10-09T07:17:24.642+0000] {dag.py:3328} INFO - Setting next_dagrun for example_task_group to 2022-10-08T07:17:24.642566+00:00, run_after=2022-10-09T07:17:24.642566+00:00
[2022-10-09T07:17:24.655+0000] {processor.py:178} INFO - Processing /home/airflow/.local/lib/python3.7/site-packages/airflow/example_dags/example_task_group.py took 0.078 seconds
[2022-10-09T07:17:55.250+0000] {processor.py:156} INFO - Started process (PID=3281) to work on /home/airflow/.local/lib/python3.7/site-packages/airflow/example_dags/example_task_group.py
[2022-10-09T07:17:55.251+0000] {processor.py:758} INFO - Processing file /home/airflow/.local/lib/python3.7/site-packages/airflow/example_dags/example_task_group.py for tasks to queue
[2022-10-09T07:17:55.252+0000] {logging_mixin.py:117} INFO - [2022-10-09T07:17:55.252+0000] {dagbag.py:525} INFO - Filling up the DagBag from /home/airflow/.local/lib/python3.7/site-packages/airflow/example_dags/example_task_group.py
[2022-10-09T07:17:55.264+0000] {processor.py:768} INFO - DAG(s) dict_keys(['example_task_group']) retrieved from /home/airflow/.local/lib/python3.7/site-packages/airflow/example_dags/example_task_group.py
[2022-10-09T07:17:55.292+0000] {logging_mixin.py:117} INFO - [2022-10-09T07:17:55.292+0000] {dag.py:2573} INFO - Sync 1 DAGs
[2022-10-09T07:17:55.307+0000] {logging_mixin.py:117} INFO - [2022-10-09T07:17:55.307+0000] {dag.py:3328} INFO - Setting next_dagrun for example_task_group to 2022-10-08T07:17:55.307424+00:00, run_after=2022-10-09T07:17:55.307424+00:00
[2022-10-09T07:17:55.323+0000] {processor.py:178} INFO - Processing /home/airflow/.local/lib/python3.7/site-packages/airflow/example_dags/example_task_group.py took 0.076 seconds
[2022-10-09T07:18:25.552+0000] {processor.py:156} INFO - Started process (PID=3344) to work on /home/airflow/.local/lib/python3.7/site-packages/airflow/example_dags/example_task_group.py
[2022-10-09T07:18:25.553+0000] {processor.py:758} INFO - Processing file /home/airflow/.local/lib/python3.7/site-packages/airflow/example_dags/example_task_group.py for tasks to queue
[2022-10-09T07:18:25.554+0000] {logging_mixin.py:117} INFO - [2022-10-09T07:18:25.554+0000] {dagbag.py:525} INFO - Filling up the DagBag from /home/airflow/.local/lib/python3.7/site-packages/airflow/example_dags/example_task_group.py
[2022-10-09T07:18:25.563+0000] {processor.py:768} INFO - DAG(s) dict_keys(['example_task_group']) retrieved from /home/airflow/.local/lib/python3.7/site-packages/airflow/example_dags/example_task_group.py
[2022-10-09T07:18:25.588+0000] {logging_mixin.py:117} INFO - [2022-10-09T07:18:25.587+0000] {dag.py:2573} INFO - Sync 1 DAGs
[2022-10-09T07:18:25.601+0000] {logging_mixin.py:117} INFO - [2022-10-09T07:18:25.601+0000] {dag.py:3328} INFO - Setting next_dagrun for example_task_group to 2022-10-08T07:18:25.601351+00:00, run_after=2022-10-09T07:18:25.601351+00:00
[2022-10-09T07:18:25.612+0000] {processor.py:178} INFO - Processing /home/airflow/.local/lib/python3.7/site-packages/airflow/example_dags/example_task_group.py took 0.062 seconds
[2022-10-09T07:18:56.106+0000] {processor.py:156} INFO - Started process (PID=3406) to work on /home/airflow/.local/lib/python3.7/site-packages/airflow/example_dags/example_task_group.py
[2022-10-09T07:18:56.107+0000] {processor.py:758} INFO - Processing file /home/airflow/.local/lib/python3.7/site-packages/airflow/example_dags/example_task_group.py for tasks to queue
[2022-10-09T07:18:56.109+0000] {logging_mixin.py:117} INFO - [2022-10-09T07:18:56.109+0000] {dagbag.py:525} INFO - Filling up the DagBag from /home/airflow/.local/lib/python3.7/site-packages/airflow/example_dags/example_task_group.py
[2022-10-09T07:18:56.131+0000] {processor.py:768} INFO - DAG(s) dict_keys(['example_task_group']) retrieved from /home/airflow/.local/lib/python3.7/site-packages/airflow/example_dags/example_task_group.py
[2022-10-09T07:18:56.172+0000] {logging_mixin.py:117} INFO - [2022-10-09T07:18:56.172+0000] {dag.py:2573} INFO - Sync 1 DAGs
[2022-10-09T07:18:56.198+0000] {logging_mixin.py:117} INFO - [2022-10-09T07:18:56.198+0000] {dag.py:3328} INFO - Setting next_dagrun for example_task_group to 2022-10-08T07:18:56.198395+00:00, run_after=2022-10-09T07:18:56.198395+00:00
[2022-10-09T07:18:56.212+0000] {processor.py:178} INFO - Processing /home/airflow/.local/lib/python3.7/site-packages/airflow/example_dags/example_task_group.py took 0.110 seconds
[2022-10-09T07:19:27.163+0000] {processor.py:156} INFO - Started process (PID=3460) to work on /home/airflow/.local/lib/python3.7/site-packages/airflow/example_dags/example_task_group.py
[2022-10-09T07:19:27.165+0000] {processor.py:758} INFO - Processing file /home/airflow/.local/lib/python3.7/site-packages/airflow/example_dags/example_task_group.py for tasks to queue
[2022-10-09T07:19:27.166+0000] {logging_mixin.py:117} INFO - [2022-10-09T07:19:27.165+0000] {dagbag.py:525} INFO - Filling up the DagBag from /home/airflow/.local/lib/python3.7/site-packages/airflow/example_dags/example_task_group.py
[2022-10-09T07:19:27.176+0000] {processor.py:768} INFO - DAG(s) dict_keys(['example_task_group']) retrieved from /home/airflow/.local/lib/python3.7/site-packages/airflow/example_dags/example_task_group.py
[2022-10-09T07:19:27.204+0000] {logging_mixin.py:117} INFO - [2022-10-09T07:19:27.204+0000] {dag.py:2573} INFO - Sync 1 DAGs
[2022-10-09T07:19:27.219+0000] {logging_mixin.py:117} INFO - [2022-10-09T07:19:27.219+0000] {dag.py:3328} INFO - Setting next_dagrun for example_task_group to 2022-10-08T07:19:27.219041+00:00, run_after=2022-10-09T07:19:27.219041+00:00
[2022-10-09T07:19:27.231+0000] {processor.py:178} INFO - Processing /home/airflow/.local/lib/python3.7/site-packages/airflow/example_dags/example_task_group.py took 0.070 seconds
[2022-10-09T07:19:57.502+0000] {processor.py:156} INFO - Started process (PID=3524) to work on /home/airflow/.local/lib/python3.7/site-packages/airflow/example_dags/example_task_group.py
[2022-10-09T07:19:57.504+0000] {processor.py:758} INFO - Processing file /home/airflow/.local/lib/python3.7/site-packages/airflow/example_dags/example_task_group.py for tasks to queue
[2022-10-09T07:19:57.505+0000] {logging_mixin.py:117} INFO - [2022-10-09T07:19:57.505+0000] {dagbag.py:525} INFO - Filling up the DagBag from /home/airflow/.local/lib/python3.7/site-packages/airflow/example_dags/example_task_group.py
[2022-10-09T07:19:57.517+0000] {processor.py:768} INFO - DAG(s) dict_keys(['example_task_group']) retrieved from /home/airflow/.local/lib/python3.7/site-packages/airflow/example_dags/example_task_group.py
[2022-10-09T07:19:57.546+0000] {logging_mixin.py:117} INFO - [2022-10-09T07:19:57.546+0000] {dag.py:2573} INFO - Sync 1 DAGs
[2022-10-09T07:19:57.567+0000] {logging_mixin.py:117} INFO - [2022-10-09T07:19:57.567+0000] {dag.py:3328} INFO - Setting next_dagrun for example_task_group to 2022-10-08T07:19:57.567324+00:00, run_after=2022-10-09T07:19:57.567324+00:00
[2022-10-09T07:19:57.580+0000] {processor.py:178} INFO - Processing /home/airflow/.local/lib/python3.7/site-packages/airflow/example_dags/example_task_group.py took 0.080 seconds
[2022-10-09T07:20:28.084+0000] {processor.py:156} INFO - Started process (PID=3587) to work on /home/airflow/.local/lib/python3.7/site-packages/airflow/example_dags/example_task_group.py
[2022-10-09T07:20:28.086+0000] {processor.py:758} INFO - Processing file /home/airflow/.local/lib/python3.7/site-packages/airflow/example_dags/example_task_group.py for tasks to queue
[2022-10-09T07:20:28.087+0000] {logging_mixin.py:117} INFO - [2022-10-09T07:20:28.087+0000] {dagbag.py:525} INFO - Filling up the DagBag from /home/airflow/.local/lib/python3.7/site-packages/airflow/example_dags/example_task_group.py
[2022-10-09T07:20:28.099+0000] {processor.py:768} INFO - DAG(s) dict_keys(['example_task_group']) retrieved from /home/airflow/.local/lib/python3.7/site-packages/airflow/example_dags/example_task_group.py
[2022-10-09T07:20:28.128+0000] {logging_mixin.py:117} INFO - [2022-10-09T07:20:28.128+0000] {dag.py:2573} INFO - Sync 1 DAGs
[2022-10-09T07:20:28.144+0000] {logging_mixin.py:117} INFO - [2022-10-09T07:20:28.144+0000] {dag.py:3328} INFO - Setting next_dagrun for example_task_group to 2022-10-08T07:20:28.144055+00:00, run_after=2022-10-09T07:20:28.144055+00:00
[2022-10-09T07:20:28.157+0000] {processor.py:178} INFO - Processing /home/airflow/.local/lib/python3.7/site-packages/airflow/example_dags/example_task_group.py took 0.075 seconds
[2022-10-09T07:20:58.734+0000] {processor.py:156} INFO - Started process (PID=3650) to work on /home/airflow/.local/lib/python3.7/site-packages/airflow/example_dags/example_task_group.py
[2022-10-09T07:20:58.738+0000] {processor.py:758} INFO - Processing file /home/airflow/.local/lib/python3.7/site-packages/airflow/example_dags/example_task_group.py for tasks to queue
[2022-10-09T07:20:58.741+0000] {logging_mixin.py:117} INFO - [2022-10-09T07:20:58.741+0000] {dagbag.py:525} INFO - Filling up the DagBag from /home/airflow/.local/lib/python3.7/site-packages/airflow/example_dags/example_task_group.py
[2022-10-09T07:20:58.756+0000] {processor.py:768} INFO - DAG(s) dict_keys(['example_task_group']) retrieved from /home/airflow/.local/lib/python3.7/site-packages/airflow/example_dags/example_task_group.py
[2022-10-09T07:20:58.785+0000] {logging_mixin.py:117} INFO - [2022-10-09T07:20:58.785+0000] {dag.py:2573} INFO - Sync 1 DAGs
[2022-10-09T07:20:58.803+0000] {logging_mixin.py:117} INFO - [2022-10-09T07:20:58.803+0000] {dag.py:3328} INFO - Setting next_dagrun for example_task_group to 2022-10-08T07:20:58.802949+00:00, run_after=2022-10-09T07:20:58.802949+00:00
[2022-10-09T07:20:58.815+0000] {processor.py:178} INFO - Processing /home/airflow/.local/lib/python3.7/site-packages/airflow/example_dags/example_task_group.py took 0.084 seconds
[2022-10-09T07:21:29.126+0000] {processor.py:156} INFO - Started process (PID=3713) to work on /home/airflow/.local/lib/python3.7/site-packages/airflow/example_dags/example_task_group.py
[2022-10-09T07:21:29.128+0000] {processor.py:758} INFO - Processing file /home/airflow/.local/lib/python3.7/site-packages/airflow/example_dags/example_task_group.py for tasks to queue
[2022-10-09T07:21:29.129+0000] {logging_mixin.py:117} INFO - [2022-10-09T07:21:29.129+0000] {dagbag.py:525} INFO - Filling up the DagBag from /home/airflow/.local/lib/python3.7/site-packages/airflow/example_dags/example_task_group.py
[2022-10-09T07:21:29.147+0000] {processor.py:768} INFO - DAG(s) dict_keys(['example_task_group']) retrieved from /home/airflow/.local/lib/python3.7/site-packages/airflow/example_dags/example_task_group.py
[2022-10-09T07:21:29.199+0000] {logging_mixin.py:117} INFO - [2022-10-09T07:21:29.199+0000] {dag.py:2573} INFO - Sync 1 DAGs
[2022-10-09T07:21:29.223+0000] {logging_mixin.py:117} INFO - [2022-10-09T07:21:29.223+0000] {dag.py:3328} INFO - Setting next_dagrun for example_task_group to 2022-10-08T07:21:29.223054+00:00, run_after=2022-10-09T07:21:29.223054+00:00
[2022-10-09T07:21:29.247+0000] {processor.py:178} INFO - Processing /home/airflow/.local/lib/python3.7/site-packages/airflow/example_dags/example_task_group.py took 0.123 seconds
[2022-10-09T07:21:59.552+0000] {processor.py:156} INFO - Started process (PID=3765) to work on /home/airflow/.local/lib/python3.7/site-packages/airflow/example_dags/example_task_group.py
[2022-10-09T07:21:59.553+0000] {processor.py:758} INFO - Processing file /home/airflow/.local/lib/python3.7/site-packages/airflow/example_dags/example_task_group.py for tasks to queue
[2022-10-09T07:21:59.554+0000] {logging_mixin.py:117} INFO - [2022-10-09T07:21:59.554+0000] {dagbag.py:525} INFO - Filling up the DagBag from /home/airflow/.local/lib/python3.7/site-packages/airflow/example_dags/example_task_group.py
[2022-10-09T07:21:59.566+0000] {processor.py:768} INFO - DAG(s) dict_keys(['example_task_group']) retrieved from /home/airflow/.local/lib/python3.7/site-packages/airflow/example_dags/example_task_group.py
[2022-10-09T07:21:59.593+0000] {logging_mixin.py:117} INFO - [2022-10-09T07:21:59.593+0000] {dag.py:2573} INFO - Sync 1 DAGs
[2022-10-09T07:21:59.608+0000] {logging_mixin.py:117} INFO - [2022-10-09T07:21:59.608+0000] {dag.py:3328} INFO - Setting next_dagrun for example_task_group to 2022-10-08T07:21:59.608002+00:00, run_after=2022-10-09T07:21:59.608002+00:00
[2022-10-09T07:21:59.620+0000] {processor.py:178} INFO - Processing /home/airflow/.local/lib/python3.7/site-packages/airflow/example_dags/example_task_group.py took 0.070 seconds
[2022-10-09T07:22:29.903+0000] {processor.py:156} INFO - Started process (PID=3828) to work on /home/airflow/.local/lib/python3.7/site-packages/airflow/example_dags/example_task_group.py
[2022-10-09T07:22:29.904+0000] {processor.py:758} INFO - Processing file /home/airflow/.local/lib/python3.7/site-packages/airflow/example_dags/example_task_group.py for tasks to queue
[2022-10-09T07:22:29.905+0000] {logging_mixin.py:117} INFO - [2022-10-09T07:22:29.905+0000] {dagbag.py:525} INFO - Filling up the DagBag from /home/airflow/.local/lib/python3.7/site-packages/airflow/example_dags/example_task_group.py
[2022-10-09T07:22:29.917+0000] {processor.py:768} INFO - DAG(s) dict_keys(['example_task_group']) retrieved from /home/airflow/.local/lib/python3.7/site-packages/airflow/example_dags/example_task_group.py
[2022-10-09T07:22:29.944+0000] {logging_mixin.py:117} INFO - [2022-10-09T07:22:29.944+0000] {dag.py:2573} INFO - Sync 1 DAGs
[2022-10-09T07:22:29.959+0000] {logging_mixin.py:117} INFO - [2022-10-09T07:22:29.959+0000] {dag.py:3328} INFO - Setting next_dagrun for example_task_group to 2022-10-08T07:22:29.959384+00:00, run_after=2022-10-09T07:22:29.959384+00:00
[2022-10-09T07:22:29.971+0000] {processor.py:178} INFO - Processing /home/airflow/.local/lib/python3.7/site-packages/airflow/example_dags/example_task_group.py took 0.071 seconds
[2022-10-09T07:23:00.128+0000] {processor.py:156} INFO - Started process (PID=3892) to work on /home/airflow/.local/lib/python3.7/site-packages/airflow/example_dags/example_task_group.py
[2022-10-09T07:23:00.130+0000] {processor.py:758} INFO - Processing file /home/airflow/.local/lib/python3.7/site-packages/airflow/example_dags/example_task_group.py for tasks to queue
[2022-10-09T07:23:00.131+0000] {logging_mixin.py:117} INFO - [2022-10-09T07:23:00.131+0000] {dagbag.py:525} INFO - Filling up the DagBag from /home/airflow/.local/lib/python3.7/site-packages/airflow/example_dags/example_task_group.py
[2022-10-09T07:23:00.144+0000] {processor.py:768} INFO - DAG(s) dict_keys(['example_task_group']) retrieved from /home/airflow/.local/lib/python3.7/site-packages/airflow/example_dags/example_task_group.py
[2022-10-09T07:23:00.172+0000] {logging_mixin.py:117} INFO - [2022-10-09T07:23:00.172+0000] {dag.py:2573} INFO - Sync 1 DAGs
[2022-10-09T07:23:00.189+0000] {logging_mixin.py:117} INFO - [2022-10-09T07:23:00.189+0000] {dag.py:3328} INFO - Setting next_dagrun for example_task_group to 2022-10-08T07:23:00.189231+00:00, run_after=2022-10-09T07:23:00.189231+00:00
[2022-10-09T07:23:00.204+0000] {processor.py:178} INFO - Processing /home/airflow/.local/lib/python3.7/site-packages/airflow/example_dags/example_task_group.py took 0.079 seconds
[2022-10-09T07:23:30.455+0000] {processor.py:156} INFO - Started process (PID=3955) to work on /home/airflow/.local/lib/python3.7/site-packages/airflow/example_dags/example_task_group.py
[2022-10-09T07:23:30.457+0000] {processor.py:758} INFO - Processing file /home/airflow/.local/lib/python3.7/site-packages/airflow/example_dags/example_task_group.py for tasks to queue
[2022-10-09T07:23:30.458+0000] {logging_mixin.py:117} INFO - [2022-10-09T07:23:30.458+0000] {dagbag.py:525} INFO - Filling up the DagBag from /home/airflow/.local/lib/python3.7/site-packages/airflow/example_dags/example_task_group.py
[2022-10-09T07:23:30.468+0000] {processor.py:768} INFO - DAG(s) dict_keys(['example_task_group']) retrieved from /home/airflow/.local/lib/python3.7/site-packages/airflow/example_dags/example_task_group.py
[2022-10-09T07:23:30.495+0000] {logging_mixin.py:117} INFO - [2022-10-09T07:23:30.494+0000] {dag.py:2573} INFO - Sync 1 DAGs
[2022-10-09T07:23:30.510+0000] {logging_mixin.py:117} INFO - [2022-10-09T07:23:30.510+0000] {dag.py:3328} INFO - Setting next_dagrun for example_task_group to 2022-10-08T07:23:30.510109+00:00, run_after=2022-10-09T07:23:30.510109+00:00
[2022-10-09T07:23:30.522+0000] {processor.py:178} INFO - Processing /home/airflow/.local/lib/python3.7/site-packages/airflow/example_dags/example_task_group.py took 0.069 seconds
[2022-10-09T07:24:00.818+0000] {processor.py:156} INFO - Started process (PID=4018) to work on /home/airflow/.local/lib/python3.7/site-packages/airflow/example_dags/example_task_group.py
[2022-10-09T07:24:00.820+0000] {processor.py:758} INFO - Processing file /home/airflow/.local/lib/python3.7/site-packages/airflow/example_dags/example_task_group.py for tasks to queue
[2022-10-09T07:24:00.822+0000] {logging_mixin.py:117} INFO - [2022-10-09T07:24:00.821+0000] {dagbag.py:525} INFO - Filling up the DagBag from /home/airflow/.local/lib/python3.7/site-packages/airflow/example_dags/example_task_group.py
[2022-10-09T07:24:00.835+0000] {processor.py:768} INFO - DAG(s) dict_keys(['example_task_group']) retrieved from /home/airflow/.local/lib/python3.7/site-packages/airflow/example_dags/example_task_group.py
[2022-10-09T07:24:00.863+0000] {logging_mixin.py:117} INFO - [2022-10-09T07:24:00.863+0000] {dag.py:2573} INFO - Sync 1 DAGs
[2022-10-09T07:24:00.878+0000] {logging_mixin.py:117} INFO - [2022-10-09T07:24:00.878+0000] {dag.py:3328} INFO - Setting next_dagrun for example_task_group to 2022-10-08T07:24:00.878548+00:00, run_after=2022-10-09T07:24:00.878548+00:00
[2022-10-09T07:24:00.890+0000] {processor.py:178} INFO - Processing /home/airflow/.local/lib/python3.7/site-packages/airflow/example_dags/example_task_group.py took 0.073 seconds
[2022-10-09T07:24:31.375+0000] {processor.py:156} INFO - Started process (PID=4075) to work on /home/airflow/.local/lib/python3.7/site-packages/airflow/example_dags/example_task_group.py
[2022-10-09T07:24:31.377+0000] {processor.py:758} INFO - Processing file /home/airflow/.local/lib/python3.7/site-packages/airflow/example_dags/example_task_group.py for tasks to queue
[2022-10-09T07:24:31.378+0000] {logging_mixin.py:117} INFO - [2022-10-09T07:24:31.378+0000] {dagbag.py:525} INFO - Filling up the DagBag from /home/airflow/.local/lib/python3.7/site-packages/airflow/example_dags/example_task_group.py
[2022-10-09T07:24:31.388+0000] {processor.py:768} INFO - DAG(s) dict_keys(['example_task_group']) retrieved from /home/airflow/.local/lib/python3.7/site-packages/airflow/example_dags/example_task_group.py
[2022-10-09T07:24:31.412+0000] {logging_mixin.py:117} INFO - [2022-10-09T07:24:31.412+0000] {dag.py:2573} INFO - Sync 1 DAGs
[2022-10-09T07:24:31.427+0000] {logging_mixin.py:117} INFO - [2022-10-09T07:24:31.427+0000] {dag.py:3328} INFO - Setting next_dagrun for example_task_group to 2022-10-08T07:24:31.427028+00:00, run_after=2022-10-09T07:24:31.427028+00:00
[2022-10-09T07:24:31.439+0000] {processor.py:178} INFO - Processing /home/airflow/.local/lib/python3.7/site-packages/airflow/example_dags/example_task_group.py took 0.065 seconds
