[2022-10-09T06:40:38.881+0000] {processor.py:156} INFO - Started process (PID=42) to work on /home/airflow/.local/lib/python3.7/site-packages/airflow/example_dags/example_trigger_target_dag.py
[2022-10-09T06:40:38.883+0000] {processor.py:758} INFO - Processing file /home/airflow/.local/lib/python3.7/site-packages/airflow/example_dags/example_trigger_target_dag.py for tasks to queue
[2022-10-09T06:40:38.885+0000] {logging_mixin.py:117} INFO - [2022-10-09T06:40:38.885+0000] {dagbag.py:525} INFO - Filling up the DagBag from /home/airflow/.local/lib/python3.7/site-packages/airflow/example_dags/example_trigger_target_dag.py
[2022-10-09T06:40:38.920+0000] {processor.py:768} INFO - DAG(s) dict_keys(['example_trigger_target_dag']) retrieved from /home/airflow/.local/lib/python3.7/site-packages/airflow/example_dags/example_trigger_target_dag.py
[2022-10-09T06:40:38.956+0000] {logging_mixin.py:117} INFO - [2022-10-09T06:40:38.956+0000] {dag.py:2573} INFO - Sync 1 DAGs
[2022-10-09T06:40:39.000+0000] {logging_mixin.py:117} INFO - [2022-10-09T06:40:39.000+0000] {dag.py:3328} INFO - Setting next_dagrun for example_trigger_target_dag to None, run_after=None
[2022-10-09T06:40:39.036+0000] {processor.py:178} INFO - Processing /home/airflow/.local/lib/python3.7/site-packages/airflow/example_dags/example_trigger_target_dag.py took 0.158 seconds
[2022-10-09T06:41:09.753+0000] {processor.py:156} INFO - Started process (PID=105) to work on /home/airflow/.local/lib/python3.7/site-packages/airflow/example_dags/example_trigger_target_dag.py
[2022-10-09T06:41:09.755+0000] {processor.py:758} INFO - Processing file /home/airflow/.local/lib/python3.7/site-packages/airflow/example_dags/example_trigger_target_dag.py for tasks to queue
[2022-10-09T06:41:09.756+0000] {logging_mixin.py:117} INFO - [2022-10-09T06:41:09.755+0000] {dagbag.py:525} INFO - Filling up the DagBag from /home/airflow/.local/lib/python3.7/site-packages/airflow/example_dags/example_trigger_target_dag.py
[2022-10-09T06:41:09.770+0000] {processor.py:768} INFO - DAG(s) dict_keys(['example_trigger_target_dag']) retrieved from /home/airflow/.local/lib/python3.7/site-packages/airflow/example_dags/example_trigger_target_dag.py
[2022-10-09T06:41:09.797+0000] {logging_mixin.py:117} INFO - [2022-10-09T06:41:09.797+0000] {dag.py:2573} INFO - Sync 1 DAGs
[2022-10-09T06:41:09.812+0000] {logging_mixin.py:117} INFO - [2022-10-09T06:41:09.812+0000] {dag.py:3328} INFO - Setting next_dagrun for example_trigger_target_dag to None, run_after=None
[2022-10-09T06:41:09.824+0000] {processor.py:178} INFO - Processing /home/airflow/.local/lib/python3.7/site-packages/airflow/example_dags/example_trigger_target_dag.py took 0.073 seconds
[2022-10-09T06:41:40.341+0000] {processor.py:156} INFO - Started process (PID=169) to work on /home/airflow/.local/lib/python3.7/site-packages/airflow/example_dags/example_trigger_target_dag.py
[2022-10-09T06:41:40.343+0000] {processor.py:758} INFO - Processing file /home/airflow/.local/lib/python3.7/site-packages/airflow/example_dags/example_trigger_target_dag.py for tasks to queue
[2022-10-09T06:41:40.345+0000] {logging_mixin.py:117} INFO - [2022-10-09T06:41:40.344+0000] {dagbag.py:525} INFO - Filling up the DagBag from /home/airflow/.local/lib/python3.7/site-packages/airflow/example_dags/example_trigger_target_dag.py
[2022-10-09T06:41:40.359+0000] {processor.py:768} INFO - DAG(s) dict_keys(['example_trigger_target_dag']) retrieved from /home/airflow/.local/lib/python3.7/site-packages/airflow/example_dags/example_trigger_target_dag.py
[2022-10-09T06:41:40.384+0000] {logging_mixin.py:117} INFO - [2022-10-09T06:41:40.384+0000] {dag.py:2573} INFO - Sync 1 DAGs
[2022-10-09T06:41:40.399+0000] {logging_mixin.py:117} INFO - [2022-10-09T06:41:40.399+0000] {dag.py:3328} INFO - Setting next_dagrun for example_trigger_target_dag to None, run_after=None
[2022-10-09T06:41:40.411+0000] {processor.py:178} INFO - Processing /home/airflow/.local/lib/python3.7/site-packages/airflow/example_dags/example_trigger_target_dag.py took 0.072 seconds
[2022-10-09T06:42:10.980+0000] {processor.py:156} INFO - Started process (PID=232) to work on /home/airflow/.local/lib/python3.7/site-packages/airflow/example_dags/example_trigger_target_dag.py
[2022-10-09T06:42:10.983+0000] {processor.py:758} INFO - Processing file /home/airflow/.local/lib/python3.7/site-packages/airflow/example_dags/example_trigger_target_dag.py for tasks to queue
[2022-10-09T06:42:10.985+0000] {logging_mixin.py:117} INFO - [2022-10-09T06:42:10.984+0000] {dagbag.py:525} INFO - Filling up the DagBag from /home/airflow/.local/lib/python3.7/site-packages/airflow/example_dags/example_trigger_target_dag.py
[2022-10-09T06:42:11.003+0000] {processor.py:768} INFO - DAG(s) dict_keys(['example_trigger_target_dag']) retrieved from /home/airflow/.local/lib/python3.7/site-packages/airflow/example_dags/example_trigger_target_dag.py
[2022-10-09T06:42:11.028+0000] {logging_mixin.py:117} INFO - [2022-10-09T06:42:11.027+0000] {dag.py:2573} INFO - Sync 1 DAGs
[2022-10-09T06:42:11.044+0000] {logging_mixin.py:117} INFO - [2022-10-09T06:42:11.044+0000] {dag.py:3328} INFO - Setting next_dagrun for example_trigger_target_dag to None, run_after=None
[2022-10-09T06:42:11.057+0000] {processor.py:178} INFO - Processing /home/airflow/.local/lib/python3.7/site-packages/airflow/example_dags/example_trigger_target_dag.py took 0.079 seconds
[2022-10-09T06:42:41.267+0000] {processor.py:156} INFO - Started process (PID=286) to work on /home/airflow/.local/lib/python3.7/site-packages/airflow/example_dags/example_trigger_target_dag.py
[2022-10-09T06:42:41.268+0000] {processor.py:758} INFO - Processing file /home/airflow/.local/lib/python3.7/site-packages/airflow/example_dags/example_trigger_target_dag.py for tasks to queue
[2022-10-09T06:42:41.269+0000] {logging_mixin.py:117} INFO - [2022-10-09T06:42:41.269+0000] {dagbag.py:525} INFO - Filling up the DagBag from /home/airflow/.local/lib/python3.7/site-packages/airflow/example_dags/example_trigger_target_dag.py
[2022-10-09T06:42:41.291+0000] {processor.py:768} INFO - DAG(s) dict_keys(['example_trigger_target_dag']) retrieved from /home/airflow/.local/lib/python3.7/site-packages/airflow/example_dags/example_trigger_target_dag.py
[2022-10-09T06:42:41.357+0000] {logging_mixin.py:117} INFO - [2022-10-09T06:42:41.356+0000] {dag.py:2573} INFO - Sync 1 DAGs
[2022-10-09T06:42:41.377+0000] {logging_mixin.py:117} INFO - [2022-10-09T06:42:41.377+0000] {dag.py:3328} INFO - Setting next_dagrun for example_trigger_target_dag to None, run_after=None
[2022-10-09T06:42:41.391+0000] {processor.py:178} INFO - Processing /home/airflow/.local/lib/python3.7/site-packages/airflow/example_dags/example_trigger_target_dag.py took 0.126 seconds
[2022-10-09T06:43:11.798+0000] {processor.py:156} INFO - Started process (PID=349) to work on /home/airflow/.local/lib/python3.7/site-packages/airflow/example_dags/example_trigger_target_dag.py
[2022-10-09T06:43:11.802+0000] {processor.py:758} INFO - Processing file /home/airflow/.local/lib/python3.7/site-packages/airflow/example_dags/example_trigger_target_dag.py for tasks to queue
[2022-10-09T06:43:11.803+0000] {logging_mixin.py:117} INFO - [2022-10-09T06:43:11.803+0000] {dagbag.py:525} INFO - Filling up the DagBag from /home/airflow/.local/lib/python3.7/site-packages/airflow/example_dags/example_trigger_target_dag.py
[2022-10-09T06:43:11.820+0000] {processor.py:768} INFO - DAG(s) dict_keys(['example_trigger_target_dag']) retrieved from /home/airflow/.local/lib/python3.7/site-packages/airflow/example_dags/example_trigger_target_dag.py
[2022-10-09T06:43:11.851+0000] {logging_mixin.py:117} INFO - [2022-10-09T06:43:11.851+0000] {dag.py:2573} INFO - Sync 1 DAGs
[2022-10-09T06:43:11.869+0000] {logging_mixin.py:117} INFO - [2022-10-09T06:43:11.868+0000] {dag.py:3328} INFO - Setting next_dagrun for example_trigger_target_dag to None, run_after=None
[2022-10-09T06:43:11.885+0000] {processor.py:178} INFO - Processing /home/airflow/.local/lib/python3.7/site-packages/airflow/example_dags/example_trigger_target_dag.py took 0.089 seconds
[2022-10-09T06:43:42.067+0000] {processor.py:156} INFO - Started process (PID=412) to work on /home/airflow/.local/lib/python3.7/site-packages/airflow/example_dags/example_trigger_target_dag.py
[2022-10-09T06:43:42.069+0000] {processor.py:758} INFO - Processing file /home/airflow/.local/lib/python3.7/site-packages/airflow/example_dags/example_trigger_target_dag.py for tasks to queue
[2022-10-09T06:43:42.070+0000] {logging_mixin.py:117} INFO - [2022-10-09T06:43:42.070+0000] {dagbag.py:525} INFO - Filling up the DagBag from /home/airflow/.local/lib/python3.7/site-packages/airflow/example_dags/example_trigger_target_dag.py
[2022-10-09T06:43:42.084+0000] {processor.py:768} INFO - DAG(s) dict_keys(['example_trigger_target_dag']) retrieved from /home/airflow/.local/lib/python3.7/site-packages/airflow/example_dags/example_trigger_target_dag.py
[2022-10-09T06:43:42.108+0000] {logging_mixin.py:117} INFO - [2022-10-09T06:43:42.108+0000] {dag.py:2573} INFO - Sync 1 DAGs
[2022-10-09T06:43:42.123+0000] {logging_mixin.py:117} INFO - [2022-10-09T06:43:42.123+0000] {dag.py:3328} INFO - Setting next_dagrun for example_trigger_target_dag to None, run_after=None
[2022-10-09T06:43:42.135+0000] {processor.py:178} INFO - Processing /home/airflow/.local/lib/python3.7/site-packages/airflow/example_dags/example_trigger_target_dag.py took 0.070 seconds
[2022-10-09T06:44:12.418+0000] {processor.py:156} INFO - Started process (PID=475) to work on /home/airflow/.local/lib/python3.7/site-packages/airflow/example_dags/example_trigger_target_dag.py
[2022-10-09T06:44:12.419+0000] {processor.py:758} INFO - Processing file /home/airflow/.local/lib/python3.7/site-packages/airflow/example_dags/example_trigger_target_dag.py for tasks to queue
[2022-10-09T06:44:12.420+0000] {logging_mixin.py:117} INFO - [2022-10-09T06:44:12.420+0000] {dagbag.py:525} INFO - Filling up the DagBag from /home/airflow/.local/lib/python3.7/site-packages/airflow/example_dags/example_trigger_target_dag.py
[2022-10-09T06:44:12.434+0000] {processor.py:768} INFO - DAG(s) dict_keys(['example_trigger_target_dag']) retrieved from /home/airflow/.local/lib/python3.7/site-packages/airflow/example_dags/example_trigger_target_dag.py
[2022-10-09T06:44:12.458+0000] {logging_mixin.py:117} INFO - [2022-10-09T06:44:12.458+0000] {dag.py:2573} INFO - Sync 1 DAGs
[2022-10-09T06:44:12.472+0000] {logging_mixin.py:117} INFO - [2022-10-09T06:44:12.472+0000] {dag.py:3328} INFO - Setting next_dagrun for example_trigger_target_dag to None, run_after=None
[2022-10-09T06:44:12.484+0000] {processor.py:178} INFO - Processing /home/airflow/.local/lib/python3.7/site-packages/airflow/example_dags/example_trigger_target_dag.py took 0.068 seconds
[2022-10-09T06:44:42.678+0000] {processor.py:156} INFO - Started process (PID=538) to work on /home/airflow/.local/lib/python3.7/site-packages/airflow/example_dags/example_trigger_target_dag.py
[2022-10-09T06:44:42.679+0000] {processor.py:758} INFO - Processing file /home/airflow/.local/lib/python3.7/site-packages/airflow/example_dags/example_trigger_target_dag.py for tasks to queue
[2022-10-09T06:44:42.680+0000] {logging_mixin.py:117} INFO - [2022-10-09T06:44:42.680+0000] {dagbag.py:525} INFO - Filling up the DagBag from /home/airflow/.local/lib/python3.7/site-packages/airflow/example_dags/example_trigger_target_dag.py
[2022-10-09T06:44:42.695+0000] {processor.py:768} INFO - DAG(s) dict_keys(['example_trigger_target_dag']) retrieved from /home/airflow/.local/lib/python3.7/site-packages/airflow/example_dags/example_trigger_target_dag.py
[2022-10-09T06:44:42.721+0000] {logging_mixin.py:117} INFO - [2022-10-09T06:44:42.721+0000] {dag.py:2573} INFO - Sync 1 DAGs
[2022-10-09T06:44:42.735+0000] {logging_mixin.py:117} INFO - [2022-10-09T06:44:42.735+0000] {dag.py:3328} INFO - Setting next_dagrun for example_trigger_target_dag to None, run_after=None
[2022-10-09T06:44:42.747+0000] {processor.py:178} INFO - Processing /home/airflow/.local/lib/python3.7/site-packages/airflow/example_dags/example_trigger_target_dag.py took 0.071 seconds
[2022-10-09T06:45:12.962+0000] {processor.py:156} INFO - Started process (PID=592) to work on /home/airflow/.local/lib/python3.7/site-packages/airflow/example_dags/example_trigger_target_dag.py
[2022-10-09T06:45:12.964+0000] {processor.py:758} INFO - Processing file /home/airflow/.local/lib/python3.7/site-packages/airflow/example_dags/example_trigger_target_dag.py for tasks to queue
[2022-10-09T06:45:12.965+0000] {logging_mixin.py:117} INFO - [2022-10-09T06:45:12.965+0000] {dagbag.py:525} INFO - Filling up the DagBag from /home/airflow/.local/lib/python3.7/site-packages/airflow/example_dags/example_trigger_target_dag.py
[2022-10-09T06:45:12.979+0000] {processor.py:768} INFO - DAG(s) dict_keys(['example_trigger_target_dag']) retrieved from /home/airflow/.local/lib/python3.7/site-packages/airflow/example_dags/example_trigger_target_dag.py
[2022-10-09T06:45:13.005+0000] {logging_mixin.py:117} INFO - [2022-10-09T06:45:13.005+0000] {dag.py:2573} INFO - Sync 1 DAGs
[2022-10-09T06:45:13.019+0000] {logging_mixin.py:117} INFO - [2022-10-09T06:45:13.019+0000] {dag.py:3328} INFO - Setting next_dagrun for example_trigger_target_dag to None, run_after=None
[2022-10-09T06:45:13.029+0000] {processor.py:178} INFO - Processing /home/airflow/.local/lib/python3.7/site-packages/airflow/example_dags/example_trigger_target_dag.py took 0.070 seconds
[2022-10-09T06:45:43.258+0000] {processor.py:156} INFO - Started process (PID=654) to work on /home/airflow/.local/lib/python3.7/site-packages/airflow/example_dags/example_trigger_target_dag.py
[2022-10-09T06:45:43.259+0000] {processor.py:758} INFO - Processing file /home/airflow/.local/lib/python3.7/site-packages/airflow/example_dags/example_trigger_target_dag.py for tasks to queue
[2022-10-09T06:45:43.261+0000] {logging_mixin.py:117} INFO - [2022-10-09T06:45:43.261+0000] {dagbag.py:525} INFO - Filling up the DagBag from /home/airflow/.local/lib/python3.7/site-packages/airflow/example_dags/example_trigger_target_dag.py
[2022-10-09T06:45:43.277+0000] {processor.py:768} INFO - DAG(s) dict_keys(['example_trigger_target_dag']) retrieved from /home/airflow/.local/lib/python3.7/site-packages/airflow/example_dags/example_trigger_target_dag.py
[2022-10-09T06:45:43.301+0000] {logging_mixin.py:117} INFO - [2022-10-09T06:45:43.301+0000] {dag.py:2573} INFO - Sync 1 DAGs
[2022-10-09T06:45:43.316+0000] {logging_mixin.py:117} INFO - [2022-10-09T06:45:43.316+0000] {dag.py:3328} INFO - Setting next_dagrun for example_trigger_target_dag to None, run_after=None
[2022-10-09T06:45:43.327+0000] {processor.py:178} INFO - Processing /home/airflow/.local/lib/python3.7/site-packages/airflow/example_dags/example_trigger_target_dag.py took 0.071 seconds
[2022-10-09T06:46:13.432+0000] {processor.py:156} INFO - Started process (PID=717) to work on /home/airflow/.local/lib/python3.7/site-packages/airflow/example_dags/example_trigger_target_dag.py
[2022-10-09T06:46:13.434+0000] {processor.py:758} INFO - Processing file /home/airflow/.local/lib/python3.7/site-packages/airflow/example_dags/example_trigger_target_dag.py for tasks to queue
[2022-10-09T06:46:13.435+0000] {logging_mixin.py:117} INFO - [2022-10-09T06:46:13.435+0000] {dagbag.py:525} INFO - Filling up the DagBag from /home/airflow/.local/lib/python3.7/site-packages/airflow/example_dags/example_trigger_target_dag.py
[2022-10-09T06:46:13.450+0000] {processor.py:768} INFO - DAG(s) dict_keys(['example_trigger_target_dag']) retrieved from /home/airflow/.local/lib/python3.7/site-packages/airflow/example_dags/example_trigger_target_dag.py
[2022-10-09T06:46:13.474+0000] {logging_mixin.py:117} INFO - [2022-10-09T06:46:13.474+0000] {dag.py:2573} INFO - Sync 1 DAGs
[2022-10-09T06:46:13.489+0000] {logging_mixin.py:117} INFO - [2022-10-09T06:46:13.489+0000] {dag.py:3328} INFO - Setting next_dagrun for example_trigger_target_dag to None, run_after=None
[2022-10-09T06:46:13.499+0000] {processor.py:178} INFO - Processing /home/airflow/.local/lib/python3.7/site-packages/airflow/example_dags/example_trigger_target_dag.py took 0.068 seconds
[2022-10-09T06:46:43.737+0000] {processor.py:156} INFO - Started process (PID=782) to work on /home/airflow/.local/lib/python3.7/site-packages/airflow/example_dags/example_trigger_target_dag.py
[2022-10-09T06:46:43.738+0000] {processor.py:758} INFO - Processing file /home/airflow/.local/lib/python3.7/site-packages/airflow/example_dags/example_trigger_target_dag.py for tasks to queue
[2022-10-09T06:46:43.740+0000] {logging_mixin.py:117} INFO - [2022-10-09T06:46:43.740+0000] {dagbag.py:525} INFO - Filling up the DagBag from /home/airflow/.local/lib/python3.7/site-packages/airflow/example_dags/example_trigger_target_dag.py
[2022-10-09T06:46:43.754+0000] {processor.py:768} INFO - DAG(s) dict_keys(['example_trigger_target_dag']) retrieved from /home/airflow/.local/lib/python3.7/site-packages/airflow/example_dags/example_trigger_target_dag.py
[2022-10-09T06:46:43.779+0000] {logging_mixin.py:117} INFO - [2022-10-09T06:46:43.779+0000] {dag.py:2573} INFO - Sync 1 DAGs
[2022-10-09T06:46:43.792+0000] {logging_mixin.py:117} INFO - [2022-10-09T06:46:43.792+0000] {dag.py:3328} INFO - Setting next_dagrun for example_trigger_target_dag to None, run_after=None
[2022-10-09T06:46:43.803+0000] {processor.py:178} INFO - Processing /home/airflow/.local/lib/python3.7/site-packages/airflow/example_dags/example_trigger_target_dag.py took 0.068 seconds
[2022-10-09T06:47:13.834+0000] {processor.py:156} INFO - Started process (PID=843) to work on /home/airflow/.local/lib/python3.7/site-packages/airflow/example_dags/example_trigger_target_dag.py
[2022-10-09T06:47:13.838+0000] {processor.py:758} INFO - Processing file /home/airflow/.local/lib/python3.7/site-packages/airflow/example_dags/example_trigger_target_dag.py for tasks to queue
[2022-10-09T06:47:13.839+0000] {logging_mixin.py:117} INFO - [2022-10-09T06:47:13.839+0000] {dagbag.py:525} INFO - Filling up the DagBag from /home/airflow/.local/lib/python3.7/site-packages/airflow/example_dags/example_trigger_target_dag.py
[2022-10-09T06:47:13.863+0000] {processor.py:768} INFO - DAG(s) dict_keys(['example_trigger_target_dag']) retrieved from /home/airflow/.local/lib/python3.7/site-packages/airflow/example_dags/example_trigger_target_dag.py
[2022-10-09T06:47:13.897+0000] {logging_mixin.py:117} INFO - [2022-10-09T06:47:13.896+0000] {dag.py:2573} INFO - Sync 1 DAGs
[2022-10-09T06:47:13.915+0000] {logging_mixin.py:117} INFO - [2022-10-09T06:47:13.915+0000] {dag.py:3328} INFO - Setting next_dagrun for example_trigger_target_dag to None, run_after=None
[2022-10-09T06:47:13.934+0000] {processor.py:178} INFO - Processing /home/airflow/.local/lib/python3.7/site-packages/airflow/example_dags/example_trigger_target_dag.py took 0.102 seconds
[2022-10-09T06:47:44.193+0000] {processor.py:156} INFO - Started process (PID=896) to work on /home/airflow/.local/lib/python3.7/site-packages/airflow/example_dags/example_trigger_target_dag.py
[2022-10-09T06:47:44.194+0000] {processor.py:758} INFO - Processing file /home/airflow/.local/lib/python3.7/site-packages/airflow/example_dags/example_trigger_target_dag.py for tasks to queue
[2022-10-09T06:47:44.195+0000] {logging_mixin.py:117} INFO - [2022-10-09T06:47:44.195+0000] {dagbag.py:525} INFO - Filling up the DagBag from /home/airflow/.local/lib/python3.7/site-packages/airflow/example_dags/example_trigger_target_dag.py
[2022-10-09T06:47:44.213+0000] {processor.py:768} INFO - DAG(s) dict_keys(['example_trigger_target_dag']) retrieved from /home/airflow/.local/lib/python3.7/site-packages/airflow/example_dags/example_trigger_target_dag.py
[2022-10-09T06:47:44.238+0000] {logging_mixin.py:117} INFO - [2022-10-09T06:47:44.238+0000] {dag.py:2573} INFO - Sync 1 DAGs
[2022-10-09T06:47:44.253+0000] {logging_mixin.py:117} INFO - [2022-10-09T06:47:44.253+0000] {dag.py:3328} INFO - Setting next_dagrun for example_trigger_target_dag to None, run_after=None
[2022-10-09T06:47:44.267+0000] {processor.py:178} INFO - Processing /home/airflow/.local/lib/python3.7/site-packages/airflow/example_dags/example_trigger_target_dag.py took 0.076 seconds
[2022-10-09T06:48:14.527+0000] {processor.py:156} INFO - Started process (PID=958) to work on /home/airflow/.local/lib/python3.7/site-packages/airflow/example_dags/example_trigger_target_dag.py
[2022-10-09T06:48:14.529+0000] {processor.py:758} INFO - Processing file /home/airflow/.local/lib/python3.7/site-packages/airflow/example_dags/example_trigger_target_dag.py for tasks to queue
[2022-10-09T06:48:14.530+0000] {logging_mixin.py:117} INFO - [2022-10-09T06:48:14.530+0000] {dagbag.py:525} INFO - Filling up the DagBag from /home/airflow/.local/lib/python3.7/site-packages/airflow/example_dags/example_trigger_target_dag.py
[2022-10-09T06:48:14.545+0000] {processor.py:768} INFO - DAG(s) dict_keys(['example_trigger_target_dag']) retrieved from /home/airflow/.local/lib/python3.7/site-packages/airflow/example_dags/example_trigger_target_dag.py
[2022-10-09T06:48:14.570+0000] {logging_mixin.py:117} INFO - [2022-10-09T06:48:14.569+0000] {dag.py:2573} INFO - Sync 1 DAGs
[2022-10-09T06:48:14.586+0000] {logging_mixin.py:117} INFO - [2022-10-09T06:48:14.586+0000] {dag.py:3328} INFO - Setting next_dagrun for example_trigger_target_dag to None, run_after=None
[2022-10-09T06:48:14.597+0000] {processor.py:178} INFO - Processing /home/airflow/.local/lib/python3.7/site-packages/airflow/example_dags/example_trigger_target_dag.py took 0.072 seconds
[2022-10-09T06:59:09.145+0000] {processor.py:156} INFO - Started process (PID=1013) to work on /home/airflow/.local/lib/python3.7/site-packages/airflow/example_dags/example_trigger_target_dag.py
[2022-10-09T06:59:09.147+0000] {processor.py:758} INFO - Processing file /home/airflow/.local/lib/python3.7/site-packages/airflow/example_dags/example_trigger_target_dag.py for tasks to queue
[2022-10-09T06:59:09.148+0000] {logging_mixin.py:117} INFO - [2022-10-09T06:59:09.148+0000] {dagbag.py:525} INFO - Filling up the DagBag from /home/airflow/.local/lib/python3.7/site-packages/airflow/example_dags/example_trigger_target_dag.py
[2022-10-09T06:59:09.172+0000] {processor.py:768} INFO - DAG(s) dict_keys(['example_trigger_target_dag']) retrieved from /home/airflow/.local/lib/python3.7/site-packages/airflow/example_dags/example_trigger_target_dag.py
[2022-10-09T06:59:09.206+0000] {logging_mixin.py:117} INFO - [2022-10-09T06:59:09.206+0000] {dag.py:2573} INFO - Sync 1 DAGs
[2022-10-09T06:59:09.230+0000] {logging_mixin.py:117} INFO - [2022-10-09T06:59:09.230+0000] {dag.py:3328} INFO - Setting next_dagrun for example_trigger_target_dag to None, run_after=None
[2022-10-09T06:59:09.249+0000] {processor.py:178} INFO - Processing /home/airflow/.local/lib/python3.7/site-packages/airflow/example_dags/example_trigger_target_dag.py took 0.109 seconds
[2022-10-09T06:59:40.255+0000] {processor.py:156} INFO - Started process (PID=1077) to work on /home/airflow/.local/lib/python3.7/site-packages/airflow/example_dags/example_trigger_target_dag.py
[2022-10-09T06:59:40.257+0000] {processor.py:758} INFO - Processing file /home/airflow/.local/lib/python3.7/site-packages/airflow/example_dags/example_trigger_target_dag.py for tasks to queue
[2022-10-09T06:59:40.259+0000] {logging_mixin.py:117} INFO - [2022-10-09T06:59:40.259+0000] {dagbag.py:525} INFO - Filling up the DagBag from /home/airflow/.local/lib/python3.7/site-packages/airflow/example_dags/example_trigger_target_dag.py
[2022-10-09T06:59:40.278+0000] {processor.py:768} INFO - DAG(s) dict_keys(['example_trigger_target_dag']) retrieved from /home/airflow/.local/lib/python3.7/site-packages/airflow/example_dags/example_trigger_target_dag.py
[2022-10-09T06:59:40.321+0000] {logging_mixin.py:117} INFO - [2022-10-09T06:59:40.321+0000] {dag.py:2573} INFO - Sync 1 DAGs
[2022-10-09T06:59:40.336+0000] {logging_mixin.py:117} INFO - [2022-10-09T06:59:40.336+0000] {dag.py:3328} INFO - Setting next_dagrun for example_trigger_target_dag to None, run_after=None
[2022-10-09T06:59:40.347+0000] {processor.py:178} INFO - Processing /home/airflow/.local/lib/python3.7/site-packages/airflow/example_dags/example_trigger_target_dag.py took 0.095 seconds
[2022-10-09T07:00:10.505+0000] {processor.py:156} INFO - Started process (PID=1131) to work on /home/airflow/.local/lib/python3.7/site-packages/airflow/example_dags/example_trigger_target_dag.py
[2022-10-09T07:00:10.508+0000] {processor.py:758} INFO - Processing file /home/airflow/.local/lib/python3.7/site-packages/airflow/example_dags/example_trigger_target_dag.py for tasks to queue
[2022-10-09T07:00:10.512+0000] {logging_mixin.py:117} INFO - [2022-10-09T07:00:10.512+0000] {dagbag.py:525} INFO - Filling up the DagBag from /home/airflow/.local/lib/python3.7/site-packages/airflow/example_dags/example_trigger_target_dag.py
[2022-10-09T07:00:10.534+0000] {processor.py:768} INFO - DAG(s) dict_keys(['example_trigger_target_dag']) retrieved from /home/airflow/.local/lib/python3.7/site-packages/airflow/example_dags/example_trigger_target_dag.py
[2022-10-09T07:00:10.574+0000] {logging_mixin.py:117} INFO - [2022-10-09T07:00:10.574+0000] {dag.py:2573} INFO - Sync 1 DAGs
[2022-10-09T07:00:10.591+0000] {logging_mixin.py:117} INFO - [2022-10-09T07:00:10.591+0000] {dag.py:3328} INFO - Setting next_dagrun for example_trigger_target_dag to None, run_after=None
[2022-10-09T07:00:10.610+0000] {processor.py:178} INFO - Processing /home/airflow/.local/lib/python3.7/site-packages/airflow/example_dags/example_trigger_target_dag.py took 0.108 seconds
[2022-10-09T07:00:41.185+0000] {processor.py:156} INFO - Started process (PID=1194) to work on /home/airflow/.local/lib/python3.7/site-packages/airflow/example_dags/example_trigger_target_dag.py
[2022-10-09T07:00:41.188+0000] {processor.py:758} INFO - Processing file /home/airflow/.local/lib/python3.7/site-packages/airflow/example_dags/example_trigger_target_dag.py for tasks to queue
[2022-10-09T07:00:41.191+0000] {logging_mixin.py:117} INFO - [2022-10-09T07:00:41.190+0000] {dagbag.py:525} INFO - Filling up the DagBag from /home/airflow/.local/lib/python3.7/site-packages/airflow/example_dags/example_trigger_target_dag.py
[2022-10-09T07:00:41.221+0000] {processor.py:768} INFO - DAG(s) dict_keys(['example_trigger_target_dag']) retrieved from /home/airflow/.local/lib/python3.7/site-packages/airflow/example_dags/example_trigger_target_dag.py
[2022-10-09T07:00:41.251+0000] {logging_mixin.py:117} INFO - [2022-10-09T07:00:41.251+0000] {dag.py:2573} INFO - Sync 1 DAGs
[2022-10-09T07:00:41.266+0000] {logging_mixin.py:117} INFO - [2022-10-09T07:00:41.266+0000] {dag.py:3328} INFO - Setting next_dagrun for example_trigger_target_dag to None, run_after=None
[2022-10-09T07:00:41.278+0000] {processor.py:178} INFO - Processing /home/airflow/.local/lib/python3.7/site-packages/airflow/example_dags/example_trigger_target_dag.py took 0.100 seconds
[2022-10-09T07:01:11.523+0000] {processor.py:156} INFO - Started process (PID=1256) to work on /home/airflow/.local/lib/python3.7/site-packages/airflow/example_dags/example_trigger_target_dag.py
[2022-10-09T07:01:11.525+0000] {processor.py:758} INFO - Processing file /home/airflow/.local/lib/python3.7/site-packages/airflow/example_dags/example_trigger_target_dag.py for tasks to queue
[2022-10-09T07:01:11.527+0000] {logging_mixin.py:117} INFO - [2022-10-09T07:01:11.527+0000] {dagbag.py:525} INFO - Filling up the DagBag from /home/airflow/.local/lib/python3.7/site-packages/airflow/example_dags/example_trigger_target_dag.py
[2022-10-09T07:01:11.546+0000] {processor.py:768} INFO - DAG(s) dict_keys(['example_trigger_target_dag']) retrieved from /home/airflow/.local/lib/python3.7/site-packages/airflow/example_dags/example_trigger_target_dag.py
[2022-10-09T07:01:11.579+0000] {logging_mixin.py:117} INFO - [2022-10-09T07:01:11.579+0000] {dag.py:2573} INFO - Sync 1 DAGs
[2022-10-09T07:01:11.598+0000] {logging_mixin.py:117} INFO - [2022-10-09T07:01:11.597+0000] {dag.py:3328} INFO - Setting next_dagrun for example_trigger_target_dag to None, run_after=None
[2022-10-09T07:01:11.635+0000] {processor.py:178} INFO - Processing /home/airflow/.local/lib/python3.7/site-packages/airflow/example_dags/example_trigger_target_dag.py took 0.118 seconds
[2022-10-09T07:01:41.703+0000] {processor.py:156} INFO - Started process (PID=1318) to work on /home/airflow/.local/lib/python3.7/site-packages/airflow/example_dags/example_trigger_target_dag.py
[2022-10-09T07:01:41.706+0000] {processor.py:758} INFO - Processing file /home/airflow/.local/lib/python3.7/site-packages/airflow/example_dags/example_trigger_target_dag.py for tasks to queue
[2022-10-09T07:01:41.708+0000] {logging_mixin.py:117} INFO - [2022-10-09T07:01:41.708+0000] {dagbag.py:525} INFO - Filling up the DagBag from /home/airflow/.local/lib/python3.7/site-packages/airflow/example_dags/example_trigger_target_dag.py
[2022-10-09T07:01:41.733+0000] {processor.py:768} INFO - DAG(s) dict_keys(['example_trigger_target_dag']) retrieved from /home/airflow/.local/lib/python3.7/site-packages/airflow/example_dags/example_trigger_target_dag.py
[2022-10-09T07:01:41.769+0000] {logging_mixin.py:117} INFO - [2022-10-09T07:01:41.769+0000] {dag.py:2573} INFO - Sync 1 DAGs
[2022-10-09T07:01:41.784+0000] {logging_mixin.py:117} INFO - [2022-10-09T07:01:41.784+0000] {dag.py:3328} INFO - Setting next_dagrun for example_trigger_target_dag to None, run_after=None
[2022-10-09T07:01:41.797+0000] {processor.py:178} INFO - Processing /home/airflow/.local/lib/python3.7/site-packages/airflow/example_dags/example_trigger_target_dag.py took 0.098 seconds
[2022-10-09T07:02:12.017+0000] {processor.py:156} INFO - Started process (PID=1382) to work on /home/airflow/.local/lib/python3.7/site-packages/airflow/example_dags/example_trigger_target_dag.py
[2022-10-09T07:02:12.019+0000] {processor.py:758} INFO - Processing file /home/airflow/.local/lib/python3.7/site-packages/airflow/example_dags/example_trigger_target_dag.py for tasks to queue
[2022-10-09T07:02:12.020+0000] {logging_mixin.py:117} INFO - [2022-10-09T07:02:12.020+0000] {dagbag.py:525} INFO - Filling up the DagBag from /home/airflow/.local/lib/python3.7/site-packages/airflow/example_dags/example_trigger_target_dag.py
[2022-10-09T07:02:12.039+0000] {processor.py:768} INFO - DAG(s) dict_keys(['example_trigger_target_dag']) retrieved from /home/airflow/.local/lib/python3.7/site-packages/airflow/example_dags/example_trigger_target_dag.py
[2022-10-09T07:02:12.064+0000] {logging_mixin.py:117} INFO - [2022-10-09T07:02:12.064+0000] {dag.py:2573} INFO - Sync 1 DAGs
[2022-10-09T07:02:12.078+0000] {logging_mixin.py:117} INFO - [2022-10-09T07:02:12.078+0000] {dag.py:3328} INFO - Setting next_dagrun for example_trigger_target_dag to None, run_after=None
[2022-10-09T07:02:12.090+0000] {processor.py:178} INFO - Processing /home/airflow/.local/lib/python3.7/site-packages/airflow/example_dags/example_trigger_target_dag.py took 0.076 seconds
[2022-10-09T07:02:42.239+0000] {processor.py:156} INFO - Started process (PID=1443) to work on /home/airflow/.local/lib/python3.7/site-packages/airflow/example_dags/example_trigger_target_dag.py
[2022-10-09T07:02:42.240+0000] {processor.py:758} INFO - Processing file /home/airflow/.local/lib/python3.7/site-packages/airflow/example_dags/example_trigger_target_dag.py for tasks to queue
[2022-10-09T07:02:42.241+0000] {logging_mixin.py:117} INFO - [2022-10-09T07:02:42.241+0000] {dagbag.py:525} INFO - Filling up the DagBag from /home/airflow/.local/lib/python3.7/site-packages/airflow/example_dags/example_trigger_target_dag.py
[2022-10-09T07:02:42.260+0000] {processor.py:768} INFO - DAG(s) dict_keys(['example_trigger_target_dag']) retrieved from /home/airflow/.local/lib/python3.7/site-packages/airflow/example_dags/example_trigger_target_dag.py
[2022-10-09T07:02:42.292+0000] {logging_mixin.py:117} INFO - [2022-10-09T07:02:42.292+0000] {dag.py:2573} INFO - Sync 1 DAGs
[2022-10-09T07:02:42.316+0000] {logging_mixin.py:117} INFO - [2022-10-09T07:02:42.315+0000] {dag.py:3328} INFO - Setting next_dagrun for example_trigger_target_dag to None, run_after=None
[2022-10-09T07:02:42.329+0000] {processor.py:178} INFO - Processing /home/airflow/.local/lib/python3.7/site-packages/airflow/example_dags/example_trigger_target_dag.py took 0.093 seconds
[2022-10-09T07:03:13.107+0000] {processor.py:156} INFO - Started process (PID=1499) to work on /home/airflow/.local/lib/python3.7/site-packages/airflow/example_dags/example_trigger_target_dag.py
[2022-10-09T07:03:13.110+0000] {processor.py:758} INFO - Processing file /home/airflow/.local/lib/python3.7/site-packages/airflow/example_dags/example_trigger_target_dag.py for tasks to queue
[2022-10-09T07:03:13.114+0000] {logging_mixin.py:117} INFO - [2022-10-09T07:03:13.113+0000] {dagbag.py:525} INFO - Filling up the DagBag from /home/airflow/.local/lib/python3.7/site-packages/airflow/example_dags/example_trigger_target_dag.py
[2022-10-09T07:03:13.136+0000] {processor.py:768} INFO - DAG(s) dict_keys(['example_trigger_target_dag']) retrieved from /home/airflow/.local/lib/python3.7/site-packages/airflow/example_dags/example_trigger_target_dag.py
[2022-10-09T07:03:13.172+0000] {logging_mixin.py:117} INFO - [2022-10-09T07:03:13.172+0000] {dag.py:2573} INFO - Sync 1 DAGs
[2022-10-09T07:03:13.198+0000] {logging_mixin.py:117} INFO - [2022-10-09T07:03:13.198+0000] {dag.py:3328} INFO - Setting next_dagrun for example_trigger_target_dag to None, run_after=None
[2022-10-09T07:03:13.212+0000] {processor.py:178} INFO - Processing /home/airflow/.local/lib/python3.7/site-packages/airflow/example_dags/example_trigger_target_dag.py took 0.110 seconds
[2022-10-09T07:03:43.307+0000] {processor.py:156} INFO - Started process (PID=1561) to work on /home/airflow/.local/lib/python3.7/site-packages/airflow/example_dags/example_trigger_target_dag.py
[2022-10-09T07:03:43.309+0000] {processor.py:758} INFO - Processing file /home/airflow/.local/lib/python3.7/site-packages/airflow/example_dags/example_trigger_target_dag.py for tasks to queue
[2022-10-09T07:03:43.311+0000] {logging_mixin.py:117} INFO - [2022-10-09T07:03:43.311+0000] {dagbag.py:525} INFO - Filling up the DagBag from /home/airflow/.local/lib/python3.7/site-packages/airflow/example_dags/example_trigger_target_dag.py
[2022-10-09T07:03:43.332+0000] {processor.py:768} INFO - DAG(s) dict_keys(['example_trigger_target_dag']) retrieved from /home/airflow/.local/lib/python3.7/site-packages/airflow/example_dags/example_trigger_target_dag.py
[2022-10-09T07:03:43.358+0000] {logging_mixin.py:117} INFO - [2022-10-09T07:03:43.358+0000] {dag.py:2573} INFO - Sync 1 DAGs
[2022-10-09T07:03:43.373+0000] {logging_mixin.py:117} INFO - [2022-10-09T07:03:43.372+0000] {dag.py:3328} INFO - Setting next_dagrun for example_trigger_target_dag to None, run_after=None
[2022-10-09T07:03:43.383+0000] {processor.py:178} INFO - Processing /home/airflow/.local/lib/python3.7/site-packages/airflow/example_dags/example_trigger_target_dag.py took 0.080 seconds
[2022-10-09T07:04:13.553+0000] {processor.py:156} INFO - Started process (PID=1623) to work on /home/airflow/.local/lib/python3.7/site-packages/airflow/example_dags/example_trigger_target_dag.py
[2022-10-09T07:04:13.557+0000] {processor.py:758} INFO - Processing file /home/airflow/.local/lib/python3.7/site-packages/airflow/example_dags/example_trigger_target_dag.py for tasks to queue
[2022-10-09T07:04:13.559+0000] {logging_mixin.py:117} INFO - [2022-10-09T07:04:13.559+0000] {dagbag.py:525} INFO - Filling up the DagBag from /home/airflow/.local/lib/python3.7/site-packages/airflow/example_dags/example_trigger_target_dag.py
[2022-10-09T07:04:13.580+0000] {processor.py:768} INFO - DAG(s) dict_keys(['example_trigger_target_dag']) retrieved from /home/airflow/.local/lib/python3.7/site-packages/airflow/example_dags/example_trigger_target_dag.py
[2022-10-09T07:04:13.617+0000] {logging_mixin.py:117} INFO - [2022-10-09T07:04:13.617+0000] {dag.py:2573} INFO - Sync 1 DAGs
[2022-10-09T07:04:13.634+0000] {logging_mixin.py:117} INFO - [2022-10-09T07:04:13.634+0000] {dag.py:3328} INFO - Setting next_dagrun for example_trigger_target_dag to None, run_after=None
[2022-10-09T07:04:13.646+0000] {processor.py:178} INFO - Processing /home/airflow/.local/lib/python3.7/site-packages/airflow/example_dags/example_trigger_target_dag.py took 0.097 seconds
[2022-10-09T07:04:44.128+0000] {processor.py:156} INFO - Started process (PID=1687) to work on /home/airflow/.local/lib/python3.7/site-packages/airflow/example_dags/example_trigger_target_dag.py
[2022-10-09T07:04:44.130+0000] {processor.py:758} INFO - Processing file /home/airflow/.local/lib/python3.7/site-packages/airflow/example_dags/example_trigger_target_dag.py for tasks to queue
[2022-10-09T07:04:44.132+0000] {logging_mixin.py:117} INFO - [2022-10-09T07:04:44.132+0000] {dagbag.py:525} INFO - Filling up the DagBag from /home/airflow/.local/lib/python3.7/site-packages/airflow/example_dags/example_trigger_target_dag.py
[2022-10-09T07:04:44.199+0000] {processor.py:768} INFO - DAG(s) dict_keys(['example_trigger_target_dag']) retrieved from /home/airflow/.local/lib/python3.7/site-packages/airflow/example_dags/example_trigger_target_dag.py
[2022-10-09T07:04:44.276+0000] {logging_mixin.py:117} INFO - [2022-10-09T07:04:44.276+0000] {dag.py:2573} INFO - Sync 1 DAGs
[2022-10-09T07:04:44.294+0000] {logging_mixin.py:117} INFO - [2022-10-09T07:04:44.294+0000] {dag.py:3328} INFO - Setting next_dagrun for example_trigger_target_dag to None, run_after=None
[2022-10-09T07:04:44.308+0000] {processor.py:178} INFO - Processing /home/airflow/.local/lib/python3.7/site-packages/airflow/example_dags/example_trigger_target_dag.py took 0.185 seconds
[2022-10-09T07:05:14.925+0000] {processor.py:156} INFO - Started process (PID=1750) to work on /home/airflow/.local/lib/python3.7/site-packages/airflow/example_dags/example_trigger_target_dag.py
[2022-10-09T07:05:14.927+0000] {processor.py:758} INFO - Processing file /home/airflow/.local/lib/python3.7/site-packages/airflow/example_dags/example_trigger_target_dag.py for tasks to queue
[2022-10-09T07:05:14.930+0000] {logging_mixin.py:117} INFO - [2022-10-09T07:05:14.930+0000] {dagbag.py:525} INFO - Filling up the DagBag from /home/airflow/.local/lib/python3.7/site-packages/airflow/example_dags/example_trigger_target_dag.py
[2022-10-09T07:05:14.948+0000] {processor.py:768} INFO - DAG(s) dict_keys(['example_trigger_target_dag']) retrieved from /home/airflow/.local/lib/python3.7/site-packages/airflow/example_dags/example_trigger_target_dag.py
[2022-10-09T07:05:14.975+0000] {logging_mixin.py:117} INFO - [2022-10-09T07:05:14.975+0000] {dag.py:2573} INFO - Sync 1 DAGs
[2022-10-09T07:05:14.990+0000] {logging_mixin.py:117} INFO - [2022-10-09T07:05:14.990+0000] {dag.py:3328} INFO - Setting next_dagrun for example_trigger_target_dag to None, run_after=None
[2022-10-09T07:05:15.001+0000] {processor.py:178} INFO - Processing /home/airflow/.local/lib/python3.7/site-packages/airflow/example_dags/example_trigger_target_dag.py took 0.081 seconds
[2022-10-09T07:05:45.312+0000] {processor.py:156} INFO - Started process (PID=1804) to work on /home/airflow/.local/lib/python3.7/site-packages/airflow/example_dags/example_trigger_target_dag.py
[2022-10-09T07:05:45.315+0000] {processor.py:758} INFO - Processing file /home/airflow/.local/lib/python3.7/site-packages/airflow/example_dags/example_trigger_target_dag.py for tasks to queue
[2022-10-09T07:05:45.317+0000] {logging_mixin.py:117} INFO - [2022-10-09T07:05:45.316+0000] {dagbag.py:525} INFO - Filling up the DagBag from /home/airflow/.local/lib/python3.7/site-packages/airflow/example_dags/example_trigger_target_dag.py
[2022-10-09T07:05:45.332+0000] {processor.py:768} INFO - DAG(s) dict_keys(['example_trigger_target_dag']) retrieved from /home/airflow/.local/lib/python3.7/site-packages/airflow/example_dags/example_trigger_target_dag.py
[2022-10-09T07:05:45.359+0000] {logging_mixin.py:117} INFO - [2022-10-09T07:05:45.359+0000] {dag.py:2573} INFO - Sync 1 DAGs
[2022-10-09T07:05:45.382+0000] {logging_mixin.py:117} INFO - [2022-10-09T07:05:45.382+0000] {dag.py:3328} INFO - Setting next_dagrun for example_trigger_target_dag to None, run_after=None
[2022-10-09T07:05:45.401+0000] {processor.py:178} INFO - Processing /home/airflow/.local/lib/python3.7/site-packages/airflow/example_dags/example_trigger_target_dag.py took 0.094 seconds
[2022-10-09T07:06:16.104+0000] {processor.py:156} INFO - Started process (PID=1867) to work on /home/airflow/.local/lib/python3.7/site-packages/airflow/example_dags/example_trigger_target_dag.py
[2022-10-09T07:06:16.106+0000] {processor.py:758} INFO - Processing file /home/airflow/.local/lib/python3.7/site-packages/airflow/example_dags/example_trigger_target_dag.py for tasks to queue
[2022-10-09T07:06:16.108+0000] {logging_mixin.py:117} INFO - [2022-10-09T07:06:16.108+0000] {dagbag.py:525} INFO - Filling up the DagBag from /home/airflow/.local/lib/python3.7/site-packages/airflow/example_dags/example_trigger_target_dag.py
[2022-10-09T07:06:16.131+0000] {processor.py:768} INFO - DAG(s) dict_keys(['example_trigger_target_dag']) retrieved from /home/airflow/.local/lib/python3.7/site-packages/airflow/example_dags/example_trigger_target_dag.py
[2022-10-09T07:06:16.158+0000] {logging_mixin.py:117} INFO - [2022-10-09T07:06:16.158+0000] {dag.py:2573} INFO - Sync 1 DAGs
[2022-10-09T07:06:16.173+0000] {logging_mixin.py:117} INFO - [2022-10-09T07:06:16.173+0000] {dag.py:3328} INFO - Setting next_dagrun for example_trigger_target_dag to None, run_after=None
[2022-10-09T07:06:16.186+0000] {processor.py:178} INFO - Processing /home/airflow/.local/lib/python3.7/site-packages/airflow/example_dags/example_trigger_target_dag.py took 0.087 seconds
[2022-10-09T07:06:46.238+0000] {processor.py:156} INFO - Started process (PID=1928) to work on /home/airflow/.local/lib/python3.7/site-packages/airflow/example_dags/example_trigger_target_dag.py
[2022-10-09T07:06:46.240+0000] {processor.py:758} INFO - Processing file /home/airflow/.local/lib/python3.7/site-packages/airflow/example_dags/example_trigger_target_dag.py for tasks to queue
[2022-10-09T07:06:46.242+0000] {logging_mixin.py:117} INFO - [2022-10-09T07:06:46.242+0000] {dagbag.py:525} INFO - Filling up the DagBag from /home/airflow/.local/lib/python3.7/site-packages/airflow/example_dags/example_trigger_target_dag.py
[2022-10-09T07:06:46.261+0000] {processor.py:768} INFO - DAG(s) dict_keys(['example_trigger_target_dag']) retrieved from /home/airflow/.local/lib/python3.7/site-packages/airflow/example_dags/example_trigger_target_dag.py
[2022-10-09T07:06:46.287+0000] {logging_mixin.py:117} INFO - [2022-10-09T07:06:46.287+0000] {dag.py:2573} INFO - Sync 1 DAGs
[2022-10-09T07:06:46.301+0000] {logging_mixin.py:117} INFO - [2022-10-09T07:06:46.301+0000] {dag.py:3328} INFO - Setting next_dagrun for example_trigger_target_dag to None, run_after=None
[2022-10-09T07:06:46.317+0000] {processor.py:178} INFO - Processing /home/airflow/.local/lib/python3.7/site-packages/airflow/example_dags/example_trigger_target_dag.py took 0.084 seconds
[2022-10-09T07:07:16.506+0000] {processor.py:156} INFO - Started process (PID=1993) to work on /home/airflow/.local/lib/python3.7/site-packages/airflow/example_dags/example_trigger_target_dag.py
[2022-10-09T07:07:16.509+0000] {processor.py:758} INFO - Processing file /home/airflow/.local/lib/python3.7/site-packages/airflow/example_dags/example_trigger_target_dag.py for tasks to queue
[2022-10-09T07:07:16.511+0000] {logging_mixin.py:117} INFO - [2022-10-09T07:07:16.511+0000] {dagbag.py:525} INFO - Filling up the DagBag from /home/airflow/.local/lib/python3.7/site-packages/airflow/example_dags/example_trigger_target_dag.py
[2022-10-09T07:07:16.527+0000] {processor.py:768} INFO - DAG(s) dict_keys(['example_trigger_target_dag']) retrieved from /home/airflow/.local/lib/python3.7/site-packages/airflow/example_dags/example_trigger_target_dag.py
[2022-10-09T07:07:16.551+0000] {logging_mixin.py:117} INFO - [2022-10-09T07:07:16.551+0000] {dag.py:2573} INFO - Sync 1 DAGs
[2022-10-09T07:07:16.566+0000] {logging_mixin.py:117} INFO - [2022-10-09T07:07:16.566+0000] {dag.py:3328} INFO - Setting next_dagrun for example_trigger_target_dag to None, run_after=None
[2022-10-09T07:07:16.578+0000] {processor.py:178} INFO - Processing /home/airflow/.local/lib/python3.7/site-packages/airflow/example_dags/example_trigger_target_dag.py took 0.074 seconds
[2022-10-09T07:07:47.160+0000] {processor.py:156} INFO - Started process (PID=2058) to work on /home/airflow/.local/lib/python3.7/site-packages/airflow/example_dags/example_trigger_target_dag.py
[2022-10-09T07:07:47.163+0000] {processor.py:758} INFO - Processing file /home/airflow/.local/lib/python3.7/site-packages/airflow/example_dags/example_trigger_target_dag.py for tasks to queue
[2022-10-09T07:07:47.165+0000] {logging_mixin.py:117} INFO - [2022-10-09T07:07:47.165+0000] {dagbag.py:525} INFO - Filling up the DagBag from /home/airflow/.local/lib/python3.7/site-packages/airflow/example_dags/example_trigger_target_dag.py
[2022-10-09T07:07:47.185+0000] {processor.py:768} INFO - DAG(s) dict_keys(['example_trigger_target_dag']) retrieved from /home/airflow/.local/lib/python3.7/site-packages/airflow/example_dags/example_trigger_target_dag.py
[2022-10-09T07:07:47.216+0000] {logging_mixin.py:117} INFO - [2022-10-09T07:07:47.216+0000] {dag.py:2573} INFO - Sync 1 DAGs
[2022-10-09T07:07:47.231+0000] {logging_mixin.py:117} INFO - [2022-10-09T07:07:47.231+0000] {dag.py:3328} INFO - Setting next_dagrun for example_trigger_target_dag to None, run_after=None
[2022-10-09T07:07:47.246+0000] {processor.py:178} INFO - Processing /home/airflow/.local/lib/python3.7/site-packages/airflow/example_dags/example_trigger_target_dag.py took 0.090 seconds
[2022-10-09T07:08:17.474+0000] {processor.py:156} INFO - Started process (PID=2113) to work on /home/airflow/.local/lib/python3.7/site-packages/airflow/example_dags/example_trigger_target_dag.py
[2022-10-09T07:08:17.478+0000] {processor.py:758} INFO - Processing file /home/airflow/.local/lib/python3.7/site-packages/airflow/example_dags/example_trigger_target_dag.py for tasks to queue
[2022-10-09T07:08:17.483+0000] {logging_mixin.py:117} INFO - [2022-10-09T07:08:17.483+0000] {dagbag.py:525} INFO - Filling up the DagBag from /home/airflow/.local/lib/python3.7/site-packages/airflow/example_dags/example_trigger_target_dag.py
[2022-10-09T07:08:17.503+0000] {processor.py:768} INFO - DAG(s) dict_keys(['example_trigger_target_dag']) retrieved from /home/airflow/.local/lib/python3.7/site-packages/airflow/example_dags/example_trigger_target_dag.py
[2022-10-09T07:08:17.537+0000] {logging_mixin.py:117} INFO - [2022-10-09T07:08:17.537+0000] {dag.py:2573} INFO - Sync 1 DAGs
[2022-10-09T07:08:17.551+0000] {logging_mixin.py:117} INFO - [2022-10-09T07:08:17.551+0000] {dag.py:3328} INFO - Setting next_dagrun for example_trigger_target_dag to None, run_after=None
[2022-10-09T07:08:17.564+0000] {processor.py:178} INFO - Processing /home/airflow/.local/lib/python3.7/site-packages/airflow/example_dags/example_trigger_target_dag.py took 0.093 seconds
[2022-10-09T07:08:47.932+0000] {processor.py:156} INFO - Started process (PID=2176) to work on /home/airflow/.local/lib/python3.7/site-packages/airflow/example_dags/example_trigger_target_dag.py
[2022-10-09T07:08:47.934+0000] {processor.py:758} INFO - Processing file /home/airflow/.local/lib/python3.7/site-packages/airflow/example_dags/example_trigger_target_dag.py for tasks to queue
[2022-10-09T07:08:47.937+0000] {logging_mixin.py:117} INFO - [2022-10-09T07:08:47.937+0000] {dagbag.py:525} INFO - Filling up the DagBag from /home/airflow/.local/lib/python3.7/site-packages/airflow/example_dags/example_trigger_target_dag.py
[2022-10-09T07:08:47.960+0000] {processor.py:768} INFO - DAG(s) dict_keys(['example_trigger_target_dag']) retrieved from /home/airflow/.local/lib/python3.7/site-packages/airflow/example_dags/example_trigger_target_dag.py
[2022-10-09T07:08:47.984+0000] {logging_mixin.py:117} INFO - [2022-10-09T07:08:47.984+0000] {dag.py:2573} INFO - Sync 1 DAGs
[2022-10-09T07:08:48.000+0000] {logging_mixin.py:117} INFO - [2022-10-09T07:08:48.000+0000] {dag.py:3328} INFO - Setting next_dagrun for example_trigger_target_dag to None, run_after=None
[2022-10-09T07:08:48.011+0000] {processor.py:178} INFO - Processing /home/airflow/.local/lib/python3.7/site-packages/airflow/example_dags/example_trigger_target_dag.py took 0.083 seconds
[2022-10-09T07:09:18.123+0000] {processor.py:156} INFO - Started process (PID=2239) to work on /home/airflow/.local/lib/python3.7/site-packages/airflow/example_dags/example_trigger_target_dag.py
[2022-10-09T07:09:18.126+0000] {processor.py:758} INFO - Processing file /home/airflow/.local/lib/python3.7/site-packages/airflow/example_dags/example_trigger_target_dag.py for tasks to queue
[2022-10-09T07:09:18.127+0000] {logging_mixin.py:117} INFO - [2022-10-09T07:09:18.127+0000] {dagbag.py:525} INFO - Filling up the DagBag from /home/airflow/.local/lib/python3.7/site-packages/airflow/example_dags/example_trigger_target_dag.py
[2022-10-09T07:09:18.144+0000] {processor.py:768} INFO - DAG(s) dict_keys(['example_trigger_target_dag']) retrieved from /home/airflow/.local/lib/python3.7/site-packages/airflow/example_dags/example_trigger_target_dag.py
[2022-10-09T07:09:18.172+0000] {logging_mixin.py:117} INFO - [2022-10-09T07:09:18.172+0000] {dag.py:2573} INFO - Sync 1 DAGs
[2022-10-09T07:09:18.187+0000] {logging_mixin.py:117} INFO - [2022-10-09T07:09:18.187+0000] {dag.py:3328} INFO - Setting next_dagrun for example_trigger_target_dag to None, run_after=None
[2022-10-09T07:09:18.200+0000] {processor.py:178} INFO - Processing /home/airflow/.local/lib/python3.7/site-packages/airflow/example_dags/example_trigger_target_dag.py took 0.081 seconds
[2022-10-09T07:09:48.451+0000] {processor.py:156} INFO - Started process (PID=2302) to work on /home/airflow/.local/lib/python3.7/site-packages/airflow/example_dags/example_trigger_target_dag.py
[2022-10-09T07:09:48.453+0000] {processor.py:758} INFO - Processing file /home/airflow/.local/lib/python3.7/site-packages/airflow/example_dags/example_trigger_target_dag.py for tasks to queue
[2022-10-09T07:09:48.453+0000] {logging_mixin.py:117} INFO - [2022-10-09T07:09:48.453+0000] {dagbag.py:525} INFO - Filling up the DagBag from /home/airflow/.local/lib/python3.7/site-packages/airflow/example_dags/example_trigger_target_dag.py
[2022-10-09T07:09:48.469+0000] {processor.py:768} INFO - DAG(s) dict_keys(['example_trigger_target_dag']) retrieved from /home/airflow/.local/lib/python3.7/site-packages/airflow/example_dags/example_trigger_target_dag.py
[2022-10-09T07:09:48.495+0000] {logging_mixin.py:117} INFO - [2022-10-09T07:09:48.495+0000] {dag.py:2573} INFO - Sync 1 DAGs
[2022-10-09T07:09:48.510+0000] {logging_mixin.py:117} INFO - [2022-10-09T07:09:48.510+0000] {dag.py:3328} INFO - Setting next_dagrun for example_trigger_target_dag to None, run_after=None
[2022-10-09T07:09:48.522+0000] {processor.py:178} INFO - Processing /home/airflow/.local/lib/python3.7/site-packages/airflow/example_dags/example_trigger_target_dag.py took 0.074 seconds
[2022-10-09T07:10:19.038+0000] {processor.py:156} INFO - Started process (PID=2364) to work on /home/airflow/.local/lib/python3.7/site-packages/airflow/example_dags/example_trigger_target_dag.py
[2022-10-09T07:10:19.040+0000] {processor.py:758} INFO - Processing file /home/airflow/.local/lib/python3.7/site-packages/airflow/example_dags/example_trigger_target_dag.py for tasks to queue
[2022-10-09T07:10:19.042+0000] {logging_mixin.py:117} INFO - [2022-10-09T07:10:19.042+0000] {dagbag.py:525} INFO - Filling up the DagBag from /home/airflow/.local/lib/python3.7/site-packages/airflow/example_dags/example_trigger_target_dag.py
[2022-10-09T07:10:19.059+0000] {processor.py:768} INFO - DAG(s) dict_keys(['example_trigger_target_dag']) retrieved from /home/airflow/.local/lib/python3.7/site-packages/airflow/example_dags/example_trigger_target_dag.py
[2022-10-09T07:10:19.085+0000] {logging_mixin.py:117} INFO - [2022-10-09T07:10:19.085+0000] {dag.py:2573} INFO - Sync 1 DAGs
[2022-10-09T07:10:19.104+0000] {logging_mixin.py:117} INFO - [2022-10-09T07:10:19.103+0000] {dag.py:3328} INFO - Setting next_dagrun for example_trigger_target_dag to None, run_after=None
[2022-10-09T07:10:19.117+0000] {processor.py:178} INFO - Processing /home/airflow/.local/lib/python3.7/site-packages/airflow/example_dags/example_trigger_target_dag.py took 0.080 seconds
[2022-10-09T07:10:49.547+0000] {processor.py:156} INFO - Started process (PID=2425) to work on /home/airflow/.local/lib/python3.7/site-packages/airflow/example_dags/example_trigger_target_dag.py
[2022-10-09T07:10:49.549+0000] {processor.py:758} INFO - Processing file /home/airflow/.local/lib/python3.7/site-packages/airflow/example_dags/example_trigger_target_dag.py for tasks to queue
[2022-10-09T07:10:49.550+0000] {logging_mixin.py:117} INFO - [2022-10-09T07:10:49.550+0000] {dagbag.py:525} INFO - Filling up the DagBag from /home/airflow/.local/lib/python3.7/site-packages/airflow/example_dags/example_trigger_target_dag.py
[2022-10-09T07:10:49.584+0000] {processor.py:768} INFO - DAG(s) dict_keys(['example_trigger_target_dag']) retrieved from /home/airflow/.local/lib/python3.7/site-packages/airflow/example_dags/example_trigger_target_dag.py
[2022-10-09T07:10:49.626+0000] {logging_mixin.py:117} INFO - [2022-10-09T07:10:49.626+0000] {dag.py:2573} INFO - Sync 1 DAGs
[2022-10-09T07:10:49.646+0000] {logging_mixin.py:117} INFO - [2022-10-09T07:10:49.646+0000] {dag.py:3328} INFO - Setting next_dagrun for example_trigger_target_dag to None, run_after=None
[2022-10-09T07:10:49.662+0000] {processor.py:178} INFO - Processing /home/airflow/.local/lib/python3.7/site-packages/airflow/example_dags/example_trigger_target_dag.py took 0.118 seconds
[2022-10-09T07:11:20.090+0000] {processor.py:156} INFO - Started process (PID=2481) to work on /home/airflow/.local/lib/python3.7/site-packages/airflow/example_dags/example_trigger_target_dag.py
[2022-10-09T07:11:20.093+0000] {processor.py:758} INFO - Processing file /home/airflow/.local/lib/python3.7/site-packages/airflow/example_dags/example_trigger_target_dag.py for tasks to queue
[2022-10-09T07:11:20.095+0000] {logging_mixin.py:117} INFO - [2022-10-09T07:11:20.095+0000] {dagbag.py:525} INFO - Filling up the DagBag from /home/airflow/.local/lib/python3.7/site-packages/airflow/example_dags/example_trigger_target_dag.py
[2022-10-09T07:11:20.115+0000] {processor.py:768} INFO - DAG(s) dict_keys(['example_trigger_target_dag']) retrieved from /home/airflow/.local/lib/python3.7/site-packages/airflow/example_dags/example_trigger_target_dag.py
[2022-10-09T07:11:20.142+0000] {logging_mixin.py:117} INFO - [2022-10-09T07:11:20.142+0000] {dag.py:2573} INFO - Sync 1 DAGs
[2022-10-09T07:11:20.158+0000] {logging_mixin.py:117} INFO - [2022-10-09T07:11:20.158+0000] {dag.py:3328} INFO - Setting next_dagrun for example_trigger_target_dag to None, run_after=None
[2022-10-09T07:11:20.171+0000] {processor.py:178} INFO - Processing /home/airflow/.local/lib/python3.7/site-packages/airflow/example_dags/example_trigger_target_dag.py took 0.085 seconds
[2022-10-09T07:11:50.655+0000] {processor.py:156} INFO - Started process (PID=2544) to work on /home/airflow/.local/lib/python3.7/site-packages/airflow/example_dags/example_trigger_target_dag.py
[2022-10-09T07:11:50.657+0000] {processor.py:758} INFO - Processing file /home/airflow/.local/lib/python3.7/site-packages/airflow/example_dags/example_trigger_target_dag.py for tasks to queue
[2022-10-09T07:11:50.659+0000] {logging_mixin.py:117} INFO - [2022-10-09T07:11:50.659+0000] {dagbag.py:525} INFO - Filling up the DagBag from /home/airflow/.local/lib/python3.7/site-packages/airflow/example_dags/example_trigger_target_dag.py
[2022-10-09T07:11:50.678+0000] {processor.py:768} INFO - DAG(s) dict_keys(['example_trigger_target_dag']) retrieved from /home/airflow/.local/lib/python3.7/site-packages/airflow/example_dags/example_trigger_target_dag.py
[2022-10-09T07:11:50.705+0000] {logging_mixin.py:117} INFO - [2022-10-09T07:11:50.705+0000] {dag.py:2573} INFO - Sync 1 DAGs
[2022-10-09T07:11:50.720+0000] {logging_mixin.py:117} INFO - [2022-10-09T07:11:50.720+0000] {dag.py:3328} INFO - Setting next_dagrun for example_trigger_target_dag to None, run_after=None
[2022-10-09T07:11:50.732+0000] {processor.py:178} INFO - Processing /home/airflow/.local/lib/python3.7/site-packages/airflow/example_dags/example_trigger_target_dag.py took 0.080 seconds
[2022-10-09T07:12:20.816+0000] {processor.py:156} INFO - Started process (PID=2606) to work on /home/airflow/.local/lib/python3.7/site-packages/airflow/example_dags/example_trigger_target_dag.py
[2022-10-09T07:12:20.818+0000] {processor.py:758} INFO - Processing file /home/airflow/.local/lib/python3.7/site-packages/airflow/example_dags/example_trigger_target_dag.py for tasks to queue
[2022-10-09T07:12:20.819+0000] {logging_mixin.py:117} INFO - [2022-10-09T07:12:20.819+0000] {dagbag.py:525} INFO - Filling up the DagBag from /home/airflow/.local/lib/python3.7/site-packages/airflow/example_dags/example_trigger_target_dag.py
[2022-10-09T07:12:20.831+0000] {processor.py:768} INFO - DAG(s) dict_keys(['example_trigger_target_dag']) retrieved from /home/airflow/.local/lib/python3.7/site-packages/airflow/example_dags/example_trigger_target_dag.py
[2022-10-09T07:12:20.854+0000] {logging_mixin.py:117} INFO - [2022-10-09T07:12:20.854+0000] {dag.py:2573} INFO - Sync 1 DAGs
[2022-10-09T07:12:20.868+0000] {logging_mixin.py:117} INFO - [2022-10-09T07:12:20.867+0000] {dag.py:3328} INFO - Setting next_dagrun for example_trigger_target_dag to None, run_after=None
[2022-10-09T07:12:20.879+0000] {processor.py:178} INFO - Processing /home/airflow/.local/lib/python3.7/site-packages/airflow/example_dags/example_trigger_target_dag.py took 0.065 seconds
[2022-10-09T07:12:51.158+0000] {processor.py:156} INFO - Started process (PID=2670) to work on /home/airflow/.local/lib/python3.7/site-packages/airflow/example_dags/example_trigger_target_dag.py
[2022-10-09T07:12:51.160+0000] {processor.py:758} INFO - Processing file /home/airflow/.local/lib/python3.7/site-packages/airflow/example_dags/example_trigger_target_dag.py for tasks to queue
[2022-10-09T07:12:51.162+0000] {logging_mixin.py:117} INFO - [2022-10-09T07:12:51.162+0000] {dagbag.py:525} INFO - Filling up the DagBag from /home/airflow/.local/lib/python3.7/site-packages/airflow/example_dags/example_trigger_target_dag.py
[2022-10-09T07:12:51.177+0000] {processor.py:768} INFO - DAG(s) dict_keys(['example_trigger_target_dag']) retrieved from /home/airflow/.local/lib/python3.7/site-packages/airflow/example_dags/example_trigger_target_dag.py
[2022-10-09T07:12:51.203+0000] {logging_mixin.py:117} INFO - [2022-10-09T07:12:51.203+0000] {dag.py:2573} INFO - Sync 1 DAGs
[2022-10-09T07:12:51.219+0000] {logging_mixin.py:117} INFO - [2022-10-09T07:12:51.219+0000] {dag.py:3328} INFO - Setting next_dagrun for example_trigger_target_dag to None, run_after=None
[2022-10-09T07:12:51.231+0000] {processor.py:178} INFO - Processing /home/airflow/.local/lib/python3.7/site-packages/airflow/example_dags/example_trigger_target_dag.py took 0.076 seconds
[2022-10-09T07:13:21.651+0000] {processor.py:156} INFO - Started process (PID=2734) to work on /home/airflow/.local/lib/python3.7/site-packages/airflow/example_dags/example_trigger_target_dag.py
[2022-10-09T07:13:21.653+0000] {processor.py:758} INFO - Processing file /home/airflow/.local/lib/python3.7/site-packages/airflow/example_dags/example_trigger_target_dag.py for tasks to queue
[2022-10-09T07:13:21.654+0000] {logging_mixin.py:117} INFO - [2022-10-09T07:13:21.654+0000] {dagbag.py:525} INFO - Filling up the DagBag from /home/airflow/.local/lib/python3.7/site-packages/airflow/example_dags/example_trigger_target_dag.py
[2022-10-09T07:13:21.675+0000] {processor.py:768} INFO - DAG(s) dict_keys(['example_trigger_target_dag']) retrieved from /home/airflow/.local/lib/python3.7/site-packages/airflow/example_dags/example_trigger_target_dag.py
[2022-10-09T07:13:21.711+0000] {logging_mixin.py:117} INFO - [2022-10-09T07:13:21.711+0000] {dag.py:2573} INFO - Sync 1 DAGs
[2022-10-09T07:13:21.735+0000] {logging_mixin.py:117} INFO - [2022-10-09T07:13:21.735+0000] {dag.py:3328} INFO - Setting next_dagrun for example_trigger_target_dag to None, run_after=None
[2022-10-09T07:13:21.751+0000] {processor.py:178} INFO - Processing /home/airflow/.local/lib/python3.7/site-packages/airflow/example_dags/example_trigger_target_dag.py took 0.103 seconds
[2022-10-09T07:13:51.979+0000] {processor.py:156} INFO - Started process (PID=2787) to work on /home/airflow/.local/lib/python3.7/site-packages/airflow/example_dags/example_trigger_target_dag.py
[2022-10-09T07:13:51.981+0000] {processor.py:758} INFO - Processing file /home/airflow/.local/lib/python3.7/site-packages/airflow/example_dags/example_trigger_target_dag.py for tasks to queue
[2022-10-09T07:13:51.982+0000] {logging_mixin.py:117} INFO - [2022-10-09T07:13:51.982+0000] {dagbag.py:525} INFO - Filling up the DagBag from /home/airflow/.local/lib/python3.7/site-packages/airflow/example_dags/example_trigger_target_dag.py
[2022-10-09T07:13:51.996+0000] {processor.py:768} INFO - DAG(s) dict_keys(['example_trigger_target_dag']) retrieved from /home/airflow/.local/lib/python3.7/site-packages/airflow/example_dags/example_trigger_target_dag.py
[2022-10-09T07:13:52.022+0000] {logging_mixin.py:117} INFO - [2022-10-09T07:13:52.022+0000] {dag.py:2573} INFO - Sync 1 DAGs
[2022-10-09T07:13:52.037+0000] {logging_mixin.py:117} INFO - [2022-10-09T07:13:52.037+0000] {dag.py:3328} INFO - Setting next_dagrun for example_trigger_target_dag to None, run_after=None
[2022-10-09T07:13:52.048+0000] {processor.py:178} INFO - Processing /home/airflow/.local/lib/python3.7/site-packages/airflow/example_dags/example_trigger_target_dag.py took 0.071 seconds
[2022-10-09T07:14:22.571+0000] {processor.py:156} INFO - Started process (PID=2849) to work on /home/airflow/.local/lib/python3.7/site-packages/airflow/example_dags/example_trigger_target_dag.py
[2022-10-09T07:14:22.572+0000] {processor.py:758} INFO - Processing file /home/airflow/.local/lib/python3.7/site-packages/airflow/example_dags/example_trigger_target_dag.py for tasks to queue
[2022-10-09T07:14:22.573+0000] {logging_mixin.py:117} INFO - [2022-10-09T07:14:22.573+0000] {dagbag.py:525} INFO - Filling up the DagBag from /home/airflow/.local/lib/python3.7/site-packages/airflow/example_dags/example_trigger_target_dag.py
[2022-10-09T07:14:22.587+0000] {processor.py:768} INFO - DAG(s) dict_keys(['example_trigger_target_dag']) retrieved from /home/airflow/.local/lib/python3.7/site-packages/airflow/example_dags/example_trigger_target_dag.py
[2022-10-09T07:14:22.613+0000] {logging_mixin.py:117} INFO - [2022-10-09T07:14:22.613+0000] {dag.py:2573} INFO - Sync 1 DAGs
[2022-10-09T07:14:22.631+0000] {logging_mixin.py:117} INFO - [2022-10-09T07:14:22.630+0000] {dag.py:3328} INFO - Setting next_dagrun for example_trigger_target_dag to None, run_after=None
[2022-10-09T07:14:22.645+0000] {processor.py:178} INFO - Processing /home/airflow/.local/lib/python3.7/site-packages/airflow/example_dags/example_trigger_target_dag.py took 0.076 seconds
[2022-10-09T07:14:52.887+0000] {processor.py:156} INFO - Started process (PID=2913) to work on /home/airflow/.local/lib/python3.7/site-packages/airflow/example_dags/example_trigger_target_dag.py
[2022-10-09T07:14:52.889+0000] {processor.py:758} INFO - Processing file /home/airflow/.local/lib/python3.7/site-packages/airflow/example_dags/example_trigger_target_dag.py for tasks to queue
[2022-10-09T07:14:52.890+0000] {logging_mixin.py:117} INFO - [2022-10-09T07:14:52.889+0000] {dagbag.py:525} INFO - Filling up the DagBag from /home/airflow/.local/lib/python3.7/site-packages/airflow/example_dags/example_trigger_target_dag.py
[2022-10-09T07:14:52.903+0000] {processor.py:768} INFO - DAG(s) dict_keys(['example_trigger_target_dag']) retrieved from /home/airflow/.local/lib/python3.7/site-packages/airflow/example_dags/example_trigger_target_dag.py
[2022-10-09T07:14:52.928+0000] {logging_mixin.py:117} INFO - [2022-10-09T07:14:52.928+0000] {dag.py:2573} INFO - Sync 1 DAGs
[2022-10-09T07:14:52.944+0000] {logging_mixin.py:117} INFO - [2022-10-09T07:14:52.943+0000] {dag.py:3328} INFO - Setting next_dagrun for example_trigger_target_dag to None, run_after=None
[2022-10-09T07:14:52.956+0000] {processor.py:178} INFO - Processing /home/airflow/.local/lib/python3.7/site-packages/airflow/example_dags/example_trigger_target_dag.py took 0.071 seconds
[2022-10-09T07:15:23.083+0000] {processor.py:156} INFO - Started process (PID=2976) to work on /home/airflow/.local/lib/python3.7/site-packages/airflow/example_dags/example_trigger_target_dag.py
[2022-10-09T07:15:23.085+0000] {processor.py:758} INFO - Processing file /home/airflow/.local/lib/python3.7/site-packages/airflow/example_dags/example_trigger_target_dag.py for tasks to queue
[2022-10-09T07:15:23.088+0000] {logging_mixin.py:117} INFO - [2022-10-09T07:15:23.088+0000] {dagbag.py:525} INFO - Filling up the DagBag from /home/airflow/.local/lib/python3.7/site-packages/airflow/example_dags/example_trigger_target_dag.py
[2022-10-09T07:15:23.107+0000] {processor.py:768} INFO - DAG(s) dict_keys(['example_trigger_target_dag']) retrieved from /home/airflow/.local/lib/python3.7/site-packages/airflow/example_dags/example_trigger_target_dag.py
[2022-10-09T07:15:23.142+0000] {logging_mixin.py:117} INFO - [2022-10-09T07:15:23.142+0000] {dag.py:2573} INFO - Sync 1 DAGs
[2022-10-09T07:15:23.160+0000] {logging_mixin.py:117} INFO - [2022-10-09T07:15:23.160+0000] {dag.py:3328} INFO - Setting next_dagrun for example_trigger_target_dag to None, run_after=None
[2022-10-09T07:15:23.175+0000] {processor.py:178} INFO - Processing /home/airflow/.local/lib/python3.7/site-packages/airflow/example_dags/example_trigger_target_dag.py took 0.095 seconds
[2022-10-09T07:15:53.454+0000] {processor.py:156} INFO - Started process (PID=3039) to work on /home/airflow/.local/lib/python3.7/site-packages/airflow/example_dags/example_trigger_target_dag.py
[2022-10-09T07:15:53.456+0000] {processor.py:758} INFO - Processing file /home/airflow/.local/lib/python3.7/site-packages/airflow/example_dags/example_trigger_target_dag.py for tasks to queue
[2022-10-09T07:15:53.456+0000] {logging_mixin.py:117} INFO - [2022-10-09T07:15:53.456+0000] {dagbag.py:525} INFO - Filling up the DagBag from /home/airflow/.local/lib/python3.7/site-packages/airflow/example_dags/example_trigger_target_dag.py
[2022-10-09T07:15:53.471+0000] {processor.py:768} INFO - DAG(s) dict_keys(['example_trigger_target_dag']) retrieved from /home/airflow/.local/lib/python3.7/site-packages/airflow/example_dags/example_trigger_target_dag.py
[2022-10-09T07:15:53.496+0000] {logging_mixin.py:117} INFO - [2022-10-09T07:15:53.496+0000] {dag.py:2573} INFO - Sync 1 DAGs
[2022-10-09T07:15:53.510+0000] {logging_mixin.py:117} INFO - [2022-10-09T07:15:53.510+0000] {dag.py:3328} INFO - Setting next_dagrun for example_trigger_target_dag to None, run_after=None
[2022-10-09T07:15:53.521+0000] {processor.py:178} INFO - Processing /home/airflow/.local/lib/python3.7/site-packages/airflow/example_dags/example_trigger_target_dag.py took 0.070 seconds
[2022-10-09T07:16:23.687+0000] {processor.py:156} INFO - Started process (PID=3092) to work on /home/airflow/.local/lib/python3.7/site-packages/airflow/example_dags/example_trigger_target_dag.py
[2022-10-09T07:16:23.689+0000] {processor.py:758} INFO - Processing file /home/airflow/.local/lib/python3.7/site-packages/airflow/example_dags/example_trigger_target_dag.py for tasks to queue
[2022-10-09T07:16:23.689+0000] {logging_mixin.py:117} INFO - [2022-10-09T07:16:23.689+0000] {dagbag.py:525} INFO - Filling up the DagBag from /home/airflow/.local/lib/python3.7/site-packages/airflow/example_dags/example_trigger_target_dag.py
[2022-10-09T07:16:23.702+0000] {processor.py:768} INFO - DAG(s) dict_keys(['example_trigger_target_dag']) retrieved from /home/airflow/.local/lib/python3.7/site-packages/airflow/example_dags/example_trigger_target_dag.py
[2022-10-09T07:16:23.724+0000] {logging_mixin.py:117} INFO - [2022-10-09T07:16:23.724+0000] {dag.py:2573} INFO - Sync 1 DAGs
[2022-10-09T07:16:23.736+0000] {logging_mixin.py:117} INFO - [2022-10-09T07:16:23.736+0000] {dag.py:3328} INFO - Setting next_dagrun for example_trigger_target_dag to None, run_after=None
[2022-10-09T07:16:23.748+0000] {processor.py:178} INFO - Processing /home/airflow/.local/lib/python3.7/site-packages/airflow/example_dags/example_trigger_target_dag.py took 0.064 seconds
[2022-10-09T07:16:54.073+0000] {processor.py:156} INFO - Started process (PID=3154) to work on /home/airflow/.local/lib/python3.7/site-packages/airflow/example_dags/example_trigger_target_dag.py
[2022-10-09T07:16:54.074+0000] {processor.py:758} INFO - Processing file /home/airflow/.local/lib/python3.7/site-packages/airflow/example_dags/example_trigger_target_dag.py for tasks to queue
[2022-10-09T07:16:54.075+0000] {logging_mixin.py:117} INFO - [2022-10-09T07:16:54.075+0000] {dagbag.py:525} INFO - Filling up the DagBag from /home/airflow/.local/lib/python3.7/site-packages/airflow/example_dags/example_trigger_target_dag.py
[2022-10-09T07:16:54.088+0000] {processor.py:768} INFO - DAG(s) dict_keys(['example_trigger_target_dag']) retrieved from /home/airflow/.local/lib/python3.7/site-packages/airflow/example_dags/example_trigger_target_dag.py
[2022-10-09T07:16:54.111+0000] {logging_mixin.py:117} INFO - [2022-10-09T07:16:54.111+0000] {dag.py:2573} INFO - Sync 1 DAGs
[2022-10-09T07:16:54.125+0000] {logging_mixin.py:117} INFO - [2022-10-09T07:16:54.124+0000] {dag.py:3328} INFO - Setting next_dagrun for example_trigger_target_dag to None, run_after=None
[2022-10-09T07:16:54.134+0000] {processor.py:178} INFO - Processing /home/airflow/.local/lib/python3.7/site-packages/airflow/example_dags/example_trigger_target_dag.py took 0.064 seconds
[2022-10-09T07:17:24.351+0000] {processor.py:156} INFO - Started process (PID=3218) to work on /home/airflow/.local/lib/python3.7/site-packages/airflow/example_dags/example_trigger_target_dag.py
[2022-10-09T07:17:24.353+0000] {processor.py:758} INFO - Processing file /home/airflow/.local/lib/python3.7/site-packages/airflow/example_dags/example_trigger_target_dag.py for tasks to queue
[2022-10-09T07:17:24.354+0000] {logging_mixin.py:117} INFO - [2022-10-09T07:17:24.354+0000] {dagbag.py:525} INFO - Filling up the DagBag from /home/airflow/.local/lib/python3.7/site-packages/airflow/example_dags/example_trigger_target_dag.py
[2022-10-09T07:17:24.367+0000] {processor.py:768} INFO - DAG(s) dict_keys(['example_trigger_target_dag']) retrieved from /home/airflow/.local/lib/python3.7/site-packages/airflow/example_dags/example_trigger_target_dag.py
[2022-10-09T07:17:24.394+0000] {logging_mixin.py:117} INFO - [2022-10-09T07:17:24.393+0000] {dag.py:2573} INFO - Sync 1 DAGs
[2022-10-09T07:17:24.408+0000] {logging_mixin.py:117} INFO - [2022-10-09T07:17:24.408+0000] {dag.py:3328} INFO - Setting next_dagrun for example_trigger_target_dag to None, run_after=None
[2022-10-09T07:17:24.420+0000] {processor.py:178} INFO - Processing /home/airflow/.local/lib/python3.7/site-packages/airflow/example_dags/example_trigger_target_dag.py took 0.071 seconds
[2022-10-09T07:17:55.152+0000] {processor.py:156} INFO - Started process (PID=3279) to work on /home/airflow/.local/lib/python3.7/site-packages/airflow/example_dags/example_trigger_target_dag.py
[2022-10-09T07:17:55.154+0000] {processor.py:758} INFO - Processing file /home/airflow/.local/lib/python3.7/site-packages/airflow/example_dags/example_trigger_target_dag.py for tasks to queue
[2022-10-09T07:17:55.155+0000] {logging_mixin.py:117} INFO - [2022-10-09T07:17:55.155+0000] {dagbag.py:525} INFO - Filling up the DagBag from /home/airflow/.local/lib/python3.7/site-packages/airflow/example_dags/example_trigger_target_dag.py
[2022-10-09T07:17:55.168+0000] {processor.py:768} INFO - DAG(s) dict_keys(['example_trigger_target_dag']) retrieved from /home/airflow/.local/lib/python3.7/site-packages/airflow/example_dags/example_trigger_target_dag.py
[2022-10-09T07:17:55.193+0000] {logging_mixin.py:117} INFO - [2022-10-09T07:17:55.193+0000] {dag.py:2573} INFO - Sync 1 DAGs
[2022-10-09T07:17:55.206+0000] {logging_mixin.py:117} INFO - [2022-10-09T07:17:55.206+0000] {dag.py:3328} INFO - Setting next_dagrun for example_trigger_target_dag to None, run_after=None
[2022-10-09T07:17:55.218+0000] {processor.py:178} INFO - Processing /home/airflow/.local/lib/python3.7/site-packages/airflow/example_dags/example_trigger_target_dag.py took 0.068 seconds
[2022-10-09T07:18:25.376+0000] {processor.py:156} INFO - Started process (PID=3342) to work on /home/airflow/.local/lib/python3.7/site-packages/airflow/example_dags/example_trigger_target_dag.py
[2022-10-09T07:18:25.377+0000] {processor.py:758} INFO - Processing file /home/airflow/.local/lib/python3.7/site-packages/airflow/example_dags/example_trigger_target_dag.py for tasks to queue
[2022-10-09T07:18:25.378+0000] {logging_mixin.py:117} INFO - [2022-10-09T07:18:25.378+0000] {dagbag.py:525} INFO - Filling up the DagBag from /home/airflow/.local/lib/python3.7/site-packages/airflow/example_dags/example_trigger_target_dag.py
[2022-10-09T07:18:25.392+0000] {processor.py:768} INFO - DAG(s) dict_keys(['example_trigger_target_dag']) retrieved from /home/airflow/.local/lib/python3.7/site-packages/airflow/example_dags/example_trigger_target_dag.py
[2022-10-09T07:18:25.417+0000] {logging_mixin.py:117} INFO - [2022-10-09T07:18:25.417+0000] {dag.py:2573} INFO - Sync 1 DAGs
[2022-10-09T07:18:25.431+0000] {logging_mixin.py:117} INFO - [2022-10-09T07:18:25.431+0000] {dag.py:3328} INFO - Setting next_dagrun for example_trigger_target_dag to None, run_after=None
[2022-10-09T07:18:25.443+0000] {processor.py:178} INFO - Processing /home/airflow/.local/lib/python3.7/site-packages/airflow/example_dags/example_trigger_target_dag.py took 0.069 seconds
[2022-10-09T07:18:55.877+0000] {processor.py:156} INFO - Started process (PID=3404) to work on /home/airflow/.local/lib/python3.7/site-packages/airflow/example_dags/example_trigger_target_dag.py
[2022-10-09T07:18:55.880+0000] {processor.py:758} INFO - Processing file /home/airflow/.local/lib/python3.7/site-packages/airflow/example_dags/example_trigger_target_dag.py for tasks to queue
[2022-10-09T07:18:55.882+0000] {logging_mixin.py:117} INFO - [2022-10-09T07:18:55.882+0000] {dagbag.py:525} INFO - Filling up the DagBag from /home/airflow/.local/lib/python3.7/site-packages/airflow/example_dags/example_trigger_target_dag.py
[2022-10-09T07:18:55.899+0000] {processor.py:768} INFO - DAG(s) dict_keys(['example_trigger_target_dag']) retrieved from /home/airflow/.local/lib/python3.7/site-packages/airflow/example_dags/example_trigger_target_dag.py
[2022-10-09T07:18:55.949+0000] {logging_mixin.py:117} INFO - [2022-10-09T07:18:55.949+0000] {dag.py:2573} INFO - Sync 1 DAGs
[2022-10-09T07:18:55.981+0000] {logging_mixin.py:117} INFO - [2022-10-09T07:18:55.981+0000] {dag.py:3328} INFO - Setting next_dagrun for example_trigger_target_dag to None, run_after=None
[2022-10-09T07:18:56.003+0000] {processor.py:178} INFO - Processing /home/airflow/.local/lib/python3.7/site-packages/airflow/example_dags/example_trigger_target_dag.py took 0.129 seconds
[2022-10-09T07:19:26.952+0000] {processor.py:156} INFO - Started process (PID=3458) to work on /home/airflow/.local/lib/python3.7/site-packages/airflow/example_dags/example_trigger_target_dag.py
[2022-10-09T07:19:26.955+0000] {processor.py:758} INFO - Processing file /home/airflow/.local/lib/python3.7/site-packages/airflow/example_dags/example_trigger_target_dag.py for tasks to queue
[2022-10-09T07:19:26.957+0000] {logging_mixin.py:117} INFO - [2022-10-09T07:19:26.957+0000] {dagbag.py:525} INFO - Filling up the DagBag from /home/airflow/.local/lib/python3.7/site-packages/airflow/example_dags/example_trigger_target_dag.py
[2022-10-09T07:19:26.983+0000] {processor.py:768} INFO - DAG(s) dict_keys(['example_trigger_target_dag']) retrieved from /home/airflow/.local/lib/python3.7/site-packages/airflow/example_dags/example_trigger_target_dag.py
[2022-10-09T07:19:27.020+0000] {logging_mixin.py:117} INFO - [2022-10-09T07:19:27.020+0000] {dag.py:2573} INFO - Sync 1 DAGs
[2022-10-09T07:19:27.035+0000] {logging_mixin.py:117} INFO - [2022-10-09T07:19:27.035+0000] {dag.py:3328} INFO - Setting next_dagrun for example_trigger_target_dag to None, run_after=None
[2022-10-09T07:19:27.047+0000] {processor.py:178} INFO - Processing /home/airflow/.local/lib/python3.7/site-packages/airflow/example_dags/example_trigger_target_dag.py took 0.100 seconds
[2022-10-09T07:19:57.239+0000] {processor.py:156} INFO - Started process (PID=3522) to work on /home/airflow/.local/lib/python3.7/site-packages/airflow/example_dags/example_trigger_target_dag.py
[2022-10-09T07:19:57.243+0000] {processor.py:758} INFO - Processing file /home/airflow/.local/lib/python3.7/site-packages/airflow/example_dags/example_trigger_target_dag.py for tasks to queue
[2022-10-09T07:19:57.246+0000] {logging_mixin.py:117} INFO - [2022-10-09T07:19:57.246+0000] {dagbag.py:525} INFO - Filling up the DagBag from /home/airflow/.local/lib/python3.7/site-packages/airflow/example_dags/example_trigger_target_dag.py
[2022-10-09T07:19:57.271+0000] {processor.py:768} INFO - DAG(s) dict_keys(['example_trigger_target_dag']) retrieved from /home/airflow/.local/lib/python3.7/site-packages/airflow/example_dags/example_trigger_target_dag.py
[2022-10-09T07:19:57.317+0000] {logging_mixin.py:117} INFO - [2022-10-09T07:19:57.317+0000] {dag.py:2573} INFO - Sync 1 DAGs
[2022-10-09T07:19:57.335+0000] {logging_mixin.py:117} INFO - [2022-10-09T07:19:57.335+0000] {dag.py:3328} INFO - Setting next_dagrun for example_trigger_target_dag to None, run_after=None
[2022-10-09T07:19:57.348+0000] {processor.py:178} INFO - Processing /home/airflow/.local/lib/python3.7/site-packages/airflow/example_dags/example_trigger_target_dag.py took 0.113 seconds
[2022-10-09T07:20:27.753+0000] {processor.py:156} INFO - Started process (PID=3585) to work on /home/airflow/.local/lib/python3.7/site-packages/airflow/example_dags/example_trigger_target_dag.py
[2022-10-09T07:20:27.754+0000] {processor.py:758} INFO - Processing file /home/airflow/.local/lib/python3.7/site-packages/airflow/example_dags/example_trigger_target_dag.py for tasks to queue
[2022-10-09T07:20:27.755+0000] {logging_mixin.py:117} INFO - [2022-10-09T07:20:27.755+0000] {dagbag.py:525} INFO - Filling up the DagBag from /home/airflow/.local/lib/python3.7/site-packages/airflow/example_dags/example_trigger_target_dag.py
[2022-10-09T07:20:27.771+0000] {processor.py:768} INFO - DAG(s) dict_keys(['example_trigger_target_dag']) retrieved from /home/airflow/.local/lib/python3.7/site-packages/airflow/example_dags/example_trigger_target_dag.py
[2022-10-09T07:20:27.798+0000] {logging_mixin.py:117} INFO - [2022-10-09T07:20:27.798+0000] {dag.py:2573} INFO - Sync 1 DAGs
[2022-10-09T07:20:27.816+0000] {logging_mixin.py:117} INFO - [2022-10-09T07:20:27.816+0000] {dag.py:3328} INFO - Setting next_dagrun for example_trigger_target_dag to None, run_after=None
[2022-10-09T07:20:27.828+0000] {processor.py:178} INFO - Processing /home/airflow/.local/lib/python3.7/site-packages/airflow/example_dags/example_trigger_target_dag.py took 0.078 seconds
[2022-10-09T07:20:58.511+0000] {processor.py:156} INFO - Started process (PID=3648) to work on /home/airflow/.local/lib/python3.7/site-packages/airflow/example_dags/example_trigger_target_dag.py
[2022-10-09T07:20:58.513+0000] {processor.py:758} INFO - Processing file /home/airflow/.local/lib/python3.7/site-packages/airflow/example_dags/example_trigger_target_dag.py for tasks to queue
[2022-10-09T07:20:58.514+0000] {logging_mixin.py:117} INFO - [2022-10-09T07:20:58.514+0000] {dagbag.py:525} INFO - Filling up the DagBag from /home/airflow/.local/lib/python3.7/site-packages/airflow/example_dags/example_trigger_target_dag.py
[2022-10-09T07:20:58.530+0000] {processor.py:768} INFO - DAG(s) dict_keys(['example_trigger_target_dag']) retrieved from /home/airflow/.local/lib/python3.7/site-packages/airflow/example_dags/example_trigger_target_dag.py
[2022-10-09T07:20:58.558+0000] {logging_mixin.py:117} INFO - [2022-10-09T07:20:58.557+0000] {dag.py:2573} INFO - Sync 1 DAGs
[2022-10-09T07:20:58.574+0000] {logging_mixin.py:117} INFO - [2022-10-09T07:20:58.574+0000] {dag.py:3328} INFO - Setting next_dagrun for example_trigger_target_dag to None, run_after=None
[2022-10-09T07:20:58.587+0000] {processor.py:178} INFO - Processing /home/airflow/.local/lib/python3.7/site-packages/airflow/example_dags/example_trigger_target_dag.py took 0.078 seconds
[2022-10-09T07:21:28.877+0000] {processor.py:156} INFO - Started process (PID=3711) to work on /home/airflow/.local/lib/python3.7/site-packages/airflow/example_dags/example_trigger_target_dag.py
[2022-10-09T07:21:28.879+0000] {processor.py:758} INFO - Processing file /home/airflow/.local/lib/python3.7/site-packages/airflow/example_dags/example_trigger_target_dag.py for tasks to queue
[2022-10-09T07:21:28.881+0000] {logging_mixin.py:117} INFO - [2022-10-09T07:21:28.880+0000] {dagbag.py:525} INFO - Filling up the DagBag from /home/airflow/.local/lib/python3.7/site-packages/airflow/example_dags/example_trigger_target_dag.py
[2022-10-09T07:21:28.897+0000] {processor.py:768} INFO - DAG(s) dict_keys(['example_trigger_target_dag']) retrieved from /home/airflow/.local/lib/python3.7/site-packages/airflow/example_dags/example_trigger_target_dag.py
[2022-10-09T07:21:28.942+0000] {logging_mixin.py:117} INFO - [2022-10-09T07:21:28.942+0000] {dag.py:2573} INFO - Sync 1 DAGs
[2022-10-09T07:21:28.964+0000] {logging_mixin.py:117} INFO - [2022-10-09T07:21:28.964+0000] {dag.py:3328} INFO - Setting next_dagrun for example_trigger_target_dag to None, run_after=None
[2022-10-09T07:21:28.981+0000] {processor.py:178} INFO - Processing /home/airflow/.local/lib/python3.7/site-packages/airflow/example_dags/example_trigger_target_dag.py took 0.110 seconds
[2022-10-09T07:21:59.369+0000] {processor.py:156} INFO - Started process (PID=3763) to work on /home/airflow/.local/lib/python3.7/site-packages/airflow/example_dags/example_trigger_target_dag.py
[2022-10-09T07:21:59.371+0000] {processor.py:758} INFO - Processing file /home/airflow/.local/lib/python3.7/site-packages/airflow/example_dags/example_trigger_target_dag.py for tasks to queue
[2022-10-09T07:21:59.372+0000] {logging_mixin.py:117} INFO - [2022-10-09T07:21:59.372+0000] {dagbag.py:525} INFO - Filling up the DagBag from /home/airflow/.local/lib/python3.7/site-packages/airflow/example_dags/example_trigger_target_dag.py
[2022-10-09T07:21:59.392+0000] {processor.py:768} INFO - DAG(s) dict_keys(['example_trigger_target_dag']) retrieved from /home/airflow/.local/lib/python3.7/site-packages/airflow/example_dags/example_trigger_target_dag.py
[2022-10-09T07:21:59.420+0000] {logging_mixin.py:117} INFO - [2022-10-09T07:21:59.420+0000] {dag.py:2573} INFO - Sync 1 DAGs
[2022-10-09T07:21:59.434+0000] {logging_mixin.py:117} INFO - [2022-10-09T07:21:59.434+0000] {dag.py:3328} INFO - Setting next_dagrun for example_trigger_target_dag to None, run_after=None
[2022-10-09T07:21:59.445+0000] {processor.py:178} INFO - Processing /home/airflow/.local/lib/python3.7/site-packages/airflow/example_dags/example_trigger_target_dag.py took 0.080 seconds
[2022-10-09T07:22:29.714+0000] {processor.py:156} INFO - Started process (PID=3826) to work on /home/airflow/.local/lib/python3.7/site-packages/airflow/example_dags/example_trigger_target_dag.py
[2022-10-09T07:22:29.717+0000] {processor.py:758} INFO - Processing file /home/airflow/.local/lib/python3.7/site-packages/airflow/example_dags/example_trigger_target_dag.py for tasks to queue
[2022-10-09T07:22:29.719+0000] {logging_mixin.py:117} INFO - [2022-10-09T07:22:29.719+0000] {dagbag.py:525} INFO - Filling up the DagBag from /home/airflow/.local/lib/python3.7/site-packages/airflow/example_dags/example_trigger_target_dag.py
[2022-10-09T07:22:29.741+0000] {processor.py:768} INFO - DAG(s) dict_keys(['example_trigger_target_dag']) retrieved from /home/airflow/.local/lib/python3.7/site-packages/airflow/example_dags/example_trigger_target_dag.py
[2022-10-09T07:22:29.768+0000] {logging_mixin.py:117} INFO - [2022-10-09T07:22:29.768+0000] {dag.py:2573} INFO - Sync 1 DAGs
[2022-10-09T07:22:29.782+0000] {logging_mixin.py:117} INFO - [2022-10-09T07:22:29.782+0000] {dag.py:3328} INFO - Setting next_dagrun for example_trigger_target_dag to None, run_after=None
[2022-10-09T07:22:29.794+0000] {processor.py:178} INFO - Processing /home/airflow/.local/lib/python3.7/site-packages/airflow/example_dags/example_trigger_target_dag.py took 0.085 seconds
[2022-10-09T07:22:59.915+0000] {processor.py:156} INFO - Started process (PID=3889) to work on /home/airflow/.local/lib/python3.7/site-packages/airflow/example_dags/example_trigger_target_dag.py
[2022-10-09T07:22:59.919+0000] {processor.py:758} INFO - Processing file /home/airflow/.local/lib/python3.7/site-packages/airflow/example_dags/example_trigger_target_dag.py for tasks to queue
[2022-10-09T07:22:59.922+0000] {logging_mixin.py:117} INFO - [2022-10-09T07:22:59.921+0000] {dagbag.py:525} INFO - Filling up the DagBag from /home/airflow/.local/lib/python3.7/site-packages/airflow/example_dags/example_trigger_target_dag.py
[2022-10-09T07:22:59.949+0000] {processor.py:768} INFO - DAG(s) dict_keys(['example_trigger_target_dag']) retrieved from /home/airflow/.local/lib/python3.7/site-packages/airflow/example_dags/example_trigger_target_dag.py
[2022-10-09T07:22:59.981+0000] {logging_mixin.py:117} INFO - [2022-10-09T07:22:59.980+0000] {dag.py:2573} INFO - Sync 1 DAGs
[2022-10-09T07:22:59.997+0000] {logging_mixin.py:117} INFO - [2022-10-09T07:22:59.997+0000] {dag.py:3328} INFO - Setting next_dagrun for example_trigger_target_dag to None, run_after=None
[2022-10-09T07:23:00.010+0000] {processor.py:178} INFO - Processing /home/airflow/.local/lib/python3.7/site-packages/airflow/example_dags/example_trigger_target_dag.py took 0.100 seconds
[2022-10-09T07:23:30.252+0000] {processor.py:156} INFO - Started process (PID=3953) to work on /home/airflow/.local/lib/python3.7/site-packages/airflow/example_dags/example_trigger_target_dag.py
[2022-10-09T07:23:30.253+0000] {processor.py:758} INFO - Processing file /home/airflow/.local/lib/python3.7/site-packages/airflow/example_dags/example_trigger_target_dag.py for tasks to queue
[2022-10-09T07:23:30.254+0000] {logging_mixin.py:117} INFO - [2022-10-09T07:23:30.254+0000] {dagbag.py:525} INFO - Filling up the DagBag from /home/airflow/.local/lib/python3.7/site-packages/airflow/example_dags/example_trigger_target_dag.py
[2022-10-09T07:23:30.272+0000] {processor.py:768} INFO - DAG(s) dict_keys(['example_trigger_target_dag']) retrieved from /home/airflow/.local/lib/python3.7/site-packages/airflow/example_dags/example_trigger_target_dag.py
[2022-10-09T07:23:30.309+0000] {logging_mixin.py:117} INFO - [2022-10-09T07:23:30.309+0000] {dag.py:2573} INFO - Sync 1 DAGs
[2022-10-09T07:23:30.326+0000] {logging_mixin.py:117} INFO - [2022-10-09T07:23:30.326+0000] {dag.py:3328} INFO - Setting next_dagrun for example_trigger_target_dag to None, run_after=None
[2022-10-09T07:23:30.337+0000] {processor.py:178} INFO - Processing /home/airflow/.local/lib/python3.7/site-packages/airflow/example_dags/example_trigger_target_dag.py took 0.088 seconds
[2022-10-09T07:24:00.631+0000] {processor.py:156} INFO - Started process (PID=4016) to work on /home/airflow/.local/lib/python3.7/site-packages/airflow/example_dags/example_trigger_target_dag.py
[2022-10-09T07:24:00.633+0000] {processor.py:758} INFO - Processing file /home/airflow/.local/lib/python3.7/site-packages/airflow/example_dags/example_trigger_target_dag.py for tasks to queue
[2022-10-09T07:24:00.634+0000] {logging_mixin.py:117} INFO - [2022-10-09T07:24:00.634+0000] {dagbag.py:525} INFO - Filling up the DagBag from /home/airflow/.local/lib/python3.7/site-packages/airflow/example_dags/example_trigger_target_dag.py
[2022-10-09T07:24:00.647+0000] {processor.py:768} INFO - DAG(s) dict_keys(['example_trigger_target_dag']) retrieved from /home/airflow/.local/lib/python3.7/site-packages/airflow/example_dags/example_trigger_target_dag.py
[2022-10-09T07:24:00.674+0000] {logging_mixin.py:117} INFO - [2022-10-09T07:24:00.674+0000] {dag.py:2573} INFO - Sync 1 DAGs
[2022-10-09T07:24:00.689+0000] {logging_mixin.py:117} INFO - [2022-10-09T07:24:00.689+0000] {dag.py:3328} INFO - Setting next_dagrun for example_trigger_target_dag to None, run_after=None
[2022-10-09T07:24:00.700+0000] {processor.py:178} INFO - Processing /home/airflow/.local/lib/python3.7/site-packages/airflow/example_dags/example_trigger_target_dag.py took 0.071 seconds
[2022-10-09T07:24:31.185+0000] {processor.py:156} INFO - Started process (PID=4073) to work on /home/airflow/.local/lib/python3.7/site-packages/airflow/example_dags/example_trigger_target_dag.py
[2022-10-09T07:24:31.187+0000] {processor.py:758} INFO - Processing file /home/airflow/.local/lib/python3.7/site-packages/airflow/example_dags/example_trigger_target_dag.py for tasks to queue
[2022-10-09T07:24:31.189+0000] {logging_mixin.py:117} INFO - [2022-10-09T07:24:31.189+0000] {dagbag.py:525} INFO - Filling up the DagBag from /home/airflow/.local/lib/python3.7/site-packages/airflow/example_dags/example_trigger_target_dag.py
[2022-10-09T07:24:31.211+0000] {processor.py:768} INFO - DAG(s) dict_keys(['example_trigger_target_dag']) retrieved from /home/airflow/.local/lib/python3.7/site-packages/airflow/example_dags/example_trigger_target_dag.py
[2022-10-09T07:24:31.240+0000] {logging_mixin.py:117} INFO - [2022-10-09T07:24:31.239+0000] {dag.py:2573} INFO - Sync 1 DAGs
[2022-10-09T07:24:31.255+0000] {logging_mixin.py:117} INFO - [2022-10-09T07:24:31.255+0000] {dag.py:3328} INFO - Setting next_dagrun for example_trigger_target_dag to None, run_after=None
[2022-10-09T07:24:31.268+0000] {processor.py:178} INFO - Processing /home/airflow/.local/lib/python3.7/site-packages/airflow/example_dags/example_trigger_target_dag.py took 0.087 seconds
