[2022-10-09T06:40:39.825+0000] {processor.py:156} INFO - Started process (PID=51) to work on /home/airflow/.local/lib/python3.7/site-packages/airflow/example_dags/example_short_circuit_operator.py
[2022-10-09T06:40:39.827+0000] {processor.py:758} INFO - Processing file /home/airflow/.local/lib/python3.7/site-packages/airflow/example_dags/example_short_circuit_operator.py for tasks to queue
[2022-10-09T06:40:39.829+0000] {logging_mixin.py:117} INFO - [2022-10-09T06:40:39.829+0000] {dagbag.py:525} INFO - Filling up the DagBag from /home/airflow/.local/lib/python3.7/site-packages/airflow/example_dags/example_short_circuit_operator.py
[2022-10-09T06:40:39.856+0000] {processor.py:768} INFO - DAG(s) dict_keys(['example_short_circuit_operator']) retrieved from /home/airflow/.local/lib/python3.7/site-packages/airflow/example_dags/example_short_circuit_operator.py
[2022-10-09T06:40:39.901+0000] {logging_mixin.py:117} INFO - [2022-10-09T06:40:39.901+0000] {dag.py:2573} INFO - Sync 1 DAGs
[2022-10-09T06:40:39.929+0000] {logging_mixin.py:117} INFO - [2022-10-09T06:40:39.928+0000] {dag.py:3328} INFO - Setting next_dagrun for example_short_circuit_operator to 2022-10-08T06:40:39.928604+00:00, run_after=2022-10-09T06:40:39.928604+00:00
[2022-10-09T06:40:39.951+0000] {processor.py:178} INFO - Processing /home/airflow/.local/lib/python3.7/site-packages/airflow/example_dags/example_short_circuit_operator.py took 0.129 seconds
[2022-10-09T06:41:10.361+0000] {processor.py:156} INFO - Started process (PID=114) to work on /home/airflow/.local/lib/python3.7/site-packages/airflow/example_dags/example_short_circuit_operator.py
[2022-10-09T06:41:10.364+0000] {processor.py:758} INFO - Processing file /home/airflow/.local/lib/python3.7/site-packages/airflow/example_dags/example_short_circuit_operator.py for tasks to queue
[2022-10-09T06:41:10.365+0000] {logging_mixin.py:117} INFO - [2022-10-09T06:41:10.365+0000] {dagbag.py:525} INFO - Filling up the DagBag from /home/airflow/.local/lib/python3.7/site-packages/airflow/example_dags/example_short_circuit_operator.py
[2022-10-09T06:41:10.379+0000] {processor.py:768} INFO - DAG(s) dict_keys(['example_short_circuit_operator']) retrieved from /home/airflow/.local/lib/python3.7/site-packages/airflow/example_dags/example_short_circuit_operator.py
[2022-10-09T06:41:10.412+0000] {logging_mixin.py:117} INFO - [2022-10-09T06:41:10.412+0000] {dag.py:2573} INFO - Sync 1 DAGs
[2022-10-09T06:41:10.432+0000] {logging_mixin.py:117} INFO - [2022-10-09T06:41:10.432+0000] {dag.py:3328} INFO - Setting next_dagrun for example_short_circuit_operator to 2022-10-08T06:41:10.432500+00:00, run_after=2022-10-09T06:41:10.432500+00:00
[2022-10-09T06:41:10.453+0000] {processor.py:178} INFO - Processing /home/airflow/.local/lib/python3.7/site-packages/airflow/example_dags/example_short_circuit_operator.py took 0.096 seconds
[2022-10-09T06:41:40.817+0000] {processor.py:156} INFO - Started process (PID=178) to work on /home/airflow/.local/lib/python3.7/site-packages/airflow/example_dags/example_short_circuit_operator.py
[2022-10-09T06:41:40.819+0000] {processor.py:758} INFO - Processing file /home/airflow/.local/lib/python3.7/site-packages/airflow/example_dags/example_short_circuit_operator.py for tasks to queue
[2022-10-09T06:41:40.820+0000] {logging_mixin.py:117} INFO - [2022-10-09T06:41:40.820+0000] {dagbag.py:525} INFO - Filling up the DagBag from /home/airflow/.local/lib/python3.7/site-packages/airflow/example_dags/example_short_circuit_operator.py
[2022-10-09T06:41:40.832+0000] {processor.py:768} INFO - DAG(s) dict_keys(['example_short_circuit_operator']) retrieved from /home/airflow/.local/lib/python3.7/site-packages/airflow/example_dags/example_short_circuit_operator.py
[2022-10-09T06:41:40.859+0000] {logging_mixin.py:117} INFO - [2022-10-09T06:41:40.859+0000] {dag.py:2573} INFO - Sync 1 DAGs
[2022-10-09T06:41:40.874+0000] {logging_mixin.py:117} INFO - [2022-10-09T06:41:40.874+0000] {dag.py:3328} INFO - Setting next_dagrun for example_short_circuit_operator to 2022-10-08T06:41:40.874704+00:00, run_after=2022-10-09T06:41:40.874704+00:00
[2022-10-09T06:41:40.889+0000] {processor.py:178} INFO - Processing /home/airflow/.local/lib/python3.7/site-packages/airflow/example_dags/example_short_circuit_operator.py took 0.074 seconds
[2022-10-09T06:42:11.565+0000] {processor.py:156} INFO - Started process (PID=241) to work on /home/airflow/.local/lib/python3.7/site-packages/airflow/example_dags/example_short_circuit_operator.py
[2022-10-09T06:42:11.568+0000] {processor.py:758} INFO - Processing file /home/airflow/.local/lib/python3.7/site-packages/airflow/example_dags/example_short_circuit_operator.py for tasks to queue
[2022-10-09T06:42:11.569+0000] {logging_mixin.py:117} INFO - [2022-10-09T06:42:11.569+0000] {dagbag.py:525} INFO - Filling up the DagBag from /home/airflow/.local/lib/python3.7/site-packages/airflow/example_dags/example_short_circuit_operator.py
[2022-10-09T06:42:11.582+0000] {processor.py:768} INFO - DAG(s) dict_keys(['example_short_circuit_operator']) retrieved from /home/airflow/.local/lib/python3.7/site-packages/airflow/example_dags/example_short_circuit_operator.py
[2022-10-09T06:42:11.610+0000] {logging_mixin.py:117} INFO - [2022-10-09T06:42:11.610+0000] {dag.py:2573} INFO - Sync 1 DAGs
[2022-10-09T06:42:11.629+0000] {logging_mixin.py:117} INFO - [2022-10-09T06:42:11.629+0000] {dag.py:3328} INFO - Setting next_dagrun for example_short_circuit_operator to 2022-10-08T06:42:11.628848+00:00, run_after=2022-10-09T06:42:11.628848+00:00
[2022-10-09T06:42:11.641+0000] {processor.py:178} INFO - Processing /home/airflow/.local/lib/python3.7/site-packages/airflow/example_dags/example_short_circuit_operator.py took 0.078 seconds
[2022-10-09T06:42:41.945+0000] {processor.py:156} INFO - Started process (PID=295) to work on /home/airflow/.local/lib/python3.7/site-packages/airflow/example_dags/example_short_circuit_operator.py
[2022-10-09T06:42:41.947+0000] {processor.py:758} INFO - Processing file /home/airflow/.local/lib/python3.7/site-packages/airflow/example_dags/example_short_circuit_operator.py for tasks to queue
[2022-10-09T06:42:41.948+0000] {logging_mixin.py:117} INFO - [2022-10-09T06:42:41.948+0000] {dagbag.py:525} INFO - Filling up the DagBag from /home/airflow/.local/lib/python3.7/site-packages/airflow/example_dags/example_short_circuit_operator.py
[2022-10-09T06:42:41.958+0000] {processor.py:768} INFO - DAG(s) dict_keys(['example_short_circuit_operator']) retrieved from /home/airflow/.local/lib/python3.7/site-packages/airflow/example_dags/example_short_circuit_operator.py
[2022-10-09T06:42:42.028+0000] {logging_mixin.py:117} INFO - [2022-10-09T06:42:42.028+0000] {dag.py:2573} INFO - Sync 1 DAGs
[2022-10-09T06:42:42.048+0000] {logging_mixin.py:117} INFO - [2022-10-09T06:42:42.048+0000] {dag.py:3328} INFO - Setting next_dagrun for example_short_circuit_operator to 2022-10-08T06:42:42.048514+00:00, run_after=2022-10-09T06:42:42.048514+00:00
[2022-10-09T06:42:42.060+0000] {processor.py:178} INFO - Processing /home/airflow/.local/lib/python3.7/site-packages/airflow/example_dags/example_short_circuit_operator.py took 0.117 seconds
[2022-10-09T06:43:12.285+0000] {processor.py:156} INFO - Started process (PID=358) to work on /home/airflow/.local/lib/python3.7/site-packages/airflow/example_dags/example_short_circuit_operator.py
[2022-10-09T06:43:12.286+0000] {processor.py:758} INFO - Processing file /home/airflow/.local/lib/python3.7/site-packages/airflow/example_dags/example_short_circuit_operator.py for tasks to queue
[2022-10-09T06:43:12.287+0000] {logging_mixin.py:117} INFO - [2022-10-09T06:43:12.287+0000] {dagbag.py:525} INFO - Filling up the DagBag from /home/airflow/.local/lib/python3.7/site-packages/airflow/example_dags/example_short_circuit_operator.py
[2022-10-09T06:43:12.296+0000] {processor.py:768} INFO - DAG(s) dict_keys(['example_short_circuit_operator']) retrieved from /home/airflow/.local/lib/python3.7/site-packages/airflow/example_dags/example_short_circuit_operator.py
[2022-10-09T06:43:12.322+0000] {logging_mixin.py:117} INFO - [2022-10-09T06:43:12.322+0000] {dag.py:2573} INFO - Sync 1 DAGs
[2022-10-09T06:43:12.336+0000] {logging_mixin.py:117} INFO - [2022-10-09T06:43:12.336+0000] {dag.py:3328} INFO - Setting next_dagrun for example_short_circuit_operator to 2022-10-08T06:43:12.336462+00:00, run_after=2022-10-09T06:43:12.336462+00:00
[2022-10-09T06:43:12.348+0000] {processor.py:178} INFO - Processing /home/airflow/.local/lib/python3.7/site-packages/airflow/example_dags/example_short_circuit_operator.py took 0.066 seconds
[2022-10-09T06:43:42.527+0000] {processor.py:156} INFO - Started process (PID=421) to work on /home/airflow/.local/lib/python3.7/site-packages/airflow/example_dags/example_short_circuit_operator.py
[2022-10-09T06:43:42.529+0000] {processor.py:758} INFO - Processing file /home/airflow/.local/lib/python3.7/site-packages/airflow/example_dags/example_short_circuit_operator.py for tasks to queue
[2022-10-09T06:43:42.530+0000] {logging_mixin.py:117} INFO - [2022-10-09T06:43:42.530+0000] {dagbag.py:525} INFO - Filling up the DagBag from /home/airflow/.local/lib/python3.7/site-packages/airflow/example_dags/example_short_circuit_operator.py
[2022-10-09T06:43:42.541+0000] {processor.py:768} INFO - DAG(s) dict_keys(['example_short_circuit_operator']) retrieved from /home/airflow/.local/lib/python3.7/site-packages/airflow/example_dags/example_short_circuit_operator.py
[2022-10-09T06:43:42.568+0000] {logging_mixin.py:117} INFO - [2022-10-09T06:43:42.568+0000] {dag.py:2573} INFO - Sync 1 DAGs
[2022-10-09T06:43:42.584+0000] {logging_mixin.py:117} INFO - [2022-10-09T06:43:42.584+0000] {dag.py:3328} INFO - Setting next_dagrun for example_short_circuit_operator to 2022-10-08T06:43:42.584029+00:00, run_after=2022-10-09T06:43:42.584029+00:00
[2022-10-09T06:43:42.598+0000] {processor.py:178} INFO - Processing /home/airflow/.local/lib/python3.7/site-packages/airflow/example_dags/example_short_circuit_operator.py took 0.073 seconds
[2022-10-09T06:44:12.874+0000] {processor.py:156} INFO - Started process (PID=484) to work on /home/airflow/.local/lib/python3.7/site-packages/airflow/example_dags/example_short_circuit_operator.py
[2022-10-09T06:44:12.876+0000] {processor.py:758} INFO - Processing file /home/airflow/.local/lib/python3.7/site-packages/airflow/example_dags/example_short_circuit_operator.py for tasks to queue
[2022-10-09T06:44:12.877+0000] {logging_mixin.py:117} INFO - [2022-10-09T06:44:12.877+0000] {dagbag.py:525} INFO - Filling up the DagBag from /home/airflow/.local/lib/python3.7/site-packages/airflow/example_dags/example_short_circuit_operator.py
[2022-10-09T06:44:12.888+0000] {processor.py:768} INFO - DAG(s) dict_keys(['example_short_circuit_operator']) retrieved from /home/airflow/.local/lib/python3.7/site-packages/airflow/example_dags/example_short_circuit_operator.py
[2022-10-09T06:44:12.915+0000] {logging_mixin.py:117} INFO - [2022-10-09T06:44:12.914+0000] {dag.py:2573} INFO - Sync 1 DAGs
[2022-10-09T06:44:12.931+0000] {logging_mixin.py:117} INFO - [2022-10-09T06:44:12.930+0000] {dag.py:3328} INFO - Setting next_dagrun for example_short_circuit_operator to 2022-10-08T06:44:12.930789+00:00, run_after=2022-10-09T06:44:12.930789+00:00
[2022-10-09T06:44:12.946+0000] {processor.py:178} INFO - Processing /home/airflow/.local/lib/python3.7/site-packages/airflow/example_dags/example_short_circuit_operator.py took 0.074 seconds
[2022-10-09T06:44:43.293+0000] {processor.py:156} INFO - Started process (PID=547) to work on /home/airflow/.local/lib/python3.7/site-packages/airflow/example_dags/example_short_circuit_operator.py
[2022-10-09T06:44:43.294+0000] {processor.py:758} INFO - Processing file /home/airflow/.local/lib/python3.7/site-packages/airflow/example_dags/example_short_circuit_operator.py for tasks to queue
[2022-10-09T06:44:43.295+0000] {logging_mixin.py:117} INFO - [2022-10-09T06:44:43.295+0000] {dagbag.py:525} INFO - Filling up the DagBag from /home/airflow/.local/lib/python3.7/site-packages/airflow/example_dags/example_short_circuit_operator.py
[2022-10-09T06:44:43.306+0000] {processor.py:768} INFO - DAG(s) dict_keys(['example_short_circuit_operator']) retrieved from /home/airflow/.local/lib/python3.7/site-packages/airflow/example_dags/example_short_circuit_operator.py
[2022-10-09T06:44:43.331+0000] {logging_mixin.py:117} INFO - [2022-10-09T06:44:43.331+0000] {dag.py:2573} INFO - Sync 1 DAGs
[2022-10-09T06:44:43.350+0000] {logging_mixin.py:117} INFO - [2022-10-09T06:44:43.350+0000] {dag.py:3328} INFO - Setting next_dagrun for example_short_circuit_operator to 2022-10-08T06:44:43.350090+00:00, run_after=2022-10-09T06:44:43.350090+00:00
[2022-10-09T06:44:43.365+0000] {processor.py:178} INFO - Processing /home/airflow/.local/lib/python3.7/site-packages/airflow/example_dags/example_short_circuit_operator.py took 0.074 seconds
[2022-10-09T06:45:13.417+0000] {processor.py:156} INFO - Started process (PID=601) to work on /home/airflow/.local/lib/python3.7/site-packages/airflow/example_dags/example_short_circuit_operator.py
[2022-10-09T06:45:13.419+0000] {processor.py:758} INFO - Processing file /home/airflow/.local/lib/python3.7/site-packages/airflow/example_dags/example_short_circuit_operator.py for tasks to queue
[2022-10-09T06:45:13.420+0000] {logging_mixin.py:117} INFO - [2022-10-09T06:45:13.420+0000] {dagbag.py:525} INFO - Filling up the DagBag from /home/airflow/.local/lib/python3.7/site-packages/airflow/example_dags/example_short_circuit_operator.py
[2022-10-09T06:45:13.430+0000] {processor.py:768} INFO - DAG(s) dict_keys(['example_short_circuit_operator']) retrieved from /home/airflow/.local/lib/python3.7/site-packages/airflow/example_dags/example_short_circuit_operator.py
[2022-10-09T06:45:13.456+0000] {logging_mixin.py:117} INFO - [2022-10-09T06:45:13.456+0000] {dag.py:2573} INFO - Sync 1 DAGs
[2022-10-09T06:45:13.472+0000] {logging_mixin.py:117} INFO - [2022-10-09T06:45:13.472+0000] {dag.py:3328} INFO - Setting next_dagrun for example_short_circuit_operator to 2022-10-08T06:45:13.471929+00:00, run_after=2022-10-09T06:45:13.471929+00:00
[2022-10-09T06:45:13.485+0000] {processor.py:178} INFO - Processing /home/airflow/.local/lib/python3.7/site-packages/airflow/example_dags/example_short_circuit_operator.py took 0.070 seconds
[2022-10-09T06:45:43.778+0000] {processor.py:156} INFO - Started process (PID=663) to work on /home/airflow/.local/lib/python3.7/site-packages/airflow/example_dags/example_short_circuit_operator.py
[2022-10-09T06:45:43.779+0000] {processor.py:758} INFO - Processing file /home/airflow/.local/lib/python3.7/site-packages/airflow/example_dags/example_short_circuit_operator.py for tasks to queue
[2022-10-09T06:45:43.780+0000] {logging_mixin.py:117} INFO - [2022-10-09T06:45:43.780+0000] {dagbag.py:525} INFO - Filling up the DagBag from /home/airflow/.local/lib/python3.7/site-packages/airflow/example_dags/example_short_circuit_operator.py
[2022-10-09T06:45:43.791+0000] {processor.py:768} INFO - DAG(s) dict_keys(['example_short_circuit_operator']) retrieved from /home/airflow/.local/lib/python3.7/site-packages/airflow/example_dags/example_short_circuit_operator.py
[2022-10-09T06:45:43.815+0000] {logging_mixin.py:117} INFO - [2022-10-09T06:45:43.815+0000] {dag.py:2573} INFO - Sync 1 DAGs
[2022-10-09T06:45:43.829+0000] {logging_mixin.py:117} INFO - [2022-10-09T06:45:43.829+0000] {dag.py:3328} INFO - Setting next_dagrun for example_short_circuit_operator to 2022-10-08T06:45:43.829503+00:00, run_after=2022-10-09T06:45:43.829503+00:00
[2022-10-09T06:45:43.843+0000] {processor.py:178} INFO - Processing /home/airflow/.local/lib/python3.7/site-packages/airflow/example_dags/example_short_circuit_operator.py took 0.069 seconds
[2022-10-09T06:46:13.924+0000] {processor.py:156} INFO - Started process (PID=727) to work on /home/airflow/.local/lib/python3.7/site-packages/airflow/example_dags/example_short_circuit_operator.py
[2022-10-09T06:46:13.925+0000] {processor.py:758} INFO - Processing file /home/airflow/.local/lib/python3.7/site-packages/airflow/example_dags/example_short_circuit_operator.py for tasks to queue
[2022-10-09T06:46:13.926+0000] {logging_mixin.py:117} INFO - [2022-10-09T06:46:13.926+0000] {dagbag.py:525} INFO - Filling up the DagBag from /home/airflow/.local/lib/python3.7/site-packages/airflow/example_dags/example_short_circuit_operator.py
[2022-10-09T06:46:13.937+0000] {processor.py:768} INFO - DAG(s) dict_keys(['example_short_circuit_operator']) retrieved from /home/airflow/.local/lib/python3.7/site-packages/airflow/example_dags/example_short_circuit_operator.py
[2022-10-09T06:46:13.980+0000] {logging_mixin.py:117} INFO - [2022-10-09T06:46:13.980+0000] {dag.py:2573} INFO - Sync 1 DAGs
[2022-10-09T06:46:13.996+0000] {logging_mixin.py:117} INFO - [2022-10-09T06:46:13.996+0000] {dag.py:3328} INFO - Setting next_dagrun for example_short_circuit_operator to 2022-10-08T06:46:13.996676+00:00, run_after=2022-10-09T06:46:13.996676+00:00
[2022-10-09T06:46:14.008+0000] {processor.py:178} INFO - Processing /home/airflow/.local/lib/python3.7/site-packages/airflow/example_dags/example_short_circuit_operator.py took 0.087 seconds
[2022-10-09T06:46:44.267+0000] {processor.py:156} INFO - Started process (PID=791) to work on /home/airflow/.local/lib/python3.7/site-packages/airflow/example_dags/example_short_circuit_operator.py
[2022-10-09T06:46:44.268+0000] {processor.py:758} INFO - Processing file /home/airflow/.local/lib/python3.7/site-packages/airflow/example_dags/example_short_circuit_operator.py for tasks to queue
[2022-10-09T06:46:44.269+0000] {logging_mixin.py:117} INFO - [2022-10-09T06:46:44.269+0000] {dagbag.py:525} INFO - Filling up the DagBag from /home/airflow/.local/lib/python3.7/site-packages/airflow/example_dags/example_short_circuit_operator.py
[2022-10-09T06:46:44.280+0000] {processor.py:768} INFO - DAG(s) dict_keys(['example_short_circuit_operator']) retrieved from /home/airflow/.local/lib/python3.7/site-packages/airflow/example_dags/example_short_circuit_operator.py
[2022-10-09T06:46:44.306+0000] {logging_mixin.py:117} INFO - [2022-10-09T06:46:44.306+0000] {dag.py:2573} INFO - Sync 1 DAGs
[2022-10-09T06:46:44.320+0000] {logging_mixin.py:117} INFO - [2022-10-09T06:46:44.320+0000] {dag.py:3328} INFO - Setting next_dagrun for example_short_circuit_operator to 2022-10-08T06:46:44.320631+00:00, run_after=2022-10-09T06:46:44.320631+00:00
[2022-10-09T06:46:44.333+0000] {processor.py:178} INFO - Processing /home/airflow/.local/lib/python3.7/site-packages/airflow/example_dags/example_short_circuit_operator.py took 0.068 seconds
[2022-10-09T06:47:14.497+0000] {processor.py:156} INFO - Started process (PID=853) to work on /home/airflow/.local/lib/python3.7/site-packages/airflow/example_dags/example_short_circuit_operator.py
[2022-10-09T06:47:14.499+0000] {processor.py:758} INFO - Processing file /home/airflow/.local/lib/python3.7/site-packages/airflow/example_dags/example_short_circuit_operator.py for tasks to queue
[2022-10-09T06:47:14.500+0000] {logging_mixin.py:117} INFO - [2022-10-09T06:47:14.500+0000] {dagbag.py:525} INFO - Filling up the DagBag from /home/airflow/.local/lib/python3.7/site-packages/airflow/example_dags/example_short_circuit_operator.py
[2022-10-09T06:47:14.514+0000] {processor.py:768} INFO - DAG(s) dict_keys(['example_short_circuit_operator']) retrieved from /home/airflow/.local/lib/python3.7/site-packages/airflow/example_dags/example_short_circuit_operator.py
[2022-10-09T06:47:14.542+0000] {logging_mixin.py:117} INFO - [2022-10-09T06:47:14.542+0000] {dag.py:2573} INFO - Sync 1 DAGs
[2022-10-09T06:47:14.559+0000] {logging_mixin.py:117} INFO - [2022-10-09T06:47:14.559+0000] {dag.py:3328} INFO - Setting next_dagrun for example_short_circuit_operator to 2022-10-08T06:47:14.559188+00:00, run_after=2022-10-09T06:47:14.559188+00:00
[2022-10-09T06:47:14.572+0000] {processor.py:178} INFO - Processing /home/airflow/.local/lib/python3.7/site-packages/airflow/example_dags/example_short_circuit_operator.py took 0.077 seconds
[2022-10-09T06:47:44.677+0000] {processor.py:156} INFO - Started process (PID=906) to work on /home/airflow/.local/lib/python3.7/site-packages/airflow/example_dags/example_short_circuit_operator.py
[2022-10-09T06:47:44.679+0000] {processor.py:758} INFO - Processing file /home/airflow/.local/lib/python3.7/site-packages/airflow/example_dags/example_short_circuit_operator.py for tasks to queue
[2022-10-09T06:47:44.680+0000] {logging_mixin.py:117} INFO - [2022-10-09T06:47:44.680+0000] {dagbag.py:525} INFO - Filling up the DagBag from /home/airflow/.local/lib/python3.7/site-packages/airflow/example_dags/example_short_circuit_operator.py
[2022-10-09T06:47:44.691+0000] {processor.py:768} INFO - DAG(s) dict_keys(['example_short_circuit_operator']) retrieved from /home/airflow/.local/lib/python3.7/site-packages/airflow/example_dags/example_short_circuit_operator.py
[2022-10-09T06:47:44.718+0000] {logging_mixin.py:117} INFO - [2022-10-09T06:47:44.718+0000] {dag.py:2573} INFO - Sync 1 DAGs
[2022-10-09T06:47:44.736+0000] {logging_mixin.py:117} INFO - [2022-10-09T06:47:44.736+0000] {dag.py:3328} INFO - Setting next_dagrun for example_short_circuit_operator to 2022-10-08T06:47:44.736079+00:00, run_after=2022-10-09T06:47:44.736079+00:00
[2022-10-09T06:47:44.750+0000] {processor.py:178} INFO - Processing /home/airflow/.local/lib/python3.7/site-packages/airflow/example_dags/example_short_circuit_operator.py took 0.075 seconds
[2022-10-09T06:48:15.003+0000] {processor.py:156} INFO - Started process (PID=968) to work on /home/airflow/.local/lib/python3.7/site-packages/airflow/example_dags/example_short_circuit_operator.py
[2022-10-09T06:48:15.005+0000] {processor.py:758} INFO - Processing file /home/airflow/.local/lib/python3.7/site-packages/airflow/example_dags/example_short_circuit_operator.py for tasks to queue
[2022-10-09T06:48:15.006+0000] {logging_mixin.py:117} INFO - [2022-10-09T06:48:15.006+0000] {dagbag.py:525} INFO - Filling up the DagBag from /home/airflow/.local/lib/python3.7/site-packages/airflow/example_dags/example_short_circuit_operator.py
[2022-10-09T06:48:15.017+0000] {processor.py:768} INFO - DAG(s) dict_keys(['example_short_circuit_operator']) retrieved from /home/airflow/.local/lib/python3.7/site-packages/airflow/example_dags/example_short_circuit_operator.py
[2022-10-09T06:48:15.043+0000] {logging_mixin.py:117} INFO - [2022-10-09T06:48:15.043+0000] {dag.py:2573} INFO - Sync 1 DAGs
[2022-10-09T06:48:15.059+0000] {logging_mixin.py:117} INFO - [2022-10-09T06:48:15.059+0000] {dag.py:3328} INFO - Setting next_dagrun for example_short_circuit_operator to 2022-10-08T06:48:15.059442+00:00, run_after=2022-10-09T06:48:15.059442+00:00
[2022-10-09T06:48:15.069+0000] {processor.py:178} INFO - Processing /home/airflow/.local/lib/python3.7/site-packages/airflow/example_dags/example_short_circuit_operator.py took 0.069 seconds
[2022-10-09T06:59:10.058+0000] {processor.py:156} INFO - Started process (PID=1022) to work on /home/airflow/.local/lib/python3.7/site-packages/airflow/example_dags/example_short_circuit_operator.py
[2022-10-09T06:59:10.065+0000] {processor.py:758} INFO - Processing file /home/airflow/.local/lib/python3.7/site-packages/airflow/example_dags/example_short_circuit_operator.py for tasks to queue
[2022-10-09T06:59:10.068+0000] {logging_mixin.py:117} INFO - [2022-10-09T06:59:10.068+0000] {dagbag.py:525} INFO - Filling up the DagBag from /home/airflow/.local/lib/python3.7/site-packages/airflow/example_dags/example_short_circuit_operator.py
[2022-10-09T06:59:10.107+0000] {processor.py:768} INFO - DAG(s) dict_keys(['example_short_circuit_operator']) retrieved from /home/airflow/.local/lib/python3.7/site-packages/airflow/example_dags/example_short_circuit_operator.py
[2022-10-09T06:59:10.150+0000] {logging_mixin.py:117} INFO - [2022-10-09T06:59:10.150+0000] {dag.py:2573} INFO - Sync 1 DAGs
[2022-10-09T06:59:10.170+0000] {logging_mixin.py:117} INFO - [2022-10-09T06:59:10.170+0000] {dag.py:3328} INFO - Setting next_dagrun for example_short_circuit_operator to 2022-10-08T06:59:10.169889+00:00, run_after=2022-10-09T06:59:10.169889+00:00
[2022-10-09T06:59:10.194+0000] {processor.py:178} INFO - Processing /home/airflow/.local/lib/python3.7/site-packages/airflow/example_dags/example_short_circuit_operator.py took 0.139 seconds
[2022-10-09T06:59:40.793+0000] {processor.py:156} INFO - Started process (PID=1086) to work on /home/airflow/.local/lib/python3.7/site-packages/airflow/example_dags/example_short_circuit_operator.py
[2022-10-09T06:59:40.795+0000] {processor.py:758} INFO - Processing file /home/airflow/.local/lib/python3.7/site-packages/airflow/example_dags/example_short_circuit_operator.py for tasks to queue
[2022-10-09T06:59:40.796+0000] {logging_mixin.py:117} INFO - [2022-10-09T06:59:40.796+0000] {dagbag.py:525} INFO - Filling up the DagBag from /home/airflow/.local/lib/python3.7/site-packages/airflow/example_dags/example_short_circuit_operator.py
[2022-10-09T06:59:40.806+0000] {processor.py:768} INFO - DAG(s) dict_keys(['example_short_circuit_operator']) retrieved from /home/airflow/.local/lib/python3.7/site-packages/airflow/example_dags/example_short_circuit_operator.py
[2022-10-09T06:59:40.831+0000] {logging_mixin.py:117} INFO - [2022-10-09T06:59:40.831+0000] {dag.py:2573} INFO - Sync 1 DAGs
[2022-10-09T06:59:40.845+0000] {logging_mixin.py:117} INFO - [2022-10-09T06:59:40.845+0000] {dag.py:3328} INFO - Setting next_dagrun for example_short_circuit_operator to 2022-10-08T06:59:40.845242+00:00, run_after=2022-10-09T06:59:40.845242+00:00
[2022-10-09T06:59:40.856+0000] {processor.py:178} INFO - Processing /home/airflow/.local/lib/python3.7/site-packages/airflow/example_dags/example_short_circuit_operator.py took 0.065 seconds
[2022-10-09T07:00:11.422+0000] {processor.py:156} INFO - Started process (PID=1149) to work on /home/airflow/.local/lib/python3.7/site-packages/airflow/example_dags/example_short_circuit_operator.py
[2022-10-09T07:00:11.430+0000] {processor.py:758} INFO - Processing file /home/airflow/.local/lib/python3.7/site-packages/airflow/example_dags/example_short_circuit_operator.py for tasks to queue
[2022-10-09T07:00:11.433+0000] {logging_mixin.py:117} INFO - [2022-10-09T07:00:11.433+0000] {dagbag.py:525} INFO - Filling up the DagBag from /home/airflow/.local/lib/python3.7/site-packages/airflow/example_dags/example_short_circuit_operator.py
[2022-10-09T07:00:11.453+0000] {processor.py:768} INFO - DAG(s) dict_keys(['example_short_circuit_operator']) retrieved from /home/airflow/.local/lib/python3.7/site-packages/airflow/example_dags/example_short_circuit_operator.py
[2022-10-09T07:00:11.489+0000] {logging_mixin.py:117} INFO - [2022-10-09T07:00:11.489+0000] {dag.py:2573} INFO - Sync 1 DAGs
[2022-10-09T07:00:11.505+0000] {logging_mixin.py:117} INFO - [2022-10-09T07:00:11.505+0000] {dag.py:3328} INFO - Setting next_dagrun for example_short_circuit_operator to 2022-10-08T07:00:11.505494+00:00, run_after=2022-10-09T07:00:11.505494+00:00
[2022-10-09T07:00:11.521+0000] {processor.py:178} INFO - Processing /home/airflow/.local/lib/python3.7/site-packages/airflow/example_dags/example_short_circuit_operator.py took 0.103 seconds
[2022-10-09T07:00:41.788+0000] {processor.py:156} INFO - Started process (PID=1203) to work on /home/airflow/.local/lib/python3.7/site-packages/airflow/example_dags/example_short_circuit_operator.py
[2022-10-09T07:00:41.790+0000] {processor.py:758} INFO - Processing file /home/airflow/.local/lib/python3.7/site-packages/airflow/example_dags/example_short_circuit_operator.py for tasks to queue
[2022-10-09T07:00:41.790+0000] {logging_mixin.py:117} INFO - [2022-10-09T07:00:41.790+0000] {dagbag.py:525} INFO - Filling up the DagBag from /home/airflow/.local/lib/python3.7/site-packages/airflow/example_dags/example_short_circuit_operator.py
[2022-10-09T07:00:41.802+0000] {processor.py:768} INFO - DAG(s) dict_keys(['example_short_circuit_operator']) retrieved from /home/airflow/.local/lib/python3.7/site-packages/airflow/example_dags/example_short_circuit_operator.py
[2022-10-09T07:00:41.828+0000] {logging_mixin.py:117} INFO - [2022-10-09T07:00:41.828+0000] {dag.py:2573} INFO - Sync 1 DAGs
[2022-10-09T07:00:41.847+0000] {logging_mixin.py:117} INFO - [2022-10-09T07:00:41.847+0000] {dag.py:3328} INFO - Setting next_dagrun for example_short_circuit_operator to 2022-10-08T07:00:41.846989+00:00, run_after=2022-10-09T07:00:41.846989+00:00
[2022-10-09T07:00:41.862+0000] {processor.py:178} INFO - Processing /home/airflow/.local/lib/python3.7/site-packages/airflow/example_dags/example_short_circuit_operator.py took 0.076 seconds
[2022-10-09T07:01:12.064+0000] {processor.py:156} INFO - Started process (PID=1265) to work on /home/airflow/.local/lib/python3.7/site-packages/airflow/example_dags/example_short_circuit_operator.py
[2022-10-09T07:01:12.066+0000] {processor.py:758} INFO - Processing file /home/airflow/.local/lib/python3.7/site-packages/airflow/example_dags/example_short_circuit_operator.py for tasks to queue
[2022-10-09T07:01:12.067+0000] {logging_mixin.py:117} INFO - [2022-10-09T07:01:12.067+0000] {dagbag.py:525} INFO - Filling up the DagBag from /home/airflow/.local/lib/python3.7/site-packages/airflow/example_dags/example_short_circuit_operator.py
[2022-10-09T07:01:12.078+0000] {processor.py:768} INFO - DAG(s) dict_keys(['example_short_circuit_operator']) retrieved from /home/airflow/.local/lib/python3.7/site-packages/airflow/example_dags/example_short_circuit_operator.py
[2022-10-09T07:01:12.106+0000] {logging_mixin.py:117} INFO - [2022-10-09T07:01:12.106+0000] {dag.py:2573} INFO - Sync 1 DAGs
[2022-10-09T07:01:12.124+0000] {logging_mixin.py:117} INFO - [2022-10-09T07:01:12.124+0000] {dag.py:3328} INFO - Setting next_dagrun for example_short_circuit_operator to 2022-10-08T07:01:12.123924+00:00, run_after=2022-10-09T07:01:12.123924+00:00
[2022-10-09T07:01:12.137+0000] {processor.py:178} INFO - Processing /home/airflow/.local/lib/python3.7/site-packages/airflow/example_dags/example_short_circuit_operator.py took 0.074 seconds
[2022-10-09T07:01:42.369+0000] {processor.py:156} INFO - Started process (PID=1328) to work on /home/airflow/.local/lib/python3.7/site-packages/airflow/example_dags/example_short_circuit_operator.py
[2022-10-09T07:01:42.370+0000] {processor.py:758} INFO - Processing file /home/airflow/.local/lib/python3.7/site-packages/airflow/example_dags/example_short_circuit_operator.py for tasks to queue
[2022-10-09T07:01:42.371+0000] {logging_mixin.py:117} INFO - [2022-10-09T07:01:42.371+0000] {dagbag.py:525} INFO - Filling up the DagBag from /home/airflow/.local/lib/python3.7/site-packages/airflow/example_dags/example_short_circuit_operator.py
[2022-10-09T07:01:42.381+0000] {processor.py:768} INFO - DAG(s) dict_keys(['example_short_circuit_operator']) retrieved from /home/airflow/.local/lib/python3.7/site-packages/airflow/example_dags/example_short_circuit_operator.py
[2022-10-09T07:01:42.406+0000] {logging_mixin.py:117} INFO - [2022-10-09T07:01:42.406+0000] {dag.py:2573} INFO - Sync 1 DAGs
[2022-10-09T07:01:42.419+0000] {logging_mixin.py:117} INFO - [2022-10-09T07:01:42.419+0000] {dag.py:3328} INFO - Setting next_dagrun for example_short_circuit_operator to 2022-10-08T07:01:42.419702+00:00, run_after=2022-10-09T07:01:42.419702+00:00
[2022-10-09T07:01:42.430+0000] {processor.py:178} INFO - Processing /home/airflow/.local/lib/python3.7/site-packages/airflow/example_dags/example_short_circuit_operator.py took 0.063 seconds
[2022-10-09T07:02:12.558+0000] {processor.py:156} INFO - Started process (PID=1391) to work on /home/airflow/.local/lib/python3.7/site-packages/airflow/example_dags/example_short_circuit_operator.py
[2022-10-09T07:02:12.559+0000] {processor.py:758} INFO - Processing file /home/airflow/.local/lib/python3.7/site-packages/airflow/example_dags/example_short_circuit_operator.py for tasks to queue
[2022-10-09T07:02:12.561+0000] {logging_mixin.py:117} INFO - [2022-10-09T07:02:12.561+0000] {dagbag.py:525} INFO - Filling up the DagBag from /home/airflow/.local/lib/python3.7/site-packages/airflow/example_dags/example_short_circuit_operator.py
[2022-10-09T07:02:12.571+0000] {processor.py:768} INFO - DAG(s) dict_keys(['example_short_circuit_operator']) retrieved from /home/airflow/.local/lib/python3.7/site-packages/airflow/example_dags/example_short_circuit_operator.py
[2022-10-09T07:02:12.604+0000] {logging_mixin.py:117} INFO - [2022-10-09T07:02:12.604+0000] {dag.py:2573} INFO - Sync 1 DAGs
[2022-10-09T07:02:12.620+0000] {logging_mixin.py:117} INFO - [2022-10-09T07:02:12.620+0000] {dag.py:3328} INFO - Setting next_dagrun for example_short_circuit_operator to 2022-10-08T07:02:12.620276+00:00, run_after=2022-10-09T07:02:12.620276+00:00
[2022-10-09T07:02:12.632+0000] {processor.py:178} INFO - Processing /home/airflow/.local/lib/python3.7/site-packages/airflow/example_dags/example_short_circuit_operator.py took 0.077 seconds
[2022-10-09T07:02:43.141+0000] {processor.py:156} INFO - Started process (PID=1454) to work on /home/airflow/.local/lib/python3.7/site-packages/airflow/example_dags/example_short_circuit_operator.py
[2022-10-09T07:02:43.143+0000] {processor.py:758} INFO - Processing file /home/airflow/.local/lib/python3.7/site-packages/airflow/example_dags/example_short_circuit_operator.py for tasks to queue
[2022-10-09T07:02:43.145+0000] {logging_mixin.py:117} INFO - [2022-10-09T07:02:43.145+0000] {dagbag.py:525} INFO - Filling up the DagBag from /home/airflow/.local/lib/python3.7/site-packages/airflow/example_dags/example_short_circuit_operator.py
[2022-10-09T07:02:43.163+0000] {processor.py:768} INFO - DAG(s) dict_keys(['example_short_circuit_operator']) retrieved from /home/airflow/.local/lib/python3.7/site-packages/airflow/example_dags/example_short_circuit_operator.py
[2022-10-09T07:02:43.200+0000] {logging_mixin.py:117} INFO - [2022-10-09T07:02:43.200+0000] {dag.py:2573} INFO - Sync 1 DAGs
[2022-10-09T07:02:43.222+0000] {logging_mixin.py:117} INFO - [2022-10-09T07:02:43.222+0000] {dag.py:3328} INFO - Setting next_dagrun for example_short_circuit_operator to 2022-10-08T07:02:43.222507+00:00, run_after=2022-10-09T07:02:43.222507+00:00
[2022-10-09T07:02:43.234+0000] {processor.py:178} INFO - Processing /home/airflow/.local/lib/python3.7/site-packages/airflow/example_dags/example_short_circuit_operator.py took 0.096 seconds
[2022-10-09T07:03:13.647+0000] {processor.py:156} INFO - Started process (PID=1508) to work on /home/airflow/.local/lib/python3.7/site-packages/airflow/example_dags/example_short_circuit_operator.py
[2022-10-09T07:03:13.649+0000] {processor.py:758} INFO - Processing file /home/airflow/.local/lib/python3.7/site-packages/airflow/example_dags/example_short_circuit_operator.py for tasks to queue
[2022-10-09T07:03:13.650+0000] {logging_mixin.py:117} INFO - [2022-10-09T07:03:13.650+0000] {dagbag.py:525} INFO - Filling up the DagBag from /home/airflow/.local/lib/python3.7/site-packages/airflow/example_dags/example_short_circuit_operator.py
[2022-10-09T07:03:13.660+0000] {processor.py:768} INFO - DAG(s) dict_keys(['example_short_circuit_operator']) retrieved from /home/airflow/.local/lib/python3.7/site-packages/airflow/example_dags/example_short_circuit_operator.py
[2022-10-09T07:03:13.687+0000] {logging_mixin.py:117} INFO - [2022-10-09T07:03:13.687+0000] {dag.py:2573} INFO - Sync 1 DAGs
[2022-10-09T07:03:13.706+0000] {logging_mixin.py:117} INFO - [2022-10-09T07:03:13.706+0000] {dag.py:3328} INFO - Setting next_dagrun for example_short_circuit_operator to 2022-10-08T07:03:13.706027+00:00, run_after=2022-10-09T07:03:13.706027+00:00
[2022-10-09T07:03:13.718+0000] {processor.py:178} INFO - Processing /home/airflow/.local/lib/python3.7/site-packages/airflow/example_dags/example_short_circuit_operator.py took 0.073 seconds
[2022-10-09T07:03:43.872+0000] {processor.py:156} INFO - Started process (PID=1571) to work on /home/airflow/.local/lib/python3.7/site-packages/airflow/example_dags/example_short_circuit_operator.py
[2022-10-09T07:03:43.874+0000] {processor.py:758} INFO - Processing file /home/airflow/.local/lib/python3.7/site-packages/airflow/example_dags/example_short_circuit_operator.py for tasks to queue
[2022-10-09T07:03:43.875+0000] {logging_mixin.py:117} INFO - [2022-10-09T07:03:43.875+0000] {dagbag.py:525} INFO - Filling up the DagBag from /home/airflow/.local/lib/python3.7/site-packages/airflow/example_dags/example_short_circuit_operator.py
[2022-10-09T07:03:43.885+0000] {processor.py:768} INFO - DAG(s) dict_keys(['example_short_circuit_operator']) retrieved from /home/airflow/.local/lib/python3.7/site-packages/airflow/example_dags/example_short_circuit_operator.py
[2022-10-09T07:03:43.912+0000] {logging_mixin.py:117} INFO - [2022-10-09T07:03:43.911+0000] {dag.py:2573} INFO - Sync 1 DAGs
[2022-10-09T07:03:43.926+0000] {logging_mixin.py:117} INFO - [2022-10-09T07:03:43.926+0000] {dag.py:3328} INFO - Setting next_dagrun for example_short_circuit_operator to 2022-10-08T07:03:43.926544+00:00, run_after=2022-10-09T07:03:43.926544+00:00
[2022-10-09T07:03:43.940+0000] {processor.py:178} INFO - Processing /home/airflow/.local/lib/python3.7/site-packages/airflow/example_dags/example_short_circuit_operator.py took 0.070 seconds
[2022-10-09T07:04:14.107+0000] {processor.py:156} INFO - Started process (PID=1633) to work on /home/airflow/.local/lib/python3.7/site-packages/airflow/example_dags/example_short_circuit_operator.py
[2022-10-09T07:04:14.109+0000] {processor.py:758} INFO - Processing file /home/airflow/.local/lib/python3.7/site-packages/airflow/example_dags/example_short_circuit_operator.py for tasks to queue
[2022-10-09T07:04:14.110+0000] {logging_mixin.py:117} INFO - [2022-10-09T07:04:14.110+0000] {dagbag.py:525} INFO - Filling up the DagBag from /home/airflow/.local/lib/python3.7/site-packages/airflow/example_dags/example_short_circuit_operator.py
[2022-10-09T07:04:14.125+0000] {processor.py:768} INFO - DAG(s) dict_keys(['example_short_circuit_operator']) retrieved from /home/airflow/.local/lib/python3.7/site-packages/airflow/example_dags/example_short_circuit_operator.py
[2022-10-09T07:04:14.167+0000] {logging_mixin.py:117} INFO - [2022-10-09T07:04:14.167+0000] {dag.py:2573} INFO - Sync 1 DAGs
[2022-10-09T07:04:14.184+0000] {logging_mixin.py:117} INFO - [2022-10-09T07:04:14.183+0000] {dag.py:3328} INFO - Setting next_dagrun for example_short_circuit_operator to 2022-10-08T07:04:14.183846+00:00, run_after=2022-10-09T07:04:14.183846+00:00
[2022-10-09T07:04:14.198+0000] {processor.py:178} INFO - Processing /home/airflow/.local/lib/python3.7/site-packages/airflow/example_dags/example_short_circuit_operator.py took 0.093 seconds
[2022-10-09T07:04:44.893+0000] {processor.py:156} INFO - Started process (PID=1696) to work on /home/airflow/.local/lib/python3.7/site-packages/airflow/example_dags/example_short_circuit_operator.py
[2022-10-09T07:04:44.895+0000] {processor.py:758} INFO - Processing file /home/airflow/.local/lib/python3.7/site-packages/airflow/example_dags/example_short_circuit_operator.py for tasks to queue
[2022-10-09T07:04:44.896+0000] {logging_mixin.py:117} INFO - [2022-10-09T07:04:44.896+0000] {dagbag.py:525} INFO - Filling up the DagBag from /home/airflow/.local/lib/python3.7/site-packages/airflow/example_dags/example_short_circuit_operator.py
[2022-10-09T07:04:44.910+0000] {processor.py:768} INFO - DAG(s) dict_keys(['example_short_circuit_operator']) retrieved from /home/airflow/.local/lib/python3.7/site-packages/airflow/example_dags/example_short_circuit_operator.py
[2022-10-09T07:04:44.936+0000] {logging_mixin.py:117} INFO - [2022-10-09T07:04:44.936+0000] {dag.py:2573} INFO - Sync 1 DAGs
[2022-10-09T07:04:44.952+0000] {logging_mixin.py:117} INFO - [2022-10-09T07:04:44.952+0000] {dag.py:3328} INFO - Setting next_dagrun for example_short_circuit_operator to 2022-10-08T07:04:44.951921+00:00, run_after=2022-10-09T07:04:44.951921+00:00
[2022-10-09T07:04:44.964+0000] {processor.py:178} INFO - Processing /home/airflow/.local/lib/python3.7/site-packages/airflow/example_dags/example_short_circuit_operator.py took 0.072 seconds
[2022-10-09T07:05:15.459+0000] {processor.py:156} INFO - Started process (PID=1759) to work on /home/airflow/.local/lib/python3.7/site-packages/airflow/example_dags/example_short_circuit_operator.py
[2022-10-09T07:05:15.461+0000] {processor.py:758} INFO - Processing file /home/airflow/.local/lib/python3.7/site-packages/airflow/example_dags/example_short_circuit_operator.py for tasks to queue
[2022-10-09T07:05:15.462+0000] {logging_mixin.py:117} INFO - [2022-10-09T07:05:15.462+0000] {dagbag.py:525} INFO - Filling up the DagBag from /home/airflow/.local/lib/python3.7/site-packages/airflow/example_dags/example_short_circuit_operator.py
[2022-10-09T07:05:15.473+0000] {processor.py:768} INFO - DAG(s) dict_keys(['example_short_circuit_operator']) retrieved from /home/airflow/.local/lib/python3.7/site-packages/airflow/example_dags/example_short_circuit_operator.py
[2022-10-09T07:05:15.511+0000] {logging_mixin.py:117} INFO - [2022-10-09T07:05:15.511+0000] {dag.py:2573} INFO - Sync 1 DAGs
[2022-10-09T07:05:15.529+0000] {logging_mixin.py:117} INFO - [2022-10-09T07:05:15.529+0000] {dag.py:3328} INFO - Setting next_dagrun for example_short_circuit_operator to 2022-10-08T07:05:15.529529+00:00, run_after=2022-10-09T07:05:15.529529+00:00
[2022-10-09T07:05:15.546+0000] {processor.py:178} INFO - Processing /home/airflow/.local/lib/python3.7/site-packages/airflow/example_dags/example_short_circuit_operator.py took 0.089 seconds
[2022-10-09T07:05:45.855+0000] {processor.py:156} INFO - Started process (PID=1813) to work on /home/airflow/.local/lib/python3.7/site-packages/airflow/example_dags/example_short_circuit_operator.py
[2022-10-09T07:05:45.857+0000] {processor.py:758} INFO - Processing file /home/airflow/.local/lib/python3.7/site-packages/airflow/example_dags/example_short_circuit_operator.py for tasks to queue
[2022-10-09T07:05:45.858+0000] {logging_mixin.py:117} INFO - [2022-10-09T07:05:45.858+0000] {dagbag.py:525} INFO - Filling up the DagBag from /home/airflow/.local/lib/python3.7/site-packages/airflow/example_dags/example_short_circuit_operator.py
[2022-10-09T07:05:45.869+0000] {processor.py:768} INFO - DAG(s) dict_keys(['example_short_circuit_operator']) retrieved from /home/airflow/.local/lib/python3.7/site-packages/airflow/example_dags/example_short_circuit_operator.py
[2022-10-09T07:05:45.895+0000] {logging_mixin.py:117} INFO - [2022-10-09T07:05:45.895+0000] {dag.py:2573} INFO - Sync 1 DAGs
[2022-10-09T07:05:45.916+0000] {logging_mixin.py:117} INFO - [2022-10-09T07:05:45.916+0000] {dag.py:3328} INFO - Setting next_dagrun for example_short_circuit_operator to 2022-10-08T07:05:45.916264+00:00, run_after=2022-10-09T07:05:45.916264+00:00
[2022-10-09T07:05:45.933+0000] {processor.py:178} INFO - Processing /home/airflow/.local/lib/python3.7/site-packages/airflow/example_dags/example_short_circuit_operator.py took 0.080 seconds
[2022-10-09T07:06:16.638+0000] {processor.py:156} INFO - Started process (PID=1876) to work on /home/airflow/.local/lib/python3.7/site-packages/airflow/example_dags/example_short_circuit_operator.py
[2022-10-09T07:06:16.640+0000] {processor.py:758} INFO - Processing file /home/airflow/.local/lib/python3.7/site-packages/airflow/example_dags/example_short_circuit_operator.py for tasks to queue
[2022-10-09T07:06:16.640+0000] {logging_mixin.py:117} INFO - [2022-10-09T07:06:16.640+0000] {dagbag.py:525} INFO - Filling up the DagBag from /home/airflow/.local/lib/python3.7/site-packages/airflow/example_dags/example_short_circuit_operator.py
[2022-10-09T07:06:16.651+0000] {processor.py:768} INFO - DAG(s) dict_keys(['example_short_circuit_operator']) retrieved from /home/airflow/.local/lib/python3.7/site-packages/airflow/example_dags/example_short_circuit_operator.py
[2022-10-09T07:06:16.679+0000] {logging_mixin.py:117} INFO - [2022-10-09T07:06:16.679+0000] {dag.py:2573} INFO - Sync 1 DAGs
[2022-10-09T07:06:16.698+0000] {logging_mixin.py:117} INFO - [2022-10-09T07:06:16.698+0000] {dag.py:3328} INFO - Setting next_dagrun for example_short_circuit_operator to 2022-10-08T07:06:16.698676+00:00, run_after=2022-10-09T07:06:16.698676+00:00
[2022-10-09T07:06:16.711+0000] {processor.py:178} INFO - Processing /home/airflow/.local/lib/python3.7/site-packages/airflow/example_dags/example_short_circuit_operator.py took 0.075 seconds
[2022-10-09T07:06:46.781+0000] {processor.py:156} INFO - Started process (PID=1938) to work on /home/airflow/.local/lib/python3.7/site-packages/airflow/example_dags/example_short_circuit_operator.py
[2022-10-09T07:06:46.782+0000] {processor.py:758} INFO - Processing file /home/airflow/.local/lib/python3.7/site-packages/airflow/example_dags/example_short_circuit_operator.py for tasks to queue
[2022-10-09T07:06:46.783+0000] {logging_mixin.py:117} INFO - [2022-10-09T07:06:46.783+0000] {dagbag.py:525} INFO - Filling up the DagBag from /home/airflow/.local/lib/python3.7/site-packages/airflow/example_dags/example_short_circuit_operator.py
[2022-10-09T07:06:46.795+0000] {processor.py:768} INFO - DAG(s) dict_keys(['example_short_circuit_operator']) retrieved from /home/airflow/.local/lib/python3.7/site-packages/airflow/example_dags/example_short_circuit_operator.py
[2022-10-09T07:06:46.823+0000] {logging_mixin.py:117} INFO - [2022-10-09T07:06:46.823+0000] {dag.py:2573} INFO - Sync 1 DAGs
[2022-10-09T07:06:46.839+0000] {logging_mixin.py:117} INFO - [2022-10-09T07:06:46.839+0000] {dag.py:3328} INFO - Setting next_dagrun for example_short_circuit_operator to 2022-10-08T07:06:46.839171+00:00, run_after=2022-10-09T07:06:46.839171+00:00
[2022-10-09T07:06:46.851+0000] {processor.py:178} INFO - Processing /home/airflow/.local/lib/python3.7/site-packages/airflow/example_dags/example_short_circuit_operator.py took 0.073 seconds
[2022-10-09T07:07:17.057+0000] {processor.py:156} INFO - Started process (PID=2003) to work on /home/airflow/.local/lib/python3.7/site-packages/airflow/example_dags/example_short_circuit_operator.py
[2022-10-09T07:07:17.059+0000] {processor.py:758} INFO - Processing file /home/airflow/.local/lib/python3.7/site-packages/airflow/example_dags/example_short_circuit_operator.py for tasks to queue
[2022-10-09T07:07:17.061+0000] {logging_mixin.py:117} INFO - [2022-10-09T07:07:17.060+0000] {dagbag.py:525} INFO - Filling up the DagBag from /home/airflow/.local/lib/python3.7/site-packages/airflow/example_dags/example_short_circuit_operator.py
[2022-10-09T07:07:17.072+0000] {processor.py:768} INFO - DAG(s) dict_keys(['example_short_circuit_operator']) retrieved from /home/airflow/.local/lib/python3.7/site-packages/airflow/example_dags/example_short_circuit_operator.py
[2022-10-09T07:07:17.099+0000] {logging_mixin.py:117} INFO - [2022-10-09T07:07:17.099+0000] {dag.py:2573} INFO - Sync 1 DAGs
[2022-10-09T07:07:17.114+0000] {logging_mixin.py:117} INFO - [2022-10-09T07:07:17.114+0000] {dag.py:3328} INFO - Setting next_dagrun for example_short_circuit_operator to 2022-10-08T07:07:17.114680+00:00, run_after=2022-10-09T07:07:17.114680+00:00
[2022-10-09T07:07:17.125+0000] {processor.py:178} INFO - Processing /home/airflow/.local/lib/python3.7/site-packages/airflow/example_dags/example_short_circuit_operator.py took 0.071 seconds
[2022-10-09T07:07:47.723+0000] {processor.py:156} INFO - Started process (PID=2067) to work on /home/airflow/.local/lib/python3.7/site-packages/airflow/example_dags/example_short_circuit_operator.py
[2022-10-09T07:07:47.724+0000] {processor.py:758} INFO - Processing file /home/airflow/.local/lib/python3.7/site-packages/airflow/example_dags/example_short_circuit_operator.py for tasks to queue
[2022-10-09T07:07:47.725+0000] {logging_mixin.py:117} INFO - [2022-10-09T07:07:47.725+0000] {dagbag.py:525} INFO - Filling up the DagBag from /home/airflow/.local/lib/python3.7/site-packages/airflow/example_dags/example_short_circuit_operator.py
[2022-10-09T07:07:47.737+0000] {processor.py:768} INFO - DAG(s) dict_keys(['example_short_circuit_operator']) retrieved from /home/airflow/.local/lib/python3.7/site-packages/airflow/example_dags/example_short_circuit_operator.py
[2022-10-09T07:07:47.766+0000] {logging_mixin.py:117} INFO - [2022-10-09T07:07:47.766+0000] {dag.py:2573} INFO - Sync 1 DAGs
[2022-10-09T07:07:47.783+0000] {logging_mixin.py:117} INFO - [2022-10-09T07:07:47.782+0000] {dag.py:3328} INFO - Setting next_dagrun for example_short_circuit_operator to 2022-10-08T07:07:47.782855+00:00, run_after=2022-10-09T07:07:47.782855+00:00
[2022-10-09T07:07:47.796+0000] {processor.py:178} INFO - Processing /home/airflow/.local/lib/python3.7/site-packages/airflow/example_dags/example_short_circuit_operator.py took 0.075 seconds
[2022-10-09T07:08:17.987+0000] {processor.py:156} INFO - Started process (PID=2122) to work on /home/airflow/.local/lib/python3.7/site-packages/airflow/example_dags/example_short_circuit_operator.py
[2022-10-09T07:08:17.988+0000] {processor.py:758} INFO - Processing file /home/airflow/.local/lib/python3.7/site-packages/airflow/example_dags/example_short_circuit_operator.py for tasks to queue
[2022-10-09T07:08:17.990+0000] {logging_mixin.py:117} INFO - [2022-10-09T07:08:17.990+0000] {dagbag.py:525} INFO - Filling up the DagBag from /home/airflow/.local/lib/python3.7/site-packages/airflow/example_dags/example_short_circuit_operator.py
[2022-10-09T07:08:18.001+0000] {processor.py:768} INFO - DAG(s) dict_keys(['example_short_circuit_operator']) retrieved from /home/airflow/.local/lib/python3.7/site-packages/airflow/example_dags/example_short_circuit_operator.py
[2022-10-09T07:08:18.027+0000] {logging_mixin.py:117} INFO - [2022-10-09T07:08:18.026+0000] {dag.py:2573} INFO - Sync 1 DAGs
[2022-10-09T07:08:18.043+0000] {logging_mixin.py:117} INFO - [2022-10-09T07:08:18.043+0000] {dag.py:3328} INFO - Setting next_dagrun for example_short_circuit_operator to 2022-10-08T07:08:18.042990+00:00, run_after=2022-10-09T07:08:18.042990+00:00
[2022-10-09T07:08:18.058+0000] {processor.py:178} INFO - Processing /home/airflow/.local/lib/python3.7/site-packages/airflow/example_dags/example_short_circuit_operator.py took 0.073 seconds
[2022-10-09T07:08:48.411+0000] {processor.py:156} INFO - Started process (PID=2185) to work on /home/airflow/.local/lib/python3.7/site-packages/airflow/example_dags/example_short_circuit_operator.py
[2022-10-09T07:08:48.413+0000] {processor.py:758} INFO - Processing file /home/airflow/.local/lib/python3.7/site-packages/airflow/example_dags/example_short_circuit_operator.py for tasks to queue
[2022-10-09T07:08:48.415+0000] {logging_mixin.py:117} INFO - [2022-10-09T07:08:48.415+0000] {dagbag.py:525} INFO - Filling up the DagBag from /home/airflow/.local/lib/python3.7/site-packages/airflow/example_dags/example_short_circuit_operator.py
[2022-10-09T07:08:48.430+0000] {processor.py:768} INFO - DAG(s) dict_keys(['example_short_circuit_operator']) retrieved from /home/airflow/.local/lib/python3.7/site-packages/airflow/example_dags/example_short_circuit_operator.py
[2022-10-09T07:08:48.469+0000] {logging_mixin.py:117} INFO - [2022-10-09T07:08:48.468+0000] {dag.py:2573} INFO - Sync 1 DAGs
[2022-10-09T07:08:48.490+0000] {logging_mixin.py:117} INFO - [2022-10-09T07:08:48.490+0000] {dag.py:3328} INFO - Setting next_dagrun for example_short_circuit_operator to 2022-10-08T07:08:48.489955+00:00, run_after=2022-10-09T07:08:48.489955+00:00
[2022-10-09T07:08:48.510+0000] {processor.py:178} INFO - Processing /home/airflow/.local/lib/python3.7/site-packages/airflow/example_dags/example_short_circuit_operator.py took 0.101 seconds
[2022-10-09T07:09:18.739+0000] {processor.py:156} INFO - Started process (PID=2249) to work on /home/airflow/.local/lib/python3.7/site-packages/airflow/example_dags/example_short_circuit_operator.py
[2022-10-09T07:09:18.740+0000] {processor.py:758} INFO - Processing file /home/airflow/.local/lib/python3.7/site-packages/airflow/example_dags/example_short_circuit_operator.py for tasks to queue
[2022-10-09T07:09:18.741+0000] {logging_mixin.py:117} INFO - [2022-10-09T07:09:18.741+0000] {dagbag.py:525} INFO - Filling up the DagBag from /home/airflow/.local/lib/python3.7/site-packages/airflow/example_dags/example_short_circuit_operator.py
[2022-10-09T07:09:18.751+0000] {processor.py:768} INFO - DAG(s) dict_keys(['example_short_circuit_operator']) retrieved from /home/airflow/.local/lib/python3.7/site-packages/airflow/example_dags/example_short_circuit_operator.py
[2022-10-09T07:09:18.775+0000] {logging_mixin.py:117} INFO - [2022-10-09T07:09:18.775+0000] {dag.py:2573} INFO - Sync 1 DAGs
[2022-10-09T07:09:18.789+0000] {logging_mixin.py:117} INFO - [2022-10-09T07:09:18.788+0000] {dag.py:3328} INFO - Setting next_dagrun for example_short_circuit_operator to 2022-10-08T07:09:18.788860+00:00, run_after=2022-10-09T07:09:18.788860+00:00
[2022-10-09T07:09:18.798+0000] {processor.py:178} INFO - Processing /home/airflow/.local/lib/python3.7/site-packages/airflow/example_dags/example_short_circuit_operator.py took 0.062 seconds
[2022-10-09T07:09:49.155+0000] {processor.py:156} INFO - Started process (PID=2311) to work on /home/airflow/.local/lib/python3.7/site-packages/airflow/example_dags/example_short_circuit_operator.py
[2022-10-09T07:09:49.156+0000] {processor.py:758} INFO - Processing file /home/airflow/.local/lib/python3.7/site-packages/airflow/example_dags/example_short_circuit_operator.py for tasks to queue
[2022-10-09T07:09:49.158+0000] {logging_mixin.py:117} INFO - [2022-10-09T07:09:49.158+0000] {dagbag.py:525} INFO - Filling up the DagBag from /home/airflow/.local/lib/python3.7/site-packages/airflow/example_dags/example_short_circuit_operator.py
[2022-10-09T07:09:49.172+0000] {processor.py:768} INFO - DAG(s) dict_keys(['example_short_circuit_operator']) retrieved from /home/airflow/.local/lib/python3.7/site-packages/airflow/example_dags/example_short_circuit_operator.py
[2022-10-09T07:09:49.199+0000] {logging_mixin.py:117} INFO - [2022-10-09T07:09:49.199+0000] {dag.py:2573} INFO - Sync 1 DAGs
[2022-10-09T07:09:49.215+0000] {logging_mixin.py:117} INFO - [2022-10-09T07:09:49.215+0000] {dag.py:3328} INFO - Setting next_dagrun for example_short_circuit_operator to 2022-10-08T07:09:49.215674+00:00, run_after=2022-10-09T07:09:49.215674+00:00
[2022-10-09T07:09:49.272+0000] {processor.py:178} INFO - Processing /home/airflow/.local/lib/python3.7/site-packages/airflow/example_dags/example_short_circuit_operator.py took 0.119 seconds
[2022-10-09T07:10:19.615+0000] {processor.py:156} INFO - Started process (PID=2373) to work on /home/airflow/.local/lib/python3.7/site-packages/airflow/example_dags/example_short_circuit_operator.py
[2022-10-09T07:10:19.618+0000] {processor.py:758} INFO - Processing file /home/airflow/.local/lib/python3.7/site-packages/airflow/example_dags/example_short_circuit_operator.py for tasks to queue
[2022-10-09T07:10:19.619+0000] {logging_mixin.py:117} INFO - [2022-10-09T07:10:19.619+0000] {dagbag.py:525} INFO - Filling up the DagBag from /home/airflow/.local/lib/python3.7/site-packages/airflow/example_dags/example_short_circuit_operator.py
[2022-10-09T07:10:19.632+0000] {processor.py:768} INFO - DAG(s) dict_keys(['example_short_circuit_operator']) retrieved from /home/airflow/.local/lib/python3.7/site-packages/airflow/example_dags/example_short_circuit_operator.py
[2022-10-09T07:10:19.669+0000] {logging_mixin.py:117} INFO - [2022-10-09T07:10:19.669+0000] {dag.py:2573} INFO - Sync 1 DAGs
[2022-10-09T07:10:19.689+0000] {logging_mixin.py:117} INFO - [2022-10-09T07:10:19.688+0000] {dag.py:3328} INFO - Setting next_dagrun for example_short_circuit_operator to 2022-10-08T07:10:19.688666+00:00, run_after=2022-10-09T07:10:19.688666+00:00
[2022-10-09T07:10:19.705+0000] {processor.py:178} INFO - Processing /home/airflow/.local/lib/python3.7/site-packages/airflow/example_dags/example_short_circuit_operator.py took 0.093 seconds
[2022-10-09T07:10:50.460+0000] {processor.py:156} INFO - Started process (PID=2436) to work on /home/airflow/.local/lib/python3.7/site-packages/airflow/example_dags/example_short_circuit_operator.py
[2022-10-09T07:10:50.462+0000] {processor.py:758} INFO - Processing file /home/airflow/.local/lib/python3.7/site-packages/airflow/example_dags/example_short_circuit_operator.py for tasks to queue
[2022-10-09T07:10:50.464+0000] {logging_mixin.py:117} INFO - [2022-10-09T07:10:50.464+0000] {dagbag.py:525} INFO - Filling up the DagBag from /home/airflow/.local/lib/python3.7/site-packages/airflow/example_dags/example_short_circuit_operator.py
[2022-10-09T07:10:50.484+0000] {processor.py:768} INFO - DAG(s) dict_keys(['example_short_circuit_operator']) retrieved from /home/airflow/.local/lib/python3.7/site-packages/airflow/example_dags/example_short_circuit_operator.py
[2022-10-09T07:10:50.526+0000] {logging_mixin.py:117} INFO - [2022-10-09T07:10:50.526+0000] {dag.py:2573} INFO - Sync 1 DAGs
[2022-10-09T07:10:50.541+0000] {logging_mixin.py:117} INFO - [2022-10-09T07:10:50.541+0000] {dag.py:3328} INFO - Setting next_dagrun for example_short_circuit_operator to 2022-10-08T07:10:50.541290+00:00, run_after=2022-10-09T07:10:50.541290+00:00
[2022-10-09T07:10:50.553+0000] {processor.py:178} INFO - Processing /home/airflow/.local/lib/python3.7/site-packages/airflow/example_dags/example_short_circuit_operator.py took 0.098 seconds
[2022-10-09T07:11:20.749+0000] {processor.py:156} INFO - Started process (PID=2490) to work on /home/airflow/.local/lib/python3.7/site-packages/airflow/example_dags/example_short_circuit_operator.py
[2022-10-09T07:11:20.751+0000] {processor.py:758} INFO - Processing file /home/airflow/.local/lib/python3.7/site-packages/airflow/example_dags/example_short_circuit_operator.py for tasks to queue
[2022-10-09T07:11:20.752+0000] {logging_mixin.py:117} INFO - [2022-10-09T07:11:20.752+0000] {dagbag.py:525} INFO - Filling up the DagBag from /home/airflow/.local/lib/python3.7/site-packages/airflow/example_dags/example_short_circuit_operator.py
[2022-10-09T07:11:20.761+0000] {processor.py:768} INFO - DAG(s) dict_keys(['example_short_circuit_operator']) retrieved from /home/airflow/.local/lib/python3.7/site-packages/airflow/example_dags/example_short_circuit_operator.py
[2022-10-09T07:11:20.788+0000] {logging_mixin.py:117} INFO - [2022-10-09T07:11:20.788+0000] {dag.py:2573} INFO - Sync 1 DAGs
[2022-10-09T07:11:20.803+0000] {logging_mixin.py:117} INFO - [2022-10-09T07:11:20.803+0000] {dag.py:3328} INFO - Setting next_dagrun for example_short_circuit_operator to 2022-10-08T07:11:20.803310+00:00, run_after=2022-10-09T07:11:20.803310+00:00
[2022-10-09T07:11:20.814+0000] {processor.py:178} INFO - Processing /home/airflow/.local/lib/python3.7/site-packages/airflow/example_dags/example_short_circuit_operator.py took 0.068 seconds
[2022-10-09T07:11:51.145+0000] {processor.py:156} INFO - Started process (PID=2553) to work on /home/airflow/.local/lib/python3.7/site-packages/airflow/example_dags/example_short_circuit_operator.py
[2022-10-09T07:11:51.146+0000] {processor.py:758} INFO - Processing file /home/airflow/.local/lib/python3.7/site-packages/airflow/example_dags/example_short_circuit_operator.py for tasks to queue
[2022-10-09T07:11:51.147+0000] {logging_mixin.py:117} INFO - [2022-10-09T07:11:51.147+0000] {dagbag.py:525} INFO - Filling up the DagBag from /home/airflow/.local/lib/python3.7/site-packages/airflow/example_dags/example_short_circuit_operator.py
[2022-10-09T07:11:51.157+0000] {processor.py:768} INFO - DAG(s) dict_keys(['example_short_circuit_operator']) retrieved from /home/airflow/.local/lib/python3.7/site-packages/airflow/example_dags/example_short_circuit_operator.py
[2022-10-09T07:11:51.184+0000] {logging_mixin.py:117} INFO - [2022-10-09T07:11:51.183+0000] {dag.py:2573} INFO - Sync 1 DAGs
[2022-10-09T07:11:51.199+0000] {logging_mixin.py:117} INFO - [2022-10-09T07:11:51.199+0000] {dag.py:3328} INFO - Setting next_dagrun for example_short_circuit_operator to 2022-10-08T07:11:51.199426+00:00, run_after=2022-10-09T07:11:51.199426+00:00
[2022-10-09T07:11:51.212+0000] {processor.py:178} INFO - Processing /home/airflow/.local/lib/python3.7/site-packages/airflow/example_dags/example_short_circuit_operator.py took 0.070 seconds
[2022-10-09T07:12:21.346+0000] {processor.py:156} INFO - Started process (PID=2616) to work on /home/airflow/.local/lib/python3.7/site-packages/airflow/example_dags/example_short_circuit_operator.py
[2022-10-09T07:12:21.348+0000] {processor.py:758} INFO - Processing file /home/airflow/.local/lib/python3.7/site-packages/airflow/example_dags/example_short_circuit_operator.py for tasks to queue
[2022-10-09T07:12:21.349+0000] {logging_mixin.py:117} INFO - [2022-10-09T07:12:21.349+0000] {dagbag.py:525} INFO - Filling up the DagBag from /home/airflow/.local/lib/python3.7/site-packages/airflow/example_dags/example_short_circuit_operator.py
[2022-10-09T07:12:21.359+0000] {processor.py:768} INFO - DAG(s) dict_keys(['example_short_circuit_operator']) retrieved from /home/airflow/.local/lib/python3.7/site-packages/airflow/example_dags/example_short_circuit_operator.py
[2022-10-09T07:12:21.385+0000] {logging_mixin.py:117} INFO - [2022-10-09T07:12:21.384+0000] {dag.py:2573} INFO - Sync 1 DAGs
[2022-10-09T07:12:21.401+0000] {logging_mixin.py:117} INFO - [2022-10-09T07:12:21.401+0000] {dag.py:3328} INFO - Setting next_dagrun for example_short_circuit_operator to 2022-10-08T07:12:21.400742+00:00, run_after=2022-10-09T07:12:21.400742+00:00
[2022-10-09T07:12:21.414+0000] {processor.py:178} INFO - Processing /home/airflow/.local/lib/python3.7/site-packages/airflow/example_dags/example_short_circuit_operator.py took 0.071 seconds
[2022-10-09T07:12:51.704+0000] {processor.py:156} INFO - Started process (PID=2679) to work on /home/airflow/.local/lib/python3.7/site-packages/airflow/example_dags/example_short_circuit_operator.py
[2022-10-09T07:12:51.705+0000] {processor.py:758} INFO - Processing file /home/airflow/.local/lib/python3.7/site-packages/airflow/example_dags/example_short_circuit_operator.py for tasks to queue
[2022-10-09T07:12:51.707+0000] {logging_mixin.py:117} INFO - [2022-10-09T07:12:51.707+0000] {dagbag.py:525} INFO - Filling up the DagBag from /home/airflow/.local/lib/python3.7/site-packages/airflow/example_dags/example_short_circuit_operator.py
[2022-10-09T07:12:51.718+0000] {processor.py:768} INFO - DAG(s) dict_keys(['example_short_circuit_operator']) retrieved from /home/airflow/.local/lib/python3.7/site-packages/airflow/example_dags/example_short_circuit_operator.py
[2022-10-09T07:12:51.743+0000] {logging_mixin.py:117} INFO - [2022-10-09T07:12:51.743+0000] {dag.py:2573} INFO - Sync 1 DAGs
[2022-10-09T07:12:51.760+0000] {logging_mixin.py:117} INFO - [2022-10-09T07:12:51.760+0000] {dag.py:3328} INFO - Setting next_dagrun for example_short_circuit_operator to 2022-10-08T07:12:51.760055+00:00, run_after=2022-10-09T07:12:51.760055+00:00
[2022-10-09T07:12:51.774+0000] {processor.py:178} INFO - Processing /home/airflow/.local/lib/python3.7/site-packages/airflow/example_dags/example_short_circuit_operator.py took 0.073 seconds
[2022-10-09T07:13:22.236+0000] {processor.py:156} INFO - Started process (PID=2743) to work on /home/airflow/.local/lib/python3.7/site-packages/airflow/example_dags/example_short_circuit_operator.py
[2022-10-09T07:13:22.238+0000] {processor.py:758} INFO - Processing file /home/airflow/.local/lib/python3.7/site-packages/airflow/example_dags/example_short_circuit_operator.py for tasks to queue
[2022-10-09T07:13:22.239+0000] {logging_mixin.py:117} INFO - [2022-10-09T07:13:22.239+0000] {dagbag.py:525} INFO - Filling up the DagBag from /home/airflow/.local/lib/python3.7/site-packages/airflow/example_dags/example_short_circuit_operator.py
[2022-10-09T07:13:22.250+0000] {processor.py:768} INFO - DAG(s) dict_keys(['example_short_circuit_operator']) retrieved from /home/airflow/.local/lib/python3.7/site-packages/airflow/example_dags/example_short_circuit_operator.py
[2022-10-09T07:13:22.280+0000] {logging_mixin.py:117} INFO - [2022-10-09T07:13:22.280+0000] {dag.py:2573} INFO - Sync 1 DAGs
[2022-10-09T07:13:22.295+0000] {logging_mixin.py:117} INFO - [2022-10-09T07:13:22.295+0000] {dag.py:3328} INFO - Setting next_dagrun for example_short_circuit_operator to 2022-10-08T07:13:22.295656+00:00, run_after=2022-10-09T07:13:22.295656+00:00
[2022-10-09T07:13:22.307+0000] {processor.py:178} INFO - Processing /home/airflow/.local/lib/python3.7/site-packages/airflow/example_dags/example_short_circuit_operator.py took 0.073 seconds
[2022-10-09T07:13:52.514+0000] {processor.py:156} INFO - Started process (PID=2796) to work on /home/airflow/.local/lib/python3.7/site-packages/airflow/example_dags/example_short_circuit_operator.py
[2022-10-09T07:13:52.516+0000] {processor.py:758} INFO - Processing file /home/airflow/.local/lib/python3.7/site-packages/airflow/example_dags/example_short_circuit_operator.py for tasks to queue
[2022-10-09T07:13:52.517+0000] {logging_mixin.py:117} INFO - [2022-10-09T07:13:52.517+0000] {dagbag.py:525} INFO - Filling up the DagBag from /home/airflow/.local/lib/python3.7/site-packages/airflow/example_dags/example_short_circuit_operator.py
[2022-10-09T07:13:52.527+0000] {processor.py:768} INFO - DAG(s) dict_keys(['example_short_circuit_operator']) retrieved from /home/airflow/.local/lib/python3.7/site-packages/airflow/example_dags/example_short_circuit_operator.py
[2022-10-09T07:13:52.554+0000] {logging_mixin.py:117} INFO - [2022-10-09T07:13:52.554+0000] {dag.py:2573} INFO - Sync 1 DAGs
[2022-10-09T07:13:52.571+0000] {logging_mixin.py:117} INFO - [2022-10-09T07:13:52.571+0000] {dag.py:3328} INFO - Setting next_dagrun for example_short_circuit_operator to 2022-10-08T07:13:52.571656+00:00, run_after=2022-10-09T07:13:52.571656+00:00
[2022-10-09T07:13:52.588+0000] {processor.py:178} INFO - Processing /home/airflow/.local/lib/python3.7/site-packages/airflow/example_dags/example_short_circuit_operator.py took 0.076 seconds
[2022-10-09T07:14:23.053+0000] {processor.py:156} INFO - Started process (PID=2858) to work on /home/airflow/.local/lib/python3.7/site-packages/airflow/example_dags/example_short_circuit_operator.py
[2022-10-09T07:14:23.055+0000] {processor.py:758} INFO - Processing file /home/airflow/.local/lib/python3.7/site-packages/airflow/example_dags/example_short_circuit_operator.py for tasks to queue
[2022-10-09T07:14:23.056+0000] {logging_mixin.py:117} INFO - [2022-10-09T07:14:23.056+0000] {dagbag.py:525} INFO - Filling up the DagBag from /home/airflow/.local/lib/python3.7/site-packages/airflow/example_dags/example_short_circuit_operator.py
[2022-10-09T07:14:23.074+0000] {processor.py:768} INFO - DAG(s) dict_keys(['example_short_circuit_operator']) retrieved from /home/airflow/.local/lib/python3.7/site-packages/airflow/example_dags/example_short_circuit_operator.py
[2022-10-09T07:14:23.100+0000] {logging_mixin.py:117} INFO - [2022-10-09T07:14:23.100+0000] {dag.py:2573} INFO - Sync 1 DAGs
[2022-10-09T07:14:23.115+0000] {logging_mixin.py:117} INFO - [2022-10-09T07:14:23.115+0000] {dag.py:3328} INFO - Setting next_dagrun for example_short_circuit_operator to 2022-10-08T07:14:23.115081+00:00, run_after=2022-10-09T07:14:23.115081+00:00
[2022-10-09T07:14:23.128+0000] {processor.py:178} INFO - Processing /home/airflow/.local/lib/python3.7/site-packages/airflow/example_dags/example_short_circuit_operator.py took 0.076 seconds
[2022-10-09T07:14:53.402+0000] {processor.py:156} INFO - Started process (PID=2922) to work on /home/airflow/.local/lib/python3.7/site-packages/airflow/example_dags/example_short_circuit_operator.py
[2022-10-09T07:14:53.405+0000] {processor.py:758} INFO - Processing file /home/airflow/.local/lib/python3.7/site-packages/airflow/example_dags/example_short_circuit_operator.py for tasks to queue
[2022-10-09T07:14:53.406+0000] {logging_mixin.py:117} INFO - [2022-10-09T07:14:53.406+0000] {dagbag.py:525} INFO - Filling up the DagBag from /home/airflow/.local/lib/python3.7/site-packages/airflow/example_dags/example_short_circuit_operator.py
[2022-10-09T07:14:53.416+0000] {processor.py:768} INFO - DAG(s) dict_keys(['example_short_circuit_operator']) retrieved from /home/airflow/.local/lib/python3.7/site-packages/airflow/example_dags/example_short_circuit_operator.py
[2022-10-09T07:14:53.441+0000] {logging_mixin.py:117} INFO - [2022-10-09T07:14:53.441+0000] {dag.py:2573} INFO - Sync 1 DAGs
[2022-10-09T07:14:53.456+0000] {logging_mixin.py:117} INFO - [2022-10-09T07:14:53.456+0000] {dag.py:3328} INFO - Setting next_dagrun for example_short_circuit_operator to 2022-10-08T07:14:53.455885+00:00, run_after=2022-10-09T07:14:53.455885+00:00
[2022-10-09T07:14:53.467+0000] {processor.py:178} INFO - Processing /home/airflow/.local/lib/python3.7/site-packages/airflow/example_dags/example_short_circuit_operator.py took 0.067 seconds
[2022-10-09T07:15:23.591+0000] {processor.py:156} INFO - Started process (PID=2985) to work on /home/airflow/.local/lib/python3.7/site-packages/airflow/example_dags/example_short_circuit_operator.py
[2022-10-09T07:15:23.592+0000] {processor.py:758} INFO - Processing file /home/airflow/.local/lib/python3.7/site-packages/airflow/example_dags/example_short_circuit_operator.py for tasks to queue
[2022-10-09T07:15:23.593+0000] {logging_mixin.py:117} INFO - [2022-10-09T07:15:23.593+0000] {dagbag.py:525} INFO - Filling up the DagBag from /home/airflow/.local/lib/python3.7/site-packages/airflow/example_dags/example_short_circuit_operator.py
[2022-10-09T07:15:23.604+0000] {processor.py:768} INFO - DAG(s) dict_keys(['example_short_circuit_operator']) retrieved from /home/airflow/.local/lib/python3.7/site-packages/airflow/example_dags/example_short_circuit_operator.py
[2022-10-09T07:15:23.633+0000] {logging_mixin.py:117} INFO - [2022-10-09T07:15:23.633+0000] {dag.py:2573} INFO - Sync 1 DAGs
[2022-10-09T07:15:23.647+0000] {logging_mixin.py:117} INFO - [2022-10-09T07:15:23.647+0000] {dag.py:3328} INFO - Setting next_dagrun for example_short_circuit_operator to 2022-10-08T07:15:23.647566+00:00, run_after=2022-10-09T07:15:23.647566+00:00
[2022-10-09T07:15:23.659+0000] {processor.py:178} INFO - Processing /home/airflow/.local/lib/python3.7/site-packages/airflow/example_dags/example_short_circuit_operator.py took 0.070 seconds
[2022-10-09T07:15:53.967+0000] {processor.py:156} INFO - Started process (PID=3048) to work on /home/airflow/.local/lib/python3.7/site-packages/airflow/example_dags/example_short_circuit_operator.py
[2022-10-09T07:15:53.968+0000] {processor.py:758} INFO - Processing file /home/airflow/.local/lib/python3.7/site-packages/airflow/example_dags/example_short_circuit_operator.py for tasks to queue
[2022-10-09T07:15:53.969+0000] {logging_mixin.py:117} INFO - [2022-10-09T07:15:53.969+0000] {dagbag.py:525} INFO - Filling up the DagBag from /home/airflow/.local/lib/python3.7/site-packages/airflow/example_dags/example_short_circuit_operator.py
[2022-10-09T07:15:53.978+0000] {processor.py:768} INFO - DAG(s) dict_keys(['example_short_circuit_operator']) retrieved from /home/airflow/.local/lib/python3.7/site-packages/airflow/example_dags/example_short_circuit_operator.py
[2022-10-09T07:15:54.003+0000] {logging_mixin.py:117} INFO - [2022-10-09T07:15:54.003+0000] {dag.py:2573} INFO - Sync 1 DAGs
[2022-10-09T07:15:54.017+0000] {logging_mixin.py:117} INFO - [2022-10-09T07:15:54.017+0000] {dag.py:3328} INFO - Setting next_dagrun for example_short_circuit_operator to 2022-10-08T07:15:54.017594+00:00, run_after=2022-10-09T07:15:54.017594+00:00
[2022-10-09T07:15:54.027+0000] {processor.py:178} INFO - Processing /home/airflow/.local/lib/python3.7/site-packages/airflow/example_dags/example_short_circuit_operator.py took 0.062 seconds
[2022-10-09T07:16:24.281+0000] {processor.py:156} INFO - Started process (PID=3102) to work on /home/airflow/.local/lib/python3.7/site-packages/airflow/example_dags/example_short_circuit_operator.py
[2022-10-09T07:16:24.282+0000] {processor.py:758} INFO - Processing file /home/airflow/.local/lib/python3.7/site-packages/airflow/example_dags/example_short_circuit_operator.py for tasks to queue
[2022-10-09T07:16:24.283+0000] {logging_mixin.py:117} INFO - [2022-10-09T07:16:24.283+0000] {dagbag.py:525} INFO - Filling up the DagBag from /home/airflow/.local/lib/python3.7/site-packages/airflow/example_dags/example_short_circuit_operator.py
[2022-10-09T07:16:24.294+0000] {processor.py:768} INFO - DAG(s) dict_keys(['example_short_circuit_operator']) retrieved from /home/airflow/.local/lib/python3.7/site-packages/airflow/example_dags/example_short_circuit_operator.py
[2022-10-09T07:16:24.319+0000] {logging_mixin.py:117} INFO - [2022-10-09T07:16:24.319+0000] {dag.py:2573} INFO - Sync 1 DAGs
[2022-10-09T07:16:24.334+0000] {logging_mixin.py:117} INFO - [2022-10-09T07:16:24.334+0000] {dag.py:3328} INFO - Setting next_dagrun for example_short_circuit_operator to 2022-10-08T07:16:24.334238+00:00, run_after=2022-10-09T07:16:24.334238+00:00
[2022-10-09T07:16:24.348+0000] {processor.py:178} INFO - Processing /home/airflow/.local/lib/python3.7/site-packages/airflow/example_dags/example_short_circuit_operator.py took 0.069 seconds
[2022-10-09T07:16:54.610+0000] {processor.py:156} INFO - Started process (PID=3164) to work on /home/airflow/.local/lib/python3.7/site-packages/airflow/example_dags/example_short_circuit_operator.py
[2022-10-09T07:16:54.611+0000] {processor.py:758} INFO - Processing file /home/airflow/.local/lib/python3.7/site-packages/airflow/example_dags/example_short_circuit_operator.py for tasks to queue
[2022-10-09T07:16:54.612+0000] {logging_mixin.py:117} INFO - [2022-10-09T07:16:54.612+0000] {dagbag.py:525} INFO - Filling up the DagBag from /home/airflow/.local/lib/python3.7/site-packages/airflow/example_dags/example_short_circuit_operator.py
[2022-10-09T07:16:54.623+0000] {processor.py:768} INFO - DAG(s) dict_keys(['example_short_circuit_operator']) retrieved from /home/airflow/.local/lib/python3.7/site-packages/airflow/example_dags/example_short_circuit_operator.py
[2022-10-09T07:16:54.648+0000] {logging_mixin.py:117} INFO - [2022-10-09T07:16:54.648+0000] {dag.py:2573} INFO - Sync 1 DAGs
[2022-10-09T07:16:54.664+0000] {logging_mixin.py:117} INFO - [2022-10-09T07:16:54.663+0000] {dag.py:3328} INFO - Setting next_dagrun for example_short_circuit_operator to 2022-10-08T07:16:54.663809+00:00, run_after=2022-10-09T07:16:54.663809+00:00
[2022-10-09T07:16:54.676+0000] {processor.py:178} INFO - Processing /home/airflow/.local/lib/python3.7/site-packages/airflow/example_dags/example_short_circuit_operator.py took 0.068 seconds
[2022-10-09T07:17:25.125+0000] {processor.py:156} INFO - Started process (PID=3227) to work on /home/airflow/.local/lib/python3.7/site-packages/airflow/example_dags/example_short_circuit_operator.py
[2022-10-09T07:17:25.142+0000] {processor.py:758} INFO - Processing file /home/airflow/.local/lib/python3.7/site-packages/airflow/example_dags/example_short_circuit_operator.py for tasks to queue
[2022-10-09T07:17:25.149+0000] {logging_mixin.py:117} INFO - [2022-10-09T07:17:25.149+0000] {dagbag.py:525} INFO - Filling up the DagBag from /home/airflow/.local/lib/python3.7/site-packages/airflow/example_dags/example_short_circuit_operator.py
[2022-10-09T07:17:25.170+0000] {processor.py:768} INFO - DAG(s) dict_keys(['example_short_circuit_operator']) retrieved from /home/airflow/.local/lib/python3.7/site-packages/airflow/example_dags/example_short_circuit_operator.py
[2022-10-09T07:17:25.223+0000] {logging_mixin.py:117} INFO - [2022-10-09T07:17:25.223+0000] {dag.py:2573} INFO - Sync 1 DAGs
[2022-10-09T07:17:25.246+0000] {logging_mixin.py:117} INFO - [2022-10-09T07:17:25.246+0000] {dag.py:3328} INFO - Setting next_dagrun for example_short_circuit_operator to 2022-10-08T07:17:25.246295+00:00, run_after=2022-10-09T07:17:25.246295+00:00
[2022-10-09T07:17:25.265+0000] {processor.py:178} INFO - Processing /home/airflow/.local/lib/python3.7/site-packages/airflow/example_dags/example_short_circuit_operator.py took 0.146 seconds
[2022-10-09T07:17:55.610+0000] {processor.py:156} INFO - Started process (PID=3288) to work on /home/airflow/.local/lib/python3.7/site-packages/airflow/example_dags/example_short_circuit_operator.py
[2022-10-09T07:17:55.611+0000] {processor.py:758} INFO - Processing file /home/airflow/.local/lib/python3.7/site-packages/airflow/example_dags/example_short_circuit_operator.py for tasks to queue
[2022-10-09T07:17:55.612+0000] {logging_mixin.py:117} INFO - [2022-10-09T07:17:55.612+0000] {dagbag.py:525} INFO - Filling up the DagBag from /home/airflow/.local/lib/python3.7/site-packages/airflow/example_dags/example_short_circuit_operator.py
[2022-10-09T07:17:55.622+0000] {processor.py:768} INFO - DAG(s) dict_keys(['example_short_circuit_operator']) retrieved from /home/airflow/.local/lib/python3.7/site-packages/airflow/example_dags/example_short_circuit_operator.py
[2022-10-09T07:17:55.647+0000] {logging_mixin.py:117} INFO - [2022-10-09T07:17:55.647+0000] {dag.py:2573} INFO - Sync 1 DAGs
[2022-10-09T07:17:55.660+0000] {logging_mixin.py:117} INFO - [2022-10-09T07:17:55.660+0000] {dag.py:3328} INFO - Setting next_dagrun for example_short_circuit_operator to 2022-10-08T07:17:55.660540+00:00, run_after=2022-10-09T07:17:55.660540+00:00
[2022-10-09T07:17:55.671+0000] {processor.py:178} INFO - Processing /home/airflow/.local/lib/python3.7/site-packages/airflow/example_dags/example_short_circuit_operator.py took 0.062 seconds
[2022-10-09T07:18:25.923+0000] {processor.py:156} INFO - Started process (PID=3351) to work on /home/airflow/.local/lib/python3.7/site-packages/airflow/example_dags/example_short_circuit_operator.py
[2022-10-09T07:18:25.925+0000] {processor.py:758} INFO - Processing file /home/airflow/.local/lib/python3.7/site-packages/airflow/example_dags/example_short_circuit_operator.py for tasks to queue
[2022-10-09T07:18:25.926+0000] {logging_mixin.py:117} INFO - [2022-10-09T07:18:25.925+0000] {dagbag.py:525} INFO - Filling up the DagBag from /home/airflow/.local/lib/python3.7/site-packages/airflow/example_dags/example_short_circuit_operator.py
[2022-10-09T07:18:25.937+0000] {processor.py:768} INFO - DAG(s) dict_keys(['example_short_circuit_operator']) retrieved from /home/airflow/.local/lib/python3.7/site-packages/airflow/example_dags/example_short_circuit_operator.py
[2022-10-09T07:18:25.965+0000] {logging_mixin.py:117} INFO - [2022-10-09T07:18:25.964+0000] {dag.py:2573} INFO - Sync 1 DAGs
[2022-10-09T07:18:25.981+0000] {logging_mixin.py:117} INFO - [2022-10-09T07:18:25.981+0000] {dag.py:3328} INFO - Setting next_dagrun for example_short_circuit_operator to 2022-10-08T07:18:25.981138+00:00, run_after=2022-10-09T07:18:25.981138+00:00
[2022-10-09T07:18:25.995+0000] {processor.py:178} INFO - Processing /home/airflow/.local/lib/python3.7/site-packages/airflow/example_dags/example_short_circuit_operator.py took 0.074 seconds
[2022-10-09T07:18:57.172+0000] {processor.py:156} INFO - Started process (PID=3413) to work on /home/airflow/.local/lib/python3.7/site-packages/airflow/example_dags/example_short_circuit_operator.py
[2022-10-09T07:18:57.174+0000] {processor.py:758} INFO - Processing file /home/airflow/.local/lib/python3.7/site-packages/airflow/example_dags/example_short_circuit_operator.py for tasks to queue
[2022-10-09T07:18:57.175+0000] {logging_mixin.py:117} INFO - [2022-10-09T07:18:57.175+0000] {dagbag.py:525} INFO - Filling up the DagBag from /home/airflow/.local/lib/python3.7/site-packages/airflow/example_dags/example_short_circuit_operator.py
[2022-10-09T07:18:57.192+0000] {processor.py:768} INFO - DAG(s) dict_keys(['example_short_circuit_operator']) retrieved from /home/airflow/.local/lib/python3.7/site-packages/airflow/example_dags/example_short_circuit_operator.py
[2022-10-09T07:18:57.221+0000] {logging_mixin.py:117} INFO - [2022-10-09T07:18:57.221+0000] {dag.py:2573} INFO - Sync 1 DAGs
[2022-10-09T07:18:57.238+0000] {logging_mixin.py:117} INFO - [2022-10-09T07:18:57.238+0000] {dag.py:3328} INFO - Setting next_dagrun for example_short_circuit_operator to 2022-10-08T07:18:57.238303+00:00, run_after=2022-10-09T07:18:57.238303+00:00
[2022-10-09T07:18:57.250+0000] {processor.py:178} INFO - Processing /home/airflow/.local/lib/python3.7/site-packages/airflow/example_dags/example_short_circuit_operator.py took 0.081 seconds
[2022-10-09T07:19:27.529+0000] {processor.py:156} INFO - Started process (PID=3467) to work on /home/airflow/.local/lib/python3.7/site-packages/airflow/example_dags/example_short_circuit_operator.py
[2022-10-09T07:19:27.530+0000] {processor.py:758} INFO - Processing file /home/airflow/.local/lib/python3.7/site-packages/airflow/example_dags/example_short_circuit_operator.py for tasks to queue
[2022-10-09T07:19:27.531+0000] {logging_mixin.py:117} INFO - [2022-10-09T07:19:27.531+0000] {dagbag.py:525} INFO - Filling up the DagBag from /home/airflow/.local/lib/python3.7/site-packages/airflow/example_dags/example_short_circuit_operator.py
[2022-10-09T07:19:27.542+0000] {processor.py:768} INFO - DAG(s) dict_keys(['example_short_circuit_operator']) retrieved from /home/airflow/.local/lib/python3.7/site-packages/airflow/example_dags/example_short_circuit_operator.py
[2022-10-09T07:19:27.569+0000] {logging_mixin.py:117} INFO - [2022-10-09T07:19:27.569+0000] {dag.py:2573} INFO - Sync 1 DAGs
[2022-10-09T07:19:27.583+0000] {logging_mixin.py:117} INFO - [2022-10-09T07:19:27.583+0000] {dag.py:3328} INFO - Setting next_dagrun for example_short_circuit_operator to 2022-10-08T07:19:27.583703+00:00, run_after=2022-10-09T07:19:27.583703+00:00
[2022-10-09T07:19:27.596+0000] {processor.py:178} INFO - Processing /home/airflow/.local/lib/python3.7/site-packages/airflow/example_dags/example_short_circuit_operator.py took 0.070 seconds
[2022-10-09T07:19:57.825+0000] {processor.py:156} INFO - Started process (PID=3531) to work on /home/airflow/.local/lib/python3.7/site-packages/airflow/example_dags/example_short_circuit_operator.py
[2022-10-09T07:19:57.827+0000] {processor.py:758} INFO - Processing file /home/airflow/.local/lib/python3.7/site-packages/airflow/example_dags/example_short_circuit_operator.py for tasks to queue
[2022-10-09T07:19:57.828+0000] {logging_mixin.py:117} INFO - [2022-10-09T07:19:57.827+0000] {dagbag.py:525} INFO - Filling up the DagBag from /home/airflow/.local/lib/python3.7/site-packages/airflow/example_dags/example_short_circuit_operator.py
[2022-10-09T07:19:57.838+0000] {processor.py:768} INFO - DAG(s) dict_keys(['example_short_circuit_operator']) retrieved from /home/airflow/.local/lib/python3.7/site-packages/airflow/example_dags/example_short_circuit_operator.py
[2022-10-09T07:19:57.863+0000] {logging_mixin.py:117} INFO - [2022-10-09T07:19:57.863+0000] {dag.py:2573} INFO - Sync 1 DAGs
[2022-10-09T07:19:57.880+0000] {logging_mixin.py:117} INFO - [2022-10-09T07:19:57.880+0000] {dag.py:3328} INFO - Setting next_dagrun for example_short_circuit_operator to 2022-10-08T07:19:57.880383+00:00, run_after=2022-10-09T07:19:57.880383+00:00
[2022-10-09T07:19:57.892+0000] {processor.py:178} INFO - Processing /home/airflow/.local/lib/python3.7/site-packages/airflow/example_dags/example_short_circuit_operator.py took 0.069 seconds
[2022-10-09T07:20:28.425+0000] {processor.py:156} INFO - Started process (PID=3594) to work on /home/airflow/.local/lib/python3.7/site-packages/airflow/example_dags/example_short_circuit_operator.py
[2022-10-09T07:20:28.426+0000] {processor.py:758} INFO - Processing file /home/airflow/.local/lib/python3.7/site-packages/airflow/example_dags/example_short_circuit_operator.py for tasks to queue
[2022-10-09T07:20:28.428+0000] {logging_mixin.py:117} INFO - [2022-10-09T07:20:28.428+0000] {dagbag.py:525} INFO - Filling up the DagBag from /home/airflow/.local/lib/python3.7/site-packages/airflow/example_dags/example_short_circuit_operator.py
[2022-10-09T07:20:28.438+0000] {processor.py:768} INFO - DAG(s) dict_keys(['example_short_circuit_operator']) retrieved from /home/airflow/.local/lib/python3.7/site-packages/airflow/example_dags/example_short_circuit_operator.py
[2022-10-09T07:20:28.470+0000] {logging_mixin.py:117} INFO - [2022-10-09T07:20:28.470+0000] {dag.py:2573} INFO - Sync 1 DAGs
[2022-10-09T07:20:28.490+0000] {logging_mixin.py:117} INFO - [2022-10-09T07:20:28.490+0000] {dag.py:3328} INFO - Setting next_dagrun for example_short_circuit_operator to 2022-10-08T07:20:28.490650+00:00, run_after=2022-10-09T07:20:28.490650+00:00
[2022-10-09T07:20:28.503+0000] {processor.py:178} INFO - Processing /home/airflow/.local/lib/python3.7/site-packages/airflow/example_dags/example_short_circuit_operator.py took 0.080 seconds
[2022-10-09T07:20:59.107+0000] {processor.py:156} INFO - Started process (PID=3657) to work on /home/airflow/.local/lib/python3.7/site-packages/airflow/example_dags/example_short_circuit_operator.py
[2022-10-09T07:20:59.109+0000] {processor.py:758} INFO - Processing file /home/airflow/.local/lib/python3.7/site-packages/airflow/example_dags/example_short_circuit_operator.py for tasks to queue
[2022-10-09T07:20:59.110+0000] {logging_mixin.py:117} INFO - [2022-10-09T07:20:59.110+0000] {dagbag.py:525} INFO - Filling up the DagBag from /home/airflow/.local/lib/python3.7/site-packages/airflow/example_dags/example_short_circuit_operator.py
[2022-10-09T07:20:59.122+0000] {processor.py:768} INFO - DAG(s) dict_keys(['example_short_circuit_operator']) retrieved from /home/airflow/.local/lib/python3.7/site-packages/airflow/example_dags/example_short_circuit_operator.py
[2022-10-09T07:20:59.149+0000] {logging_mixin.py:117} INFO - [2022-10-09T07:20:59.149+0000] {dag.py:2573} INFO - Sync 1 DAGs
[2022-10-09T07:20:59.166+0000] {logging_mixin.py:117} INFO - [2022-10-09T07:20:59.166+0000] {dag.py:3328} INFO - Setting next_dagrun for example_short_circuit_operator to 2022-10-08T07:20:59.166679+00:00, run_after=2022-10-09T07:20:59.166679+00:00
[2022-10-09T07:20:59.181+0000] {processor.py:178} INFO - Processing /home/airflow/.local/lib/python3.7/site-packages/airflow/example_dags/example_short_circuit_operator.py took 0.076 seconds
[2022-10-09T07:21:29.573+0000] {processor.py:156} INFO - Started process (PID=3720) to work on /home/airflow/.local/lib/python3.7/site-packages/airflow/example_dags/example_short_circuit_operator.py
[2022-10-09T07:21:29.575+0000] {processor.py:758} INFO - Processing file /home/airflow/.local/lib/python3.7/site-packages/airflow/example_dags/example_short_circuit_operator.py for tasks to queue
[2022-10-09T07:21:29.576+0000] {logging_mixin.py:117} INFO - [2022-10-09T07:21:29.576+0000] {dagbag.py:525} INFO - Filling up the DagBag from /home/airflow/.local/lib/python3.7/site-packages/airflow/example_dags/example_short_circuit_operator.py
[2022-10-09T07:21:29.586+0000] {processor.py:768} INFO - DAG(s) dict_keys(['example_short_circuit_operator']) retrieved from /home/airflow/.local/lib/python3.7/site-packages/airflow/example_dags/example_short_circuit_operator.py
[2022-10-09T07:21:29.613+0000] {logging_mixin.py:117} INFO - [2022-10-09T07:21:29.613+0000] {dag.py:2573} INFO - Sync 1 DAGs
[2022-10-09T07:21:29.632+0000] {logging_mixin.py:117} INFO - [2022-10-09T07:21:29.632+0000] {dag.py:3328} INFO - Setting next_dagrun for example_short_circuit_operator to 2022-10-08T07:21:29.632391+00:00, run_after=2022-10-09T07:21:29.632391+00:00
[2022-10-09T07:21:29.645+0000] {processor.py:178} INFO - Processing /home/airflow/.local/lib/python3.7/site-packages/airflow/example_dags/example_short_circuit_operator.py took 0.075 seconds
[2022-10-09T07:21:59.861+0000] {processor.py:156} INFO - Started process (PID=3772) to work on /home/airflow/.local/lib/python3.7/site-packages/airflow/example_dags/example_short_circuit_operator.py
[2022-10-09T07:21:59.863+0000] {processor.py:758} INFO - Processing file /home/airflow/.local/lib/python3.7/site-packages/airflow/example_dags/example_short_circuit_operator.py for tasks to queue
[2022-10-09T07:21:59.864+0000] {logging_mixin.py:117} INFO - [2022-10-09T07:21:59.864+0000] {dagbag.py:525} INFO - Filling up the DagBag from /home/airflow/.local/lib/python3.7/site-packages/airflow/example_dags/example_short_circuit_operator.py
[2022-10-09T07:21:59.874+0000] {processor.py:768} INFO - DAG(s) dict_keys(['example_short_circuit_operator']) retrieved from /home/airflow/.local/lib/python3.7/site-packages/airflow/example_dags/example_short_circuit_operator.py
[2022-10-09T07:21:59.901+0000] {logging_mixin.py:117} INFO - [2022-10-09T07:21:59.901+0000] {dag.py:2573} INFO - Sync 1 DAGs
[2022-10-09T07:21:59.915+0000] {logging_mixin.py:117} INFO - [2022-10-09T07:21:59.915+0000] {dag.py:3328} INFO - Setting next_dagrun for example_short_circuit_operator to 2022-10-08T07:21:59.915402+00:00, run_after=2022-10-09T07:21:59.915402+00:00
[2022-10-09T07:21:59.926+0000] {processor.py:178} INFO - Processing /home/airflow/.local/lib/python3.7/site-packages/airflow/example_dags/example_short_circuit_operator.py took 0.068 seconds
[2022-10-09T07:22:30.215+0000] {processor.py:156} INFO - Started process (PID=3835) to work on /home/airflow/.local/lib/python3.7/site-packages/airflow/example_dags/example_short_circuit_operator.py
[2022-10-09T07:22:30.217+0000] {processor.py:758} INFO - Processing file /home/airflow/.local/lib/python3.7/site-packages/airflow/example_dags/example_short_circuit_operator.py for tasks to queue
[2022-10-09T07:22:30.218+0000] {logging_mixin.py:117} INFO - [2022-10-09T07:22:30.217+0000] {dagbag.py:525} INFO - Filling up the DagBag from /home/airflow/.local/lib/python3.7/site-packages/airflow/example_dags/example_short_circuit_operator.py
[2022-10-09T07:22:30.227+0000] {processor.py:768} INFO - DAG(s) dict_keys(['example_short_circuit_operator']) retrieved from /home/airflow/.local/lib/python3.7/site-packages/airflow/example_dags/example_short_circuit_operator.py
[2022-10-09T07:22:30.253+0000] {logging_mixin.py:117} INFO - [2022-10-09T07:22:30.253+0000] {dag.py:2573} INFO - Sync 1 DAGs
[2022-10-09T07:22:30.269+0000] {logging_mixin.py:117} INFO - [2022-10-09T07:22:30.269+0000] {dag.py:3328} INFO - Setting next_dagrun for example_short_circuit_operator to 2022-10-08T07:22:30.269142+00:00, run_after=2022-10-09T07:22:30.269142+00:00
[2022-10-09T07:22:30.284+0000] {processor.py:178} INFO - Processing /home/airflow/.local/lib/python3.7/site-packages/airflow/example_dags/example_short_circuit_operator.py took 0.072 seconds
[2022-10-09T07:23:00.487+0000] {processor.py:156} INFO - Started process (PID=3899) to work on /home/airflow/.local/lib/python3.7/site-packages/airflow/example_dags/example_short_circuit_operator.py
[2022-10-09T07:23:00.488+0000] {processor.py:758} INFO - Processing file /home/airflow/.local/lib/python3.7/site-packages/airflow/example_dags/example_short_circuit_operator.py for tasks to queue
[2022-10-09T07:23:00.489+0000] {logging_mixin.py:117} INFO - [2022-10-09T07:23:00.489+0000] {dagbag.py:525} INFO - Filling up the DagBag from /home/airflow/.local/lib/python3.7/site-packages/airflow/example_dags/example_short_circuit_operator.py
[2022-10-09T07:23:00.499+0000] {processor.py:768} INFO - DAG(s) dict_keys(['example_short_circuit_operator']) retrieved from /home/airflow/.local/lib/python3.7/site-packages/airflow/example_dags/example_short_circuit_operator.py
[2022-10-09T07:23:00.523+0000] {logging_mixin.py:117} INFO - [2022-10-09T07:23:00.523+0000] {dag.py:2573} INFO - Sync 1 DAGs
[2022-10-09T07:23:00.537+0000] {logging_mixin.py:117} INFO - [2022-10-09T07:23:00.537+0000] {dag.py:3328} INFO - Setting next_dagrun for example_short_circuit_operator to 2022-10-08T07:23:00.537322+00:00, run_after=2022-10-09T07:23:00.537322+00:00
[2022-10-09T07:23:00.548+0000] {processor.py:178} INFO - Processing /home/airflow/.local/lib/python3.7/site-packages/airflow/example_dags/example_short_circuit_operator.py took 0.064 seconds
[2022-10-09T07:23:30.846+0000] {processor.py:156} INFO - Started process (PID=3962) to work on /home/airflow/.local/lib/python3.7/site-packages/airflow/example_dags/example_short_circuit_operator.py
[2022-10-09T07:23:30.847+0000] {processor.py:758} INFO - Processing file /home/airflow/.local/lib/python3.7/site-packages/airflow/example_dags/example_short_circuit_operator.py for tasks to queue
[2022-10-09T07:23:30.848+0000] {logging_mixin.py:117} INFO - [2022-10-09T07:23:30.848+0000] {dagbag.py:525} INFO - Filling up the DagBag from /home/airflow/.local/lib/python3.7/site-packages/airflow/example_dags/example_short_circuit_operator.py
[2022-10-09T07:23:30.858+0000] {processor.py:768} INFO - DAG(s) dict_keys(['example_short_circuit_operator']) retrieved from /home/airflow/.local/lib/python3.7/site-packages/airflow/example_dags/example_short_circuit_operator.py
[2022-10-09T07:23:30.885+0000] {logging_mixin.py:117} INFO - [2022-10-09T07:23:30.885+0000] {dag.py:2573} INFO - Sync 1 DAGs
[2022-10-09T07:23:30.901+0000] {logging_mixin.py:117} INFO - [2022-10-09T07:23:30.901+0000] {dag.py:3328} INFO - Setting next_dagrun for example_short_circuit_operator to 2022-10-08T07:23:30.901557+00:00, run_after=2022-10-09T07:23:30.901557+00:00
[2022-10-09T07:23:30.917+0000] {processor.py:178} INFO - Processing /home/airflow/.local/lib/python3.7/site-packages/airflow/example_dags/example_short_circuit_operator.py took 0.073 seconds
[2022-10-09T07:24:01.120+0000] {processor.py:156} INFO - Started process (PID=4025) to work on /home/airflow/.local/lib/python3.7/site-packages/airflow/example_dags/example_short_circuit_operator.py
[2022-10-09T07:24:01.122+0000] {processor.py:758} INFO - Processing file /home/airflow/.local/lib/python3.7/site-packages/airflow/example_dags/example_short_circuit_operator.py for tasks to queue
[2022-10-09T07:24:01.123+0000] {logging_mixin.py:117} INFO - [2022-10-09T07:24:01.123+0000] {dagbag.py:525} INFO - Filling up the DagBag from /home/airflow/.local/lib/python3.7/site-packages/airflow/example_dags/example_short_circuit_operator.py
[2022-10-09T07:24:01.133+0000] {processor.py:768} INFO - DAG(s) dict_keys(['example_short_circuit_operator']) retrieved from /home/airflow/.local/lib/python3.7/site-packages/airflow/example_dags/example_short_circuit_operator.py
[2022-10-09T07:24:01.160+0000] {logging_mixin.py:117} INFO - [2022-10-09T07:24:01.160+0000] {dag.py:2573} INFO - Sync 1 DAGs
[2022-10-09T07:24:01.179+0000] {logging_mixin.py:117} INFO - [2022-10-09T07:24:01.179+0000] {dag.py:3328} INFO - Setting next_dagrun for example_short_circuit_operator to 2022-10-08T07:24:01.178922+00:00, run_after=2022-10-09T07:24:01.178922+00:00
[2022-10-09T07:24:01.191+0000] {processor.py:178} INFO - Processing /home/airflow/.local/lib/python3.7/site-packages/airflow/example_dags/example_short_circuit_operator.py took 0.073 seconds
[2022-10-09T07:24:31.732+0000] {processor.py:156} INFO - Started process (PID=4082) to work on /home/airflow/.local/lib/python3.7/site-packages/airflow/example_dags/example_short_circuit_operator.py
[2022-10-09T07:24:31.733+0000] {processor.py:758} INFO - Processing file /home/airflow/.local/lib/python3.7/site-packages/airflow/example_dags/example_short_circuit_operator.py for tasks to queue
[2022-10-09T07:24:31.734+0000] {logging_mixin.py:117} INFO - [2022-10-09T07:24:31.734+0000] {dagbag.py:525} INFO - Filling up the DagBag from /home/airflow/.local/lib/python3.7/site-packages/airflow/example_dags/example_short_circuit_operator.py
[2022-10-09T07:24:31.745+0000] {processor.py:768} INFO - DAG(s) dict_keys(['example_short_circuit_operator']) retrieved from /home/airflow/.local/lib/python3.7/site-packages/airflow/example_dags/example_short_circuit_operator.py
[2022-10-09T07:24:31.773+0000] {logging_mixin.py:117} INFO - [2022-10-09T07:24:31.773+0000] {dag.py:2573} INFO - Sync 1 DAGs
[2022-10-09T07:24:31.788+0000] {logging_mixin.py:117} INFO - [2022-10-09T07:24:31.788+0000] {dag.py:3328} INFO - Setting next_dagrun for example_short_circuit_operator to 2022-10-08T07:24:31.788522+00:00, run_after=2022-10-09T07:24:31.788522+00:00
[2022-10-09T07:24:31.802+0000] {processor.py:178} INFO - Processing /home/airflow/.local/lib/python3.7/site-packages/airflow/example_dags/example_short_circuit_operator.py took 0.073 seconds
