[2022-10-09T06:40:39.875+0000] {processor.py:156} INFO - Started process (PID=52) to work on /home/airflow/.local/lib/python3.7/site-packages/airflow/example_dags/example_branch_labels.py
[2022-10-09T06:40:39.878+0000] {processor.py:758} INFO - Processing file /home/airflow/.local/lib/python3.7/site-packages/airflow/example_dags/example_branch_labels.py for tasks to queue
[2022-10-09T06:40:39.886+0000] {logging_mixin.py:117} INFO - [2022-10-09T06:40:39.886+0000] {dagbag.py:525} INFO - Filling up the DagBag from /home/airflow/.local/lib/python3.7/site-packages/airflow/example_dags/example_branch_labels.py
[2022-10-09T06:40:39.921+0000] {processor.py:768} INFO - DAG(s) dict_keys(['example_branch_labels']) retrieved from /home/airflow/.local/lib/python3.7/site-packages/airflow/example_dags/example_branch_labels.py
[2022-10-09T06:40:39.955+0000] {logging_mixin.py:117} INFO - [2022-10-09T06:40:39.955+0000] {dag.py:2573} INFO - Sync 1 DAGs
[2022-10-09T06:40:39.980+0000] {logging_mixin.py:117} INFO - [2022-10-09T06:40:39.980+0000] {dag.py:3328} INFO - Setting next_dagrun for example_branch_labels to 2022-10-08T00:00:00+00:00, run_after=2022-10-09T00:00:00+00:00
[2022-10-09T06:40:39.997+0000] {processor.py:178} INFO - Processing /home/airflow/.local/lib/python3.7/site-packages/airflow/example_dags/example_branch_labels.py took 0.140 seconds
[2022-10-09T06:41:10.453+0000] {processor.py:156} INFO - Started process (PID=115) to work on /home/airflow/.local/lib/python3.7/site-packages/airflow/example_dags/example_branch_labels.py
[2022-10-09T06:41:10.455+0000] {processor.py:758} INFO - Processing file /home/airflow/.local/lib/python3.7/site-packages/airflow/example_dags/example_branch_labels.py for tasks to queue
[2022-10-09T06:41:10.457+0000] {logging_mixin.py:117} INFO - [2022-10-09T06:41:10.457+0000] {dagbag.py:525} INFO - Filling up the DagBag from /home/airflow/.local/lib/python3.7/site-packages/airflow/example_dags/example_branch_labels.py
[2022-10-09T06:41:10.474+0000] {processor.py:768} INFO - DAG(s) dict_keys(['example_branch_labels']) retrieved from /home/airflow/.local/lib/python3.7/site-packages/airflow/example_dags/example_branch_labels.py
[2022-10-09T06:41:10.519+0000] {logging_mixin.py:117} INFO - [2022-10-09T06:41:10.519+0000] {dag.py:2573} INFO - Sync 1 DAGs
[2022-10-09T06:41:10.537+0000] {logging_mixin.py:117} INFO - [2022-10-09T06:41:10.537+0000] {dag.py:3328} INFO - Setting next_dagrun for example_branch_labels to 2022-10-08T00:00:00+00:00, run_after=2022-10-09T00:00:00+00:00
[2022-10-09T06:41:10.554+0000] {processor.py:178} INFO - Processing /home/airflow/.local/lib/python3.7/site-packages/airflow/example_dags/example_branch_labels.py took 0.103 seconds
[2022-10-09T06:41:40.882+0000] {processor.py:156} INFO - Started process (PID=179) to work on /home/airflow/.local/lib/python3.7/site-packages/airflow/example_dags/example_branch_labels.py
[2022-10-09T06:41:40.884+0000] {processor.py:758} INFO - Processing file /home/airflow/.local/lib/python3.7/site-packages/airflow/example_dags/example_branch_labels.py for tasks to queue
[2022-10-09T06:41:40.885+0000] {logging_mixin.py:117} INFO - [2022-10-09T06:41:40.885+0000] {dagbag.py:525} INFO - Filling up the DagBag from /home/airflow/.local/lib/python3.7/site-packages/airflow/example_dags/example_branch_labels.py
[2022-10-09T06:41:40.896+0000] {processor.py:768} INFO - DAG(s) dict_keys(['example_branch_labels']) retrieved from /home/airflow/.local/lib/python3.7/site-packages/airflow/example_dags/example_branch_labels.py
[2022-10-09T06:41:40.925+0000] {logging_mixin.py:117} INFO - [2022-10-09T06:41:40.925+0000] {dag.py:2573} INFO - Sync 1 DAGs
[2022-10-09T06:41:40.941+0000] {logging_mixin.py:117} INFO - [2022-10-09T06:41:40.941+0000] {dag.py:3328} INFO - Setting next_dagrun for example_branch_labels to 2022-10-08T00:00:00+00:00, run_after=2022-10-09T00:00:00+00:00
[2022-10-09T06:41:40.953+0000] {processor.py:178} INFO - Processing /home/airflow/.local/lib/python3.7/site-packages/airflow/example_dags/example_branch_labels.py took 0.074 seconds
[2022-10-09T06:42:11.590+0000] {processor.py:156} INFO - Started process (PID=242) to work on /home/airflow/.local/lib/python3.7/site-packages/airflow/example_dags/example_branch_labels.py
[2022-10-09T06:42:11.592+0000] {processor.py:758} INFO - Processing file /home/airflow/.local/lib/python3.7/site-packages/airflow/example_dags/example_branch_labels.py for tasks to queue
[2022-10-09T06:42:11.594+0000] {logging_mixin.py:117} INFO - [2022-10-09T06:42:11.593+0000] {dagbag.py:525} INFO - Filling up the DagBag from /home/airflow/.local/lib/python3.7/site-packages/airflow/example_dags/example_branch_labels.py
[2022-10-09T06:42:11.605+0000] {processor.py:768} INFO - DAG(s) dict_keys(['example_branch_labels']) retrieved from /home/airflow/.local/lib/python3.7/site-packages/airflow/example_dags/example_branch_labels.py
[2022-10-09T06:42:11.633+0000] {logging_mixin.py:117} INFO - [2022-10-09T06:42:11.633+0000] {dag.py:2573} INFO - Sync 1 DAGs
[2022-10-09T06:42:11.652+0000] {logging_mixin.py:117} INFO - [2022-10-09T06:42:11.652+0000] {dag.py:3328} INFO - Setting next_dagrun for example_branch_labels to 2022-10-08T00:00:00+00:00, run_after=2022-10-09T00:00:00+00:00
[2022-10-09T06:42:11.669+0000] {processor.py:178} INFO - Processing /home/airflow/.local/lib/python3.7/site-packages/airflow/example_dags/example_branch_labels.py took 0.081 seconds
[2022-10-09T06:42:42.050+0000] {processor.py:156} INFO - Started process (PID=296) to work on /home/airflow/.local/lib/python3.7/site-packages/airflow/example_dags/example_branch_labels.py
[2022-10-09T06:42:42.051+0000] {processor.py:758} INFO - Processing file /home/airflow/.local/lib/python3.7/site-packages/airflow/example_dags/example_branch_labels.py for tasks to queue
[2022-10-09T06:42:42.052+0000] {logging_mixin.py:117} INFO - [2022-10-09T06:42:42.052+0000] {dagbag.py:525} INFO - Filling up the DagBag from /home/airflow/.local/lib/python3.7/site-packages/airflow/example_dags/example_branch_labels.py
[2022-10-09T06:42:42.063+0000] {processor.py:768} INFO - DAG(s) dict_keys(['example_branch_labels']) retrieved from /home/airflow/.local/lib/python3.7/site-packages/airflow/example_dags/example_branch_labels.py
[2022-10-09T06:42:42.090+0000] {logging_mixin.py:117} INFO - [2022-10-09T06:42:42.090+0000] {dag.py:2573} INFO - Sync 1 DAGs
[2022-10-09T06:42:42.106+0000] {logging_mixin.py:117} INFO - [2022-10-09T06:42:42.106+0000] {dag.py:3328} INFO - Setting next_dagrun for example_branch_labels to 2022-10-08T00:00:00+00:00, run_after=2022-10-09T00:00:00+00:00
[2022-10-09T06:42:42.119+0000] {processor.py:178} INFO - Processing /home/airflow/.local/lib/python3.7/site-packages/airflow/example_dags/example_branch_labels.py took 0.071 seconds
[2022-10-09T06:43:12.370+0000] {processor.py:156} INFO - Started process (PID=359) to work on /home/airflow/.local/lib/python3.7/site-packages/airflow/example_dags/example_branch_labels.py
[2022-10-09T06:43:12.372+0000] {processor.py:758} INFO - Processing file /home/airflow/.local/lib/python3.7/site-packages/airflow/example_dags/example_branch_labels.py for tasks to queue
[2022-10-09T06:43:12.373+0000] {logging_mixin.py:117} INFO - [2022-10-09T06:43:12.373+0000] {dagbag.py:525} INFO - Filling up the DagBag from /home/airflow/.local/lib/python3.7/site-packages/airflow/example_dags/example_branch_labels.py
[2022-10-09T06:43:12.382+0000] {processor.py:768} INFO - DAG(s) dict_keys(['example_branch_labels']) retrieved from /home/airflow/.local/lib/python3.7/site-packages/airflow/example_dags/example_branch_labels.py
[2022-10-09T06:43:12.406+0000] {logging_mixin.py:117} INFO - [2022-10-09T06:43:12.406+0000] {dag.py:2573} INFO - Sync 1 DAGs
[2022-10-09T06:43:12.420+0000] {logging_mixin.py:117} INFO - [2022-10-09T06:43:12.420+0000] {dag.py:3328} INFO - Setting next_dagrun for example_branch_labels to 2022-10-08T00:00:00+00:00, run_after=2022-10-09T00:00:00+00:00
[2022-10-09T06:43:12.430+0000] {processor.py:178} INFO - Processing /home/airflow/.local/lib/python3.7/site-packages/airflow/example_dags/example_branch_labels.py took 0.061 seconds
[2022-10-09T06:43:42.591+0000] {processor.py:156} INFO - Started process (PID=422) to work on /home/airflow/.local/lib/python3.7/site-packages/airflow/example_dags/example_branch_labels.py
[2022-10-09T06:43:42.593+0000] {processor.py:758} INFO - Processing file /home/airflow/.local/lib/python3.7/site-packages/airflow/example_dags/example_branch_labels.py for tasks to queue
[2022-10-09T06:43:42.594+0000] {logging_mixin.py:117} INFO - [2022-10-09T06:43:42.594+0000] {dagbag.py:525} INFO - Filling up the DagBag from /home/airflow/.local/lib/python3.7/site-packages/airflow/example_dags/example_branch_labels.py
[2022-10-09T06:43:42.605+0000] {processor.py:768} INFO - DAG(s) dict_keys(['example_branch_labels']) retrieved from /home/airflow/.local/lib/python3.7/site-packages/airflow/example_dags/example_branch_labels.py
[2022-10-09T06:43:42.637+0000] {logging_mixin.py:117} INFO - [2022-10-09T06:43:42.636+0000] {dag.py:2573} INFO - Sync 1 DAGs
[2022-10-09T06:43:42.655+0000] {logging_mixin.py:117} INFO - [2022-10-09T06:43:42.654+0000] {dag.py:3328} INFO - Setting next_dagrun for example_branch_labels to 2022-10-08T00:00:00+00:00, run_after=2022-10-09T00:00:00+00:00
[2022-10-09T06:43:42.670+0000] {processor.py:178} INFO - Processing /home/airflow/.local/lib/python3.7/site-packages/airflow/example_dags/example_branch_labels.py took 0.081 seconds
[2022-10-09T06:44:12.945+0000] {processor.py:156} INFO - Started process (PID=485) to work on /home/airflow/.local/lib/python3.7/site-packages/airflow/example_dags/example_branch_labels.py
[2022-10-09T06:44:12.947+0000] {processor.py:758} INFO - Processing file /home/airflow/.local/lib/python3.7/site-packages/airflow/example_dags/example_branch_labels.py for tasks to queue
[2022-10-09T06:44:12.948+0000] {logging_mixin.py:117} INFO - [2022-10-09T06:44:12.948+0000] {dagbag.py:525} INFO - Filling up the DagBag from /home/airflow/.local/lib/python3.7/site-packages/airflow/example_dags/example_branch_labels.py
[2022-10-09T06:44:12.958+0000] {processor.py:768} INFO - DAG(s) dict_keys(['example_branch_labels']) retrieved from /home/airflow/.local/lib/python3.7/site-packages/airflow/example_dags/example_branch_labels.py
[2022-10-09T06:44:12.984+0000] {logging_mixin.py:117} INFO - [2022-10-09T06:44:12.984+0000] {dag.py:2573} INFO - Sync 1 DAGs
[2022-10-09T06:44:13.000+0000] {logging_mixin.py:117} INFO - [2022-10-09T06:44:13.000+0000] {dag.py:3328} INFO - Setting next_dagrun for example_branch_labels to 2022-10-08T00:00:00+00:00, run_after=2022-10-09T00:00:00+00:00
[2022-10-09T06:44:13.014+0000] {processor.py:178} INFO - Processing /home/airflow/.local/lib/python3.7/site-packages/airflow/example_dags/example_branch_labels.py took 0.071 seconds
[2022-10-09T06:44:43.295+0000] {processor.py:156} INFO - Started process (PID=548) to work on /home/airflow/.local/lib/python3.7/site-packages/airflow/example_dags/example_branch_labels.py
[2022-10-09T06:44:43.296+0000] {processor.py:758} INFO - Processing file /home/airflow/.local/lib/python3.7/site-packages/airflow/example_dags/example_branch_labels.py for tasks to queue
[2022-10-09T06:44:43.297+0000] {logging_mixin.py:117} INFO - [2022-10-09T06:44:43.297+0000] {dagbag.py:525} INFO - Filling up the DagBag from /home/airflow/.local/lib/python3.7/site-packages/airflow/example_dags/example_branch_labels.py
[2022-10-09T06:44:43.306+0000] {processor.py:768} INFO - DAG(s) dict_keys(['example_branch_labels']) retrieved from /home/airflow/.local/lib/python3.7/site-packages/airflow/example_dags/example_branch_labels.py
[2022-10-09T06:44:43.331+0000] {logging_mixin.py:117} INFO - [2022-10-09T06:44:43.331+0000] {dag.py:2573} INFO - Sync 1 DAGs
[2022-10-09T06:44:43.346+0000] {logging_mixin.py:117} INFO - [2022-10-09T06:44:43.346+0000] {dag.py:3328} INFO - Setting next_dagrun for example_branch_labels to 2022-10-08T00:00:00+00:00, run_after=2022-10-09T00:00:00+00:00
[2022-10-09T06:44:43.359+0000] {processor.py:178} INFO - Processing /home/airflow/.local/lib/python3.7/site-packages/airflow/example_dags/example_branch_labels.py took 0.066 seconds
[2022-10-09T06:45:13.488+0000] {processor.py:156} INFO - Started process (PID=602) to work on /home/airflow/.local/lib/python3.7/site-packages/airflow/example_dags/example_branch_labels.py
[2022-10-09T06:45:13.490+0000] {processor.py:758} INFO - Processing file /home/airflow/.local/lib/python3.7/site-packages/airflow/example_dags/example_branch_labels.py for tasks to queue
[2022-10-09T06:45:13.492+0000] {logging_mixin.py:117} INFO - [2022-10-09T06:45:13.491+0000] {dagbag.py:525} INFO - Filling up the DagBag from /home/airflow/.local/lib/python3.7/site-packages/airflow/example_dags/example_branch_labels.py
[2022-10-09T06:45:13.502+0000] {processor.py:768} INFO - DAG(s) dict_keys(['example_branch_labels']) retrieved from /home/airflow/.local/lib/python3.7/site-packages/airflow/example_dags/example_branch_labels.py
[2022-10-09T06:45:13.528+0000] {logging_mixin.py:117} INFO - [2022-10-09T06:45:13.527+0000] {dag.py:2573} INFO - Sync 1 DAGs
[2022-10-09T06:45:13.542+0000] {logging_mixin.py:117} INFO - [2022-10-09T06:45:13.542+0000] {dag.py:3328} INFO - Setting next_dagrun for example_branch_labels to 2022-10-08T00:00:00+00:00, run_after=2022-10-09T00:00:00+00:00
[2022-10-09T06:45:13.554+0000] {processor.py:178} INFO - Processing /home/airflow/.local/lib/python3.7/site-packages/airflow/example_dags/example_branch_labels.py took 0.068 seconds
[2022-10-09T06:45:43.864+0000] {processor.py:156} INFO - Started process (PID=664) to work on /home/airflow/.local/lib/python3.7/site-packages/airflow/example_dags/example_branch_labels.py
[2022-10-09T06:45:43.866+0000] {processor.py:758} INFO - Processing file /home/airflow/.local/lib/python3.7/site-packages/airflow/example_dags/example_branch_labels.py for tasks to queue
[2022-10-09T06:45:43.867+0000] {logging_mixin.py:117} INFO - [2022-10-09T06:45:43.867+0000] {dagbag.py:525} INFO - Filling up the DagBag from /home/airflow/.local/lib/python3.7/site-packages/airflow/example_dags/example_branch_labels.py
[2022-10-09T06:45:43.875+0000] {processor.py:768} INFO - DAG(s) dict_keys(['example_branch_labels']) retrieved from /home/airflow/.local/lib/python3.7/site-packages/airflow/example_dags/example_branch_labels.py
[2022-10-09T06:45:43.899+0000] {logging_mixin.py:117} INFO - [2022-10-09T06:45:43.899+0000] {dag.py:2573} INFO - Sync 1 DAGs
[2022-10-09T06:45:43.913+0000] {logging_mixin.py:117} INFO - [2022-10-09T06:45:43.913+0000] {dag.py:3328} INFO - Setting next_dagrun for example_branch_labels to 2022-10-08T00:00:00+00:00, run_after=2022-10-09T00:00:00+00:00
[2022-10-09T06:45:43.924+0000] {processor.py:178} INFO - Processing /home/airflow/.local/lib/python3.7/site-packages/airflow/example_dags/example_branch_labels.py took 0.062 seconds
[2022-10-09T06:46:13.986+0000] {processor.py:156} INFO - Started process (PID=728) to work on /home/airflow/.local/lib/python3.7/site-packages/airflow/example_dags/example_branch_labels.py
[2022-10-09T06:46:13.988+0000] {processor.py:758} INFO - Processing file /home/airflow/.local/lib/python3.7/site-packages/airflow/example_dags/example_branch_labels.py for tasks to queue
[2022-10-09T06:46:13.989+0000] {logging_mixin.py:117} INFO - [2022-10-09T06:46:13.989+0000] {dagbag.py:525} INFO - Filling up the DagBag from /home/airflow/.local/lib/python3.7/site-packages/airflow/example_dags/example_branch_labels.py
[2022-10-09T06:46:13.999+0000] {processor.py:768} INFO - DAG(s) dict_keys(['example_branch_labels']) retrieved from /home/airflow/.local/lib/python3.7/site-packages/airflow/example_dags/example_branch_labels.py
[2022-10-09T06:46:14.025+0000] {logging_mixin.py:117} INFO - [2022-10-09T06:46:14.025+0000] {dag.py:2573} INFO - Sync 1 DAGs
[2022-10-09T06:46:14.039+0000] {logging_mixin.py:117} INFO - [2022-10-09T06:46:14.039+0000] {dag.py:3328} INFO - Setting next_dagrun for example_branch_labels to 2022-10-08T00:00:00+00:00, run_after=2022-10-09T00:00:00+00:00
[2022-10-09T06:46:14.049+0000] {processor.py:178} INFO - Processing /home/airflow/.local/lib/python3.7/site-packages/airflow/example_dags/example_branch_labels.py took 0.066 seconds
[2022-10-09T06:46:44.340+0000] {processor.py:156} INFO - Started process (PID=792) to work on /home/airflow/.local/lib/python3.7/site-packages/airflow/example_dags/example_branch_labels.py
[2022-10-09T06:46:44.342+0000] {processor.py:758} INFO - Processing file /home/airflow/.local/lib/python3.7/site-packages/airflow/example_dags/example_branch_labels.py for tasks to queue
[2022-10-09T06:46:44.344+0000] {logging_mixin.py:117} INFO - [2022-10-09T06:46:44.343+0000] {dagbag.py:525} INFO - Filling up the DagBag from /home/airflow/.local/lib/python3.7/site-packages/airflow/example_dags/example_branch_labels.py
[2022-10-09T06:46:44.357+0000] {processor.py:768} INFO - DAG(s) dict_keys(['example_branch_labels']) retrieved from /home/airflow/.local/lib/python3.7/site-packages/airflow/example_dags/example_branch_labels.py
[2022-10-09T06:46:44.383+0000] {logging_mixin.py:117} INFO - [2022-10-09T06:46:44.383+0000] {dag.py:2573} INFO - Sync 1 DAGs
[2022-10-09T06:46:44.401+0000] {logging_mixin.py:117} INFO - [2022-10-09T06:46:44.400+0000] {dag.py:3328} INFO - Setting next_dagrun for example_branch_labels to 2022-10-08T00:00:00+00:00, run_after=2022-10-09T00:00:00+00:00
[2022-10-09T06:46:44.412+0000] {processor.py:178} INFO - Processing /home/airflow/.local/lib/python3.7/site-packages/airflow/example_dags/example_branch_labels.py took 0.074 seconds
[2022-10-09T06:47:14.507+0000] {processor.py:156} INFO - Started process (PID=854) to work on /home/airflow/.local/lib/python3.7/site-packages/airflow/example_dags/example_branch_labels.py
[2022-10-09T06:47:14.508+0000] {processor.py:758} INFO - Processing file /home/airflow/.local/lib/python3.7/site-packages/airflow/example_dags/example_branch_labels.py for tasks to queue
[2022-10-09T06:47:14.509+0000] {logging_mixin.py:117} INFO - [2022-10-09T06:47:14.509+0000] {dagbag.py:525} INFO - Filling up the DagBag from /home/airflow/.local/lib/python3.7/site-packages/airflow/example_dags/example_branch_labels.py
[2022-10-09T06:47:14.519+0000] {processor.py:768} INFO - DAG(s) dict_keys(['example_branch_labels']) retrieved from /home/airflow/.local/lib/python3.7/site-packages/airflow/example_dags/example_branch_labels.py
[2022-10-09T06:47:14.547+0000] {logging_mixin.py:117} INFO - [2022-10-09T06:47:14.547+0000] {dag.py:2573} INFO - Sync 1 DAGs
[2022-10-09T06:47:14.566+0000] {logging_mixin.py:117} INFO - [2022-10-09T06:47:14.566+0000] {dag.py:3328} INFO - Setting next_dagrun for example_branch_labels to 2022-10-08T00:00:00+00:00, run_after=2022-10-09T00:00:00+00:00
[2022-10-09T06:47:14.579+0000] {processor.py:178} INFO - Processing /home/airflow/.local/lib/python3.7/site-packages/airflow/example_dags/example_branch_labels.py took 0.075 seconds
[2022-10-09T06:47:44.741+0000] {processor.py:156} INFO - Started process (PID=907) to work on /home/airflow/.local/lib/python3.7/site-packages/airflow/example_dags/example_branch_labels.py
[2022-10-09T06:47:44.743+0000] {processor.py:758} INFO - Processing file /home/airflow/.local/lib/python3.7/site-packages/airflow/example_dags/example_branch_labels.py for tasks to queue
[2022-10-09T06:47:44.744+0000] {logging_mixin.py:117} INFO - [2022-10-09T06:47:44.744+0000] {dagbag.py:525} INFO - Filling up the DagBag from /home/airflow/.local/lib/python3.7/site-packages/airflow/example_dags/example_branch_labels.py
[2022-10-09T06:47:44.754+0000] {processor.py:768} INFO - DAG(s) dict_keys(['example_branch_labels']) retrieved from /home/airflow/.local/lib/python3.7/site-packages/airflow/example_dags/example_branch_labels.py
[2022-10-09T06:47:44.782+0000] {logging_mixin.py:117} INFO - [2022-10-09T06:47:44.782+0000] {dag.py:2573} INFO - Sync 1 DAGs
[2022-10-09T06:47:44.797+0000] {logging_mixin.py:117} INFO - [2022-10-09T06:47:44.797+0000] {dag.py:3328} INFO - Setting next_dagrun for example_branch_labels to 2022-10-08T00:00:00+00:00, run_after=2022-10-09T00:00:00+00:00
[2022-10-09T06:47:44.809+0000] {processor.py:178} INFO - Processing /home/airflow/.local/lib/python3.7/site-packages/airflow/example_dags/example_branch_labels.py took 0.071 seconds
[2022-10-09T06:48:15.057+0000] {processor.py:156} INFO - Started process (PID=969) to work on /home/airflow/.local/lib/python3.7/site-packages/airflow/example_dags/example_branch_labels.py
[2022-10-09T06:48:15.059+0000] {processor.py:758} INFO - Processing file /home/airflow/.local/lib/python3.7/site-packages/airflow/example_dags/example_branch_labels.py for tasks to queue
[2022-10-09T06:48:15.060+0000] {logging_mixin.py:117} INFO - [2022-10-09T06:48:15.060+0000] {dagbag.py:525} INFO - Filling up the DagBag from /home/airflow/.local/lib/python3.7/site-packages/airflow/example_dags/example_branch_labels.py
[2022-10-09T06:48:15.069+0000] {processor.py:768} INFO - DAG(s) dict_keys(['example_branch_labels']) retrieved from /home/airflow/.local/lib/python3.7/site-packages/airflow/example_dags/example_branch_labels.py
[2022-10-09T06:48:15.095+0000] {logging_mixin.py:117} INFO - [2022-10-09T06:48:15.095+0000] {dag.py:2573} INFO - Sync 1 DAGs
[2022-10-09T06:48:15.110+0000] {logging_mixin.py:117} INFO - [2022-10-09T06:48:15.110+0000] {dag.py:3328} INFO - Setting next_dagrun for example_branch_labels to 2022-10-08T00:00:00+00:00, run_after=2022-10-09T00:00:00+00:00
[2022-10-09T06:48:15.121+0000] {processor.py:178} INFO - Processing /home/airflow/.local/lib/python3.7/site-packages/airflow/example_dags/example_branch_labels.py took 0.066 seconds
[2022-10-09T06:59:10.103+0000] {processor.py:156} INFO - Started process (PID=1023) to work on /home/airflow/.local/lib/python3.7/site-packages/airflow/example_dags/example_branch_labels.py
[2022-10-09T06:59:10.107+0000] {processor.py:758} INFO - Processing file /home/airflow/.local/lib/python3.7/site-packages/airflow/example_dags/example_branch_labels.py for tasks to queue
[2022-10-09T06:59:10.109+0000] {logging_mixin.py:117} INFO - [2022-10-09T06:59:10.109+0000] {dagbag.py:525} INFO - Filling up the DagBag from /home/airflow/.local/lib/python3.7/site-packages/airflow/example_dags/example_branch_labels.py
[2022-10-09T06:59:10.131+0000] {processor.py:768} INFO - DAG(s) dict_keys(['example_branch_labels']) retrieved from /home/airflow/.local/lib/python3.7/site-packages/airflow/example_dags/example_branch_labels.py
[2022-10-09T06:59:10.188+0000] {logging_mixin.py:117} INFO - [2022-10-09T06:59:10.187+0000] {dag.py:2573} INFO - Sync 1 DAGs
[2022-10-09T06:59:10.220+0000] {logging_mixin.py:117} INFO - [2022-10-09T06:59:10.220+0000] {dag.py:3328} INFO - Setting next_dagrun for example_branch_labels to 2022-10-08T00:00:00+00:00, run_after=2022-10-09T00:00:00+00:00
[2022-10-09T06:59:10.239+0000] {processor.py:178} INFO - Processing /home/airflow/.local/lib/python3.7/site-packages/airflow/example_dags/example_branch_labels.py took 0.139 seconds
[2022-10-09T06:59:40.873+0000] {processor.py:156} INFO - Started process (PID=1087) to work on /home/airflow/.local/lib/python3.7/site-packages/airflow/example_dags/example_branch_labels.py
[2022-10-09T06:59:40.875+0000] {processor.py:758} INFO - Processing file /home/airflow/.local/lib/python3.7/site-packages/airflow/example_dags/example_branch_labels.py for tasks to queue
[2022-10-09T06:59:40.876+0000] {logging_mixin.py:117} INFO - [2022-10-09T06:59:40.876+0000] {dagbag.py:525} INFO - Filling up the DagBag from /home/airflow/.local/lib/python3.7/site-packages/airflow/example_dags/example_branch_labels.py
[2022-10-09T06:59:40.885+0000] {processor.py:768} INFO - DAG(s) dict_keys(['example_branch_labels']) retrieved from /home/airflow/.local/lib/python3.7/site-packages/airflow/example_dags/example_branch_labels.py
[2022-10-09T06:59:40.907+0000] {logging_mixin.py:117} INFO - [2022-10-09T06:59:40.907+0000] {dag.py:2573} INFO - Sync 1 DAGs
[2022-10-09T06:59:40.920+0000] {logging_mixin.py:117} INFO - [2022-10-09T06:59:40.920+0000] {dag.py:3328} INFO - Setting next_dagrun for example_branch_labels to 2022-10-08T00:00:00+00:00, run_after=2022-10-09T00:00:00+00:00
[2022-10-09T06:59:40.929+0000] {processor.py:178} INFO - Processing /home/airflow/.local/lib/python3.7/site-packages/airflow/example_dags/example_branch_labels.py took 0.058 seconds
[2022-10-09T07:00:11.531+0000] {processor.py:156} INFO - Started process (PID=1150) to work on /home/airflow/.local/lib/python3.7/site-packages/airflow/example_dags/example_branch_labels.py
[2022-10-09T07:00:11.533+0000] {processor.py:758} INFO - Processing file /home/airflow/.local/lib/python3.7/site-packages/airflow/example_dags/example_branch_labels.py for tasks to queue
[2022-10-09T07:00:11.534+0000] {logging_mixin.py:117} INFO - [2022-10-09T07:00:11.534+0000] {dagbag.py:525} INFO - Filling up the DagBag from /home/airflow/.local/lib/python3.7/site-packages/airflow/example_dags/example_branch_labels.py
[2022-10-09T07:00:11.546+0000] {processor.py:768} INFO - DAG(s) dict_keys(['example_branch_labels']) retrieved from /home/airflow/.local/lib/python3.7/site-packages/airflow/example_dags/example_branch_labels.py
[2022-10-09T07:00:11.571+0000] {logging_mixin.py:117} INFO - [2022-10-09T07:00:11.570+0000] {dag.py:2573} INFO - Sync 1 DAGs
[2022-10-09T07:00:11.586+0000] {logging_mixin.py:117} INFO - [2022-10-09T07:00:11.586+0000] {dag.py:3328} INFO - Setting next_dagrun for example_branch_labels to 2022-10-08T00:00:00+00:00, run_after=2022-10-09T00:00:00+00:00
[2022-10-09T07:00:11.600+0000] {processor.py:178} INFO - Processing /home/airflow/.local/lib/python3.7/site-packages/airflow/example_dags/example_branch_labels.py took 0.072 seconds
[2022-10-09T07:00:41.876+0000] {processor.py:156} INFO - Started process (PID=1204) to work on /home/airflow/.local/lib/python3.7/site-packages/airflow/example_dags/example_branch_labels.py
[2022-10-09T07:00:41.878+0000] {processor.py:758} INFO - Processing file /home/airflow/.local/lib/python3.7/site-packages/airflow/example_dags/example_branch_labels.py for tasks to queue
[2022-10-09T07:00:41.879+0000] {logging_mixin.py:117} INFO - [2022-10-09T07:00:41.879+0000] {dagbag.py:525} INFO - Filling up the DagBag from /home/airflow/.local/lib/python3.7/site-packages/airflow/example_dags/example_branch_labels.py
[2022-10-09T07:00:41.892+0000] {processor.py:768} INFO - DAG(s) dict_keys(['example_branch_labels']) retrieved from /home/airflow/.local/lib/python3.7/site-packages/airflow/example_dags/example_branch_labels.py
[2022-10-09T07:00:41.921+0000] {logging_mixin.py:117} INFO - [2022-10-09T07:00:41.921+0000] {dag.py:2573} INFO - Sync 1 DAGs
[2022-10-09T07:00:41.939+0000] {logging_mixin.py:117} INFO - [2022-10-09T07:00:41.938+0000] {dag.py:3328} INFO - Setting next_dagrun for example_branch_labels to 2022-10-08T00:00:00+00:00, run_after=2022-10-09T00:00:00+00:00
[2022-10-09T07:00:41.953+0000] {processor.py:178} INFO - Processing /home/airflow/.local/lib/python3.7/site-packages/airflow/example_dags/example_branch_labels.py took 0.078 seconds
[2022-10-09T07:01:12.125+0000] {processor.py:156} INFO - Started process (PID=1266) to work on /home/airflow/.local/lib/python3.7/site-packages/airflow/example_dags/example_branch_labels.py
[2022-10-09T07:01:12.127+0000] {processor.py:758} INFO - Processing file /home/airflow/.local/lib/python3.7/site-packages/airflow/example_dags/example_branch_labels.py for tasks to queue
[2022-10-09T07:01:12.128+0000] {logging_mixin.py:117} INFO - [2022-10-09T07:01:12.128+0000] {dagbag.py:525} INFO - Filling up the DagBag from /home/airflow/.local/lib/python3.7/site-packages/airflow/example_dags/example_branch_labels.py
[2022-10-09T07:01:12.137+0000] {processor.py:768} INFO - DAG(s) dict_keys(['example_branch_labels']) retrieved from /home/airflow/.local/lib/python3.7/site-packages/airflow/example_dags/example_branch_labels.py
[2022-10-09T07:01:12.164+0000] {logging_mixin.py:117} INFO - [2022-10-09T07:01:12.164+0000] {dag.py:2573} INFO - Sync 1 DAGs
[2022-10-09T07:01:12.180+0000] {logging_mixin.py:117} INFO - [2022-10-09T07:01:12.180+0000] {dag.py:3328} INFO - Setting next_dagrun for example_branch_labels to 2022-10-08T00:00:00+00:00, run_after=2022-10-09T00:00:00+00:00
[2022-10-09T07:01:12.190+0000] {processor.py:178} INFO - Processing /home/airflow/.local/lib/python3.7/site-packages/airflow/example_dags/example_branch_labels.py took 0.068 seconds
[2022-10-09T07:01:42.453+0000] {processor.py:156} INFO - Started process (PID=1329) to work on /home/airflow/.local/lib/python3.7/site-packages/airflow/example_dags/example_branch_labels.py
[2022-10-09T07:01:42.455+0000] {processor.py:758} INFO - Processing file /home/airflow/.local/lib/python3.7/site-packages/airflow/example_dags/example_branch_labels.py for tasks to queue
[2022-10-09T07:01:42.458+0000] {logging_mixin.py:117} INFO - [2022-10-09T07:01:42.458+0000] {dagbag.py:525} INFO - Filling up the DagBag from /home/airflow/.local/lib/python3.7/site-packages/airflow/example_dags/example_branch_labels.py
[2022-10-09T07:01:42.472+0000] {processor.py:768} INFO - DAG(s) dict_keys(['example_branch_labels']) retrieved from /home/airflow/.local/lib/python3.7/site-packages/airflow/example_dags/example_branch_labels.py
[2022-10-09T07:01:42.506+0000] {logging_mixin.py:117} INFO - [2022-10-09T07:01:42.506+0000] {dag.py:2573} INFO - Sync 1 DAGs
[2022-10-09T07:01:42.528+0000] {logging_mixin.py:117} INFO - [2022-10-09T07:01:42.528+0000] {dag.py:3328} INFO - Setting next_dagrun for example_branch_labels to 2022-10-08T00:00:00+00:00, run_after=2022-10-09T00:00:00+00:00
[2022-10-09T07:01:42.541+0000] {processor.py:178} INFO - Processing /home/airflow/.local/lib/python3.7/site-packages/airflow/example_dags/example_branch_labels.py took 0.091 seconds
[2022-10-09T07:02:12.622+0000] {processor.py:156} INFO - Started process (PID=1392) to work on /home/airflow/.local/lib/python3.7/site-packages/airflow/example_dags/example_branch_labels.py
[2022-10-09T07:02:12.623+0000] {processor.py:758} INFO - Processing file /home/airflow/.local/lib/python3.7/site-packages/airflow/example_dags/example_branch_labels.py for tasks to queue
[2022-10-09T07:02:12.624+0000] {logging_mixin.py:117} INFO - [2022-10-09T07:02:12.624+0000] {dagbag.py:525} INFO - Filling up the DagBag from /home/airflow/.local/lib/python3.7/site-packages/airflow/example_dags/example_branch_labels.py
[2022-10-09T07:02:12.634+0000] {processor.py:768} INFO - DAG(s) dict_keys(['example_branch_labels']) retrieved from /home/airflow/.local/lib/python3.7/site-packages/airflow/example_dags/example_branch_labels.py
[2022-10-09T07:02:12.661+0000] {logging_mixin.py:117} INFO - [2022-10-09T07:02:12.661+0000] {dag.py:2573} INFO - Sync 1 DAGs
[2022-10-09T07:02:12.676+0000] {logging_mixin.py:117} INFO - [2022-10-09T07:02:12.675+0000] {dag.py:3328} INFO - Setting next_dagrun for example_branch_labels to 2022-10-08T00:00:00+00:00, run_after=2022-10-09T00:00:00+00:00
[2022-10-09T07:02:12.687+0000] {processor.py:178} INFO - Processing /home/airflow/.local/lib/python3.7/site-packages/airflow/example_dags/example_branch_labels.py took 0.069 seconds
[2022-10-09T07:02:43.166+0000] {processor.py:156} INFO - Started process (PID=1455) to work on /home/airflow/.local/lib/python3.7/site-packages/airflow/example_dags/example_branch_labels.py
[2022-10-09T07:02:43.168+0000] {processor.py:758} INFO - Processing file /home/airflow/.local/lib/python3.7/site-packages/airflow/example_dags/example_branch_labels.py for tasks to queue
[2022-10-09T07:02:43.170+0000] {logging_mixin.py:117} INFO - [2022-10-09T07:02:43.170+0000] {dagbag.py:525} INFO - Filling up the DagBag from /home/airflow/.local/lib/python3.7/site-packages/airflow/example_dags/example_branch_labels.py
[2022-10-09T07:02:43.185+0000] {processor.py:768} INFO - DAG(s) dict_keys(['example_branch_labels']) retrieved from /home/airflow/.local/lib/python3.7/site-packages/airflow/example_dags/example_branch_labels.py
[2022-10-09T07:02:43.219+0000] {logging_mixin.py:117} INFO - [2022-10-09T07:02:43.219+0000] {dag.py:2573} INFO - Sync 1 DAGs
[2022-10-09T07:02:43.239+0000] {logging_mixin.py:117} INFO - [2022-10-09T07:02:43.239+0000] {dag.py:3328} INFO - Setting next_dagrun for example_branch_labels to 2022-10-08T00:00:00+00:00, run_after=2022-10-09T00:00:00+00:00
[2022-10-09T07:02:43.254+0000] {processor.py:178} INFO - Processing /home/airflow/.local/lib/python3.7/site-packages/airflow/example_dags/example_branch_labels.py took 0.091 seconds
[2022-10-09T07:03:13.709+0000] {processor.py:156} INFO - Started process (PID=1509) to work on /home/airflow/.local/lib/python3.7/site-packages/airflow/example_dags/example_branch_labels.py
[2022-10-09T07:03:13.710+0000] {processor.py:758} INFO - Processing file /home/airflow/.local/lib/python3.7/site-packages/airflow/example_dags/example_branch_labels.py for tasks to queue
[2022-10-09T07:03:13.712+0000] {logging_mixin.py:117} INFO - [2022-10-09T07:03:13.712+0000] {dagbag.py:525} INFO - Filling up the DagBag from /home/airflow/.local/lib/python3.7/site-packages/airflow/example_dags/example_branch_labels.py
[2022-10-09T07:03:13.722+0000] {processor.py:768} INFO - DAG(s) dict_keys(['example_branch_labels']) retrieved from /home/airflow/.local/lib/python3.7/site-packages/airflow/example_dags/example_branch_labels.py
[2022-10-09T07:03:13.755+0000] {logging_mixin.py:117} INFO - [2022-10-09T07:03:13.755+0000] {dag.py:2573} INFO - Sync 1 DAGs
[2022-10-09T07:03:13.773+0000] {logging_mixin.py:117} INFO - [2022-10-09T07:03:13.773+0000] {dag.py:3328} INFO - Setting next_dagrun for example_branch_labels to 2022-10-08T00:00:00+00:00, run_after=2022-10-09T00:00:00+00:00
[2022-10-09T07:03:13.786+0000] {processor.py:178} INFO - Processing /home/airflow/.local/lib/python3.7/site-packages/airflow/example_dags/example_branch_labels.py took 0.080 seconds
[2022-10-09T07:03:43.950+0000] {processor.py:156} INFO - Started process (PID=1572) to work on /home/airflow/.local/lib/python3.7/site-packages/airflow/example_dags/example_branch_labels.py
[2022-10-09T07:03:43.952+0000] {processor.py:758} INFO - Processing file /home/airflow/.local/lib/python3.7/site-packages/airflow/example_dags/example_branch_labels.py for tasks to queue
[2022-10-09T07:03:43.953+0000] {logging_mixin.py:117} INFO - [2022-10-09T07:03:43.953+0000] {dagbag.py:525} INFO - Filling up the DagBag from /home/airflow/.local/lib/python3.7/site-packages/airflow/example_dags/example_branch_labels.py
[2022-10-09T07:03:43.964+0000] {processor.py:768} INFO - DAG(s) dict_keys(['example_branch_labels']) retrieved from /home/airflow/.local/lib/python3.7/site-packages/airflow/example_dags/example_branch_labels.py
[2022-10-09T07:03:43.990+0000] {logging_mixin.py:117} INFO - [2022-10-09T07:03:43.989+0000] {dag.py:2573} INFO - Sync 1 DAGs
[2022-10-09T07:03:44.006+0000] {logging_mixin.py:117} INFO - [2022-10-09T07:03:44.006+0000] {dag.py:3328} INFO - Setting next_dagrun for example_branch_labels to 2022-10-08T00:00:00+00:00, run_after=2022-10-09T00:00:00+00:00
[2022-10-09T07:03:44.017+0000] {processor.py:178} INFO - Processing /home/airflow/.local/lib/python3.7/site-packages/airflow/example_dags/example_branch_labels.py took 0.069 seconds
[2022-10-09T07:04:14.188+0000] {processor.py:156} INFO - Started process (PID=1634) to work on /home/airflow/.local/lib/python3.7/site-packages/airflow/example_dags/example_branch_labels.py
[2022-10-09T07:04:14.189+0000] {processor.py:758} INFO - Processing file /home/airflow/.local/lib/python3.7/site-packages/airflow/example_dags/example_branch_labels.py for tasks to queue
[2022-10-09T07:04:14.190+0000] {logging_mixin.py:117} INFO - [2022-10-09T07:04:14.190+0000] {dagbag.py:525} INFO - Filling up the DagBag from /home/airflow/.local/lib/python3.7/site-packages/airflow/example_dags/example_branch_labels.py
[2022-10-09T07:04:14.201+0000] {processor.py:768} INFO - DAG(s) dict_keys(['example_branch_labels']) retrieved from /home/airflow/.local/lib/python3.7/site-packages/airflow/example_dags/example_branch_labels.py
[2022-10-09T07:04:14.228+0000] {logging_mixin.py:117} INFO - [2022-10-09T07:04:14.228+0000] {dag.py:2573} INFO - Sync 1 DAGs
[2022-10-09T07:04:14.248+0000] {logging_mixin.py:117} INFO - [2022-10-09T07:04:14.248+0000] {dag.py:3328} INFO - Setting next_dagrun for example_branch_labels to 2022-10-08T00:00:00+00:00, run_after=2022-10-09T00:00:00+00:00
[2022-10-09T07:04:14.262+0000] {processor.py:178} INFO - Processing /home/airflow/.local/lib/python3.7/site-packages/airflow/example_dags/example_branch_labels.py took 0.077 seconds
[2022-10-09T07:04:44.985+0000] {processor.py:156} INFO - Started process (PID=1697) to work on /home/airflow/.local/lib/python3.7/site-packages/airflow/example_dags/example_branch_labels.py
[2022-10-09T07:04:44.986+0000] {processor.py:758} INFO - Processing file /home/airflow/.local/lib/python3.7/site-packages/airflow/example_dags/example_branch_labels.py for tasks to queue
[2022-10-09T07:04:44.988+0000] {logging_mixin.py:117} INFO - [2022-10-09T07:04:44.988+0000] {dagbag.py:525} INFO - Filling up the DagBag from /home/airflow/.local/lib/python3.7/site-packages/airflow/example_dags/example_branch_labels.py
[2022-10-09T07:04:44.998+0000] {processor.py:768} INFO - DAG(s) dict_keys(['example_branch_labels']) retrieved from /home/airflow/.local/lib/python3.7/site-packages/airflow/example_dags/example_branch_labels.py
[2022-10-09T07:04:45.024+0000] {logging_mixin.py:117} INFO - [2022-10-09T07:04:45.024+0000] {dag.py:2573} INFO - Sync 1 DAGs
[2022-10-09T07:04:45.043+0000] {logging_mixin.py:117} INFO - [2022-10-09T07:04:45.043+0000] {dag.py:3328} INFO - Setting next_dagrun for example_branch_labels to 2022-10-08T00:00:00+00:00, run_after=2022-10-09T00:00:00+00:00
[2022-10-09T07:04:45.059+0000] {processor.py:178} INFO - Processing /home/airflow/.local/lib/python3.7/site-packages/airflow/example_dags/example_branch_labels.py took 0.076 seconds
[2022-10-09T07:05:15.549+0000] {processor.py:156} INFO - Started process (PID=1760) to work on /home/airflow/.local/lib/python3.7/site-packages/airflow/example_dags/example_branch_labels.py
[2022-10-09T07:05:15.551+0000] {processor.py:758} INFO - Processing file /home/airflow/.local/lib/python3.7/site-packages/airflow/example_dags/example_branch_labels.py for tasks to queue
[2022-10-09T07:05:15.552+0000] {logging_mixin.py:117} INFO - [2022-10-09T07:05:15.551+0000] {dagbag.py:525} INFO - Filling up the DagBag from /home/airflow/.local/lib/python3.7/site-packages/airflow/example_dags/example_branch_labels.py
[2022-10-09T07:05:15.563+0000] {processor.py:768} INFO - DAG(s) dict_keys(['example_branch_labels']) retrieved from /home/airflow/.local/lib/python3.7/site-packages/airflow/example_dags/example_branch_labels.py
[2022-10-09T07:05:15.591+0000] {logging_mixin.py:117} INFO - [2022-10-09T07:05:15.591+0000] {dag.py:2573} INFO - Sync 1 DAGs
[2022-10-09T07:05:15.607+0000] {logging_mixin.py:117} INFO - [2022-10-09T07:05:15.607+0000] {dag.py:3328} INFO - Setting next_dagrun for example_branch_labels to 2022-10-08T00:00:00+00:00, run_after=2022-10-09T00:00:00+00:00
[2022-10-09T07:05:15.621+0000] {processor.py:178} INFO - Processing /home/airflow/.local/lib/python3.7/site-packages/airflow/example_dags/example_branch_labels.py took 0.074 seconds
[2022-10-09T07:05:45.921+0000] {processor.py:156} INFO - Started process (PID=1814) to work on /home/airflow/.local/lib/python3.7/site-packages/airflow/example_dags/example_branch_labels.py
[2022-10-09T07:05:45.923+0000] {processor.py:758} INFO - Processing file /home/airflow/.local/lib/python3.7/site-packages/airflow/example_dags/example_branch_labels.py for tasks to queue
[2022-10-09T07:05:45.925+0000] {logging_mixin.py:117} INFO - [2022-10-09T07:05:45.925+0000] {dagbag.py:525} INFO - Filling up the DagBag from /home/airflow/.local/lib/python3.7/site-packages/airflow/example_dags/example_branch_labels.py
[2022-10-09T07:05:45.937+0000] {processor.py:768} INFO - DAG(s) dict_keys(['example_branch_labels']) retrieved from /home/airflow/.local/lib/python3.7/site-packages/airflow/example_dags/example_branch_labels.py
[2022-10-09T07:05:45.968+0000] {logging_mixin.py:117} INFO - [2022-10-09T07:05:45.968+0000] {dag.py:2573} INFO - Sync 1 DAGs
[2022-10-09T07:05:45.984+0000] {logging_mixin.py:117} INFO - [2022-10-09T07:05:45.984+0000] {dag.py:3328} INFO - Setting next_dagrun for example_branch_labels to 2022-10-08T00:00:00+00:00, run_after=2022-10-09T00:00:00+00:00
[2022-10-09T07:05:45.995+0000] {processor.py:178} INFO - Processing /home/airflow/.local/lib/python3.7/site-packages/airflow/example_dags/example_branch_labels.py took 0.076 seconds
[2022-10-09T07:06:16.690+0000] {processor.py:156} INFO - Started process (PID=1877) to work on /home/airflow/.local/lib/python3.7/site-packages/airflow/example_dags/example_branch_labels.py
[2022-10-09T07:06:16.691+0000] {processor.py:758} INFO - Processing file /home/airflow/.local/lib/python3.7/site-packages/airflow/example_dags/example_branch_labels.py for tasks to queue
[2022-10-09T07:06:16.693+0000] {logging_mixin.py:117} INFO - [2022-10-09T07:06:16.692+0000] {dagbag.py:525} INFO - Filling up the DagBag from /home/airflow/.local/lib/python3.7/site-packages/airflow/example_dags/example_branch_labels.py
[2022-10-09T07:06:16.702+0000] {processor.py:768} INFO - DAG(s) dict_keys(['example_branch_labels']) retrieved from /home/airflow/.local/lib/python3.7/site-packages/airflow/example_dags/example_branch_labels.py
[2022-10-09T07:06:16.728+0000] {logging_mixin.py:117} INFO - [2022-10-09T07:06:16.728+0000] {dag.py:2573} INFO - Sync 1 DAGs
[2022-10-09T07:06:16.744+0000] {logging_mixin.py:117} INFO - [2022-10-09T07:06:16.744+0000] {dag.py:3328} INFO - Setting next_dagrun for example_branch_labels to 2022-10-08T00:00:00+00:00, run_after=2022-10-09T00:00:00+00:00
[2022-10-09T07:06:16.755+0000] {processor.py:178} INFO - Processing /home/airflow/.local/lib/python3.7/site-packages/airflow/example_dags/example_branch_labels.py took 0.068 seconds
[2022-10-09T07:06:46.801+0000] {processor.py:156} INFO - Started process (PID=1939) to work on /home/airflow/.local/lib/python3.7/site-packages/airflow/example_dags/example_branch_labels.py
[2022-10-09T07:06:46.803+0000] {processor.py:758} INFO - Processing file /home/airflow/.local/lib/python3.7/site-packages/airflow/example_dags/example_branch_labels.py for tasks to queue
[2022-10-09T07:06:46.804+0000] {logging_mixin.py:117} INFO - [2022-10-09T07:06:46.804+0000] {dagbag.py:525} INFO - Filling up the DagBag from /home/airflow/.local/lib/python3.7/site-packages/airflow/example_dags/example_branch_labels.py
[2022-10-09T07:06:46.814+0000] {processor.py:768} INFO - DAG(s) dict_keys(['example_branch_labels']) retrieved from /home/airflow/.local/lib/python3.7/site-packages/airflow/example_dags/example_branch_labels.py
[2022-10-09T07:06:46.841+0000] {logging_mixin.py:117} INFO - [2022-10-09T07:06:46.841+0000] {dag.py:2573} INFO - Sync 1 DAGs
[2022-10-09T07:06:46.861+0000] {logging_mixin.py:117} INFO - [2022-10-09T07:06:46.861+0000] {dag.py:3328} INFO - Setting next_dagrun for example_branch_labels to 2022-10-08T00:00:00+00:00, run_after=2022-10-09T00:00:00+00:00
[2022-10-09T07:06:46.874+0000] {processor.py:178} INFO - Processing /home/airflow/.local/lib/python3.7/site-packages/airflow/example_dags/example_branch_labels.py took 0.075 seconds
[2022-10-09T07:07:17.073+0000] {processor.py:156} INFO - Started process (PID=2004) to work on /home/airflow/.local/lib/python3.7/site-packages/airflow/example_dags/example_branch_labels.py
[2022-10-09T07:07:17.074+0000] {processor.py:758} INFO - Processing file /home/airflow/.local/lib/python3.7/site-packages/airflow/example_dags/example_branch_labels.py for tasks to queue
[2022-10-09T07:07:17.075+0000] {logging_mixin.py:117} INFO - [2022-10-09T07:07:17.075+0000] {dagbag.py:525} INFO - Filling up the DagBag from /home/airflow/.local/lib/python3.7/site-packages/airflow/example_dags/example_branch_labels.py
[2022-10-09T07:07:17.084+0000] {processor.py:768} INFO - DAG(s) dict_keys(['example_branch_labels']) retrieved from /home/airflow/.local/lib/python3.7/site-packages/airflow/example_dags/example_branch_labels.py
[2022-10-09T07:07:17.111+0000] {logging_mixin.py:117} INFO - [2022-10-09T07:07:17.111+0000] {dag.py:2573} INFO - Sync 1 DAGs
[2022-10-09T07:07:17.126+0000] {logging_mixin.py:117} INFO - [2022-10-09T07:07:17.126+0000] {dag.py:3328} INFO - Setting next_dagrun for example_branch_labels to 2022-10-08T00:00:00+00:00, run_after=2022-10-09T00:00:00+00:00
[2022-10-09T07:07:17.139+0000] {processor.py:178} INFO - Processing /home/airflow/.local/lib/python3.7/site-packages/airflow/example_dags/example_branch_labels.py took 0.068 seconds
[2022-10-09T07:07:47.771+0000] {processor.py:156} INFO - Started process (PID=2068) to work on /home/airflow/.local/lib/python3.7/site-packages/airflow/example_dags/example_branch_labels.py
[2022-10-09T07:07:47.772+0000] {processor.py:758} INFO - Processing file /home/airflow/.local/lib/python3.7/site-packages/airflow/example_dags/example_branch_labels.py for tasks to queue
[2022-10-09T07:07:47.774+0000] {logging_mixin.py:117} INFO - [2022-10-09T07:07:47.774+0000] {dagbag.py:525} INFO - Filling up the DagBag from /home/airflow/.local/lib/python3.7/site-packages/airflow/example_dags/example_branch_labels.py
[2022-10-09T07:07:47.785+0000] {processor.py:768} INFO - DAG(s) dict_keys(['example_branch_labels']) retrieved from /home/airflow/.local/lib/python3.7/site-packages/airflow/example_dags/example_branch_labels.py
[2022-10-09T07:07:47.813+0000] {logging_mixin.py:117} INFO - [2022-10-09T07:07:47.813+0000] {dag.py:2573} INFO - Sync 1 DAGs
[2022-10-09T07:07:47.830+0000] {logging_mixin.py:117} INFO - [2022-10-09T07:07:47.830+0000] {dag.py:3328} INFO - Setting next_dagrun for example_branch_labels to 2022-10-08T00:00:00+00:00, run_after=2022-10-09T00:00:00+00:00
[2022-10-09T07:07:47.842+0000] {processor.py:178} INFO - Processing /home/airflow/.local/lib/python3.7/site-packages/airflow/example_dags/example_branch_labels.py took 0.074 seconds
[2022-10-09T07:08:18.049+0000] {processor.py:156} INFO - Started process (PID=2123) to work on /home/airflow/.local/lib/python3.7/site-packages/airflow/example_dags/example_branch_labels.py
[2022-10-09T07:08:18.050+0000] {processor.py:758} INFO - Processing file /home/airflow/.local/lib/python3.7/site-packages/airflow/example_dags/example_branch_labels.py for tasks to queue
[2022-10-09T07:08:18.052+0000] {logging_mixin.py:117} INFO - [2022-10-09T07:08:18.052+0000] {dagbag.py:525} INFO - Filling up the DagBag from /home/airflow/.local/lib/python3.7/site-packages/airflow/example_dags/example_branch_labels.py
[2022-10-09T07:08:18.063+0000] {processor.py:768} INFO - DAG(s) dict_keys(['example_branch_labels']) retrieved from /home/airflow/.local/lib/python3.7/site-packages/airflow/example_dags/example_branch_labels.py
[2022-10-09T07:08:18.093+0000] {logging_mixin.py:117} INFO - [2022-10-09T07:08:18.093+0000] {dag.py:2573} INFO - Sync 1 DAGs
[2022-10-09T07:08:18.110+0000] {logging_mixin.py:117} INFO - [2022-10-09T07:08:18.110+0000] {dag.py:3328} INFO - Setting next_dagrun for example_branch_labels to 2022-10-08T00:00:00+00:00, run_after=2022-10-09T00:00:00+00:00
[2022-10-09T07:08:18.122+0000] {processor.py:178} INFO - Processing /home/airflow/.local/lib/python3.7/site-packages/airflow/example_dags/example_branch_labels.py took 0.076 seconds
[2022-10-09T07:08:48.511+0000] {processor.py:156} INFO - Started process (PID=2186) to work on /home/airflow/.local/lib/python3.7/site-packages/airflow/example_dags/example_branch_labels.py
[2022-10-09T07:08:48.514+0000] {processor.py:758} INFO - Processing file /home/airflow/.local/lib/python3.7/site-packages/airflow/example_dags/example_branch_labels.py for tasks to queue
[2022-10-09T07:08:48.515+0000] {logging_mixin.py:117} INFO - [2022-10-09T07:08:48.515+0000] {dagbag.py:525} INFO - Filling up the DagBag from /home/airflow/.local/lib/python3.7/site-packages/airflow/example_dags/example_branch_labels.py
[2022-10-09T07:08:48.530+0000] {processor.py:768} INFO - DAG(s) dict_keys(['example_branch_labels']) retrieved from /home/airflow/.local/lib/python3.7/site-packages/airflow/example_dags/example_branch_labels.py
[2022-10-09T07:08:48.566+0000] {logging_mixin.py:117} INFO - [2022-10-09T07:08:48.566+0000] {dag.py:2573} INFO - Sync 1 DAGs
[2022-10-09T07:08:48.585+0000] {logging_mixin.py:117} INFO - [2022-10-09T07:08:48.585+0000] {dag.py:3328} INFO - Setting next_dagrun for example_branch_labels to 2022-10-08T00:00:00+00:00, run_after=2022-10-09T00:00:00+00:00
[2022-10-09T07:08:48.600+0000] {processor.py:178} INFO - Processing /home/airflow/.local/lib/python3.7/site-packages/airflow/example_dags/example_branch_labels.py took 0.091 seconds
[2022-10-09T07:09:18.819+0000] {processor.py:156} INFO - Started process (PID=2250) to work on /home/airflow/.local/lib/python3.7/site-packages/airflow/example_dags/example_branch_labels.py
[2022-10-09T07:09:18.821+0000] {processor.py:758} INFO - Processing file /home/airflow/.local/lib/python3.7/site-packages/airflow/example_dags/example_branch_labels.py for tasks to queue
[2022-10-09T07:09:18.823+0000] {logging_mixin.py:117} INFO - [2022-10-09T07:09:18.823+0000] {dagbag.py:525} INFO - Filling up the DagBag from /home/airflow/.local/lib/python3.7/site-packages/airflow/example_dags/example_branch_labels.py
[2022-10-09T07:09:18.832+0000] {processor.py:768} INFO - DAG(s) dict_keys(['example_branch_labels']) retrieved from /home/airflow/.local/lib/python3.7/site-packages/airflow/example_dags/example_branch_labels.py
[2022-10-09T07:09:18.859+0000] {logging_mixin.py:117} INFO - [2022-10-09T07:09:18.858+0000] {dag.py:2573} INFO - Sync 1 DAGs
[2022-10-09T07:09:18.874+0000] {logging_mixin.py:117} INFO - [2022-10-09T07:09:18.873+0000] {dag.py:3328} INFO - Setting next_dagrun for example_branch_labels to 2022-10-08T00:00:00+00:00, run_after=2022-10-09T00:00:00+00:00
[2022-10-09T07:09:18.885+0000] {processor.py:178} INFO - Processing /home/airflow/.local/lib/python3.7/site-packages/airflow/example_dags/example_branch_labels.py took 0.069 seconds
[2022-10-09T07:09:49.166+0000] {processor.py:156} INFO - Started process (PID=2312) to work on /home/airflow/.local/lib/python3.7/site-packages/airflow/example_dags/example_branch_labels.py
[2022-10-09T07:09:49.167+0000] {processor.py:758} INFO - Processing file /home/airflow/.local/lib/python3.7/site-packages/airflow/example_dags/example_branch_labels.py for tasks to queue
[2022-10-09T07:09:49.168+0000] {logging_mixin.py:117} INFO - [2022-10-09T07:09:49.168+0000] {dagbag.py:525} INFO - Filling up the DagBag from /home/airflow/.local/lib/python3.7/site-packages/airflow/example_dags/example_branch_labels.py
[2022-10-09T07:09:49.178+0000] {processor.py:768} INFO - DAG(s) dict_keys(['example_branch_labels']) retrieved from /home/airflow/.local/lib/python3.7/site-packages/airflow/example_dags/example_branch_labels.py
[2022-10-09T07:09:49.203+0000] {logging_mixin.py:117} INFO - [2022-10-09T07:09:49.203+0000] {dag.py:2573} INFO - Sync 1 DAGs
[2022-10-09T07:09:49.223+0000] {logging_mixin.py:117} INFO - [2022-10-09T07:09:49.223+0000] {dag.py:3328} INFO - Setting next_dagrun for example_branch_labels to 2022-10-08T00:00:00+00:00, run_after=2022-10-09T00:00:00+00:00
[2022-10-09T07:09:49.315+0000] {processor.py:178} INFO - Processing /home/airflow/.local/lib/python3.7/site-packages/airflow/example_dags/example_branch_labels.py took 0.151 seconds
[2022-10-09T07:10:19.686+0000] {processor.py:156} INFO - Started process (PID=2374) to work on /home/airflow/.local/lib/python3.7/site-packages/airflow/example_dags/example_branch_labels.py
[2022-10-09T07:10:19.688+0000] {processor.py:758} INFO - Processing file /home/airflow/.local/lib/python3.7/site-packages/airflow/example_dags/example_branch_labels.py for tasks to queue
[2022-10-09T07:10:19.689+0000] {logging_mixin.py:117} INFO - [2022-10-09T07:10:19.689+0000] {dagbag.py:525} INFO - Filling up the DagBag from /home/airflow/.local/lib/python3.7/site-packages/airflow/example_dags/example_branch_labels.py
[2022-10-09T07:10:19.700+0000] {processor.py:768} INFO - DAG(s) dict_keys(['example_branch_labels']) retrieved from /home/airflow/.local/lib/python3.7/site-packages/airflow/example_dags/example_branch_labels.py
[2022-10-09T07:10:19.742+0000] {logging_mixin.py:117} INFO - [2022-10-09T07:10:19.742+0000] {dag.py:2573} INFO - Sync 1 DAGs
[2022-10-09T07:10:19.764+0000] {logging_mixin.py:117} INFO - [2022-10-09T07:10:19.764+0000] {dag.py:3328} INFO - Setting next_dagrun for example_branch_labels to 2022-10-08T00:00:00+00:00, run_after=2022-10-09T00:00:00+00:00
[2022-10-09T07:10:19.782+0000] {processor.py:178} INFO - Processing /home/airflow/.local/lib/python3.7/site-packages/airflow/example_dags/example_branch_labels.py took 0.098 seconds
[2022-10-09T07:10:50.569+0000] {processor.py:156} INFO - Started process (PID=2437) to work on /home/airflow/.local/lib/python3.7/site-packages/airflow/example_dags/example_branch_labels.py
[2022-10-09T07:10:50.571+0000] {processor.py:758} INFO - Processing file /home/airflow/.local/lib/python3.7/site-packages/airflow/example_dags/example_branch_labels.py for tasks to queue
[2022-10-09T07:10:50.573+0000] {logging_mixin.py:117} INFO - [2022-10-09T07:10:50.573+0000] {dagbag.py:525} INFO - Filling up the DagBag from /home/airflow/.local/lib/python3.7/site-packages/airflow/example_dags/example_branch_labels.py
[2022-10-09T07:10:50.585+0000] {processor.py:768} INFO - DAG(s) dict_keys(['example_branch_labels']) retrieved from /home/airflow/.local/lib/python3.7/site-packages/airflow/example_dags/example_branch_labels.py
[2022-10-09T07:10:50.612+0000] {logging_mixin.py:117} INFO - [2022-10-09T07:10:50.612+0000] {dag.py:2573} INFO - Sync 1 DAGs
[2022-10-09T07:10:50.630+0000] {logging_mixin.py:117} INFO - [2022-10-09T07:10:50.630+0000] {dag.py:3328} INFO - Setting next_dagrun for example_branch_labels to 2022-10-08T00:00:00+00:00, run_after=2022-10-09T00:00:00+00:00
[2022-10-09T07:10:50.643+0000] {processor.py:178} INFO - Processing /home/airflow/.local/lib/python3.7/site-packages/airflow/example_dags/example_branch_labels.py took 0.076 seconds
[2022-10-09T07:11:20.835+0000] {processor.py:156} INFO - Started process (PID=2491) to work on /home/airflow/.local/lib/python3.7/site-packages/airflow/example_dags/example_branch_labels.py
[2022-10-09T07:11:20.837+0000] {processor.py:758} INFO - Processing file /home/airflow/.local/lib/python3.7/site-packages/airflow/example_dags/example_branch_labels.py for tasks to queue
[2022-10-09T07:11:20.838+0000] {logging_mixin.py:117} INFO - [2022-10-09T07:11:20.838+0000] {dagbag.py:525} INFO - Filling up the DagBag from /home/airflow/.local/lib/python3.7/site-packages/airflow/example_dags/example_branch_labels.py
[2022-10-09T07:11:20.848+0000] {processor.py:768} INFO - DAG(s) dict_keys(['example_branch_labels']) retrieved from /home/airflow/.local/lib/python3.7/site-packages/airflow/example_dags/example_branch_labels.py
[2022-10-09T07:11:20.873+0000] {logging_mixin.py:117} INFO - [2022-10-09T07:11:20.873+0000] {dag.py:2573} INFO - Sync 1 DAGs
[2022-10-09T07:11:20.889+0000] {logging_mixin.py:117} INFO - [2022-10-09T07:11:20.889+0000] {dag.py:3328} INFO - Setting next_dagrun for example_branch_labels to 2022-10-08T00:00:00+00:00, run_after=2022-10-09T00:00:00+00:00
[2022-10-09T07:11:20.900+0000] {processor.py:178} INFO - Processing /home/airflow/.local/lib/python3.7/site-packages/airflow/example_dags/example_branch_labels.py took 0.067 seconds
[2022-10-09T07:11:51.204+0000] {processor.py:156} INFO - Started process (PID=2554) to work on /home/airflow/.local/lib/python3.7/site-packages/airflow/example_dags/example_branch_labels.py
[2022-10-09T07:11:51.205+0000] {processor.py:758} INFO - Processing file /home/airflow/.local/lib/python3.7/site-packages/airflow/example_dags/example_branch_labels.py for tasks to queue
[2022-10-09T07:11:51.206+0000] {logging_mixin.py:117} INFO - [2022-10-09T07:11:51.206+0000] {dagbag.py:525} INFO - Filling up the DagBag from /home/airflow/.local/lib/python3.7/site-packages/airflow/example_dags/example_branch_labels.py
[2022-10-09T07:11:51.216+0000] {processor.py:768} INFO - DAG(s) dict_keys(['example_branch_labels']) retrieved from /home/airflow/.local/lib/python3.7/site-packages/airflow/example_dags/example_branch_labels.py
[2022-10-09T07:11:51.245+0000] {logging_mixin.py:117} INFO - [2022-10-09T07:11:51.245+0000] {dag.py:2573} INFO - Sync 1 DAGs
[2022-10-09T07:11:51.260+0000] {logging_mixin.py:117} INFO - [2022-10-09T07:11:51.260+0000] {dag.py:3328} INFO - Setting next_dagrun for example_branch_labels to 2022-10-08T00:00:00+00:00, run_after=2022-10-09T00:00:00+00:00
[2022-10-09T07:11:51.272+0000] {processor.py:178} INFO - Processing /home/airflow/.local/lib/python3.7/site-packages/airflow/example_dags/example_branch_labels.py took 0.070 seconds
[2022-10-09T07:12:21.408+0000] {processor.py:156} INFO - Started process (PID=2617) to work on /home/airflow/.local/lib/python3.7/site-packages/airflow/example_dags/example_branch_labels.py
[2022-10-09T07:12:21.410+0000] {processor.py:758} INFO - Processing file /home/airflow/.local/lib/python3.7/site-packages/airflow/example_dags/example_branch_labels.py for tasks to queue
[2022-10-09T07:12:21.412+0000] {logging_mixin.py:117} INFO - [2022-10-09T07:12:21.412+0000] {dagbag.py:525} INFO - Filling up the DagBag from /home/airflow/.local/lib/python3.7/site-packages/airflow/example_dags/example_branch_labels.py
[2022-10-09T07:12:21.424+0000] {processor.py:768} INFO - DAG(s) dict_keys(['example_branch_labels']) retrieved from /home/airflow/.local/lib/python3.7/site-packages/airflow/example_dags/example_branch_labels.py
[2022-10-09T07:12:21.450+0000] {logging_mixin.py:117} INFO - [2022-10-09T07:12:21.450+0000] {dag.py:2573} INFO - Sync 1 DAGs
[2022-10-09T07:12:21.466+0000] {logging_mixin.py:117} INFO - [2022-10-09T07:12:21.466+0000] {dag.py:3328} INFO - Setting next_dagrun for example_branch_labels to 2022-10-08T00:00:00+00:00, run_after=2022-10-09T00:00:00+00:00
[2022-10-09T07:12:21.477+0000] {processor.py:178} INFO - Processing /home/airflow/.local/lib/python3.7/site-packages/airflow/example_dags/example_branch_labels.py took 0.071 seconds
[2022-10-09T07:12:51.772+0000] {processor.py:156} INFO - Started process (PID=2680) to work on /home/airflow/.local/lib/python3.7/site-packages/airflow/example_dags/example_branch_labels.py
[2022-10-09T07:12:51.774+0000] {processor.py:758} INFO - Processing file /home/airflow/.local/lib/python3.7/site-packages/airflow/example_dags/example_branch_labels.py for tasks to queue
[2022-10-09T07:12:51.775+0000] {logging_mixin.py:117} INFO - [2022-10-09T07:12:51.775+0000] {dagbag.py:525} INFO - Filling up the DagBag from /home/airflow/.local/lib/python3.7/site-packages/airflow/example_dags/example_branch_labels.py
[2022-10-09T07:12:51.787+0000] {processor.py:768} INFO - DAG(s) dict_keys(['example_branch_labels']) retrieved from /home/airflow/.local/lib/python3.7/site-packages/airflow/example_dags/example_branch_labels.py
[2022-10-09T07:12:51.816+0000] {logging_mixin.py:117} INFO - [2022-10-09T07:12:51.815+0000] {dag.py:2573} INFO - Sync 1 DAGs
[2022-10-09T07:12:51.833+0000] {logging_mixin.py:117} INFO - [2022-10-09T07:12:51.833+0000] {dag.py:3328} INFO - Setting next_dagrun for example_branch_labels to 2022-10-08T00:00:00+00:00, run_after=2022-10-09T00:00:00+00:00
[2022-10-09T07:12:51.846+0000] {processor.py:178} INFO - Processing /home/airflow/.local/lib/python3.7/site-packages/airflow/example_dags/example_branch_labels.py took 0.076 seconds
[2022-10-09T07:13:22.257+0000] {processor.py:156} INFO - Started process (PID=2744) to work on /home/airflow/.local/lib/python3.7/site-packages/airflow/example_dags/example_branch_labels.py
[2022-10-09T07:13:22.259+0000] {processor.py:758} INFO - Processing file /home/airflow/.local/lib/python3.7/site-packages/airflow/example_dags/example_branch_labels.py for tasks to queue
[2022-10-09T07:13:22.260+0000] {logging_mixin.py:117} INFO - [2022-10-09T07:13:22.260+0000] {dagbag.py:525} INFO - Filling up the DagBag from /home/airflow/.local/lib/python3.7/site-packages/airflow/example_dags/example_branch_labels.py
[2022-10-09T07:13:22.269+0000] {processor.py:768} INFO - DAG(s) dict_keys(['example_branch_labels']) retrieved from /home/airflow/.local/lib/python3.7/site-packages/airflow/example_dags/example_branch_labels.py
[2022-10-09T07:13:22.294+0000] {logging_mixin.py:117} INFO - [2022-10-09T07:13:22.294+0000] {dag.py:2573} INFO - Sync 1 DAGs
[2022-10-09T07:13:22.311+0000] {logging_mixin.py:117} INFO - [2022-10-09T07:13:22.311+0000] {dag.py:3328} INFO - Setting next_dagrun for example_branch_labels to 2022-10-08T00:00:00+00:00, run_after=2022-10-09T00:00:00+00:00
[2022-10-09T07:13:22.324+0000] {processor.py:178} INFO - Processing /home/airflow/.local/lib/python3.7/site-packages/airflow/example_dags/example_branch_labels.py took 0.070 seconds
[2022-10-09T07:13:52.579+0000] {processor.py:156} INFO - Started process (PID=2797) to work on /home/airflow/.local/lib/python3.7/site-packages/airflow/example_dags/example_branch_labels.py
[2022-10-09T07:13:52.580+0000] {processor.py:758} INFO - Processing file /home/airflow/.local/lib/python3.7/site-packages/airflow/example_dags/example_branch_labels.py for tasks to queue
[2022-10-09T07:13:52.581+0000] {logging_mixin.py:117} INFO - [2022-10-09T07:13:52.581+0000] {dagbag.py:525} INFO - Filling up the DagBag from /home/airflow/.local/lib/python3.7/site-packages/airflow/example_dags/example_branch_labels.py
[2022-10-09T07:13:52.592+0000] {processor.py:768} INFO - DAG(s) dict_keys(['example_branch_labels']) retrieved from /home/airflow/.local/lib/python3.7/site-packages/airflow/example_dags/example_branch_labels.py
[2022-10-09T07:13:52.620+0000] {logging_mixin.py:117} INFO - [2022-10-09T07:13:52.620+0000] {dag.py:2573} INFO - Sync 1 DAGs
[2022-10-09T07:13:52.636+0000] {logging_mixin.py:117} INFO - [2022-10-09T07:13:52.636+0000] {dag.py:3328} INFO - Setting next_dagrun for example_branch_labels to 2022-10-08T00:00:00+00:00, run_after=2022-10-09T00:00:00+00:00
[2022-10-09T07:13:52.648+0000] {processor.py:178} INFO - Processing /home/airflow/.local/lib/python3.7/site-packages/airflow/example_dags/example_branch_labels.py took 0.072 seconds
[2022-10-09T07:14:23.069+0000] {processor.py:156} INFO - Started process (PID=2859) to work on /home/airflow/.local/lib/python3.7/site-packages/airflow/example_dags/example_branch_labels.py
[2022-10-09T07:14:23.071+0000] {processor.py:758} INFO - Processing file /home/airflow/.local/lib/python3.7/site-packages/airflow/example_dags/example_branch_labels.py for tasks to queue
[2022-10-09T07:14:23.072+0000] {logging_mixin.py:117} INFO - [2022-10-09T07:14:23.072+0000] {dagbag.py:525} INFO - Filling up the DagBag from /home/airflow/.local/lib/python3.7/site-packages/airflow/example_dags/example_branch_labels.py
[2022-10-09T07:14:23.083+0000] {processor.py:768} INFO - DAG(s) dict_keys(['example_branch_labels']) retrieved from /home/airflow/.local/lib/python3.7/site-packages/airflow/example_dags/example_branch_labels.py
[2022-10-09T07:14:23.109+0000] {logging_mixin.py:117} INFO - [2022-10-09T07:14:23.109+0000] {dag.py:2573} INFO - Sync 1 DAGs
[2022-10-09T07:14:23.124+0000] {logging_mixin.py:117} INFO - [2022-10-09T07:14:23.124+0000] {dag.py:3328} INFO - Setting next_dagrun for example_branch_labels to 2022-10-08T00:00:00+00:00, run_after=2022-10-09T00:00:00+00:00
[2022-10-09T07:14:23.136+0000] {processor.py:178} INFO - Processing /home/airflow/.local/lib/python3.7/site-packages/airflow/example_dags/example_branch_labels.py took 0.069 seconds
[2022-10-09T07:14:53.405+0000] {processor.py:156} INFO - Started process (PID=2923) to work on /home/airflow/.local/lib/python3.7/site-packages/airflow/example_dags/example_branch_labels.py
[2022-10-09T07:14:53.406+0000] {processor.py:758} INFO - Processing file /home/airflow/.local/lib/python3.7/site-packages/airflow/example_dags/example_branch_labels.py for tasks to queue
[2022-10-09T07:14:53.407+0000] {logging_mixin.py:117} INFO - [2022-10-09T07:14:53.407+0000] {dagbag.py:525} INFO - Filling up the DagBag from /home/airflow/.local/lib/python3.7/site-packages/airflow/example_dags/example_branch_labels.py
[2022-10-09T07:14:53.416+0000] {processor.py:768} INFO - DAG(s) dict_keys(['example_branch_labels']) retrieved from /home/airflow/.local/lib/python3.7/site-packages/airflow/example_dags/example_branch_labels.py
[2022-10-09T07:14:53.441+0000] {logging_mixin.py:117} INFO - [2022-10-09T07:14:53.441+0000] {dag.py:2573} INFO - Sync 1 DAGs
[2022-10-09T07:14:53.456+0000] {logging_mixin.py:117} INFO - [2022-10-09T07:14:53.456+0000] {dag.py:3328} INFO - Setting next_dagrun for example_branch_labels to 2022-10-08T00:00:00+00:00, run_after=2022-10-09T00:00:00+00:00
[2022-10-09T07:14:53.467+0000] {processor.py:178} INFO - Processing /home/airflow/.local/lib/python3.7/site-packages/airflow/example_dags/example_branch_labels.py took 0.064 seconds
[2022-10-09T07:15:23.624+0000] {processor.py:156} INFO - Started process (PID=2986) to work on /home/airflow/.local/lib/python3.7/site-packages/airflow/example_dags/example_branch_labels.py
[2022-10-09T07:15:23.625+0000] {processor.py:758} INFO - Processing file /home/airflow/.local/lib/python3.7/site-packages/airflow/example_dags/example_branch_labels.py for tasks to queue
[2022-10-09T07:15:23.626+0000] {logging_mixin.py:117} INFO - [2022-10-09T07:15:23.626+0000] {dagbag.py:525} INFO - Filling up the DagBag from /home/airflow/.local/lib/python3.7/site-packages/airflow/example_dags/example_branch_labels.py
[2022-10-09T07:15:23.637+0000] {processor.py:768} INFO - DAG(s) dict_keys(['example_branch_labels']) retrieved from /home/airflow/.local/lib/python3.7/site-packages/airflow/example_dags/example_branch_labels.py
[2022-10-09T07:15:23.663+0000] {logging_mixin.py:117} INFO - [2022-10-09T07:15:23.663+0000] {dag.py:2573} INFO - Sync 1 DAGs
[2022-10-09T07:15:23.682+0000] {logging_mixin.py:117} INFO - [2022-10-09T07:15:23.682+0000] {dag.py:3328} INFO - Setting next_dagrun for example_branch_labels to 2022-10-08T00:00:00+00:00, run_after=2022-10-09T00:00:00+00:00
[2022-10-09T07:15:23.692+0000] {processor.py:178} INFO - Processing /home/airflow/.local/lib/python3.7/site-packages/airflow/example_dags/example_branch_labels.py took 0.070 seconds
[2022-10-09T07:15:54.048+0000] {processor.py:156} INFO - Started process (PID=3049) to work on /home/airflow/.local/lib/python3.7/site-packages/airflow/example_dags/example_branch_labels.py
[2022-10-09T07:15:54.049+0000] {processor.py:758} INFO - Processing file /home/airflow/.local/lib/python3.7/site-packages/airflow/example_dags/example_branch_labels.py for tasks to queue
[2022-10-09T07:15:54.050+0000] {logging_mixin.py:117} INFO - [2022-10-09T07:15:54.050+0000] {dagbag.py:525} INFO - Filling up the DagBag from /home/airflow/.local/lib/python3.7/site-packages/airflow/example_dags/example_branch_labels.py
[2022-10-09T07:15:54.060+0000] {processor.py:768} INFO - DAG(s) dict_keys(['example_branch_labels']) retrieved from /home/airflow/.local/lib/python3.7/site-packages/airflow/example_dags/example_branch_labels.py
[2022-10-09T07:15:54.085+0000] {logging_mixin.py:117} INFO - [2022-10-09T07:15:54.085+0000] {dag.py:2573} INFO - Sync 1 DAGs
[2022-10-09T07:15:54.101+0000] {logging_mixin.py:117} INFO - [2022-10-09T07:15:54.101+0000] {dag.py:3328} INFO - Setting next_dagrun for example_branch_labels to 2022-10-08T00:00:00+00:00, run_after=2022-10-09T00:00:00+00:00
[2022-10-09T07:15:54.113+0000] {processor.py:178} INFO - Processing /home/airflow/.local/lib/python3.7/site-packages/airflow/example_dags/example_branch_labels.py took 0.068 seconds
[2022-10-09T07:16:24.350+0000] {processor.py:156} INFO - Started process (PID=3103) to work on /home/airflow/.local/lib/python3.7/site-packages/airflow/example_dags/example_branch_labels.py
[2022-10-09T07:16:24.351+0000] {processor.py:758} INFO - Processing file /home/airflow/.local/lib/python3.7/site-packages/airflow/example_dags/example_branch_labels.py for tasks to queue
[2022-10-09T07:16:24.353+0000] {logging_mixin.py:117} INFO - [2022-10-09T07:16:24.353+0000] {dagbag.py:525} INFO - Filling up the DagBag from /home/airflow/.local/lib/python3.7/site-packages/airflow/example_dags/example_branch_labels.py
[2022-10-09T07:16:24.366+0000] {processor.py:768} INFO - DAG(s) dict_keys(['example_branch_labels']) retrieved from /home/airflow/.local/lib/python3.7/site-packages/airflow/example_dags/example_branch_labels.py
[2022-10-09T07:16:24.390+0000] {logging_mixin.py:117} INFO - [2022-10-09T07:16:24.390+0000] {dag.py:2573} INFO - Sync 1 DAGs
[2022-10-09T07:16:24.405+0000] {logging_mixin.py:117} INFO - [2022-10-09T07:16:24.405+0000] {dag.py:3328} INFO - Setting next_dagrun for example_branch_labels to 2022-10-08T00:00:00+00:00, run_after=2022-10-09T00:00:00+00:00
[2022-10-09T07:16:24.416+0000] {processor.py:178} INFO - Processing /home/airflow/.local/lib/python3.7/site-packages/airflow/example_dags/example_branch_labels.py took 0.069 seconds
[2022-10-09T07:16:54.687+0000] {processor.py:156} INFO - Started process (PID=3165) to work on /home/airflow/.local/lib/python3.7/site-packages/airflow/example_dags/example_branch_labels.py
[2022-10-09T07:16:54.689+0000] {processor.py:758} INFO - Processing file /home/airflow/.local/lib/python3.7/site-packages/airflow/example_dags/example_branch_labels.py for tasks to queue
[2022-10-09T07:16:54.690+0000] {logging_mixin.py:117} INFO - [2022-10-09T07:16:54.690+0000] {dagbag.py:525} INFO - Filling up the DagBag from /home/airflow/.local/lib/python3.7/site-packages/airflow/example_dags/example_branch_labels.py
[2022-10-09T07:16:54.701+0000] {processor.py:768} INFO - DAG(s) dict_keys(['example_branch_labels']) retrieved from /home/airflow/.local/lib/python3.7/site-packages/airflow/example_dags/example_branch_labels.py
[2022-10-09T07:16:54.724+0000] {logging_mixin.py:117} INFO - [2022-10-09T07:16:54.724+0000] {dag.py:2573} INFO - Sync 1 DAGs
[2022-10-09T07:16:54.741+0000] {logging_mixin.py:117} INFO - [2022-10-09T07:16:54.741+0000] {dag.py:3328} INFO - Setting next_dagrun for example_branch_labels to 2022-10-08T00:00:00+00:00, run_after=2022-10-09T00:00:00+00:00
[2022-10-09T07:16:54.752+0000] {processor.py:178} INFO - Processing /home/airflow/.local/lib/python3.7/site-packages/airflow/example_dags/example_branch_labels.py took 0.067 seconds
[2022-10-09T07:17:25.245+0000] {processor.py:156} INFO - Started process (PID=3228) to work on /home/airflow/.local/lib/python3.7/site-packages/airflow/example_dags/example_branch_labels.py
[2022-10-09T07:17:25.247+0000] {processor.py:758} INFO - Processing file /home/airflow/.local/lib/python3.7/site-packages/airflow/example_dags/example_branch_labels.py for tasks to queue
[2022-10-09T07:17:25.249+0000] {logging_mixin.py:117} INFO - [2022-10-09T07:17:25.249+0000] {dagbag.py:525} INFO - Filling up the DagBag from /home/airflow/.local/lib/python3.7/site-packages/airflow/example_dags/example_branch_labels.py
[2022-10-09T07:17:25.262+0000] {processor.py:768} INFO - DAG(s) dict_keys(['example_branch_labels']) retrieved from /home/airflow/.local/lib/python3.7/site-packages/airflow/example_dags/example_branch_labels.py
[2022-10-09T07:17:25.316+0000] {logging_mixin.py:117} INFO - [2022-10-09T07:17:25.316+0000] {dag.py:2573} INFO - Sync 1 DAGs
[2022-10-09T07:17:25.344+0000] {logging_mixin.py:117} INFO - [2022-10-09T07:17:25.344+0000] {dag.py:3328} INFO - Setting next_dagrun for example_branch_labels to 2022-10-08T00:00:00+00:00, run_after=2022-10-09T00:00:00+00:00
[2022-10-09T07:17:25.398+0000] {processor.py:178} INFO - Processing /home/airflow/.local/lib/python3.7/site-packages/airflow/example_dags/example_branch_labels.py took 0.156 seconds
[2022-10-09T07:17:55.692+0000] {processor.py:156} INFO - Started process (PID=3289) to work on /home/airflow/.local/lib/python3.7/site-packages/airflow/example_dags/example_branch_labels.py
[2022-10-09T07:17:55.693+0000] {processor.py:758} INFO - Processing file /home/airflow/.local/lib/python3.7/site-packages/airflow/example_dags/example_branch_labels.py for tasks to queue
[2022-10-09T07:17:55.694+0000] {logging_mixin.py:117} INFO - [2022-10-09T07:17:55.694+0000] {dagbag.py:525} INFO - Filling up the DagBag from /home/airflow/.local/lib/python3.7/site-packages/airflow/example_dags/example_branch_labels.py
[2022-10-09T07:17:55.704+0000] {processor.py:768} INFO - DAG(s) dict_keys(['example_branch_labels']) retrieved from /home/airflow/.local/lib/python3.7/site-packages/airflow/example_dags/example_branch_labels.py
[2022-10-09T07:17:55.731+0000] {logging_mixin.py:117} INFO - [2022-10-09T07:17:55.731+0000] {dag.py:2573} INFO - Sync 1 DAGs
[2022-10-09T07:17:55.747+0000] {logging_mixin.py:117} INFO - [2022-10-09T07:17:55.747+0000] {dag.py:3328} INFO - Setting next_dagrun for example_branch_labels to 2022-10-08T00:00:00+00:00, run_after=2022-10-09T00:00:00+00:00
[2022-10-09T07:17:55.759+0000] {processor.py:178} INFO - Processing /home/airflow/.local/lib/python3.7/site-packages/airflow/example_dags/example_branch_labels.py took 0.070 seconds
[2022-10-09T07:18:26.009+0000] {processor.py:156} INFO - Started process (PID=3352) to work on /home/airflow/.local/lib/python3.7/site-packages/airflow/example_dags/example_branch_labels.py
[2022-10-09T07:18:26.011+0000] {processor.py:758} INFO - Processing file /home/airflow/.local/lib/python3.7/site-packages/airflow/example_dags/example_branch_labels.py for tasks to queue
[2022-10-09T07:18:26.012+0000] {logging_mixin.py:117} INFO - [2022-10-09T07:18:26.012+0000] {dagbag.py:525} INFO - Filling up the DagBag from /home/airflow/.local/lib/python3.7/site-packages/airflow/example_dags/example_branch_labels.py
[2022-10-09T07:18:26.023+0000] {processor.py:768} INFO - DAG(s) dict_keys(['example_branch_labels']) retrieved from /home/airflow/.local/lib/python3.7/site-packages/airflow/example_dags/example_branch_labels.py
[2022-10-09T07:18:26.050+0000] {logging_mixin.py:117} INFO - [2022-10-09T07:18:26.049+0000] {dag.py:2573} INFO - Sync 1 DAGs
[2022-10-09T07:18:26.066+0000] {logging_mixin.py:117} INFO - [2022-10-09T07:18:26.066+0000] {dag.py:3328} INFO - Setting next_dagrun for example_branch_labels to 2022-10-08T00:00:00+00:00, run_after=2022-10-09T00:00:00+00:00
[2022-10-09T07:18:26.080+0000] {processor.py:178} INFO - Processing /home/airflow/.local/lib/python3.7/site-packages/airflow/example_dags/example_branch_labels.py took 0.072 seconds
[2022-10-09T07:18:57.221+0000] {processor.py:156} INFO - Started process (PID=3414) to work on /home/airflow/.local/lib/python3.7/site-packages/airflow/example_dags/example_branch_labels.py
[2022-10-09T07:18:57.223+0000] {processor.py:758} INFO - Processing file /home/airflow/.local/lib/python3.7/site-packages/airflow/example_dags/example_branch_labels.py for tasks to queue
[2022-10-09T07:18:57.224+0000] {logging_mixin.py:117} INFO - [2022-10-09T07:18:57.224+0000] {dagbag.py:525} INFO - Filling up the DagBag from /home/airflow/.local/lib/python3.7/site-packages/airflow/example_dags/example_branch_labels.py
[2022-10-09T07:18:57.234+0000] {processor.py:768} INFO - DAG(s) dict_keys(['example_branch_labels']) retrieved from /home/airflow/.local/lib/python3.7/site-packages/airflow/example_dags/example_branch_labels.py
[2022-10-09T07:18:57.261+0000] {logging_mixin.py:117} INFO - [2022-10-09T07:18:57.261+0000] {dag.py:2573} INFO - Sync 1 DAGs
[2022-10-09T07:18:57.278+0000] {logging_mixin.py:117} INFO - [2022-10-09T07:18:57.278+0000] {dag.py:3328} INFO - Setting next_dagrun for example_branch_labels to 2022-10-08T00:00:00+00:00, run_after=2022-10-09T00:00:00+00:00
[2022-10-09T07:18:57.288+0000] {processor.py:178} INFO - Processing /home/airflow/.local/lib/python3.7/site-packages/airflow/example_dags/example_branch_labels.py took 0.070 seconds
[2022-10-09T07:19:27.563+0000] {processor.py:156} INFO - Started process (PID=3468) to work on /home/airflow/.local/lib/python3.7/site-packages/airflow/example_dags/example_branch_labels.py
[2022-10-09T07:19:27.564+0000] {processor.py:758} INFO - Processing file /home/airflow/.local/lib/python3.7/site-packages/airflow/example_dags/example_branch_labels.py for tasks to queue
[2022-10-09T07:19:27.565+0000] {logging_mixin.py:117} INFO - [2022-10-09T07:19:27.565+0000] {dagbag.py:525} INFO - Filling up the DagBag from /home/airflow/.local/lib/python3.7/site-packages/airflow/example_dags/example_branch_labels.py
[2022-10-09T07:19:27.575+0000] {processor.py:768} INFO - DAG(s) dict_keys(['example_branch_labels']) retrieved from /home/airflow/.local/lib/python3.7/site-packages/airflow/example_dags/example_branch_labels.py
[2022-10-09T07:19:27.602+0000] {logging_mixin.py:117} INFO - [2022-10-09T07:19:27.602+0000] {dag.py:2573} INFO - Sync 1 DAGs
[2022-10-09T07:19:27.619+0000] {logging_mixin.py:117} INFO - [2022-10-09T07:19:27.618+0000] {dag.py:3328} INFO - Setting next_dagrun for example_branch_labels to 2022-10-08T00:00:00+00:00, run_after=2022-10-09T00:00:00+00:00
[2022-10-09T07:19:27.630+0000] {processor.py:178} INFO - Processing /home/airflow/.local/lib/python3.7/site-packages/airflow/example_dags/example_branch_labels.py took 0.069 seconds
[2022-10-09T07:19:57.883+0000] {processor.py:156} INFO - Started process (PID=3532) to work on /home/airflow/.local/lib/python3.7/site-packages/airflow/example_dags/example_branch_labels.py
[2022-10-09T07:19:57.884+0000] {processor.py:758} INFO - Processing file /home/airflow/.local/lib/python3.7/site-packages/airflow/example_dags/example_branch_labels.py for tasks to queue
[2022-10-09T07:19:57.885+0000] {logging_mixin.py:117} INFO - [2022-10-09T07:19:57.885+0000] {dagbag.py:525} INFO - Filling up the DagBag from /home/airflow/.local/lib/python3.7/site-packages/airflow/example_dags/example_branch_labels.py
[2022-10-09T07:19:57.896+0000] {processor.py:768} INFO - DAG(s) dict_keys(['example_branch_labels']) retrieved from /home/airflow/.local/lib/python3.7/site-packages/airflow/example_dags/example_branch_labels.py
[2022-10-09T07:19:57.960+0000] {logging_mixin.py:117} INFO - [2022-10-09T07:19:57.960+0000] {dag.py:2573} INFO - Sync 1 DAGs
[2022-10-09T07:19:57.976+0000] {logging_mixin.py:117} INFO - [2022-10-09T07:19:57.976+0000] {dag.py:3328} INFO - Setting next_dagrun for example_branch_labels to 2022-10-08T00:00:00+00:00, run_after=2022-10-09T00:00:00+00:00
[2022-10-09T07:19:57.988+0000] {processor.py:178} INFO - Processing /home/airflow/.local/lib/python3.7/site-packages/airflow/example_dags/example_branch_labels.py took 0.108 seconds
[2022-10-09T07:20:28.481+0000] {processor.py:156} INFO - Started process (PID=3595) to work on /home/airflow/.local/lib/python3.7/site-packages/airflow/example_dags/example_branch_labels.py
[2022-10-09T07:20:28.484+0000] {processor.py:758} INFO - Processing file /home/airflow/.local/lib/python3.7/site-packages/airflow/example_dags/example_branch_labels.py for tasks to queue
[2022-10-09T07:20:28.486+0000] {logging_mixin.py:117} INFO - [2022-10-09T07:20:28.486+0000] {dagbag.py:525} INFO - Filling up the DagBag from /home/airflow/.local/lib/python3.7/site-packages/airflow/example_dags/example_branch_labels.py
[2022-10-09T07:20:28.496+0000] {processor.py:768} INFO - DAG(s) dict_keys(['example_branch_labels']) retrieved from /home/airflow/.local/lib/python3.7/site-packages/airflow/example_dags/example_branch_labels.py
[2022-10-09T07:20:28.525+0000] {logging_mixin.py:117} INFO - [2022-10-09T07:20:28.525+0000] {dag.py:2573} INFO - Sync 1 DAGs
[2022-10-09T07:20:28.541+0000] {logging_mixin.py:117} INFO - [2022-10-09T07:20:28.541+0000] {dag.py:3328} INFO - Setting next_dagrun for example_branch_labels to 2022-10-08T00:00:00+00:00, run_after=2022-10-09T00:00:00+00:00
[2022-10-09T07:20:28.554+0000] {processor.py:178} INFO - Processing /home/airflow/.local/lib/python3.7/site-packages/airflow/example_dags/example_branch_labels.py took 0.076 seconds
[2022-10-09T07:20:59.182+0000] {processor.py:156} INFO - Started process (PID=3658) to work on /home/airflow/.local/lib/python3.7/site-packages/airflow/example_dags/example_branch_labels.py
[2022-10-09T07:20:59.183+0000] {processor.py:758} INFO - Processing file /home/airflow/.local/lib/python3.7/site-packages/airflow/example_dags/example_branch_labels.py for tasks to queue
[2022-10-09T07:20:59.184+0000] {logging_mixin.py:117} INFO - [2022-10-09T07:20:59.184+0000] {dagbag.py:525} INFO - Filling up the DagBag from /home/airflow/.local/lib/python3.7/site-packages/airflow/example_dags/example_branch_labels.py
[2022-10-09T07:20:59.196+0000] {processor.py:768} INFO - DAG(s) dict_keys(['example_branch_labels']) retrieved from /home/airflow/.local/lib/python3.7/site-packages/airflow/example_dags/example_branch_labels.py
[2022-10-09T07:20:59.222+0000] {logging_mixin.py:117} INFO - [2022-10-09T07:20:59.222+0000] {dag.py:2573} INFO - Sync 1 DAGs
[2022-10-09T07:20:59.240+0000] {logging_mixin.py:117} INFO - [2022-10-09T07:20:59.240+0000] {dag.py:3328} INFO - Setting next_dagrun for example_branch_labels to 2022-10-08T00:00:00+00:00, run_after=2022-10-09T00:00:00+00:00
[2022-10-09T07:20:59.254+0000] {processor.py:178} INFO - Processing /home/airflow/.local/lib/python3.7/site-packages/airflow/example_dags/example_branch_labels.py took 0.074 seconds
[2022-10-09T07:21:29.632+0000] {processor.py:156} INFO - Started process (PID=3721) to work on /home/airflow/.local/lib/python3.7/site-packages/airflow/example_dags/example_branch_labels.py
[2022-10-09T07:21:29.634+0000] {processor.py:758} INFO - Processing file /home/airflow/.local/lib/python3.7/site-packages/airflow/example_dags/example_branch_labels.py for tasks to queue
[2022-10-09T07:21:29.636+0000] {logging_mixin.py:117} INFO - [2022-10-09T07:21:29.636+0000] {dagbag.py:525} INFO - Filling up the DagBag from /home/airflow/.local/lib/python3.7/site-packages/airflow/example_dags/example_branch_labels.py
[2022-10-09T07:21:29.648+0000] {processor.py:768} INFO - DAG(s) dict_keys(['example_branch_labels']) retrieved from /home/airflow/.local/lib/python3.7/site-packages/airflow/example_dags/example_branch_labels.py
[2022-10-09T07:21:29.681+0000] {logging_mixin.py:117} INFO - [2022-10-09T07:21:29.681+0000] {dag.py:2573} INFO - Sync 1 DAGs
[2022-10-09T07:21:29.696+0000] {logging_mixin.py:117} INFO - [2022-10-09T07:21:29.696+0000] {dag.py:3328} INFO - Setting next_dagrun for example_branch_labels to 2022-10-08T00:00:00+00:00, run_after=2022-10-09T00:00:00+00:00
[2022-10-09T07:21:29.708+0000] {processor.py:178} INFO - Processing /home/airflow/.local/lib/python3.7/site-packages/airflow/example_dags/example_branch_labels.py took 0.079 seconds
[2022-10-09T07:21:59.903+0000] {processor.py:156} INFO - Started process (PID=3773) to work on /home/airflow/.local/lib/python3.7/site-packages/airflow/example_dags/example_branch_labels.py
[2022-10-09T07:21:59.904+0000] {processor.py:758} INFO - Processing file /home/airflow/.local/lib/python3.7/site-packages/airflow/example_dags/example_branch_labels.py for tasks to queue
[2022-10-09T07:21:59.905+0000] {logging_mixin.py:117} INFO - [2022-10-09T07:21:59.905+0000] {dagbag.py:525} INFO - Filling up the DagBag from /home/airflow/.local/lib/python3.7/site-packages/airflow/example_dags/example_branch_labels.py
[2022-10-09T07:21:59.914+0000] {processor.py:768} INFO - DAG(s) dict_keys(['example_branch_labels']) retrieved from /home/airflow/.local/lib/python3.7/site-packages/airflow/example_dags/example_branch_labels.py
[2022-10-09T07:21:59.941+0000] {logging_mixin.py:117} INFO - [2022-10-09T07:21:59.941+0000] {dag.py:2573} INFO - Sync 1 DAGs
[2022-10-09T07:21:59.957+0000] {logging_mixin.py:117} INFO - [2022-10-09T07:21:59.957+0000] {dag.py:3328} INFO - Setting next_dagrun for example_branch_labels to 2022-10-08T00:00:00+00:00, run_after=2022-10-09T00:00:00+00:00
[2022-10-09T07:21:59.968+0000] {processor.py:178} INFO - Processing /home/airflow/.local/lib/python3.7/site-packages/airflow/example_dags/example_branch_labels.py took 0.068 seconds
[2022-10-09T07:22:30.280+0000] {processor.py:156} INFO - Started process (PID=3836) to work on /home/airflow/.local/lib/python3.7/site-packages/airflow/example_dags/example_branch_labels.py
[2022-10-09T07:22:30.281+0000] {processor.py:758} INFO - Processing file /home/airflow/.local/lib/python3.7/site-packages/airflow/example_dags/example_branch_labels.py for tasks to queue
[2022-10-09T07:22:30.282+0000] {logging_mixin.py:117} INFO - [2022-10-09T07:22:30.282+0000] {dagbag.py:525} INFO - Filling up the DagBag from /home/airflow/.local/lib/python3.7/site-packages/airflow/example_dags/example_branch_labels.py
[2022-10-09T07:22:30.293+0000] {processor.py:768} INFO - DAG(s) dict_keys(['example_branch_labels']) retrieved from /home/airflow/.local/lib/python3.7/site-packages/airflow/example_dags/example_branch_labels.py
[2022-10-09T07:22:30.319+0000] {logging_mixin.py:117} INFO - [2022-10-09T07:22:30.319+0000] {dag.py:2573} INFO - Sync 1 DAGs
[2022-10-09T07:22:30.337+0000] {logging_mixin.py:117} INFO - [2022-10-09T07:22:30.337+0000] {dag.py:3328} INFO - Setting next_dagrun for example_branch_labels to 2022-10-08T00:00:00+00:00, run_after=2022-10-09T00:00:00+00:00
[2022-10-09T07:22:30.350+0000] {processor.py:178} INFO - Processing /home/airflow/.local/lib/python3.7/site-packages/airflow/example_dags/example_branch_labels.py took 0.073 seconds
[2022-10-09T07:23:00.570+0000] {processor.py:156} INFO - Started process (PID=3900) to work on /home/airflow/.local/lib/python3.7/site-packages/airflow/example_dags/example_branch_labels.py
[2022-10-09T07:23:00.572+0000] {processor.py:758} INFO - Processing file /home/airflow/.local/lib/python3.7/site-packages/airflow/example_dags/example_branch_labels.py for tasks to queue
[2022-10-09T07:23:00.572+0000] {logging_mixin.py:117} INFO - [2022-10-09T07:23:00.572+0000] {dagbag.py:525} INFO - Filling up the DagBag from /home/airflow/.local/lib/python3.7/site-packages/airflow/example_dags/example_branch_labels.py
[2022-10-09T07:23:00.583+0000] {processor.py:768} INFO - DAG(s) dict_keys(['example_branch_labels']) retrieved from /home/airflow/.local/lib/python3.7/site-packages/airflow/example_dags/example_branch_labels.py
[2022-10-09T07:23:00.613+0000] {logging_mixin.py:117} INFO - [2022-10-09T07:23:00.613+0000] {dag.py:2573} INFO - Sync 1 DAGs
[2022-10-09T07:23:00.632+0000] {logging_mixin.py:117} INFO - [2022-10-09T07:23:00.631+0000] {dag.py:3328} INFO - Setting next_dagrun for example_branch_labels to 2022-10-08T00:00:00+00:00, run_after=2022-10-09T00:00:00+00:00
[2022-10-09T07:23:00.644+0000] {processor.py:178} INFO - Processing /home/airflow/.local/lib/python3.7/site-packages/airflow/example_dags/example_branch_labels.py took 0.077 seconds
[2022-10-09T07:23:30.942+0000] {processor.py:156} INFO - Started process (PID=3963) to work on /home/airflow/.local/lib/python3.7/site-packages/airflow/example_dags/example_branch_labels.py
[2022-10-09T07:23:30.944+0000] {processor.py:758} INFO - Processing file /home/airflow/.local/lib/python3.7/site-packages/airflow/example_dags/example_branch_labels.py for tasks to queue
[2022-10-09T07:23:30.946+0000] {logging_mixin.py:117} INFO - [2022-10-09T07:23:30.945+0000] {dagbag.py:525} INFO - Filling up the DagBag from /home/airflow/.local/lib/python3.7/site-packages/airflow/example_dags/example_branch_labels.py
[2022-10-09T07:23:30.956+0000] {processor.py:768} INFO - DAG(s) dict_keys(['example_branch_labels']) retrieved from /home/airflow/.local/lib/python3.7/site-packages/airflow/example_dags/example_branch_labels.py
[2022-10-09T07:23:30.983+0000] {logging_mixin.py:117} INFO - [2022-10-09T07:23:30.983+0000] {dag.py:2573} INFO - Sync 1 DAGs
[2022-10-09T07:23:31.000+0000] {logging_mixin.py:117} INFO - [2022-10-09T07:23:30.999+0000] {dag.py:3328} INFO - Setting next_dagrun for example_branch_labels to 2022-10-08T00:00:00+00:00, run_after=2022-10-09T00:00:00+00:00
[2022-10-09T07:23:31.012+0000] {processor.py:178} INFO - Processing /home/airflow/.local/lib/python3.7/site-packages/airflow/example_dags/example_branch_labels.py took 0.073 seconds
[2022-10-09T07:24:01.176+0000] {processor.py:156} INFO - Started process (PID=4026) to work on /home/airflow/.local/lib/python3.7/site-packages/airflow/example_dags/example_branch_labels.py
[2022-10-09T07:24:01.179+0000] {processor.py:758} INFO - Processing file /home/airflow/.local/lib/python3.7/site-packages/airflow/example_dags/example_branch_labels.py for tasks to queue
[2022-10-09T07:24:01.180+0000] {logging_mixin.py:117} INFO - [2022-10-09T07:24:01.180+0000] {dagbag.py:525} INFO - Filling up the DagBag from /home/airflow/.local/lib/python3.7/site-packages/airflow/example_dags/example_branch_labels.py
[2022-10-09T07:24:01.189+0000] {processor.py:768} INFO - DAG(s) dict_keys(['example_branch_labels']) retrieved from /home/airflow/.local/lib/python3.7/site-packages/airflow/example_dags/example_branch_labels.py
[2022-10-09T07:24:01.219+0000] {logging_mixin.py:117} INFO - [2022-10-09T07:24:01.218+0000] {dag.py:2573} INFO - Sync 1 DAGs
[2022-10-09T07:24:01.235+0000] {logging_mixin.py:117} INFO - [2022-10-09T07:24:01.235+0000] {dag.py:3328} INFO - Setting next_dagrun for example_branch_labels to 2022-10-08T00:00:00+00:00, run_after=2022-10-09T00:00:00+00:00
[2022-10-09T07:24:01.246+0000] {processor.py:178} INFO - Processing /home/airflow/.local/lib/python3.7/site-packages/airflow/example_dags/example_branch_labels.py took 0.073 seconds
[2022-10-09T07:24:31.816+0000] {processor.py:156} INFO - Started process (PID=4083) to work on /home/airflow/.local/lib/python3.7/site-packages/airflow/example_dags/example_branch_labels.py
[2022-10-09T07:24:31.817+0000] {processor.py:758} INFO - Processing file /home/airflow/.local/lib/python3.7/site-packages/airflow/example_dags/example_branch_labels.py for tasks to queue
[2022-10-09T07:24:31.818+0000] {logging_mixin.py:117} INFO - [2022-10-09T07:24:31.818+0000] {dagbag.py:525} INFO - Filling up the DagBag from /home/airflow/.local/lib/python3.7/site-packages/airflow/example_dags/example_branch_labels.py
[2022-10-09T07:24:31.830+0000] {processor.py:768} INFO - DAG(s) dict_keys(['example_branch_labels']) retrieved from /home/airflow/.local/lib/python3.7/site-packages/airflow/example_dags/example_branch_labels.py
[2022-10-09T07:24:31.855+0000] {logging_mixin.py:117} INFO - [2022-10-09T07:24:31.855+0000] {dag.py:2573} INFO - Sync 1 DAGs
[2022-10-09T07:24:31.871+0000] {logging_mixin.py:117} INFO - [2022-10-09T07:24:31.871+0000] {dag.py:3328} INFO - Setting next_dagrun for example_branch_labels to 2022-10-08T00:00:00+00:00, run_after=2022-10-09T00:00:00+00:00
[2022-10-09T07:24:31.883+0000] {processor.py:178} INFO - Processing /home/airflow/.local/lib/python3.7/site-packages/airflow/example_dags/example_branch_labels.py took 0.069 seconds
