[2022-10-09T06:40:39.457+0000] {processor.py:156} INFO - Started process (PID=48) to work on /home/airflow/.local/lib/python3.7/site-packages/airflow/example_dags/example_xcom.py
[2022-10-09T06:40:39.463+0000] {processor.py:758} INFO - Processing file /home/airflow/.local/lib/python3.7/site-packages/airflow/example_dags/example_xcom.py for tasks to queue
[2022-10-09T06:40:39.465+0000] {logging_mixin.py:117} INFO - [2022-10-09T06:40:39.465+0000] {dagbag.py:525} INFO - Filling up the DagBag from /home/airflow/.local/lib/python3.7/site-packages/airflow/example_dags/example_xcom.py
[2022-10-09T06:40:39.500+0000] {processor.py:768} INFO - DAG(s) dict_keys(['example_xcom']) retrieved from /home/airflow/.local/lib/python3.7/site-packages/airflow/example_dags/example_xcom.py
[2022-10-09T06:40:39.531+0000] {logging_mixin.py:117} INFO - [2022-10-09T06:40:39.531+0000] {dag.py:2573} INFO - Sync 1 DAGs
[2022-10-09T06:40:39.566+0000] {logging_mixin.py:117} INFO - [2022-10-09T06:40:39.565+0000] {dag.py:3328} INFO - Setting next_dagrun for example_xcom to 2021-01-01T00:00:00+00:00, run_after=2021-01-01T00:00:00+00:00
[2022-10-09T06:40:39.596+0000] {processor.py:178} INFO - Processing /home/airflow/.local/lib/python3.7/site-packages/airflow/example_dags/example_xcom.py took 0.142 seconds
[2022-10-09T06:41:10.150+0000] {processor.py:156} INFO - Started process (PID=111) to work on /home/airflow/.local/lib/python3.7/site-packages/airflow/example_dags/example_xcom.py
[2022-10-09T06:41:10.152+0000] {processor.py:758} INFO - Processing file /home/airflow/.local/lib/python3.7/site-packages/airflow/example_dags/example_xcom.py for tasks to queue
[2022-10-09T06:41:10.153+0000] {logging_mixin.py:117} INFO - [2022-10-09T06:41:10.153+0000] {dagbag.py:525} INFO - Filling up the DagBag from /home/airflow/.local/lib/python3.7/site-packages/airflow/example_dags/example_xcom.py
[2022-10-09T06:41:10.173+0000] {processor.py:768} INFO - DAG(s) dict_keys(['example_xcom']) retrieved from /home/airflow/.local/lib/python3.7/site-packages/airflow/example_dags/example_xcom.py
[2022-10-09T06:41:10.206+0000] {logging_mixin.py:117} INFO - [2022-10-09T06:41:10.206+0000] {dag.py:2573} INFO - Sync 1 DAGs
[2022-10-09T06:41:10.245+0000] {logging_mixin.py:117} INFO - [2022-10-09T06:41:10.245+0000] {dag.py:3328} INFO - Setting next_dagrun for example_xcom to 2021-01-01T00:00:00+00:00, run_after=2021-01-01T00:00:00+00:00
[2022-10-09T06:41:10.285+0000] {processor.py:178} INFO - Processing /home/airflow/.local/lib/python3.7/site-packages/airflow/example_dags/example_xcom.py took 0.138 seconds
[2022-10-09T06:41:40.689+0000] {processor.py:156} INFO - Started process (PID=175) to work on /home/airflow/.local/lib/python3.7/site-packages/airflow/example_dags/example_xcom.py
[2022-10-09T06:41:40.690+0000] {processor.py:758} INFO - Processing file /home/airflow/.local/lib/python3.7/site-packages/airflow/example_dags/example_xcom.py for tasks to queue
[2022-10-09T06:41:40.691+0000] {logging_mixin.py:117} INFO - [2022-10-09T06:41:40.691+0000] {dagbag.py:525} INFO - Filling up the DagBag from /home/airflow/.local/lib/python3.7/site-packages/airflow/example_dags/example_xcom.py
[2022-10-09T06:41:40.707+0000] {processor.py:768} INFO - DAG(s) dict_keys(['example_xcom']) retrieved from /home/airflow/.local/lib/python3.7/site-packages/airflow/example_dags/example_xcom.py
[2022-10-09T06:41:40.735+0000] {logging_mixin.py:117} INFO - [2022-10-09T06:41:40.735+0000] {dag.py:2573} INFO - Sync 1 DAGs
[2022-10-09T06:41:40.750+0000] {logging_mixin.py:117} INFO - [2022-10-09T06:41:40.750+0000] {dag.py:3328} INFO - Setting next_dagrun for example_xcom to 2021-01-01T00:00:00+00:00, run_after=2021-01-01T00:00:00+00:00
[2022-10-09T06:41:40.763+0000] {processor.py:178} INFO - Processing /home/airflow/.local/lib/python3.7/site-packages/airflow/example_dags/example_xcom.py took 0.077 seconds
[2022-10-09T06:42:11.359+0000] {processor.py:156} INFO - Started process (PID=238) to work on /home/airflow/.local/lib/python3.7/site-packages/airflow/example_dags/example_xcom.py
[2022-10-09T06:42:11.361+0000] {processor.py:758} INFO - Processing file /home/airflow/.local/lib/python3.7/site-packages/airflow/example_dags/example_xcom.py for tasks to queue
[2022-10-09T06:42:11.362+0000] {logging_mixin.py:117} INFO - [2022-10-09T06:42:11.362+0000] {dagbag.py:525} INFO - Filling up the DagBag from /home/airflow/.local/lib/python3.7/site-packages/airflow/example_dags/example_xcom.py
[2022-10-09T06:42:11.377+0000] {processor.py:768} INFO - DAG(s) dict_keys(['example_xcom']) retrieved from /home/airflow/.local/lib/python3.7/site-packages/airflow/example_dags/example_xcom.py
[2022-10-09T06:42:11.403+0000] {logging_mixin.py:117} INFO - [2022-10-09T06:42:11.403+0000] {dag.py:2573} INFO - Sync 1 DAGs
[2022-10-09T06:42:11.422+0000] {logging_mixin.py:117} INFO - [2022-10-09T06:42:11.422+0000] {dag.py:3328} INFO - Setting next_dagrun for example_xcom to 2021-01-01T00:00:00+00:00, run_after=2021-01-01T00:00:00+00:00
[2022-10-09T06:42:11.436+0000] {processor.py:178} INFO - Processing /home/airflow/.local/lib/python3.7/site-packages/airflow/example_dags/example_xcom.py took 0.079 seconds
[2022-10-09T06:42:41.791+0000] {processor.py:156} INFO - Started process (PID=292) to work on /home/airflow/.local/lib/python3.7/site-packages/airflow/example_dags/example_xcom.py
[2022-10-09T06:42:41.793+0000] {processor.py:758} INFO - Processing file /home/airflow/.local/lib/python3.7/site-packages/airflow/example_dags/example_xcom.py for tasks to queue
[2022-10-09T06:42:41.795+0000] {logging_mixin.py:117} INFO - [2022-10-09T06:42:41.795+0000] {dagbag.py:525} INFO - Filling up the DagBag from /home/airflow/.local/lib/python3.7/site-packages/airflow/example_dags/example_xcom.py
[2022-10-09T06:42:41.815+0000] {processor.py:768} INFO - DAG(s) dict_keys(['example_xcom']) retrieved from /home/airflow/.local/lib/python3.7/site-packages/airflow/example_dags/example_xcom.py
[2022-10-09T06:42:41.852+0000] {logging_mixin.py:117} INFO - [2022-10-09T06:42:41.852+0000] {dag.py:2573} INFO - Sync 1 DAGs
[2022-10-09T06:42:41.869+0000] {logging_mixin.py:117} INFO - [2022-10-09T06:42:41.869+0000] {dag.py:3328} INFO - Setting next_dagrun for example_xcom to 2021-01-01T00:00:00+00:00, run_after=2021-01-01T00:00:00+00:00
[2022-10-09T06:42:41.881+0000] {processor.py:178} INFO - Processing /home/airflow/.local/lib/python3.7/site-packages/airflow/example_dags/example_xcom.py took 0.094 seconds
[2022-10-09T06:43:12.104+0000] {processor.py:156} INFO - Started process (PID=355) to work on /home/airflow/.local/lib/python3.7/site-packages/airflow/example_dags/example_xcom.py
[2022-10-09T06:43:12.106+0000] {processor.py:758} INFO - Processing file /home/airflow/.local/lib/python3.7/site-packages/airflow/example_dags/example_xcom.py for tasks to queue
[2022-10-09T06:43:12.107+0000] {logging_mixin.py:117} INFO - [2022-10-09T06:43:12.107+0000] {dagbag.py:525} INFO - Filling up the DagBag from /home/airflow/.local/lib/python3.7/site-packages/airflow/example_dags/example_xcom.py
[2022-10-09T06:43:12.121+0000] {processor.py:768} INFO - DAG(s) dict_keys(['example_xcom']) retrieved from /home/airflow/.local/lib/python3.7/site-packages/airflow/example_dags/example_xcom.py
[2022-10-09T06:43:12.146+0000] {logging_mixin.py:117} INFO - [2022-10-09T06:43:12.146+0000] {dag.py:2573} INFO - Sync 1 DAGs
[2022-10-09T06:43:12.159+0000] {logging_mixin.py:117} INFO - [2022-10-09T06:43:12.159+0000] {dag.py:3328} INFO - Setting next_dagrun for example_xcom to 2021-01-01T00:00:00+00:00, run_after=2021-01-01T00:00:00+00:00
[2022-10-09T06:43:12.170+0000] {processor.py:178} INFO - Processing /home/airflow/.local/lib/python3.7/site-packages/airflow/example_dags/example_xcom.py took 0.067 seconds
[2022-10-09T06:43:42.400+0000] {processor.py:156} INFO - Started process (PID=418) to work on /home/airflow/.local/lib/python3.7/site-packages/airflow/example_dags/example_xcom.py
[2022-10-09T06:43:42.402+0000] {processor.py:758} INFO - Processing file /home/airflow/.local/lib/python3.7/site-packages/airflow/example_dags/example_xcom.py for tasks to queue
[2022-10-09T06:43:42.403+0000] {logging_mixin.py:117} INFO - [2022-10-09T06:43:42.403+0000] {dagbag.py:525} INFO - Filling up the DagBag from /home/airflow/.local/lib/python3.7/site-packages/airflow/example_dags/example_xcom.py
[2022-10-09T06:43:42.421+0000] {processor.py:768} INFO - DAG(s) dict_keys(['example_xcom']) retrieved from /home/airflow/.local/lib/python3.7/site-packages/airflow/example_dags/example_xcom.py
[2022-10-09T06:43:42.449+0000] {logging_mixin.py:117} INFO - [2022-10-09T06:43:42.449+0000] {dag.py:2573} INFO - Sync 1 DAGs
[2022-10-09T06:43:42.465+0000] {logging_mixin.py:117} INFO - [2022-10-09T06:43:42.465+0000] {dag.py:3328} INFO - Setting next_dagrun for example_xcom to 2021-01-01T00:00:00+00:00, run_after=2021-01-01T00:00:00+00:00
[2022-10-09T06:43:42.477+0000] {processor.py:178} INFO - Processing /home/airflow/.local/lib/python3.7/site-packages/airflow/example_dags/example_xcom.py took 0.079 seconds
[2022-10-09T06:44:12.758+0000] {processor.py:156} INFO - Started process (PID=481) to work on /home/airflow/.local/lib/python3.7/site-packages/airflow/example_dags/example_xcom.py
[2022-10-09T06:44:12.759+0000] {processor.py:758} INFO - Processing file /home/airflow/.local/lib/python3.7/site-packages/airflow/example_dags/example_xcom.py for tasks to queue
[2022-10-09T06:44:12.761+0000] {logging_mixin.py:117} INFO - [2022-10-09T06:44:12.761+0000] {dagbag.py:525} INFO - Filling up the DagBag from /home/airflow/.local/lib/python3.7/site-packages/airflow/example_dags/example_xcom.py
[2022-10-09T06:44:12.780+0000] {processor.py:768} INFO - DAG(s) dict_keys(['example_xcom']) retrieved from /home/airflow/.local/lib/python3.7/site-packages/airflow/example_dags/example_xcom.py
[2022-10-09T06:44:12.805+0000] {logging_mixin.py:117} INFO - [2022-10-09T06:44:12.805+0000] {dag.py:2573} INFO - Sync 1 DAGs
[2022-10-09T06:44:12.820+0000] {logging_mixin.py:117} INFO - [2022-10-09T06:44:12.820+0000] {dag.py:3328} INFO - Setting next_dagrun for example_xcom to 2021-01-01T00:00:00+00:00, run_after=2021-01-01T00:00:00+00:00
[2022-10-09T06:44:12.832+0000] {processor.py:178} INFO - Processing /home/airflow/.local/lib/python3.7/site-packages/airflow/example_dags/example_xcom.py took 0.077 seconds
[2022-10-09T06:44:43.118+0000] {processor.py:156} INFO - Started process (PID=544) to work on /home/airflow/.local/lib/python3.7/site-packages/airflow/example_dags/example_xcom.py
[2022-10-09T06:44:43.119+0000] {processor.py:758} INFO - Processing file /home/airflow/.local/lib/python3.7/site-packages/airflow/example_dags/example_xcom.py for tasks to queue
[2022-10-09T06:44:43.120+0000] {logging_mixin.py:117} INFO - [2022-10-09T06:44:43.120+0000] {dagbag.py:525} INFO - Filling up the DagBag from /home/airflow/.local/lib/python3.7/site-packages/airflow/example_dags/example_xcom.py
[2022-10-09T06:44:43.134+0000] {processor.py:768} INFO - DAG(s) dict_keys(['example_xcom']) retrieved from /home/airflow/.local/lib/python3.7/site-packages/airflow/example_dags/example_xcom.py
[2022-10-09T06:44:43.161+0000] {logging_mixin.py:117} INFO - [2022-10-09T06:44:43.161+0000] {dag.py:2573} INFO - Sync 1 DAGs
[2022-10-09T06:44:43.176+0000] {logging_mixin.py:117} INFO - [2022-10-09T06:44:43.176+0000] {dag.py:3328} INFO - Setting next_dagrun for example_xcom to 2021-01-01T00:00:00+00:00, run_after=2021-01-01T00:00:00+00:00
[2022-10-09T06:44:43.189+0000] {processor.py:178} INFO - Processing /home/airflow/.local/lib/python3.7/site-packages/airflow/example_dags/example_xcom.py took 0.074 seconds
[2022-10-09T06:45:13.301+0000] {processor.py:156} INFO - Started process (PID=598) to work on /home/airflow/.local/lib/python3.7/site-packages/airflow/example_dags/example_xcom.py
[2022-10-09T06:45:13.303+0000] {processor.py:758} INFO - Processing file /home/airflow/.local/lib/python3.7/site-packages/airflow/example_dags/example_xcom.py for tasks to queue
[2022-10-09T06:45:13.304+0000] {logging_mixin.py:117} INFO - [2022-10-09T06:45:13.304+0000] {dagbag.py:525} INFO - Filling up the DagBag from /home/airflow/.local/lib/python3.7/site-packages/airflow/example_dags/example_xcom.py
[2022-10-09T06:45:13.320+0000] {processor.py:768} INFO - DAG(s) dict_keys(['example_xcom']) retrieved from /home/airflow/.local/lib/python3.7/site-packages/airflow/example_dags/example_xcom.py
[2022-10-09T06:45:13.346+0000] {logging_mixin.py:117} INFO - [2022-10-09T06:45:13.346+0000] {dag.py:2573} INFO - Sync 1 DAGs
[2022-10-09T06:45:13.361+0000] {logging_mixin.py:117} INFO - [2022-10-09T06:45:13.360+0000] {dag.py:3328} INFO - Setting next_dagrun for example_xcom to 2021-01-01T00:00:00+00:00, run_after=2021-01-01T00:00:00+00:00
[2022-10-09T06:45:13.373+0000] {processor.py:178} INFO - Processing /home/airflow/.local/lib/python3.7/site-packages/airflow/example_dags/example_xcom.py took 0.074 seconds
[2022-10-09T06:45:43.596+0000] {processor.py:156} INFO - Started process (PID=660) to work on /home/airflow/.local/lib/python3.7/site-packages/airflow/example_dags/example_xcom.py
[2022-10-09T06:45:43.598+0000] {processor.py:758} INFO - Processing file /home/airflow/.local/lib/python3.7/site-packages/airflow/example_dags/example_xcom.py for tasks to queue
[2022-10-09T06:45:43.599+0000] {logging_mixin.py:117} INFO - [2022-10-09T06:45:43.599+0000] {dagbag.py:525} INFO - Filling up the DagBag from /home/airflow/.local/lib/python3.7/site-packages/airflow/example_dags/example_xcom.py
[2022-10-09T06:45:43.613+0000] {processor.py:768} INFO - DAG(s) dict_keys(['example_xcom']) retrieved from /home/airflow/.local/lib/python3.7/site-packages/airflow/example_dags/example_xcom.py
[2022-10-09T06:45:43.638+0000] {logging_mixin.py:117} INFO - [2022-10-09T06:45:43.638+0000] {dag.py:2573} INFO - Sync 1 DAGs
[2022-10-09T06:45:43.653+0000] {logging_mixin.py:117} INFO - [2022-10-09T06:45:43.653+0000] {dag.py:3328} INFO - Setting next_dagrun for example_xcom to 2021-01-01T00:00:00+00:00, run_after=2021-01-01T00:00:00+00:00
[2022-10-09T06:45:43.664+0000] {processor.py:178} INFO - Processing /home/airflow/.local/lib/python3.7/site-packages/airflow/example_dags/example_xcom.py took 0.070 seconds
[2022-10-09T06:46:13.780+0000] {processor.py:156} INFO - Started process (PID=724) to work on /home/airflow/.local/lib/python3.7/site-packages/airflow/example_dags/example_xcom.py
[2022-10-09T06:46:13.782+0000] {processor.py:758} INFO - Processing file /home/airflow/.local/lib/python3.7/site-packages/airflow/example_dags/example_xcom.py for tasks to queue
[2022-10-09T06:46:13.783+0000] {logging_mixin.py:117} INFO - [2022-10-09T06:46:13.783+0000] {dagbag.py:525} INFO - Filling up the DagBag from /home/airflow/.local/lib/python3.7/site-packages/airflow/example_dags/example_xcom.py
[2022-10-09T06:46:13.799+0000] {processor.py:768} INFO - DAG(s) dict_keys(['example_xcom']) retrieved from /home/airflow/.local/lib/python3.7/site-packages/airflow/example_dags/example_xcom.py
[2022-10-09T06:46:13.834+0000] {logging_mixin.py:117} INFO - [2022-10-09T06:46:13.834+0000] {dag.py:2573} INFO - Sync 1 DAGs
[2022-10-09T06:46:13.852+0000] {logging_mixin.py:117} INFO - [2022-10-09T06:46:13.852+0000] {dag.py:3328} INFO - Setting next_dagrun for example_xcom to 2021-01-01T00:00:00+00:00, run_after=2021-01-01T00:00:00+00:00
[2022-10-09T06:46:13.865+0000] {processor.py:178} INFO - Processing /home/airflow/.local/lib/python3.7/site-packages/airflow/example_dags/example_xcom.py took 0.087 seconds
[2022-10-09T06:46:44.155+0000] {processor.py:156} INFO - Started process (PID=788) to work on /home/airflow/.local/lib/python3.7/site-packages/airflow/example_dags/example_xcom.py
[2022-10-09T06:46:44.157+0000] {processor.py:758} INFO - Processing file /home/airflow/.local/lib/python3.7/site-packages/airflow/example_dags/example_xcom.py for tasks to queue
[2022-10-09T06:46:44.161+0000] {logging_mixin.py:117} INFO - [2022-10-09T06:46:44.161+0000] {dagbag.py:525} INFO - Filling up the DagBag from /home/airflow/.local/lib/python3.7/site-packages/airflow/example_dags/example_xcom.py
[2022-10-09T06:46:44.176+0000] {processor.py:768} INFO - DAG(s) dict_keys(['example_xcom']) retrieved from /home/airflow/.local/lib/python3.7/site-packages/airflow/example_dags/example_xcom.py
[2022-10-09T06:46:44.204+0000] {logging_mixin.py:117} INFO - [2022-10-09T06:46:44.204+0000] {dag.py:2573} INFO - Sync 1 DAGs
[2022-10-09T06:46:44.220+0000] {logging_mixin.py:117} INFO - [2022-10-09T06:46:44.220+0000] {dag.py:3328} INFO - Setting next_dagrun for example_xcom to 2021-01-01T00:00:00+00:00, run_after=2021-01-01T00:00:00+00:00
[2022-10-09T06:46:44.231+0000] {processor.py:178} INFO - Processing /home/airflow/.local/lib/python3.7/site-packages/airflow/example_dags/example_xcom.py took 0.078 seconds
[2022-10-09T06:47:14.306+0000] {processor.py:156} INFO - Started process (PID=850) to work on /home/airflow/.local/lib/python3.7/site-packages/airflow/example_dags/example_xcom.py
[2022-10-09T06:47:14.308+0000] {processor.py:758} INFO - Processing file /home/airflow/.local/lib/python3.7/site-packages/airflow/example_dags/example_xcom.py for tasks to queue
[2022-10-09T06:47:14.309+0000] {logging_mixin.py:117} INFO - [2022-10-09T06:47:14.309+0000] {dagbag.py:525} INFO - Filling up the DagBag from /home/airflow/.local/lib/python3.7/site-packages/airflow/example_dags/example_xcom.py
[2022-10-09T06:47:14.325+0000] {processor.py:768} INFO - DAG(s) dict_keys(['example_xcom']) retrieved from /home/airflow/.local/lib/python3.7/site-packages/airflow/example_dags/example_xcom.py
[2022-10-09T06:47:14.353+0000] {logging_mixin.py:117} INFO - [2022-10-09T06:47:14.353+0000] {dag.py:2573} INFO - Sync 1 DAGs
[2022-10-09T06:47:14.368+0000] {logging_mixin.py:117} INFO - [2022-10-09T06:47:14.368+0000] {dag.py:3328} INFO - Setting next_dagrun for example_xcom to 2021-01-01T00:00:00+00:00, run_after=2021-01-01T00:00:00+00:00
[2022-10-09T06:47:14.382+0000] {processor.py:178} INFO - Processing /home/airflow/.local/lib/python3.7/site-packages/airflow/example_dags/example_xcom.py took 0.079 seconds
[2022-10-09T06:47:44.546+0000] {processor.py:156} INFO - Started process (PID=903) to work on /home/airflow/.local/lib/python3.7/site-packages/airflow/example_dags/example_xcom.py
[2022-10-09T06:47:44.547+0000] {processor.py:758} INFO - Processing file /home/airflow/.local/lib/python3.7/site-packages/airflow/example_dags/example_xcom.py for tasks to queue
[2022-10-09T06:47:44.548+0000] {logging_mixin.py:117} INFO - [2022-10-09T06:47:44.548+0000] {dagbag.py:525} INFO - Filling up the DagBag from /home/airflow/.local/lib/python3.7/site-packages/airflow/example_dags/example_xcom.py
[2022-10-09T06:47:44.565+0000] {processor.py:768} INFO - DAG(s) dict_keys(['example_xcom']) retrieved from /home/airflow/.local/lib/python3.7/site-packages/airflow/example_dags/example_xcom.py
[2022-10-09T06:47:44.591+0000] {logging_mixin.py:117} INFO - [2022-10-09T06:47:44.591+0000] {dag.py:2573} INFO - Sync 1 DAGs
[2022-10-09T06:47:44.605+0000] {logging_mixin.py:117} INFO - [2022-10-09T06:47:44.605+0000] {dag.py:3328} INFO - Setting next_dagrun for example_xcom to 2021-01-01T00:00:00+00:00, run_after=2021-01-01T00:00:00+00:00
[2022-10-09T06:47:44.619+0000] {processor.py:178} INFO - Processing /home/airflow/.local/lib/python3.7/site-packages/airflow/example_dags/example_xcom.py took 0.075 seconds
[2022-10-09T06:48:14.876+0000] {processor.py:156} INFO - Started process (PID=965) to work on /home/airflow/.local/lib/python3.7/site-packages/airflow/example_dags/example_xcom.py
[2022-10-09T06:48:14.877+0000] {processor.py:758} INFO - Processing file /home/airflow/.local/lib/python3.7/site-packages/airflow/example_dags/example_xcom.py for tasks to queue
[2022-10-09T06:48:14.878+0000] {logging_mixin.py:117} INFO - [2022-10-09T06:48:14.878+0000] {dagbag.py:525} INFO - Filling up the DagBag from /home/airflow/.local/lib/python3.7/site-packages/airflow/example_dags/example_xcom.py
[2022-10-09T06:48:14.893+0000] {processor.py:768} INFO - DAG(s) dict_keys(['example_xcom']) retrieved from /home/airflow/.local/lib/python3.7/site-packages/airflow/example_dags/example_xcom.py
[2022-10-09T06:48:14.921+0000] {logging_mixin.py:117} INFO - [2022-10-09T06:48:14.921+0000] {dag.py:2573} INFO - Sync 1 DAGs
[2022-10-09T06:48:14.936+0000] {logging_mixin.py:117} INFO - [2022-10-09T06:48:14.936+0000] {dag.py:3328} INFO - Setting next_dagrun for example_xcom to 2021-01-01T00:00:00+00:00, run_after=2021-01-01T00:00:00+00:00
[2022-10-09T06:48:14.948+0000] {processor.py:178} INFO - Processing /home/airflow/.local/lib/python3.7/site-packages/airflow/example_dags/example_xcom.py took 0.074 seconds
[2022-10-09T06:59:09.698+0000] {processor.py:156} INFO - Started process (PID=1019) to work on /home/airflow/.local/lib/python3.7/site-packages/airflow/example_dags/example_xcom.py
[2022-10-09T06:59:09.700+0000] {processor.py:758} INFO - Processing file /home/airflow/.local/lib/python3.7/site-packages/airflow/example_dags/example_xcom.py for tasks to queue
[2022-10-09T06:59:09.702+0000] {logging_mixin.py:117} INFO - [2022-10-09T06:59:09.702+0000] {dagbag.py:525} INFO - Filling up the DagBag from /home/airflow/.local/lib/python3.7/site-packages/airflow/example_dags/example_xcom.py
[2022-10-09T06:59:09.722+0000] {processor.py:768} INFO - DAG(s) dict_keys(['example_xcom']) retrieved from /home/airflow/.local/lib/python3.7/site-packages/airflow/example_dags/example_xcom.py
[2022-10-09T06:59:09.766+0000] {logging_mixin.py:117} INFO - [2022-10-09T06:59:09.766+0000] {dag.py:2573} INFO - Sync 1 DAGs
[2022-10-09T06:59:09.796+0000] {logging_mixin.py:117} INFO - [2022-10-09T06:59:09.795+0000] {dag.py:3328} INFO - Setting next_dagrun for example_xcom to 2021-01-01T00:00:00+00:00, run_after=2021-01-01T00:00:00+00:00
[2022-10-09T06:59:09.831+0000] {processor.py:178} INFO - Processing /home/airflow/.local/lib/python3.7/site-packages/airflow/example_dags/example_xcom.py took 0.135 seconds
[2022-10-09T06:59:40.691+0000] {processor.py:156} INFO - Started process (PID=1083) to work on /home/airflow/.local/lib/python3.7/site-packages/airflow/example_dags/example_xcom.py
[2022-10-09T06:59:40.692+0000] {processor.py:758} INFO - Processing file /home/airflow/.local/lib/python3.7/site-packages/airflow/example_dags/example_xcom.py for tasks to queue
[2022-10-09T06:59:40.693+0000] {logging_mixin.py:117} INFO - [2022-10-09T06:59:40.693+0000] {dagbag.py:525} INFO - Filling up the DagBag from /home/airflow/.local/lib/python3.7/site-packages/airflow/example_dags/example_xcom.py
[2022-10-09T06:59:40.707+0000] {processor.py:768} INFO - DAG(s) dict_keys(['example_xcom']) retrieved from /home/airflow/.local/lib/python3.7/site-packages/airflow/example_dags/example_xcom.py
[2022-10-09T06:59:40.734+0000] {logging_mixin.py:117} INFO - [2022-10-09T06:59:40.734+0000] {dag.py:2573} INFO - Sync 1 DAGs
[2022-10-09T06:59:40.752+0000] {logging_mixin.py:117} INFO - [2022-10-09T06:59:40.752+0000] {dag.py:3328} INFO - Setting next_dagrun for example_xcom to 2021-01-01T00:00:00+00:00, run_after=2021-01-01T00:00:00+00:00
[2022-10-09T06:59:40.766+0000] {processor.py:178} INFO - Processing /home/airflow/.local/lib/python3.7/site-packages/airflow/example_dags/example_xcom.py took 0.077 seconds
[2022-10-09T07:00:11.164+0000] {processor.py:156} INFO - Started process (PID=1146) to work on /home/airflow/.local/lib/python3.7/site-packages/airflow/example_dags/example_xcom.py
[2022-10-09T07:00:11.169+0000] {processor.py:758} INFO - Processing file /home/airflow/.local/lib/python3.7/site-packages/airflow/example_dags/example_xcom.py for tasks to queue
[2022-10-09T07:00:11.170+0000] {logging_mixin.py:117} INFO - [2022-10-09T07:00:11.170+0000] {dagbag.py:525} INFO - Filling up the DagBag from /home/airflow/.local/lib/python3.7/site-packages/airflow/example_dags/example_xcom.py
[2022-10-09T07:00:11.204+0000] {processor.py:768} INFO - DAG(s) dict_keys(['example_xcom']) retrieved from /home/airflow/.local/lib/python3.7/site-packages/airflow/example_dags/example_xcom.py
[2022-10-09T07:00:11.264+0000] {logging_mixin.py:117} INFO - [2022-10-09T07:00:11.263+0000] {dag.py:2573} INFO - Sync 1 DAGs
[2022-10-09T07:00:11.299+0000] {logging_mixin.py:117} INFO - [2022-10-09T07:00:11.299+0000] {dag.py:3328} INFO - Setting next_dagrun for example_xcom to 2021-01-01T00:00:00+00:00, run_after=2021-01-01T00:00:00+00:00
[2022-10-09T07:00:11.351+0000] {processor.py:178} INFO - Processing /home/airflow/.local/lib/python3.7/site-packages/airflow/example_dags/example_xcom.py took 0.192 seconds
[2022-10-09T07:00:41.679+0000] {processor.py:156} INFO - Started process (PID=1200) to work on /home/airflow/.local/lib/python3.7/site-packages/airflow/example_dags/example_xcom.py
[2022-10-09T07:00:41.682+0000] {processor.py:758} INFO - Processing file /home/airflow/.local/lib/python3.7/site-packages/airflow/example_dags/example_xcom.py for tasks to queue
[2022-10-09T07:00:41.683+0000] {logging_mixin.py:117} INFO - [2022-10-09T07:00:41.682+0000] {dagbag.py:525} INFO - Filling up the DagBag from /home/airflow/.local/lib/python3.7/site-packages/airflow/example_dags/example_xcom.py
[2022-10-09T07:00:41.697+0000] {processor.py:768} INFO - DAG(s) dict_keys(['example_xcom']) retrieved from /home/airflow/.local/lib/python3.7/site-packages/airflow/example_dags/example_xcom.py
[2022-10-09T07:00:41.727+0000] {logging_mixin.py:117} INFO - [2022-10-09T07:00:41.727+0000] {dag.py:2573} INFO - Sync 1 DAGs
[2022-10-09T07:00:41.744+0000] {logging_mixin.py:117} INFO - [2022-10-09T07:00:41.744+0000] {dag.py:3328} INFO - Setting next_dagrun for example_xcom to 2021-01-01T00:00:00+00:00, run_after=2021-01-01T00:00:00+00:00
[2022-10-09T07:00:41.759+0000] {processor.py:178} INFO - Processing /home/airflow/.local/lib/python3.7/site-packages/airflow/example_dags/example_xcom.py took 0.082 seconds
[2022-10-09T07:01:11.929+0000] {processor.py:156} INFO - Started process (PID=1262) to work on /home/airflow/.local/lib/python3.7/site-packages/airflow/example_dags/example_xcom.py
[2022-10-09T07:01:11.930+0000] {processor.py:758} INFO - Processing file /home/airflow/.local/lib/python3.7/site-packages/airflow/example_dags/example_xcom.py for tasks to queue
[2022-10-09T07:01:11.931+0000] {logging_mixin.py:117} INFO - [2022-10-09T07:01:11.931+0000] {dagbag.py:525} INFO - Filling up the DagBag from /home/airflow/.local/lib/python3.7/site-packages/airflow/example_dags/example_xcom.py
[2022-10-09T07:01:11.946+0000] {processor.py:768} INFO - DAG(s) dict_keys(['example_xcom']) retrieved from /home/airflow/.local/lib/python3.7/site-packages/airflow/example_dags/example_xcom.py
[2022-10-09T07:01:11.976+0000] {logging_mixin.py:117} INFO - [2022-10-09T07:01:11.976+0000] {dag.py:2573} INFO - Sync 1 DAGs
[2022-10-09T07:01:11.992+0000] {logging_mixin.py:117} INFO - [2022-10-09T07:01:11.992+0000] {dag.py:3328} INFO - Setting next_dagrun for example_xcom to 2021-01-01T00:00:00+00:00, run_after=2021-01-01T00:00:00+00:00
[2022-10-09T07:01:12.003+0000] {processor.py:178} INFO - Processing /home/airflow/.local/lib/python3.7/site-packages/airflow/example_dags/example_xcom.py took 0.077 seconds
[2022-10-09T07:01:42.191+0000] {processor.py:156} INFO - Started process (PID=1325) to work on /home/airflow/.local/lib/python3.7/site-packages/airflow/example_dags/example_xcom.py
[2022-10-09T07:01:42.192+0000] {processor.py:758} INFO - Processing file /home/airflow/.local/lib/python3.7/site-packages/airflow/example_dags/example_xcom.py for tasks to queue
[2022-10-09T07:01:42.193+0000] {logging_mixin.py:117} INFO - [2022-10-09T07:01:42.193+0000] {dagbag.py:525} INFO - Filling up the DagBag from /home/airflow/.local/lib/python3.7/site-packages/airflow/example_dags/example_xcom.py
[2022-10-09T07:01:42.208+0000] {processor.py:768} INFO - DAG(s) dict_keys(['example_xcom']) retrieved from /home/airflow/.local/lib/python3.7/site-packages/airflow/example_dags/example_xcom.py
[2022-10-09T07:01:42.235+0000] {logging_mixin.py:117} INFO - [2022-10-09T07:01:42.235+0000] {dag.py:2573} INFO - Sync 1 DAGs
[2022-10-09T07:01:42.253+0000] {logging_mixin.py:117} INFO - [2022-10-09T07:01:42.253+0000] {dag.py:3328} INFO - Setting next_dagrun for example_xcom to 2021-01-01T00:00:00+00:00, run_after=2021-01-01T00:00:00+00:00
[2022-10-09T07:01:42.265+0000] {processor.py:178} INFO - Processing /home/airflow/.local/lib/python3.7/site-packages/airflow/example_dags/example_xcom.py took 0.076 seconds
[2022-10-09T07:02:12.376+0000] {processor.py:156} INFO - Started process (PID=1388) to work on /home/airflow/.local/lib/python3.7/site-packages/airflow/example_dags/example_xcom.py
[2022-10-09T07:02:12.379+0000] {processor.py:758} INFO - Processing file /home/airflow/.local/lib/python3.7/site-packages/airflow/example_dags/example_xcom.py for tasks to queue
[2022-10-09T07:02:12.383+0000] {logging_mixin.py:117} INFO - [2022-10-09T07:02:12.383+0000] {dagbag.py:525} INFO - Filling up the DagBag from /home/airflow/.local/lib/python3.7/site-packages/airflow/example_dags/example_xcom.py
[2022-10-09T07:02:12.401+0000] {processor.py:768} INFO - DAG(s) dict_keys(['example_xcom']) retrieved from /home/airflow/.local/lib/python3.7/site-packages/airflow/example_dags/example_xcom.py
[2022-10-09T07:02:12.433+0000] {logging_mixin.py:117} INFO - [2022-10-09T07:02:12.433+0000] {dag.py:2573} INFO - Sync 1 DAGs
[2022-10-09T07:02:12.452+0000] {logging_mixin.py:117} INFO - [2022-10-09T07:02:12.452+0000] {dag.py:3328} INFO - Setting next_dagrun for example_xcom to 2021-01-01T00:00:00+00:00, run_after=2021-01-01T00:00:00+00:00
[2022-10-09T07:02:12.486+0000] {processor.py:178} INFO - Processing /home/airflow/.local/lib/python3.7/site-packages/airflow/example_dags/example_xcom.py took 0.111 seconds
[2022-10-09T07:02:42.751+0000] {processor.py:156} INFO - Started process (PID=1451) to work on /home/airflow/.local/lib/python3.7/site-packages/airflow/example_dags/example_xcom.py
[2022-10-09T07:02:42.756+0000] {processor.py:758} INFO - Processing file /home/airflow/.local/lib/python3.7/site-packages/airflow/example_dags/example_xcom.py for tasks to queue
[2022-10-09T07:02:42.772+0000] {logging_mixin.py:117} INFO - [2022-10-09T07:02:42.772+0000] {dagbag.py:525} INFO - Filling up the DagBag from /home/airflow/.local/lib/python3.7/site-packages/airflow/example_dags/example_xcom.py
[2022-10-09T07:02:42.824+0000] {processor.py:768} INFO - DAG(s) dict_keys(['example_xcom']) retrieved from /home/airflow/.local/lib/python3.7/site-packages/airflow/example_dags/example_xcom.py
[2022-10-09T07:02:42.875+0000] {logging_mixin.py:117} INFO - [2022-10-09T07:02:42.875+0000] {dag.py:2573} INFO - Sync 1 DAGs
[2022-10-09T07:02:42.896+0000] {logging_mixin.py:117} INFO - [2022-10-09T07:02:42.896+0000] {dag.py:3328} INFO - Setting next_dagrun for example_xcom to 2021-01-01T00:00:00+00:00, run_after=2021-01-01T00:00:00+00:00
[2022-10-09T07:02:42.921+0000] {processor.py:178} INFO - Processing /home/airflow/.local/lib/python3.7/site-packages/airflow/example_dags/example_xcom.py took 0.173 seconds
[2022-10-09T07:03:13.521+0000] {processor.py:156} INFO - Started process (PID=1505) to work on /home/airflow/.local/lib/python3.7/site-packages/airflow/example_dags/example_xcom.py
[2022-10-09T07:03:13.522+0000] {processor.py:758} INFO - Processing file /home/airflow/.local/lib/python3.7/site-packages/airflow/example_dags/example_xcom.py for tasks to queue
[2022-10-09T07:03:13.523+0000] {logging_mixin.py:117} INFO - [2022-10-09T07:03:13.523+0000] {dagbag.py:525} INFO - Filling up the DagBag from /home/airflow/.local/lib/python3.7/site-packages/airflow/example_dags/example_xcom.py
[2022-10-09T07:03:13.539+0000] {processor.py:768} INFO - DAG(s) dict_keys(['example_xcom']) retrieved from /home/airflow/.local/lib/python3.7/site-packages/airflow/example_dags/example_xcom.py
[2022-10-09T07:03:13.566+0000] {logging_mixin.py:117} INFO - [2022-10-09T07:03:13.566+0000] {dag.py:2573} INFO - Sync 1 DAGs
[2022-10-09T07:03:13.580+0000] {logging_mixin.py:117} INFO - [2022-10-09T07:03:13.580+0000] {dag.py:3328} INFO - Setting next_dagrun for example_xcom to 2021-01-01T00:00:00+00:00, run_after=2021-01-01T00:00:00+00:00
[2022-10-09T07:03:13.593+0000] {processor.py:178} INFO - Processing /home/airflow/.local/lib/python3.7/site-packages/airflow/example_dags/example_xcom.py took 0.074 seconds
[2022-10-09T07:03:43.771+0000] {processor.py:156} INFO - Started process (PID=1568) to work on /home/airflow/.local/lib/python3.7/site-packages/airflow/example_dags/example_xcom.py
[2022-10-09T07:03:43.773+0000] {processor.py:758} INFO - Processing file /home/airflow/.local/lib/python3.7/site-packages/airflow/example_dags/example_xcom.py for tasks to queue
[2022-10-09T07:03:43.773+0000] {logging_mixin.py:117} INFO - [2022-10-09T07:03:43.773+0000] {dagbag.py:525} INFO - Filling up the DagBag from /home/airflow/.local/lib/python3.7/site-packages/airflow/example_dags/example_xcom.py
[2022-10-09T07:03:43.788+0000] {processor.py:768} INFO - DAG(s) dict_keys(['example_xcom']) retrieved from /home/airflow/.local/lib/python3.7/site-packages/airflow/example_dags/example_xcom.py
[2022-10-09T07:03:43.814+0000] {logging_mixin.py:117} INFO - [2022-10-09T07:03:43.814+0000] {dag.py:2573} INFO - Sync 1 DAGs
[2022-10-09T07:03:43.829+0000] {logging_mixin.py:117} INFO - [2022-10-09T07:03:43.828+0000] {dag.py:3328} INFO - Setting next_dagrun for example_xcom to 2021-01-01T00:00:00+00:00, run_after=2021-01-01T00:00:00+00:00
[2022-10-09T07:03:43.840+0000] {processor.py:178} INFO - Processing /home/airflow/.local/lib/python3.7/site-packages/airflow/example_dags/example_xcom.py took 0.071 seconds
[2022-10-09T07:04:13.980+0000] {processor.py:156} INFO - Started process (PID=1630) to work on /home/airflow/.local/lib/python3.7/site-packages/airflow/example_dags/example_xcom.py
[2022-10-09T07:04:13.982+0000] {processor.py:758} INFO - Processing file /home/airflow/.local/lib/python3.7/site-packages/airflow/example_dags/example_xcom.py for tasks to queue
[2022-10-09T07:04:13.983+0000] {logging_mixin.py:117} INFO - [2022-10-09T07:04:13.983+0000] {dagbag.py:525} INFO - Filling up the DagBag from /home/airflow/.local/lib/python3.7/site-packages/airflow/example_dags/example_xcom.py
[2022-10-09T07:04:14.000+0000] {processor.py:768} INFO - DAG(s) dict_keys(['example_xcom']) retrieved from /home/airflow/.local/lib/python3.7/site-packages/airflow/example_dags/example_xcom.py
[2022-10-09T07:04:14.030+0000] {logging_mixin.py:117} INFO - [2022-10-09T07:04:14.029+0000] {dag.py:2573} INFO - Sync 1 DAGs
[2022-10-09T07:04:14.046+0000] {logging_mixin.py:117} INFO - [2022-10-09T07:04:14.046+0000] {dag.py:3328} INFO - Setting next_dagrun for example_xcom to 2021-01-01T00:00:00+00:00, run_after=2021-01-01T00:00:00+00:00
[2022-10-09T07:04:14.059+0000] {processor.py:178} INFO - Processing /home/airflow/.local/lib/python3.7/site-packages/airflow/example_dags/example_xcom.py took 0.081 seconds
[2022-10-09T07:04:44.692+0000] {processor.py:156} INFO - Started process (PID=1693) to work on /home/airflow/.local/lib/python3.7/site-packages/airflow/example_dags/example_xcom.py
[2022-10-09T07:04:44.694+0000] {processor.py:758} INFO - Processing file /home/airflow/.local/lib/python3.7/site-packages/airflow/example_dags/example_xcom.py for tasks to queue
[2022-10-09T07:04:44.696+0000] {logging_mixin.py:117} INFO - [2022-10-09T07:04:44.695+0000] {dagbag.py:525} INFO - Filling up the DagBag from /home/airflow/.local/lib/python3.7/site-packages/airflow/example_dags/example_xcom.py
[2022-10-09T07:04:44.713+0000] {processor.py:768} INFO - DAG(s) dict_keys(['example_xcom']) retrieved from /home/airflow/.local/lib/python3.7/site-packages/airflow/example_dags/example_xcom.py
[2022-10-09T07:04:44.742+0000] {logging_mixin.py:117} INFO - [2022-10-09T07:04:44.742+0000] {dag.py:2573} INFO - Sync 1 DAGs
[2022-10-09T07:04:44.758+0000] {logging_mixin.py:117} INFO - [2022-10-09T07:04:44.758+0000] {dag.py:3328} INFO - Setting next_dagrun for example_xcom to 2021-01-01T00:00:00+00:00, run_after=2021-01-01T00:00:00+00:00
[2022-10-09T07:04:44.771+0000] {processor.py:178} INFO - Processing /home/airflow/.local/lib/python3.7/site-packages/airflow/example_dags/example_xcom.py took 0.081 seconds
[2022-10-09T07:05:15.301+0000] {processor.py:156} INFO - Started process (PID=1756) to work on /home/airflow/.local/lib/python3.7/site-packages/airflow/example_dags/example_xcom.py
[2022-10-09T07:05:15.303+0000] {processor.py:758} INFO - Processing file /home/airflow/.local/lib/python3.7/site-packages/airflow/example_dags/example_xcom.py for tasks to queue
[2022-10-09T07:05:15.304+0000] {logging_mixin.py:117} INFO - [2022-10-09T07:05:15.304+0000] {dagbag.py:525} INFO - Filling up the DagBag from /home/airflow/.local/lib/python3.7/site-packages/airflow/example_dags/example_xcom.py
[2022-10-09T07:05:15.319+0000] {processor.py:768} INFO - DAG(s) dict_keys(['example_xcom']) retrieved from /home/airflow/.local/lib/python3.7/site-packages/airflow/example_dags/example_xcom.py
[2022-10-09T07:05:15.347+0000] {logging_mixin.py:117} INFO - [2022-10-09T07:05:15.347+0000] {dag.py:2573} INFO - Sync 1 DAGs
[2022-10-09T07:05:15.362+0000] {logging_mixin.py:117} INFO - [2022-10-09T07:05:15.362+0000] {dag.py:3328} INFO - Setting next_dagrun for example_xcom to 2021-01-01T00:00:00+00:00, run_after=2021-01-01T00:00:00+00:00
[2022-10-09T07:05:15.375+0000] {processor.py:178} INFO - Processing /home/airflow/.local/lib/python3.7/site-packages/airflow/example_dags/example_xcom.py took 0.076 seconds
[2022-10-09T07:05:45.706+0000] {processor.py:156} INFO - Started process (PID=1810) to work on /home/airflow/.local/lib/python3.7/site-packages/airflow/example_dags/example_xcom.py
[2022-10-09T07:05:45.707+0000] {processor.py:758} INFO - Processing file /home/airflow/.local/lib/python3.7/site-packages/airflow/example_dags/example_xcom.py for tasks to queue
[2022-10-09T07:05:45.708+0000] {logging_mixin.py:117} INFO - [2022-10-09T07:05:45.708+0000] {dagbag.py:525} INFO - Filling up the DagBag from /home/airflow/.local/lib/python3.7/site-packages/airflow/example_dags/example_xcom.py
[2022-10-09T07:05:45.741+0000] {processor.py:768} INFO - DAG(s) dict_keys(['example_xcom']) retrieved from /home/airflow/.local/lib/python3.7/site-packages/airflow/example_dags/example_xcom.py
[2022-10-09T07:05:45.778+0000] {logging_mixin.py:117} INFO - [2022-10-09T07:05:45.777+0000] {dag.py:2573} INFO - Sync 1 DAGs
[2022-10-09T07:05:45.792+0000] {logging_mixin.py:117} INFO - [2022-10-09T07:05:45.792+0000] {dag.py:3328} INFO - Setting next_dagrun for example_xcom to 2021-01-01T00:00:00+00:00, run_after=2021-01-01T00:00:00+00:00
[2022-10-09T07:05:45.804+0000] {processor.py:178} INFO - Processing /home/airflow/.local/lib/python3.7/site-packages/airflow/example_dags/example_xcom.py took 0.101 seconds
[2022-10-09T07:06:16.494+0000] {processor.py:156} INFO - Started process (PID=1873) to work on /home/airflow/.local/lib/python3.7/site-packages/airflow/example_dags/example_xcom.py
[2022-10-09T07:06:16.496+0000] {processor.py:758} INFO - Processing file /home/airflow/.local/lib/python3.7/site-packages/airflow/example_dags/example_xcom.py for tasks to queue
[2022-10-09T07:06:16.498+0000] {logging_mixin.py:117} INFO - [2022-10-09T07:06:16.497+0000] {dagbag.py:525} INFO - Filling up the DagBag from /home/airflow/.local/lib/python3.7/site-packages/airflow/example_dags/example_xcom.py
[2022-10-09T07:06:16.517+0000] {processor.py:768} INFO - DAG(s) dict_keys(['example_xcom']) retrieved from /home/airflow/.local/lib/python3.7/site-packages/airflow/example_dags/example_xcom.py
[2022-10-09T07:06:16.549+0000] {logging_mixin.py:117} INFO - [2022-10-09T07:06:16.549+0000] {dag.py:2573} INFO - Sync 1 DAGs
[2022-10-09T07:06:16.565+0000] {logging_mixin.py:117} INFO - [2022-10-09T07:06:16.565+0000] {dag.py:3328} INFO - Setting next_dagrun for example_xcom to 2021-01-01T00:00:00+00:00, run_after=2021-01-01T00:00:00+00:00
[2022-10-09T07:06:16.577+0000] {processor.py:178} INFO - Processing /home/airflow/.local/lib/python3.7/site-packages/airflow/example_dags/example_xcom.py took 0.085 seconds
[2022-10-09T07:06:46.612+0000] {processor.py:156} INFO - Started process (PID=1935) to work on /home/airflow/.local/lib/python3.7/site-packages/airflow/example_dags/example_xcom.py
[2022-10-09T07:06:46.613+0000] {processor.py:758} INFO - Processing file /home/airflow/.local/lib/python3.7/site-packages/airflow/example_dags/example_xcom.py for tasks to queue
[2022-10-09T07:06:46.614+0000] {logging_mixin.py:117} INFO - [2022-10-09T07:06:46.614+0000] {dagbag.py:525} INFO - Filling up the DagBag from /home/airflow/.local/lib/python3.7/site-packages/airflow/example_dags/example_xcom.py
[2022-10-09T07:06:46.628+0000] {processor.py:768} INFO - DAG(s) dict_keys(['example_xcom']) retrieved from /home/airflow/.local/lib/python3.7/site-packages/airflow/example_dags/example_xcom.py
[2022-10-09T07:06:46.657+0000] {logging_mixin.py:117} INFO - [2022-10-09T07:06:46.657+0000] {dag.py:2573} INFO - Sync 1 DAGs
[2022-10-09T07:06:46.675+0000] {logging_mixin.py:117} INFO - [2022-10-09T07:06:46.675+0000] {dag.py:3328} INFO - Setting next_dagrun for example_xcom to 2021-01-01T00:00:00+00:00, run_after=2021-01-01T00:00:00+00:00
[2022-10-09T07:06:46.688+0000] {processor.py:178} INFO - Processing /home/airflow/.local/lib/python3.7/site-packages/airflow/example_dags/example_xcom.py took 0.078 seconds
[2022-10-09T07:07:16.879+0000] {processor.py:156} INFO - Started process (PID=2000) to work on /home/airflow/.local/lib/python3.7/site-packages/airflow/example_dags/example_xcom.py
[2022-10-09T07:07:16.880+0000] {processor.py:758} INFO - Processing file /home/airflow/.local/lib/python3.7/site-packages/airflow/example_dags/example_xcom.py for tasks to queue
[2022-10-09T07:07:16.881+0000] {logging_mixin.py:117} INFO - [2022-10-09T07:07:16.881+0000] {dagbag.py:525} INFO - Filling up the DagBag from /home/airflow/.local/lib/python3.7/site-packages/airflow/example_dags/example_xcom.py
[2022-10-09T07:07:16.895+0000] {processor.py:768} INFO - DAG(s) dict_keys(['example_xcom']) retrieved from /home/airflow/.local/lib/python3.7/site-packages/airflow/example_dags/example_xcom.py
[2022-10-09T07:07:16.922+0000] {logging_mixin.py:117} INFO - [2022-10-09T07:07:16.922+0000] {dag.py:2573} INFO - Sync 1 DAGs
[2022-10-09T07:07:16.937+0000] {logging_mixin.py:117} INFO - [2022-10-09T07:07:16.937+0000] {dag.py:3328} INFO - Setting next_dagrun for example_xcom to 2021-01-01T00:00:00+00:00, run_after=2021-01-01T00:00:00+00:00
[2022-10-09T07:07:16.955+0000] {processor.py:178} INFO - Processing /home/airflow/.local/lib/python3.7/site-packages/airflow/example_dags/example_xcom.py took 0.078 seconds
[2022-10-09T07:07:47.575+0000] {processor.py:156} INFO - Started process (PID=2064) to work on /home/airflow/.local/lib/python3.7/site-packages/airflow/example_dags/example_xcom.py
[2022-10-09T07:07:47.578+0000] {processor.py:758} INFO - Processing file /home/airflow/.local/lib/python3.7/site-packages/airflow/example_dags/example_xcom.py for tasks to queue
[2022-10-09T07:07:47.579+0000] {logging_mixin.py:117} INFO - [2022-10-09T07:07:47.579+0000] {dagbag.py:525} INFO - Filling up the DagBag from /home/airflow/.local/lib/python3.7/site-packages/airflow/example_dags/example_xcom.py
[2022-10-09T07:07:47.594+0000] {processor.py:768} INFO - DAG(s) dict_keys(['example_xcom']) retrieved from /home/airflow/.local/lib/python3.7/site-packages/airflow/example_dags/example_xcom.py
[2022-10-09T07:07:47.625+0000] {logging_mixin.py:117} INFO - [2022-10-09T07:07:47.625+0000] {dag.py:2573} INFO - Sync 1 DAGs
[2022-10-09T07:07:47.639+0000] {logging_mixin.py:117} INFO - [2022-10-09T07:07:47.639+0000] {dag.py:3328} INFO - Setting next_dagrun for example_xcom to 2021-01-01T00:00:00+00:00, run_after=2021-01-01T00:00:00+00:00
[2022-10-09T07:07:47.652+0000] {processor.py:178} INFO - Processing /home/airflow/.local/lib/python3.7/site-packages/airflow/example_dags/example_xcom.py took 0.079 seconds
[2022-10-09T07:08:17.839+0000] {processor.py:156} INFO - Started process (PID=2119) to work on /home/airflow/.local/lib/python3.7/site-packages/airflow/example_dags/example_xcom.py
[2022-10-09T07:08:17.841+0000] {processor.py:758} INFO - Processing file /home/airflow/.local/lib/python3.7/site-packages/airflow/example_dags/example_xcom.py for tasks to queue
[2022-10-09T07:08:17.842+0000] {logging_mixin.py:117} INFO - [2022-10-09T07:08:17.842+0000] {dagbag.py:525} INFO - Filling up the DagBag from /home/airflow/.local/lib/python3.7/site-packages/airflow/example_dags/example_xcom.py
[2022-10-09T07:08:17.858+0000] {processor.py:768} INFO - DAG(s) dict_keys(['example_xcom']) retrieved from /home/airflow/.local/lib/python3.7/site-packages/airflow/example_dags/example_xcom.py
[2022-10-09T07:08:17.884+0000] {logging_mixin.py:117} INFO - [2022-10-09T07:08:17.884+0000] {dag.py:2573} INFO - Sync 1 DAGs
[2022-10-09T07:08:17.903+0000] {logging_mixin.py:117} INFO - [2022-10-09T07:08:17.903+0000] {dag.py:3328} INFO - Setting next_dagrun for example_xcom to 2021-01-01T00:00:00+00:00, run_after=2021-01-01T00:00:00+00:00
[2022-10-09T07:08:17.920+0000] {processor.py:178} INFO - Processing /home/airflow/.local/lib/python3.7/site-packages/airflow/example_dags/example_xcom.py took 0.083 seconds
[2022-10-09T07:08:48.286+0000] {processor.py:156} INFO - Started process (PID=2182) to work on /home/airflow/.local/lib/python3.7/site-packages/airflow/example_dags/example_xcom.py
[2022-10-09T07:08:48.287+0000] {processor.py:758} INFO - Processing file /home/airflow/.local/lib/python3.7/site-packages/airflow/example_dags/example_xcom.py for tasks to queue
[2022-10-09T07:08:48.288+0000] {logging_mixin.py:117} INFO - [2022-10-09T07:08:48.288+0000] {dagbag.py:525} INFO - Filling up the DagBag from /home/airflow/.local/lib/python3.7/site-packages/airflow/example_dags/example_xcom.py
[2022-10-09T07:08:48.303+0000] {processor.py:768} INFO - DAG(s) dict_keys(['example_xcom']) retrieved from /home/airflow/.local/lib/python3.7/site-packages/airflow/example_dags/example_xcom.py
[2022-10-09T07:08:48.328+0000] {logging_mixin.py:117} INFO - [2022-10-09T07:08:48.328+0000] {dag.py:2573} INFO - Sync 1 DAGs
[2022-10-09T07:08:48.344+0000] {logging_mixin.py:117} INFO - [2022-10-09T07:08:48.344+0000] {dag.py:3328} INFO - Setting next_dagrun for example_xcom to 2021-01-01T00:00:00+00:00, run_after=2021-01-01T00:00:00+00:00
[2022-10-09T07:08:48.357+0000] {processor.py:178} INFO - Processing /home/airflow/.local/lib/python3.7/site-packages/airflow/example_dags/example_xcom.py took 0.073 seconds
[2022-10-09T07:09:18.559+0000] {processor.py:156} INFO - Started process (PID=2246) to work on /home/airflow/.local/lib/python3.7/site-packages/airflow/example_dags/example_xcom.py
[2022-10-09T07:09:18.561+0000] {processor.py:758} INFO - Processing file /home/airflow/.local/lib/python3.7/site-packages/airflow/example_dags/example_xcom.py for tasks to queue
[2022-10-09T07:09:18.562+0000] {logging_mixin.py:117} INFO - [2022-10-09T07:09:18.562+0000] {dagbag.py:525} INFO - Filling up the DagBag from /home/airflow/.local/lib/python3.7/site-packages/airflow/example_dags/example_xcom.py
[2022-10-09T07:09:18.576+0000] {processor.py:768} INFO - DAG(s) dict_keys(['example_xcom']) retrieved from /home/airflow/.local/lib/python3.7/site-packages/airflow/example_dags/example_xcom.py
[2022-10-09T07:09:18.600+0000] {logging_mixin.py:117} INFO - [2022-10-09T07:09:18.600+0000] {dag.py:2573} INFO - Sync 1 DAGs
[2022-10-09T07:09:18.614+0000] {logging_mixin.py:117} INFO - [2022-10-09T07:09:18.614+0000] {dag.py:3328} INFO - Setting next_dagrun for example_xcom to 2021-01-01T00:00:00+00:00, run_after=2021-01-01T00:00:00+00:00
[2022-10-09T07:09:18.626+0000] {processor.py:178} INFO - Processing /home/airflow/.local/lib/python3.7/site-packages/airflow/example_dags/example_xcom.py took 0.070 seconds
[2022-10-09T07:09:48.973+0000] {processor.py:156} INFO - Started process (PID=2308) to work on /home/airflow/.local/lib/python3.7/site-packages/airflow/example_dags/example_xcom.py
[2022-10-09T07:09:48.974+0000] {processor.py:758} INFO - Processing file /home/airflow/.local/lib/python3.7/site-packages/airflow/example_dags/example_xcom.py for tasks to queue
[2022-10-09T07:09:48.975+0000] {logging_mixin.py:117} INFO - [2022-10-09T07:09:48.975+0000] {dagbag.py:525} INFO - Filling up the DagBag from /home/airflow/.local/lib/python3.7/site-packages/airflow/example_dags/example_xcom.py
[2022-10-09T07:09:48.987+0000] {processor.py:768} INFO - DAG(s) dict_keys(['example_xcom']) retrieved from /home/airflow/.local/lib/python3.7/site-packages/airflow/example_dags/example_xcom.py
[2022-10-09T07:09:49.012+0000] {logging_mixin.py:117} INFO - [2022-10-09T07:09:49.012+0000] {dag.py:2573} INFO - Sync 1 DAGs
[2022-10-09T07:09:49.026+0000] {logging_mixin.py:117} INFO - [2022-10-09T07:09:49.026+0000] {dag.py:3328} INFO - Setting next_dagrun for example_xcom to 2021-01-01T00:00:00+00:00, run_after=2021-01-01T00:00:00+00:00
[2022-10-09T07:09:49.036+0000] {processor.py:178} INFO - Processing /home/airflow/.local/lib/python3.7/site-packages/airflow/example_dags/example_xcom.py took 0.065 seconds
[2022-10-09T07:10:19.437+0000] {processor.py:156} INFO - Started process (PID=2370) to work on /home/airflow/.local/lib/python3.7/site-packages/airflow/example_dags/example_xcom.py
[2022-10-09T07:10:19.441+0000] {processor.py:758} INFO - Processing file /home/airflow/.local/lib/python3.7/site-packages/airflow/example_dags/example_xcom.py for tasks to queue
[2022-10-09T07:10:19.443+0000] {logging_mixin.py:117} INFO - [2022-10-09T07:10:19.443+0000] {dagbag.py:525} INFO - Filling up the DagBag from /home/airflow/.local/lib/python3.7/site-packages/airflow/example_dags/example_xcom.py
[2022-10-09T07:10:19.463+0000] {processor.py:768} INFO - DAG(s) dict_keys(['example_xcom']) retrieved from /home/airflow/.local/lib/python3.7/site-packages/airflow/example_dags/example_xcom.py
[2022-10-09T07:10:19.499+0000] {logging_mixin.py:117} INFO - [2022-10-09T07:10:19.499+0000] {dag.py:2573} INFO - Sync 1 DAGs
[2022-10-09T07:10:19.519+0000] {logging_mixin.py:117} INFO - [2022-10-09T07:10:19.519+0000] {dag.py:3328} INFO - Setting next_dagrun for example_xcom to 2021-01-01T00:00:00+00:00, run_after=2021-01-01T00:00:00+00:00
[2022-10-09T07:10:19.536+0000] {processor.py:178} INFO - Processing /home/airflow/.local/lib/python3.7/site-packages/airflow/example_dags/example_xcom.py took 0.103 seconds
[2022-10-09T07:10:50.204+0000] {processor.py:156} INFO - Started process (PID=2433) to work on /home/airflow/.local/lib/python3.7/site-packages/airflow/example_dags/example_xcom.py
[2022-10-09T07:10:50.206+0000] {processor.py:758} INFO - Processing file /home/airflow/.local/lib/python3.7/site-packages/airflow/example_dags/example_xcom.py for tasks to queue
[2022-10-09T07:10:50.208+0000] {logging_mixin.py:117} INFO - [2022-10-09T07:10:50.208+0000] {dagbag.py:525} INFO - Filling up the DagBag from /home/airflow/.local/lib/python3.7/site-packages/airflow/example_dags/example_xcom.py
[2022-10-09T07:10:50.226+0000] {processor.py:768} INFO - DAG(s) dict_keys(['example_xcom']) retrieved from /home/airflow/.local/lib/python3.7/site-packages/airflow/example_dags/example_xcom.py
[2022-10-09T07:10:50.263+0000] {logging_mixin.py:117} INFO - [2022-10-09T07:10:50.263+0000] {dag.py:2573} INFO - Sync 1 DAGs
[2022-10-09T07:10:50.292+0000] {logging_mixin.py:117} INFO - [2022-10-09T07:10:50.292+0000] {dag.py:3328} INFO - Setting next_dagrun for example_xcom to 2021-01-01T00:00:00+00:00, run_after=2021-01-01T00:00:00+00:00
[2022-10-09T07:10:50.357+0000] {processor.py:178} INFO - Processing /home/airflow/.local/lib/python3.7/site-packages/airflow/example_dags/example_xcom.py took 0.155 seconds
[2022-10-09T07:11:20.563+0000] {processor.py:156} INFO - Started process (PID=2487) to work on /home/airflow/.local/lib/python3.7/site-packages/airflow/example_dags/example_xcom.py
[2022-10-09T07:11:20.565+0000] {processor.py:758} INFO - Processing file /home/airflow/.local/lib/python3.7/site-packages/airflow/example_dags/example_xcom.py for tasks to queue
[2022-10-09T07:11:20.566+0000] {logging_mixin.py:117} INFO - [2022-10-09T07:11:20.566+0000] {dagbag.py:525} INFO - Filling up the DagBag from /home/airflow/.local/lib/python3.7/site-packages/airflow/example_dags/example_xcom.py
[2022-10-09T07:11:20.582+0000] {processor.py:768} INFO - DAG(s) dict_keys(['example_xcom']) retrieved from /home/airflow/.local/lib/python3.7/site-packages/airflow/example_dags/example_xcom.py
[2022-10-09T07:11:20.610+0000] {logging_mixin.py:117} INFO - [2022-10-09T07:11:20.610+0000] {dag.py:2573} INFO - Sync 1 DAGs
[2022-10-09T07:11:20.624+0000] {logging_mixin.py:117} INFO - [2022-10-09T07:11:20.624+0000] {dag.py:3328} INFO - Setting next_dagrun for example_xcom to 2021-01-01T00:00:00+00:00, run_after=2021-01-01T00:00:00+00:00
[2022-10-09T07:11:20.635+0000] {processor.py:178} INFO - Processing /home/airflow/.local/lib/python3.7/site-packages/airflow/example_dags/example_xcom.py took 0.075 seconds
[2022-10-09T07:11:51.020+0000] {processor.py:156} INFO - Started process (PID=2550) to work on /home/airflow/.local/lib/python3.7/site-packages/airflow/example_dags/example_xcom.py
[2022-10-09T07:11:51.022+0000] {processor.py:758} INFO - Processing file /home/airflow/.local/lib/python3.7/site-packages/airflow/example_dags/example_xcom.py for tasks to queue
[2022-10-09T07:11:51.024+0000] {logging_mixin.py:117} INFO - [2022-10-09T07:11:51.023+0000] {dagbag.py:525} INFO - Filling up the DagBag from /home/airflow/.local/lib/python3.7/site-packages/airflow/example_dags/example_xcom.py
[2022-10-09T07:11:51.039+0000] {processor.py:768} INFO - DAG(s) dict_keys(['example_xcom']) retrieved from /home/airflow/.local/lib/python3.7/site-packages/airflow/example_dags/example_xcom.py
[2022-10-09T07:11:51.065+0000] {logging_mixin.py:117} INFO - [2022-10-09T07:11:51.065+0000] {dag.py:2573} INFO - Sync 1 DAGs
[2022-10-09T07:11:51.080+0000] {logging_mixin.py:117} INFO - [2022-10-09T07:11:51.080+0000] {dag.py:3328} INFO - Setting next_dagrun for example_xcom to 2021-01-01T00:00:00+00:00, run_after=2021-01-01T00:00:00+00:00
[2022-10-09T07:11:51.091+0000] {processor.py:178} INFO - Processing /home/airflow/.local/lib/python3.7/site-packages/airflow/example_dags/example_xcom.py took 0.073 seconds
[2022-10-09T07:12:21.229+0000] {processor.py:156} INFO - Started process (PID=2613) to work on /home/airflow/.local/lib/python3.7/site-packages/airflow/example_dags/example_xcom.py
[2022-10-09T07:12:21.231+0000] {processor.py:758} INFO - Processing file /home/airflow/.local/lib/python3.7/site-packages/airflow/example_dags/example_xcom.py for tasks to queue
[2022-10-09T07:12:21.232+0000] {logging_mixin.py:117} INFO - [2022-10-09T07:12:21.232+0000] {dagbag.py:525} INFO - Filling up the DagBag from /home/airflow/.local/lib/python3.7/site-packages/airflow/example_dags/example_xcom.py
[2022-10-09T07:12:21.247+0000] {processor.py:768} INFO - DAG(s) dict_keys(['example_xcom']) retrieved from /home/airflow/.local/lib/python3.7/site-packages/airflow/example_dags/example_xcom.py
[2022-10-09T07:12:21.271+0000] {logging_mixin.py:117} INFO - [2022-10-09T07:12:21.271+0000] {dag.py:2573} INFO - Sync 1 DAGs
[2022-10-09T07:12:21.286+0000] {logging_mixin.py:117} INFO - [2022-10-09T07:12:21.286+0000] {dag.py:3328} INFO - Setting next_dagrun for example_xcom to 2021-01-01T00:00:00+00:00, run_after=2021-01-01T00:00:00+00:00
[2022-10-09T07:12:21.298+0000] {processor.py:178} INFO - Processing /home/airflow/.local/lib/python3.7/site-packages/airflow/example_dags/example_xcom.py took 0.071 seconds
[2022-10-09T07:12:51.571+0000] {processor.py:156} INFO - Started process (PID=2676) to work on /home/airflow/.local/lib/python3.7/site-packages/airflow/example_dags/example_xcom.py
[2022-10-09T07:12:51.573+0000] {processor.py:758} INFO - Processing file /home/airflow/.local/lib/python3.7/site-packages/airflow/example_dags/example_xcom.py for tasks to queue
[2022-10-09T07:12:51.574+0000] {logging_mixin.py:117} INFO - [2022-10-09T07:12:51.574+0000] {dagbag.py:525} INFO - Filling up the DagBag from /home/airflow/.local/lib/python3.7/site-packages/airflow/example_dags/example_xcom.py
[2022-10-09T07:12:51.595+0000] {processor.py:768} INFO - DAG(s) dict_keys(['example_xcom']) retrieved from /home/airflow/.local/lib/python3.7/site-packages/airflow/example_dags/example_xcom.py
[2022-10-09T07:12:51.630+0000] {logging_mixin.py:117} INFO - [2022-10-09T07:12:51.630+0000] {dag.py:2573} INFO - Sync 1 DAGs
[2022-10-09T07:12:51.646+0000] {logging_mixin.py:117} INFO - [2022-10-09T07:12:51.646+0000] {dag.py:3328} INFO - Setting next_dagrun for example_xcom to 2021-01-01T00:00:00+00:00, run_after=2021-01-01T00:00:00+00:00
[2022-10-09T07:12:51.658+0000] {processor.py:178} INFO - Processing /home/airflow/.local/lib/python3.7/site-packages/airflow/example_dags/example_xcom.py took 0.089 seconds
[2022-10-09T07:13:22.058+0000] {processor.py:156} INFO - Started process (PID=2740) to work on /home/airflow/.local/lib/python3.7/site-packages/airflow/example_dags/example_xcom.py
[2022-10-09T07:13:22.060+0000] {processor.py:758} INFO - Processing file /home/airflow/.local/lib/python3.7/site-packages/airflow/example_dags/example_xcom.py for tasks to queue
[2022-10-09T07:13:22.061+0000] {logging_mixin.py:117} INFO - [2022-10-09T07:13:22.061+0000] {dagbag.py:525} INFO - Filling up the DagBag from /home/airflow/.local/lib/python3.7/site-packages/airflow/example_dags/example_xcom.py
[2022-10-09T07:13:22.080+0000] {processor.py:768} INFO - DAG(s) dict_keys(['example_xcom']) retrieved from /home/airflow/.local/lib/python3.7/site-packages/airflow/example_dags/example_xcom.py
[2022-10-09T07:13:22.111+0000] {logging_mixin.py:117} INFO - [2022-10-09T07:13:22.111+0000] {dag.py:2573} INFO - Sync 1 DAGs
[2022-10-09T07:13:22.127+0000] {logging_mixin.py:117} INFO - [2022-10-09T07:13:22.126+0000] {dag.py:3328} INFO - Setting next_dagrun for example_xcom to 2021-01-01T00:00:00+00:00, run_after=2021-01-01T00:00:00+00:00
[2022-10-09T07:13:22.139+0000] {processor.py:178} INFO - Processing /home/airflow/.local/lib/python3.7/site-packages/airflow/example_dags/example_xcom.py took 0.084 seconds
[2022-10-09T07:13:52.341+0000] {processor.py:156} INFO - Started process (PID=2793) to work on /home/airflow/.local/lib/python3.7/site-packages/airflow/example_dags/example_xcom.py
[2022-10-09T07:13:52.343+0000] {processor.py:758} INFO - Processing file /home/airflow/.local/lib/python3.7/site-packages/airflow/example_dags/example_xcom.py for tasks to queue
[2022-10-09T07:13:52.344+0000] {logging_mixin.py:117} INFO - [2022-10-09T07:13:52.344+0000] {dagbag.py:525} INFO - Filling up the DagBag from /home/airflow/.local/lib/python3.7/site-packages/airflow/example_dags/example_xcom.py
[2022-10-09T07:13:52.360+0000] {processor.py:768} INFO - DAG(s) dict_keys(['example_xcom']) retrieved from /home/airflow/.local/lib/python3.7/site-packages/airflow/example_dags/example_xcom.py
[2022-10-09T07:13:52.386+0000] {logging_mixin.py:117} INFO - [2022-10-09T07:13:52.386+0000] {dag.py:2573} INFO - Sync 1 DAGs
[2022-10-09T07:13:52.402+0000] {logging_mixin.py:117} INFO - [2022-10-09T07:13:52.402+0000] {dag.py:3328} INFO - Setting next_dagrun for example_xcom to 2021-01-01T00:00:00+00:00, run_after=2021-01-01T00:00:00+00:00
[2022-10-09T07:13:52.416+0000] {processor.py:178} INFO - Processing /home/airflow/.local/lib/python3.7/site-packages/airflow/example_dags/example_xcom.py took 0.077 seconds
[2022-10-09T07:14:22.870+0000] {processor.py:156} INFO - Started process (PID=2855) to work on /home/airflow/.local/lib/python3.7/site-packages/airflow/example_dags/example_xcom.py
[2022-10-09T07:14:22.872+0000] {processor.py:758} INFO - Processing file /home/airflow/.local/lib/python3.7/site-packages/airflow/example_dags/example_xcom.py for tasks to queue
[2022-10-09T07:14:22.873+0000] {logging_mixin.py:117} INFO - [2022-10-09T07:14:22.873+0000] {dagbag.py:525} INFO - Filling up the DagBag from /home/airflow/.local/lib/python3.7/site-packages/airflow/example_dags/example_xcom.py
[2022-10-09T07:14:22.888+0000] {processor.py:768} INFO - DAG(s) dict_keys(['example_xcom']) retrieved from /home/airflow/.local/lib/python3.7/site-packages/airflow/example_dags/example_xcom.py
[2022-10-09T07:14:22.915+0000] {logging_mixin.py:117} INFO - [2022-10-09T07:14:22.915+0000] {dag.py:2573} INFO - Sync 1 DAGs
[2022-10-09T07:14:22.931+0000] {logging_mixin.py:117} INFO - [2022-10-09T07:14:22.930+0000] {dag.py:3328} INFO - Setting next_dagrun for example_xcom to 2021-01-01T00:00:00+00:00, run_after=2021-01-01T00:00:00+00:00
[2022-10-09T07:14:22.947+0000] {processor.py:178} INFO - Processing /home/airflow/.local/lib/python3.7/site-packages/airflow/example_dags/example_xcom.py took 0.079 seconds
[2022-10-09T07:14:53.210+0000] {processor.py:156} INFO - Started process (PID=2919) to work on /home/airflow/.local/lib/python3.7/site-packages/airflow/example_dags/example_xcom.py
[2022-10-09T07:14:53.211+0000] {processor.py:758} INFO - Processing file /home/airflow/.local/lib/python3.7/site-packages/airflow/example_dags/example_xcom.py for tasks to queue
[2022-10-09T07:14:53.213+0000] {logging_mixin.py:117} INFO - [2022-10-09T07:14:53.212+0000] {dagbag.py:525} INFO - Filling up the DagBag from /home/airflow/.local/lib/python3.7/site-packages/airflow/example_dags/example_xcom.py
[2022-10-09T07:14:53.232+0000] {processor.py:768} INFO - DAG(s) dict_keys(['example_xcom']) retrieved from /home/airflow/.local/lib/python3.7/site-packages/airflow/example_dags/example_xcom.py
[2022-10-09T07:14:53.261+0000] {logging_mixin.py:117} INFO - [2022-10-09T07:14:53.261+0000] {dag.py:2573} INFO - Sync 1 DAGs
[2022-10-09T07:14:53.277+0000] {logging_mixin.py:117} INFO - [2022-10-09T07:14:53.277+0000] {dag.py:3328} INFO - Setting next_dagrun for example_xcom to 2021-01-01T00:00:00+00:00, run_after=2021-01-01T00:00:00+00:00
[2022-10-09T07:14:53.290+0000] {processor.py:178} INFO - Processing /home/airflow/.local/lib/python3.7/site-packages/airflow/example_dags/example_xcom.py took 0.083 seconds
[2022-10-09T07:15:23.439+0000] {processor.py:156} INFO - Started process (PID=2982) to work on /home/airflow/.local/lib/python3.7/site-packages/airflow/example_dags/example_xcom.py
[2022-10-09T07:15:23.440+0000] {processor.py:758} INFO - Processing file /home/airflow/.local/lib/python3.7/site-packages/airflow/example_dags/example_xcom.py for tasks to queue
[2022-10-09T07:15:23.441+0000] {logging_mixin.py:117} INFO - [2022-10-09T07:15:23.441+0000] {dagbag.py:525} INFO - Filling up the DagBag from /home/airflow/.local/lib/python3.7/site-packages/airflow/example_dags/example_xcom.py
[2022-10-09T07:15:23.456+0000] {processor.py:768} INFO - DAG(s) dict_keys(['example_xcom']) retrieved from /home/airflow/.local/lib/python3.7/site-packages/airflow/example_dags/example_xcom.py
[2022-10-09T07:15:23.484+0000] {logging_mixin.py:117} INFO - [2022-10-09T07:15:23.484+0000] {dag.py:2573} INFO - Sync 1 DAGs
[2022-10-09T07:15:23.500+0000] {logging_mixin.py:117} INFO - [2022-10-09T07:15:23.500+0000] {dag.py:3328} INFO - Setting next_dagrun for example_xcom to 2021-01-01T00:00:00+00:00, run_after=2021-01-01T00:00:00+00:00
[2022-10-09T07:15:23.512+0000] {processor.py:178} INFO - Processing /home/airflow/.local/lib/python3.7/site-packages/airflow/example_dags/example_xcom.py took 0.075 seconds
[2022-10-09T07:15:53.791+0000] {processor.py:156} INFO - Started process (PID=3045) to work on /home/airflow/.local/lib/python3.7/site-packages/airflow/example_dags/example_xcom.py
[2022-10-09T07:15:53.793+0000] {processor.py:758} INFO - Processing file /home/airflow/.local/lib/python3.7/site-packages/airflow/example_dags/example_xcom.py for tasks to queue
[2022-10-09T07:15:53.793+0000] {logging_mixin.py:117} INFO - [2022-10-09T07:15:53.793+0000] {dagbag.py:525} INFO - Filling up the DagBag from /home/airflow/.local/lib/python3.7/site-packages/airflow/example_dags/example_xcom.py
[2022-10-09T07:15:53.807+0000] {processor.py:768} INFO - DAG(s) dict_keys(['example_xcom']) retrieved from /home/airflow/.local/lib/python3.7/site-packages/airflow/example_dags/example_xcom.py
[2022-10-09T07:15:53.831+0000] {logging_mixin.py:117} INFO - [2022-10-09T07:15:53.831+0000] {dag.py:2573} INFO - Sync 1 DAGs
[2022-10-09T07:15:53.845+0000] {logging_mixin.py:117} INFO - [2022-10-09T07:15:53.845+0000] {dag.py:3328} INFO - Setting next_dagrun for example_xcom to 2021-01-01T00:00:00+00:00, run_after=2021-01-01T00:00:00+00:00
[2022-10-09T07:15:53.856+0000] {processor.py:178} INFO - Processing /home/airflow/.local/lib/python3.7/site-packages/airflow/example_dags/example_xcom.py took 0.067 seconds
[2022-10-09T07:16:24.169+0000] {processor.py:156} INFO - Started process (PID=3099) to work on /home/airflow/.local/lib/python3.7/site-packages/airflow/example_dags/example_xcom.py
[2022-10-09T07:16:24.171+0000] {processor.py:758} INFO - Processing file /home/airflow/.local/lib/python3.7/site-packages/airflow/example_dags/example_xcom.py for tasks to queue
[2022-10-09T07:16:24.172+0000] {logging_mixin.py:117} INFO - [2022-10-09T07:16:24.172+0000] {dagbag.py:525} INFO - Filling up the DagBag from /home/airflow/.local/lib/python3.7/site-packages/airflow/example_dags/example_xcom.py
[2022-10-09T07:16:24.187+0000] {processor.py:768} INFO - DAG(s) dict_keys(['example_xcom']) retrieved from /home/airflow/.local/lib/python3.7/site-packages/airflow/example_dags/example_xcom.py
[2022-10-09T07:16:24.212+0000] {logging_mixin.py:117} INFO - [2022-10-09T07:16:24.211+0000] {dag.py:2573} INFO - Sync 1 DAGs
[2022-10-09T07:16:24.227+0000] {logging_mixin.py:117} INFO - [2022-10-09T07:16:24.227+0000] {dag.py:3328} INFO - Setting next_dagrun for example_xcom to 2021-01-01T00:00:00+00:00, run_after=2021-01-01T00:00:00+00:00
[2022-10-09T07:16:24.239+0000] {processor.py:178} INFO - Processing /home/airflow/.local/lib/python3.7/site-packages/airflow/example_dags/example_xcom.py took 0.073 seconds
[2022-10-09T07:16:54.505+0000] {processor.py:156} INFO - Started process (PID=3161) to work on /home/airflow/.local/lib/python3.7/site-packages/airflow/example_dags/example_xcom.py
[2022-10-09T07:16:54.506+0000] {processor.py:758} INFO - Processing file /home/airflow/.local/lib/python3.7/site-packages/airflow/example_dags/example_xcom.py for tasks to queue
[2022-10-09T07:16:54.507+0000] {logging_mixin.py:117} INFO - [2022-10-09T07:16:54.507+0000] {dagbag.py:525} INFO - Filling up the DagBag from /home/airflow/.local/lib/python3.7/site-packages/airflow/example_dags/example_xcom.py
[2022-10-09T07:16:54.521+0000] {processor.py:768} INFO - DAG(s) dict_keys(['example_xcom']) retrieved from /home/airflow/.local/lib/python3.7/site-packages/airflow/example_dags/example_xcom.py
[2022-10-09T07:16:54.546+0000] {logging_mixin.py:117} INFO - [2022-10-09T07:16:54.546+0000] {dag.py:2573} INFO - Sync 1 DAGs
[2022-10-09T07:16:54.560+0000] {logging_mixin.py:117} INFO - [2022-10-09T07:16:54.560+0000] {dag.py:3328} INFO - Setting next_dagrun for example_xcom to 2021-01-01T00:00:00+00:00, run_after=2021-01-01T00:00:00+00:00
[2022-10-09T07:16:54.571+0000] {processor.py:178} INFO - Processing /home/airflow/.local/lib/python3.7/site-packages/airflow/example_dags/example_xcom.py took 0.068 seconds
[2022-10-09T07:17:24.771+0000] {processor.py:156} INFO - Started process (PID=3224) to work on /home/airflow/.local/lib/python3.7/site-packages/airflow/example_dags/example_xcom.py
[2022-10-09T07:17:24.773+0000] {processor.py:758} INFO - Processing file /home/airflow/.local/lib/python3.7/site-packages/airflow/example_dags/example_xcom.py for tasks to queue
[2022-10-09T07:17:24.774+0000] {logging_mixin.py:117} INFO - [2022-10-09T07:17:24.774+0000] {dagbag.py:525} INFO - Filling up the DagBag from /home/airflow/.local/lib/python3.7/site-packages/airflow/example_dags/example_xcom.py
[2022-10-09T07:17:24.792+0000] {processor.py:768} INFO - DAG(s) dict_keys(['example_xcom']) retrieved from /home/airflow/.local/lib/python3.7/site-packages/airflow/example_dags/example_xcom.py
[2022-10-09T07:17:24.875+0000] {logging_mixin.py:117} INFO - [2022-10-09T07:17:24.874+0000] {dag.py:2573} INFO - Sync 1 DAGs
[2022-10-09T07:17:24.948+0000] {logging_mixin.py:117} INFO - [2022-10-09T07:17:24.948+0000] {dag.py:3328} INFO - Setting next_dagrun for example_xcom to 2021-01-01T00:00:00+00:00, run_after=2021-01-01T00:00:00+00:00
[2022-10-09T07:17:24.976+0000] {processor.py:178} INFO - Processing /home/airflow/.local/lib/python3.7/site-packages/airflow/example_dags/example_xcom.py took 0.208 seconds
[2022-10-09T07:17:55.434+0000] {processor.py:156} INFO - Started process (PID=3285) to work on /home/airflow/.local/lib/python3.7/site-packages/airflow/example_dags/example_xcom.py
[2022-10-09T07:17:55.436+0000] {processor.py:758} INFO - Processing file /home/airflow/.local/lib/python3.7/site-packages/airflow/example_dags/example_xcom.py for tasks to queue
[2022-10-09T07:17:55.437+0000] {logging_mixin.py:117} INFO - [2022-10-09T07:17:55.437+0000] {dagbag.py:525} INFO - Filling up the DagBag from /home/airflow/.local/lib/python3.7/site-packages/airflow/example_dags/example_xcom.py
[2022-10-09T07:17:55.451+0000] {processor.py:768} INFO - DAG(s) dict_keys(['example_xcom']) retrieved from /home/airflow/.local/lib/python3.7/site-packages/airflow/example_dags/example_xcom.py
[2022-10-09T07:17:55.477+0000] {logging_mixin.py:117} INFO - [2022-10-09T07:17:55.477+0000] {dag.py:2573} INFO - Sync 1 DAGs
[2022-10-09T07:17:55.492+0000] {logging_mixin.py:117} INFO - [2022-10-09T07:17:55.492+0000] {dag.py:3328} INFO - Setting next_dagrun for example_xcom to 2021-01-01T00:00:00+00:00, run_after=2021-01-01T00:00:00+00:00
[2022-10-09T07:17:55.506+0000] {processor.py:178} INFO - Processing /home/airflow/.local/lib/python3.7/site-packages/airflow/example_dags/example_xcom.py took 0.073 seconds
[2022-10-09T07:18:25.805+0000] {processor.py:156} INFO - Started process (PID=3348) to work on /home/airflow/.local/lib/python3.7/site-packages/airflow/example_dags/example_xcom.py
[2022-10-09T07:18:25.806+0000] {processor.py:758} INFO - Processing file /home/airflow/.local/lib/python3.7/site-packages/airflow/example_dags/example_xcom.py for tasks to queue
[2022-10-09T07:18:25.807+0000] {logging_mixin.py:117} INFO - [2022-10-09T07:18:25.807+0000] {dagbag.py:525} INFO - Filling up the DagBag from /home/airflow/.local/lib/python3.7/site-packages/airflow/example_dags/example_xcom.py
[2022-10-09T07:18:25.823+0000] {processor.py:768} INFO - DAG(s) dict_keys(['example_xcom']) retrieved from /home/airflow/.local/lib/python3.7/site-packages/airflow/example_dags/example_xcom.py
[2022-10-09T07:18:25.853+0000] {logging_mixin.py:117} INFO - [2022-10-09T07:18:25.853+0000] {dag.py:2573} INFO - Sync 1 DAGs
[2022-10-09T07:18:25.872+0000] {logging_mixin.py:117} INFO - [2022-10-09T07:18:25.871+0000] {dag.py:3328} INFO - Setting next_dagrun for example_xcom to 2021-01-01T00:00:00+00:00, run_after=2021-01-01T00:00:00+00:00
[2022-10-09T07:18:25.885+0000] {processor.py:178} INFO - Processing /home/airflow/.local/lib/python3.7/site-packages/airflow/example_dags/example_xcom.py took 0.083 seconds
[2022-10-09T07:18:56.884+0000] {processor.py:156} INFO - Started process (PID=3410) to work on /home/airflow/.local/lib/python3.7/site-packages/airflow/example_dags/example_xcom.py
[2022-10-09T07:18:56.887+0000] {processor.py:758} INFO - Processing file /home/airflow/.local/lib/python3.7/site-packages/airflow/example_dags/example_xcom.py for tasks to queue
[2022-10-09T07:18:56.892+0000] {logging_mixin.py:117} INFO - [2022-10-09T07:18:56.891+0000] {dagbag.py:525} INFO - Filling up the DagBag from /home/airflow/.local/lib/python3.7/site-packages/airflow/example_dags/example_xcom.py
[2022-10-09T07:18:56.929+0000] {processor.py:768} INFO - DAG(s) dict_keys(['example_xcom']) retrieved from /home/airflow/.local/lib/python3.7/site-packages/airflow/example_dags/example_xcom.py
[2022-10-09T07:18:56.984+0000] {logging_mixin.py:117} INFO - [2022-10-09T07:18:56.984+0000] {dag.py:2573} INFO - Sync 1 DAGs
[2022-10-09T07:18:57.010+0000] {logging_mixin.py:117} INFO - [2022-10-09T07:18:57.010+0000] {dag.py:3328} INFO - Setting next_dagrun for example_xcom to 2021-01-01T00:00:00+00:00, run_after=2021-01-01T00:00:00+00:00
[2022-10-09T07:18:57.049+0000] {processor.py:178} INFO - Processing /home/airflow/.local/lib/python3.7/site-packages/airflow/example_dags/example_xcom.py took 0.185 seconds
[2022-10-09T07:19:27.342+0000] {processor.py:156} INFO - Started process (PID=3464) to work on /home/airflow/.local/lib/python3.7/site-packages/airflow/example_dags/example_xcom.py
[2022-10-09T07:19:27.345+0000] {processor.py:758} INFO - Processing file /home/airflow/.local/lib/python3.7/site-packages/airflow/example_dags/example_xcom.py for tasks to queue
[2022-10-09T07:19:27.347+0000] {logging_mixin.py:117} INFO - [2022-10-09T07:19:27.347+0000] {dagbag.py:525} INFO - Filling up the DagBag from /home/airflow/.local/lib/python3.7/site-packages/airflow/example_dags/example_xcom.py
[2022-10-09T07:19:27.364+0000] {processor.py:768} INFO - DAG(s) dict_keys(['example_xcom']) retrieved from /home/airflow/.local/lib/python3.7/site-packages/airflow/example_dags/example_xcom.py
[2022-10-09T07:19:27.392+0000] {logging_mixin.py:117} INFO - [2022-10-09T07:19:27.392+0000] {dag.py:2573} INFO - Sync 1 DAGs
[2022-10-09T07:19:27.415+0000] {logging_mixin.py:117} INFO - [2022-10-09T07:19:27.414+0000] {dag.py:3328} INFO - Setting next_dagrun for example_xcom to 2021-01-01T00:00:00+00:00, run_after=2021-01-01T00:00:00+00:00
[2022-10-09T07:19:27.428+0000] {processor.py:178} INFO - Processing /home/airflow/.local/lib/python3.7/site-packages/airflow/example_dags/example_xcom.py took 0.089 seconds
[2022-10-09T07:19:57.696+0000] {processor.py:156} INFO - Started process (PID=3528) to work on /home/airflow/.local/lib/python3.7/site-packages/airflow/example_dags/example_xcom.py
[2022-10-09T07:19:57.697+0000] {processor.py:758} INFO - Processing file /home/airflow/.local/lib/python3.7/site-packages/airflow/example_dags/example_xcom.py for tasks to queue
[2022-10-09T07:19:57.698+0000] {logging_mixin.py:117} INFO - [2022-10-09T07:19:57.698+0000] {dagbag.py:525} INFO - Filling up the DagBag from /home/airflow/.local/lib/python3.7/site-packages/airflow/example_dags/example_xcom.py
[2022-10-09T07:19:57.714+0000] {processor.py:768} INFO - DAG(s) dict_keys(['example_xcom']) retrieved from /home/airflow/.local/lib/python3.7/site-packages/airflow/example_dags/example_xcom.py
[2022-10-09T07:19:57.742+0000] {logging_mixin.py:117} INFO - [2022-10-09T07:19:57.742+0000] {dag.py:2573} INFO - Sync 1 DAGs
[2022-10-09T07:19:57.757+0000] {logging_mixin.py:117} INFO - [2022-10-09T07:19:57.757+0000] {dag.py:3328} INFO - Setting next_dagrun for example_xcom to 2021-01-01T00:00:00+00:00, run_after=2021-01-01T00:00:00+00:00
[2022-10-09T07:19:57.770+0000] {processor.py:178} INFO - Processing /home/airflow/.local/lib/python3.7/site-packages/airflow/example_dags/example_xcom.py took 0.076 seconds
[2022-10-09T07:20:28.287+0000] {processor.py:156} INFO - Started process (PID=3591) to work on /home/airflow/.local/lib/python3.7/site-packages/airflow/example_dags/example_xcom.py
[2022-10-09T07:20:28.289+0000] {processor.py:758} INFO - Processing file /home/airflow/.local/lib/python3.7/site-packages/airflow/example_dags/example_xcom.py for tasks to queue
[2022-10-09T07:20:28.290+0000] {logging_mixin.py:117} INFO - [2022-10-09T07:20:28.290+0000] {dagbag.py:525} INFO - Filling up the DagBag from /home/airflow/.local/lib/python3.7/site-packages/airflow/example_dags/example_xcom.py
[2022-10-09T07:20:28.305+0000] {processor.py:768} INFO - DAG(s) dict_keys(['example_xcom']) retrieved from /home/airflow/.local/lib/python3.7/site-packages/airflow/example_dags/example_xcom.py
[2022-10-09T07:20:28.333+0000] {logging_mixin.py:117} INFO - [2022-10-09T07:20:28.333+0000] {dag.py:2573} INFO - Sync 1 DAGs
[2022-10-09T07:20:28.348+0000] {logging_mixin.py:117} INFO - [2022-10-09T07:20:28.348+0000] {dag.py:3328} INFO - Setting next_dagrun for example_xcom to 2021-01-01T00:00:00+00:00, run_after=2021-01-01T00:00:00+00:00
[2022-10-09T07:20:28.360+0000] {processor.py:178} INFO - Processing /home/airflow/.local/lib/python3.7/site-packages/airflow/example_dags/example_xcom.py took 0.076 seconds
[2022-10-09T07:20:58.962+0000] {processor.py:156} INFO - Started process (PID=3654) to work on /home/airflow/.local/lib/python3.7/site-packages/airflow/example_dags/example_xcom.py
[2022-10-09T07:20:58.965+0000] {processor.py:758} INFO - Processing file /home/airflow/.local/lib/python3.7/site-packages/airflow/example_dags/example_xcom.py for tasks to queue
[2022-10-09T07:20:58.967+0000] {logging_mixin.py:117} INFO - [2022-10-09T07:20:58.967+0000] {dagbag.py:525} INFO - Filling up the DagBag from /home/airflow/.local/lib/python3.7/site-packages/airflow/example_dags/example_xcom.py
[2022-10-09T07:20:58.992+0000] {processor.py:768} INFO - DAG(s) dict_keys(['example_xcom']) retrieved from /home/airflow/.local/lib/python3.7/site-packages/airflow/example_dags/example_xcom.py
[2022-10-09T07:20:59.024+0000] {logging_mixin.py:117} INFO - [2022-10-09T07:20:59.024+0000] {dag.py:2573} INFO - Sync 1 DAGs
[2022-10-09T07:20:59.041+0000] {logging_mixin.py:117} INFO - [2022-10-09T07:20:59.041+0000] {dag.py:3328} INFO - Setting next_dagrun for example_xcom to 2021-01-01T00:00:00+00:00, run_after=2021-01-01T00:00:00+00:00
[2022-10-09T07:20:59.058+0000] {processor.py:178} INFO - Processing /home/airflow/.local/lib/python3.7/site-packages/airflow/example_dags/example_xcom.py took 0.099 seconds
[2022-10-09T07:21:29.419+0000] {processor.py:156} INFO - Started process (PID=3717) to work on /home/airflow/.local/lib/python3.7/site-packages/airflow/example_dags/example_xcom.py
[2022-10-09T07:21:29.422+0000] {processor.py:758} INFO - Processing file /home/airflow/.local/lib/python3.7/site-packages/airflow/example_dags/example_xcom.py for tasks to queue
[2022-10-09T07:21:29.424+0000] {logging_mixin.py:117} INFO - [2022-10-09T07:21:29.424+0000] {dagbag.py:525} INFO - Filling up the DagBag from /home/airflow/.local/lib/python3.7/site-packages/airflow/example_dags/example_xcom.py
[2022-10-09T07:21:29.444+0000] {processor.py:768} INFO - DAG(s) dict_keys(['example_xcom']) retrieved from /home/airflow/.local/lib/python3.7/site-packages/airflow/example_dags/example_xcom.py
[2022-10-09T07:21:29.477+0000] {logging_mixin.py:117} INFO - [2022-10-09T07:21:29.477+0000] {dag.py:2573} INFO - Sync 1 DAGs
[2022-10-09T07:21:29.498+0000] {logging_mixin.py:117} INFO - [2022-10-09T07:21:29.498+0000] {dag.py:3328} INFO - Setting next_dagrun for example_xcom to 2021-01-01T00:00:00+00:00, run_after=2021-01-01T00:00:00+00:00
[2022-10-09T07:21:29.512+0000] {processor.py:178} INFO - Processing /home/airflow/.local/lib/python3.7/site-packages/airflow/example_dags/example_xcom.py took 0.095 seconds
[2022-10-09T07:21:59.725+0000] {processor.py:156} INFO - Started process (PID=3769) to work on /home/airflow/.local/lib/python3.7/site-packages/airflow/example_dags/example_xcom.py
[2022-10-09T07:21:59.727+0000] {processor.py:758} INFO - Processing file /home/airflow/.local/lib/python3.7/site-packages/airflow/example_dags/example_xcom.py for tasks to queue
[2022-10-09T07:21:59.729+0000] {logging_mixin.py:117} INFO - [2022-10-09T07:21:59.729+0000] {dagbag.py:525} INFO - Filling up the DagBag from /home/airflow/.local/lib/python3.7/site-packages/airflow/example_dags/example_xcom.py
[2022-10-09T07:21:59.743+0000] {processor.py:768} INFO - DAG(s) dict_keys(['example_xcom']) retrieved from /home/airflow/.local/lib/python3.7/site-packages/airflow/example_dags/example_xcom.py
[2022-10-09T07:21:59.770+0000] {logging_mixin.py:117} INFO - [2022-10-09T07:21:59.770+0000] {dag.py:2573} INFO - Sync 1 DAGs
[2022-10-09T07:21:59.784+0000] {logging_mixin.py:117} INFO - [2022-10-09T07:21:59.784+0000] {dag.py:3328} INFO - Setting next_dagrun for example_xcom to 2021-01-01T00:00:00+00:00, run_after=2021-01-01T00:00:00+00:00
[2022-10-09T07:21:59.795+0000] {processor.py:178} INFO - Processing /home/airflow/.local/lib/python3.7/site-packages/airflow/example_dags/example_xcom.py took 0.072 seconds
[2022-10-09T07:22:30.087+0000] {processor.py:156} INFO - Started process (PID=3832) to work on /home/airflow/.local/lib/python3.7/site-packages/airflow/example_dags/example_xcom.py
[2022-10-09T07:22:30.089+0000] {processor.py:758} INFO - Processing file /home/airflow/.local/lib/python3.7/site-packages/airflow/example_dags/example_xcom.py for tasks to queue
[2022-10-09T07:22:30.090+0000] {logging_mixin.py:117} INFO - [2022-10-09T07:22:30.090+0000] {dagbag.py:525} INFO - Filling up the DagBag from /home/airflow/.local/lib/python3.7/site-packages/airflow/example_dags/example_xcom.py
[2022-10-09T07:22:30.109+0000] {processor.py:768} INFO - DAG(s) dict_keys(['example_xcom']) retrieved from /home/airflow/.local/lib/python3.7/site-packages/airflow/example_dags/example_xcom.py
[2022-10-09T07:22:30.135+0000] {logging_mixin.py:117} INFO - [2022-10-09T07:22:30.135+0000] {dag.py:2573} INFO - Sync 1 DAGs
[2022-10-09T07:22:30.150+0000] {logging_mixin.py:117} INFO - [2022-10-09T07:22:30.150+0000] {dag.py:3328} INFO - Setting next_dagrun for example_xcom to 2021-01-01T00:00:00+00:00, run_after=2021-01-01T00:00:00+00:00
[2022-10-09T07:22:30.165+0000] {processor.py:178} INFO - Processing /home/airflow/.local/lib/python3.7/site-packages/airflow/example_dags/example_xcom.py took 0.079 seconds
[2022-10-09T07:23:00.312+0000] {processor.py:156} INFO - Started process (PID=3896) to work on /home/airflow/.local/lib/python3.7/site-packages/airflow/example_dags/example_xcom.py
[2022-10-09T07:23:00.314+0000] {processor.py:758} INFO - Processing file /home/airflow/.local/lib/python3.7/site-packages/airflow/example_dags/example_xcom.py for tasks to queue
[2022-10-09T07:23:00.314+0000] {logging_mixin.py:117} INFO - [2022-10-09T07:23:00.314+0000] {dagbag.py:525} INFO - Filling up the DagBag from /home/airflow/.local/lib/python3.7/site-packages/airflow/example_dags/example_xcom.py
[2022-10-09T07:23:00.329+0000] {processor.py:768} INFO - DAG(s) dict_keys(['example_xcom']) retrieved from /home/airflow/.local/lib/python3.7/site-packages/airflow/example_dags/example_xcom.py
[2022-10-09T07:23:00.354+0000] {logging_mixin.py:117} INFO - [2022-10-09T07:23:00.354+0000] {dag.py:2573} INFO - Sync 1 DAGs
[2022-10-09T07:23:00.369+0000] {logging_mixin.py:117} INFO - [2022-10-09T07:23:00.369+0000] {dag.py:3328} INFO - Setting next_dagrun for example_xcom to 2021-01-01T00:00:00+00:00, run_after=2021-01-01T00:00:00+00:00
[2022-10-09T07:23:00.382+0000] {processor.py:178} INFO - Processing /home/airflow/.local/lib/python3.7/site-packages/airflow/example_dags/example_xcom.py took 0.072 seconds
[2022-10-09T07:23:30.653+0000] {processor.py:156} INFO - Started process (PID=3959) to work on /home/airflow/.local/lib/python3.7/site-packages/airflow/example_dags/example_xcom.py
[2022-10-09T07:23:30.655+0000] {processor.py:758} INFO - Processing file /home/airflow/.local/lib/python3.7/site-packages/airflow/example_dags/example_xcom.py for tasks to queue
[2022-10-09T07:23:30.656+0000] {logging_mixin.py:117} INFO - [2022-10-09T07:23:30.656+0000] {dagbag.py:525} INFO - Filling up the DagBag from /home/airflow/.local/lib/python3.7/site-packages/airflow/example_dags/example_xcom.py
[2022-10-09T07:23:30.671+0000] {processor.py:768} INFO - DAG(s) dict_keys(['example_xcom']) retrieved from /home/airflow/.local/lib/python3.7/site-packages/airflow/example_dags/example_xcom.py
[2022-10-09T07:23:30.697+0000] {logging_mixin.py:117} INFO - [2022-10-09T07:23:30.697+0000] {dag.py:2573} INFO - Sync 1 DAGs
[2022-10-09T07:23:30.713+0000] {logging_mixin.py:117} INFO - [2022-10-09T07:23:30.712+0000] {dag.py:3328} INFO - Setting next_dagrun for example_xcom to 2021-01-01T00:00:00+00:00, run_after=2021-01-01T00:00:00+00:00
[2022-10-09T07:23:30.726+0000] {processor.py:178} INFO - Processing /home/airflow/.local/lib/python3.7/site-packages/airflow/example_dags/example_xcom.py took 0.075 seconds
[2022-10-09T07:24:00.993+0000] {processor.py:156} INFO - Started process (PID=4022) to work on /home/airflow/.local/lib/python3.7/site-packages/airflow/example_dags/example_xcom.py
[2022-10-09T07:24:00.994+0000] {processor.py:758} INFO - Processing file /home/airflow/.local/lib/python3.7/site-packages/airflow/example_dags/example_xcom.py for tasks to queue
[2022-10-09T07:24:00.995+0000] {logging_mixin.py:117} INFO - [2022-10-09T07:24:00.995+0000] {dagbag.py:525} INFO - Filling up the DagBag from /home/airflow/.local/lib/python3.7/site-packages/airflow/example_dags/example_xcom.py
[2022-10-09T07:24:01.011+0000] {processor.py:768} INFO - DAG(s) dict_keys(['example_xcom']) retrieved from /home/airflow/.local/lib/python3.7/site-packages/airflow/example_dags/example_xcom.py
[2022-10-09T07:24:01.038+0000] {logging_mixin.py:117} INFO - [2022-10-09T07:24:01.037+0000] {dag.py:2573} INFO - Sync 1 DAGs
[2022-10-09T07:24:01.052+0000] {logging_mixin.py:117} INFO - [2022-10-09T07:24:01.052+0000] {dag.py:3328} INFO - Setting next_dagrun for example_xcom to 2021-01-01T00:00:00+00:00, run_after=2021-01-01T00:00:00+00:00
[2022-10-09T07:24:01.064+0000] {processor.py:178} INFO - Processing /home/airflow/.local/lib/python3.7/site-packages/airflow/example_dags/example_xcom.py took 0.074 seconds
[2022-10-09T07:24:31.630+0000] {processor.py:156} INFO - Started process (PID=4079) to work on /home/airflow/.local/lib/python3.7/site-packages/airflow/example_dags/example_xcom.py
[2022-10-09T07:24:31.631+0000] {processor.py:758} INFO - Processing file /home/airflow/.local/lib/python3.7/site-packages/airflow/example_dags/example_xcom.py for tasks to queue
[2022-10-09T07:24:31.632+0000] {logging_mixin.py:117} INFO - [2022-10-09T07:24:31.632+0000] {dagbag.py:525} INFO - Filling up the DagBag from /home/airflow/.local/lib/python3.7/site-packages/airflow/example_dags/example_xcom.py
[2022-10-09T07:24:31.646+0000] {processor.py:768} INFO - DAG(s) dict_keys(['example_xcom']) retrieved from /home/airflow/.local/lib/python3.7/site-packages/airflow/example_dags/example_xcom.py
[2022-10-09T07:24:31.673+0000] {logging_mixin.py:117} INFO - [2022-10-09T07:24:31.673+0000] {dag.py:2573} INFO - Sync 1 DAGs
[2022-10-09T07:24:31.689+0000] {logging_mixin.py:117} INFO - [2022-10-09T07:24:31.689+0000] {dag.py:3328} INFO - Setting next_dagrun for example_xcom to 2021-01-01T00:00:00+00:00, run_after=2021-01-01T00:00:00+00:00
[2022-10-09T07:24:31.701+0000] {processor.py:178} INFO - Processing /home/airflow/.local/lib/python3.7/site-packages/airflow/example_dags/example_xcom.py took 0.074 seconds
