[2022-10-09T06:40:39.434+0000] {processor.py:156} INFO - Started process (PID=47) to work on /home/airflow/.local/lib/python3.7/site-packages/airflow/example_dags/example_short_circuit_decorator.py
[2022-10-09T06:40:39.436+0000] {processor.py:758} INFO - Processing file /home/airflow/.local/lib/python3.7/site-packages/airflow/example_dags/example_short_circuit_decorator.py for tasks to queue
[2022-10-09T06:40:39.438+0000] {logging_mixin.py:117} INFO - [2022-10-09T06:40:39.438+0000] {dagbag.py:525} INFO - Filling up the DagBag from /home/airflow/.local/lib/python3.7/site-packages/airflow/example_dags/example_short_circuit_decorator.py
[2022-10-09T06:40:39.467+0000] {processor.py:768} INFO - DAG(s) dict_keys(['example_short_circuit_decorator']) retrieved from /home/airflow/.local/lib/python3.7/site-packages/airflow/example_dags/example_short_circuit_decorator.py
[2022-10-09T06:40:39.502+0000] {logging_mixin.py:117} INFO - [2022-10-09T06:40:39.502+0000] {dag.py:2573} INFO - Sync 1 DAGs
[2022-10-09T06:40:39.526+0000] {logging_mixin.py:117} INFO - [2022-10-09T06:40:39.526+0000] {dag.py:3328} INFO - Setting next_dagrun for example_short_circuit_decorator to 2022-10-08T06:40:39.526220+00:00, run_after=2022-10-09T06:40:39.526220+00:00
[2022-10-09T06:40:39.551+0000] {processor.py:178} INFO - Processing /home/airflow/.local/lib/python3.7/site-packages/airflow/example_dags/example_short_circuit_decorator.py took 0.119 seconds
[2022-10-09T06:41:10.062+0000] {processor.py:156} INFO - Started process (PID=110) to work on /home/airflow/.local/lib/python3.7/site-packages/airflow/example_dags/example_short_circuit_decorator.py
[2022-10-09T06:41:10.064+0000] {processor.py:758} INFO - Processing file /home/airflow/.local/lib/python3.7/site-packages/airflow/example_dags/example_short_circuit_decorator.py for tasks to queue
[2022-10-09T06:41:10.065+0000] {logging_mixin.py:117} INFO - [2022-10-09T06:41:10.065+0000] {dagbag.py:525} INFO - Filling up the DagBag from /home/airflow/.local/lib/python3.7/site-packages/airflow/example_dags/example_short_circuit_decorator.py
[2022-10-09T06:41:10.083+0000] {processor.py:768} INFO - DAG(s) dict_keys(['example_short_circuit_decorator']) retrieved from /home/airflow/.local/lib/python3.7/site-packages/airflow/example_dags/example_short_circuit_decorator.py
[2022-10-09T06:41:10.118+0000] {logging_mixin.py:117} INFO - [2022-10-09T06:41:10.118+0000] {dag.py:2573} INFO - Sync 1 DAGs
[2022-10-09T06:41:10.139+0000] {logging_mixin.py:117} INFO - [2022-10-09T06:41:10.139+0000] {dag.py:3328} INFO - Setting next_dagrun for example_short_circuit_decorator to 2022-10-08T06:41:10.138957+00:00, run_after=2022-10-09T06:41:10.138957+00:00
[2022-10-09T06:41:10.160+0000] {processor.py:178} INFO - Processing /home/airflow/.local/lib/python3.7/site-packages/airflow/example_dags/example_short_circuit_decorator.py took 0.100 seconds
[2022-10-09T06:41:40.622+0000] {processor.py:156} INFO - Started process (PID=174) to work on /home/airflow/.local/lib/python3.7/site-packages/airflow/example_dags/example_short_circuit_decorator.py
[2022-10-09T06:41:40.624+0000] {processor.py:758} INFO - Processing file /home/airflow/.local/lib/python3.7/site-packages/airflow/example_dags/example_short_circuit_decorator.py for tasks to queue
[2022-10-09T06:41:40.626+0000] {logging_mixin.py:117} INFO - [2022-10-09T06:41:40.625+0000] {dagbag.py:525} INFO - Filling up the DagBag from /home/airflow/.local/lib/python3.7/site-packages/airflow/example_dags/example_short_circuit_decorator.py
[2022-10-09T06:41:40.641+0000] {processor.py:768} INFO - DAG(s) dict_keys(['example_short_circuit_decorator']) retrieved from /home/airflow/.local/lib/python3.7/site-packages/airflow/example_dags/example_short_circuit_decorator.py
[2022-10-09T06:41:40.666+0000] {logging_mixin.py:117} INFO - [2022-10-09T06:41:40.666+0000] {dag.py:2573} INFO - Sync 1 DAGs
[2022-10-09T06:41:40.683+0000] {logging_mixin.py:117} INFO - [2022-10-09T06:41:40.683+0000] {dag.py:3328} INFO - Setting next_dagrun for example_short_circuit_decorator to 2022-10-08T06:41:40.683042+00:00, run_after=2022-10-09T06:41:40.683042+00:00
[2022-10-09T06:41:40.697+0000] {processor.py:178} INFO - Processing /home/airflow/.local/lib/python3.7/site-packages/airflow/example_dags/example_short_circuit_decorator.py took 0.077 seconds
[2022-10-09T06:42:11.325+0000] {processor.py:156} INFO - Started process (PID=237) to work on /home/airflow/.local/lib/python3.7/site-packages/airflow/example_dags/example_short_circuit_decorator.py
[2022-10-09T06:42:11.326+0000] {processor.py:758} INFO - Processing file /home/airflow/.local/lib/python3.7/site-packages/airflow/example_dags/example_short_circuit_decorator.py for tasks to queue
[2022-10-09T06:42:11.329+0000] {logging_mixin.py:117} INFO - [2022-10-09T06:42:11.329+0000] {dagbag.py:525} INFO - Filling up the DagBag from /home/airflow/.local/lib/python3.7/site-packages/airflow/example_dags/example_short_circuit_decorator.py
[2022-10-09T06:42:11.347+0000] {processor.py:768} INFO - DAG(s) dict_keys(['example_short_circuit_decorator']) retrieved from /home/airflow/.local/lib/python3.7/site-packages/airflow/example_dags/example_short_circuit_decorator.py
[2022-10-09T06:42:11.375+0000] {logging_mixin.py:117} INFO - [2022-10-09T06:42:11.375+0000] {dag.py:2573} INFO - Sync 1 DAGs
[2022-10-09T06:42:11.391+0000] {logging_mixin.py:117} INFO - [2022-10-09T06:42:11.391+0000] {dag.py:3328} INFO - Setting next_dagrun for example_short_circuit_decorator to 2022-10-08T06:42:11.391434+00:00, run_after=2022-10-09T06:42:11.391434+00:00
[2022-10-09T06:42:11.404+0000] {processor.py:178} INFO - Processing /home/airflow/.local/lib/python3.7/site-packages/airflow/example_dags/example_short_circuit_decorator.py took 0.081 seconds
[2022-10-09T06:42:41.703+0000] {processor.py:156} INFO - Started process (PID=291) to work on /home/airflow/.local/lib/python3.7/site-packages/airflow/example_dags/example_short_circuit_decorator.py
[2022-10-09T06:42:41.707+0000] {processor.py:758} INFO - Processing file /home/airflow/.local/lib/python3.7/site-packages/airflow/example_dags/example_short_circuit_decorator.py for tasks to queue
[2022-10-09T06:42:41.709+0000] {logging_mixin.py:117} INFO - [2022-10-09T06:42:41.709+0000] {dagbag.py:525} INFO - Filling up the DagBag from /home/airflow/.local/lib/python3.7/site-packages/airflow/example_dags/example_short_circuit_decorator.py
[2022-10-09T06:42:41.733+0000] {processor.py:768} INFO - DAG(s) dict_keys(['example_short_circuit_decorator']) retrieved from /home/airflow/.local/lib/python3.7/site-packages/airflow/example_dags/example_short_circuit_decorator.py
[2022-10-09T06:42:41.763+0000] {logging_mixin.py:117} INFO - [2022-10-09T06:42:41.763+0000] {dag.py:2573} INFO - Sync 1 DAGs
[2022-10-09T06:42:41.780+0000] {logging_mixin.py:117} INFO - [2022-10-09T06:42:41.780+0000] {dag.py:3328} INFO - Setting next_dagrun for example_short_circuit_decorator to 2022-10-08T06:42:41.780506+00:00, run_after=2022-10-09T06:42:41.780506+00:00
[2022-10-09T06:42:41.800+0000] {processor.py:178} INFO - Processing /home/airflow/.local/lib/python3.7/site-packages/airflow/example_dags/example_short_circuit_decorator.py took 0.099 seconds
[2022-10-09T06:43:12.094+0000] {processor.py:156} INFO - Started process (PID=354) to work on /home/airflow/.local/lib/python3.7/site-packages/airflow/example_dags/example_short_circuit_decorator.py
[2022-10-09T06:43:12.095+0000] {processor.py:758} INFO - Processing file /home/airflow/.local/lib/python3.7/site-packages/airflow/example_dags/example_short_circuit_decorator.py for tasks to queue
[2022-10-09T06:43:12.096+0000] {logging_mixin.py:117} INFO - [2022-10-09T06:43:12.096+0000] {dagbag.py:525} INFO - Filling up the DagBag from /home/airflow/.local/lib/python3.7/site-packages/airflow/example_dags/example_short_circuit_decorator.py
[2022-10-09T06:43:12.116+0000] {processor.py:768} INFO - DAG(s) dict_keys(['example_short_circuit_decorator']) retrieved from /home/airflow/.local/lib/python3.7/site-packages/airflow/example_dags/example_short_circuit_decorator.py
[2022-10-09T06:43:12.142+0000] {logging_mixin.py:117} INFO - [2022-10-09T06:43:12.142+0000] {dag.py:2573} INFO - Sync 1 DAGs
[2022-10-09T06:43:12.158+0000] {logging_mixin.py:117} INFO - [2022-10-09T06:43:12.158+0000] {dag.py:3328} INFO - Setting next_dagrun for example_short_circuit_decorator to 2022-10-08T06:43:12.158175+00:00, run_after=2022-10-09T06:43:12.158175+00:00
[2022-10-09T06:43:12.169+0000] {processor.py:178} INFO - Processing /home/airflow/.local/lib/python3.7/site-packages/airflow/example_dags/example_short_circuit_decorator.py took 0.078 seconds
[2022-10-09T06:43:42.333+0000] {processor.py:156} INFO - Started process (PID=417) to work on /home/airflow/.local/lib/python3.7/site-packages/airflow/example_dags/example_short_circuit_decorator.py
[2022-10-09T06:43:42.335+0000] {processor.py:758} INFO - Processing file /home/airflow/.local/lib/python3.7/site-packages/airflow/example_dags/example_short_circuit_decorator.py for tasks to queue
[2022-10-09T06:43:42.335+0000] {logging_mixin.py:117} INFO - [2022-10-09T06:43:42.335+0000] {dagbag.py:525} INFO - Filling up the DagBag from /home/airflow/.local/lib/python3.7/site-packages/airflow/example_dags/example_short_circuit_decorator.py
[2022-10-09T06:43:42.351+0000] {processor.py:768} INFO - DAG(s) dict_keys(['example_short_circuit_decorator']) retrieved from /home/airflow/.local/lib/python3.7/site-packages/airflow/example_dags/example_short_circuit_decorator.py
[2022-10-09T06:43:42.377+0000] {logging_mixin.py:117} INFO - [2022-10-09T06:43:42.377+0000] {dag.py:2573} INFO - Sync 1 DAGs
[2022-10-09T06:43:42.395+0000] {logging_mixin.py:117} INFO - [2022-10-09T06:43:42.395+0000] {dag.py:3328} INFO - Setting next_dagrun for example_short_circuit_decorator to 2022-10-08T06:43:42.395209+00:00, run_after=2022-10-09T06:43:42.395209+00:00
[2022-10-09T06:43:42.409+0000] {processor.py:178} INFO - Processing /home/airflow/.local/lib/python3.7/site-packages/airflow/example_dags/example_short_circuit_decorator.py took 0.078 seconds
[2022-10-09T06:44:12.682+0000] {processor.py:156} INFO - Started process (PID=480) to work on /home/airflow/.local/lib/python3.7/site-packages/airflow/example_dags/example_short_circuit_decorator.py
[2022-10-09T06:44:12.684+0000] {processor.py:758} INFO - Processing file /home/airflow/.local/lib/python3.7/site-packages/airflow/example_dags/example_short_circuit_decorator.py for tasks to queue
[2022-10-09T06:44:12.685+0000] {logging_mixin.py:117} INFO - [2022-10-09T06:44:12.685+0000] {dagbag.py:525} INFO - Filling up the DagBag from /home/airflow/.local/lib/python3.7/site-packages/airflow/example_dags/example_short_circuit_decorator.py
[2022-10-09T06:44:12.700+0000] {processor.py:768} INFO - DAG(s) dict_keys(['example_short_circuit_decorator']) retrieved from /home/airflow/.local/lib/python3.7/site-packages/airflow/example_dags/example_short_circuit_decorator.py
[2022-10-09T06:44:12.725+0000] {logging_mixin.py:117} INFO - [2022-10-09T06:44:12.725+0000] {dag.py:2573} INFO - Sync 1 DAGs
[2022-10-09T06:44:12.741+0000] {logging_mixin.py:117} INFO - [2022-10-09T06:44:12.741+0000] {dag.py:3328} INFO - Setting next_dagrun for example_short_circuit_decorator to 2022-10-08T06:44:12.741590+00:00, run_after=2022-10-09T06:44:12.741590+00:00
[2022-10-09T06:44:12.756+0000] {processor.py:178} INFO - Processing /home/airflow/.local/lib/python3.7/site-packages/airflow/example_dags/example_short_circuit_decorator.py took 0.075 seconds
[2022-10-09T06:44:43.022+0000] {processor.py:156} INFO - Started process (PID=543) to work on /home/airflow/.local/lib/python3.7/site-packages/airflow/example_dags/example_short_circuit_decorator.py
[2022-10-09T06:44:43.024+0000] {processor.py:758} INFO - Processing file /home/airflow/.local/lib/python3.7/site-packages/airflow/example_dags/example_short_circuit_decorator.py for tasks to queue
[2022-10-09T06:44:43.025+0000] {logging_mixin.py:117} INFO - [2022-10-09T06:44:43.025+0000] {dagbag.py:525} INFO - Filling up the DagBag from /home/airflow/.local/lib/python3.7/site-packages/airflow/example_dags/example_short_circuit_decorator.py
[2022-10-09T06:44:43.038+0000] {processor.py:768} INFO - DAG(s) dict_keys(['example_short_circuit_decorator']) retrieved from /home/airflow/.local/lib/python3.7/site-packages/airflow/example_dags/example_short_circuit_decorator.py
[2022-10-09T06:44:43.070+0000] {logging_mixin.py:117} INFO - [2022-10-09T06:44:43.070+0000] {dag.py:2573} INFO - Sync 1 DAGs
[2022-10-09T06:44:43.084+0000] {logging_mixin.py:117} INFO - [2022-10-09T06:44:43.084+0000] {dag.py:3328} INFO - Setting next_dagrun for example_short_circuit_decorator to 2022-10-08T06:44:43.084511+00:00, run_after=2022-10-09T06:44:43.084511+00:00
[2022-10-09T06:44:43.096+0000] {processor.py:178} INFO - Processing /home/airflow/.local/lib/python3.7/site-packages/airflow/example_dags/example_short_circuit_decorator.py took 0.076 seconds
[2022-10-09T06:45:13.227+0000] {processor.py:156} INFO - Started process (PID=597) to work on /home/airflow/.local/lib/python3.7/site-packages/airflow/example_dags/example_short_circuit_decorator.py
[2022-10-09T06:45:13.229+0000] {processor.py:758} INFO - Processing file /home/airflow/.local/lib/python3.7/site-packages/airflow/example_dags/example_short_circuit_decorator.py for tasks to queue
[2022-10-09T06:45:13.230+0000] {logging_mixin.py:117} INFO - [2022-10-09T06:45:13.230+0000] {dagbag.py:525} INFO - Filling up the DagBag from /home/airflow/.local/lib/python3.7/site-packages/airflow/example_dags/example_short_circuit_decorator.py
[2022-10-09T06:45:13.245+0000] {processor.py:768} INFO - DAG(s) dict_keys(['example_short_circuit_decorator']) retrieved from /home/airflow/.local/lib/python3.7/site-packages/airflow/example_dags/example_short_circuit_decorator.py
[2022-10-09T06:45:13.270+0000] {logging_mixin.py:117} INFO - [2022-10-09T06:45:13.269+0000] {dag.py:2573} INFO - Sync 1 DAGs
[2022-10-09T06:45:13.284+0000] {logging_mixin.py:117} INFO - [2022-10-09T06:45:13.284+0000] {dag.py:3328} INFO - Setting next_dagrun for example_short_circuit_decorator to 2022-10-08T06:45:13.284302+00:00, run_after=2022-10-09T06:45:13.284302+00:00
[2022-10-09T06:45:13.299+0000] {processor.py:178} INFO - Processing /home/airflow/.local/lib/python3.7/site-packages/airflow/example_dags/example_short_circuit_decorator.py took 0.074 seconds
[2022-10-09T06:45:43.595+0000] {processor.py:156} INFO - Started process (PID=659) to work on /home/airflow/.local/lib/python3.7/site-packages/airflow/example_dags/example_short_circuit_decorator.py
[2022-10-09T06:45:43.596+0000] {processor.py:758} INFO - Processing file /home/airflow/.local/lib/python3.7/site-packages/airflow/example_dags/example_short_circuit_decorator.py for tasks to queue
[2022-10-09T06:45:43.597+0000] {logging_mixin.py:117} INFO - [2022-10-09T06:45:43.597+0000] {dagbag.py:525} INFO - Filling up the DagBag from /home/airflow/.local/lib/python3.7/site-packages/airflow/example_dags/example_short_circuit_decorator.py
[2022-10-09T06:45:43.613+0000] {processor.py:768} INFO - DAG(s) dict_keys(['example_short_circuit_decorator']) retrieved from /home/airflow/.local/lib/python3.7/site-packages/airflow/example_dags/example_short_circuit_decorator.py
[2022-10-09T06:45:43.638+0000] {logging_mixin.py:117} INFO - [2022-10-09T06:45:43.638+0000] {dag.py:2573} INFO - Sync 1 DAGs
[2022-10-09T06:45:43.652+0000] {logging_mixin.py:117} INFO - [2022-10-09T06:45:43.652+0000] {dag.py:3328} INFO - Setting next_dagrun for example_short_circuit_decorator to 2022-10-08T06:45:43.652662+00:00, run_after=2022-10-09T06:45:43.652662+00:00
[2022-10-09T06:45:43.664+0000] {processor.py:178} INFO - Processing /home/airflow/.local/lib/python3.7/site-packages/airflow/example_dags/example_short_circuit_decorator.py took 0.074 seconds
[2022-10-09T06:46:13.714+0000] {processor.py:156} INFO - Started process (PID=723) to work on /home/airflow/.local/lib/python3.7/site-packages/airflow/example_dags/example_short_circuit_decorator.py
[2022-10-09T06:46:13.715+0000] {processor.py:758} INFO - Processing file /home/airflow/.local/lib/python3.7/site-packages/airflow/example_dags/example_short_circuit_decorator.py for tasks to queue
[2022-10-09T06:46:13.716+0000] {logging_mixin.py:117} INFO - [2022-10-09T06:46:13.716+0000] {dagbag.py:525} INFO - Filling up the DagBag from /home/airflow/.local/lib/python3.7/site-packages/airflow/example_dags/example_short_circuit_decorator.py
[2022-10-09T06:46:13.733+0000] {processor.py:768} INFO - DAG(s) dict_keys(['example_short_circuit_decorator']) retrieved from /home/airflow/.local/lib/python3.7/site-packages/airflow/example_dags/example_short_circuit_decorator.py
[2022-10-09T06:46:13.761+0000] {logging_mixin.py:117} INFO - [2022-10-09T06:46:13.761+0000] {dag.py:2573} INFO - Sync 1 DAGs
[2022-10-09T06:46:13.778+0000] {logging_mixin.py:117} INFO - [2022-10-09T06:46:13.778+0000] {dag.py:3328} INFO - Setting next_dagrun for example_short_circuit_decorator to 2022-10-08T06:46:13.778456+00:00, run_after=2022-10-09T06:46:13.778456+00:00
[2022-10-09T06:46:13.792+0000] {processor.py:178} INFO - Processing /home/airflow/.local/lib/python3.7/site-packages/airflow/example_dags/example_short_circuit_decorator.py took 0.080 seconds
[2022-10-09T06:46:44.074+0000] {processor.py:156} INFO - Started process (PID=787) to work on /home/airflow/.local/lib/python3.7/site-packages/airflow/example_dags/example_short_circuit_decorator.py
[2022-10-09T06:46:44.076+0000] {processor.py:758} INFO - Processing file /home/airflow/.local/lib/python3.7/site-packages/airflow/example_dags/example_short_circuit_decorator.py for tasks to queue
[2022-10-09T06:46:44.077+0000] {logging_mixin.py:117} INFO - [2022-10-09T06:46:44.077+0000] {dagbag.py:525} INFO - Filling up the DagBag from /home/airflow/.local/lib/python3.7/site-packages/airflow/example_dags/example_short_circuit_decorator.py
[2022-10-09T06:46:44.092+0000] {processor.py:768} INFO - DAG(s) dict_keys(['example_short_circuit_decorator']) retrieved from /home/airflow/.local/lib/python3.7/site-packages/airflow/example_dags/example_short_circuit_decorator.py
[2022-10-09T06:46:44.118+0000] {logging_mixin.py:117} INFO - [2022-10-09T06:46:44.118+0000] {dag.py:2573} INFO - Sync 1 DAGs
[2022-10-09T06:46:44.132+0000] {logging_mixin.py:117} INFO - [2022-10-09T06:46:44.132+0000] {dag.py:3328} INFO - Setting next_dagrun for example_short_circuit_decorator to 2022-10-08T06:46:44.132640+00:00, run_after=2022-10-09T06:46:44.132640+00:00
[2022-10-09T06:46:44.145+0000] {processor.py:178} INFO - Processing /home/airflow/.local/lib/python3.7/site-packages/airflow/example_dags/example_short_circuit_decorator.py took 0.073 seconds
[2022-10-09T06:47:14.292+0000] {processor.py:156} INFO - Started process (PID=849) to work on /home/airflow/.local/lib/python3.7/site-packages/airflow/example_dags/example_short_circuit_decorator.py
[2022-10-09T06:47:14.293+0000] {processor.py:758} INFO - Processing file /home/airflow/.local/lib/python3.7/site-packages/airflow/example_dags/example_short_circuit_decorator.py for tasks to queue
[2022-10-09T06:47:14.294+0000] {logging_mixin.py:117} INFO - [2022-10-09T06:47:14.294+0000] {dagbag.py:525} INFO - Filling up the DagBag from /home/airflow/.local/lib/python3.7/site-packages/airflow/example_dags/example_short_circuit_decorator.py
[2022-10-09T06:47:14.311+0000] {processor.py:768} INFO - DAG(s) dict_keys(['example_short_circuit_decorator']) retrieved from /home/airflow/.local/lib/python3.7/site-packages/airflow/example_dags/example_short_circuit_decorator.py
[2022-10-09T06:47:14.340+0000] {logging_mixin.py:117} INFO - [2022-10-09T06:47:14.339+0000] {dag.py:2573} INFO - Sync 1 DAGs
[2022-10-09T06:47:14.355+0000] {logging_mixin.py:117} INFO - [2022-10-09T06:47:14.355+0000] {dag.py:3328} INFO - Setting next_dagrun for example_short_circuit_decorator to 2022-10-08T06:47:14.355260+00:00, run_after=2022-10-09T06:47:14.355260+00:00
[2022-10-09T06:47:14.368+0000] {processor.py:178} INFO - Processing /home/airflow/.local/lib/python3.7/site-packages/airflow/example_dags/example_short_circuit_decorator.py took 0.079 seconds
[2022-10-09T06:47:44.478+0000] {processor.py:156} INFO - Started process (PID=902) to work on /home/airflow/.local/lib/python3.7/site-packages/airflow/example_dags/example_short_circuit_decorator.py
[2022-10-09T06:47:44.480+0000] {processor.py:758} INFO - Processing file /home/airflow/.local/lib/python3.7/site-packages/airflow/example_dags/example_short_circuit_decorator.py for tasks to queue
[2022-10-09T06:47:44.481+0000] {logging_mixin.py:117} INFO - [2022-10-09T06:47:44.481+0000] {dagbag.py:525} INFO - Filling up the DagBag from /home/airflow/.local/lib/python3.7/site-packages/airflow/example_dags/example_short_circuit_decorator.py
[2022-10-09T06:47:44.497+0000] {processor.py:768} INFO - DAG(s) dict_keys(['example_short_circuit_decorator']) retrieved from /home/airflow/.local/lib/python3.7/site-packages/airflow/example_dags/example_short_circuit_decorator.py
[2022-10-09T06:47:44.522+0000] {logging_mixin.py:117} INFO - [2022-10-09T06:47:44.522+0000] {dag.py:2573} INFO - Sync 1 DAGs
[2022-10-09T06:47:44.539+0000] {logging_mixin.py:117} INFO - [2022-10-09T06:47:44.539+0000] {dag.py:3328} INFO - Setting next_dagrun for example_short_circuit_decorator to 2022-10-08T06:47:44.539531+00:00, run_after=2022-10-09T06:47:44.539531+00:00
[2022-10-09T06:47:44.554+0000] {processor.py:178} INFO - Processing /home/airflow/.local/lib/python3.7/site-packages/airflow/example_dags/example_short_circuit_decorator.py took 0.078 seconds
[2022-10-09T06:48:14.818+0000] {processor.py:156} INFO - Started process (PID=964) to work on /home/airflow/.local/lib/python3.7/site-packages/airflow/example_dags/example_short_circuit_decorator.py
[2022-10-09T06:48:14.819+0000] {processor.py:758} INFO - Processing file /home/airflow/.local/lib/python3.7/site-packages/airflow/example_dags/example_short_circuit_decorator.py for tasks to queue
[2022-10-09T06:48:14.820+0000] {logging_mixin.py:117} INFO - [2022-10-09T06:48:14.820+0000] {dagbag.py:525} INFO - Filling up the DagBag from /home/airflow/.local/lib/python3.7/site-packages/airflow/example_dags/example_short_circuit_decorator.py
[2022-10-09T06:48:14.835+0000] {processor.py:768} INFO - DAG(s) dict_keys(['example_short_circuit_decorator']) retrieved from /home/airflow/.local/lib/python3.7/site-packages/airflow/example_dags/example_short_circuit_decorator.py
[2022-10-09T06:48:14.861+0000] {logging_mixin.py:117} INFO - [2022-10-09T06:48:14.861+0000] {dag.py:2573} INFO - Sync 1 DAGs
[2022-10-09T06:48:14.878+0000] {logging_mixin.py:117} INFO - [2022-10-09T06:48:14.878+0000] {dag.py:3328} INFO - Setting next_dagrun for example_short_circuit_decorator to 2022-10-08T06:48:14.878126+00:00, run_after=2022-10-09T06:48:14.878126+00:00
[2022-10-09T06:48:14.888+0000] {processor.py:178} INFO - Processing /home/airflow/.local/lib/python3.7/site-packages/airflow/example_dags/example_short_circuit_decorator.py took 0.073 seconds
[2022-10-09T06:59:09.698+0000] {processor.py:156} INFO - Started process (PID=1018) to work on /home/airflow/.local/lib/python3.7/site-packages/airflow/example_dags/example_short_circuit_decorator.py
[2022-10-09T06:59:09.700+0000] {processor.py:758} INFO - Processing file /home/airflow/.local/lib/python3.7/site-packages/airflow/example_dags/example_short_circuit_decorator.py for tasks to queue
[2022-10-09T06:59:09.702+0000] {logging_mixin.py:117} INFO - [2022-10-09T06:59:09.702+0000] {dagbag.py:525} INFO - Filling up the DagBag from /home/airflow/.local/lib/python3.7/site-packages/airflow/example_dags/example_short_circuit_decorator.py
[2022-10-09T06:59:09.719+0000] {processor.py:768} INFO - DAG(s) dict_keys(['example_short_circuit_decorator']) retrieved from /home/airflow/.local/lib/python3.7/site-packages/airflow/example_dags/example_short_circuit_decorator.py
[2022-10-09T06:59:09.755+0000] {logging_mixin.py:117} INFO - [2022-10-09T06:59:09.755+0000] {dag.py:2573} INFO - Sync 1 DAGs
[2022-10-09T06:59:09.778+0000] {logging_mixin.py:117} INFO - [2022-10-09T06:59:09.777+0000] {dag.py:3328} INFO - Setting next_dagrun for example_short_circuit_decorator to 2022-10-08T06:59:09.777790+00:00, run_after=2022-10-09T06:59:09.777790+00:00
[2022-10-09T06:59:09.820+0000] {processor.py:178} INFO - Processing /home/airflow/.local/lib/python3.7/site-packages/airflow/example_dags/example_short_circuit_decorator.py took 0.124 seconds
[2022-10-09T06:59:40.608+0000] {processor.py:156} INFO - Started process (PID=1082) to work on /home/airflow/.local/lib/python3.7/site-packages/airflow/example_dags/example_short_circuit_decorator.py
[2022-10-09T06:59:40.610+0000] {processor.py:758} INFO - Processing file /home/airflow/.local/lib/python3.7/site-packages/airflow/example_dags/example_short_circuit_decorator.py for tasks to queue
[2022-10-09T06:59:40.611+0000] {logging_mixin.py:117} INFO - [2022-10-09T06:59:40.611+0000] {dagbag.py:525} INFO - Filling up the DagBag from /home/airflow/.local/lib/python3.7/site-packages/airflow/example_dags/example_short_circuit_decorator.py
[2022-10-09T06:59:40.625+0000] {processor.py:768} INFO - DAG(s) dict_keys(['example_short_circuit_decorator']) retrieved from /home/airflow/.local/lib/python3.7/site-packages/airflow/example_dags/example_short_circuit_decorator.py
[2022-10-09T06:59:40.649+0000] {logging_mixin.py:117} INFO - [2022-10-09T06:59:40.649+0000] {dag.py:2573} INFO - Sync 1 DAGs
[2022-10-09T06:59:40.661+0000] {logging_mixin.py:117} INFO - [2022-10-09T06:59:40.661+0000] {dag.py:3328} INFO - Setting next_dagrun for example_short_circuit_decorator to 2022-10-08T06:59:40.661569+00:00, run_after=2022-10-09T06:59:40.661569+00:00
[2022-10-09T06:59:40.672+0000] {processor.py:178} INFO - Processing /home/airflow/.local/lib/python3.7/site-packages/airflow/example_dags/example_short_circuit_decorator.py took 0.066 seconds
[2022-10-09T07:00:11.028+0000] {processor.py:156} INFO - Started process (PID=1145) to work on /home/airflow/.local/lib/python3.7/site-packages/airflow/example_dags/example_short_circuit_decorator.py
[2022-10-09T07:00:11.030+0000] {processor.py:758} INFO - Processing file /home/airflow/.local/lib/python3.7/site-packages/airflow/example_dags/example_short_circuit_decorator.py for tasks to queue
[2022-10-09T07:00:11.031+0000] {logging_mixin.py:117} INFO - [2022-10-09T07:00:11.031+0000] {dagbag.py:525} INFO - Filling up the DagBag from /home/airflow/.local/lib/python3.7/site-packages/airflow/example_dags/example_short_circuit_decorator.py
[2022-10-09T07:00:11.050+0000] {processor.py:768} INFO - DAG(s) dict_keys(['example_short_circuit_decorator']) retrieved from /home/airflow/.local/lib/python3.7/site-packages/airflow/example_dags/example_short_circuit_decorator.py
[2022-10-09T07:00:11.077+0000] {logging_mixin.py:117} INFO - [2022-10-09T07:00:11.076+0000] {dag.py:2573} INFO - Sync 1 DAGs
[2022-10-09T07:00:11.102+0000] {logging_mixin.py:117} INFO - [2022-10-09T07:00:11.102+0000] {dag.py:3328} INFO - Setting next_dagrun for example_short_circuit_decorator to 2022-10-08T07:00:11.101845+00:00, run_after=2022-10-09T07:00:11.101845+00:00
[2022-10-09T07:00:11.127+0000] {processor.py:178} INFO - Processing /home/airflow/.local/lib/python3.7/site-packages/airflow/example_dags/example_short_circuit_decorator.py took 0.102 seconds
[2022-10-09T07:00:41.586+0000] {processor.py:156} INFO - Started process (PID=1199) to work on /home/airflow/.local/lib/python3.7/site-packages/airflow/example_dags/example_short_circuit_decorator.py
[2022-10-09T07:00:41.588+0000] {processor.py:758} INFO - Processing file /home/airflow/.local/lib/python3.7/site-packages/airflow/example_dags/example_short_circuit_decorator.py for tasks to queue
[2022-10-09T07:00:41.589+0000] {logging_mixin.py:117} INFO - [2022-10-09T07:00:41.589+0000] {dagbag.py:525} INFO - Filling up the DagBag from /home/airflow/.local/lib/python3.7/site-packages/airflow/example_dags/example_short_circuit_decorator.py
[2022-10-09T07:00:41.603+0000] {processor.py:768} INFO - DAG(s) dict_keys(['example_short_circuit_decorator']) retrieved from /home/airflow/.local/lib/python3.7/site-packages/airflow/example_dags/example_short_circuit_decorator.py
[2022-10-09T07:00:41.629+0000] {logging_mixin.py:117} INFO - [2022-10-09T07:00:41.629+0000] {dag.py:2573} INFO - Sync 1 DAGs
[2022-10-09T07:00:41.645+0000] {logging_mixin.py:117} INFO - [2022-10-09T07:00:41.645+0000] {dag.py:3328} INFO - Setting next_dagrun for example_short_circuit_decorator to 2022-10-08T07:00:41.645234+00:00, run_after=2022-10-09T07:00:41.645234+00:00
[2022-10-09T07:00:41.657+0000] {processor.py:178} INFO - Processing /home/airflow/.local/lib/python3.7/site-packages/airflow/example_dags/example_short_circuit_decorator.py took 0.073 seconds
[2022-10-09T07:01:11.871+0000] {processor.py:156} INFO - Started process (PID=1261) to work on /home/airflow/.local/lib/python3.7/site-packages/airflow/example_dags/example_short_circuit_decorator.py
[2022-10-09T07:01:11.873+0000] {processor.py:758} INFO - Processing file /home/airflow/.local/lib/python3.7/site-packages/airflow/example_dags/example_short_circuit_decorator.py for tasks to queue
[2022-10-09T07:01:11.874+0000] {logging_mixin.py:117} INFO - [2022-10-09T07:01:11.874+0000] {dagbag.py:525} INFO - Filling up the DagBag from /home/airflow/.local/lib/python3.7/site-packages/airflow/example_dags/example_short_circuit_decorator.py
[2022-10-09T07:01:11.888+0000] {processor.py:768} INFO - DAG(s) dict_keys(['example_short_circuit_decorator']) retrieved from /home/airflow/.local/lib/python3.7/site-packages/airflow/example_dags/example_short_circuit_decorator.py
[2022-10-09T07:01:11.916+0000] {logging_mixin.py:117} INFO - [2022-10-09T07:01:11.916+0000] {dag.py:2573} INFO - Sync 1 DAGs
[2022-10-09T07:01:11.933+0000] {logging_mixin.py:117} INFO - [2022-10-09T07:01:11.933+0000] {dag.py:3328} INFO - Setting next_dagrun for example_short_circuit_decorator to 2022-10-08T07:01:11.933246+00:00, run_after=2022-10-09T07:01:11.933246+00:00
[2022-10-09T07:01:11.944+0000] {processor.py:178} INFO - Processing /home/airflow/.local/lib/python3.7/site-packages/airflow/example_dags/example_short_circuit_decorator.py took 0.074 seconds
[2022-10-09T07:01:42.107+0000] {processor.py:156} INFO - Started process (PID=1324) to work on /home/airflow/.local/lib/python3.7/site-packages/airflow/example_dags/example_short_circuit_decorator.py
[2022-10-09T07:01:42.108+0000] {processor.py:758} INFO - Processing file /home/airflow/.local/lib/python3.7/site-packages/airflow/example_dags/example_short_circuit_decorator.py for tasks to queue
[2022-10-09T07:01:42.109+0000] {logging_mixin.py:117} INFO - [2022-10-09T07:01:42.109+0000] {dagbag.py:525} INFO - Filling up the DagBag from /home/airflow/.local/lib/python3.7/site-packages/airflow/example_dags/example_short_circuit_decorator.py
[2022-10-09T07:01:42.122+0000] {processor.py:768} INFO - DAG(s) dict_keys(['example_short_circuit_decorator']) retrieved from /home/airflow/.local/lib/python3.7/site-packages/airflow/example_dags/example_short_circuit_decorator.py
[2022-10-09T07:01:42.147+0000] {logging_mixin.py:117} INFO - [2022-10-09T07:01:42.146+0000] {dag.py:2573} INFO - Sync 1 DAGs
[2022-10-09T07:01:42.160+0000] {logging_mixin.py:117} INFO - [2022-10-09T07:01:42.160+0000] {dag.py:3328} INFO - Setting next_dagrun for example_short_circuit_decorator to 2022-10-08T07:01:42.160107+00:00, run_after=2022-10-09T07:01:42.160107+00:00
[2022-10-09T07:01:42.170+0000] {processor.py:178} INFO - Processing /home/airflow/.local/lib/python3.7/site-packages/airflow/example_dags/example_short_circuit_decorator.py took 0.065 seconds
[2022-10-09T07:02:12.305+0000] {processor.py:156} INFO - Started process (PID=1387) to work on /home/airflow/.local/lib/python3.7/site-packages/airflow/example_dags/example_short_circuit_decorator.py
[2022-10-09T07:02:12.307+0000] {processor.py:758} INFO - Processing file /home/airflow/.local/lib/python3.7/site-packages/airflow/example_dags/example_short_circuit_decorator.py for tasks to queue
[2022-10-09T07:02:12.308+0000] {logging_mixin.py:117} INFO - [2022-10-09T07:02:12.308+0000] {dagbag.py:525} INFO - Filling up the DagBag from /home/airflow/.local/lib/python3.7/site-packages/airflow/example_dags/example_short_circuit_decorator.py
[2022-10-09T07:02:12.323+0000] {processor.py:768} INFO - DAG(s) dict_keys(['example_short_circuit_decorator']) retrieved from /home/airflow/.local/lib/python3.7/site-packages/airflow/example_dags/example_short_circuit_decorator.py
[2022-10-09T07:02:12.353+0000] {logging_mixin.py:117} INFO - [2022-10-09T07:02:12.353+0000] {dag.py:2573} INFO - Sync 1 DAGs
[2022-10-09T07:02:12.368+0000] {logging_mixin.py:117} INFO - [2022-10-09T07:02:12.368+0000] {dag.py:3328} INFO - Setting next_dagrun for example_short_circuit_decorator to 2022-10-08T07:02:12.368383+00:00, run_after=2022-10-09T07:02:12.368383+00:00
[2022-10-09T07:02:12.386+0000] {processor.py:178} INFO - Processing /home/airflow/.local/lib/python3.7/site-packages/airflow/example_dags/example_short_circuit_decorator.py took 0.083 seconds
[2022-10-09T07:02:42.741+0000] {processor.py:156} INFO - Started process (PID=1450) to work on /home/airflow/.local/lib/python3.7/site-packages/airflow/example_dags/example_short_circuit_decorator.py
[2022-10-09T07:02:42.744+0000] {processor.py:758} INFO - Processing file /home/airflow/.local/lib/python3.7/site-packages/airflow/example_dags/example_short_circuit_decorator.py for tasks to queue
[2022-10-09T07:02:42.748+0000] {logging_mixin.py:117} INFO - [2022-10-09T07:02:42.748+0000] {dagbag.py:525} INFO - Filling up the DagBag from /home/airflow/.local/lib/python3.7/site-packages/airflow/example_dags/example_short_circuit_decorator.py
[2022-10-09T07:02:42.781+0000] {processor.py:768} INFO - DAG(s) dict_keys(['example_short_circuit_decorator']) retrieved from /home/airflow/.local/lib/python3.7/site-packages/airflow/example_dags/example_short_circuit_decorator.py
[2022-10-09T07:02:42.825+0000] {logging_mixin.py:117} INFO - [2022-10-09T07:02:42.824+0000] {dag.py:2573} INFO - Sync 1 DAGs
[2022-10-09T07:02:42.882+0000] {logging_mixin.py:117} INFO - [2022-10-09T07:02:42.882+0000] {dag.py:3328} INFO - Setting next_dagrun for example_short_circuit_decorator to 2022-10-08T07:02:42.882098+00:00, run_after=2022-10-09T07:02:42.882098+00:00
[2022-10-09T07:02:42.905+0000] {processor.py:178} INFO - Processing /home/airflow/.local/lib/python3.7/site-packages/airflow/example_dags/example_short_circuit_decorator.py took 0.166 seconds
[2022-10-09T07:03:13.453+0000] {processor.py:156} INFO - Started process (PID=1504) to work on /home/airflow/.local/lib/python3.7/site-packages/airflow/example_dags/example_short_circuit_decorator.py
[2022-10-09T07:03:13.454+0000] {processor.py:758} INFO - Processing file /home/airflow/.local/lib/python3.7/site-packages/airflow/example_dags/example_short_circuit_decorator.py for tasks to queue
[2022-10-09T07:03:13.455+0000] {logging_mixin.py:117} INFO - [2022-10-09T07:03:13.455+0000] {dagbag.py:525} INFO - Filling up the DagBag from /home/airflow/.local/lib/python3.7/site-packages/airflow/example_dags/example_short_circuit_decorator.py
[2022-10-09T07:03:13.470+0000] {processor.py:768} INFO - DAG(s) dict_keys(['example_short_circuit_decorator']) retrieved from /home/airflow/.local/lib/python3.7/site-packages/airflow/example_dags/example_short_circuit_decorator.py
[2022-10-09T07:03:13.496+0000] {logging_mixin.py:117} INFO - [2022-10-09T07:03:13.496+0000] {dag.py:2573} INFO - Sync 1 DAGs
[2022-10-09T07:03:13.512+0000] {logging_mixin.py:117} INFO - [2022-10-09T07:03:13.511+0000] {dag.py:3328} INFO - Setting next_dagrun for example_short_circuit_decorator to 2022-10-08T07:03:13.511817+00:00, run_after=2022-10-09T07:03:13.511817+00:00
[2022-10-09T07:03:13.527+0000] {processor.py:178} INFO - Processing /home/airflow/.local/lib/python3.7/site-packages/airflow/example_dags/example_short_circuit_decorator.py took 0.076 seconds
[2022-10-09T07:03:43.677+0000] {processor.py:156} INFO - Started process (PID=1567) to work on /home/airflow/.local/lib/python3.7/site-packages/airflow/example_dags/example_short_circuit_decorator.py
[2022-10-09T07:03:43.678+0000] {processor.py:758} INFO - Processing file /home/airflow/.local/lib/python3.7/site-packages/airflow/example_dags/example_short_circuit_decorator.py for tasks to queue
[2022-10-09T07:03:43.679+0000] {logging_mixin.py:117} INFO - [2022-10-09T07:03:43.679+0000] {dagbag.py:525} INFO - Filling up the DagBag from /home/airflow/.local/lib/python3.7/site-packages/airflow/example_dags/example_short_circuit_decorator.py
[2022-10-09T07:03:43.692+0000] {processor.py:768} INFO - DAG(s) dict_keys(['example_short_circuit_decorator']) retrieved from /home/airflow/.local/lib/python3.7/site-packages/airflow/example_dags/example_short_circuit_decorator.py
[2022-10-09T07:03:43.719+0000] {logging_mixin.py:117} INFO - [2022-10-09T07:03:43.719+0000] {dag.py:2573} INFO - Sync 1 DAGs
[2022-10-09T07:03:43.737+0000] {logging_mixin.py:117} INFO - [2022-10-09T07:03:43.737+0000] {dag.py:3328} INFO - Setting next_dagrun for example_short_circuit_decorator to 2022-10-08T07:03:43.736914+00:00, run_after=2022-10-09T07:03:43.736914+00:00
[2022-10-09T07:03:43.751+0000] {processor.py:178} INFO - Processing /home/airflow/.local/lib/python3.7/site-packages/airflow/example_dags/example_short_circuit_decorator.py took 0.076 seconds
[2022-10-09T07:04:13.896+0000] {processor.py:156} INFO - Started process (PID=1629) to work on /home/airflow/.local/lib/python3.7/site-packages/airflow/example_dags/example_short_circuit_decorator.py
[2022-10-09T07:04:13.898+0000] {processor.py:758} INFO - Processing file /home/airflow/.local/lib/python3.7/site-packages/airflow/example_dags/example_short_circuit_decorator.py for tasks to queue
[2022-10-09T07:04:13.899+0000] {logging_mixin.py:117} INFO - [2022-10-09T07:04:13.899+0000] {dagbag.py:525} INFO - Filling up the DagBag from /home/airflow/.local/lib/python3.7/site-packages/airflow/example_dags/example_short_circuit_decorator.py
[2022-10-09T07:04:13.915+0000] {processor.py:768} INFO - DAG(s) dict_keys(['example_short_circuit_decorator']) retrieved from /home/airflow/.local/lib/python3.7/site-packages/airflow/example_dags/example_short_circuit_decorator.py
[2022-10-09T07:04:13.952+0000] {logging_mixin.py:117} INFO - [2022-10-09T07:04:13.952+0000] {dag.py:2573} INFO - Sync 1 DAGs
[2022-10-09T07:04:13.971+0000] {logging_mixin.py:117} INFO - [2022-10-09T07:04:13.971+0000] {dag.py:3328} INFO - Setting next_dagrun for example_short_circuit_decorator to 2022-10-08T07:04:13.971390+00:00, run_after=2022-10-09T07:04:13.971390+00:00
[2022-10-09T07:04:13.987+0000] {processor.py:178} INFO - Processing /home/airflow/.local/lib/python3.7/site-packages/airflow/example_dags/example_short_circuit_decorator.py took 0.093 seconds
[2022-10-09T07:04:44.687+0000] {processor.py:156} INFO - Started process (PID=1692) to work on /home/airflow/.local/lib/python3.7/site-packages/airflow/example_dags/example_short_circuit_decorator.py
[2022-10-09T07:04:44.689+0000] {processor.py:758} INFO - Processing file /home/airflow/.local/lib/python3.7/site-packages/airflow/example_dags/example_short_circuit_decorator.py for tasks to queue
[2022-10-09T07:04:44.690+0000] {logging_mixin.py:117} INFO - [2022-10-09T07:04:44.690+0000] {dagbag.py:525} INFO - Filling up the DagBag from /home/airflow/.local/lib/python3.7/site-packages/airflow/example_dags/example_short_circuit_decorator.py
[2022-10-09T07:04:44.711+0000] {processor.py:768} INFO - DAG(s) dict_keys(['example_short_circuit_decorator']) retrieved from /home/airflow/.local/lib/python3.7/site-packages/airflow/example_dags/example_short_circuit_decorator.py
[2022-10-09T07:04:44.742+0000] {logging_mixin.py:117} INFO - [2022-10-09T07:04:44.742+0000] {dag.py:2573} INFO - Sync 1 DAGs
[2022-10-09T07:04:44.759+0000] {logging_mixin.py:117} INFO - [2022-10-09T07:04:44.758+0000] {dag.py:3328} INFO - Setting next_dagrun for example_short_circuit_decorator to 2022-10-08T07:04:44.758802+00:00, run_after=2022-10-09T07:04:44.758802+00:00
[2022-10-09T07:04:44.771+0000] {processor.py:178} INFO - Processing /home/airflow/.local/lib/python3.7/site-packages/airflow/example_dags/example_short_circuit_decorator.py took 0.088 seconds
[2022-10-09T07:05:15.230+0000] {processor.py:156} INFO - Started process (PID=1755) to work on /home/airflow/.local/lib/python3.7/site-packages/airflow/example_dags/example_short_circuit_decorator.py
[2022-10-09T07:05:15.232+0000] {processor.py:758} INFO - Processing file /home/airflow/.local/lib/python3.7/site-packages/airflow/example_dags/example_short_circuit_decorator.py for tasks to queue
[2022-10-09T07:05:15.234+0000] {logging_mixin.py:117} INFO - [2022-10-09T07:05:15.234+0000] {dagbag.py:525} INFO - Filling up the DagBag from /home/airflow/.local/lib/python3.7/site-packages/airflow/example_dags/example_short_circuit_decorator.py
[2022-10-09T07:05:15.250+0000] {processor.py:768} INFO - DAG(s) dict_keys(['example_short_circuit_decorator']) retrieved from /home/airflow/.local/lib/python3.7/site-packages/airflow/example_dags/example_short_circuit_decorator.py
[2022-10-09T07:05:15.278+0000] {logging_mixin.py:117} INFO - [2022-10-09T07:05:15.278+0000] {dag.py:2573} INFO - Sync 1 DAGs
[2022-10-09T07:05:15.294+0000] {logging_mixin.py:117} INFO - [2022-10-09T07:05:15.294+0000] {dag.py:3328} INFO - Setting next_dagrun for example_short_circuit_decorator to 2022-10-08T07:05:15.294469+00:00, run_after=2022-10-09T07:05:15.294469+00:00
[2022-10-09T07:05:15.309+0000] {processor.py:178} INFO - Processing /home/airflow/.local/lib/python3.7/site-packages/airflow/example_dags/example_short_circuit_decorator.py took 0.081 seconds
[2022-10-09T07:05:45.634+0000] {processor.py:156} INFO - Started process (PID=1809) to work on /home/airflow/.local/lib/python3.7/site-packages/airflow/example_dags/example_short_circuit_decorator.py
[2022-10-09T07:05:45.635+0000] {processor.py:758} INFO - Processing file /home/airflow/.local/lib/python3.7/site-packages/airflow/example_dags/example_short_circuit_decorator.py for tasks to queue
[2022-10-09T07:05:45.636+0000] {logging_mixin.py:117} INFO - [2022-10-09T07:05:45.636+0000] {dagbag.py:525} INFO - Filling up the DagBag from /home/airflow/.local/lib/python3.7/site-packages/airflow/example_dags/example_short_circuit_decorator.py
[2022-10-09T07:05:45.651+0000] {processor.py:768} INFO - DAG(s) dict_keys(['example_short_circuit_decorator']) retrieved from /home/airflow/.local/lib/python3.7/site-packages/airflow/example_dags/example_short_circuit_decorator.py
[2022-10-09T07:05:45.678+0000] {logging_mixin.py:117} INFO - [2022-10-09T07:05:45.678+0000] {dag.py:2573} INFO - Sync 1 DAGs
[2022-10-09T07:05:45.695+0000] {logging_mixin.py:117} INFO - [2022-10-09T07:05:45.695+0000] {dag.py:3328} INFO - Setting next_dagrun for example_short_circuit_decorator to 2022-10-08T07:05:45.695488+00:00, run_after=2022-10-09T07:05:45.695488+00:00
[2022-10-09T07:05:45.708+0000] {processor.py:178} INFO - Processing /home/airflow/.local/lib/python3.7/site-packages/airflow/example_dags/example_short_circuit_decorator.py took 0.077 seconds
[2022-10-09T07:06:16.421+0000] {processor.py:156} INFO - Started process (PID=1872) to work on /home/airflow/.local/lib/python3.7/site-packages/airflow/example_dags/example_short_circuit_decorator.py
[2022-10-09T07:06:16.423+0000] {processor.py:758} INFO - Processing file /home/airflow/.local/lib/python3.7/site-packages/airflow/example_dags/example_short_circuit_decorator.py for tasks to queue
[2022-10-09T07:06:16.424+0000] {logging_mixin.py:117} INFO - [2022-10-09T07:06:16.424+0000] {dagbag.py:525} INFO - Filling up the DagBag from /home/airflow/.local/lib/python3.7/site-packages/airflow/example_dags/example_short_circuit_decorator.py
[2022-10-09T07:06:16.439+0000] {processor.py:768} INFO - DAG(s) dict_keys(['example_short_circuit_decorator']) retrieved from /home/airflow/.local/lib/python3.7/site-packages/airflow/example_dags/example_short_circuit_decorator.py
[2022-10-09T07:06:16.470+0000] {logging_mixin.py:117} INFO - [2022-10-09T07:06:16.470+0000] {dag.py:2573} INFO - Sync 1 DAGs
[2022-10-09T07:06:16.499+0000] {logging_mixin.py:117} INFO - [2022-10-09T07:06:16.499+0000] {dag.py:3328} INFO - Setting next_dagrun for example_short_circuit_decorator to 2022-10-08T07:06:16.499196+00:00, run_after=2022-10-09T07:06:16.499196+00:00
[2022-10-09T07:06:16.518+0000] {processor.py:178} INFO - Processing /home/airflow/.local/lib/python3.7/site-packages/airflow/example_dags/example_short_circuit_decorator.py took 0.098 seconds
[2022-10-09T07:06:46.587+0000] {processor.py:156} INFO - Started process (PID=1934) to work on /home/airflow/.local/lib/python3.7/site-packages/airflow/example_dags/example_short_circuit_decorator.py
[2022-10-09T07:06:46.588+0000] {processor.py:758} INFO - Processing file /home/airflow/.local/lib/python3.7/site-packages/airflow/example_dags/example_short_circuit_decorator.py for tasks to queue
[2022-10-09T07:06:46.589+0000] {logging_mixin.py:117} INFO - [2022-10-09T07:06:46.589+0000] {dagbag.py:525} INFO - Filling up the DagBag from /home/airflow/.local/lib/python3.7/site-packages/airflow/example_dags/example_short_circuit_decorator.py
[2022-10-09T07:06:46.605+0000] {processor.py:768} INFO - DAG(s) dict_keys(['example_short_circuit_decorator']) retrieved from /home/airflow/.local/lib/python3.7/site-packages/airflow/example_dags/example_short_circuit_decorator.py
[2022-10-09T07:06:46.630+0000] {logging_mixin.py:117} INFO - [2022-10-09T07:06:46.630+0000] {dag.py:2573} INFO - Sync 1 DAGs
[2022-10-09T07:06:46.645+0000] {logging_mixin.py:117} INFO - [2022-10-09T07:06:46.645+0000] {dag.py:3328} INFO - Setting next_dagrun for example_short_circuit_decorator to 2022-10-08T07:06:46.645369+00:00, run_after=2022-10-09T07:06:46.645369+00:00
[2022-10-09T07:06:46.658+0000] {processor.py:178} INFO - Processing /home/airflow/.local/lib/python3.7/site-packages/airflow/example_dags/example_short_circuit_decorator.py took 0.074 seconds
[2022-10-09T07:07:16.856+0000] {processor.py:156} INFO - Started process (PID=1999) to work on /home/airflow/.local/lib/python3.7/site-packages/airflow/example_dags/example_short_circuit_decorator.py
[2022-10-09T07:07:16.858+0000] {processor.py:758} INFO - Processing file /home/airflow/.local/lib/python3.7/site-packages/airflow/example_dags/example_short_circuit_decorator.py for tasks to queue
[2022-10-09T07:07:16.859+0000] {logging_mixin.py:117} INFO - [2022-10-09T07:07:16.859+0000] {dagbag.py:525} INFO - Filling up the DagBag from /home/airflow/.local/lib/python3.7/site-packages/airflow/example_dags/example_short_circuit_decorator.py
[2022-10-09T07:07:16.878+0000] {processor.py:768} INFO - DAG(s) dict_keys(['example_short_circuit_decorator']) retrieved from /home/airflow/.local/lib/python3.7/site-packages/airflow/example_dags/example_short_circuit_decorator.py
[2022-10-09T07:07:16.904+0000] {logging_mixin.py:117} INFO - [2022-10-09T07:07:16.904+0000] {dag.py:2573} INFO - Sync 1 DAGs
[2022-10-09T07:07:16.920+0000] {logging_mixin.py:117} INFO - [2022-10-09T07:07:16.920+0000] {dag.py:3328} INFO - Setting next_dagrun for example_short_circuit_decorator to 2022-10-08T07:07:16.920382+00:00, run_after=2022-10-09T07:07:16.920382+00:00
[2022-10-09T07:07:16.932+0000] {processor.py:178} INFO - Processing /home/airflow/.local/lib/python3.7/site-packages/airflow/example_dags/example_short_circuit_decorator.py took 0.078 seconds
[2022-10-09T07:07:47.523+0000] {processor.py:156} INFO - Started process (PID=2063) to work on /home/airflow/.local/lib/python3.7/site-packages/airflow/example_dags/example_short_circuit_decorator.py
[2022-10-09T07:07:47.525+0000] {processor.py:758} INFO - Processing file /home/airflow/.local/lib/python3.7/site-packages/airflow/example_dags/example_short_circuit_decorator.py for tasks to queue
[2022-10-09T07:07:47.526+0000] {logging_mixin.py:117} INFO - [2022-10-09T07:07:47.526+0000] {dagbag.py:525} INFO - Filling up the DagBag from /home/airflow/.local/lib/python3.7/site-packages/airflow/example_dags/example_short_circuit_decorator.py
[2022-10-09T07:07:47.541+0000] {processor.py:768} INFO - DAG(s) dict_keys(['example_short_circuit_decorator']) retrieved from /home/airflow/.local/lib/python3.7/site-packages/airflow/example_dags/example_short_circuit_decorator.py
[2022-10-09T07:07:47.569+0000] {logging_mixin.py:117} INFO - [2022-10-09T07:07:47.569+0000] {dag.py:2573} INFO - Sync 1 DAGs
[2022-10-09T07:07:47.585+0000] {logging_mixin.py:117} INFO - [2022-10-09T07:07:47.585+0000] {dag.py:3328} INFO - Setting next_dagrun for example_short_circuit_decorator to 2022-10-08T07:07:47.585462+00:00, run_after=2022-10-09T07:07:47.585462+00:00
[2022-10-09T07:07:47.598+0000] {processor.py:178} INFO - Processing /home/airflow/.local/lib/python3.7/site-packages/airflow/example_dags/example_short_circuit_decorator.py took 0.077 seconds
[2022-10-09T07:08:17.770+0000] {processor.py:156} INFO - Started process (PID=2118) to work on /home/airflow/.local/lib/python3.7/site-packages/airflow/example_dags/example_short_circuit_decorator.py
[2022-10-09T07:08:17.772+0000] {processor.py:758} INFO - Processing file /home/airflow/.local/lib/python3.7/site-packages/airflow/example_dags/example_short_circuit_decorator.py for tasks to queue
[2022-10-09T07:08:17.773+0000] {logging_mixin.py:117} INFO - [2022-10-09T07:08:17.773+0000] {dagbag.py:525} INFO - Filling up the DagBag from /home/airflow/.local/lib/python3.7/site-packages/airflow/example_dags/example_short_circuit_decorator.py
[2022-10-09T07:08:17.788+0000] {processor.py:768} INFO - DAG(s) dict_keys(['example_short_circuit_decorator']) retrieved from /home/airflow/.local/lib/python3.7/site-packages/airflow/example_dags/example_short_circuit_decorator.py
[2022-10-09T07:08:17.813+0000] {logging_mixin.py:117} INFO - [2022-10-09T07:08:17.813+0000] {dag.py:2573} INFO - Sync 1 DAGs
[2022-10-09T07:08:17.829+0000] {logging_mixin.py:117} INFO - [2022-10-09T07:08:17.829+0000] {dag.py:3328} INFO - Setting next_dagrun for example_short_circuit_decorator to 2022-10-08T07:08:17.828926+00:00, run_after=2022-10-09T07:08:17.828926+00:00
[2022-10-09T07:08:17.843+0000] {processor.py:178} INFO - Processing /home/airflow/.local/lib/python3.7/site-packages/airflow/example_dags/example_short_circuit_decorator.py took 0.075 seconds
[2022-10-09T07:08:48.216+0000] {processor.py:156} INFO - Started process (PID=2181) to work on /home/airflow/.local/lib/python3.7/site-packages/airflow/example_dags/example_short_circuit_decorator.py
[2022-10-09T07:08:48.217+0000] {processor.py:758} INFO - Processing file /home/airflow/.local/lib/python3.7/site-packages/airflow/example_dags/example_short_circuit_decorator.py for tasks to queue
[2022-10-09T07:08:48.218+0000] {logging_mixin.py:117} INFO - [2022-10-09T07:08:48.218+0000] {dagbag.py:525} INFO - Filling up the DagBag from /home/airflow/.local/lib/python3.7/site-packages/airflow/example_dags/example_short_circuit_decorator.py
[2022-10-09T07:08:48.232+0000] {processor.py:768} INFO - DAG(s) dict_keys(['example_short_circuit_decorator']) retrieved from /home/airflow/.local/lib/python3.7/site-packages/airflow/example_dags/example_short_circuit_decorator.py
[2022-10-09T07:08:48.257+0000] {logging_mixin.py:117} INFO - [2022-10-09T07:08:48.257+0000] {dag.py:2573} INFO - Sync 1 DAGs
[2022-10-09T07:08:48.272+0000] {logging_mixin.py:117} INFO - [2022-10-09T07:08:48.272+0000] {dag.py:3328} INFO - Setting next_dagrun for example_short_circuit_decorator to 2022-10-08T07:08:48.272456+00:00, run_after=2022-10-09T07:08:48.272456+00:00
[2022-10-09T07:08:48.285+0000] {processor.py:178} INFO - Processing /home/airflow/.local/lib/python3.7/site-packages/airflow/example_dags/example_short_circuit_decorator.py took 0.071 seconds
[2022-10-09T07:09:18.555+0000] {processor.py:156} INFO - Started process (PID=2245) to work on /home/airflow/.local/lib/python3.7/site-packages/airflow/example_dags/example_short_circuit_decorator.py
[2022-10-09T07:09:18.557+0000] {processor.py:758} INFO - Processing file /home/airflow/.local/lib/python3.7/site-packages/airflow/example_dags/example_short_circuit_decorator.py for tasks to queue
[2022-10-09T07:09:18.559+0000] {logging_mixin.py:117} INFO - [2022-10-09T07:09:18.559+0000] {dagbag.py:525} INFO - Filling up the DagBag from /home/airflow/.local/lib/python3.7/site-packages/airflow/example_dags/example_short_circuit_decorator.py
[2022-10-09T07:09:18.575+0000] {processor.py:768} INFO - DAG(s) dict_keys(['example_short_circuit_decorator']) retrieved from /home/airflow/.local/lib/python3.7/site-packages/airflow/example_dags/example_short_circuit_decorator.py
[2022-10-09T07:09:18.600+0000] {logging_mixin.py:117} INFO - [2022-10-09T07:09:18.600+0000] {dag.py:2573} INFO - Sync 1 DAGs
[2022-10-09T07:09:18.614+0000] {logging_mixin.py:117} INFO - [2022-10-09T07:09:18.614+0000] {dag.py:3328} INFO - Setting next_dagrun for example_short_circuit_decorator to 2022-10-08T07:09:18.614569+00:00, run_after=2022-10-09T07:09:18.614569+00:00
[2022-10-09T07:09:18.626+0000] {processor.py:178} INFO - Processing /home/airflow/.local/lib/python3.7/site-packages/airflow/example_dags/example_short_circuit_decorator.py took 0.074 seconds
[2022-10-09T07:09:48.886+0000] {processor.py:156} INFO - Started process (PID=2307) to work on /home/airflow/.local/lib/python3.7/site-packages/airflow/example_dags/example_short_circuit_decorator.py
[2022-10-09T07:09:48.887+0000] {processor.py:758} INFO - Processing file /home/airflow/.local/lib/python3.7/site-packages/airflow/example_dags/example_short_circuit_decorator.py for tasks to queue
[2022-10-09T07:09:48.889+0000] {logging_mixin.py:117} INFO - [2022-10-09T07:09:48.889+0000] {dagbag.py:525} INFO - Filling up the DagBag from /home/airflow/.local/lib/python3.7/site-packages/airflow/example_dags/example_short_circuit_decorator.py
[2022-10-09T07:09:48.903+0000] {processor.py:768} INFO - DAG(s) dict_keys(['example_short_circuit_decorator']) retrieved from /home/airflow/.local/lib/python3.7/site-packages/airflow/example_dags/example_short_circuit_decorator.py
[2022-10-09T07:09:48.928+0000] {logging_mixin.py:117} INFO - [2022-10-09T07:09:48.928+0000] {dag.py:2573} INFO - Sync 1 DAGs
[2022-10-09T07:09:48.941+0000] {logging_mixin.py:117} INFO - [2022-10-09T07:09:48.941+0000] {dag.py:3328} INFO - Setting next_dagrun for example_short_circuit_decorator to 2022-10-08T07:09:48.941565+00:00, run_after=2022-10-09T07:09:48.941565+00:00
[2022-10-09T07:09:48.952+0000] {processor.py:178} INFO - Processing /home/airflow/.local/lib/python3.7/site-packages/airflow/example_dags/example_short_circuit_decorator.py took 0.069 seconds
[2022-10-09T07:10:19.356+0000] {processor.py:156} INFO - Started process (PID=2369) to work on /home/airflow/.local/lib/python3.7/site-packages/airflow/example_dags/example_short_circuit_decorator.py
[2022-10-09T07:10:19.358+0000] {processor.py:758} INFO - Processing file /home/airflow/.local/lib/python3.7/site-packages/airflow/example_dags/example_short_circuit_decorator.py for tasks to queue
[2022-10-09T07:10:19.360+0000] {logging_mixin.py:117} INFO - [2022-10-09T07:10:19.360+0000] {dagbag.py:525} INFO - Filling up the DagBag from /home/airflow/.local/lib/python3.7/site-packages/airflow/example_dags/example_short_circuit_decorator.py
[2022-10-09T07:10:19.379+0000] {processor.py:768} INFO - DAG(s) dict_keys(['example_short_circuit_decorator']) retrieved from /home/airflow/.local/lib/python3.7/site-packages/airflow/example_dags/example_short_circuit_decorator.py
[2022-10-09T07:10:19.409+0000] {logging_mixin.py:117} INFO - [2022-10-09T07:10:19.409+0000] {dag.py:2573} INFO - Sync 1 DAGs
[2022-10-09T07:10:19.434+0000] {logging_mixin.py:117} INFO - [2022-10-09T07:10:19.434+0000] {dag.py:3328} INFO - Setting next_dagrun for example_short_circuit_decorator to 2022-10-08T07:10:19.433652+00:00, run_after=2022-10-09T07:10:19.433652+00:00
[2022-10-09T07:10:19.455+0000] {processor.py:178} INFO - Processing /home/airflow/.local/lib/python3.7/site-packages/airflow/example_dags/example_short_circuit_decorator.py took 0.101 seconds
[2022-10-09T07:10:50.103+0000] {processor.py:156} INFO - Started process (PID=2432) to work on /home/airflow/.local/lib/python3.7/site-packages/airflow/example_dags/example_short_circuit_decorator.py
[2022-10-09T07:10:50.105+0000] {processor.py:758} INFO - Processing file /home/airflow/.local/lib/python3.7/site-packages/airflow/example_dags/example_short_circuit_decorator.py for tasks to queue
[2022-10-09T07:10:50.106+0000] {logging_mixin.py:117} INFO - [2022-10-09T07:10:50.106+0000] {dagbag.py:525} INFO - Filling up the DagBag from /home/airflow/.local/lib/python3.7/site-packages/airflow/example_dags/example_short_circuit_decorator.py
[2022-10-09T07:10:50.123+0000] {processor.py:768} INFO - DAG(s) dict_keys(['example_short_circuit_decorator']) retrieved from /home/airflow/.local/lib/python3.7/site-packages/airflow/example_dags/example_short_circuit_decorator.py
[2022-10-09T07:10:50.150+0000] {logging_mixin.py:117} INFO - [2022-10-09T07:10:50.150+0000] {dag.py:2573} INFO - Sync 1 DAGs
[2022-10-09T07:10:50.167+0000] {logging_mixin.py:117} INFO - [2022-10-09T07:10:50.167+0000] {dag.py:3328} INFO - Setting next_dagrun for example_short_circuit_decorator to 2022-10-08T07:10:50.167365+00:00, run_after=2022-10-09T07:10:50.167365+00:00
[2022-10-09T07:10:50.182+0000] {processor.py:178} INFO - Processing /home/airflow/.local/lib/python3.7/site-packages/airflow/example_dags/example_short_circuit_decorator.py took 0.081 seconds
[2022-10-09T07:11:20.460+0000] {processor.py:156} INFO - Started process (PID=2486) to work on /home/airflow/.local/lib/python3.7/site-packages/airflow/example_dags/example_short_circuit_decorator.py
[2022-10-09T07:11:20.462+0000] {processor.py:758} INFO - Processing file /home/airflow/.local/lib/python3.7/site-packages/airflow/example_dags/example_short_circuit_decorator.py for tasks to queue
[2022-10-09T07:11:20.463+0000] {logging_mixin.py:117} INFO - [2022-10-09T07:11:20.463+0000] {dagbag.py:525} INFO - Filling up the DagBag from /home/airflow/.local/lib/python3.7/site-packages/airflow/example_dags/example_short_circuit_decorator.py
[2022-10-09T07:11:20.477+0000] {processor.py:768} INFO - DAG(s) dict_keys(['example_short_circuit_decorator']) retrieved from /home/airflow/.local/lib/python3.7/site-packages/airflow/example_dags/example_short_circuit_decorator.py
[2022-10-09T07:11:20.504+0000] {logging_mixin.py:117} INFO - [2022-10-09T07:11:20.504+0000] {dag.py:2573} INFO - Sync 1 DAGs
[2022-10-09T07:11:20.518+0000] {logging_mixin.py:117} INFO - [2022-10-09T07:11:20.518+0000] {dag.py:3328} INFO - Setting next_dagrun for example_short_circuit_decorator to 2022-10-08T07:11:20.517860+00:00, run_after=2022-10-09T07:11:20.517860+00:00
[2022-10-09T07:11:20.531+0000] {processor.py:178} INFO - Processing /home/airflow/.local/lib/python3.7/site-packages/airflow/example_dags/example_short_circuit_decorator.py took 0.073 seconds
[2022-10-09T07:11:50.951+0000] {processor.py:156} INFO - Started process (PID=2549) to work on /home/airflow/.local/lib/python3.7/site-packages/airflow/example_dags/example_short_circuit_decorator.py
[2022-10-09T07:11:50.952+0000] {processor.py:758} INFO - Processing file /home/airflow/.local/lib/python3.7/site-packages/airflow/example_dags/example_short_circuit_decorator.py for tasks to queue
[2022-10-09T07:11:50.954+0000] {logging_mixin.py:117} INFO - [2022-10-09T07:11:50.954+0000] {dagbag.py:525} INFO - Filling up the DagBag from /home/airflow/.local/lib/python3.7/site-packages/airflow/example_dags/example_short_circuit_decorator.py
[2022-10-09T07:11:50.969+0000] {processor.py:768} INFO - DAG(s) dict_keys(['example_short_circuit_decorator']) retrieved from /home/airflow/.local/lib/python3.7/site-packages/airflow/example_dags/example_short_circuit_decorator.py
[2022-10-09T07:11:50.994+0000] {logging_mixin.py:117} INFO - [2022-10-09T07:11:50.994+0000] {dag.py:2573} INFO - Sync 1 DAGs
[2022-10-09T07:11:51.011+0000] {logging_mixin.py:117} INFO - [2022-10-09T07:11:51.010+0000] {dag.py:3328} INFO - Setting next_dagrun for example_short_circuit_decorator to 2022-10-08T07:11:51.010850+00:00, run_after=2022-10-09T07:11:51.010850+00:00
[2022-10-09T07:11:51.024+0000] {processor.py:178} INFO - Processing /home/airflow/.local/lib/python3.7/site-packages/airflow/example_dags/example_short_circuit_decorator.py took 0.076 seconds
[2022-10-09T07:12:21.150+0000] {processor.py:156} INFO - Started process (PID=2612) to work on /home/airflow/.local/lib/python3.7/site-packages/airflow/example_dags/example_short_circuit_decorator.py
[2022-10-09T07:12:21.151+0000] {processor.py:758} INFO - Processing file /home/airflow/.local/lib/python3.7/site-packages/airflow/example_dags/example_short_circuit_decorator.py for tasks to queue
[2022-10-09T07:12:21.152+0000] {logging_mixin.py:117} INFO - [2022-10-09T07:12:21.152+0000] {dagbag.py:525} INFO - Filling up the DagBag from /home/airflow/.local/lib/python3.7/site-packages/airflow/example_dags/example_short_circuit_decorator.py
[2022-10-09T07:12:21.165+0000] {processor.py:768} INFO - DAG(s) dict_keys(['example_short_circuit_decorator']) retrieved from /home/airflow/.local/lib/python3.7/site-packages/airflow/example_dags/example_short_circuit_decorator.py
[2022-10-09T07:12:21.191+0000] {logging_mixin.py:117} INFO - [2022-10-09T07:12:21.191+0000] {dag.py:2573} INFO - Sync 1 DAGs
[2022-10-09T07:12:21.207+0000] {logging_mixin.py:117} INFO - [2022-10-09T07:12:21.207+0000] {dag.py:3328} INFO - Setting next_dagrun for example_short_circuit_decorator to 2022-10-08T07:12:21.206911+00:00, run_after=2022-10-09T07:12:21.206911+00:00
[2022-10-09T07:12:21.221+0000] {processor.py:178} INFO - Processing /home/airflow/.local/lib/python3.7/site-packages/airflow/example_dags/example_short_circuit_decorator.py took 0.074 seconds
[2022-10-09T07:12:51.481+0000] {processor.py:156} INFO - Started process (PID=2675) to work on /home/airflow/.local/lib/python3.7/site-packages/airflow/example_dags/example_short_circuit_decorator.py
[2022-10-09T07:12:51.482+0000] {processor.py:758} INFO - Processing file /home/airflow/.local/lib/python3.7/site-packages/airflow/example_dags/example_short_circuit_decorator.py for tasks to queue
[2022-10-09T07:12:51.484+0000] {logging_mixin.py:117} INFO - [2022-10-09T07:12:51.484+0000] {dagbag.py:525} INFO - Filling up the DagBag from /home/airflow/.local/lib/python3.7/site-packages/airflow/example_dags/example_short_circuit_decorator.py
[2022-10-09T07:12:51.503+0000] {processor.py:768} INFO - DAG(s) dict_keys(['example_short_circuit_decorator']) retrieved from /home/airflow/.local/lib/python3.7/site-packages/airflow/example_dags/example_short_circuit_decorator.py
[2022-10-09T07:12:51.535+0000] {logging_mixin.py:117} INFO - [2022-10-09T07:12:51.535+0000] {dag.py:2573} INFO - Sync 1 DAGs
[2022-10-09T07:12:51.557+0000] {logging_mixin.py:117} INFO - [2022-10-09T07:12:51.556+0000] {dag.py:3328} INFO - Setting next_dagrun for example_short_circuit_decorator to 2022-10-08T07:12:51.556764+00:00, run_after=2022-10-09T07:12:51.556764+00:00
[2022-10-09T07:12:51.574+0000] {processor.py:178} INFO - Processing /home/airflow/.local/lib/python3.7/site-packages/airflow/example_dags/example_short_circuit_decorator.py took 0.095 seconds
[2022-10-09T07:13:22.023+0000] {processor.py:156} INFO - Started process (PID=2739) to work on /home/airflow/.local/lib/python3.7/site-packages/airflow/example_dags/example_short_circuit_decorator.py
[2022-10-09T07:13:22.025+0000] {processor.py:758} INFO - Processing file /home/airflow/.local/lib/python3.7/site-packages/airflow/example_dags/example_short_circuit_decorator.py for tasks to queue
[2022-10-09T07:13:22.026+0000] {logging_mixin.py:117} INFO - [2022-10-09T07:13:22.026+0000] {dagbag.py:525} INFO - Filling up the DagBag from /home/airflow/.local/lib/python3.7/site-packages/airflow/example_dags/example_short_circuit_decorator.py
[2022-10-09T07:13:22.048+0000] {processor.py:768} INFO - DAG(s) dict_keys(['example_short_circuit_decorator']) retrieved from /home/airflow/.local/lib/python3.7/site-packages/airflow/example_dags/example_short_circuit_decorator.py
[2022-10-09T07:13:22.085+0000] {logging_mixin.py:117} INFO - [2022-10-09T07:13:22.085+0000] {dag.py:2573} INFO - Sync 1 DAGs
[2022-10-09T07:13:22.105+0000] {logging_mixin.py:117} INFO - [2022-10-09T07:13:22.105+0000] {dag.py:3328} INFO - Setting next_dagrun for example_short_circuit_decorator to 2022-10-08T07:13:22.105018+00:00, run_after=2022-10-09T07:13:22.105018+00:00
[2022-10-09T07:13:22.117+0000] {processor.py:178} INFO - Processing /home/airflow/.local/lib/python3.7/site-packages/airflow/example_dags/example_short_circuit_decorator.py took 0.097 seconds
[2022-10-09T07:13:52.265+0000] {processor.py:156} INFO - Started process (PID=2792) to work on /home/airflow/.local/lib/python3.7/site-packages/airflow/example_dags/example_short_circuit_decorator.py
[2022-10-09T07:13:52.267+0000] {processor.py:758} INFO - Processing file /home/airflow/.local/lib/python3.7/site-packages/airflow/example_dags/example_short_circuit_decorator.py for tasks to queue
[2022-10-09T07:13:52.268+0000] {logging_mixin.py:117} INFO - [2022-10-09T07:13:52.268+0000] {dagbag.py:525} INFO - Filling up the DagBag from /home/airflow/.local/lib/python3.7/site-packages/airflow/example_dags/example_short_circuit_decorator.py
[2022-10-09T07:13:52.283+0000] {processor.py:768} INFO - DAG(s) dict_keys(['example_short_circuit_decorator']) retrieved from /home/airflow/.local/lib/python3.7/site-packages/airflow/example_dags/example_short_circuit_decorator.py
[2022-10-09T07:13:52.311+0000] {logging_mixin.py:117} INFO - [2022-10-09T07:13:52.310+0000] {dag.py:2573} INFO - Sync 1 DAGs
[2022-10-09T07:13:52.326+0000] {logging_mixin.py:117} INFO - [2022-10-09T07:13:52.326+0000] {dag.py:3328} INFO - Setting next_dagrun for example_short_circuit_decorator to 2022-10-08T07:13:52.326597+00:00, run_after=2022-10-09T07:13:52.326597+00:00
[2022-10-09T07:13:52.341+0000] {processor.py:178} INFO - Processing /home/airflow/.local/lib/python3.7/site-packages/airflow/example_dags/example_short_circuit_decorator.py took 0.078 seconds
[2022-10-09T07:14:22.852+0000] {processor.py:156} INFO - Started process (PID=2854) to work on /home/airflow/.local/lib/python3.7/site-packages/airflow/example_dags/example_short_circuit_decorator.py
[2022-10-09T07:14:22.854+0000] {processor.py:758} INFO - Processing file /home/airflow/.local/lib/python3.7/site-packages/airflow/example_dags/example_short_circuit_decorator.py for tasks to queue
[2022-10-09T07:14:22.855+0000] {logging_mixin.py:117} INFO - [2022-10-09T07:14:22.855+0000] {dagbag.py:525} INFO - Filling up the DagBag from /home/airflow/.local/lib/python3.7/site-packages/airflow/example_dags/example_short_circuit_decorator.py
[2022-10-09T07:14:22.871+0000] {processor.py:768} INFO - DAG(s) dict_keys(['example_short_circuit_decorator']) retrieved from /home/airflow/.local/lib/python3.7/site-packages/airflow/example_dags/example_short_circuit_decorator.py
[2022-10-09T07:14:22.896+0000] {logging_mixin.py:117} INFO - [2022-10-09T07:14:22.896+0000] {dag.py:2573} INFO - Sync 1 DAGs
[2022-10-09T07:14:22.912+0000] {logging_mixin.py:117} INFO - [2022-10-09T07:14:22.912+0000] {dag.py:3328} INFO - Setting next_dagrun for example_short_circuit_decorator to 2022-10-08T07:14:22.912696+00:00, run_after=2022-10-09T07:14:22.912696+00:00
[2022-10-09T07:14:22.924+0000] {processor.py:178} INFO - Processing /home/airflow/.local/lib/python3.7/site-packages/airflow/example_dags/example_short_circuit_decorator.py took 0.074 seconds
[2022-10-09T07:14:53.193+0000] {processor.py:156} INFO - Started process (PID=2918) to work on /home/airflow/.local/lib/python3.7/site-packages/airflow/example_dags/example_short_circuit_decorator.py
[2022-10-09T07:14:53.195+0000] {processor.py:758} INFO - Processing file /home/airflow/.local/lib/python3.7/site-packages/airflow/example_dags/example_short_circuit_decorator.py for tasks to queue
[2022-10-09T07:14:53.197+0000] {logging_mixin.py:117} INFO - [2022-10-09T07:14:53.197+0000] {dagbag.py:525} INFO - Filling up the DagBag from /home/airflow/.local/lib/python3.7/site-packages/airflow/example_dags/example_short_circuit_decorator.py
[2022-10-09T07:14:53.215+0000] {processor.py:768} INFO - DAG(s) dict_keys(['example_short_circuit_decorator']) retrieved from /home/airflow/.local/lib/python3.7/site-packages/airflow/example_dags/example_short_circuit_decorator.py
[2022-10-09T07:14:53.245+0000] {logging_mixin.py:117} INFO - [2022-10-09T07:14:53.245+0000] {dag.py:2573} INFO - Sync 1 DAGs
[2022-10-09T07:14:53.269+0000] {logging_mixin.py:117} INFO - [2022-10-09T07:14:53.269+0000] {dag.py:3328} INFO - Setting next_dagrun for example_short_circuit_decorator to 2022-10-08T07:14:53.269482+00:00, run_after=2022-10-09T07:14:53.269482+00:00
[2022-10-09T07:14:53.282+0000] {processor.py:178} INFO - Processing /home/airflow/.local/lib/python3.7/site-packages/airflow/example_dags/example_short_circuit_decorator.py took 0.091 seconds
[2022-10-09T07:15:23.399+0000] {processor.py:156} INFO - Started process (PID=2981) to work on /home/airflow/.local/lib/python3.7/site-packages/airflow/example_dags/example_short_circuit_decorator.py
[2022-10-09T07:15:23.400+0000] {processor.py:758} INFO - Processing file /home/airflow/.local/lib/python3.7/site-packages/airflow/example_dags/example_short_circuit_decorator.py for tasks to queue
[2022-10-09T07:15:23.401+0000] {logging_mixin.py:117} INFO - [2022-10-09T07:15:23.401+0000] {dagbag.py:525} INFO - Filling up the DagBag from /home/airflow/.local/lib/python3.7/site-packages/airflow/example_dags/example_short_circuit_decorator.py
[2022-10-09T07:15:23.416+0000] {processor.py:768} INFO - DAG(s) dict_keys(['example_short_circuit_decorator']) retrieved from /home/airflow/.local/lib/python3.7/site-packages/airflow/example_dags/example_short_circuit_decorator.py
[2022-10-09T07:15:23.444+0000] {logging_mixin.py:117} INFO - [2022-10-09T07:15:23.444+0000] {dag.py:2573} INFO - Sync 1 DAGs
[2022-10-09T07:15:23.459+0000] {logging_mixin.py:117} INFO - [2022-10-09T07:15:23.458+0000] {dag.py:3328} INFO - Setting next_dagrun for example_short_circuit_decorator to 2022-10-08T07:15:23.458771+00:00, run_after=2022-10-09T07:15:23.458771+00:00
[2022-10-09T07:15:23.470+0000] {processor.py:178} INFO - Processing /home/airflow/.local/lib/python3.7/site-packages/airflow/example_dags/example_short_circuit_decorator.py took 0.073 seconds
[2022-10-09T07:15:53.787+0000] {processor.py:156} INFO - Started process (PID=3044) to work on /home/airflow/.local/lib/python3.7/site-packages/airflow/example_dags/example_short_circuit_decorator.py
[2022-10-09T07:15:53.789+0000] {processor.py:758} INFO - Processing file /home/airflow/.local/lib/python3.7/site-packages/airflow/example_dags/example_short_circuit_decorator.py for tasks to queue
[2022-10-09T07:15:53.790+0000] {logging_mixin.py:117} INFO - [2022-10-09T07:15:53.790+0000] {dagbag.py:525} INFO - Filling up the DagBag from /home/airflow/.local/lib/python3.7/site-packages/airflow/example_dags/example_short_circuit_decorator.py
[2022-10-09T07:15:53.805+0000] {processor.py:768} INFO - DAG(s) dict_keys(['example_short_circuit_decorator']) retrieved from /home/airflow/.local/lib/python3.7/site-packages/airflow/example_dags/example_short_circuit_decorator.py
[2022-10-09T07:15:53.831+0000] {logging_mixin.py:117} INFO - [2022-10-09T07:15:53.831+0000] {dag.py:2573} INFO - Sync 1 DAGs
[2022-10-09T07:15:53.845+0000] {logging_mixin.py:117} INFO - [2022-10-09T07:15:53.845+0000] {dag.py:3328} INFO - Setting next_dagrun for example_short_circuit_decorator to 2022-10-08T07:15:53.845256+00:00, run_after=2022-10-09T07:15:53.845256+00:00
[2022-10-09T07:15:53.856+0000] {processor.py:178} INFO - Processing /home/airflow/.local/lib/python3.7/site-packages/airflow/example_dags/example_short_circuit_decorator.py took 0.071 seconds
[2022-10-09T07:16:24.093+0000] {processor.py:156} INFO - Started process (PID=3098) to work on /home/airflow/.local/lib/python3.7/site-packages/airflow/example_dags/example_short_circuit_decorator.py
[2022-10-09T07:16:24.094+0000] {processor.py:758} INFO - Processing file /home/airflow/.local/lib/python3.7/site-packages/airflow/example_dags/example_short_circuit_decorator.py for tasks to queue
[2022-10-09T07:16:24.095+0000] {logging_mixin.py:117} INFO - [2022-10-09T07:16:24.095+0000] {dagbag.py:525} INFO - Filling up the DagBag from /home/airflow/.local/lib/python3.7/site-packages/airflow/example_dags/example_short_circuit_decorator.py
[2022-10-09T07:16:24.109+0000] {processor.py:768} INFO - DAG(s) dict_keys(['example_short_circuit_decorator']) retrieved from /home/airflow/.local/lib/python3.7/site-packages/airflow/example_dags/example_short_circuit_decorator.py
[2022-10-09T07:16:24.134+0000] {logging_mixin.py:117} INFO - [2022-10-09T07:16:24.134+0000] {dag.py:2573} INFO - Sync 1 DAGs
[2022-10-09T07:16:24.148+0000] {logging_mixin.py:117} INFO - [2022-10-09T07:16:24.148+0000] {dag.py:3328} INFO - Setting next_dagrun for example_short_circuit_decorator to 2022-10-08T07:16:24.148475+00:00, run_after=2022-10-09T07:16:24.148475+00:00
[2022-10-09T07:16:24.162+0000] {processor.py:178} INFO - Processing /home/airflow/.local/lib/python3.7/site-packages/airflow/example_dags/example_short_circuit_decorator.py took 0.071 seconds
[2022-10-09T07:16:54.421+0000] {processor.py:156} INFO - Started process (PID=3160) to work on /home/airflow/.local/lib/python3.7/site-packages/airflow/example_dags/example_short_circuit_decorator.py
[2022-10-09T07:16:54.422+0000] {processor.py:758} INFO - Processing file /home/airflow/.local/lib/python3.7/site-packages/airflow/example_dags/example_short_circuit_decorator.py for tasks to queue
[2022-10-09T07:16:54.424+0000] {logging_mixin.py:117} INFO - [2022-10-09T07:16:54.423+0000] {dagbag.py:525} INFO - Filling up the DagBag from /home/airflow/.local/lib/python3.7/site-packages/airflow/example_dags/example_short_circuit_decorator.py
[2022-10-09T07:16:54.438+0000] {processor.py:768} INFO - DAG(s) dict_keys(['example_short_circuit_decorator']) retrieved from /home/airflow/.local/lib/python3.7/site-packages/airflow/example_dags/example_short_circuit_decorator.py
[2022-10-09T07:16:54.463+0000] {logging_mixin.py:117} INFO - [2022-10-09T07:16:54.463+0000] {dag.py:2573} INFO - Sync 1 DAGs
[2022-10-09T07:16:54.479+0000] {logging_mixin.py:117} INFO - [2022-10-09T07:16:54.479+0000] {dag.py:3328} INFO - Setting next_dagrun for example_short_circuit_decorator to 2022-10-08T07:16:54.479004+00:00, run_after=2022-10-09T07:16:54.479004+00:00
[2022-10-09T07:16:54.492+0000] {processor.py:178} INFO - Processing /home/airflow/.local/lib/python3.7/site-packages/airflow/example_dags/example_short_circuit_decorator.py took 0.073 seconds
[2022-10-09T07:17:24.702+0000] {processor.py:156} INFO - Started process (PID=3223) to work on /home/airflow/.local/lib/python3.7/site-packages/airflow/example_dags/example_short_circuit_decorator.py
[2022-10-09T07:17:24.705+0000] {processor.py:758} INFO - Processing file /home/airflow/.local/lib/python3.7/site-packages/airflow/example_dags/example_short_circuit_decorator.py for tasks to queue
[2022-10-09T07:17:24.706+0000] {logging_mixin.py:117} INFO - [2022-10-09T07:17:24.706+0000] {dagbag.py:525} INFO - Filling up the DagBag from /home/airflow/.local/lib/python3.7/site-packages/airflow/example_dags/example_short_circuit_decorator.py
[2022-10-09T07:17:24.722+0000] {processor.py:768} INFO - DAG(s) dict_keys(['example_short_circuit_decorator']) retrieved from /home/airflow/.local/lib/python3.7/site-packages/airflow/example_dags/example_short_circuit_decorator.py
[2022-10-09T07:17:24.749+0000] {logging_mixin.py:117} INFO - [2022-10-09T07:17:24.749+0000] {dag.py:2573} INFO - Sync 1 DAGs
[2022-10-09T07:17:24.766+0000] {logging_mixin.py:117} INFO - [2022-10-09T07:17:24.766+0000] {dag.py:3328} INFO - Setting next_dagrun for example_short_circuit_decorator to 2022-10-08T07:17:24.765457+00:00, run_after=2022-10-09T07:17:24.765457+00:00
[2022-10-09T07:17:24.778+0000] {processor.py:178} INFO - Processing /home/airflow/.local/lib/python3.7/site-packages/airflow/example_dags/example_short_circuit_decorator.py took 0.079 seconds
[2022-10-09T07:17:55.416+0000] {processor.py:156} INFO - Started process (PID=3284) to work on /home/airflow/.local/lib/python3.7/site-packages/airflow/example_dags/example_short_circuit_decorator.py
[2022-10-09T07:17:55.417+0000] {processor.py:758} INFO - Processing file /home/airflow/.local/lib/python3.7/site-packages/airflow/example_dags/example_short_circuit_decorator.py for tasks to queue
[2022-10-09T07:17:55.418+0000] {logging_mixin.py:117} INFO - [2022-10-09T07:17:55.418+0000] {dagbag.py:525} INFO - Filling up the DagBag from /home/airflow/.local/lib/python3.7/site-packages/airflow/example_dags/example_short_circuit_decorator.py
[2022-10-09T07:17:55.438+0000] {processor.py:768} INFO - DAG(s) dict_keys(['example_short_circuit_decorator']) retrieved from /home/airflow/.local/lib/python3.7/site-packages/airflow/example_dags/example_short_circuit_decorator.py
[2022-10-09T07:17:55.463+0000] {logging_mixin.py:117} INFO - [2022-10-09T07:17:55.463+0000] {dag.py:2573} INFO - Sync 1 DAGs
[2022-10-09T07:17:55.478+0000] {logging_mixin.py:117} INFO - [2022-10-09T07:17:55.478+0000] {dag.py:3328} INFO - Setting next_dagrun for example_short_circuit_decorator to 2022-10-08T07:17:55.478531+00:00, run_after=2022-10-09T07:17:55.478531+00:00
[2022-10-09T07:17:55.490+0000] {processor.py:178} INFO - Processing /home/airflow/.local/lib/python3.7/site-packages/airflow/example_dags/example_short_circuit_decorator.py took 0.076 seconds
[2022-10-09T07:18:25.717+0000] {processor.py:156} INFO - Started process (PID=3347) to work on /home/airflow/.local/lib/python3.7/site-packages/airflow/example_dags/example_short_circuit_decorator.py
[2022-10-09T07:18:25.719+0000] {processor.py:758} INFO - Processing file /home/airflow/.local/lib/python3.7/site-packages/airflow/example_dags/example_short_circuit_decorator.py for tasks to queue
[2022-10-09T07:18:25.720+0000] {logging_mixin.py:117} INFO - [2022-10-09T07:18:25.720+0000] {dagbag.py:525} INFO - Filling up the DagBag from /home/airflow/.local/lib/python3.7/site-packages/airflow/example_dags/example_short_circuit_decorator.py
[2022-10-09T07:18:25.733+0000] {processor.py:768} INFO - DAG(s) dict_keys(['example_short_circuit_decorator']) retrieved from /home/airflow/.local/lib/python3.7/site-packages/airflow/example_dags/example_short_circuit_decorator.py
[2022-10-09T07:18:25.759+0000] {logging_mixin.py:117} INFO - [2022-10-09T07:18:25.759+0000] {dag.py:2573} INFO - Sync 1 DAGs
[2022-10-09T07:18:25.773+0000] {logging_mixin.py:117} INFO - [2022-10-09T07:18:25.773+0000] {dag.py:3328} INFO - Setting next_dagrun for example_short_circuit_decorator to 2022-10-08T07:18:25.773026+00:00, run_after=2022-10-09T07:18:25.773026+00:00
[2022-10-09T07:18:25.784+0000] {processor.py:178} INFO - Processing /home/airflow/.local/lib/python3.7/site-packages/airflow/example_dags/example_short_circuit_decorator.py took 0.069 seconds
[2022-10-09T07:18:56.647+0000] {processor.py:156} INFO - Started process (PID=3409) to work on /home/airflow/.local/lib/python3.7/site-packages/airflow/example_dags/example_short_circuit_decorator.py
[2022-10-09T07:18:56.659+0000] {processor.py:758} INFO - Processing file /home/airflow/.local/lib/python3.7/site-packages/airflow/example_dags/example_short_circuit_decorator.py for tasks to queue
[2022-10-09T07:18:56.667+0000] {logging_mixin.py:117} INFO - [2022-10-09T07:18:56.666+0000] {dagbag.py:525} INFO - Filling up the DagBag from /home/airflow/.local/lib/python3.7/site-packages/airflow/example_dags/example_short_circuit_decorator.py
[2022-10-09T07:18:56.730+0000] {processor.py:768} INFO - DAG(s) dict_keys(['example_short_circuit_decorator']) retrieved from /home/airflow/.local/lib/python3.7/site-packages/airflow/example_dags/example_short_circuit_decorator.py
[2022-10-09T07:18:56.863+0000] {logging_mixin.py:117} INFO - [2022-10-09T07:18:56.863+0000] {dag.py:2573} INFO - Sync 1 DAGs
[2022-10-09T07:18:56.924+0000] {logging_mixin.py:117} INFO - [2022-10-09T07:18:56.924+0000] {dag.py:3328} INFO - Setting next_dagrun for example_short_circuit_decorator to 2022-10-08T07:18:56.924263+00:00, run_after=2022-10-09T07:18:56.924263+00:00
[2022-10-09T07:18:56.957+0000] {processor.py:178} INFO - Processing /home/airflow/.local/lib/python3.7/site-packages/airflow/example_dags/example_short_circuit_decorator.py took 0.321 seconds
[2022-10-09T07:19:27.296+0000] {processor.py:156} INFO - Started process (PID=3463) to work on /home/airflow/.local/lib/python3.7/site-packages/airflow/example_dags/example_short_circuit_decorator.py
[2022-10-09T07:19:27.298+0000] {processor.py:758} INFO - Processing file /home/airflow/.local/lib/python3.7/site-packages/airflow/example_dags/example_short_circuit_decorator.py for tasks to queue
[2022-10-09T07:19:27.299+0000] {logging_mixin.py:117} INFO - [2022-10-09T07:19:27.299+0000] {dagbag.py:525} INFO - Filling up the DagBag from /home/airflow/.local/lib/python3.7/site-packages/airflow/example_dags/example_short_circuit_decorator.py
[2022-10-09T07:19:27.317+0000] {processor.py:768} INFO - DAG(s) dict_keys(['example_short_circuit_decorator']) retrieved from /home/airflow/.local/lib/python3.7/site-packages/airflow/example_dags/example_short_circuit_decorator.py
[2022-10-09T07:19:27.350+0000] {logging_mixin.py:117} INFO - [2022-10-09T07:19:27.350+0000] {dag.py:2573} INFO - Sync 1 DAGs
[2022-10-09T07:19:27.367+0000] {logging_mixin.py:117} INFO - [2022-10-09T07:19:27.367+0000] {dag.py:3328} INFO - Setting next_dagrun for example_short_circuit_decorator to 2022-10-08T07:19:27.367070+00:00, run_after=2022-10-09T07:19:27.367070+00:00
[2022-10-09T07:19:27.380+0000] {processor.py:178} INFO - Processing /home/airflow/.local/lib/python3.7/site-packages/airflow/example_dags/example_short_circuit_decorator.py took 0.087 seconds
[2022-10-09T07:19:57.629+0000] {processor.py:156} INFO - Started process (PID=3527) to work on /home/airflow/.local/lib/python3.7/site-packages/airflow/example_dags/example_short_circuit_decorator.py
[2022-10-09T07:19:57.631+0000] {processor.py:758} INFO - Processing file /home/airflow/.local/lib/python3.7/site-packages/airflow/example_dags/example_short_circuit_decorator.py for tasks to queue
[2022-10-09T07:19:57.632+0000] {logging_mixin.py:117} INFO - [2022-10-09T07:19:57.631+0000] {dagbag.py:525} INFO - Filling up the DagBag from /home/airflow/.local/lib/python3.7/site-packages/airflow/example_dags/example_short_circuit_decorator.py
[2022-10-09T07:19:57.647+0000] {processor.py:768} INFO - DAG(s) dict_keys(['example_short_circuit_decorator']) retrieved from /home/airflow/.local/lib/python3.7/site-packages/airflow/example_dags/example_short_circuit_decorator.py
[2022-10-09T07:19:57.673+0000] {logging_mixin.py:117} INFO - [2022-10-09T07:19:57.673+0000] {dag.py:2573} INFO - Sync 1 DAGs
[2022-10-09T07:19:57.691+0000] {logging_mixin.py:117} INFO - [2022-10-09T07:19:57.691+0000] {dag.py:3328} INFO - Setting next_dagrun for example_short_circuit_decorator to 2022-10-08T07:19:57.690888+00:00, run_after=2022-10-09T07:19:57.690888+00:00
[2022-10-09T07:19:57.703+0000] {processor.py:178} INFO - Processing /home/airflow/.local/lib/python3.7/site-packages/airflow/example_dags/example_short_circuit_decorator.py took 0.077 seconds
[2022-10-09T07:20:28.204+0000] {processor.py:156} INFO - Started process (PID=3590) to work on /home/airflow/.local/lib/python3.7/site-packages/airflow/example_dags/example_short_circuit_decorator.py
[2022-10-09T07:20:28.207+0000] {processor.py:758} INFO - Processing file /home/airflow/.local/lib/python3.7/site-packages/airflow/example_dags/example_short_circuit_decorator.py for tasks to queue
[2022-10-09T07:20:28.210+0000] {logging_mixin.py:117} INFO - [2022-10-09T07:20:28.209+0000] {dagbag.py:525} INFO - Filling up the DagBag from /home/airflow/.local/lib/python3.7/site-packages/airflow/example_dags/example_short_circuit_decorator.py
[2022-10-09T07:20:28.230+0000] {processor.py:768} INFO - DAG(s) dict_keys(['example_short_circuit_decorator']) retrieved from /home/airflow/.local/lib/python3.7/site-packages/airflow/example_dags/example_short_circuit_decorator.py
[2022-10-09T07:20:28.267+0000] {logging_mixin.py:117} INFO - [2022-10-09T07:20:28.267+0000] {dag.py:2573} INFO - Sync 1 DAGs
[2022-10-09T07:20:28.289+0000] {logging_mixin.py:117} INFO - [2022-10-09T07:20:28.289+0000] {dag.py:3328} INFO - Setting next_dagrun for example_short_circuit_decorator to 2022-10-08T07:20:28.288975+00:00, run_after=2022-10-09T07:20:28.288975+00:00
[2022-10-09T07:20:28.301+0000] {processor.py:178} INFO - Processing /home/airflow/.local/lib/python3.7/site-packages/airflow/example_dags/example_short_circuit_decorator.py took 0.099 seconds
[2022-10-09T07:20:58.863+0000] {processor.py:156} INFO - Started process (PID=3653) to work on /home/airflow/.local/lib/python3.7/site-packages/airflow/example_dags/example_short_circuit_decorator.py
[2022-10-09T07:20:58.865+0000] {processor.py:758} INFO - Processing file /home/airflow/.local/lib/python3.7/site-packages/airflow/example_dags/example_short_circuit_decorator.py for tasks to queue
[2022-10-09T07:20:58.866+0000] {logging_mixin.py:117} INFO - [2022-10-09T07:20:58.866+0000] {dagbag.py:525} INFO - Filling up the DagBag from /home/airflow/.local/lib/python3.7/site-packages/airflow/example_dags/example_short_circuit_decorator.py
[2022-10-09T07:20:58.884+0000] {processor.py:768} INFO - DAG(s) dict_keys(['example_short_circuit_decorator']) retrieved from /home/airflow/.local/lib/python3.7/site-packages/airflow/example_dags/example_short_circuit_decorator.py
[2022-10-09T07:20:58.916+0000] {logging_mixin.py:117} INFO - [2022-10-09T07:20:58.916+0000] {dag.py:2573} INFO - Sync 1 DAGs
[2022-10-09T07:20:58.940+0000] {logging_mixin.py:117} INFO - [2022-10-09T07:20:58.940+0000] {dag.py:3328} INFO - Setting next_dagrun for example_short_circuit_decorator to 2022-10-08T07:20:58.939775+00:00, run_after=2022-10-09T07:20:58.939775+00:00
[2022-10-09T07:20:58.965+0000] {processor.py:178} INFO - Processing /home/airflow/.local/lib/python3.7/site-packages/airflow/example_dags/example_short_circuit_decorator.py took 0.105 seconds
[2022-10-09T07:21:29.326+0000] {processor.py:156} INFO - Started process (PID=3716) to work on /home/airflow/.local/lib/python3.7/site-packages/airflow/example_dags/example_short_circuit_decorator.py
[2022-10-09T07:21:29.329+0000] {processor.py:758} INFO - Processing file /home/airflow/.local/lib/python3.7/site-packages/airflow/example_dags/example_short_circuit_decorator.py for tasks to queue
[2022-10-09T07:21:29.331+0000] {logging_mixin.py:117} INFO - [2022-10-09T07:21:29.331+0000] {dagbag.py:525} INFO - Filling up the DagBag from /home/airflow/.local/lib/python3.7/site-packages/airflow/example_dags/example_short_circuit_decorator.py
[2022-10-09T07:21:29.350+0000] {processor.py:768} INFO - DAG(s) dict_keys(['example_short_circuit_decorator']) retrieved from /home/airflow/.local/lib/python3.7/site-packages/airflow/example_dags/example_short_circuit_decorator.py
[2022-10-09T07:21:29.386+0000] {logging_mixin.py:117} INFO - [2022-10-09T07:21:29.386+0000] {dag.py:2573} INFO - Sync 1 DAGs
[2022-10-09T07:21:29.407+0000] {logging_mixin.py:117} INFO - [2022-10-09T07:21:29.407+0000] {dag.py:3328} INFO - Setting next_dagrun for example_short_circuit_decorator to 2022-10-08T07:21:29.406967+00:00, run_after=2022-10-09T07:21:29.406967+00:00
[2022-10-09T07:21:29.427+0000] {processor.py:178} INFO - Processing /home/airflow/.local/lib/python3.7/site-packages/airflow/example_dags/example_short_circuit_decorator.py took 0.104 seconds
[2022-10-09T07:21:59.666+0000] {processor.py:156} INFO - Started process (PID=3768) to work on /home/airflow/.local/lib/python3.7/site-packages/airflow/example_dags/example_short_circuit_decorator.py
[2022-10-09T07:21:59.667+0000] {processor.py:758} INFO - Processing file /home/airflow/.local/lib/python3.7/site-packages/airflow/example_dags/example_short_circuit_decorator.py for tasks to queue
[2022-10-09T07:21:59.668+0000] {logging_mixin.py:117} INFO - [2022-10-09T07:21:59.668+0000] {dagbag.py:525} INFO - Filling up the DagBag from /home/airflow/.local/lib/python3.7/site-packages/airflow/example_dags/example_short_circuit_decorator.py
[2022-10-09T07:21:59.684+0000] {processor.py:768} INFO - DAG(s) dict_keys(['example_short_circuit_decorator']) retrieved from /home/airflow/.local/lib/python3.7/site-packages/airflow/example_dags/example_short_circuit_decorator.py
[2022-10-09T07:21:59.711+0000] {logging_mixin.py:117} INFO - [2022-10-09T07:21:59.711+0000] {dag.py:2573} INFO - Sync 1 DAGs
[2022-10-09T07:21:59.728+0000] {logging_mixin.py:117} INFO - [2022-10-09T07:21:59.728+0000] {dag.py:3328} INFO - Setting next_dagrun for example_short_circuit_decorator to 2022-10-08T07:21:59.728682+00:00, run_after=2022-10-09T07:21:59.728682+00:00
[2022-10-09T07:21:59.739+0000] {processor.py:178} INFO - Processing /home/airflow/.local/lib/python3.7/site-packages/airflow/example_dags/example_short_circuit_decorator.py took 0.076 seconds
[2022-10-09T07:22:30.010+0000] {processor.py:156} INFO - Started process (PID=3831) to work on /home/airflow/.local/lib/python3.7/site-packages/airflow/example_dags/example_short_circuit_decorator.py
[2022-10-09T07:22:30.012+0000] {processor.py:758} INFO - Processing file /home/airflow/.local/lib/python3.7/site-packages/airflow/example_dags/example_short_circuit_decorator.py for tasks to queue
[2022-10-09T07:22:30.013+0000] {logging_mixin.py:117} INFO - [2022-10-09T07:22:30.013+0000] {dagbag.py:525} INFO - Filling up the DagBag from /home/airflow/.local/lib/python3.7/site-packages/airflow/example_dags/example_short_circuit_decorator.py
[2022-10-09T07:22:30.033+0000] {processor.py:768} INFO - DAG(s) dict_keys(['example_short_circuit_decorator']) retrieved from /home/airflow/.local/lib/python3.7/site-packages/airflow/example_dags/example_short_circuit_decorator.py
[2022-10-09T07:22:30.060+0000] {logging_mixin.py:117} INFO - [2022-10-09T07:22:30.060+0000] {dag.py:2573} INFO - Sync 1 DAGs
[2022-10-09T07:22:30.077+0000] {logging_mixin.py:117} INFO - [2022-10-09T07:22:30.077+0000] {dag.py:3328} INFO - Setting next_dagrun for example_short_circuit_decorator to 2022-10-08T07:22:30.077112+00:00, run_after=2022-10-09T07:22:30.077112+00:00
[2022-10-09T07:22:30.089+0000] {processor.py:178} INFO - Processing /home/airflow/.local/lib/python3.7/site-packages/airflow/example_dags/example_short_circuit_decorator.py took 0.081 seconds
[2022-10-09T07:23:00.294+0000] {processor.py:156} INFO - Started process (PID=3895) to work on /home/airflow/.local/lib/python3.7/site-packages/airflow/example_dags/example_short_circuit_decorator.py
[2022-10-09T07:23:00.295+0000] {processor.py:758} INFO - Processing file /home/airflow/.local/lib/python3.7/site-packages/airflow/example_dags/example_short_circuit_decorator.py for tasks to queue
[2022-10-09T07:23:00.296+0000] {logging_mixin.py:117} INFO - [2022-10-09T07:23:00.296+0000] {dagbag.py:525} INFO - Filling up the DagBag from /home/airflow/.local/lib/python3.7/site-packages/airflow/example_dags/example_short_circuit_decorator.py
[2022-10-09T07:23:00.312+0000] {processor.py:768} INFO - DAG(s) dict_keys(['example_short_circuit_decorator']) retrieved from /home/airflow/.local/lib/python3.7/site-packages/airflow/example_dags/example_short_circuit_decorator.py
[2022-10-09T07:23:00.337+0000] {logging_mixin.py:117} INFO - [2022-10-09T07:23:00.337+0000] {dag.py:2573} INFO - Sync 1 DAGs
[2022-10-09T07:23:00.353+0000] {logging_mixin.py:117} INFO - [2022-10-09T07:23:00.353+0000] {dag.py:3328} INFO - Setting next_dagrun for example_short_circuit_decorator to 2022-10-08T07:23:00.353122+00:00, run_after=2022-10-09T07:23:00.353122+00:00
[2022-10-09T07:23:00.365+0000] {processor.py:178} INFO - Processing /home/airflow/.local/lib/python3.7/site-packages/airflow/example_dags/example_short_circuit_decorator.py took 0.073 seconds
[2022-10-09T07:23:30.643+0000] {processor.py:156} INFO - Started process (PID=3958) to work on /home/airflow/.local/lib/python3.7/site-packages/airflow/example_dags/example_short_circuit_decorator.py
[2022-10-09T07:23:30.645+0000] {processor.py:758} INFO - Processing file /home/airflow/.local/lib/python3.7/site-packages/airflow/example_dags/example_short_circuit_decorator.py for tasks to queue
[2022-10-09T07:23:30.646+0000] {logging_mixin.py:117} INFO - [2022-10-09T07:23:30.645+0000] {dagbag.py:525} INFO - Filling up the DagBag from /home/airflow/.local/lib/python3.7/site-packages/airflow/example_dags/example_short_circuit_decorator.py
[2022-10-09T07:23:30.662+0000] {processor.py:768} INFO - DAG(s) dict_keys(['example_short_circuit_decorator']) retrieved from /home/airflow/.local/lib/python3.7/site-packages/airflow/example_dags/example_short_circuit_decorator.py
[2022-10-09T07:23:30.689+0000] {logging_mixin.py:117} INFO - [2022-10-09T07:23:30.689+0000] {dag.py:2573} INFO - Sync 1 DAGs
[2022-10-09T07:23:30.706+0000] {logging_mixin.py:117} INFO - [2022-10-09T07:23:30.706+0000] {dag.py:3328} INFO - Setting next_dagrun for example_short_circuit_decorator to 2022-10-08T07:23:30.706513+00:00, run_after=2022-10-09T07:23:30.706513+00:00
[2022-10-09T07:23:30.720+0000] {processor.py:178} INFO - Processing /home/airflow/.local/lib/python3.7/site-packages/airflow/example_dags/example_short_circuit_decorator.py took 0.079 seconds
[2022-10-09T07:24:00.925+0000] {processor.py:156} INFO - Started process (PID=4021) to work on /home/airflow/.local/lib/python3.7/site-packages/airflow/example_dags/example_short_circuit_decorator.py
[2022-10-09T07:24:00.926+0000] {processor.py:758} INFO - Processing file /home/airflow/.local/lib/python3.7/site-packages/airflow/example_dags/example_short_circuit_decorator.py for tasks to queue
[2022-10-09T07:24:00.927+0000] {logging_mixin.py:117} INFO - [2022-10-09T07:24:00.927+0000] {dagbag.py:525} INFO - Filling up the DagBag from /home/airflow/.local/lib/python3.7/site-packages/airflow/example_dags/example_short_circuit_decorator.py
[2022-10-09T07:24:00.943+0000] {processor.py:768} INFO - DAG(s) dict_keys(['example_short_circuit_decorator']) retrieved from /home/airflow/.local/lib/python3.7/site-packages/airflow/example_dags/example_short_circuit_decorator.py
[2022-10-09T07:24:00.969+0000] {logging_mixin.py:117} INFO - [2022-10-09T07:24:00.969+0000] {dag.py:2573} INFO - Sync 1 DAGs
[2022-10-09T07:24:00.984+0000] {logging_mixin.py:117} INFO - [2022-10-09T07:24:00.984+0000] {dag.py:3328} INFO - Setting next_dagrun for example_short_circuit_decorator to 2022-10-08T07:24:00.984753+00:00, run_after=2022-10-09T07:24:00.984753+00:00
[2022-10-09T07:24:00.998+0000] {processor.py:178} INFO - Processing /home/airflow/.local/lib/python3.7/site-packages/airflow/example_dags/example_short_circuit_decorator.py took 0.076 seconds
[2022-10-09T07:24:31.545+0000] {processor.py:156} INFO - Started process (PID=4078) to work on /home/airflow/.local/lib/python3.7/site-packages/airflow/example_dags/example_short_circuit_decorator.py
[2022-10-09T07:24:31.546+0000] {processor.py:758} INFO - Processing file /home/airflow/.local/lib/python3.7/site-packages/airflow/example_dags/example_short_circuit_decorator.py for tasks to queue
[2022-10-09T07:24:31.547+0000] {logging_mixin.py:117} INFO - [2022-10-09T07:24:31.547+0000] {dagbag.py:525} INFO - Filling up the DagBag from /home/airflow/.local/lib/python3.7/site-packages/airflow/example_dags/example_short_circuit_decorator.py
[2022-10-09T07:24:31.560+0000] {processor.py:768} INFO - DAG(s) dict_keys(['example_short_circuit_decorator']) retrieved from /home/airflow/.local/lib/python3.7/site-packages/airflow/example_dags/example_short_circuit_decorator.py
[2022-10-09T07:24:31.584+0000] {logging_mixin.py:117} INFO - [2022-10-09T07:24:31.584+0000] {dag.py:2573} INFO - Sync 1 DAGs
[2022-10-09T07:24:31.599+0000] {logging_mixin.py:117} INFO - [2022-10-09T07:24:31.599+0000] {dag.py:3328} INFO - Setting next_dagrun for example_short_circuit_decorator to 2022-10-08T07:24:31.599598+00:00, run_after=2022-10-09T07:24:31.599598+00:00
[2022-10-09T07:24:31.610+0000] {processor.py:178} INFO - Processing /home/airflow/.local/lib/python3.7/site-packages/airflow/example_dags/example_short_circuit_decorator.py took 0.067 seconds
