[2022-10-09T06:40:40.196+0000] {processor.py:156} INFO - Started process (PID=55) to work on /home/airflow/.local/lib/python3.7/site-packages/airflow/example_dags/example_bash_operator.py
[2022-10-09T06:40:40.199+0000] {processor.py:758} INFO - Processing file /home/airflow/.local/lib/python3.7/site-packages/airflow/example_dags/example_bash_operator.py for tasks to queue
[2022-10-09T06:40:40.213+0000] {logging_mixin.py:117} INFO - [2022-10-09T06:40:40.212+0000] {dagbag.py:525} INFO - Filling up the DagBag from /home/airflow/.local/lib/python3.7/site-packages/airflow/example_dags/example_bash_operator.py
[2022-10-09T06:40:40.269+0000] {processor.py:768} INFO - DAG(s) dict_keys(['example_bash_operator']) retrieved from /home/airflow/.local/lib/python3.7/site-packages/airflow/example_dags/example_bash_operator.py
[2022-10-09T06:40:40.333+0000] {logging_mixin.py:117} INFO - [2022-10-09T06:40:40.333+0000] {dag.py:2573} INFO - Sync 1 DAGs
[2022-10-09T06:40:40.387+0000] {logging_mixin.py:117} INFO - [2022-10-09T06:40:40.387+0000] {dag.py:3328} INFO - Setting next_dagrun for example_bash_operator to 2022-10-08T00:00:00+00:00, run_after=2022-10-09T00:00:00+00:00
[2022-10-09T06:40:40.413+0000] {processor.py:178} INFO - Processing /home/airflow/.local/lib/python3.7/site-packages/airflow/example_dags/example_bash_operator.py took 0.221 seconds
[2022-10-09T06:41:10.626+0000] {processor.py:156} INFO - Started process (PID=118) to work on /home/airflow/.local/lib/python3.7/site-packages/airflow/example_dags/example_bash_operator.py
[2022-10-09T06:41:10.628+0000] {processor.py:758} INFO - Processing file /home/airflow/.local/lib/python3.7/site-packages/airflow/example_dags/example_bash_operator.py for tasks to queue
[2022-10-09T06:41:10.631+0000] {logging_mixin.py:117} INFO - [2022-10-09T06:41:10.630+0000] {dagbag.py:525} INFO - Filling up the DagBag from /home/airflow/.local/lib/python3.7/site-packages/airflow/example_dags/example_bash_operator.py
[2022-10-09T06:41:10.652+0000] {processor.py:768} INFO - DAG(s) dict_keys(['example_bash_operator']) retrieved from /home/airflow/.local/lib/python3.7/site-packages/airflow/example_dags/example_bash_operator.py
[2022-10-09T06:41:10.692+0000] {logging_mixin.py:117} INFO - [2022-10-09T06:41:10.692+0000] {dag.py:2573} INFO - Sync 1 DAGs
[2022-10-09T06:41:10.712+0000] {logging_mixin.py:117} INFO - [2022-10-09T06:41:10.712+0000] {dag.py:3328} INFO - Setting next_dagrun for example_bash_operator to 2022-10-08T00:00:00+00:00, run_after=2022-10-09T00:00:00+00:00
[2022-10-09T06:41:10.728+0000] {processor.py:178} INFO - Processing /home/airflow/.local/lib/python3.7/site-packages/airflow/example_dags/example_bash_operator.py took 0.105 seconds
[2022-10-09T06:41:41.006+0000] {processor.py:156} INFO - Started process (PID=182) to work on /home/airflow/.local/lib/python3.7/site-packages/airflow/example_dags/example_bash_operator.py
[2022-10-09T06:41:41.008+0000] {processor.py:758} INFO - Processing file /home/airflow/.local/lib/python3.7/site-packages/airflow/example_dags/example_bash_operator.py for tasks to queue
[2022-10-09T06:41:41.009+0000] {logging_mixin.py:117} INFO - [2022-10-09T06:41:41.009+0000] {dagbag.py:525} INFO - Filling up the DagBag from /home/airflow/.local/lib/python3.7/site-packages/airflow/example_dags/example_bash_operator.py
[2022-10-09T06:41:41.023+0000] {processor.py:768} INFO - DAG(s) dict_keys(['example_bash_operator']) retrieved from /home/airflow/.local/lib/python3.7/site-packages/airflow/example_dags/example_bash_operator.py
[2022-10-09T06:41:41.050+0000] {logging_mixin.py:117} INFO - [2022-10-09T06:41:41.050+0000] {dag.py:2573} INFO - Sync 1 DAGs
[2022-10-09T06:41:41.065+0000] {logging_mixin.py:117} INFO - [2022-10-09T06:41:41.065+0000] {dag.py:3328} INFO - Setting next_dagrun for example_bash_operator to 2022-10-08T00:00:00+00:00, run_after=2022-10-09T00:00:00+00:00
[2022-10-09T06:41:41.077+0000] {processor.py:178} INFO - Processing /home/airflow/.local/lib/python3.7/site-packages/airflow/example_dags/example_bash_operator.py took 0.073 seconds
[2022-10-09T06:42:11.766+0000] {processor.py:156} INFO - Started process (PID=245) to work on /home/airflow/.local/lib/python3.7/site-packages/airflow/example_dags/example_bash_operator.py
[2022-10-09T06:42:11.770+0000] {processor.py:758} INFO - Processing file /home/airflow/.local/lib/python3.7/site-packages/airflow/example_dags/example_bash_operator.py for tasks to queue
[2022-10-09T06:42:11.771+0000] {logging_mixin.py:117} INFO - [2022-10-09T06:42:11.770+0000] {dagbag.py:525} INFO - Filling up the DagBag from /home/airflow/.local/lib/python3.7/site-packages/airflow/example_dags/example_bash_operator.py
[2022-10-09T06:42:11.785+0000] {processor.py:768} INFO - DAG(s) dict_keys(['example_bash_operator']) retrieved from /home/airflow/.local/lib/python3.7/site-packages/airflow/example_dags/example_bash_operator.py
[2022-10-09T06:42:11.813+0000] {logging_mixin.py:117} INFO - [2022-10-09T06:42:11.813+0000] {dag.py:2573} INFO - Sync 1 DAGs
[2022-10-09T06:42:11.829+0000] {logging_mixin.py:117} INFO - [2022-10-09T06:42:11.829+0000] {dag.py:3328} INFO - Setting next_dagrun for example_bash_operator to 2022-10-08T00:00:00+00:00, run_after=2022-10-09T00:00:00+00:00
[2022-10-09T06:42:11.842+0000] {processor.py:178} INFO - Processing /home/airflow/.local/lib/python3.7/site-packages/airflow/example_dags/example_bash_operator.py took 0.078 seconds
[2022-10-09T06:42:42.182+0000] {processor.py:156} INFO - Started process (PID=299) to work on /home/airflow/.local/lib/python3.7/site-packages/airflow/example_dags/example_bash_operator.py
[2022-10-09T06:42:42.184+0000] {processor.py:758} INFO - Processing file /home/airflow/.local/lib/python3.7/site-packages/airflow/example_dags/example_bash_operator.py for tasks to queue
[2022-10-09T06:42:42.185+0000] {logging_mixin.py:117} INFO - [2022-10-09T06:42:42.185+0000] {dagbag.py:525} INFO - Filling up the DagBag from /home/airflow/.local/lib/python3.7/site-packages/airflow/example_dags/example_bash_operator.py
[2022-10-09T06:42:42.199+0000] {processor.py:768} INFO - DAG(s) dict_keys(['example_bash_operator']) retrieved from /home/airflow/.local/lib/python3.7/site-packages/airflow/example_dags/example_bash_operator.py
[2022-10-09T06:42:42.227+0000] {logging_mixin.py:117} INFO - [2022-10-09T06:42:42.227+0000] {dag.py:2573} INFO - Sync 1 DAGs
[2022-10-09T06:42:42.243+0000] {logging_mixin.py:117} INFO - [2022-10-09T06:42:42.243+0000] {dag.py:3328} INFO - Setting next_dagrun for example_bash_operator to 2022-10-08T00:00:00+00:00, run_after=2022-10-09T00:00:00+00:00
[2022-10-09T06:42:42.254+0000] {processor.py:178} INFO - Processing /home/airflow/.local/lib/python3.7/site-packages/airflow/example_dags/example_bash_operator.py took 0.073 seconds
[2022-10-09T06:43:12.454+0000] {processor.py:156} INFO - Started process (PID=361) to work on /home/airflow/.local/lib/python3.7/site-packages/airflow/example_dags/example_bash_operator.py
[2022-10-09T06:43:12.455+0000] {processor.py:758} INFO - Processing file /home/airflow/.local/lib/python3.7/site-packages/airflow/example_dags/example_bash_operator.py for tasks to queue
[2022-10-09T06:43:12.456+0000] {logging_mixin.py:117} INFO - [2022-10-09T06:43:12.456+0000] {dagbag.py:525} INFO - Filling up the DagBag from /home/airflow/.local/lib/python3.7/site-packages/airflow/example_dags/example_bash_operator.py
[2022-10-09T06:43:12.469+0000] {processor.py:768} INFO - DAG(s) dict_keys(['example_bash_operator']) retrieved from /home/airflow/.local/lib/python3.7/site-packages/airflow/example_dags/example_bash_operator.py
[2022-10-09T06:43:12.495+0000] {logging_mixin.py:117} INFO - [2022-10-09T06:43:12.495+0000] {dag.py:2573} INFO - Sync 1 DAGs
[2022-10-09T06:43:12.509+0000] {logging_mixin.py:117} INFO - [2022-10-09T06:43:12.509+0000] {dag.py:3328} INFO - Setting next_dagrun for example_bash_operator to 2022-10-08T00:00:00+00:00, run_after=2022-10-09T00:00:00+00:00
[2022-10-09T06:43:12.521+0000] {processor.py:178} INFO - Processing /home/airflow/.local/lib/python3.7/site-packages/airflow/example_dags/example_bash_operator.py took 0.069 seconds
[2022-10-09T06:43:42.690+0000] {processor.py:156} INFO - Started process (PID=424) to work on /home/airflow/.local/lib/python3.7/site-packages/airflow/example_dags/example_bash_operator.py
[2022-10-09T06:43:42.692+0000] {processor.py:758} INFO - Processing file /home/airflow/.local/lib/python3.7/site-packages/airflow/example_dags/example_bash_operator.py for tasks to queue
[2022-10-09T06:43:42.693+0000] {logging_mixin.py:117} INFO - [2022-10-09T06:43:42.693+0000] {dagbag.py:525} INFO - Filling up the DagBag from /home/airflow/.local/lib/python3.7/site-packages/airflow/example_dags/example_bash_operator.py
[2022-10-09T06:43:42.707+0000] {processor.py:768} INFO - DAG(s) dict_keys(['example_bash_operator']) retrieved from /home/airflow/.local/lib/python3.7/site-packages/airflow/example_dags/example_bash_operator.py
[2022-10-09T06:43:42.739+0000] {logging_mixin.py:117} INFO - [2022-10-09T06:43:42.739+0000] {dag.py:2573} INFO - Sync 1 DAGs
[2022-10-09T06:43:42.754+0000] {logging_mixin.py:117} INFO - [2022-10-09T06:43:42.754+0000] {dag.py:3328} INFO - Setting next_dagrun for example_bash_operator to 2022-10-08T00:00:00+00:00, run_after=2022-10-09T00:00:00+00:00
[2022-10-09T06:43:42.766+0000] {processor.py:178} INFO - Processing /home/airflow/.local/lib/python3.7/site-packages/airflow/example_dags/example_bash_operator.py took 0.078 seconds
[2022-10-09T06:44:13.063+0000] {processor.py:156} INFO - Started process (PID=488) to work on /home/airflow/.local/lib/python3.7/site-packages/airflow/example_dags/example_bash_operator.py
[2022-10-09T06:44:13.065+0000] {processor.py:758} INFO - Processing file /home/airflow/.local/lib/python3.7/site-packages/airflow/example_dags/example_bash_operator.py for tasks to queue
[2022-10-09T06:44:13.067+0000] {logging_mixin.py:117} INFO - [2022-10-09T06:44:13.067+0000] {dagbag.py:525} INFO - Filling up the DagBag from /home/airflow/.local/lib/python3.7/site-packages/airflow/example_dags/example_bash_operator.py
[2022-10-09T06:44:13.081+0000] {processor.py:768} INFO - DAG(s) dict_keys(['example_bash_operator']) retrieved from /home/airflow/.local/lib/python3.7/site-packages/airflow/example_dags/example_bash_operator.py
[2022-10-09T06:44:13.107+0000] {logging_mixin.py:117} INFO - [2022-10-09T06:44:13.107+0000] {dag.py:2573} INFO - Sync 1 DAGs
[2022-10-09T06:44:13.123+0000] {logging_mixin.py:117} INFO - [2022-10-09T06:44:13.123+0000] {dag.py:3328} INFO - Setting next_dagrun for example_bash_operator to 2022-10-08T00:00:00+00:00, run_after=2022-10-09T00:00:00+00:00
[2022-10-09T06:44:13.134+0000] {processor.py:178} INFO - Processing /home/airflow/.local/lib/python3.7/site-packages/airflow/example_dags/example_bash_operator.py took 0.074 seconds
[2022-10-09T06:44:43.470+0000] {processor.py:156} INFO - Started process (PID=551) to work on /home/airflow/.local/lib/python3.7/site-packages/airflow/example_dags/example_bash_operator.py
[2022-10-09T06:44:43.471+0000] {processor.py:758} INFO - Processing file /home/airflow/.local/lib/python3.7/site-packages/airflow/example_dags/example_bash_operator.py for tasks to queue
[2022-10-09T06:44:43.473+0000] {logging_mixin.py:117} INFO - [2022-10-09T06:44:43.473+0000] {dagbag.py:525} INFO - Filling up the DagBag from /home/airflow/.local/lib/python3.7/site-packages/airflow/example_dags/example_bash_operator.py
[2022-10-09T06:44:43.486+0000] {processor.py:768} INFO - DAG(s) dict_keys(['example_bash_operator']) retrieved from /home/airflow/.local/lib/python3.7/site-packages/airflow/example_dags/example_bash_operator.py
[2022-10-09T06:44:43.513+0000] {logging_mixin.py:117} INFO - [2022-10-09T06:44:43.513+0000] {dag.py:2573} INFO - Sync 1 DAGs
[2022-10-09T06:44:43.529+0000] {logging_mixin.py:117} INFO - [2022-10-09T06:44:43.529+0000] {dag.py:3328} INFO - Setting next_dagrun for example_bash_operator to 2022-10-08T00:00:00+00:00, run_after=2022-10-09T00:00:00+00:00
[2022-10-09T06:44:43.544+0000] {processor.py:178} INFO - Processing /home/airflow/.local/lib/python3.7/site-packages/airflow/example_dags/example_bash_operator.py took 0.076 seconds
[2022-10-09T06:45:13.611+0000] {processor.py:156} INFO - Started process (PID=605) to work on /home/airflow/.local/lib/python3.7/site-packages/airflow/example_dags/example_bash_operator.py
[2022-10-09T06:45:13.613+0000] {processor.py:758} INFO - Processing file /home/airflow/.local/lib/python3.7/site-packages/airflow/example_dags/example_bash_operator.py for tasks to queue
[2022-10-09T06:45:13.615+0000] {logging_mixin.py:117} INFO - [2022-10-09T06:45:13.614+0000] {dagbag.py:525} INFO - Filling up the DagBag from /home/airflow/.local/lib/python3.7/site-packages/airflow/example_dags/example_bash_operator.py
[2022-10-09T06:45:13.630+0000] {processor.py:768} INFO - DAG(s) dict_keys(['example_bash_operator']) retrieved from /home/airflow/.local/lib/python3.7/site-packages/airflow/example_dags/example_bash_operator.py
[2022-10-09T06:45:13.671+0000] {logging_mixin.py:117} INFO - [2022-10-09T06:45:13.671+0000] {dag.py:2573} INFO - Sync 1 DAGs
[2022-10-09T06:45:13.690+0000] {logging_mixin.py:117} INFO - [2022-10-09T06:45:13.689+0000] {dag.py:3328} INFO - Setting next_dagrun for example_bash_operator to 2022-10-08T00:00:00+00:00, run_after=2022-10-09T00:00:00+00:00
[2022-10-09T06:45:13.704+0000] {processor.py:178} INFO - Processing /home/airflow/.local/lib/python3.7/site-packages/airflow/example_dags/example_bash_operator.py took 0.095 seconds
[2022-10-09T06:45:44.048+0000] {processor.py:156} INFO - Started process (PID=667) to work on /home/airflow/.local/lib/python3.7/site-packages/airflow/example_dags/example_bash_operator.py
[2022-10-09T06:45:44.049+0000] {processor.py:758} INFO - Processing file /home/airflow/.local/lib/python3.7/site-packages/airflow/example_dags/example_bash_operator.py for tasks to queue
[2022-10-09T06:45:44.050+0000] {logging_mixin.py:117} INFO - [2022-10-09T06:45:44.050+0000] {dagbag.py:525} INFO - Filling up the DagBag from /home/airflow/.local/lib/python3.7/site-packages/airflow/example_dags/example_bash_operator.py
[2022-10-09T06:45:44.063+0000] {processor.py:768} INFO - DAG(s) dict_keys(['example_bash_operator']) retrieved from /home/airflow/.local/lib/python3.7/site-packages/airflow/example_dags/example_bash_operator.py
[2022-10-09T06:45:44.092+0000] {logging_mixin.py:117} INFO - [2022-10-09T06:45:44.092+0000] {dag.py:2573} INFO - Sync 1 DAGs
[2022-10-09T06:45:44.109+0000] {logging_mixin.py:117} INFO - [2022-10-09T06:45:44.109+0000] {dag.py:3328} INFO - Setting next_dagrun for example_bash_operator to 2022-10-08T00:00:00+00:00, run_after=2022-10-09T00:00:00+00:00
[2022-10-09T06:45:44.124+0000] {processor.py:178} INFO - Processing /home/airflow/.local/lib/python3.7/site-packages/airflow/example_dags/example_bash_operator.py took 0.078 seconds
[2022-10-09T06:46:14.159+0000] {processor.py:156} INFO - Started process (PID=731) to work on /home/airflow/.local/lib/python3.7/site-packages/airflow/example_dags/example_bash_operator.py
[2022-10-09T06:46:14.160+0000] {processor.py:758} INFO - Processing file /home/airflow/.local/lib/python3.7/site-packages/airflow/example_dags/example_bash_operator.py for tasks to queue
[2022-10-09T06:46:14.161+0000] {logging_mixin.py:117} INFO - [2022-10-09T06:46:14.161+0000] {dagbag.py:525} INFO - Filling up the DagBag from /home/airflow/.local/lib/python3.7/site-packages/airflow/example_dags/example_bash_operator.py
[2022-10-09T06:46:14.174+0000] {processor.py:768} INFO - DAG(s) dict_keys(['example_bash_operator']) retrieved from /home/airflow/.local/lib/python3.7/site-packages/airflow/example_dags/example_bash_operator.py
[2022-10-09T06:46:14.203+0000] {logging_mixin.py:117} INFO - [2022-10-09T06:46:14.203+0000] {dag.py:2573} INFO - Sync 1 DAGs
[2022-10-09T06:46:14.219+0000] {logging_mixin.py:117} INFO - [2022-10-09T06:46:14.219+0000] {dag.py:3328} INFO - Setting next_dagrun for example_bash_operator to 2022-10-08T00:00:00+00:00, run_after=2022-10-09T00:00:00+00:00
[2022-10-09T06:46:14.231+0000] {processor.py:178} INFO - Processing /home/airflow/.local/lib/python3.7/site-packages/airflow/example_dags/example_bash_operator.py took 0.075 seconds
[2022-10-09T06:46:44.449+0000] {processor.py:156} INFO - Started process (PID=795) to work on /home/airflow/.local/lib/python3.7/site-packages/airflow/example_dags/example_bash_operator.py
[2022-10-09T06:46:44.452+0000] {processor.py:758} INFO - Processing file /home/airflow/.local/lib/python3.7/site-packages/airflow/example_dags/example_bash_operator.py for tasks to queue
[2022-10-09T06:46:44.452+0000] {logging_mixin.py:117} INFO - [2022-10-09T06:46:44.452+0000] {dagbag.py:525} INFO - Filling up the DagBag from /home/airflow/.local/lib/python3.7/site-packages/airflow/example_dags/example_bash_operator.py
[2022-10-09T06:46:44.465+0000] {processor.py:768} INFO - DAG(s) dict_keys(['example_bash_operator']) retrieved from /home/airflow/.local/lib/python3.7/site-packages/airflow/example_dags/example_bash_operator.py
[2022-10-09T06:46:44.492+0000] {logging_mixin.py:117} INFO - [2022-10-09T06:46:44.492+0000] {dag.py:2573} INFO - Sync 1 DAGs
[2022-10-09T06:46:44.506+0000] {logging_mixin.py:117} INFO - [2022-10-09T06:46:44.506+0000] {dag.py:3328} INFO - Setting next_dagrun for example_bash_operator to 2022-10-08T00:00:00+00:00, run_after=2022-10-09T00:00:00+00:00
[2022-10-09T06:46:44.517+0000] {processor.py:178} INFO - Processing /home/airflow/.local/lib/python3.7/site-packages/airflow/example_dags/example_bash_operator.py took 0.071 seconds
[2022-10-09T06:47:14.691+0000] {processor.py:156} INFO - Started process (PID=857) to work on /home/airflow/.local/lib/python3.7/site-packages/airflow/example_dags/example_bash_operator.py
[2022-10-09T06:47:14.693+0000] {processor.py:758} INFO - Processing file /home/airflow/.local/lib/python3.7/site-packages/airflow/example_dags/example_bash_operator.py for tasks to queue
[2022-10-09T06:47:14.694+0000] {logging_mixin.py:117} INFO - [2022-10-09T06:47:14.694+0000] {dagbag.py:525} INFO - Filling up the DagBag from /home/airflow/.local/lib/python3.7/site-packages/airflow/example_dags/example_bash_operator.py
[2022-10-09T06:47:14.707+0000] {processor.py:768} INFO - DAG(s) dict_keys(['example_bash_operator']) retrieved from /home/airflow/.local/lib/python3.7/site-packages/airflow/example_dags/example_bash_operator.py
[2022-10-09T06:47:14.740+0000] {logging_mixin.py:117} INFO - [2022-10-09T06:47:14.740+0000] {dag.py:2573} INFO - Sync 1 DAGs
[2022-10-09T06:47:14.757+0000] {logging_mixin.py:117} INFO - [2022-10-09T06:47:14.757+0000] {dag.py:3328} INFO - Setting next_dagrun for example_bash_operator to 2022-10-08T00:00:00+00:00, run_after=2022-10-09T00:00:00+00:00
[2022-10-09T06:47:14.771+0000] {processor.py:178} INFO - Processing /home/airflow/.local/lib/python3.7/site-packages/airflow/example_dags/example_bash_operator.py took 0.082 seconds
[2022-10-09T06:47:44.866+0000] {processor.py:156} INFO - Started process (PID=910) to work on /home/airflow/.local/lib/python3.7/site-packages/airflow/example_dags/example_bash_operator.py
[2022-10-09T06:47:44.868+0000] {processor.py:758} INFO - Processing file /home/airflow/.local/lib/python3.7/site-packages/airflow/example_dags/example_bash_operator.py for tasks to queue
[2022-10-09T06:47:44.869+0000] {logging_mixin.py:117} INFO - [2022-10-09T06:47:44.869+0000] {dagbag.py:525} INFO - Filling up the DagBag from /home/airflow/.local/lib/python3.7/site-packages/airflow/example_dags/example_bash_operator.py
[2022-10-09T06:47:44.887+0000] {processor.py:768} INFO - DAG(s) dict_keys(['example_bash_operator']) retrieved from /home/airflow/.local/lib/python3.7/site-packages/airflow/example_dags/example_bash_operator.py
[2022-10-09T06:47:44.913+0000] {logging_mixin.py:117} INFO - [2022-10-09T06:47:44.913+0000] {dag.py:2573} INFO - Sync 1 DAGs
[2022-10-09T06:47:44.928+0000] {logging_mixin.py:117} INFO - [2022-10-09T06:47:44.928+0000] {dag.py:3328} INFO - Setting next_dagrun for example_bash_operator to 2022-10-08T00:00:00+00:00, run_after=2022-10-09T00:00:00+00:00
[2022-10-09T06:47:44.940+0000] {processor.py:178} INFO - Processing /home/airflow/.local/lib/python3.7/site-packages/airflow/example_dags/example_bash_operator.py took 0.076 seconds
[2022-10-09T06:48:15.190+0000] {processor.py:156} INFO - Started process (PID=972) to work on /home/airflow/.local/lib/python3.7/site-packages/airflow/example_dags/example_bash_operator.py
[2022-10-09T06:48:15.192+0000] {processor.py:758} INFO - Processing file /home/airflow/.local/lib/python3.7/site-packages/airflow/example_dags/example_bash_operator.py for tasks to queue
[2022-10-09T06:48:15.193+0000] {logging_mixin.py:117} INFO - [2022-10-09T06:48:15.193+0000] {dagbag.py:525} INFO - Filling up the DagBag from /home/airflow/.local/lib/python3.7/site-packages/airflow/example_dags/example_bash_operator.py
[2022-10-09T06:48:15.206+0000] {processor.py:768} INFO - DAG(s) dict_keys(['example_bash_operator']) retrieved from /home/airflow/.local/lib/python3.7/site-packages/airflow/example_dags/example_bash_operator.py
[2022-10-09T06:48:15.248+0000] {logging_mixin.py:117} INFO - [2022-10-09T06:48:15.248+0000] {dag.py:2573} INFO - Sync 1 DAGs
[2022-10-09T06:48:15.267+0000] {logging_mixin.py:117} INFO - [2022-10-09T06:48:15.266+0000] {dag.py:3328} INFO - Setting next_dagrun for example_bash_operator to 2022-10-08T00:00:00+00:00, run_after=2022-10-09T00:00:00+00:00
[2022-10-09T06:48:15.294+0000] {processor.py:178} INFO - Processing /home/airflow/.local/lib/python3.7/site-packages/airflow/example_dags/example_bash_operator.py took 0.106 seconds
[2022-10-09T06:59:10.355+0000] {processor.py:156} INFO - Started process (PID=1026) to work on /home/airflow/.local/lib/python3.7/site-packages/airflow/example_dags/example_bash_operator.py
[2022-10-09T06:59:10.357+0000] {processor.py:758} INFO - Processing file /home/airflow/.local/lib/python3.7/site-packages/airflow/example_dags/example_bash_operator.py for tasks to queue
[2022-10-09T06:59:10.359+0000] {logging_mixin.py:117} INFO - [2022-10-09T06:59:10.359+0000] {dagbag.py:525} INFO - Filling up the DagBag from /home/airflow/.local/lib/python3.7/site-packages/airflow/example_dags/example_bash_operator.py
[2022-10-09T06:59:10.376+0000] {processor.py:768} INFO - DAG(s) dict_keys(['example_bash_operator']) retrieved from /home/airflow/.local/lib/python3.7/site-packages/airflow/example_dags/example_bash_operator.py
[2022-10-09T06:59:10.411+0000] {logging_mixin.py:117} INFO - [2022-10-09T06:59:10.411+0000] {dag.py:2573} INFO - Sync 1 DAGs
[2022-10-09T06:59:10.433+0000] {logging_mixin.py:117} INFO - [2022-10-09T06:59:10.432+0000] {dag.py:3328} INFO - Setting next_dagrun for example_bash_operator to 2022-10-08T00:00:00+00:00, run_after=2022-10-09T00:00:00+00:00
[2022-10-09T06:59:10.455+0000] {processor.py:178} INFO - Processing /home/airflow/.local/lib/python3.7/site-packages/airflow/example_dags/example_bash_operator.py took 0.102 seconds
[2022-10-09T06:59:41.036+0000] {processor.py:156} INFO - Started process (PID=1090) to work on /home/airflow/.local/lib/python3.7/site-packages/airflow/example_dags/example_bash_operator.py
[2022-10-09T06:59:41.038+0000] {processor.py:758} INFO - Processing file /home/airflow/.local/lib/python3.7/site-packages/airflow/example_dags/example_bash_operator.py for tasks to queue
[2022-10-09T06:59:41.039+0000] {logging_mixin.py:117} INFO - [2022-10-09T06:59:41.039+0000] {dagbag.py:525} INFO - Filling up the DagBag from /home/airflow/.local/lib/python3.7/site-packages/airflow/example_dags/example_bash_operator.py
[2022-10-09T06:59:41.051+0000] {processor.py:768} INFO - DAG(s) dict_keys(['example_bash_operator']) retrieved from /home/airflow/.local/lib/python3.7/site-packages/airflow/example_dags/example_bash_operator.py
[2022-10-09T06:59:41.079+0000] {logging_mixin.py:117} INFO - [2022-10-09T06:59:41.079+0000] {dag.py:2573} INFO - Sync 1 DAGs
[2022-10-09T06:59:41.095+0000] {logging_mixin.py:117} INFO - [2022-10-09T06:59:41.095+0000] {dag.py:3328} INFO - Setting next_dagrun for example_bash_operator to 2022-10-08T00:00:00+00:00, run_after=2022-10-09T00:00:00+00:00
[2022-10-09T06:59:41.108+0000] {processor.py:178} INFO - Processing /home/airflow/.local/lib/python3.7/site-packages/airflow/example_dags/example_bash_operator.py took 0.074 seconds
[2022-10-09T07:00:11.646+0000] {processor.py:156} INFO - Started process (PID=1153) to work on /home/airflow/.local/lib/python3.7/site-packages/airflow/example_dags/example_bash_operator.py
[2022-10-09T07:00:11.649+0000] {processor.py:758} INFO - Processing file /home/airflow/.local/lib/python3.7/site-packages/airflow/example_dags/example_bash_operator.py for tasks to queue
[2022-10-09T07:00:11.650+0000] {logging_mixin.py:117} INFO - [2022-10-09T07:00:11.650+0000] {dagbag.py:525} INFO - Filling up the DagBag from /home/airflow/.local/lib/python3.7/site-packages/airflow/example_dags/example_bash_operator.py
[2022-10-09T07:00:11.665+0000] {processor.py:768} INFO - DAG(s) dict_keys(['example_bash_operator']) retrieved from /home/airflow/.local/lib/python3.7/site-packages/airflow/example_dags/example_bash_operator.py
[2022-10-09T07:00:11.694+0000] {logging_mixin.py:117} INFO - [2022-10-09T07:00:11.694+0000] {dag.py:2573} INFO - Sync 1 DAGs
[2022-10-09T07:00:11.709+0000] {logging_mixin.py:117} INFO - [2022-10-09T07:00:11.709+0000] {dag.py:3328} INFO - Setting next_dagrun for example_bash_operator to 2022-10-08T00:00:00+00:00, run_after=2022-10-09T00:00:00+00:00
[2022-10-09T07:00:11.721+0000] {processor.py:178} INFO - Processing /home/airflow/.local/lib/python3.7/site-packages/airflow/example_dags/example_bash_operator.py took 0.078 seconds
[2022-10-09T07:00:41.988+0000] {processor.py:156} INFO - Started process (PID=1207) to work on /home/airflow/.local/lib/python3.7/site-packages/airflow/example_dags/example_bash_operator.py
[2022-10-09T07:00:41.989+0000] {processor.py:758} INFO - Processing file /home/airflow/.local/lib/python3.7/site-packages/airflow/example_dags/example_bash_operator.py for tasks to queue
[2022-10-09T07:00:41.990+0000] {logging_mixin.py:117} INFO - [2022-10-09T07:00:41.990+0000] {dagbag.py:525} INFO - Filling up the DagBag from /home/airflow/.local/lib/python3.7/site-packages/airflow/example_dags/example_bash_operator.py
[2022-10-09T07:00:42.003+0000] {processor.py:768} INFO - DAG(s) dict_keys(['example_bash_operator']) retrieved from /home/airflow/.local/lib/python3.7/site-packages/airflow/example_dags/example_bash_operator.py
[2022-10-09T07:00:42.030+0000] {logging_mixin.py:117} INFO - [2022-10-09T07:00:42.029+0000] {dag.py:2573} INFO - Sync 1 DAGs
[2022-10-09T07:00:42.045+0000] {logging_mixin.py:117} INFO - [2022-10-09T07:00:42.045+0000] {dag.py:3328} INFO - Setting next_dagrun for example_bash_operator to 2022-10-08T00:00:00+00:00, run_after=2022-10-09T00:00:00+00:00
[2022-10-09T07:00:42.056+0000] {processor.py:178} INFO - Processing /home/airflow/.local/lib/python3.7/site-packages/airflow/example_dags/example_bash_operator.py took 0.071 seconds
[2022-10-09T07:01:12.211+0000] {processor.py:156} INFO - Started process (PID=1268) to work on /home/airflow/.local/lib/python3.7/site-packages/airflow/example_dags/example_bash_operator.py
[2022-10-09T07:01:12.213+0000] {processor.py:758} INFO - Processing file /home/airflow/.local/lib/python3.7/site-packages/airflow/example_dags/example_bash_operator.py for tasks to queue
[2022-10-09T07:01:12.214+0000] {logging_mixin.py:117} INFO - [2022-10-09T07:01:12.214+0000] {dagbag.py:525} INFO - Filling up the DagBag from /home/airflow/.local/lib/python3.7/site-packages/airflow/example_dags/example_bash_operator.py
[2022-10-09T07:01:12.228+0000] {processor.py:768} INFO - DAG(s) dict_keys(['example_bash_operator']) retrieved from /home/airflow/.local/lib/python3.7/site-packages/airflow/example_dags/example_bash_operator.py
[2022-10-09T07:01:12.257+0000] {logging_mixin.py:117} INFO - [2022-10-09T07:01:12.257+0000] {dag.py:2573} INFO - Sync 1 DAGs
[2022-10-09T07:01:12.272+0000] {logging_mixin.py:117} INFO - [2022-10-09T07:01:12.272+0000] {dag.py:3328} INFO - Setting next_dagrun for example_bash_operator to 2022-10-08T00:00:00+00:00, run_after=2022-10-09T00:00:00+00:00
[2022-10-09T07:01:12.284+0000] {processor.py:178} INFO - Processing /home/airflow/.local/lib/python3.7/site-packages/airflow/example_dags/example_bash_operator.py took 0.076 seconds
[2022-10-09T07:01:42.580+0000] {processor.py:156} INFO - Started process (PID=1332) to work on /home/airflow/.local/lib/python3.7/site-packages/airflow/example_dags/example_bash_operator.py
[2022-10-09T07:01:42.581+0000] {processor.py:758} INFO - Processing file /home/airflow/.local/lib/python3.7/site-packages/airflow/example_dags/example_bash_operator.py for tasks to queue
[2022-10-09T07:01:42.583+0000] {logging_mixin.py:117} INFO - [2022-10-09T07:01:42.583+0000] {dagbag.py:525} INFO - Filling up the DagBag from /home/airflow/.local/lib/python3.7/site-packages/airflow/example_dags/example_bash_operator.py
[2022-10-09T07:01:42.596+0000] {processor.py:768} INFO - DAG(s) dict_keys(['example_bash_operator']) retrieved from /home/airflow/.local/lib/python3.7/site-packages/airflow/example_dags/example_bash_operator.py
[2022-10-09T07:01:42.623+0000] {logging_mixin.py:117} INFO - [2022-10-09T07:01:42.623+0000] {dag.py:2573} INFO - Sync 1 DAGs
[2022-10-09T07:01:42.638+0000] {logging_mixin.py:117} INFO - [2022-10-09T07:01:42.637+0000] {dag.py:3328} INFO - Setting next_dagrun for example_bash_operator to 2022-10-08T00:00:00+00:00, run_after=2022-10-09T00:00:00+00:00
[2022-10-09T07:01:42.648+0000] {processor.py:178} INFO - Processing /home/airflow/.local/lib/python3.7/site-packages/airflow/example_dags/example_bash_operator.py took 0.071 seconds
[2022-10-09T07:02:12.708+0000] {processor.py:156} INFO - Started process (PID=1394) to work on /home/airflow/.local/lib/python3.7/site-packages/airflow/example_dags/example_bash_operator.py
[2022-10-09T07:02:12.710+0000] {processor.py:758} INFO - Processing file /home/airflow/.local/lib/python3.7/site-packages/airflow/example_dags/example_bash_operator.py for tasks to queue
[2022-10-09T07:02:12.711+0000] {logging_mixin.py:117} INFO - [2022-10-09T07:02:12.711+0000] {dagbag.py:525} INFO - Filling up the DagBag from /home/airflow/.local/lib/python3.7/site-packages/airflow/example_dags/example_bash_operator.py
[2022-10-09T07:02:12.723+0000] {processor.py:768} INFO - DAG(s) dict_keys(['example_bash_operator']) retrieved from /home/airflow/.local/lib/python3.7/site-packages/airflow/example_dags/example_bash_operator.py
[2022-10-09T07:02:12.753+0000] {logging_mixin.py:117} INFO - [2022-10-09T07:02:12.753+0000] {dag.py:2573} INFO - Sync 1 DAGs
[2022-10-09T07:02:12.769+0000] {logging_mixin.py:117} INFO - [2022-10-09T07:02:12.769+0000] {dag.py:3328} INFO - Setting next_dagrun for example_bash_operator to 2022-10-08T00:00:00+00:00, run_after=2022-10-09T00:00:00+00:00
[2022-10-09T07:02:12.782+0000] {processor.py:178} INFO - Processing /home/airflow/.local/lib/python3.7/site-packages/airflow/example_dags/example_bash_operator.py took 0.076 seconds
[2022-10-09T07:02:43.358+0000] {processor.py:156} INFO - Started process (PID=1458) to work on /home/airflow/.local/lib/python3.7/site-packages/airflow/example_dags/example_bash_operator.py
[2022-10-09T07:02:43.359+0000] {processor.py:758} INFO - Processing file /home/airflow/.local/lib/python3.7/site-packages/airflow/example_dags/example_bash_operator.py for tasks to queue
[2022-10-09T07:02:43.360+0000] {logging_mixin.py:117} INFO - [2022-10-09T07:02:43.360+0000] {dagbag.py:525} INFO - Filling up the DagBag from /home/airflow/.local/lib/python3.7/site-packages/airflow/example_dags/example_bash_operator.py
[2022-10-09T07:02:43.374+0000] {processor.py:768} INFO - DAG(s) dict_keys(['example_bash_operator']) retrieved from /home/airflow/.local/lib/python3.7/site-packages/airflow/example_dags/example_bash_operator.py
[2022-10-09T07:02:43.403+0000] {logging_mixin.py:117} INFO - [2022-10-09T07:02:43.403+0000] {dag.py:2573} INFO - Sync 1 DAGs
[2022-10-09T07:02:43.421+0000] {logging_mixin.py:117} INFO - [2022-10-09T07:02:43.421+0000] {dag.py:3328} INFO - Setting next_dagrun for example_bash_operator to 2022-10-08T00:00:00+00:00, run_after=2022-10-09T00:00:00+00:00
[2022-10-09T07:02:43.440+0000] {processor.py:178} INFO - Processing /home/airflow/.local/lib/python3.7/site-packages/airflow/example_dags/example_bash_operator.py took 0.085 seconds
[2022-10-09T07:03:13.853+0000] {processor.py:156} INFO - Started process (PID=1512) to work on /home/airflow/.local/lib/python3.7/site-packages/airflow/example_dags/example_bash_operator.py
[2022-10-09T07:03:13.855+0000] {processor.py:758} INFO - Processing file /home/airflow/.local/lib/python3.7/site-packages/airflow/example_dags/example_bash_operator.py for tasks to queue
[2022-10-09T07:03:13.856+0000] {logging_mixin.py:117} INFO - [2022-10-09T07:03:13.856+0000] {dagbag.py:525} INFO - Filling up the DagBag from /home/airflow/.local/lib/python3.7/site-packages/airflow/example_dags/example_bash_operator.py
[2022-10-09T07:03:13.869+0000] {processor.py:768} INFO - DAG(s) dict_keys(['example_bash_operator']) retrieved from /home/airflow/.local/lib/python3.7/site-packages/airflow/example_dags/example_bash_operator.py
[2022-10-09T07:03:13.896+0000] {logging_mixin.py:117} INFO - [2022-10-09T07:03:13.896+0000] {dag.py:2573} INFO - Sync 1 DAGs
[2022-10-09T07:03:13.911+0000] {logging_mixin.py:117} INFO - [2022-10-09T07:03:13.911+0000] {dag.py:3328} INFO - Setting next_dagrun for example_bash_operator to 2022-10-08T00:00:00+00:00, run_after=2022-10-09T00:00:00+00:00
[2022-10-09T07:03:13.924+0000] {processor.py:178} INFO - Processing /home/airflow/.local/lib/python3.7/site-packages/airflow/example_dags/example_bash_operator.py took 0.073 seconds
[2022-10-09T07:03:44.037+0000] {processor.py:156} INFO - Started process (PID=1574) to work on /home/airflow/.local/lib/python3.7/site-packages/airflow/example_dags/example_bash_operator.py
[2022-10-09T07:03:44.039+0000] {processor.py:758} INFO - Processing file /home/airflow/.local/lib/python3.7/site-packages/airflow/example_dags/example_bash_operator.py for tasks to queue
[2022-10-09T07:03:44.040+0000] {logging_mixin.py:117} INFO - [2022-10-09T07:03:44.040+0000] {dagbag.py:525} INFO - Filling up the DagBag from /home/airflow/.local/lib/python3.7/site-packages/airflow/example_dags/example_bash_operator.py
[2022-10-09T07:03:44.055+0000] {processor.py:768} INFO - DAG(s) dict_keys(['example_bash_operator']) retrieved from /home/airflow/.local/lib/python3.7/site-packages/airflow/example_dags/example_bash_operator.py
[2022-10-09T07:03:44.082+0000] {logging_mixin.py:117} INFO - [2022-10-09T07:03:44.082+0000] {dag.py:2573} INFO - Sync 1 DAGs
[2022-10-09T07:03:44.097+0000] {logging_mixin.py:117} INFO - [2022-10-09T07:03:44.097+0000] {dag.py:3328} INFO - Setting next_dagrun for example_bash_operator to 2022-10-08T00:00:00+00:00, run_after=2022-10-09T00:00:00+00:00
[2022-10-09T07:03:44.108+0000] {processor.py:178} INFO - Processing /home/airflow/.local/lib/python3.7/site-packages/airflow/example_dags/example_bash_operator.py took 0.073 seconds
[2022-10-09T07:04:14.284+0000] {processor.py:156} INFO - Started process (PID=1636) to work on /home/airflow/.local/lib/python3.7/site-packages/airflow/example_dags/example_bash_operator.py
[2022-10-09T07:04:14.286+0000] {processor.py:758} INFO - Processing file /home/airflow/.local/lib/python3.7/site-packages/airflow/example_dags/example_bash_operator.py for tasks to queue
[2022-10-09T07:04:14.288+0000] {logging_mixin.py:117} INFO - [2022-10-09T07:04:14.288+0000] {dagbag.py:525} INFO - Filling up the DagBag from /home/airflow/.local/lib/python3.7/site-packages/airflow/example_dags/example_bash_operator.py
[2022-10-09T07:04:14.302+0000] {processor.py:768} INFO - DAG(s) dict_keys(['example_bash_operator']) retrieved from /home/airflow/.local/lib/python3.7/site-packages/airflow/example_dags/example_bash_operator.py
[2022-10-09T07:04:14.331+0000] {logging_mixin.py:117} INFO - [2022-10-09T07:04:14.331+0000] {dag.py:2573} INFO - Sync 1 DAGs
[2022-10-09T07:04:14.347+0000] {logging_mixin.py:117} INFO - [2022-10-09T07:04:14.347+0000] {dag.py:3328} INFO - Setting next_dagrun for example_bash_operator to 2022-10-08T00:00:00+00:00, run_after=2022-10-09T00:00:00+00:00
[2022-10-09T07:04:14.360+0000] {processor.py:178} INFO - Processing /home/airflow/.local/lib/python3.7/site-packages/airflow/example_dags/example_bash_operator.py took 0.079 seconds
[2022-10-09T07:04:45.189+0000] {processor.py:156} INFO - Started process (PID=1700) to work on /home/airflow/.local/lib/python3.7/site-packages/airflow/example_dags/example_bash_operator.py
[2022-10-09T07:04:45.190+0000] {processor.py:758} INFO - Processing file /home/airflow/.local/lib/python3.7/site-packages/airflow/example_dags/example_bash_operator.py for tasks to queue
[2022-10-09T07:04:45.193+0000] {logging_mixin.py:117} INFO - [2022-10-09T07:04:45.193+0000] {dagbag.py:525} INFO - Filling up the DagBag from /home/airflow/.local/lib/python3.7/site-packages/airflow/example_dags/example_bash_operator.py
[2022-10-09T07:04:45.206+0000] {processor.py:768} INFO - DAG(s) dict_keys(['example_bash_operator']) retrieved from /home/airflow/.local/lib/python3.7/site-packages/airflow/example_dags/example_bash_operator.py
[2022-10-09T07:04:45.236+0000] {logging_mixin.py:117} INFO - [2022-10-09T07:04:45.236+0000] {dag.py:2573} INFO - Sync 1 DAGs
[2022-10-09T07:04:45.254+0000] {logging_mixin.py:117} INFO - [2022-10-09T07:04:45.254+0000] {dag.py:3328} INFO - Setting next_dagrun for example_bash_operator to 2022-10-08T00:00:00+00:00, run_after=2022-10-09T00:00:00+00:00
[2022-10-09T07:04:45.268+0000] {processor.py:178} INFO - Processing /home/airflow/.local/lib/python3.7/site-packages/airflow/example_dags/example_bash_operator.py took 0.082 seconds
[2022-10-09T07:05:15.677+0000] {processor.py:156} INFO - Started process (PID=1763) to work on /home/airflow/.local/lib/python3.7/site-packages/airflow/example_dags/example_bash_operator.py
[2022-10-09T07:05:15.679+0000] {processor.py:758} INFO - Processing file /home/airflow/.local/lib/python3.7/site-packages/airflow/example_dags/example_bash_operator.py for tasks to queue
[2022-10-09T07:05:15.680+0000] {logging_mixin.py:117} INFO - [2022-10-09T07:05:15.680+0000] {dagbag.py:525} INFO - Filling up the DagBag from /home/airflow/.local/lib/python3.7/site-packages/airflow/example_dags/example_bash_operator.py
[2022-10-09T07:05:15.695+0000] {processor.py:768} INFO - DAG(s) dict_keys(['example_bash_operator']) retrieved from /home/airflow/.local/lib/python3.7/site-packages/airflow/example_dags/example_bash_operator.py
[2022-10-09T07:05:15.724+0000] {logging_mixin.py:117} INFO - [2022-10-09T07:05:15.724+0000] {dag.py:2573} INFO - Sync 1 DAGs
[2022-10-09T07:05:15.741+0000] {logging_mixin.py:117} INFO - [2022-10-09T07:05:15.740+0000] {dag.py:3328} INFO - Setting next_dagrun for example_bash_operator to 2022-10-08T00:00:00+00:00, run_after=2022-10-09T00:00:00+00:00
[2022-10-09T07:05:15.753+0000] {processor.py:178} INFO - Processing /home/airflow/.local/lib/python3.7/site-packages/airflow/example_dags/example_bash_operator.py took 0.079 seconds
[2022-10-09T07:05:46.069+0000] {processor.py:156} INFO - Started process (PID=1817) to work on /home/airflow/.local/lib/python3.7/site-packages/airflow/example_dags/example_bash_operator.py
[2022-10-09T07:05:46.071+0000] {processor.py:758} INFO - Processing file /home/airflow/.local/lib/python3.7/site-packages/airflow/example_dags/example_bash_operator.py for tasks to queue
[2022-10-09T07:05:46.073+0000] {logging_mixin.py:117} INFO - [2022-10-09T07:05:46.073+0000] {dagbag.py:525} INFO - Filling up the DagBag from /home/airflow/.local/lib/python3.7/site-packages/airflow/example_dags/example_bash_operator.py
[2022-10-09T07:05:46.087+0000] {processor.py:768} INFO - DAG(s) dict_keys(['example_bash_operator']) retrieved from /home/airflow/.local/lib/python3.7/site-packages/airflow/example_dags/example_bash_operator.py
[2022-10-09T07:05:46.120+0000] {logging_mixin.py:117} INFO - [2022-10-09T07:05:46.120+0000] {dag.py:2573} INFO - Sync 1 DAGs
[2022-10-09T07:05:46.136+0000] {logging_mixin.py:117} INFO - [2022-10-09T07:05:46.136+0000] {dag.py:3328} INFO - Setting next_dagrun for example_bash_operator to 2022-10-08T00:00:00+00:00, run_after=2022-10-09T00:00:00+00:00
[2022-10-09T07:05:46.149+0000] {processor.py:178} INFO - Processing /home/airflow/.local/lib/python3.7/site-packages/airflow/example_dags/example_bash_operator.py took 0.082 seconds
[2022-10-09T07:06:16.829+0000] {processor.py:156} INFO - Started process (PID=1880) to work on /home/airflow/.local/lib/python3.7/site-packages/airflow/example_dags/example_bash_operator.py
[2022-10-09T07:06:16.831+0000] {processor.py:758} INFO - Processing file /home/airflow/.local/lib/python3.7/site-packages/airflow/example_dags/example_bash_operator.py for tasks to queue
[2022-10-09T07:06:16.832+0000] {logging_mixin.py:117} INFO - [2022-10-09T07:06:16.832+0000] {dagbag.py:525} INFO - Filling up the DagBag from /home/airflow/.local/lib/python3.7/site-packages/airflow/example_dags/example_bash_operator.py
[2022-10-09T07:06:16.845+0000] {processor.py:768} INFO - DAG(s) dict_keys(['example_bash_operator']) retrieved from /home/airflow/.local/lib/python3.7/site-packages/airflow/example_dags/example_bash_operator.py
[2022-10-09T07:06:16.873+0000] {logging_mixin.py:117} INFO - [2022-10-09T07:06:16.873+0000] {dag.py:2573} INFO - Sync 1 DAGs
[2022-10-09T07:06:16.888+0000] {logging_mixin.py:117} INFO - [2022-10-09T07:06:16.888+0000] {dag.py:3328} INFO - Setting next_dagrun for example_bash_operator to 2022-10-08T00:00:00+00:00, run_after=2022-10-09T00:00:00+00:00
[2022-10-09T07:06:16.901+0000] {processor.py:178} INFO - Processing /home/airflow/.local/lib/python3.7/site-packages/airflow/example_dags/example_bash_operator.py took 0.074 seconds
[2022-10-09T07:06:46.967+0000] {processor.py:156} INFO - Started process (PID=1942) to work on /home/airflow/.local/lib/python3.7/site-packages/airflow/example_dags/example_bash_operator.py
[2022-10-09T07:06:46.968+0000] {processor.py:758} INFO - Processing file /home/airflow/.local/lib/python3.7/site-packages/airflow/example_dags/example_bash_operator.py for tasks to queue
[2022-10-09T07:06:46.970+0000] {logging_mixin.py:117} INFO - [2022-10-09T07:06:46.970+0000] {dagbag.py:525} INFO - Filling up the DagBag from /home/airflow/.local/lib/python3.7/site-packages/airflow/example_dags/example_bash_operator.py
[2022-10-09T07:06:46.988+0000] {processor.py:768} INFO - DAG(s) dict_keys(['example_bash_operator']) retrieved from /home/airflow/.local/lib/python3.7/site-packages/airflow/example_dags/example_bash_operator.py
[2022-10-09T07:06:47.014+0000] {logging_mixin.py:117} INFO - [2022-10-09T07:06:47.014+0000] {dag.py:2573} INFO - Sync 1 DAGs
[2022-10-09T07:06:47.029+0000] {logging_mixin.py:117} INFO - [2022-10-09T07:06:47.029+0000] {dag.py:3328} INFO - Setting next_dagrun for example_bash_operator to 2022-10-08T00:00:00+00:00, run_after=2022-10-09T00:00:00+00:00
[2022-10-09T07:06:47.040+0000] {processor.py:178} INFO - Processing /home/airflow/.local/lib/python3.7/site-packages/airflow/example_dags/example_bash_operator.py took 0.075 seconds
[2022-10-09T07:07:17.161+0000] {processor.py:156} INFO - Started process (PID=2006) to work on /home/airflow/.local/lib/python3.7/site-packages/airflow/example_dags/example_bash_operator.py
[2022-10-09T07:07:17.163+0000] {processor.py:758} INFO - Processing file /home/airflow/.local/lib/python3.7/site-packages/airflow/example_dags/example_bash_operator.py for tasks to queue
[2022-10-09T07:07:17.164+0000] {logging_mixin.py:117} INFO - [2022-10-09T07:07:17.164+0000] {dagbag.py:525} INFO - Filling up the DagBag from /home/airflow/.local/lib/python3.7/site-packages/airflow/example_dags/example_bash_operator.py
[2022-10-09T07:07:17.177+0000] {processor.py:768} INFO - DAG(s) dict_keys(['example_bash_operator']) retrieved from /home/airflow/.local/lib/python3.7/site-packages/airflow/example_dags/example_bash_operator.py
[2022-10-09T07:07:17.205+0000] {logging_mixin.py:117} INFO - [2022-10-09T07:07:17.205+0000] {dag.py:2573} INFO - Sync 1 DAGs
[2022-10-09T07:07:17.219+0000] {logging_mixin.py:117} INFO - [2022-10-09T07:07:17.219+0000] {dag.py:3328} INFO - Setting next_dagrun for example_bash_operator to 2022-10-08T00:00:00+00:00, run_after=2022-10-09T00:00:00+00:00
[2022-10-09T07:07:17.233+0000] {processor.py:178} INFO - Processing /home/airflow/.local/lib/python3.7/site-packages/airflow/example_dags/example_bash_operator.py took 0.073 seconds
[2022-10-09T07:07:47.920+0000] {processor.py:156} INFO - Started process (PID=2071) to work on /home/airflow/.local/lib/python3.7/site-packages/airflow/example_dags/example_bash_operator.py
[2022-10-09T07:07:47.922+0000] {processor.py:758} INFO - Processing file /home/airflow/.local/lib/python3.7/site-packages/airflow/example_dags/example_bash_operator.py for tasks to queue
[2022-10-09T07:07:47.924+0000] {logging_mixin.py:117} INFO - [2022-10-09T07:07:47.924+0000] {dagbag.py:525} INFO - Filling up the DagBag from /home/airflow/.local/lib/python3.7/site-packages/airflow/example_dags/example_bash_operator.py
[2022-10-09T07:07:47.944+0000] {processor.py:768} INFO - DAG(s) dict_keys(['example_bash_operator']) retrieved from /home/airflow/.local/lib/python3.7/site-packages/airflow/example_dags/example_bash_operator.py
[2022-10-09T07:07:47.991+0000] {logging_mixin.py:117} INFO - [2022-10-09T07:07:47.990+0000] {dag.py:2573} INFO - Sync 1 DAGs
[2022-10-09T07:07:48.006+0000] {logging_mixin.py:117} INFO - [2022-10-09T07:07:48.006+0000] {dag.py:3328} INFO - Setting next_dagrun for example_bash_operator to 2022-10-08T00:00:00+00:00, run_after=2022-10-09T00:00:00+00:00
[2022-10-09T07:07:48.020+0000] {processor.py:178} INFO - Processing /home/airflow/.local/lib/python3.7/site-packages/airflow/example_dags/example_bash_operator.py took 0.103 seconds
[2022-10-09T07:08:18.176+0000] {processor.py:156} INFO - Started process (PID=2126) to work on /home/airflow/.local/lib/python3.7/site-packages/airflow/example_dags/example_bash_operator.py
[2022-10-09T07:08:18.177+0000] {processor.py:758} INFO - Processing file /home/airflow/.local/lib/python3.7/site-packages/airflow/example_dags/example_bash_operator.py for tasks to queue
[2022-10-09T07:08:18.178+0000] {logging_mixin.py:117} INFO - [2022-10-09T07:08:18.178+0000] {dagbag.py:525} INFO - Filling up the DagBag from /home/airflow/.local/lib/python3.7/site-packages/airflow/example_dags/example_bash_operator.py
[2022-10-09T07:08:18.191+0000] {processor.py:768} INFO - DAG(s) dict_keys(['example_bash_operator']) retrieved from /home/airflow/.local/lib/python3.7/site-packages/airflow/example_dags/example_bash_operator.py
[2022-10-09T07:08:18.218+0000] {logging_mixin.py:117} INFO - [2022-10-09T07:08:18.218+0000] {dag.py:2573} INFO - Sync 1 DAGs
[2022-10-09T07:08:18.237+0000] {logging_mixin.py:117} INFO - [2022-10-09T07:08:18.236+0000] {dag.py:3328} INFO - Setting next_dagrun for example_bash_operator to 2022-10-08T00:00:00+00:00, run_after=2022-10-09T00:00:00+00:00
[2022-10-09T07:08:18.253+0000] {processor.py:178} INFO - Processing /home/airflow/.local/lib/python3.7/site-packages/airflow/example_dags/example_bash_operator.py took 0.079 seconds
[2022-10-09T07:08:48.619+0000] {processor.py:156} INFO - Started process (PID=2188) to work on /home/airflow/.local/lib/python3.7/site-packages/airflow/example_dags/example_bash_operator.py
[2022-10-09T07:08:48.621+0000] {processor.py:758} INFO - Processing file /home/airflow/.local/lib/python3.7/site-packages/airflow/example_dags/example_bash_operator.py for tasks to queue
[2022-10-09T07:08:48.622+0000] {logging_mixin.py:117} INFO - [2022-10-09T07:08:48.622+0000] {dagbag.py:525} INFO - Filling up the DagBag from /home/airflow/.local/lib/python3.7/site-packages/airflow/example_dags/example_bash_operator.py
[2022-10-09T07:08:48.637+0000] {processor.py:768} INFO - DAG(s) dict_keys(['example_bash_operator']) retrieved from /home/airflow/.local/lib/python3.7/site-packages/airflow/example_dags/example_bash_operator.py
[2022-10-09T07:08:48.672+0000] {logging_mixin.py:117} INFO - [2022-10-09T07:08:48.672+0000] {dag.py:2573} INFO - Sync 1 DAGs
[2022-10-09T07:08:48.690+0000] {logging_mixin.py:117} INFO - [2022-10-09T07:08:48.690+0000] {dag.py:3328} INFO - Setting next_dagrun for example_bash_operator to 2022-10-08T00:00:00+00:00, run_after=2022-10-09T00:00:00+00:00
[2022-10-09T07:08:48.701+0000] {processor.py:178} INFO - Processing /home/airflow/.local/lib/python3.7/site-packages/airflow/example_dags/example_bash_operator.py took 0.084 seconds
[2022-10-09T07:09:19.050+0000] {processor.py:156} INFO - Started process (PID=2253) to work on /home/airflow/.local/lib/python3.7/site-packages/airflow/example_dags/example_bash_operator.py
[2022-10-09T07:09:19.052+0000] {processor.py:758} INFO - Processing file /home/airflow/.local/lib/python3.7/site-packages/airflow/example_dags/example_bash_operator.py for tasks to queue
[2022-10-09T07:09:19.054+0000] {logging_mixin.py:117} INFO - [2022-10-09T07:09:19.054+0000] {dagbag.py:525} INFO - Filling up the DagBag from /home/airflow/.local/lib/python3.7/site-packages/airflow/example_dags/example_bash_operator.py
[2022-10-09T07:09:19.068+0000] {processor.py:768} INFO - DAG(s) dict_keys(['example_bash_operator']) retrieved from /home/airflow/.local/lib/python3.7/site-packages/airflow/example_dags/example_bash_operator.py
[2022-10-09T07:09:19.097+0000] {logging_mixin.py:117} INFO - [2022-10-09T07:09:19.096+0000] {dag.py:2573} INFO - Sync 1 DAGs
[2022-10-09T07:09:19.111+0000] {logging_mixin.py:117} INFO - [2022-10-09T07:09:19.111+0000] {dag.py:3328} INFO - Setting next_dagrun for example_bash_operator to 2022-10-08T00:00:00+00:00, run_after=2022-10-09T00:00:00+00:00
[2022-10-09T07:09:19.123+0000] {processor.py:178} INFO - Processing /home/airflow/.local/lib/python3.7/site-packages/airflow/example_dags/example_bash_operator.py took 0.075 seconds
[2022-10-09T07:09:49.589+0000] {processor.py:156} INFO - Started process (PID=2315) to work on /home/airflow/.local/lib/python3.7/site-packages/airflow/example_dags/example_bash_operator.py
[2022-10-09T07:09:49.590+0000] {processor.py:758} INFO - Processing file /home/airflow/.local/lib/python3.7/site-packages/airflow/example_dags/example_bash_operator.py for tasks to queue
[2022-10-09T07:09:49.591+0000] {logging_mixin.py:117} INFO - [2022-10-09T07:09:49.591+0000] {dagbag.py:525} INFO - Filling up the DagBag from /home/airflow/.local/lib/python3.7/site-packages/airflow/example_dags/example_bash_operator.py
[2022-10-09T07:09:49.607+0000] {processor.py:768} INFO - DAG(s) dict_keys(['example_bash_operator']) retrieved from /home/airflow/.local/lib/python3.7/site-packages/airflow/example_dags/example_bash_operator.py
[2022-10-09T07:09:49.636+0000] {logging_mixin.py:117} INFO - [2022-10-09T07:09:49.636+0000] {dag.py:2573} INFO - Sync 1 DAGs
[2022-10-09T07:09:49.652+0000] {logging_mixin.py:117} INFO - [2022-10-09T07:09:49.651+0000] {dag.py:3328} INFO - Setting next_dagrun for example_bash_operator to 2022-10-08T00:00:00+00:00, run_after=2022-10-09T00:00:00+00:00
[2022-10-09T07:09:49.663+0000] {processor.py:178} INFO - Processing /home/airflow/.local/lib/python3.7/site-packages/airflow/example_dags/example_bash_operator.py took 0.077 seconds
[2022-10-09T07:10:19.879+0000] {processor.py:156} INFO - Started process (PID=2377) to work on /home/airflow/.local/lib/python3.7/site-packages/airflow/example_dags/example_bash_operator.py
[2022-10-09T07:10:19.881+0000] {processor.py:758} INFO - Processing file /home/airflow/.local/lib/python3.7/site-packages/airflow/example_dags/example_bash_operator.py for tasks to queue
[2022-10-09T07:10:19.883+0000] {logging_mixin.py:117} INFO - [2022-10-09T07:10:19.883+0000] {dagbag.py:525} INFO - Filling up the DagBag from /home/airflow/.local/lib/python3.7/site-packages/airflow/example_dags/example_bash_operator.py
[2022-10-09T07:10:19.902+0000] {processor.py:768} INFO - DAG(s) dict_keys(['example_bash_operator']) retrieved from /home/airflow/.local/lib/python3.7/site-packages/airflow/example_dags/example_bash_operator.py
[2022-10-09T07:10:19.943+0000] {logging_mixin.py:117} INFO - [2022-10-09T07:10:19.943+0000] {dag.py:2573} INFO - Sync 1 DAGs
[2022-10-09T07:10:19.965+0000] {logging_mixin.py:117} INFO - [2022-10-09T07:10:19.965+0000] {dag.py:3328} INFO - Setting next_dagrun for example_bash_operator to 2022-10-08T00:00:00+00:00, run_after=2022-10-09T00:00:00+00:00
[2022-10-09T07:10:19.984+0000] {processor.py:178} INFO - Processing /home/airflow/.local/lib/python3.7/site-packages/airflow/example_dags/example_bash_operator.py took 0.108 seconds
[2022-10-09T07:10:50.681+0000] {processor.py:156} INFO - Started process (PID=2440) to work on /home/airflow/.local/lib/python3.7/site-packages/airflow/example_dags/example_bash_operator.py
[2022-10-09T07:10:50.683+0000] {processor.py:758} INFO - Processing file /home/airflow/.local/lib/python3.7/site-packages/airflow/example_dags/example_bash_operator.py for tasks to queue
[2022-10-09T07:10:50.684+0000] {logging_mixin.py:117} INFO - [2022-10-09T07:10:50.684+0000] {dagbag.py:525} INFO - Filling up the DagBag from /home/airflow/.local/lib/python3.7/site-packages/airflow/example_dags/example_bash_operator.py
[2022-10-09T07:10:50.698+0000] {processor.py:768} INFO - DAG(s) dict_keys(['example_bash_operator']) retrieved from /home/airflow/.local/lib/python3.7/site-packages/airflow/example_dags/example_bash_operator.py
[2022-10-09T07:10:50.725+0000] {logging_mixin.py:117} INFO - [2022-10-09T07:10:50.724+0000] {dag.py:2573} INFO - Sync 1 DAGs
[2022-10-09T07:10:50.741+0000] {logging_mixin.py:117} INFO - [2022-10-09T07:10:50.741+0000] {dag.py:3328} INFO - Setting next_dagrun for example_bash_operator to 2022-10-08T00:00:00+00:00, run_after=2022-10-09T00:00:00+00:00
[2022-10-09T07:10:50.752+0000] {processor.py:178} INFO - Processing /home/airflow/.local/lib/python3.7/site-packages/airflow/example_dags/example_bash_operator.py took 0.073 seconds
[2022-10-09T07:11:20.939+0000] {processor.py:156} INFO - Started process (PID=2494) to work on /home/airflow/.local/lib/python3.7/site-packages/airflow/example_dags/example_bash_operator.py
[2022-10-09T07:11:20.940+0000] {processor.py:758} INFO - Processing file /home/airflow/.local/lib/python3.7/site-packages/airflow/example_dags/example_bash_operator.py for tasks to queue
[2022-10-09T07:11:20.941+0000] {logging_mixin.py:117} INFO - [2022-10-09T07:11:20.941+0000] {dagbag.py:525} INFO - Filling up the DagBag from /home/airflow/.local/lib/python3.7/site-packages/airflow/example_dags/example_bash_operator.py
[2022-10-09T07:11:20.955+0000] {processor.py:768} INFO - DAG(s) dict_keys(['example_bash_operator']) retrieved from /home/airflow/.local/lib/python3.7/site-packages/airflow/example_dags/example_bash_operator.py
[2022-10-09T07:11:20.982+0000] {logging_mixin.py:117} INFO - [2022-10-09T07:11:20.982+0000] {dag.py:2573} INFO - Sync 1 DAGs
[2022-10-09T07:11:20.997+0000] {logging_mixin.py:117} INFO - [2022-10-09T07:11:20.997+0000] {dag.py:3328} INFO - Setting next_dagrun for example_bash_operator to 2022-10-08T00:00:00+00:00, run_after=2022-10-09T00:00:00+00:00
[2022-10-09T07:11:21.009+0000] {processor.py:178} INFO - Processing /home/airflow/.local/lib/python3.7/site-packages/airflow/example_dags/example_bash_operator.py took 0.073 seconds
[2022-10-09T07:11:51.325+0000] {processor.py:156} INFO - Started process (PID=2557) to work on /home/airflow/.local/lib/python3.7/site-packages/airflow/example_dags/example_bash_operator.py
[2022-10-09T07:11:51.327+0000] {processor.py:758} INFO - Processing file /home/airflow/.local/lib/python3.7/site-packages/airflow/example_dags/example_bash_operator.py for tasks to queue
[2022-10-09T07:11:51.327+0000] {logging_mixin.py:117} INFO - [2022-10-09T07:11:51.327+0000] {dagbag.py:525} INFO - Filling up the DagBag from /home/airflow/.local/lib/python3.7/site-packages/airflow/example_dags/example_bash_operator.py
[2022-10-09T07:11:51.340+0000] {processor.py:768} INFO - DAG(s) dict_keys(['example_bash_operator']) retrieved from /home/airflow/.local/lib/python3.7/site-packages/airflow/example_dags/example_bash_operator.py
[2022-10-09T07:11:51.368+0000] {logging_mixin.py:117} INFO - [2022-10-09T07:11:51.368+0000] {dag.py:2573} INFO - Sync 1 DAGs
[2022-10-09T07:11:51.382+0000] {logging_mixin.py:117} INFO - [2022-10-09T07:11:51.382+0000] {dag.py:3328} INFO - Setting next_dagrun for example_bash_operator to 2022-10-08T00:00:00+00:00, run_after=2022-10-09T00:00:00+00:00
[2022-10-09T07:11:51.394+0000] {processor.py:178} INFO - Processing /home/airflow/.local/lib/python3.7/site-packages/airflow/example_dags/example_bash_operator.py took 0.071 seconds
[2022-10-09T07:12:21.498+0000] {processor.py:156} INFO - Started process (PID=2619) to work on /home/airflow/.local/lib/python3.7/site-packages/airflow/example_dags/example_bash_operator.py
[2022-10-09T07:12:21.499+0000] {processor.py:758} INFO - Processing file /home/airflow/.local/lib/python3.7/site-packages/airflow/example_dags/example_bash_operator.py for tasks to queue
[2022-10-09T07:12:21.501+0000] {logging_mixin.py:117} INFO - [2022-10-09T07:12:21.501+0000] {dagbag.py:525} INFO - Filling up the DagBag from /home/airflow/.local/lib/python3.7/site-packages/airflow/example_dags/example_bash_operator.py
[2022-10-09T07:12:21.514+0000] {processor.py:768} INFO - DAG(s) dict_keys(['example_bash_operator']) retrieved from /home/airflow/.local/lib/python3.7/site-packages/airflow/example_dags/example_bash_operator.py
[2022-10-09T07:12:21.545+0000] {logging_mixin.py:117} INFO - [2022-10-09T07:12:21.545+0000] {dag.py:2573} INFO - Sync 1 DAGs
[2022-10-09T07:12:21.561+0000] {logging_mixin.py:117} INFO - [2022-10-09T07:12:21.560+0000] {dag.py:3328} INFO - Setting next_dagrun for example_bash_operator to 2022-10-08T00:00:00+00:00, run_after=2022-10-09T00:00:00+00:00
[2022-10-09T07:12:21.574+0000] {processor.py:178} INFO - Processing /home/airflow/.local/lib/python3.7/site-packages/airflow/example_dags/example_bash_operator.py took 0.078 seconds
[2022-10-09T07:12:51.899+0000] {processor.py:156} INFO - Started process (PID=2683) to work on /home/airflow/.local/lib/python3.7/site-packages/airflow/example_dags/example_bash_operator.py
[2022-10-09T07:12:51.901+0000] {processor.py:758} INFO - Processing file /home/airflow/.local/lib/python3.7/site-packages/airflow/example_dags/example_bash_operator.py for tasks to queue
[2022-10-09T07:12:51.902+0000] {logging_mixin.py:117} INFO - [2022-10-09T07:12:51.901+0000] {dagbag.py:525} INFO - Filling up the DagBag from /home/airflow/.local/lib/python3.7/site-packages/airflow/example_dags/example_bash_operator.py
[2022-10-09T07:12:51.914+0000] {processor.py:768} INFO - DAG(s) dict_keys(['example_bash_operator']) retrieved from /home/airflow/.local/lib/python3.7/site-packages/airflow/example_dags/example_bash_operator.py
[2022-10-09T07:12:51.941+0000] {logging_mixin.py:117} INFO - [2022-10-09T07:12:51.941+0000] {dag.py:2573} INFO - Sync 1 DAGs
[2022-10-09T07:12:51.957+0000] {logging_mixin.py:117} INFO - [2022-10-09T07:12:51.957+0000] {dag.py:3328} INFO - Setting next_dagrun for example_bash_operator to 2022-10-08T00:00:00+00:00, run_after=2022-10-09T00:00:00+00:00
[2022-10-09T07:12:51.969+0000] {processor.py:178} INFO - Processing /home/airflow/.local/lib/python3.7/site-packages/airflow/example_dags/example_bash_operator.py took 0.072 seconds
[2022-10-09T07:13:22.427+0000] {processor.py:156} INFO - Started process (PID=2747) to work on /home/airflow/.local/lib/python3.7/site-packages/airflow/example_dags/example_bash_operator.py
[2022-10-09T07:13:22.429+0000] {processor.py:758} INFO - Processing file /home/airflow/.local/lib/python3.7/site-packages/airflow/example_dags/example_bash_operator.py for tasks to queue
[2022-10-09T07:13:22.431+0000] {logging_mixin.py:117} INFO - [2022-10-09T07:13:22.431+0000] {dagbag.py:525} INFO - Filling up the DagBag from /home/airflow/.local/lib/python3.7/site-packages/airflow/example_dags/example_bash_operator.py
[2022-10-09T07:13:22.459+0000] {processor.py:768} INFO - DAG(s) dict_keys(['example_bash_operator']) retrieved from /home/airflow/.local/lib/python3.7/site-packages/airflow/example_dags/example_bash_operator.py
[2022-10-09T07:13:22.506+0000] {logging_mixin.py:117} INFO - [2022-10-09T07:13:22.505+0000] {dag.py:2573} INFO - Sync 1 DAGs
[2022-10-09T07:13:22.521+0000] {logging_mixin.py:117} INFO - [2022-10-09T07:13:22.521+0000] {dag.py:3328} INFO - Setting next_dagrun for example_bash_operator to 2022-10-08T00:00:00+00:00, run_after=2022-10-09T00:00:00+00:00
[2022-10-09T07:13:22.535+0000] {processor.py:178} INFO - Processing /home/airflow/.local/lib/python3.7/site-packages/airflow/example_dags/example_bash_operator.py took 0.110 seconds
[2022-10-09T07:13:52.724+0000] {processor.py:156} INFO - Started process (PID=2800) to work on /home/airflow/.local/lib/python3.7/site-packages/airflow/example_dags/example_bash_operator.py
[2022-10-09T07:13:52.727+0000] {processor.py:758} INFO - Processing file /home/airflow/.local/lib/python3.7/site-packages/airflow/example_dags/example_bash_operator.py for tasks to queue
[2022-10-09T07:13:52.728+0000] {logging_mixin.py:117} INFO - [2022-10-09T07:13:52.728+0000] {dagbag.py:525} INFO - Filling up the DagBag from /home/airflow/.local/lib/python3.7/site-packages/airflow/example_dags/example_bash_operator.py
[2022-10-09T07:13:52.745+0000] {processor.py:768} INFO - DAG(s) dict_keys(['example_bash_operator']) retrieved from /home/airflow/.local/lib/python3.7/site-packages/airflow/example_dags/example_bash_operator.py
[2022-10-09T07:13:52.778+0000] {logging_mixin.py:117} INFO - [2022-10-09T07:13:52.778+0000] {dag.py:2573} INFO - Sync 1 DAGs
[2022-10-09T07:13:52.796+0000] {logging_mixin.py:117} INFO - [2022-10-09T07:13:52.796+0000] {dag.py:3328} INFO - Setting next_dagrun for example_bash_operator to 2022-10-08T00:00:00+00:00, run_after=2022-10-09T00:00:00+00:00
[2022-10-09T07:13:52.810+0000] {processor.py:178} INFO - Processing /home/airflow/.local/lib/python3.7/site-packages/airflow/example_dags/example_bash_operator.py took 0.088 seconds
[2022-10-09T07:14:23.241+0000] {processor.py:156} INFO - Started process (PID=2862) to work on /home/airflow/.local/lib/python3.7/site-packages/airflow/example_dags/example_bash_operator.py
[2022-10-09T07:14:23.242+0000] {processor.py:758} INFO - Processing file /home/airflow/.local/lib/python3.7/site-packages/airflow/example_dags/example_bash_operator.py for tasks to queue
[2022-10-09T07:14:23.243+0000] {logging_mixin.py:117} INFO - [2022-10-09T07:14:23.243+0000] {dagbag.py:525} INFO - Filling up the DagBag from /home/airflow/.local/lib/python3.7/site-packages/airflow/example_dags/example_bash_operator.py
[2022-10-09T07:14:23.256+0000] {processor.py:768} INFO - DAG(s) dict_keys(['example_bash_operator']) retrieved from /home/airflow/.local/lib/python3.7/site-packages/airflow/example_dags/example_bash_operator.py
[2022-10-09T07:14:23.284+0000] {logging_mixin.py:117} INFO - [2022-10-09T07:14:23.284+0000] {dag.py:2573} INFO - Sync 1 DAGs
[2022-10-09T07:14:23.302+0000] {logging_mixin.py:117} INFO - [2022-10-09T07:14:23.301+0000] {dag.py:3328} INFO - Setting next_dagrun for example_bash_operator to 2022-10-08T00:00:00+00:00, run_after=2022-10-09T00:00:00+00:00
[2022-10-09T07:14:23.317+0000] {processor.py:178} INFO - Processing /home/airflow/.local/lib/python3.7/site-packages/airflow/example_dags/example_bash_operator.py took 0.079 seconds
[2022-10-09T07:14:53.580+0000] {processor.py:156} INFO - Started process (PID=2926) to work on /home/airflow/.local/lib/python3.7/site-packages/airflow/example_dags/example_bash_operator.py
[2022-10-09T07:14:53.582+0000] {processor.py:758} INFO - Processing file /home/airflow/.local/lib/python3.7/site-packages/airflow/example_dags/example_bash_operator.py for tasks to queue
[2022-10-09T07:14:53.583+0000] {logging_mixin.py:117} INFO - [2022-10-09T07:14:53.583+0000] {dagbag.py:525} INFO - Filling up the DagBag from /home/airflow/.local/lib/python3.7/site-packages/airflow/example_dags/example_bash_operator.py
[2022-10-09T07:14:53.596+0000] {processor.py:768} INFO - DAG(s) dict_keys(['example_bash_operator']) retrieved from /home/airflow/.local/lib/python3.7/site-packages/airflow/example_dags/example_bash_operator.py
[2022-10-09T07:14:53.624+0000] {logging_mixin.py:117} INFO - [2022-10-09T07:14:53.624+0000] {dag.py:2573} INFO - Sync 1 DAGs
[2022-10-09T07:14:53.640+0000] {logging_mixin.py:117} INFO - [2022-10-09T07:14:53.640+0000] {dag.py:3328} INFO - Setting next_dagrun for example_bash_operator to 2022-10-08T00:00:00+00:00, run_after=2022-10-09T00:00:00+00:00
[2022-10-09T07:14:53.653+0000] {processor.py:178} INFO - Processing /home/airflow/.local/lib/python3.7/site-packages/airflow/example_dags/example_bash_operator.py took 0.075 seconds
[2022-10-09T07:15:23.773+0000] {processor.py:156} INFO - Started process (PID=2989) to work on /home/airflow/.local/lib/python3.7/site-packages/airflow/example_dags/example_bash_operator.py
[2022-10-09T07:15:23.774+0000] {processor.py:758} INFO - Processing file /home/airflow/.local/lib/python3.7/site-packages/airflow/example_dags/example_bash_operator.py for tasks to queue
[2022-10-09T07:15:23.775+0000] {logging_mixin.py:117} INFO - [2022-10-09T07:15:23.775+0000] {dagbag.py:525} INFO - Filling up the DagBag from /home/airflow/.local/lib/python3.7/site-packages/airflow/example_dags/example_bash_operator.py
[2022-10-09T07:15:23.789+0000] {processor.py:768} INFO - DAG(s) dict_keys(['example_bash_operator']) retrieved from /home/airflow/.local/lib/python3.7/site-packages/airflow/example_dags/example_bash_operator.py
[2022-10-09T07:15:23.817+0000] {logging_mixin.py:117} INFO - [2022-10-09T07:15:23.817+0000] {dag.py:2573} INFO - Sync 1 DAGs
[2022-10-09T07:15:23.832+0000] {logging_mixin.py:117} INFO - [2022-10-09T07:15:23.832+0000] {dag.py:3328} INFO - Setting next_dagrun for example_bash_operator to 2022-10-08T00:00:00+00:00, run_after=2022-10-09T00:00:00+00:00
[2022-10-09T07:15:23.845+0000] {processor.py:178} INFO - Processing /home/airflow/.local/lib/python3.7/site-packages/airflow/example_dags/example_bash_operator.py took 0.074 seconds
[2022-10-09T07:15:54.275+0000] {processor.py:156} INFO - Started process (PID=3052) to work on /home/airflow/.local/lib/python3.7/site-packages/airflow/example_dags/example_bash_operator.py
[2022-10-09T07:15:54.276+0000] {processor.py:758} INFO - Processing file /home/airflow/.local/lib/python3.7/site-packages/airflow/example_dags/example_bash_operator.py for tasks to queue
[2022-10-09T07:15:54.277+0000] {logging_mixin.py:117} INFO - [2022-10-09T07:15:54.277+0000] {dagbag.py:525} INFO - Filling up the DagBag from /home/airflow/.local/lib/python3.7/site-packages/airflow/example_dags/example_bash_operator.py
[2022-10-09T07:15:54.290+0000] {processor.py:768} INFO - DAG(s) dict_keys(['example_bash_operator']) retrieved from /home/airflow/.local/lib/python3.7/site-packages/airflow/example_dags/example_bash_operator.py
[2022-10-09T07:15:54.317+0000] {logging_mixin.py:117} INFO - [2022-10-09T07:15:54.317+0000] {dag.py:2573} INFO - Sync 1 DAGs
[2022-10-09T07:15:54.332+0000] {logging_mixin.py:117} INFO - [2022-10-09T07:15:54.331+0000] {dag.py:3328} INFO - Setting next_dagrun for example_bash_operator to 2022-10-08T00:00:00+00:00, run_after=2022-10-09T00:00:00+00:00
[2022-10-09T07:15:54.343+0000] {processor.py:178} INFO - Processing /home/airflow/.local/lib/python3.7/site-packages/airflow/example_dags/example_bash_operator.py took 0.071 seconds
[2022-10-09T07:16:24.463+0000] {processor.py:156} INFO - Started process (PID=3106) to work on /home/airflow/.local/lib/python3.7/site-packages/airflow/example_dags/example_bash_operator.py
[2022-10-09T07:16:24.464+0000] {processor.py:758} INFO - Processing file /home/airflow/.local/lib/python3.7/site-packages/airflow/example_dags/example_bash_operator.py for tasks to queue
[2022-10-09T07:16:24.465+0000] {logging_mixin.py:117} INFO - [2022-10-09T07:16:24.465+0000] {dagbag.py:525} INFO - Filling up the DagBag from /home/airflow/.local/lib/python3.7/site-packages/airflow/example_dags/example_bash_operator.py
[2022-10-09T07:16:24.479+0000] {processor.py:768} INFO - DAG(s) dict_keys(['example_bash_operator']) retrieved from /home/airflow/.local/lib/python3.7/site-packages/airflow/example_dags/example_bash_operator.py
[2022-10-09T07:16:24.505+0000] {logging_mixin.py:117} INFO - [2022-10-09T07:16:24.505+0000] {dag.py:2573} INFO - Sync 1 DAGs
[2022-10-09T07:16:24.519+0000] {logging_mixin.py:117} INFO - [2022-10-09T07:16:24.519+0000] {dag.py:3328} INFO - Setting next_dagrun for example_bash_operator to 2022-10-08T00:00:00+00:00, run_after=2022-10-09T00:00:00+00:00
[2022-10-09T07:16:24.531+0000] {processor.py:178} INFO - Processing /home/airflow/.local/lib/python3.7/site-packages/airflow/example_dags/example_bash_operator.py took 0.070 seconds
[2022-10-09T07:16:54.789+0000] {processor.py:156} INFO - Started process (PID=3168) to work on /home/airflow/.local/lib/python3.7/site-packages/airflow/example_dags/example_bash_operator.py
[2022-10-09T07:16:54.791+0000] {processor.py:758} INFO - Processing file /home/airflow/.local/lib/python3.7/site-packages/airflow/example_dags/example_bash_operator.py for tasks to queue
[2022-10-09T07:16:54.792+0000] {logging_mixin.py:117} INFO - [2022-10-09T07:16:54.792+0000] {dagbag.py:525} INFO - Filling up the DagBag from /home/airflow/.local/lib/python3.7/site-packages/airflow/example_dags/example_bash_operator.py
[2022-10-09T07:16:54.806+0000] {processor.py:768} INFO - DAG(s) dict_keys(['example_bash_operator']) retrieved from /home/airflow/.local/lib/python3.7/site-packages/airflow/example_dags/example_bash_operator.py
[2022-10-09T07:16:54.833+0000] {logging_mixin.py:117} INFO - [2022-10-09T07:16:54.833+0000] {dag.py:2573} INFO - Sync 1 DAGs
[2022-10-09T07:16:54.849+0000] {logging_mixin.py:117} INFO - [2022-10-09T07:16:54.849+0000] {dag.py:3328} INFO - Setting next_dagrun for example_bash_operator to 2022-10-08T00:00:00+00:00, run_after=2022-10-09T00:00:00+00:00
[2022-10-09T07:16:54.860+0000] {processor.py:178} INFO - Processing /home/airflow/.local/lib/python3.7/site-packages/airflow/example_dags/example_bash_operator.py took 0.073 seconds
[2022-10-09T07:17:25.524+0000] {processor.py:156} INFO - Started process (PID=3231) to work on /home/airflow/.local/lib/python3.7/site-packages/airflow/example_dags/example_bash_operator.py
[2022-10-09T07:17:25.526+0000] {processor.py:758} INFO - Processing file /home/airflow/.local/lib/python3.7/site-packages/airflow/example_dags/example_bash_operator.py for tasks to queue
[2022-10-09T07:17:25.527+0000] {logging_mixin.py:117} INFO - [2022-10-09T07:17:25.527+0000] {dagbag.py:525} INFO - Filling up the DagBag from /home/airflow/.local/lib/python3.7/site-packages/airflow/example_dags/example_bash_operator.py
[2022-10-09T07:17:25.544+0000] {processor.py:768} INFO - DAG(s) dict_keys(['example_bash_operator']) retrieved from /home/airflow/.local/lib/python3.7/site-packages/airflow/example_dags/example_bash_operator.py
[2022-10-09T07:17:25.578+0000] {logging_mixin.py:117} INFO - [2022-10-09T07:17:25.578+0000] {dag.py:2573} INFO - Sync 1 DAGs
[2022-10-09T07:17:25.595+0000] {logging_mixin.py:117} INFO - [2022-10-09T07:17:25.595+0000] {dag.py:3328} INFO - Setting next_dagrun for example_bash_operator to 2022-10-08T00:00:00+00:00, run_after=2022-10-09T00:00:00+00:00
[2022-10-09T07:17:25.608+0000] {processor.py:178} INFO - Processing /home/airflow/.local/lib/python3.7/site-packages/airflow/example_dags/example_bash_operator.py took 0.087 seconds
[2022-10-09T07:17:55.925+0000] {processor.py:156} INFO - Started process (PID=3292) to work on /home/airflow/.local/lib/python3.7/site-packages/airflow/example_dags/example_bash_operator.py
[2022-10-09T07:17:55.927+0000] {processor.py:758} INFO - Processing file /home/airflow/.local/lib/python3.7/site-packages/airflow/example_dags/example_bash_operator.py for tasks to queue
[2022-10-09T07:17:55.928+0000] {logging_mixin.py:117} INFO - [2022-10-09T07:17:55.928+0000] {dagbag.py:525} INFO - Filling up the DagBag from /home/airflow/.local/lib/python3.7/site-packages/airflow/example_dags/example_bash_operator.py
[2022-10-09T07:17:55.941+0000] {processor.py:768} INFO - DAG(s) dict_keys(['example_bash_operator']) retrieved from /home/airflow/.local/lib/python3.7/site-packages/airflow/example_dags/example_bash_operator.py
[2022-10-09T07:17:55.969+0000] {logging_mixin.py:117} INFO - [2022-10-09T07:17:55.969+0000] {dag.py:2573} INFO - Sync 1 DAGs
[2022-10-09T07:17:55.986+0000] {logging_mixin.py:117} INFO - [2022-10-09T07:17:55.985+0000] {dag.py:3328} INFO - Setting next_dagrun for example_bash_operator to 2022-10-08T00:00:00+00:00, run_after=2022-10-09T00:00:00+00:00
[2022-10-09T07:17:56.007+0000] {processor.py:178} INFO - Processing /home/airflow/.local/lib/python3.7/site-packages/airflow/example_dags/example_bash_operator.py took 0.086 seconds
[2022-10-09T07:18:26.120+0000] {processor.py:156} INFO - Started process (PID=3355) to work on /home/airflow/.local/lib/python3.7/site-packages/airflow/example_dags/example_bash_operator.py
[2022-10-09T07:18:26.121+0000] {processor.py:758} INFO - Processing file /home/airflow/.local/lib/python3.7/site-packages/airflow/example_dags/example_bash_operator.py for tasks to queue
[2022-10-09T07:18:26.122+0000] {logging_mixin.py:117} INFO - [2022-10-09T07:18:26.122+0000] {dagbag.py:525} INFO - Filling up the DagBag from /home/airflow/.local/lib/python3.7/site-packages/airflow/example_dags/example_bash_operator.py
[2022-10-09T07:18:26.138+0000] {processor.py:768} INFO - DAG(s) dict_keys(['example_bash_operator']) retrieved from /home/airflow/.local/lib/python3.7/site-packages/airflow/example_dags/example_bash_operator.py
[2022-10-09T07:18:26.166+0000] {logging_mixin.py:117} INFO - [2022-10-09T07:18:26.166+0000] {dag.py:2573} INFO - Sync 1 DAGs
[2022-10-09T07:18:26.191+0000] {logging_mixin.py:117} INFO - [2022-10-09T07:18:26.191+0000] {dag.py:3328} INFO - Setting next_dagrun for example_bash_operator to 2022-10-08T00:00:00+00:00, run_after=2022-10-09T00:00:00+00:00
[2022-10-09T07:18:26.205+0000] {processor.py:178} INFO - Processing /home/airflow/.local/lib/python3.7/site-packages/airflow/example_dags/example_bash_operator.py took 0.088 seconds
[2022-10-09T07:18:57.369+0000] {processor.py:156} INFO - Started process (PID=3417) to work on /home/airflow/.local/lib/python3.7/site-packages/airflow/example_dags/example_bash_operator.py
[2022-10-09T07:18:57.371+0000] {processor.py:758} INFO - Processing file /home/airflow/.local/lib/python3.7/site-packages/airflow/example_dags/example_bash_operator.py for tasks to queue
[2022-10-09T07:18:57.372+0000] {logging_mixin.py:117} INFO - [2022-10-09T07:18:57.372+0000] {dagbag.py:525} INFO - Filling up the DagBag from /home/airflow/.local/lib/python3.7/site-packages/airflow/example_dags/example_bash_operator.py
[2022-10-09T07:18:57.385+0000] {processor.py:768} INFO - DAG(s) dict_keys(['example_bash_operator']) retrieved from /home/airflow/.local/lib/python3.7/site-packages/airflow/example_dags/example_bash_operator.py
[2022-10-09T07:18:57.418+0000] {logging_mixin.py:117} INFO - [2022-10-09T07:18:57.418+0000] {dag.py:2573} INFO - Sync 1 DAGs
[2022-10-09T07:18:57.441+0000] {logging_mixin.py:117} INFO - [2022-10-09T07:18:57.440+0000] {dag.py:3328} INFO - Setting next_dagrun for example_bash_operator to 2022-10-08T00:00:00+00:00, run_after=2022-10-09T00:00:00+00:00
[2022-10-09T07:18:57.461+0000] {processor.py:178} INFO - Processing /home/airflow/.local/lib/python3.7/site-packages/airflow/example_dags/example_bash_operator.py took 0.094 seconds
[2022-10-09T07:19:27.748+0000] {processor.py:156} INFO - Started process (PID=3471) to work on /home/airflow/.local/lib/python3.7/site-packages/airflow/example_dags/example_bash_operator.py
[2022-10-09T07:19:27.750+0000] {processor.py:758} INFO - Processing file /home/airflow/.local/lib/python3.7/site-packages/airflow/example_dags/example_bash_operator.py for tasks to queue
[2022-10-09T07:19:27.751+0000] {logging_mixin.py:117} INFO - [2022-10-09T07:19:27.750+0000] {dagbag.py:525} INFO - Filling up the DagBag from /home/airflow/.local/lib/python3.7/site-packages/airflow/example_dags/example_bash_operator.py
[2022-10-09T07:19:27.764+0000] {processor.py:768} INFO - DAG(s) dict_keys(['example_bash_operator']) retrieved from /home/airflow/.local/lib/python3.7/site-packages/airflow/example_dags/example_bash_operator.py
[2022-10-09T07:19:27.792+0000] {logging_mixin.py:117} INFO - [2022-10-09T07:19:27.792+0000] {dag.py:2573} INFO - Sync 1 DAGs
[2022-10-09T07:19:27.808+0000] {logging_mixin.py:117} INFO - [2022-10-09T07:19:27.808+0000] {dag.py:3328} INFO - Setting next_dagrun for example_bash_operator to 2022-10-08T00:00:00+00:00, run_after=2022-10-09T00:00:00+00:00
[2022-10-09T07:19:27.819+0000] {processor.py:178} INFO - Processing /home/airflow/.local/lib/python3.7/site-packages/airflow/example_dags/example_bash_operator.py took 0.074 seconds
[2022-10-09T07:19:58.045+0000] {processor.py:156} INFO - Started process (PID=3535) to work on /home/airflow/.local/lib/python3.7/site-packages/airflow/example_dags/example_bash_operator.py
[2022-10-09T07:19:58.047+0000] {processor.py:758} INFO - Processing file /home/airflow/.local/lib/python3.7/site-packages/airflow/example_dags/example_bash_operator.py for tasks to queue
[2022-10-09T07:19:58.048+0000] {logging_mixin.py:117} INFO - [2022-10-09T07:19:58.048+0000] {dagbag.py:525} INFO - Filling up the DagBag from /home/airflow/.local/lib/python3.7/site-packages/airflow/example_dags/example_bash_operator.py
[2022-10-09T07:19:58.062+0000] {processor.py:768} INFO - DAG(s) dict_keys(['example_bash_operator']) retrieved from /home/airflow/.local/lib/python3.7/site-packages/airflow/example_dags/example_bash_operator.py
[2022-10-09T07:19:58.098+0000] {logging_mixin.py:117} INFO - [2022-10-09T07:19:58.097+0000] {dag.py:2573} INFO - Sync 1 DAGs
[2022-10-09T07:19:58.114+0000] {logging_mixin.py:117} INFO - [2022-10-09T07:19:58.114+0000] {dag.py:3328} INFO - Setting next_dagrun for example_bash_operator to 2022-10-08T00:00:00+00:00, run_after=2022-10-09T00:00:00+00:00
[2022-10-09T07:19:58.127+0000] {processor.py:178} INFO - Processing /home/airflow/.local/lib/python3.7/site-packages/airflow/example_dags/example_bash_operator.py took 0.085 seconds
[2022-10-09T07:20:28.648+0000] {processor.py:156} INFO - Started process (PID=3598) to work on /home/airflow/.local/lib/python3.7/site-packages/airflow/example_dags/example_bash_operator.py
[2022-10-09T07:20:28.651+0000] {processor.py:758} INFO - Processing file /home/airflow/.local/lib/python3.7/site-packages/airflow/example_dags/example_bash_operator.py for tasks to queue
[2022-10-09T07:20:28.656+0000] {logging_mixin.py:117} INFO - [2022-10-09T07:20:28.656+0000] {dagbag.py:525} INFO - Filling up the DagBag from /home/airflow/.local/lib/python3.7/site-packages/airflow/example_dags/example_bash_operator.py
[2022-10-09T07:20:28.677+0000] {processor.py:768} INFO - DAG(s) dict_keys(['example_bash_operator']) retrieved from /home/airflow/.local/lib/python3.7/site-packages/airflow/example_dags/example_bash_operator.py
[2022-10-09T07:20:28.715+0000] {logging_mixin.py:117} INFO - [2022-10-09T07:20:28.715+0000] {dag.py:2573} INFO - Sync 1 DAGs
[2022-10-09T07:20:28.740+0000] {logging_mixin.py:117} INFO - [2022-10-09T07:20:28.740+0000] {dag.py:3328} INFO - Setting next_dagrun for example_bash_operator to 2022-10-08T00:00:00+00:00, run_after=2022-10-09T00:00:00+00:00
[2022-10-09T07:20:28.761+0000] {processor.py:178} INFO - Processing /home/airflow/.local/lib/python3.7/site-packages/airflow/example_dags/example_bash_operator.py took 0.116 seconds
[2022-10-09T07:20:59.305+0000] {processor.py:156} INFO - Started process (PID=3661) to work on /home/airflow/.local/lib/python3.7/site-packages/airflow/example_dags/example_bash_operator.py
[2022-10-09T07:20:59.307+0000] {processor.py:758} INFO - Processing file /home/airflow/.local/lib/python3.7/site-packages/airflow/example_dags/example_bash_operator.py for tasks to queue
[2022-10-09T07:20:59.308+0000] {logging_mixin.py:117} INFO - [2022-10-09T07:20:59.308+0000] {dagbag.py:525} INFO - Filling up the DagBag from /home/airflow/.local/lib/python3.7/site-packages/airflow/example_dags/example_bash_operator.py
[2022-10-09T07:20:59.321+0000] {processor.py:768} INFO - DAG(s) dict_keys(['example_bash_operator']) retrieved from /home/airflow/.local/lib/python3.7/site-packages/airflow/example_dags/example_bash_operator.py
[2022-10-09T07:20:59.347+0000] {logging_mixin.py:117} INFO - [2022-10-09T07:20:59.347+0000] {dag.py:2573} INFO - Sync 1 DAGs
[2022-10-09T07:20:59.364+0000] {logging_mixin.py:117} INFO - [2022-10-09T07:20:59.363+0000] {dag.py:3328} INFO - Setting next_dagrun for example_bash_operator to 2022-10-08T00:00:00+00:00, run_after=2022-10-09T00:00:00+00:00
[2022-10-09T07:20:59.375+0000] {processor.py:178} INFO - Processing /home/airflow/.local/lib/python3.7/site-packages/airflow/example_dags/example_bash_operator.py took 0.072 seconds
[2022-10-09T07:21:29.768+0000] {processor.py:156} INFO - Started process (PID=3724) to work on /home/airflow/.local/lib/python3.7/site-packages/airflow/example_dags/example_bash_operator.py
[2022-10-09T07:21:29.770+0000] {processor.py:758} INFO - Processing file /home/airflow/.local/lib/python3.7/site-packages/airflow/example_dags/example_bash_operator.py for tasks to queue
[2022-10-09T07:21:29.771+0000] {logging_mixin.py:117} INFO - [2022-10-09T07:21:29.771+0000] {dagbag.py:525} INFO - Filling up the DagBag from /home/airflow/.local/lib/python3.7/site-packages/airflow/example_dags/example_bash_operator.py
[2022-10-09T07:21:29.784+0000] {processor.py:768} INFO - DAG(s) dict_keys(['example_bash_operator']) retrieved from /home/airflow/.local/lib/python3.7/site-packages/airflow/example_dags/example_bash_operator.py
[2022-10-09T07:21:29.812+0000] {logging_mixin.py:117} INFO - [2022-10-09T07:21:29.812+0000] {dag.py:2573} INFO - Sync 1 DAGs
[2022-10-09T07:21:29.830+0000] {logging_mixin.py:117} INFO - [2022-10-09T07:21:29.830+0000] {dag.py:3328} INFO - Setting next_dagrun for example_bash_operator to 2022-10-08T00:00:00+00:00, run_after=2022-10-09T00:00:00+00:00
[2022-10-09T07:21:29.843+0000] {processor.py:178} INFO - Processing /home/airflow/.local/lib/python3.7/site-packages/airflow/example_dags/example_bash_operator.py took 0.077 seconds
[2022-10-09T07:22:00.047+0000] {processor.py:156} INFO - Started process (PID=3776) to work on /home/airflow/.local/lib/python3.7/site-packages/airflow/example_dags/example_bash_operator.py
[2022-10-09T07:22:00.049+0000] {processor.py:758} INFO - Processing file /home/airflow/.local/lib/python3.7/site-packages/airflow/example_dags/example_bash_operator.py for tasks to queue
[2022-10-09T07:22:00.049+0000] {logging_mixin.py:117} INFO - [2022-10-09T07:22:00.049+0000] {dagbag.py:525} INFO - Filling up the DagBag from /home/airflow/.local/lib/python3.7/site-packages/airflow/example_dags/example_bash_operator.py
[2022-10-09T07:22:00.064+0000] {processor.py:768} INFO - DAG(s) dict_keys(['example_bash_operator']) retrieved from /home/airflow/.local/lib/python3.7/site-packages/airflow/example_dags/example_bash_operator.py
[2022-10-09T07:22:00.091+0000] {logging_mixin.py:117} INFO - [2022-10-09T07:22:00.090+0000] {dag.py:2573} INFO - Sync 1 DAGs
[2022-10-09T07:22:00.106+0000] {logging_mixin.py:117} INFO - [2022-10-09T07:22:00.106+0000] {dag.py:3328} INFO - Setting next_dagrun for example_bash_operator to 2022-10-08T00:00:00+00:00, run_after=2022-10-09T00:00:00+00:00
[2022-10-09T07:22:00.118+0000] {processor.py:178} INFO - Processing /home/airflow/.local/lib/python3.7/site-packages/airflow/example_dags/example_bash_operator.py took 0.073 seconds
[2022-10-09T07:22:30.403+0000] {processor.py:156} INFO - Started process (PID=3839) to work on /home/airflow/.local/lib/python3.7/site-packages/airflow/example_dags/example_bash_operator.py
[2022-10-09T07:22:30.404+0000] {processor.py:758} INFO - Processing file /home/airflow/.local/lib/python3.7/site-packages/airflow/example_dags/example_bash_operator.py for tasks to queue
[2022-10-09T07:22:30.405+0000] {logging_mixin.py:117} INFO - [2022-10-09T07:22:30.405+0000] {dagbag.py:525} INFO - Filling up the DagBag from /home/airflow/.local/lib/python3.7/site-packages/airflow/example_dags/example_bash_operator.py
[2022-10-09T07:22:30.418+0000] {processor.py:768} INFO - DAG(s) dict_keys(['example_bash_operator']) retrieved from /home/airflow/.local/lib/python3.7/site-packages/airflow/example_dags/example_bash_operator.py
[2022-10-09T07:22:30.445+0000] {logging_mixin.py:117} INFO - [2022-10-09T07:22:30.445+0000] {dag.py:2573} INFO - Sync 1 DAGs
[2022-10-09T07:22:30.460+0000] {logging_mixin.py:117} INFO - [2022-10-09T07:22:30.460+0000] {dag.py:3328} INFO - Setting next_dagrun for example_bash_operator to 2022-10-08T00:00:00+00:00, run_after=2022-10-09T00:00:00+00:00
[2022-10-09T07:22:30.471+0000] {processor.py:178} INFO - Processing /home/airflow/.local/lib/python3.7/site-packages/airflow/example_dags/example_bash_operator.py took 0.071 seconds
[2022-10-09T07:23:00.682+0000] {processor.py:156} INFO - Started process (PID=3903) to work on /home/airflow/.local/lib/python3.7/site-packages/airflow/example_dags/example_bash_operator.py
[2022-10-09T07:23:00.684+0000] {processor.py:758} INFO - Processing file /home/airflow/.local/lib/python3.7/site-packages/airflow/example_dags/example_bash_operator.py for tasks to queue
[2022-10-09T07:23:00.684+0000] {logging_mixin.py:117} INFO - [2022-10-09T07:23:00.684+0000] {dagbag.py:525} INFO - Filling up the DagBag from /home/airflow/.local/lib/python3.7/site-packages/airflow/example_dags/example_bash_operator.py
[2022-10-09T07:23:00.699+0000] {processor.py:768} INFO - DAG(s) dict_keys(['example_bash_operator']) retrieved from /home/airflow/.local/lib/python3.7/site-packages/airflow/example_dags/example_bash_operator.py
[2022-10-09T07:23:00.725+0000] {logging_mixin.py:117} INFO - [2022-10-09T07:23:00.725+0000] {dag.py:2573} INFO - Sync 1 DAGs
[2022-10-09T07:23:00.740+0000] {logging_mixin.py:117} INFO - [2022-10-09T07:23:00.740+0000] {dag.py:3328} INFO - Setting next_dagrun for example_bash_operator to 2022-10-08T00:00:00+00:00, run_after=2022-10-09T00:00:00+00:00
[2022-10-09T07:23:00.751+0000] {processor.py:178} INFO - Processing /home/airflow/.local/lib/python3.7/site-packages/airflow/example_dags/example_bash_operator.py took 0.070 seconds
[2022-10-09T07:23:31.045+0000] {processor.py:156} INFO - Started process (PID=3966) to work on /home/airflow/.local/lib/python3.7/site-packages/airflow/example_dags/example_bash_operator.py
[2022-10-09T07:23:31.048+0000] {processor.py:758} INFO - Processing file /home/airflow/.local/lib/python3.7/site-packages/airflow/example_dags/example_bash_operator.py for tasks to queue
[2022-10-09T07:23:31.049+0000] {logging_mixin.py:117} INFO - [2022-10-09T07:23:31.049+0000] {dagbag.py:525} INFO - Filling up the DagBag from /home/airflow/.local/lib/python3.7/site-packages/airflow/example_dags/example_bash_operator.py
[2022-10-09T07:23:31.063+0000] {processor.py:768} INFO - DAG(s) dict_keys(['example_bash_operator']) retrieved from /home/airflow/.local/lib/python3.7/site-packages/airflow/example_dags/example_bash_operator.py
[2022-10-09T07:23:31.094+0000] {logging_mixin.py:117} INFO - [2022-10-09T07:23:31.094+0000] {dag.py:2573} INFO - Sync 1 DAGs
[2022-10-09T07:23:31.112+0000] {logging_mixin.py:117} INFO - [2022-10-09T07:23:31.111+0000] {dag.py:3328} INFO - Setting next_dagrun for example_bash_operator to 2022-10-08T00:00:00+00:00, run_after=2022-10-09T00:00:00+00:00
[2022-10-09T07:23:31.125+0000] {processor.py:178} INFO - Processing /home/airflow/.local/lib/python3.7/site-packages/airflow/example_dags/example_bash_operator.py took 0.082 seconds
[2022-10-09T07:24:01.271+0000] {processor.py:156} INFO - Started process (PID=4028) to work on /home/airflow/.local/lib/python3.7/site-packages/airflow/example_dags/example_bash_operator.py
[2022-10-09T07:24:01.272+0000] {processor.py:758} INFO - Processing file /home/airflow/.local/lib/python3.7/site-packages/airflow/example_dags/example_bash_operator.py for tasks to queue
[2022-10-09T07:24:01.274+0000] {logging_mixin.py:117} INFO - [2022-10-09T07:24:01.274+0000] {dagbag.py:525} INFO - Filling up the DagBag from /home/airflow/.local/lib/python3.7/site-packages/airflow/example_dags/example_bash_operator.py
[2022-10-09T07:24:01.288+0000] {processor.py:768} INFO - DAG(s) dict_keys(['example_bash_operator']) retrieved from /home/airflow/.local/lib/python3.7/site-packages/airflow/example_dags/example_bash_operator.py
[2022-10-09T07:24:01.320+0000] {logging_mixin.py:117} INFO - [2022-10-09T07:24:01.320+0000] {dag.py:2573} INFO - Sync 1 DAGs
[2022-10-09T07:24:01.336+0000] {logging_mixin.py:117} INFO - [2022-10-09T07:24:01.335+0000] {dag.py:3328} INFO - Setting next_dagrun for example_bash_operator to 2022-10-08T00:00:00+00:00, run_after=2022-10-09T00:00:00+00:00
[2022-10-09T07:24:01.348+0000] {processor.py:178} INFO - Processing /home/airflow/.local/lib/python3.7/site-packages/airflow/example_dags/example_bash_operator.py took 0.080 seconds
[2022-10-09T07:24:31.923+0000] {processor.py:156} INFO - Started process (PID=4086) to work on /home/airflow/.local/lib/python3.7/site-packages/airflow/example_dags/example_bash_operator.py
[2022-10-09T07:24:31.925+0000] {processor.py:758} INFO - Processing file /home/airflow/.local/lib/python3.7/site-packages/airflow/example_dags/example_bash_operator.py for tasks to queue
[2022-10-09T07:24:31.926+0000] {logging_mixin.py:117} INFO - [2022-10-09T07:24:31.926+0000] {dagbag.py:525} INFO - Filling up the DagBag from /home/airflow/.local/lib/python3.7/site-packages/airflow/example_dags/example_bash_operator.py
[2022-10-09T07:24:31.941+0000] {processor.py:768} INFO - DAG(s) dict_keys(['example_bash_operator']) retrieved from /home/airflow/.local/lib/python3.7/site-packages/airflow/example_dags/example_bash_operator.py
[2022-10-09T07:24:31.968+0000] {logging_mixin.py:117} INFO - [2022-10-09T07:24:31.968+0000] {dag.py:2573} INFO - Sync 1 DAGs
[2022-10-09T07:24:31.984+0000] {logging_mixin.py:117} INFO - [2022-10-09T07:24:31.984+0000] {dag.py:3328} INFO - Setting next_dagrun for example_bash_operator to 2022-10-08T00:00:00+00:00, run_after=2022-10-09T00:00:00+00:00
[2022-10-09T07:24:31.995+0000] {processor.py:178} INFO - Processing /home/airflow/.local/lib/python3.7/site-packages/airflow/example_dags/example_bash_operator.py took 0.074 seconds
