[2022-10-09T06:40:40.655+0000] {processor.py:156} INFO - Started process (PID=59) to work on /home/airflow/.local/lib/python3.7/site-packages/airflow/example_dags/example_python_operator.py
[2022-10-09T06:40:40.657+0000] {processor.py:758} INFO - Processing file /home/airflow/.local/lib/python3.7/site-packages/airflow/example_dags/example_python_operator.py for tasks to queue
[2022-10-09T06:40:40.659+0000] {logging_mixin.py:117} INFO - [2022-10-09T06:40:40.659+0000] {dagbag.py:525} INFO - Filling up the DagBag from /home/airflow/.local/lib/python3.7/site-packages/airflow/example_dags/example_python_operator.py
[2022-10-09T06:40:40.712+0000] {processor.py:768} INFO - DAG(s) dict_keys(['example_python_operator']) retrieved from /home/airflow/.local/lib/python3.7/site-packages/airflow/example_dags/example_python_operator.py
[2022-10-09T06:40:40.765+0000] {logging_mixin.py:117} INFO - [2022-10-09T06:40:40.765+0000] {dag.py:2573} INFO - Sync 1 DAGs
[2022-10-09T06:40:40.829+0000] {logging_mixin.py:117} INFO - [2022-10-09T06:40:40.829+0000] {dag.py:3328} INFO - Setting next_dagrun for example_python_operator to None, run_after=None
[2022-10-09T06:40:40.881+0000] {processor.py:178} INFO - Processing /home/airflow/.local/lib/python3.7/site-packages/airflow/example_dags/example_python_operator.py took 0.234 seconds
[2022-10-09T06:41:10.933+0000] {processor.py:156} INFO - Started process (PID=122) to work on /home/airflow/.local/lib/python3.7/site-packages/airflow/example_dags/example_python_operator.py
[2022-10-09T06:41:10.936+0000] {processor.py:758} INFO - Processing file /home/airflow/.local/lib/python3.7/site-packages/airflow/example_dags/example_python_operator.py for tasks to queue
[2022-10-09T06:41:10.937+0000] {logging_mixin.py:117} INFO - [2022-10-09T06:41:10.937+0000] {dagbag.py:525} INFO - Filling up the DagBag from /home/airflow/.local/lib/python3.7/site-packages/airflow/example_dags/example_python_operator.py
[2022-10-09T06:41:10.954+0000] {processor.py:768} INFO - DAG(s) dict_keys(['example_python_operator']) retrieved from /home/airflow/.local/lib/python3.7/site-packages/airflow/example_dags/example_python_operator.py
[2022-10-09T06:41:10.980+0000] {logging_mixin.py:117} INFO - [2022-10-09T06:41:10.980+0000] {dag.py:2573} INFO - Sync 1 DAGs
[2022-10-09T06:41:10.996+0000] {logging_mixin.py:117} INFO - [2022-10-09T06:41:10.996+0000] {dag.py:3328} INFO - Setting next_dagrun for example_python_operator to None, run_after=None
[2022-10-09T06:41:11.007+0000] {processor.py:178} INFO - Processing /home/airflow/.local/lib/python3.7/site-packages/airflow/example_dags/example_python_operator.py took 0.076 seconds
[2022-10-09T06:41:41.244+0000] {processor.py:156} INFO - Started process (PID=186) to work on /home/airflow/.local/lib/python3.7/site-packages/airflow/example_dags/example_python_operator.py
[2022-10-09T06:41:41.246+0000] {processor.py:758} INFO - Processing file /home/airflow/.local/lib/python3.7/site-packages/airflow/example_dags/example_python_operator.py for tasks to queue
[2022-10-09T06:41:41.247+0000] {logging_mixin.py:117} INFO - [2022-10-09T06:41:41.247+0000] {dagbag.py:525} INFO - Filling up the DagBag from /home/airflow/.local/lib/python3.7/site-packages/airflow/example_dags/example_python_operator.py
[2022-10-09T06:41:41.264+0000] {processor.py:768} INFO - DAG(s) dict_keys(['example_python_operator']) retrieved from /home/airflow/.local/lib/python3.7/site-packages/airflow/example_dags/example_python_operator.py
[2022-10-09T06:41:41.292+0000] {logging_mixin.py:117} INFO - [2022-10-09T06:41:41.292+0000] {dag.py:2573} INFO - Sync 1 DAGs
[2022-10-09T06:41:41.308+0000] {logging_mixin.py:117} INFO - [2022-10-09T06:41:41.308+0000] {dag.py:3328} INFO - Setting next_dagrun for example_python_operator to None, run_after=None
[2022-10-09T06:41:41.319+0000] {processor.py:178} INFO - Processing /home/airflow/.local/lib/python3.7/site-packages/airflow/example_dags/example_python_operator.py took 0.077 seconds
[2022-10-09T06:42:12.044+0000] {processor.py:156} INFO - Started process (PID=249) to work on /home/airflow/.local/lib/python3.7/site-packages/airflow/example_dags/example_python_operator.py
[2022-10-09T06:42:12.046+0000] {processor.py:758} INFO - Processing file /home/airflow/.local/lib/python3.7/site-packages/airflow/example_dags/example_python_operator.py for tasks to queue
[2022-10-09T06:42:12.047+0000] {logging_mixin.py:117} INFO - [2022-10-09T06:42:12.047+0000] {dagbag.py:525} INFO - Filling up the DagBag from /home/airflow/.local/lib/python3.7/site-packages/airflow/example_dags/example_python_operator.py
[2022-10-09T06:42:12.063+0000] {processor.py:768} INFO - DAG(s) dict_keys(['example_python_operator']) retrieved from /home/airflow/.local/lib/python3.7/site-packages/airflow/example_dags/example_python_operator.py
[2022-10-09T06:42:12.088+0000] {logging_mixin.py:117} INFO - [2022-10-09T06:42:12.088+0000] {dag.py:2573} INFO - Sync 1 DAGs
[2022-10-09T06:42:12.103+0000] {logging_mixin.py:117} INFO - [2022-10-09T06:42:12.103+0000] {dag.py:3328} INFO - Setting next_dagrun for example_python_operator to None, run_after=None
[2022-10-09T06:42:12.115+0000] {processor.py:178} INFO - Processing /home/airflow/.local/lib/python3.7/site-packages/airflow/example_dags/example_python_operator.py took 0.073 seconds
[2022-10-09T06:42:42.416+0000] {processor.py:156} INFO - Started process (PID=303) to work on /home/airflow/.local/lib/python3.7/site-packages/airflow/example_dags/example_python_operator.py
[2022-10-09T06:42:42.417+0000] {processor.py:758} INFO - Processing file /home/airflow/.local/lib/python3.7/site-packages/airflow/example_dags/example_python_operator.py for tasks to queue
[2022-10-09T06:42:42.418+0000] {logging_mixin.py:117} INFO - [2022-10-09T06:42:42.418+0000] {dagbag.py:525} INFO - Filling up the DagBag from /home/airflow/.local/lib/python3.7/site-packages/airflow/example_dags/example_python_operator.py
[2022-10-09T06:42:42.436+0000] {processor.py:768} INFO - DAG(s) dict_keys(['example_python_operator']) retrieved from /home/airflow/.local/lib/python3.7/site-packages/airflow/example_dags/example_python_operator.py
[2022-10-09T06:42:42.466+0000] {logging_mixin.py:117} INFO - [2022-10-09T06:42:42.465+0000] {dag.py:2573} INFO - Sync 1 DAGs
[2022-10-09T06:42:42.483+0000] {logging_mixin.py:117} INFO - [2022-10-09T06:42:42.483+0000] {dag.py:3328} INFO - Setting next_dagrun for example_python_operator to None, run_after=None
[2022-10-09T06:42:42.508+0000] {processor.py:178} INFO - Processing /home/airflow/.local/lib/python3.7/site-packages/airflow/example_dags/example_python_operator.py took 0.094 seconds
[2022-10-09T06:43:12.860+0000] {processor.py:156} INFO - Started process (PID=366) to work on /home/airflow/.local/lib/python3.7/site-packages/airflow/example_dags/example_python_operator.py
[2022-10-09T06:43:12.861+0000] {processor.py:758} INFO - Processing file /home/airflow/.local/lib/python3.7/site-packages/airflow/example_dags/example_python_operator.py for tasks to queue
[2022-10-09T06:43:12.862+0000] {logging_mixin.py:117} INFO - [2022-10-09T06:43:12.862+0000] {dagbag.py:525} INFO - Filling up the DagBag from /home/airflow/.local/lib/python3.7/site-packages/airflow/example_dags/example_python_operator.py
[2022-10-09T06:43:12.876+0000] {processor.py:768} INFO - DAG(s) dict_keys(['example_python_operator']) retrieved from /home/airflow/.local/lib/python3.7/site-packages/airflow/example_dags/example_python_operator.py
[2022-10-09T06:43:12.900+0000] {logging_mixin.py:117} INFO - [2022-10-09T06:43:12.900+0000] {dag.py:2573} INFO - Sync 1 DAGs
[2022-10-09T06:43:12.914+0000] {logging_mixin.py:117} INFO - [2022-10-09T06:43:12.914+0000] {dag.py:3328} INFO - Setting next_dagrun for example_python_operator to None, run_after=None
[2022-10-09T06:43:12.924+0000] {processor.py:178} INFO - Processing /home/airflow/.local/lib/python3.7/site-packages/airflow/example_dags/example_python_operator.py took 0.067 seconds
[2022-10-09T06:43:42.960+0000] {processor.py:156} INFO - Started process (PID=429) to work on /home/airflow/.local/lib/python3.7/site-packages/airflow/example_dags/example_python_operator.py
[2022-10-09T06:43:42.962+0000] {processor.py:758} INFO - Processing file /home/airflow/.local/lib/python3.7/site-packages/airflow/example_dags/example_python_operator.py for tasks to queue
[2022-10-09T06:43:42.964+0000] {logging_mixin.py:117} INFO - [2022-10-09T06:43:42.964+0000] {dagbag.py:525} INFO - Filling up the DagBag from /home/airflow/.local/lib/python3.7/site-packages/airflow/example_dags/example_python_operator.py
[2022-10-09T06:43:42.980+0000] {processor.py:768} INFO - DAG(s) dict_keys(['example_python_operator']) retrieved from /home/airflow/.local/lib/python3.7/site-packages/airflow/example_dags/example_python_operator.py
[2022-10-09T06:43:43.005+0000] {logging_mixin.py:117} INFO - [2022-10-09T06:43:43.005+0000] {dag.py:2573} INFO - Sync 1 DAGs
[2022-10-09T06:43:43.020+0000] {logging_mixin.py:117} INFO - [2022-10-09T06:43:43.019+0000] {dag.py:3328} INFO - Setting next_dagrun for example_python_operator to None, run_after=None
[2022-10-09T06:43:43.031+0000] {processor.py:178} INFO - Processing /home/airflow/.local/lib/python3.7/site-packages/airflow/example_dags/example_python_operator.py took 0.073 seconds
[2022-10-09T06:44:13.298+0000] {processor.py:156} INFO - Started process (PID=492) to work on /home/airflow/.local/lib/python3.7/site-packages/airflow/example_dags/example_python_operator.py
[2022-10-09T06:44:13.300+0000] {processor.py:758} INFO - Processing file /home/airflow/.local/lib/python3.7/site-packages/airflow/example_dags/example_python_operator.py for tasks to queue
[2022-10-09T06:44:13.301+0000] {logging_mixin.py:117} INFO - [2022-10-09T06:44:13.301+0000] {dagbag.py:525} INFO - Filling up the DagBag from /home/airflow/.local/lib/python3.7/site-packages/airflow/example_dags/example_python_operator.py
[2022-10-09T06:44:13.319+0000] {processor.py:768} INFO - DAG(s) dict_keys(['example_python_operator']) retrieved from /home/airflow/.local/lib/python3.7/site-packages/airflow/example_dags/example_python_operator.py
[2022-10-09T06:44:13.353+0000] {logging_mixin.py:117} INFO - [2022-10-09T06:44:13.353+0000] {dag.py:2573} INFO - Sync 1 DAGs
[2022-10-09T06:44:13.380+0000] {logging_mixin.py:117} INFO - [2022-10-09T06:44:13.380+0000] {dag.py:3328} INFO - Setting next_dagrun for example_python_operator to None, run_after=None
[2022-10-09T06:44:13.392+0000] {processor.py:178} INFO - Processing /home/airflow/.local/lib/python3.7/site-packages/airflow/example_dags/example_python_operator.py took 0.097 seconds
[2022-10-09T06:44:43.652+0000] {processor.py:156} INFO - Started process (PID=555) to work on /home/airflow/.local/lib/python3.7/site-packages/airflow/example_dags/example_python_operator.py
[2022-10-09T06:44:43.654+0000] {processor.py:758} INFO - Processing file /home/airflow/.local/lib/python3.7/site-packages/airflow/example_dags/example_python_operator.py for tasks to queue
[2022-10-09T06:44:43.654+0000] {logging_mixin.py:117} INFO - [2022-10-09T06:44:43.654+0000] {dagbag.py:525} INFO - Filling up the DagBag from /home/airflow/.local/lib/python3.7/site-packages/airflow/example_dags/example_python_operator.py
[2022-10-09T06:44:43.670+0000] {processor.py:768} INFO - DAG(s) dict_keys(['example_python_operator']) retrieved from /home/airflow/.local/lib/python3.7/site-packages/airflow/example_dags/example_python_operator.py
[2022-10-09T06:44:43.696+0000] {logging_mixin.py:117} INFO - [2022-10-09T06:44:43.696+0000] {dag.py:2573} INFO - Sync 1 DAGs
[2022-10-09T06:44:43.712+0000] {logging_mixin.py:117} INFO - [2022-10-09T06:44:43.712+0000] {dag.py:3328} INFO - Setting next_dagrun for example_python_operator to None, run_after=None
[2022-10-09T06:44:43.725+0000] {processor.py:178} INFO - Processing /home/airflow/.local/lib/python3.7/site-packages/airflow/example_dags/example_python_operator.py took 0.075 seconds
[2022-10-09T06:45:13.899+0000] {processor.py:156} INFO - Started process (PID=618) to work on /home/airflow/.local/lib/python3.7/site-packages/airflow/example_dags/example_python_operator.py
[2022-10-09T06:45:13.902+0000] {processor.py:758} INFO - Processing file /home/airflow/.local/lib/python3.7/site-packages/airflow/example_dags/example_python_operator.py for tasks to queue
[2022-10-09T06:45:13.904+0000] {logging_mixin.py:117} INFO - [2022-10-09T06:45:13.904+0000] {dagbag.py:525} INFO - Filling up the DagBag from /home/airflow/.local/lib/python3.7/site-packages/airflow/example_dags/example_python_operator.py
[2022-10-09T06:45:13.923+0000] {processor.py:768} INFO - DAG(s) dict_keys(['example_python_operator']) retrieved from /home/airflow/.local/lib/python3.7/site-packages/airflow/example_dags/example_python_operator.py
[2022-10-09T06:45:13.953+0000] {logging_mixin.py:117} INFO - [2022-10-09T06:45:13.953+0000] {dag.py:2573} INFO - Sync 1 DAGs
[2022-10-09T06:45:13.976+0000] {logging_mixin.py:117} INFO - [2022-10-09T06:45:13.975+0000] {dag.py:3328} INFO - Setting next_dagrun for example_python_operator to None, run_after=None
[2022-10-09T06:45:13.990+0000] {processor.py:178} INFO - Processing /home/airflow/.local/lib/python3.7/site-packages/airflow/example_dags/example_python_operator.py took 0.093 seconds
[2022-10-09T06:45:44.240+0000] {processor.py:156} INFO - Started process (PID=671) to work on /home/airflow/.local/lib/python3.7/site-packages/airflow/example_dags/example_python_operator.py
[2022-10-09T06:45:44.242+0000] {processor.py:758} INFO - Processing file /home/airflow/.local/lib/python3.7/site-packages/airflow/example_dags/example_python_operator.py for tasks to queue
[2022-10-09T06:45:44.243+0000] {logging_mixin.py:117} INFO - [2022-10-09T06:45:44.243+0000] {dagbag.py:525} INFO - Filling up the DagBag from /home/airflow/.local/lib/python3.7/site-packages/airflow/example_dags/example_python_operator.py
[2022-10-09T06:45:44.259+0000] {processor.py:768} INFO - DAG(s) dict_keys(['example_python_operator']) retrieved from /home/airflow/.local/lib/python3.7/site-packages/airflow/example_dags/example_python_operator.py
[2022-10-09T06:45:44.287+0000] {logging_mixin.py:117} INFO - [2022-10-09T06:45:44.287+0000] {dag.py:2573} INFO - Sync 1 DAGs
[2022-10-09T06:45:44.306+0000] {logging_mixin.py:117} INFO - [2022-10-09T06:45:44.306+0000] {dag.py:3328} INFO - Setting next_dagrun for example_python_operator to None, run_after=None
[2022-10-09T06:45:44.317+0000] {processor.py:178} INFO - Processing /home/airflow/.local/lib/python3.7/site-packages/airflow/example_dags/example_python_operator.py took 0.080 seconds
[2022-10-09T06:46:14.406+0000] {processor.py:156} INFO - Started process (PID=735) to work on /home/airflow/.local/lib/python3.7/site-packages/airflow/example_dags/example_python_operator.py
[2022-10-09T06:46:14.408+0000] {processor.py:758} INFO - Processing file /home/airflow/.local/lib/python3.7/site-packages/airflow/example_dags/example_python_operator.py for tasks to queue
[2022-10-09T06:46:14.409+0000] {logging_mixin.py:117} INFO - [2022-10-09T06:46:14.409+0000] {dagbag.py:525} INFO - Filling up the DagBag from /home/airflow/.local/lib/python3.7/site-packages/airflow/example_dags/example_python_operator.py
[2022-10-09T06:46:14.425+0000] {processor.py:768} INFO - DAG(s) dict_keys(['example_python_operator']) retrieved from /home/airflow/.local/lib/python3.7/site-packages/airflow/example_dags/example_python_operator.py
[2022-10-09T06:46:14.452+0000] {logging_mixin.py:117} INFO - [2022-10-09T06:46:14.452+0000] {dag.py:2573} INFO - Sync 1 DAGs
[2022-10-09T06:46:14.467+0000] {logging_mixin.py:117} INFO - [2022-10-09T06:46:14.467+0000] {dag.py:3328} INFO - Setting next_dagrun for example_python_operator to None, run_after=None
[2022-10-09T06:46:14.480+0000] {processor.py:178} INFO - Processing /home/airflow/.local/lib/python3.7/site-packages/airflow/example_dags/example_python_operator.py took 0.076 seconds
[2022-10-09T06:46:44.693+0000] {processor.py:156} INFO - Started process (PID=799) to work on /home/airflow/.local/lib/python3.7/site-packages/airflow/example_dags/example_python_operator.py
[2022-10-09T06:46:44.695+0000] {processor.py:758} INFO - Processing file /home/airflow/.local/lib/python3.7/site-packages/airflow/example_dags/example_python_operator.py for tasks to queue
[2022-10-09T06:46:44.696+0000] {logging_mixin.py:117} INFO - [2022-10-09T06:46:44.696+0000] {dagbag.py:525} INFO - Filling up the DagBag from /home/airflow/.local/lib/python3.7/site-packages/airflow/example_dags/example_python_operator.py
[2022-10-09T06:46:44.715+0000] {processor.py:768} INFO - DAG(s) dict_keys(['example_python_operator']) retrieved from /home/airflow/.local/lib/python3.7/site-packages/airflow/example_dags/example_python_operator.py
[2022-10-09T06:46:44.744+0000] {logging_mixin.py:117} INFO - [2022-10-09T06:46:44.744+0000] {dag.py:2573} INFO - Sync 1 DAGs
[2022-10-09T06:46:44.759+0000] {logging_mixin.py:117} INFO - [2022-10-09T06:46:44.758+0000] {dag.py:3328} INFO - Setting next_dagrun for example_python_operator to None, run_after=None
[2022-10-09T06:46:44.771+0000] {processor.py:178} INFO - Processing /home/airflow/.local/lib/python3.7/site-packages/airflow/example_dags/example_python_operator.py took 0.080 seconds
[2022-10-09T06:47:14.895+0000] {processor.py:156} INFO - Started process (PID=861) to work on /home/airflow/.local/lib/python3.7/site-packages/airflow/example_dags/example_python_operator.py
[2022-10-09T06:47:14.896+0000] {processor.py:758} INFO - Processing file /home/airflow/.local/lib/python3.7/site-packages/airflow/example_dags/example_python_operator.py for tasks to queue
[2022-10-09T06:47:14.897+0000] {logging_mixin.py:117} INFO - [2022-10-09T06:47:14.897+0000] {dagbag.py:525} INFO - Filling up the DagBag from /home/airflow/.local/lib/python3.7/site-packages/airflow/example_dags/example_python_operator.py
[2022-10-09T06:47:14.914+0000] {processor.py:768} INFO - DAG(s) dict_keys(['example_python_operator']) retrieved from /home/airflow/.local/lib/python3.7/site-packages/airflow/example_dags/example_python_operator.py
[2022-10-09T06:47:14.941+0000] {logging_mixin.py:117} INFO - [2022-10-09T06:47:14.941+0000] {dag.py:2573} INFO - Sync 1 DAGs
[2022-10-09T06:47:14.958+0000] {logging_mixin.py:117} INFO - [2022-10-09T06:47:14.958+0000] {dag.py:3328} INFO - Setting next_dagrun for example_python_operator to None, run_after=None
[2022-10-09T06:47:14.975+0000] {processor.py:178} INFO - Processing /home/airflow/.local/lib/python3.7/site-packages/airflow/example_dags/example_python_operator.py took 0.083 seconds
[2022-10-09T06:47:45.096+0000] {processor.py:156} INFO - Started process (PID=914) to work on /home/airflow/.local/lib/python3.7/site-packages/airflow/example_dags/example_python_operator.py
[2022-10-09T06:47:45.098+0000] {processor.py:758} INFO - Processing file /home/airflow/.local/lib/python3.7/site-packages/airflow/example_dags/example_python_operator.py for tasks to queue
[2022-10-09T06:47:45.100+0000] {logging_mixin.py:117} INFO - [2022-10-09T06:47:45.100+0000] {dagbag.py:525} INFO - Filling up the DagBag from /home/airflow/.local/lib/python3.7/site-packages/airflow/example_dags/example_python_operator.py
[2022-10-09T06:47:45.117+0000] {processor.py:768} INFO - DAG(s) dict_keys(['example_python_operator']) retrieved from /home/airflow/.local/lib/python3.7/site-packages/airflow/example_dags/example_python_operator.py
[2022-10-09T06:47:45.152+0000] {logging_mixin.py:117} INFO - [2022-10-09T06:47:45.152+0000] {dag.py:2573} INFO - Sync 1 DAGs
[2022-10-09T06:47:45.180+0000] {logging_mixin.py:117} INFO - [2022-10-09T06:47:45.180+0000] {dag.py:3328} INFO - Setting next_dagrun for example_python_operator to None, run_after=None
[2022-10-09T06:47:45.198+0000] {processor.py:178} INFO - Processing /home/airflow/.local/lib/python3.7/site-packages/airflow/example_dags/example_python_operator.py took 0.104 seconds
[2022-10-09T06:48:15.447+0000] {processor.py:156} INFO - Started process (PID=976) to work on /home/airflow/.local/lib/python3.7/site-packages/airflow/example_dags/example_python_operator.py
[2022-10-09T06:48:15.449+0000] {processor.py:758} INFO - Processing file /home/airflow/.local/lib/python3.7/site-packages/airflow/example_dags/example_python_operator.py for tasks to queue
[2022-10-09T06:48:15.450+0000] {logging_mixin.py:117} INFO - [2022-10-09T06:48:15.450+0000] {dagbag.py:525} INFO - Filling up the DagBag from /home/airflow/.local/lib/python3.7/site-packages/airflow/example_dags/example_python_operator.py
[2022-10-09T06:48:15.470+0000] {processor.py:768} INFO - DAG(s) dict_keys(['example_python_operator']) retrieved from /home/airflow/.local/lib/python3.7/site-packages/airflow/example_dags/example_python_operator.py
[2022-10-09T06:48:15.494+0000] {logging_mixin.py:117} INFO - [2022-10-09T06:48:15.494+0000] {dag.py:2573} INFO - Sync 1 DAGs
[2022-10-09T06:48:15.509+0000] {logging_mixin.py:117} INFO - [2022-10-09T06:48:15.509+0000] {dag.py:3328} INFO - Setting next_dagrun for example_python_operator to None, run_after=None
[2022-10-09T06:48:15.521+0000] {processor.py:178} INFO - Processing /home/airflow/.local/lib/python3.7/site-packages/airflow/example_dags/example_python_operator.py took 0.077 seconds
[2022-10-09T06:59:10.708+0000] {processor.py:156} INFO - Started process (PID=1030) to work on /home/airflow/.local/lib/python3.7/site-packages/airflow/example_dags/example_python_operator.py
[2022-10-09T06:59:10.710+0000] {processor.py:758} INFO - Processing file /home/airflow/.local/lib/python3.7/site-packages/airflow/example_dags/example_python_operator.py for tasks to queue
[2022-10-09T06:59:10.711+0000] {logging_mixin.py:117} INFO - [2022-10-09T06:59:10.711+0000] {dagbag.py:525} INFO - Filling up the DagBag from /home/airflow/.local/lib/python3.7/site-packages/airflow/example_dags/example_python_operator.py
[2022-10-09T06:59:10.731+0000] {processor.py:768} INFO - DAG(s) dict_keys(['example_python_operator']) retrieved from /home/airflow/.local/lib/python3.7/site-packages/airflow/example_dags/example_python_operator.py
[2022-10-09T06:59:10.777+0000] {logging_mixin.py:117} INFO - [2022-10-09T06:59:10.777+0000] {dag.py:2573} INFO - Sync 1 DAGs
[2022-10-09T06:59:10.802+0000] {logging_mixin.py:117} INFO - [2022-10-09T06:59:10.802+0000] {dag.py:3328} INFO - Setting next_dagrun for example_python_operator to None, run_after=None
[2022-10-09T06:59:10.822+0000] {processor.py:178} INFO - Processing /home/airflow/.local/lib/python3.7/site-packages/airflow/example_dags/example_python_operator.py took 0.116 seconds
[2022-10-09T06:59:41.214+0000] {processor.py:156} INFO - Started process (PID=1094) to work on /home/airflow/.local/lib/python3.7/site-packages/airflow/example_dags/example_python_operator.py
[2022-10-09T06:59:41.215+0000] {processor.py:758} INFO - Processing file /home/airflow/.local/lib/python3.7/site-packages/airflow/example_dags/example_python_operator.py for tasks to queue
[2022-10-09T06:59:41.216+0000] {logging_mixin.py:117} INFO - [2022-10-09T06:59:41.216+0000] {dagbag.py:525} INFO - Filling up the DagBag from /home/airflow/.local/lib/python3.7/site-packages/airflow/example_dags/example_python_operator.py
[2022-10-09T06:59:41.232+0000] {processor.py:768} INFO - DAG(s) dict_keys(['example_python_operator']) retrieved from /home/airflow/.local/lib/python3.7/site-packages/airflow/example_dags/example_python_operator.py
[2022-10-09T06:59:41.260+0000] {logging_mixin.py:117} INFO - [2022-10-09T06:59:41.260+0000] {dag.py:2573} INFO - Sync 1 DAGs
[2022-10-09T06:59:41.275+0000] {logging_mixin.py:117} INFO - [2022-10-09T06:59:41.275+0000] {dag.py:3328} INFO - Setting next_dagrun for example_python_operator to None, run_after=None
[2022-10-09T06:59:41.289+0000] {processor.py:178} INFO - Processing /home/airflow/.local/lib/python3.7/site-packages/airflow/example_dags/example_python_operator.py took 0.077 seconds
[2022-10-09T07:00:11.889+0000] {processor.py:156} INFO - Started process (PID=1157) to work on /home/airflow/.local/lib/python3.7/site-packages/airflow/example_dags/example_python_operator.py
[2022-10-09T07:00:11.891+0000] {processor.py:758} INFO - Processing file /home/airflow/.local/lib/python3.7/site-packages/airflow/example_dags/example_python_operator.py for tasks to queue
[2022-10-09T07:00:11.892+0000] {logging_mixin.py:117} INFO - [2022-10-09T07:00:11.892+0000] {dagbag.py:525} INFO - Filling up the DagBag from /home/airflow/.local/lib/python3.7/site-packages/airflow/example_dags/example_python_operator.py
[2022-10-09T07:00:11.908+0000] {processor.py:768} INFO - DAG(s) dict_keys(['example_python_operator']) retrieved from /home/airflow/.local/lib/python3.7/site-packages/airflow/example_dags/example_python_operator.py
[2022-10-09T07:00:11.934+0000] {logging_mixin.py:117} INFO - [2022-10-09T07:00:11.934+0000] {dag.py:2573} INFO - Sync 1 DAGs
[2022-10-09T07:00:11.953+0000] {logging_mixin.py:117} INFO - [2022-10-09T07:00:11.953+0000] {dag.py:3328} INFO - Setting next_dagrun for example_python_operator to None, run_after=None
[2022-10-09T07:00:11.968+0000] {processor.py:178} INFO - Processing /home/airflow/.local/lib/python3.7/site-packages/airflow/example_dags/example_python_operator.py took 0.081 seconds
[2022-10-09T07:00:42.227+0000] {processor.py:156} INFO - Started process (PID=1211) to work on /home/airflow/.local/lib/python3.7/site-packages/airflow/example_dags/example_python_operator.py
[2022-10-09T07:00:42.229+0000] {processor.py:758} INFO - Processing file /home/airflow/.local/lib/python3.7/site-packages/airflow/example_dags/example_python_operator.py for tasks to queue
[2022-10-09T07:00:42.230+0000] {logging_mixin.py:117} INFO - [2022-10-09T07:00:42.230+0000] {dagbag.py:525} INFO - Filling up the DagBag from /home/airflow/.local/lib/python3.7/site-packages/airflow/example_dags/example_python_operator.py
[2022-10-09T07:00:42.246+0000] {processor.py:768} INFO - DAG(s) dict_keys(['example_python_operator']) retrieved from /home/airflow/.local/lib/python3.7/site-packages/airflow/example_dags/example_python_operator.py
[2022-10-09T07:00:42.275+0000] {logging_mixin.py:117} INFO - [2022-10-09T07:00:42.275+0000] {dag.py:2573} INFO - Sync 1 DAGs
[2022-10-09T07:00:42.290+0000] {logging_mixin.py:117} INFO - [2022-10-09T07:00:42.290+0000] {dag.py:3328} INFO - Setting next_dagrun for example_python_operator to None, run_after=None
[2022-10-09T07:00:42.301+0000] {processor.py:178} INFO - Processing /home/airflow/.local/lib/python3.7/site-packages/airflow/example_dags/example_python_operator.py took 0.077 seconds
[2022-10-09T07:01:12.498+0000] {processor.py:156} INFO - Started process (PID=1273) to work on /home/airflow/.local/lib/python3.7/site-packages/airflow/example_dags/example_python_operator.py
[2022-10-09T07:01:12.500+0000] {processor.py:758} INFO - Processing file /home/airflow/.local/lib/python3.7/site-packages/airflow/example_dags/example_python_operator.py for tasks to queue
[2022-10-09T07:01:12.501+0000] {logging_mixin.py:117} INFO - [2022-10-09T07:01:12.501+0000] {dagbag.py:525} INFO - Filling up the DagBag from /home/airflow/.local/lib/python3.7/site-packages/airflow/example_dags/example_python_operator.py
[2022-10-09T07:01:12.520+0000] {processor.py:768} INFO - DAG(s) dict_keys(['example_python_operator']) retrieved from /home/airflow/.local/lib/python3.7/site-packages/airflow/example_dags/example_python_operator.py
[2022-10-09T07:01:12.548+0000] {logging_mixin.py:117} INFO - [2022-10-09T07:01:12.548+0000] {dag.py:2573} INFO - Sync 1 DAGs
[2022-10-09T07:01:12.563+0000] {logging_mixin.py:117} INFO - [2022-10-09T07:01:12.563+0000] {dag.py:3328} INFO - Setting next_dagrun for example_python_operator to None, run_after=None
[2022-10-09T07:01:12.575+0000] {processor.py:178} INFO - Processing /home/airflow/.local/lib/python3.7/site-packages/airflow/example_dags/example_python_operator.py took 0.079 seconds
[2022-10-09T07:01:42.813+0000] {processor.py:156} INFO - Started process (PID=1336) to work on /home/airflow/.local/lib/python3.7/site-packages/airflow/example_dags/example_python_operator.py
[2022-10-09T07:01:42.814+0000] {processor.py:758} INFO - Processing file /home/airflow/.local/lib/python3.7/site-packages/airflow/example_dags/example_python_operator.py for tasks to queue
[2022-10-09T07:01:42.815+0000] {logging_mixin.py:117} INFO - [2022-10-09T07:01:42.815+0000] {dagbag.py:525} INFO - Filling up the DagBag from /home/airflow/.local/lib/python3.7/site-packages/airflow/example_dags/example_python_operator.py
[2022-10-09T07:01:42.831+0000] {processor.py:768} INFO - DAG(s) dict_keys(['example_python_operator']) retrieved from /home/airflow/.local/lib/python3.7/site-packages/airflow/example_dags/example_python_operator.py
[2022-10-09T07:01:42.859+0000] {logging_mixin.py:117} INFO - [2022-10-09T07:01:42.859+0000] {dag.py:2573} INFO - Sync 1 DAGs
[2022-10-09T07:01:42.874+0000] {logging_mixin.py:117} INFO - [2022-10-09T07:01:42.874+0000] {dag.py:3328} INFO - Setting next_dagrun for example_python_operator to None, run_after=None
[2022-10-09T07:01:42.886+0000] {processor.py:178} INFO - Processing /home/airflow/.local/lib/python3.7/site-packages/airflow/example_dags/example_python_operator.py took 0.074 seconds
[2022-10-09T07:02:12.974+0000] {processor.py:156} INFO - Started process (PID=1399) to work on /home/airflow/.local/lib/python3.7/site-packages/airflow/example_dags/example_python_operator.py
[2022-10-09T07:02:12.976+0000] {processor.py:758} INFO - Processing file /home/airflow/.local/lib/python3.7/site-packages/airflow/example_dags/example_python_operator.py for tasks to queue
[2022-10-09T07:02:12.977+0000] {logging_mixin.py:117} INFO - [2022-10-09T07:02:12.977+0000] {dagbag.py:525} INFO - Filling up the DagBag from /home/airflow/.local/lib/python3.7/site-packages/airflow/example_dags/example_python_operator.py
[2022-10-09T07:02:12.993+0000] {processor.py:768} INFO - DAG(s) dict_keys(['example_python_operator']) retrieved from /home/airflow/.local/lib/python3.7/site-packages/airflow/example_dags/example_python_operator.py
[2022-10-09T07:02:13.020+0000] {logging_mixin.py:117} INFO - [2022-10-09T07:02:13.020+0000] {dag.py:2573} INFO - Sync 1 DAGs
[2022-10-09T07:02:13.036+0000] {logging_mixin.py:117} INFO - [2022-10-09T07:02:13.036+0000] {dag.py:3328} INFO - Setting next_dagrun for example_python_operator to None, run_after=None
[2022-10-09T07:02:13.048+0000] {processor.py:178} INFO - Processing /home/airflow/.local/lib/python3.7/site-packages/airflow/example_dags/example_python_operator.py took 0.075 seconds
[2022-10-09T07:02:43.585+0000] {processor.py:156} INFO - Started process (PID=1462) to work on /home/airflow/.local/lib/python3.7/site-packages/airflow/example_dags/example_python_operator.py
[2022-10-09T07:02:43.587+0000] {processor.py:758} INFO - Processing file /home/airflow/.local/lib/python3.7/site-packages/airflow/example_dags/example_python_operator.py for tasks to queue
[2022-10-09T07:02:43.588+0000] {logging_mixin.py:117} INFO - [2022-10-09T07:02:43.588+0000] {dagbag.py:525} INFO - Filling up the DagBag from /home/airflow/.local/lib/python3.7/site-packages/airflow/example_dags/example_python_operator.py
[2022-10-09T07:02:43.606+0000] {processor.py:768} INFO - DAG(s) dict_keys(['example_python_operator']) retrieved from /home/airflow/.local/lib/python3.7/site-packages/airflow/example_dags/example_python_operator.py
[2022-10-09T07:02:43.637+0000] {logging_mixin.py:117} INFO - [2022-10-09T07:02:43.637+0000] {dag.py:2573} INFO - Sync 1 DAGs
[2022-10-09T07:02:43.657+0000] {logging_mixin.py:117} INFO - [2022-10-09T07:02:43.657+0000] {dag.py:3328} INFO - Setting next_dagrun for example_python_operator to None, run_after=None
[2022-10-09T07:02:43.675+0000] {processor.py:178} INFO - Processing /home/airflow/.local/lib/python3.7/site-packages/airflow/example_dags/example_python_operator.py took 0.093 seconds
[2022-10-09T07:03:14.070+0000] {processor.py:156} INFO - Started process (PID=1516) to work on /home/airflow/.local/lib/python3.7/site-packages/airflow/example_dags/example_python_operator.py
[2022-10-09T07:03:14.072+0000] {processor.py:758} INFO - Processing file /home/airflow/.local/lib/python3.7/site-packages/airflow/example_dags/example_python_operator.py for tasks to queue
[2022-10-09T07:03:14.073+0000] {logging_mixin.py:117} INFO - [2022-10-09T07:03:14.073+0000] {dagbag.py:525} INFO - Filling up the DagBag from /home/airflow/.local/lib/python3.7/site-packages/airflow/example_dags/example_python_operator.py
[2022-10-09T07:03:14.089+0000] {processor.py:768} INFO - DAG(s) dict_keys(['example_python_operator']) retrieved from /home/airflow/.local/lib/python3.7/site-packages/airflow/example_dags/example_python_operator.py
[2022-10-09T07:03:14.114+0000] {logging_mixin.py:117} INFO - [2022-10-09T07:03:14.113+0000] {dag.py:2573} INFO - Sync 1 DAGs
[2022-10-09T07:03:14.132+0000] {logging_mixin.py:117} INFO - [2022-10-09T07:03:14.132+0000] {dag.py:3328} INFO - Setting next_dagrun for example_python_operator to None, run_after=None
[2022-10-09T07:03:14.145+0000] {processor.py:178} INFO - Processing /home/airflow/.local/lib/python3.7/site-packages/airflow/example_dags/example_python_operator.py took 0.077 seconds
[2022-10-09T07:03:44.292+0000] {processor.py:156} INFO - Started process (PID=1579) to work on /home/airflow/.local/lib/python3.7/site-packages/airflow/example_dags/example_python_operator.py
[2022-10-09T07:03:44.293+0000] {processor.py:758} INFO - Processing file /home/airflow/.local/lib/python3.7/site-packages/airflow/example_dags/example_python_operator.py for tasks to queue
[2022-10-09T07:03:44.294+0000] {logging_mixin.py:117} INFO - [2022-10-09T07:03:44.294+0000] {dagbag.py:525} INFO - Filling up the DagBag from /home/airflow/.local/lib/python3.7/site-packages/airflow/example_dags/example_python_operator.py
[2022-10-09T07:03:44.311+0000] {processor.py:768} INFO - DAG(s) dict_keys(['example_python_operator']) retrieved from /home/airflow/.local/lib/python3.7/site-packages/airflow/example_dags/example_python_operator.py
[2022-10-09T07:03:44.336+0000] {logging_mixin.py:117} INFO - [2022-10-09T07:03:44.336+0000] {dag.py:2573} INFO - Sync 1 DAGs
[2022-10-09T07:03:44.351+0000] {logging_mixin.py:117} INFO - [2022-10-09T07:03:44.350+0000] {dag.py:3328} INFO - Setting next_dagrun for example_python_operator to None, run_after=None
[2022-10-09T07:03:44.363+0000] {processor.py:178} INFO - Processing /home/airflow/.local/lib/python3.7/site-packages/airflow/example_dags/example_python_operator.py took 0.073 seconds
[2022-10-09T07:04:14.563+0000] {processor.py:156} INFO - Started process (PID=1641) to work on /home/airflow/.local/lib/python3.7/site-packages/airflow/example_dags/example_python_operator.py
[2022-10-09T07:04:14.564+0000] {processor.py:758} INFO - Processing file /home/airflow/.local/lib/python3.7/site-packages/airflow/example_dags/example_python_operator.py for tasks to queue
[2022-10-09T07:04:14.565+0000] {logging_mixin.py:117} INFO - [2022-10-09T07:04:14.565+0000] {dagbag.py:525} INFO - Filling up the DagBag from /home/airflow/.local/lib/python3.7/site-packages/airflow/example_dags/example_python_operator.py
[2022-10-09T07:04:14.582+0000] {processor.py:768} INFO - DAG(s) dict_keys(['example_python_operator']) retrieved from /home/airflow/.local/lib/python3.7/site-packages/airflow/example_dags/example_python_operator.py
[2022-10-09T07:04:14.610+0000] {logging_mixin.py:117} INFO - [2022-10-09T07:04:14.610+0000] {dag.py:2573} INFO - Sync 1 DAGs
[2022-10-09T07:04:14.625+0000] {logging_mixin.py:117} INFO - [2022-10-09T07:04:14.625+0000] {dag.py:3328} INFO - Setting next_dagrun for example_python_operator to None, run_after=None
[2022-10-09T07:04:14.637+0000] {processor.py:178} INFO - Processing /home/airflow/.local/lib/python3.7/site-packages/airflow/example_dags/example_python_operator.py took 0.076 seconds
[2022-10-09T07:04:45.394+0000] {processor.py:156} INFO - Started process (PID=1704) to work on /home/airflow/.local/lib/python3.7/site-packages/airflow/example_dags/example_python_operator.py
[2022-10-09T07:04:45.395+0000] {processor.py:758} INFO - Processing file /home/airflow/.local/lib/python3.7/site-packages/airflow/example_dags/example_python_operator.py for tasks to queue
[2022-10-09T07:04:45.397+0000] {logging_mixin.py:117} INFO - [2022-10-09T07:04:45.397+0000] {dagbag.py:525} INFO - Filling up the DagBag from /home/airflow/.local/lib/python3.7/site-packages/airflow/example_dags/example_python_operator.py
[2022-10-09T07:04:45.416+0000] {processor.py:768} INFO - DAG(s) dict_keys(['example_python_operator']) retrieved from /home/airflow/.local/lib/python3.7/site-packages/airflow/example_dags/example_python_operator.py
[2022-10-09T07:04:45.450+0000] {logging_mixin.py:117} INFO - [2022-10-09T07:04:45.450+0000] {dag.py:2573} INFO - Sync 1 DAGs
[2022-10-09T07:04:45.473+0000] {logging_mixin.py:117} INFO - [2022-10-09T07:04:45.473+0000] {dag.py:3328} INFO - Setting next_dagrun for example_python_operator to None, run_after=None
[2022-10-09T07:04:45.497+0000] {processor.py:178} INFO - Processing /home/airflow/.local/lib/python3.7/site-packages/airflow/example_dags/example_python_operator.py took 0.106 seconds
[2022-10-09T07:05:15.921+0000] {processor.py:156} INFO - Started process (PID=1767) to work on /home/airflow/.local/lib/python3.7/site-packages/airflow/example_dags/example_python_operator.py
[2022-10-09T07:05:15.923+0000] {processor.py:758} INFO - Processing file /home/airflow/.local/lib/python3.7/site-packages/airflow/example_dags/example_python_operator.py for tasks to queue
[2022-10-09T07:05:15.924+0000] {logging_mixin.py:117} INFO - [2022-10-09T07:05:15.923+0000] {dagbag.py:525} INFO - Filling up the DagBag from /home/airflow/.local/lib/python3.7/site-packages/airflow/example_dags/example_python_operator.py
[2022-10-09T07:05:15.941+0000] {processor.py:768} INFO - DAG(s) dict_keys(['example_python_operator']) retrieved from /home/airflow/.local/lib/python3.7/site-packages/airflow/example_dags/example_python_operator.py
[2022-10-09T07:05:15.969+0000] {logging_mixin.py:117} INFO - [2022-10-09T07:05:15.969+0000] {dag.py:2573} INFO - Sync 1 DAGs
[2022-10-09T07:05:15.989+0000] {logging_mixin.py:117} INFO - [2022-10-09T07:05:15.989+0000] {dag.py:3328} INFO - Setting next_dagrun for example_python_operator to None, run_after=None
[2022-10-09T07:05:16.001+0000] {processor.py:178} INFO - Processing /home/airflow/.local/lib/python3.7/site-packages/airflow/example_dags/example_python_operator.py took 0.083 seconds
[2022-10-09T07:05:46.312+0000] {processor.py:156} INFO - Started process (PID=1821) to work on /home/airflow/.local/lib/python3.7/site-packages/airflow/example_dags/example_python_operator.py
[2022-10-09T07:05:46.315+0000] {processor.py:758} INFO - Processing file /home/airflow/.local/lib/python3.7/site-packages/airflow/example_dags/example_python_operator.py for tasks to queue
[2022-10-09T07:05:46.319+0000] {logging_mixin.py:117} INFO - [2022-10-09T07:05:46.319+0000] {dagbag.py:525} INFO - Filling up the DagBag from /home/airflow/.local/lib/python3.7/site-packages/airflow/example_dags/example_python_operator.py
[2022-10-09T07:05:46.347+0000] {processor.py:768} INFO - DAG(s) dict_keys(['example_python_operator']) retrieved from /home/airflow/.local/lib/python3.7/site-packages/airflow/example_dags/example_python_operator.py
[2022-10-09T07:05:46.390+0000] {logging_mixin.py:117} INFO - [2022-10-09T07:05:46.390+0000] {dag.py:2573} INFO - Sync 1 DAGs
[2022-10-09T07:05:46.413+0000] {logging_mixin.py:117} INFO - [2022-10-09T07:05:46.413+0000] {dag.py:3328} INFO - Setting next_dagrun for example_python_operator to None, run_after=None
[2022-10-09T07:05:46.427+0000] {processor.py:178} INFO - Processing /home/airflow/.local/lib/python3.7/site-packages/airflow/example_dags/example_python_operator.py took 0.117 seconds
[2022-10-09T07:06:17.027+0000] {processor.py:156} INFO - Started process (PID=1884) to work on /home/airflow/.local/lib/python3.7/site-packages/airflow/example_dags/example_python_operator.py
[2022-10-09T07:06:17.028+0000] {processor.py:758} INFO - Processing file /home/airflow/.local/lib/python3.7/site-packages/airflow/example_dags/example_python_operator.py for tasks to queue
[2022-10-09T07:06:17.029+0000] {logging_mixin.py:117} INFO - [2022-10-09T07:06:17.029+0000] {dagbag.py:525} INFO - Filling up the DagBag from /home/airflow/.local/lib/python3.7/site-packages/airflow/example_dags/example_python_operator.py
[2022-10-09T07:06:17.046+0000] {processor.py:768} INFO - DAG(s) dict_keys(['example_python_operator']) retrieved from /home/airflow/.local/lib/python3.7/site-packages/airflow/example_dags/example_python_operator.py
[2022-10-09T07:06:17.072+0000] {logging_mixin.py:117} INFO - [2022-10-09T07:06:17.072+0000] {dag.py:2573} INFO - Sync 1 DAGs
[2022-10-09T07:06:17.088+0000] {logging_mixin.py:117} INFO - [2022-10-09T07:06:17.088+0000] {dag.py:3328} INFO - Setting next_dagrun for example_python_operator to None, run_after=None
[2022-10-09T07:06:17.104+0000] {processor.py:178} INFO - Processing /home/airflow/.local/lib/python3.7/site-packages/airflow/example_dags/example_python_operator.py took 0.079 seconds
[2022-10-09T07:06:47.221+0000] {processor.py:156} INFO - Started process (PID=1946) to work on /home/airflow/.local/lib/python3.7/site-packages/airflow/example_dags/example_python_operator.py
[2022-10-09T07:06:47.223+0000] {processor.py:758} INFO - Processing file /home/airflow/.local/lib/python3.7/site-packages/airflow/example_dags/example_python_operator.py for tasks to queue
[2022-10-09T07:06:47.223+0000] {logging_mixin.py:117} INFO - [2022-10-09T07:06:47.223+0000] {dagbag.py:525} INFO - Filling up the DagBag from /home/airflow/.local/lib/python3.7/site-packages/airflow/example_dags/example_python_operator.py
[2022-10-09T07:06:47.240+0000] {processor.py:768} INFO - DAG(s) dict_keys(['example_python_operator']) retrieved from /home/airflow/.local/lib/python3.7/site-packages/airflow/example_dags/example_python_operator.py
[2022-10-09T07:06:47.267+0000] {logging_mixin.py:117} INFO - [2022-10-09T07:06:47.267+0000] {dag.py:2573} INFO - Sync 1 DAGs
[2022-10-09T07:06:47.282+0000] {logging_mixin.py:117} INFO - [2022-10-09T07:06:47.282+0000] {dag.py:3328} INFO - Setting next_dagrun for example_python_operator to None, run_after=None
[2022-10-09T07:06:47.294+0000] {processor.py:178} INFO - Processing /home/airflow/.local/lib/python3.7/site-packages/airflow/example_dags/example_python_operator.py took 0.074 seconds
[2022-10-09T07:07:17.447+0000] {processor.py:156} INFO - Started process (PID=2011) to work on /home/airflow/.local/lib/python3.7/site-packages/airflow/example_dags/example_python_operator.py
[2022-10-09T07:07:17.451+0000] {processor.py:758} INFO - Processing file /home/airflow/.local/lib/python3.7/site-packages/airflow/example_dags/example_python_operator.py for tasks to queue
[2022-10-09T07:07:17.461+0000] {logging_mixin.py:117} INFO - [2022-10-09T07:07:17.461+0000] {dagbag.py:525} INFO - Filling up the DagBag from /home/airflow/.local/lib/python3.7/site-packages/airflow/example_dags/example_python_operator.py
[2022-10-09T07:07:17.492+0000] {processor.py:768} INFO - DAG(s) dict_keys(['example_python_operator']) retrieved from /home/airflow/.local/lib/python3.7/site-packages/airflow/example_dags/example_python_operator.py
[2022-10-09T07:07:17.526+0000] {logging_mixin.py:117} INFO - [2022-10-09T07:07:17.526+0000] {dag.py:2573} INFO - Sync 1 DAGs
[2022-10-09T07:07:17.544+0000] {logging_mixin.py:117} INFO - [2022-10-09T07:07:17.544+0000] {dag.py:3328} INFO - Setting next_dagrun for example_python_operator to None, run_after=None
[2022-10-09T07:07:17.557+0000] {processor.py:178} INFO - Processing /home/airflow/.local/lib/python3.7/site-packages/airflow/example_dags/example_python_operator.py took 0.113 seconds
[2022-10-09T07:07:48.243+0000] {processor.py:156} INFO - Started process (PID=2075) to work on /home/airflow/.local/lib/python3.7/site-packages/airflow/example_dags/example_python_operator.py
[2022-10-09T07:07:48.244+0000] {processor.py:758} INFO - Processing file /home/airflow/.local/lib/python3.7/site-packages/airflow/example_dags/example_python_operator.py for tasks to queue
[2022-10-09T07:07:48.246+0000] {logging_mixin.py:117} INFO - [2022-10-09T07:07:48.246+0000] {dagbag.py:525} INFO - Filling up the DagBag from /home/airflow/.local/lib/python3.7/site-packages/airflow/example_dags/example_python_operator.py
[2022-10-09T07:07:48.265+0000] {processor.py:768} INFO - DAG(s) dict_keys(['example_python_operator']) retrieved from /home/airflow/.local/lib/python3.7/site-packages/airflow/example_dags/example_python_operator.py
[2022-10-09T07:07:48.291+0000] {logging_mixin.py:117} INFO - [2022-10-09T07:07:48.291+0000] {dag.py:2573} INFO - Sync 1 DAGs
[2022-10-09T07:07:48.305+0000] {logging_mixin.py:117} INFO - [2022-10-09T07:07:48.305+0000] {dag.py:3328} INFO - Setting next_dagrun for example_python_operator to None, run_after=None
[2022-10-09T07:07:48.317+0000] {processor.py:178} INFO - Processing /home/airflow/.local/lib/python3.7/site-packages/airflow/example_dags/example_python_operator.py took 0.077 seconds
[2022-10-09T07:08:18.498+0000] {processor.py:156} INFO - Started process (PID=2139) to work on /home/airflow/.local/lib/python3.7/site-packages/airflow/example_dags/example_python_operator.py
[2022-10-09T07:08:18.500+0000] {processor.py:758} INFO - Processing file /home/airflow/.local/lib/python3.7/site-packages/airflow/example_dags/example_python_operator.py for tasks to queue
[2022-10-09T07:08:18.501+0000] {logging_mixin.py:117} INFO - [2022-10-09T07:08:18.501+0000] {dagbag.py:525} INFO - Filling up the DagBag from /home/airflow/.local/lib/python3.7/site-packages/airflow/example_dags/example_python_operator.py
[2022-10-09T07:08:18.534+0000] {processor.py:768} INFO - DAG(s) dict_keys(['example_python_operator']) retrieved from /home/airflow/.local/lib/python3.7/site-packages/airflow/example_dags/example_python_operator.py
[2022-10-09T07:08:18.565+0000] {logging_mixin.py:117} INFO - [2022-10-09T07:08:18.565+0000] {dag.py:2573} INFO - Sync 1 DAGs
[2022-10-09T07:08:18.588+0000] {logging_mixin.py:117} INFO - [2022-10-09T07:08:18.588+0000] {dag.py:3328} INFO - Setting next_dagrun for example_python_operator to None, run_after=None
[2022-10-09T07:08:18.601+0000] {processor.py:178} INFO - Processing /home/airflow/.local/lib/python3.7/site-packages/airflow/example_dags/example_python_operator.py took 0.106 seconds
[2022-10-09T07:08:48.888+0000] {processor.py:156} INFO - Started process (PID=2193) to work on /home/airflow/.local/lib/python3.7/site-packages/airflow/example_dags/example_python_operator.py
[2022-10-09T07:08:48.889+0000] {processor.py:758} INFO - Processing file /home/airflow/.local/lib/python3.7/site-packages/airflow/example_dags/example_python_operator.py for tasks to queue
[2022-10-09T07:08:48.890+0000] {logging_mixin.py:117} INFO - [2022-10-09T07:08:48.890+0000] {dagbag.py:525} INFO - Filling up the DagBag from /home/airflow/.local/lib/python3.7/site-packages/airflow/example_dags/example_python_operator.py
[2022-10-09T07:08:48.905+0000] {processor.py:768} INFO - DAG(s) dict_keys(['example_python_operator']) retrieved from /home/airflow/.local/lib/python3.7/site-packages/airflow/example_dags/example_python_operator.py
[2022-10-09T07:08:48.929+0000] {logging_mixin.py:117} INFO - [2022-10-09T07:08:48.929+0000] {dag.py:2573} INFO - Sync 1 DAGs
[2022-10-09T07:08:48.942+0000] {logging_mixin.py:117} INFO - [2022-10-09T07:08:48.942+0000] {dag.py:3328} INFO - Setting next_dagrun for example_python_operator to None, run_after=None
[2022-10-09T07:08:48.953+0000] {processor.py:178} INFO - Processing /home/airflow/.local/lib/python3.7/site-packages/airflow/example_dags/example_python_operator.py took 0.068 seconds
[2022-10-09T07:09:19.228+0000] {processor.py:156} INFO - Started process (PID=2257) to work on /home/airflow/.local/lib/python3.7/site-packages/airflow/example_dags/example_python_operator.py
[2022-10-09T07:09:19.230+0000] {processor.py:758} INFO - Processing file /home/airflow/.local/lib/python3.7/site-packages/airflow/example_dags/example_python_operator.py for tasks to queue
[2022-10-09T07:09:19.231+0000] {logging_mixin.py:117} INFO - [2022-10-09T07:09:19.231+0000] {dagbag.py:525} INFO - Filling up the DagBag from /home/airflow/.local/lib/python3.7/site-packages/airflow/example_dags/example_python_operator.py
[2022-10-09T07:09:19.246+0000] {processor.py:768} INFO - DAG(s) dict_keys(['example_python_operator']) retrieved from /home/airflow/.local/lib/python3.7/site-packages/airflow/example_dags/example_python_operator.py
[2022-10-09T07:09:19.271+0000] {logging_mixin.py:117} INFO - [2022-10-09T07:09:19.271+0000] {dag.py:2573} INFO - Sync 1 DAGs
[2022-10-09T07:09:19.284+0000] {logging_mixin.py:117} INFO - [2022-10-09T07:09:19.284+0000] {dag.py:3328} INFO - Setting next_dagrun for example_python_operator to None, run_after=None
[2022-10-09T07:09:19.297+0000] {processor.py:178} INFO - Processing /home/airflow/.local/lib/python3.7/site-packages/airflow/example_dags/example_python_operator.py took 0.071 seconds
[2022-10-09T07:09:49.767+0000] {processor.py:156} INFO - Started process (PID=2319) to work on /home/airflow/.local/lib/python3.7/site-packages/airflow/example_dags/example_python_operator.py
[2022-10-09T07:09:49.768+0000] {processor.py:758} INFO - Processing file /home/airflow/.local/lib/python3.7/site-packages/airflow/example_dags/example_python_operator.py for tasks to queue
[2022-10-09T07:09:49.769+0000] {logging_mixin.py:117} INFO - [2022-10-09T07:09:49.769+0000] {dagbag.py:525} INFO - Filling up the DagBag from /home/airflow/.local/lib/python3.7/site-packages/airflow/example_dags/example_python_operator.py
[2022-10-09T07:09:49.784+0000] {processor.py:768} INFO - DAG(s) dict_keys(['example_python_operator']) retrieved from /home/airflow/.local/lib/python3.7/site-packages/airflow/example_dags/example_python_operator.py
[2022-10-09T07:09:49.810+0000] {logging_mixin.py:117} INFO - [2022-10-09T07:09:49.810+0000] {dag.py:2573} INFO - Sync 1 DAGs
[2022-10-09T07:09:49.825+0000] {logging_mixin.py:117} INFO - [2022-10-09T07:09:49.825+0000] {dag.py:3328} INFO - Setting next_dagrun for example_python_operator to None, run_after=None
[2022-10-09T07:09:49.837+0000] {processor.py:178} INFO - Processing /home/airflow/.local/lib/python3.7/site-packages/airflow/example_dags/example_python_operator.py took 0.072 seconds
[2022-10-09T07:10:20.222+0000] {processor.py:156} INFO - Started process (PID=2381) to work on /home/airflow/.local/lib/python3.7/site-packages/airflow/example_dags/example_python_operator.py
[2022-10-09T07:10:20.224+0000] {processor.py:758} INFO - Processing file /home/airflow/.local/lib/python3.7/site-packages/airflow/example_dags/example_python_operator.py for tasks to queue
[2022-10-09T07:10:20.227+0000] {logging_mixin.py:117} INFO - [2022-10-09T07:10:20.227+0000] {dagbag.py:525} INFO - Filling up the DagBag from /home/airflow/.local/lib/python3.7/site-packages/airflow/example_dags/example_python_operator.py
[2022-10-09T07:10:20.243+0000] {processor.py:768} INFO - DAG(s) dict_keys(['example_python_operator']) retrieved from /home/airflow/.local/lib/python3.7/site-packages/airflow/example_dags/example_python_operator.py
[2022-10-09T07:10:20.269+0000] {logging_mixin.py:117} INFO - [2022-10-09T07:10:20.269+0000] {dag.py:2573} INFO - Sync 1 DAGs
[2022-10-09T07:10:20.285+0000] {logging_mixin.py:117} INFO - [2022-10-09T07:10:20.285+0000] {dag.py:3328} INFO - Setting next_dagrun for example_python_operator to None, run_after=None
[2022-10-09T07:10:20.296+0000] {processor.py:178} INFO - Processing /home/airflow/.local/lib/python3.7/site-packages/airflow/example_dags/example_python_operator.py took 0.076 seconds
[2022-10-09T07:10:50.920+0000] {processor.py:156} INFO - Started process (PID=2444) to work on /home/airflow/.local/lib/python3.7/site-packages/airflow/example_dags/example_python_operator.py
[2022-10-09T07:10:50.922+0000] {processor.py:758} INFO - Processing file /home/airflow/.local/lib/python3.7/site-packages/airflow/example_dags/example_python_operator.py for tasks to queue
[2022-10-09T07:10:50.923+0000] {logging_mixin.py:117} INFO - [2022-10-09T07:10:50.923+0000] {dagbag.py:525} INFO - Filling up the DagBag from /home/airflow/.local/lib/python3.7/site-packages/airflow/example_dags/example_python_operator.py
[2022-10-09T07:10:50.938+0000] {processor.py:768} INFO - DAG(s) dict_keys(['example_python_operator']) retrieved from /home/airflow/.local/lib/python3.7/site-packages/airflow/example_dags/example_python_operator.py
[2022-10-09T07:10:50.965+0000] {logging_mixin.py:117} INFO - [2022-10-09T07:10:50.965+0000] {dag.py:2573} INFO - Sync 1 DAGs
[2022-10-09T07:10:50.980+0000] {logging_mixin.py:117} INFO - [2022-10-09T07:10:50.980+0000] {dag.py:3328} INFO - Setting next_dagrun for example_python_operator to None, run_after=None
[2022-10-09T07:10:50.992+0000] {processor.py:178} INFO - Processing /home/airflow/.local/lib/python3.7/site-packages/airflow/example_dags/example_python_operator.py took 0.075 seconds
[2022-10-09T07:11:21.176+0000] {processor.py:156} INFO - Started process (PID=2498) to work on /home/airflow/.local/lib/python3.7/site-packages/airflow/example_dags/example_python_operator.py
[2022-10-09T07:11:21.179+0000] {processor.py:758} INFO - Processing file /home/airflow/.local/lib/python3.7/site-packages/airflow/example_dags/example_python_operator.py for tasks to queue
[2022-10-09T07:11:21.180+0000] {logging_mixin.py:117} INFO - [2022-10-09T07:11:21.180+0000] {dagbag.py:525} INFO - Filling up the DagBag from /home/airflow/.local/lib/python3.7/site-packages/airflow/example_dags/example_python_operator.py
[2022-10-09T07:11:21.196+0000] {processor.py:768} INFO - DAG(s) dict_keys(['example_python_operator']) retrieved from /home/airflow/.local/lib/python3.7/site-packages/airflow/example_dags/example_python_operator.py
[2022-10-09T07:11:21.223+0000] {logging_mixin.py:117} INFO - [2022-10-09T07:11:21.223+0000] {dag.py:2573} INFO - Sync 1 DAGs
[2022-10-09T07:11:21.239+0000] {logging_mixin.py:117} INFO - [2022-10-09T07:11:21.239+0000] {dag.py:3328} INFO - Setting next_dagrun for example_python_operator to None, run_after=None
[2022-10-09T07:11:21.251+0000] {processor.py:178} INFO - Processing /home/airflow/.local/lib/python3.7/site-packages/airflow/example_dags/example_python_operator.py took 0.078 seconds
[2022-10-09T07:11:51.551+0000] {processor.py:156} INFO - Started process (PID=2561) to work on /home/airflow/.local/lib/python3.7/site-packages/airflow/example_dags/example_python_operator.py
[2022-10-09T07:11:51.553+0000] {processor.py:758} INFO - Processing file /home/airflow/.local/lib/python3.7/site-packages/airflow/example_dags/example_python_operator.py for tasks to queue
[2022-10-09T07:11:51.554+0000] {logging_mixin.py:117} INFO - [2022-10-09T07:11:51.554+0000] {dagbag.py:525} INFO - Filling up the DagBag from /home/airflow/.local/lib/python3.7/site-packages/airflow/example_dags/example_python_operator.py
[2022-10-09T07:11:51.570+0000] {processor.py:768} INFO - DAG(s) dict_keys(['example_python_operator']) retrieved from /home/airflow/.local/lib/python3.7/site-packages/airflow/example_dags/example_python_operator.py
[2022-10-09T07:11:51.598+0000] {logging_mixin.py:117} INFO - [2022-10-09T07:11:51.598+0000] {dag.py:2573} INFO - Sync 1 DAGs
[2022-10-09T07:11:51.614+0000] {logging_mixin.py:117} INFO - [2022-10-09T07:11:51.614+0000] {dag.py:3328} INFO - Setting next_dagrun for example_python_operator to None, run_after=None
[2022-10-09T07:11:51.625+0000] {processor.py:178} INFO - Processing /home/airflow/.local/lib/python3.7/site-packages/airflow/example_dags/example_python_operator.py took 0.076 seconds
[2022-10-09T07:12:21.764+0000] {processor.py:156} INFO - Started process (PID=2624) to work on /home/airflow/.local/lib/python3.7/site-packages/airflow/example_dags/example_python_operator.py
[2022-10-09T07:12:21.765+0000] {processor.py:758} INFO - Processing file /home/airflow/.local/lib/python3.7/site-packages/airflow/example_dags/example_python_operator.py for tasks to queue
[2022-10-09T07:12:21.766+0000] {logging_mixin.py:117} INFO - [2022-10-09T07:12:21.766+0000] {dagbag.py:525} INFO - Filling up the DagBag from /home/airflow/.local/lib/python3.7/site-packages/airflow/example_dags/example_python_operator.py
[2022-10-09T07:12:21.780+0000] {processor.py:768} INFO - DAG(s) dict_keys(['example_python_operator']) retrieved from /home/airflow/.local/lib/python3.7/site-packages/airflow/example_dags/example_python_operator.py
[2022-10-09T07:12:21.804+0000] {logging_mixin.py:117} INFO - [2022-10-09T07:12:21.804+0000] {dag.py:2573} INFO - Sync 1 DAGs
[2022-10-09T07:12:21.818+0000] {logging_mixin.py:117} INFO - [2022-10-09T07:12:21.818+0000] {dag.py:3328} INFO - Setting next_dagrun for example_python_operator to None, run_after=None
[2022-10-09T07:12:21.829+0000] {processor.py:178} INFO - Processing /home/airflow/.local/lib/python3.7/site-packages/airflow/example_dags/example_python_operator.py took 0.068 seconds
[2022-10-09T07:12:52.121+0000] {processor.py:156} INFO - Started process (PID=2687) to work on /home/airflow/.local/lib/python3.7/site-packages/airflow/example_dags/example_python_operator.py
[2022-10-09T07:12:52.123+0000] {processor.py:758} INFO - Processing file /home/airflow/.local/lib/python3.7/site-packages/airflow/example_dags/example_python_operator.py for tasks to queue
[2022-10-09T07:12:52.125+0000] {logging_mixin.py:117} INFO - [2022-10-09T07:12:52.125+0000] {dagbag.py:525} INFO - Filling up the DagBag from /home/airflow/.local/lib/python3.7/site-packages/airflow/example_dags/example_python_operator.py
[2022-10-09T07:12:52.142+0000] {processor.py:768} INFO - DAG(s) dict_keys(['example_python_operator']) retrieved from /home/airflow/.local/lib/python3.7/site-packages/airflow/example_dags/example_python_operator.py
[2022-10-09T07:12:52.168+0000] {logging_mixin.py:117} INFO - [2022-10-09T07:12:52.168+0000] {dag.py:2573} INFO - Sync 1 DAGs
[2022-10-09T07:12:52.185+0000] {logging_mixin.py:117} INFO - [2022-10-09T07:12:52.185+0000] {dag.py:3328} INFO - Setting next_dagrun for example_python_operator to None, run_after=None
[2022-10-09T07:12:52.197+0000] {processor.py:178} INFO - Processing /home/airflow/.local/lib/python3.7/site-packages/airflow/example_dags/example_python_operator.py took 0.079 seconds
[2022-10-09T07:13:22.647+0000] {processor.py:156} INFO - Started process (PID=2751) to work on /home/airflow/.local/lib/python3.7/site-packages/airflow/example_dags/example_python_operator.py
[2022-10-09T07:13:22.649+0000] {processor.py:758} INFO - Processing file /home/airflow/.local/lib/python3.7/site-packages/airflow/example_dags/example_python_operator.py for tasks to queue
[2022-10-09T07:13:22.650+0000] {logging_mixin.py:117} INFO - [2022-10-09T07:13:22.650+0000] {dagbag.py:525} INFO - Filling up the DagBag from /home/airflow/.local/lib/python3.7/site-packages/airflow/example_dags/example_python_operator.py
[2022-10-09T07:13:22.664+0000] {processor.py:768} INFO - DAG(s) dict_keys(['example_python_operator']) retrieved from /home/airflow/.local/lib/python3.7/site-packages/airflow/example_dags/example_python_operator.py
[2022-10-09T07:13:22.696+0000] {logging_mixin.py:117} INFO - [2022-10-09T07:13:22.696+0000] {dag.py:2573} INFO - Sync 1 DAGs
[2022-10-09T07:13:22.711+0000] {logging_mixin.py:117} INFO - [2022-10-09T07:13:22.711+0000] {dag.py:3328} INFO - Setting next_dagrun for example_python_operator to None, run_after=None
[2022-10-09T07:13:22.724+0000] {processor.py:178} INFO - Processing /home/airflow/.local/lib/python3.7/site-packages/airflow/example_dags/example_python_operator.py took 0.079 seconds
[2022-10-09T07:13:53.008+0000] {processor.py:156} INFO - Started process (PID=2804) to work on /home/airflow/.local/lib/python3.7/site-packages/airflow/example_dags/example_python_operator.py
[2022-10-09T07:13:53.010+0000] {processor.py:758} INFO - Processing file /home/airflow/.local/lib/python3.7/site-packages/airflow/example_dags/example_python_operator.py for tasks to queue
[2022-10-09T07:13:53.012+0000] {logging_mixin.py:117} INFO - [2022-10-09T07:13:53.012+0000] {dagbag.py:525} INFO - Filling up the DagBag from /home/airflow/.local/lib/python3.7/site-packages/airflow/example_dags/example_python_operator.py
[2022-10-09T07:13:53.032+0000] {processor.py:768} INFO - DAG(s) dict_keys(['example_python_operator']) retrieved from /home/airflow/.local/lib/python3.7/site-packages/airflow/example_dags/example_python_operator.py
[2022-10-09T07:13:53.065+0000] {logging_mixin.py:117} INFO - [2022-10-09T07:13:53.065+0000] {dag.py:2573} INFO - Sync 1 DAGs
[2022-10-09T07:13:53.083+0000] {logging_mixin.py:117} INFO - [2022-10-09T07:13:53.083+0000] {dag.py:3328} INFO - Setting next_dagrun for example_python_operator to None, run_after=None
[2022-10-09T07:13:53.098+0000] {processor.py:178} INFO - Processing /home/airflow/.local/lib/python3.7/site-packages/airflow/example_dags/example_python_operator.py took 0.093 seconds
[2022-10-09T07:14:23.428+0000] {processor.py:156} INFO - Started process (PID=2866) to work on /home/airflow/.local/lib/python3.7/site-packages/airflow/example_dags/example_python_operator.py
[2022-10-09T07:14:23.430+0000] {processor.py:758} INFO - Processing file /home/airflow/.local/lib/python3.7/site-packages/airflow/example_dags/example_python_operator.py for tasks to queue
[2022-10-09T07:14:23.432+0000] {logging_mixin.py:117} INFO - [2022-10-09T07:14:23.432+0000] {dagbag.py:525} INFO - Filling up the DagBag from /home/airflow/.local/lib/python3.7/site-packages/airflow/example_dags/example_python_operator.py
[2022-10-09T07:14:23.448+0000] {processor.py:768} INFO - DAG(s) dict_keys(['example_python_operator']) retrieved from /home/airflow/.local/lib/python3.7/site-packages/airflow/example_dags/example_python_operator.py
[2022-10-09T07:14:23.474+0000] {logging_mixin.py:117} INFO - [2022-10-09T07:14:23.473+0000] {dag.py:2573} INFO - Sync 1 DAGs
[2022-10-09T07:14:23.490+0000] {logging_mixin.py:117} INFO - [2022-10-09T07:14:23.490+0000] {dag.py:3328} INFO - Setting next_dagrun for example_python_operator to None, run_after=None
[2022-10-09T07:14:23.503+0000] {processor.py:178} INFO - Processing /home/airflow/.local/lib/python3.7/site-packages/airflow/example_dags/example_python_operator.py took 0.077 seconds
[2022-10-09T07:14:53.761+0000] {processor.py:156} INFO - Started process (PID=2930) to work on /home/airflow/.local/lib/python3.7/site-packages/airflow/example_dags/example_python_operator.py
[2022-10-09T07:14:53.763+0000] {processor.py:758} INFO - Processing file /home/airflow/.local/lib/python3.7/site-packages/airflow/example_dags/example_python_operator.py for tasks to queue
[2022-10-09T07:14:53.764+0000] {logging_mixin.py:117} INFO - [2022-10-09T07:14:53.764+0000] {dagbag.py:525} INFO - Filling up the DagBag from /home/airflow/.local/lib/python3.7/site-packages/airflow/example_dags/example_python_operator.py
[2022-10-09T07:14:53.779+0000] {processor.py:768} INFO - DAG(s) dict_keys(['example_python_operator']) retrieved from /home/airflow/.local/lib/python3.7/site-packages/airflow/example_dags/example_python_operator.py
[2022-10-09T07:14:53.804+0000] {logging_mixin.py:117} INFO - [2022-10-09T07:14:53.804+0000] {dag.py:2573} INFO - Sync 1 DAGs
[2022-10-09T07:14:53.819+0000] {logging_mixin.py:117} INFO - [2022-10-09T07:14:53.819+0000] {dag.py:3328} INFO - Setting next_dagrun for example_python_operator to None, run_after=None
[2022-10-09T07:14:53.831+0000] {processor.py:178} INFO - Processing /home/airflow/.local/lib/python3.7/site-packages/airflow/example_dags/example_python_operator.py took 0.072 seconds
[2022-10-09T07:15:23.965+0000] {processor.py:156} INFO - Started process (PID=2993) to work on /home/airflow/.local/lib/python3.7/site-packages/airflow/example_dags/example_python_operator.py
[2022-10-09T07:15:23.966+0000] {processor.py:758} INFO - Processing file /home/airflow/.local/lib/python3.7/site-packages/airflow/example_dags/example_python_operator.py for tasks to queue
[2022-10-09T07:15:23.967+0000] {logging_mixin.py:117} INFO - [2022-10-09T07:15:23.967+0000] {dagbag.py:525} INFO - Filling up the DagBag from /home/airflow/.local/lib/python3.7/site-packages/airflow/example_dags/example_python_operator.py
[2022-10-09T07:15:23.983+0000] {processor.py:768} INFO - DAG(s) dict_keys(['example_python_operator']) retrieved from /home/airflow/.local/lib/python3.7/site-packages/airflow/example_dags/example_python_operator.py
[2022-10-09T07:15:24.009+0000] {logging_mixin.py:117} INFO - [2022-10-09T07:15:24.008+0000] {dag.py:2573} INFO - Sync 1 DAGs
[2022-10-09T07:15:24.023+0000] {logging_mixin.py:117} INFO - [2022-10-09T07:15:24.023+0000] {dag.py:3328} INFO - Setting next_dagrun for example_python_operator to None, run_after=None
[2022-10-09T07:15:24.035+0000] {processor.py:178} INFO - Processing /home/airflow/.local/lib/python3.7/site-packages/airflow/example_dags/example_python_operator.py took 0.072 seconds
[2022-10-09T07:15:54.446+0000] {processor.py:156} INFO - Started process (PID=3056) to work on /home/airflow/.local/lib/python3.7/site-packages/airflow/example_dags/example_python_operator.py
[2022-10-09T07:15:54.447+0000] {processor.py:758} INFO - Processing file /home/airflow/.local/lib/python3.7/site-packages/airflow/example_dags/example_python_operator.py for tasks to queue
[2022-10-09T07:15:54.448+0000] {logging_mixin.py:117} INFO - [2022-10-09T07:15:54.448+0000] {dagbag.py:525} INFO - Filling up the DagBag from /home/airflow/.local/lib/python3.7/site-packages/airflow/example_dags/example_python_operator.py
[2022-10-09T07:15:54.463+0000] {processor.py:768} INFO - DAG(s) dict_keys(['example_python_operator']) retrieved from /home/airflow/.local/lib/python3.7/site-packages/airflow/example_dags/example_python_operator.py
[2022-10-09T07:15:54.488+0000] {logging_mixin.py:117} INFO - [2022-10-09T07:15:54.488+0000] {dag.py:2573} INFO - Sync 1 DAGs
[2022-10-09T07:15:54.502+0000] {logging_mixin.py:117} INFO - [2022-10-09T07:15:54.502+0000] {dag.py:3328} INFO - Setting next_dagrun for example_python_operator to None, run_after=None
[2022-10-09T07:15:54.513+0000] {processor.py:178} INFO - Processing /home/airflow/.local/lib/python3.7/site-packages/airflow/example_dags/example_python_operator.py took 0.069 seconds
[2022-10-09T07:16:24.697+0000] {processor.py:156} INFO - Started process (PID=3110) to work on /home/airflow/.local/lib/python3.7/site-packages/airflow/example_dags/example_python_operator.py
[2022-10-09T07:16:24.701+0000] {processor.py:758} INFO - Processing file /home/airflow/.local/lib/python3.7/site-packages/airflow/example_dags/example_python_operator.py for tasks to queue
[2022-10-09T07:16:24.702+0000] {logging_mixin.py:117} INFO - [2022-10-09T07:16:24.702+0000] {dagbag.py:525} INFO - Filling up the DagBag from /home/airflow/.local/lib/python3.7/site-packages/airflow/example_dags/example_python_operator.py
[2022-10-09T07:16:24.726+0000] {processor.py:768} INFO - DAG(s) dict_keys(['example_python_operator']) retrieved from /home/airflow/.local/lib/python3.7/site-packages/airflow/example_dags/example_python_operator.py
[2022-10-09T07:16:24.776+0000] {logging_mixin.py:117} INFO - [2022-10-09T07:16:24.776+0000] {dag.py:2573} INFO - Sync 1 DAGs
[2022-10-09T07:16:24.793+0000] {logging_mixin.py:117} INFO - [2022-10-09T07:16:24.793+0000] {dag.py:3328} INFO - Setting next_dagrun for example_python_operator to None, run_after=None
[2022-10-09T07:16:24.805+0000] {processor.py:178} INFO - Processing /home/airflow/.local/lib/python3.7/site-packages/airflow/example_dags/example_python_operator.py took 0.110 seconds
[2022-10-09T07:16:55.026+0000] {processor.py:156} INFO - Started process (PID=3172) to work on /home/airflow/.local/lib/python3.7/site-packages/airflow/example_dags/example_python_operator.py
[2022-10-09T07:16:55.028+0000] {processor.py:758} INFO - Processing file /home/airflow/.local/lib/python3.7/site-packages/airflow/example_dags/example_python_operator.py for tasks to queue
[2022-10-09T07:16:55.029+0000] {logging_mixin.py:117} INFO - [2022-10-09T07:16:55.029+0000] {dagbag.py:525} INFO - Filling up the DagBag from /home/airflow/.local/lib/python3.7/site-packages/airflow/example_dags/example_python_operator.py
[2022-10-09T07:16:55.045+0000] {processor.py:768} INFO - DAG(s) dict_keys(['example_python_operator']) retrieved from /home/airflow/.local/lib/python3.7/site-packages/airflow/example_dags/example_python_operator.py
[2022-10-09T07:16:55.074+0000] {logging_mixin.py:117} INFO - [2022-10-09T07:16:55.074+0000] {dag.py:2573} INFO - Sync 1 DAGs
[2022-10-09T07:16:55.088+0000] {logging_mixin.py:117} INFO - [2022-10-09T07:16:55.088+0000] {dag.py:3328} INFO - Setting next_dagrun for example_python_operator to None, run_after=None
[2022-10-09T07:16:55.101+0000] {processor.py:178} INFO - Processing /home/airflow/.local/lib/python3.7/site-packages/airflow/example_dags/example_python_operator.py took 0.076 seconds
[2022-10-09T07:17:25.849+0000] {processor.py:156} INFO - Started process (PID=3235) to work on /home/airflow/.local/lib/python3.7/site-packages/airflow/example_dags/example_python_operator.py
[2022-10-09T07:17:25.850+0000] {processor.py:758} INFO - Processing file /home/airflow/.local/lib/python3.7/site-packages/airflow/example_dags/example_python_operator.py for tasks to queue
[2022-10-09T07:17:25.851+0000] {logging_mixin.py:117} INFO - [2022-10-09T07:17:25.851+0000] {dagbag.py:525} INFO - Filling up the DagBag from /home/airflow/.local/lib/python3.7/site-packages/airflow/example_dags/example_python_operator.py
[2022-10-09T07:17:25.869+0000] {processor.py:768} INFO - DAG(s) dict_keys(['example_python_operator']) retrieved from /home/airflow/.local/lib/python3.7/site-packages/airflow/example_dags/example_python_operator.py
[2022-10-09T07:17:25.900+0000] {logging_mixin.py:117} INFO - [2022-10-09T07:17:25.900+0000] {dag.py:2573} INFO - Sync 1 DAGs
[2022-10-09T07:17:25.923+0000] {logging_mixin.py:117} INFO - [2022-10-09T07:17:25.923+0000] {dag.py:3328} INFO - Setting next_dagrun for example_python_operator to None, run_after=None
[2022-10-09T07:17:25.939+0000] {processor.py:178} INFO - Processing /home/airflow/.local/lib/python3.7/site-packages/airflow/example_dags/example_python_operator.py took 0.093 seconds
[2022-10-09T07:17:56.117+0000] {processor.py:156} INFO - Started process (PID=3296) to work on /home/airflow/.local/lib/python3.7/site-packages/airflow/example_dags/example_python_operator.py
[2022-10-09T07:17:56.119+0000] {processor.py:758} INFO - Processing file /home/airflow/.local/lib/python3.7/site-packages/airflow/example_dags/example_python_operator.py for tasks to queue
[2022-10-09T07:17:56.120+0000] {logging_mixin.py:117} INFO - [2022-10-09T07:17:56.120+0000] {dagbag.py:525} INFO - Filling up the DagBag from /home/airflow/.local/lib/python3.7/site-packages/airflow/example_dags/example_python_operator.py
[2022-10-09T07:17:56.137+0000] {processor.py:768} INFO - DAG(s) dict_keys(['example_python_operator']) retrieved from /home/airflow/.local/lib/python3.7/site-packages/airflow/example_dags/example_python_operator.py
[2022-10-09T07:17:56.161+0000] {logging_mixin.py:117} INFO - [2022-10-09T07:17:56.161+0000] {dag.py:2573} INFO - Sync 1 DAGs
[2022-10-09T07:17:56.176+0000] {logging_mixin.py:117} INFO - [2022-10-09T07:17:56.176+0000] {dag.py:3328} INFO - Setting next_dagrun for example_python_operator to None, run_after=None
[2022-10-09T07:17:56.188+0000] {processor.py:178} INFO - Processing /home/airflow/.local/lib/python3.7/site-packages/airflow/example_dags/example_python_operator.py took 0.073 seconds
[2022-10-09T07:18:26.383+0000] {processor.py:156} INFO - Started process (PID=3359) to work on /home/airflow/.local/lib/python3.7/site-packages/airflow/example_dags/example_python_operator.py
[2022-10-09T07:18:26.386+0000] {processor.py:758} INFO - Processing file /home/airflow/.local/lib/python3.7/site-packages/airflow/example_dags/example_python_operator.py for tasks to queue
[2022-10-09T07:18:26.388+0000] {logging_mixin.py:117} INFO - [2022-10-09T07:18:26.388+0000] {dagbag.py:525} INFO - Filling up the DagBag from /home/airflow/.local/lib/python3.7/site-packages/airflow/example_dags/example_python_operator.py
[2022-10-09T07:18:26.406+0000] {processor.py:768} INFO - DAG(s) dict_keys(['example_python_operator']) retrieved from /home/airflow/.local/lib/python3.7/site-packages/airflow/example_dags/example_python_operator.py
[2022-10-09T07:18:26.432+0000] {logging_mixin.py:117} INFO - [2022-10-09T07:18:26.432+0000] {dag.py:2573} INFO - Sync 1 DAGs
[2022-10-09T07:18:26.452+0000] {logging_mixin.py:117} INFO - [2022-10-09T07:18:26.452+0000] {dag.py:3328} INFO - Setting next_dagrun for example_python_operator to None, run_after=None
[2022-10-09T07:18:26.466+0000] {processor.py:178} INFO - Processing /home/airflow/.local/lib/python3.7/site-packages/airflow/example_dags/example_python_operator.py took 0.085 seconds
[2022-10-09T07:18:57.706+0000] {processor.py:156} INFO - Started process (PID=3421) to work on /home/airflow/.local/lib/python3.7/site-packages/airflow/example_dags/example_python_operator.py
[2022-10-09T07:18:57.707+0000] {processor.py:758} INFO - Processing file /home/airflow/.local/lib/python3.7/site-packages/airflow/example_dags/example_python_operator.py for tasks to queue
[2022-10-09T07:18:57.708+0000] {logging_mixin.py:117} INFO - [2022-10-09T07:18:57.708+0000] {dagbag.py:525} INFO - Filling up the DagBag from /home/airflow/.local/lib/python3.7/site-packages/airflow/example_dags/example_python_operator.py
[2022-10-09T07:18:57.725+0000] {processor.py:768} INFO - DAG(s) dict_keys(['example_python_operator']) retrieved from /home/airflow/.local/lib/python3.7/site-packages/airflow/example_dags/example_python_operator.py
[2022-10-09T07:18:57.751+0000] {logging_mixin.py:117} INFO - [2022-10-09T07:18:57.751+0000] {dag.py:2573} INFO - Sync 1 DAGs
[2022-10-09T07:18:57.768+0000] {logging_mixin.py:117} INFO - [2022-10-09T07:18:57.768+0000] {dag.py:3328} INFO - Setting next_dagrun for example_python_operator to None, run_after=None
[2022-10-09T07:18:57.781+0000] {processor.py:178} INFO - Processing /home/airflow/.local/lib/python3.7/site-packages/airflow/example_dags/example_python_operator.py took 0.078 seconds
[2022-10-09T07:19:28.022+0000] {processor.py:156} INFO - Started process (PID=3475) to work on /home/airflow/.local/lib/python3.7/site-packages/airflow/example_dags/example_python_operator.py
[2022-10-09T07:19:28.023+0000] {processor.py:758} INFO - Processing file /home/airflow/.local/lib/python3.7/site-packages/airflow/example_dags/example_python_operator.py for tasks to queue
[2022-10-09T07:19:28.024+0000] {logging_mixin.py:117} INFO - [2022-10-09T07:19:28.024+0000] {dagbag.py:525} INFO - Filling up the DagBag from /home/airflow/.local/lib/python3.7/site-packages/airflow/example_dags/example_python_operator.py
[2022-10-09T07:19:28.039+0000] {processor.py:768} INFO - DAG(s) dict_keys(['example_python_operator']) retrieved from /home/airflow/.local/lib/python3.7/site-packages/airflow/example_dags/example_python_operator.py
[2022-10-09T07:19:28.065+0000] {logging_mixin.py:117} INFO - [2022-10-09T07:19:28.065+0000] {dag.py:2573} INFO - Sync 1 DAGs
[2022-10-09T07:19:28.079+0000] {logging_mixin.py:117} INFO - [2022-10-09T07:19:28.079+0000] {dag.py:3328} INFO - Setting next_dagrun for example_python_operator to None, run_after=None
[2022-10-09T07:19:28.092+0000] {processor.py:178} INFO - Processing /home/airflow/.local/lib/python3.7/site-packages/airflow/example_dags/example_python_operator.py took 0.072 seconds
[2022-10-09T07:19:58.285+0000] {processor.py:156} INFO - Started process (PID=3539) to work on /home/airflow/.local/lib/python3.7/site-packages/airflow/example_dags/example_python_operator.py
[2022-10-09T07:19:58.286+0000] {processor.py:758} INFO - Processing file /home/airflow/.local/lib/python3.7/site-packages/airflow/example_dags/example_python_operator.py for tasks to queue
[2022-10-09T07:19:58.287+0000] {logging_mixin.py:117} INFO - [2022-10-09T07:19:58.287+0000] {dagbag.py:525} INFO - Filling up the DagBag from /home/airflow/.local/lib/python3.7/site-packages/airflow/example_dags/example_python_operator.py
[2022-10-09T07:19:58.302+0000] {processor.py:768} INFO - DAG(s) dict_keys(['example_python_operator']) retrieved from /home/airflow/.local/lib/python3.7/site-packages/airflow/example_dags/example_python_operator.py
[2022-10-09T07:19:58.330+0000] {logging_mixin.py:117} INFO - [2022-10-09T07:19:58.330+0000] {dag.py:2573} INFO - Sync 1 DAGs
[2022-10-09T07:19:58.346+0000] {logging_mixin.py:117} INFO - [2022-10-09T07:19:58.345+0000] {dag.py:3328} INFO - Setting next_dagrun for example_python_operator to None, run_after=None
[2022-10-09T07:19:58.362+0000] {processor.py:178} INFO - Processing /home/airflow/.local/lib/python3.7/site-packages/airflow/example_dags/example_python_operator.py took 0.080 seconds
[2022-10-09T07:20:28.982+0000] {processor.py:156} INFO - Started process (PID=3602) to work on /home/airflow/.local/lib/python3.7/site-packages/airflow/example_dags/example_python_operator.py
[2022-10-09T07:20:28.983+0000] {processor.py:758} INFO - Processing file /home/airflow/.local/lib/python3.7/site-packages/airflow/example_dags/example_python_operator.py for tasks to queue
[2022-10-09T07:20:28.984+0000] {logging_mixin.py:117} INFO - [2022-10-09T07:20:28.984+0000] {dagbag.py:525} INFO - Filling up the DagBag from /home/airflow/.local/lib/python3.7/site-packages/airflow/example_dags/example_python_operator.py
[2022-10-09T07:20:29.000+0000] {processor.py:768} INFO - DAG(s) dict_keys(['example_python_operator']) retrieved from /home/airflow/.local/lib/python3.7/site-packages/airflow/example_dags/example_python_operator.py
[2022-10-09T07:20:29.027+0000] {logging_mixin.py:117} INFO - [2022-10-09T07:20:29.027+0000] {dag.py:2573} INFO - Sync 1 DAGs
[2022-10-09T07:20:29.042+0000] {logging_mixin.py:117} INFO - [2022-10-09T07:20:29.042+0000] {dag.py:3328} INFO - Setting next_dagrun for example_python_operator to None, run_after=None
[2022-10-09T07:20:29.059+0000] {processor.py:178} INFO - Processing /home/airflow/.local/lib/python3.7/site-packages/airflow/example_dags/example_python_operator.py took 0.080 seconds
[2022-10-09T07:20:59.527+0000] {processor.py:156} INFO - Started process (PID=3665) to work on /home/airflow/.local/lib/python3.7/site-packages/airflow/example_dags/example_python_operator.py
[2022-10-09T07:20:59.529+0000] {processor.py:758} INFO - Processing file /home/airflow/.local/lib/python3.7/site-packages/airflow/example_dags/example_python_operator.py for tasks to queue
[2022-10-09T07:20:59.530+0000] {logging_mixin.py:117} INFO - [2022-10-09T07:20:59.530+0000] {dagbag.py:525} INFO - Filling up the DagBag from /home/airflow/.local/lib/python3.7/site-packages/airflow/example_dags/example_python_operator.py
[2022-10-09T07:20:59.545+0000] {processor.py:768} INFO - DAG(s) dict_keys(['example_python_operator']) retrieved from /home/airflow/.local/lib/python3.7/site-packages/airflow/example_dags/example_python_operator.py
[2022-10-09T07:20:59.572+0000] {logging_mixin.py:117} INFO - [2022-10-09T07:20:59.572+0000] {dag.py:2573} INFO - Sync 1 DAGs
[2022-10-09T07:20:59.588+0000] {logging_mixin.py:117} INFO - [2022-10-09T07:20:59.588+0000] {dag.py:3328} INFO - Setting next_dagrun for example_python_operator to None, run_after=None
[2022-10-09T07:20:59.598+0000] {processor.py:178} INFO - Processing /home/airflow/.local/lib/python3.7/site-packages/airflow/example_dags/example_python_operator.py took 0.074 seconds
[2022-10-09T07:21:30.005+0000] {processor.py:156} INFO - Started process (PID=3728) to work on /home/airflow/.local/lib/python3.7/site-packages/airflow/example_dags/example_python_operator.py
[2022-10-09T07:21:30.007+0000] {processor.py:758} INFO - Processing file /home/airflow/.local/lib/python3.7/site-packages/airflow/example_dags/example_python_operator.py for tasks to queue
[2022-10-09T07:21:30.007+0000] {logging_mixin.py:117} INFO - [2022-10-09T07:21:30.007+0000] {dagbag.py:525} INFO - Filling up the DagBag from /home/airflow/.local/lib/python3.7/site-packages/airflow/example_dags/example_python_operator.py
[2022-10-09T07:21:30.023+0000] {processor.py:768} INFO - DAG(s) dict_keys(['example_python_operator']) retrieved from /home/airflow/.local/lib/python3.7/site-packages/airflow/example_dags/example_python_operator.py
[2022-10-09T07:21:30.049+0000] {logging_mixin.py:117} INFO - [2022-10-09T07:21:30.049+0000] {dag.py:2573} INFO - Sync 1 DAGs
[2022-10-09T07:21:30.065+0000] {logging_mixin.py:117} INFO - [2022-10-09T07:21:30.064+0000] {dag.py:3328} INFO - Setting next_dagrun for example_python_operator to None, run_after=None
[2022-10-09T07:21:30.079+0000] {processor.py:178} INFO - Processing /home/airflow/.local/lib/python3.7/site-packages/airflow/example_dags/example_python_operator.py took 0.076 seconds
[2022-10-09T07:22:00.316+0000] {processor.py:156} INFO - Started process (PID=3780) to work on /home/airflow/.local/lib/python3.7/site-packages/airflow/example_dags/example_python_operator.py
[2022-10-09T07:22:00.318+0000] {processor.py:758} INFO - Processing file /home/airflow/.local/lib/python3.7/site-packages/airflow/example_dags/example_python_operator.py for tasks to queue
[2022-10-09T07:22:00.319+0000] {logging_mixin.py:117} INFO - [2022-10-09T07:22:00.319+0000] {dagbag.py:525} INFO - Filling up the DagBag from /home/airflow/.local/lib/python3.7/site-packages/airflow/example_dags/example_python_operator.py
[2022-10-09T07:22:00.336+0000] {processor.py:768} INFO - DAG(s) dict_keys(['example_python_operator']) retrieved from /home/airflow/.local/lib/python3.7/site-packages/airflow/example_dags/example_python_operator.py
[2022-10-09T07:22:00.361+0000] {logging_mixin.py:117} INFO - [2022-10-09T07:22:00.360+0000] {dag.py:2573} INFO - Sync 1 DAGs
[2022-10-09T07:22:00.374+0000] {logging_mixin.py:117} INFO - [2022-10-09T07:22:00.374+0000] {dag.py:3328} INFO - Setting next_dagrun for example_python_operator to None, run_after=None
[2022-10-09T07:22:00.386+0000] {processor.py:178} INFO - Processing /home/airflow/.local/lib/python3.7/site-packages/airflow/example_dags/example_python_operator.py took 0.072 seconds
[2022-10-09T07:22:30.622+0000] {processor.py:156} INFO - Started process (PID=3843) to work on /home/airflow/.local/lib/python3.7/site-packages/airflow/example_dags/example_python_operator.py
[2022-10-09T07:22:30.623+0000] {processor.py:758} INFO - Processing file /home/airflow/.local/lib/python3.7/site-packages/airflow/example_dags/example_python_operator.py for tasks to queue
[2022-10-09T07:22:30.624+0000] {logging_mixin.py:117} INFO - [2022-10-09T07:22:30.624+0000] {dagbag.py:525} INFO - Filling up the DagBag from /home/airflow/.local/lib/python3.7/site-packages/airflow/example_dags/example_python_operator.py
[2022-10-09T07:22:30.640+0000] {processor.py:768} INFO - DAG(s) dict_keys(['example_python_operator']) retrieved from /home/airflow/.local/lib/python3.7/site-packages/airflow/example_dags/example_python_operator.py
[2022-10-09T07:22:30.668+0000] {logging_mixin.py:117} INFO - [2022-10-09T07:22:30.667+0000] {dag.py:2573} INFO - Sync 1 DAGs
[2022-10-09T07:22:30.688+0000] {logging_mixin.py:117} INFO - [2022-10-09T07:22:30.688+0000] {dag.py:3328} INFO - Setting next_dagrun for example_python_operator to None, run_after=None
[2022-10-09T07:22:30.699+0000] {processor.py:178} INFO - Processing /home/airflow/.local/lib/python3.7/site-packages/airflow/example_dags/example_python_operator.py took 0.080 seconds
[2022-10-09T07:23:00.921+0000] {processor.py:156} INFO - Started process (PID=3907) to work on /home/airflow/.local/lib/python3.7/site-packages/airflow/example_dags/example_python_operator.py
[2022-10-09T07:23:00.923+0000] {processor.py:758} INFO - Processing file /home/airflow/.local/lib/python3.7/site-packages/airflow/example_dags/example_python_operator.py for tasks to queue
[2022-10-09T07:23:00.924+0000] {logging_mixin.py:117} INFO - [2022-10-09T07:23:00.924+0000] {dagbag.py:525} INFO - Filling up the DagBag from /home/airflow/.local/lib/python3.7/site-packages/airflow/example_dags/example_python_operator.py
[2022-10-09T07:23:00.940+0000] {processor.py:768} INFO - DAG(s) dict_keys(['example_python_operator']) retrieved from /home/airflow/.local/lib/python3.7/site-packages/airflow/example_dags/example_python_operator.py
[2022-10-09T07:23:00.969+0000] {logging_mixin.py:117} INFO - [2022-10-09T07:23:00.969+0000] {dag.py:2573} INFO - Sync 1 DAGs
[2022-10-09T07:23:00.985+0000] {logging_mixin.py:117} INFO - [2022-10-09T07:23:00.985+0000] {dag.py:3328} INFO - Setting next_dagrun for example_python_operator to None, run_after=None
[2022-10-09T07:23:00.997+0000] {processor.py:178} INFO - Processing /home/airflow/.local/lib/python3.7/site-packages/airflow/example_dags/example_python_operator.py took 0.079 seconds
[2022-10-09T07:23:31.295+0000] {processor.py:156} INFO - Started process (PID=3970) to work on /home/airflow/.local/lib/python3.7/site-packages/airflow/example_dags/example_python_operator.py
[2022-10-09T07:23:31.296+0000] {processor.py:758} INFO - Processing file /home/airflow/.local/lib/python3.7/site-packages/airflow/example_dags/example_python_operator.py for tasks to queue
[2022-10-09T07:23:31.297+0000] {logging_mixin.py:117} INFO - [2022-10-09T07:23:31.297+0000] {dagbag.py:525} INFO - Filling up the DagBag from /home/airflow/.local/lib/python3.7/site-packages/airflow/example_dags/example_python_operator.py
[2022-10-09T07:23:31.312+0000] {processor.py:768} INFO - DAG(s) dict_keys(['example_python_operator']) retrieved from /home/airflow/.local/lib/python3.7/site-packages/airflow/example_dags/example_python_operator.py
[2022-10-09T07:23:31.339+0000] {logging_mixin.py:117} INFO - [2022-10-09T07:23:31.339+0000] {dag.py:2573} INFO - Sync 1 DAGs
[2022-10-09T07:23:31.353+0000] {logging_mixin.py:117} INFO - [2022-10-09T07:23:31.353+0000] {dag.py:3328} INFO - Setting next_dagrun for example_python_operator to None, run_after=None
[2022-10-09T07:23:31.365+0000] {processor.py:178} INFO - Processing /home/airflow/.local/lib/python3.7/site-packages/airflow/example_dags/example_python_operator.py took 0.073 seconds
[2022-10-09T07:24:01.544+0000] {processor.py:156} INFO - Started process (PID=4033) to work on /home/airflow/.local/lib/python3.7/site-packages/airflow/example_dags/example_python_operator.py
[2022-10-09T07:24:01.545+0000] {processor.py:758} INFO - Processing file /home/airflow/.local/lib/python3.7/site-packages/airflow/example_dags/example_python_operator.py for tasks to queue
[2022-10-09T07:24:01.546+0000] {logging_mixin.py:117} INFO - [2022-10-09T07:24:01.546+0000] {dagbag.py:525} INFO - Filling up the DagBag from /home/airflow/.local/lib/python3.7/site-packages/airflow/example_dags/example_python_operator.py
[2022-10-09T07:24:01.564+0000] {processor.py:768} INFO - DAG(s) dict_keys(['example_python_operator']) retrieved from /home/airflow/.local/lib/python3.7/site-packages/airflow/example_dags/example_python_operator.py
[2022-10-09T07:24:01.590+0000] {logging_mixin.py:117} INFO - [2022-10-09T07:24:01.590+0000] {dag.py:2573} INFO - Sync 1 DAGs
[2022-10-09T07:24:01.604+0000] {logging_mixin.py:117} INFO - [2022-10-09T07:24:01.604+0000] {dag.py:3328} INFO - Setting next_dagrun for example_python_operator to None, run_after=None
[2022-10-09T07:24:01.617+0000] {processor.py:178} INFO - Processing /home/airflow/.local/lib/python3.7/site-packages/airflow/example_dags/example_python_operator.py took 0.075 seconds
[2022-10-09T07:24:32.210+0000] {processor.py:156} INFO - Started process (PID=4097) to work on /home/airflow/.local/lib/python3.7/site-packages/airflow/example_dags/example_python_operator.py
[2022-10-09T07:24:32.211+0000] {processor.py:758} INFO - Processing file /home/airflow/.local/lib/python3.7/site-packages/airflow/example_dags/example_python_operator.py for tasks to queue
[2022-10-09T07:24:32.213+0000] {logging_mixin.py:117} INFO - [2022-10-09T07:24:32.213+0000] {dagbag.py:525} INFO - Filling up the DagBag from /home/airflow/.local/lib/python3.7/site-packages/airflow/example_dags/example_python_operator.py
[2022-10-09T07:24:32.230+0000] {processor.py:768} INFO - DAG(s) dict_keys(['example_python_operator']) retrieved from /home/airflow/.local/lib/python3.7/site-packages/airflow/example_dags/example_python_operator.py
[2022-10-09T07:24:32.261+0000] {logging_mixin.py:117} INFO - [2022-10-09T07:24:32.261+0000] {dag.py:2573} INFO - Sync 1 DAGs
[2022-10-09T07:24:32.282+0000] {logging_mixin.py:117} INFO - [2022-10-09T07:24:32.282+0000] {dag.py:3328} INFO - Setting next_dagrun for example_python_operator to None, run_after=None
[2022-10-09T07:24:32.297+0000] {processor.py:178} INFO - Processing /home/airflow/.local/lib/python3.7/site-packages/airflow/example_dags/example_python_operator.py took 0.089 seconds
