[2022-10-09T06:40:38.053+0000] {processor.py:156} INFO - Started process (PID=33) to work on /home/airflow/.local/lib/python3.7/site-packages/airflow/example_dags/example_sla_dag.py
[2022-10-09T06:40:38.057+0000] {processor.py:758} INFO - Processing file /home/airflow/.local/lib/python3.7/site-packages/airflow/example_dags/example_sla_dag.py for tasks to queue
[2022-10-09T06:40:38.059+0000] {logging_mixin.py:117} INFO - [2022-10-09T06:40:38.059+0000] {dagbag.py:525} INFO - Filling up the DagBag from /home/airflow/.local/lib/python3.7/site-packages/airflow/example_dags/example_sla_dag.py
[2022-10-09T06:40:38.301+0000] {processor.py:768} INFO - DAG(s) dict_keys(['example_sla_dag']) retrieved from /home/airflow/.local/lib/python3.7/site-packages/airflow/example_dags/example_sla_dag.py
[2022-10-09T06:40:38.321+0000] {logging_mixin.py:117} INFO - [2022-10-09T06:40:38.321+0000] {dag.py:2573} INFO - Sync 1 DAGs
[2022-10-09T06:40:38.353+0000] {logging_mixin.py:117} INFO - [2022-10-09T06:40:38.353+0000] {dag.py:3328} INFO - Setting next_dagrun for example_sla_dag to 2022-10-09T06:38:00+00:00, run_after=2022-10-09T06:40:00+00:00
[2022-10-09T06:40:38.367+0000] {processor.py:178} INFO - Processing /home/airflow/.local/lib/python3.7/site-packages/airflow/example_dags/example_sla_dag.py took 0.318 seconds
[2022-10-09T06:41:09.117+0000] {processor.py:156} INFO - Started process (PID=96) to work on /home/airflow/.local/lib/python3.7/site-packages/airflow/example_dags/example_sla_dag.py
[2022-10-09T06:41:09.120+0000] {processor.py:758} INFO - Processing file /home/airflow/.local/lib/python3.7/site-packages/airflow/example_dags/example_sla_dag.py for tasks to queue
[2022-10-09T06:41:09.122+0000] {logging_mixin.py:117} INFO - [2022-10-09T06:41:09.122+0000] {dagbag.py:525} INFO - Filling up the DagBag from /home/airflow/.local/lib/python3.7/site-packages/airflow/example_dags/example_sla_dag.py
[2022-10-09T06:41:09.149+0000] {processor.py:768} INFO - DAG(s) dict_keys(['example_sla_dag']) retrieved from /home/airflow/.local/lib/python3.7/site-packages/airflow/example_dags/example_sla_dag.py
[2022-10-09T06:41:09.227+0000] {logging_mixin.py:117} INFO - [2022-10-09T06:41:09.226+0000] {dag.py:2573} INFO - Sync 1 DAGs
[2022-10-09T06:41:09.253+0000] {logging_mixin.py:117} INFO - [2022-10-09T06:41:09.253+0000] {dag.py:3328} INFO - Setting next_dagrun for example_sla_dag to 2022-10-09T06:38:00+00:00, run_after=2022-10-09T06:40:00+00:00
[2022-10-09T06:41:09.274+0000] {processor.py:178} INFO - Processing /home/airflow/.local/lib/python3.7/site-packages/airflow/example_dags/example_sla_dag.py took 0.162 seconds
[2022-10-09T06:41:39.809+0000] {processor.py:156} INFO - Started process (PID=160) to work on /home/airflow/.local/lib/python3.7/site-packages/airflow/example_dags/example_sla_dag.py
[2022-10-09T06:41:39.811+0000] {processor.py:758} INFO - Processing file /home/airflow/.local/lib/python3.7/site-packages/airflow/example_dags/example_sla_dag.py for tasks to queue
[2022-10-09T06:41:39.816+0000] {logging_mixin.py:117} INFO - [2022-10-09T06:41:39.816+0000] {dagbag.py:525} INFO - Filling up the DagBag from /home/airflow/.local/lib/python3.7/site-packages/airflow/example_dags/example_sla_dag.py
[2022-10-09T06:41:39.839+0000] {processor.py:768} INFO - DAG(s) dict_keys(['example_sla_dag']) retrieved from /home/airflow/.local/lib/python3.7/site-packages/airflow/example_dags/example_sla_dag.py
[2022-10-09T06:41:39.876+0000] {logging_mixin.py:117} INFO - [2022-10-09T06:41:39.876+0000] {dag.py:2573} INFO - Sync 1 DAGs
[2022-10-09T06:41:39.899+0000] {logging_mixin.py:117} INFO - [2022-10-09T06:41:39.899+0000] {dag.py:3328} INFO - Setting next_dagrun for example_sla_dag to 2022-10-09T06:38:00+00:00, run_after=2022-10-09T06:40:00+00:00
[2022-10-09T06:41:39.914+0000] {processor.py:178} INFO - Processing /home/airflow/.local/lib/python3.7/site-packages/airflow/example_dags/example_sla_dag.py took 0.111 seconds
[2022-10-09T06:42:10.093+0000] {processor.py:156} INFO - Started process (PID=223) to work on /home/airflow/.local/lib/python3.7/site-packages/airflow/example_dags/example_sla_dag.py
[2022-10-09T06:42:10.095+0000] {processor.py:758} INFO - Processing file /home/airflow/.local/lib/python3.7/site-packages/airflow/example_dags/example_sla_dag.py for tasks to queue
[2022-10-09T06:42:10.097+0000] {logging_mixin.py:117} INFO - [2022-10-09T06:42:10.097+0000] {dagbag.py:525} INFO - Filling up the DagBag from /home/airflow/.local/lib/python3.7/site-packages/airflow/example_dags/example_sla_dag.py
[2022-10-09T06:42:10.152+0000] {processor.py:768} INFO - DAG(s) dict_keys(['example_sla_dag']) retrieved from /home/airflow/.local/lib/python3.7/site-packages/airflow/example_dags/example_sla_dag.py
[2022-10-09T06:42:10.267+0000] {logging_mixin.py:117} INFO - [2022-10-09T06:42:10.267+0000] {dag.py:2573} INFO - Sync 1 DAGs
[2022-10-09T06:42:10.316+0000] {logging_mixin.py:117} INFO - [2022-10-09T06:42:10.316+0000] {dag.py:3328} INFO - Setting next_dagrun for example_sla_dag to 2022-10-09T06:40:00+00:00, run_after=2022-10-09T06:42:00+00:00
[2022-10-09T06:42:10.339+0000] {processor.py:178} INFO - Processing /home/airflow/.local/lib/python3.7/site-packages/airflow/example_dags/example_sla_dag.py took 0.252 seconds
[2022-10-09T06:42:40.867+0000] {processor.py:156} INFO - Started process (PID=277) to work on /home/airflow/.local/lib/python3.7/site-packages/airflow/example_dags/example_sla_dag.py
[2022-10-09T06:42:40.873+0000] {processor.py:758} INFO - Processing file /home/airflow/.local/lib/python3.7/site-packages/airflow/example_dags/example_sla_dag.py for tasks to queue
[2022-10-09T06:42:40.878+0000] {logging_mixin.py:117} INFO - [2022-10-09T06:42:40.878+0000] {dagbag.py:525} INFO - Filling up the DagBag from /home/airflow/.local/lib/python3.7/site-packages/airflow/example_dags/example_sla_dag.py
[2022-10-09T06:42:40.902+0000] {processor.py:768} INFO - DAG(s) dict_keys(['example_sla_dag']) retrieved from /home/airflow/.local/lib/python3.7/site-packages/airflow/example_dags/example_sla_dag.py
[2022-10-09T06:42:40.931+0000] {logging_mixin.py:117} INFO - [2022-10-09T06:42:40.931+0000] {dag.py:2573} INFO - Sync 1 DAGs
[2022-10-09T06:42:40.949+0000] {logging_mixin.py:117} INFO - [2022-10-09T06:42:40.949+0000] {dag.py:3328} INFO - Setting next_dagrun for example_sla_dag to 2022-10-09T06:40:00+00:00, run_after=2022-10-09T06:42:00+00:00
[2022-10-09T06:42:40.963+0000] {processor.py:178} INFO - Processing /home/airflow/.local/lib/python3.7/site-packages/airflow/example_dags/example_sla_dag.py took 0.101 seconds
[2022-10-09T06:43:11.299+0000] {processor.py:156} INFO - Started process (PID=340) to work on /home/airflow/.local/lib/python3.7/site-packages/airflow/example_dags/example_sla_dag.py
[2022-10-09T06:43:11.302+0000] {processor.py:758} INFO - Processing file /home/airflow/.local/lib/python3.7/site-packages/airflow/example_dags/example_sla_dag.py for tasks to queue
[2022-10-09T06:43:11.304+0000] {logging_mixin.py:117} INFO - [2022-10-09T06:43:11.304+0000] {dagbag.py:525} INFO - Filling up the DagBag from /home/airflow/.local/lib/python3.7/site-packages/airflow/example_dags/example_sla_dag.py
[2022-10-09T06:43:11.328+0000] {processor.py:768} INFO - DAG(s) dict_keys(['example_sla_dag']) retrieved from /home/airflow/.local/lib/python3.7/site-packages/airflow/example_dags/example_sla_dag.py
[2022-10-09T06:43:11.367+0000] {logging_mixin.py:117} INFO - [2022-10-09T06:43:11.367+0000] {dag.py:2573} INFO - Sync 1 DAGs
[2022-10-09T06:43:11.388+0000] {logging_mixin.py:117} INFO - [2022-10-09T06:43:11.388+0000] {dag.py:3328} INFO - Setting next_dagrun for example_sla_dag to 2022-10-09T06:40:00+00:00, run_after=2022-10-09T06:42:00+00:00
[2022-10-09T06:43:11.407+0000] {processor.py:178} INFO - Processing /home/airflow/.local/lib/python3.7/site-packages/airflow/example_dags/example_sla_dag.py took 0.116 seconds
[2022-10-09T06:43:41.662+0000] {processor.py:156} INFO - Started process (PID=403) to work on /home/airflow/.local/lib/python3.7/site-packages/airflow/example_dags/example_sla_dag.py
[2022-10-09T06:43:41.664+0000] {processor.py:758} INFO - Processing file /home/airflow/.local/lib/python3.7/site-packages/airflow/example_dags/example_sla_dag.py for tasks to queue
[2022-10-09T06:43:41.669+0000] {logging_mixin.py:117} INFO - [2022-10-09T06:43:41.669+0000] {dagbag.py:525} INFO - Filling up the DagBag from /home/airflow/.local/lib/python3.7/site-packages/airflow/example_dags/example_sla_dag.py
[2022-10-09T06:43:41.693+0000] {processor.py:768} INFO - DAG(s) dict_keys(['example_sla_dag']) retrieved from /home/airflow/.local/lib/python3.7/site-packages/airflow/example_dags/example_sla_dag.py
[2022-10-09T06:43:41.719+0000] {logging_mixin.py:117} INFO - [2022-10-09T06:43:41.719+0000] {dag.py:2573} INFO - Sync 1 DAGs
[2022-10-09T06:43:41.735+0000] {logging_mixin.py:117} INFO - [2022-10-09T06:43:41.734+0000] {dag.py:3328} INFO - Setting next_dagrun for example_sla_dag to 2022-10-09T06:40:00+00:00, run_after=2022-10-09T06:42:00+00:00
[2022-10-09T06:43:41.747+0000] {processor.py:178} INFO - Processing /home/airflow/.local/lib/python3.7/site-packages/airflow/example_dags/example_sla_dag.py took 0.091 seconds
[2022-10-09T06:44:11.910+0000] {processor.py:156} INFO - Started process (PID=466) to work on /home/airflow/.local/lib/python3.7/site-packages/airflow/example_dags/example_sla_dag.py
[2022-10-09T06:44:11.914+0000] {processor.py:758} INFO - Processing file /home/airflow/.local/lib/python3.7/site-packages/airflow/example_dags/example_sla_dag.py for tasks to queue
[2022-10-09T06:44:11.916+0000] {logging_mixin.py:117} INFO - [2022-10-09T06:44:11.916+0000] {dagbag.py:525} INFO - Filling up the DagBag from /home/airflow/.local/lib/python3.7/site-packages/airflow/example_dags/example_sla_dag.py
[2022-10-09T06:44:11.943+0000] {processor.py:768} INFO - DAG(s) dict_keys(['example_sla_dag']) retrieved from /home/airflow/.local/lib/python3.7/site-packages/airflow/example_dags/example_sla_dag.py
[2022-10-09T06:44:11.974+0000] {logging_mixin.py:117} INFO - [2022-10-09T06:44:11.974+0000] {dag.py:2573} INFO - Sync 1 DAGs
[2022-10-09T06:44:11.995+0000] {logging_mixin.py:117} INFO - [2022-10-09T06:44:11.995+0000] {dag.py:3328} INFO - Setting next_dagrun for example_sla_dag to 2022-10-09T06:42:00+00:00, run_after=2022-10-09T06:44:00+00:00
[2022-10-09T06:44:12.011+0000] {processor.py:178} INFO - Processing /home/airflow/.local/lib/python3.7/site-packages/airflow/example_dags/example_sla_dag.py took 0.106 seconds
[2022-10-09T06:44:42.139+0000] {processor.py:156} INFO - Started process (PID=529) to work on /home/airflow/.local/lib/python3.7/site-packages/airflow/example_dags/example_sla_dag.py
[2022-10-09T06:44:42.141+0000] {processor.py:758} INFO - Processing file /home/airflow/.local/lib/python3.7/site-packages/airflow/example_dags/example_sla_dag.py for tasks to queue
[2022-10-09T06:44:42.142+0000] {logging_mixin.py:117} INFO - [2022-10-09T06:44:42.142+0000] {dagbag.py:525} INFO - Filling up the DagBag from /home/airflow/.local/lib/python3.7/site-packages/airflow/example_dags/example_sla_dag.py
[2022-10-09T06:44:42.183+0000] {processor.py:768} INFO - DAG(s) dict_keys(['example_sla_dag']) retrieved from /home/airflow/.local/lib/python3.7/site-packages/airflow/example_dags/example_sla_dag.py
[2022-10-09T06:44:42.226+0000] {logging_mixin.py:117} INFO - [2022-10-09T06:44:42.226+0000] {dag.py:2573} INFO - Sync 1 DAGs
[2022-10-09T06:44:42.250+0000] {logging_mixin.py:117} INFO - [2022-10-09T06:44:42.250+0000] {dag.py:3328} INFO - Setting next_dagrun for example_sla_dag to 2022-10-09T06:42:00+00:00, run_after=2022-10-09T06:44:00+00:00
[2022-10-09T06:44:42.264+0000] {processor.py:178} INFO - Processing /home/airflow/.local/lib/python3.7/site-packages/airflow/example_dags/example_sla_dag.py took 0.128 seconds
[2022-10-09T06:45:12.561+0000] {processor.py:156} INFO - Started process (PID=583) to work on /home/airflow/.local/lib/python3.7/site-packages/airflow/example_dags/example_sla_dag.py
[2022-10-09T06:45:12.568+0000] {processor.py:758} INFO - Processing file /home/airflow/.local/lib/python3.7/site-packages/airflow/example_dags/example_sla_dag.py for tasks to queue
[2022-10-09T06:45:12.570+0000] {logging_mixin.py:117} INFO - [2022-10-09T06:45:12.570+0000] {dagbag.py:525} INFO - Filling up the DagBag from /home/airflow/.local/lib/python3.7/site-packages/airflow/example_dags/example_sla_dag.py
[2022-10-09T06:45:12.595+0000] {processor.py:768} INFO - DAG(s) dict_keys(['example_sla_dag']) retrieved from /home/airflow/.local/lib/python3.7/site-packages/airflow/example_dags/example_sla_dag.py
[2022-10-09T06:45:12.623+0000] {logging_mixin.py:117} INFO - [2022-10-09T06:45:12.623+0000] {dag.py:2573} INFO - Sync 1 DAGs
[2022-10-09T06:45:12.640+0000] {logging_mixin.py:117} INFO - [2022-10-09T06:45:12.640+0000] {dag.py:3328} INFO - Setting next_dagrun for example_sla_dag to 2022-10-09T06:42:00+00:00, run_after=2022-10-09T06:44:00+00:00
[2022-10-09T06:45:12.652+0000] {processor.py:178} INFO - Processing /home/airflow/.local/lib/python3.7/site-packages/airflow/example_dags/example_sla_dag.py took 0.096 seconds
[2022-10-09T06:45:42.806+0000] {processor.py:156} INFO - Started process (PID=645) to work on /home/airflow/.local/lib/python3.7/site-packages/airflow/example_dags/example_sla_dag.py
[2022-10-09T06:45:42.809+0000] {processor.py:758} INFO - Processing file /home/airflow/.local/lib/python3.7/site-packages/airflow/example_dags/example_sla_dag.py for tasks to queue
[2022-10-09T06:45:42.812+0000] {logging_mixin.py:117} INFO - [2022-10-09T06:45:42.811+0000] {dagbag.py:525} INFO - Filling up the DagBag from /home/airflow/.local/lib/python3.7/site-packages/airflow/example_dags/example_sla_dag.py
[2022-10-09T06:45:42.837+0000] {processor.py:768} INFO - DAG(s) dict_keys(['example_sla_dag']) retrieved from /home/airflow/.local/lib/python3.7/site-packages/airflow/example_dags/example_sla_dag.py
[2022-10-09T06:45:42.861+0000] {logging_mixin.py:117} INFO - [2022-10-09T06:45:42.861+0000] {dag.py:2573} INFO - Sync 1 DAGs
[2022-10-09T06:45:42.878+0000] {logging_mixin.py:117} INFO - [2022-10-09T06:45:42.878+0000] {dag.py:3328} INFO - Setting next_dagrun for example_sla_dag to 2022-10-09T06:42:00+00:00, run_after=2022-10-09T06:44:00+00:00
[2022-10-09T06:45:42.890+0000] {processor.py:178} INFO - Processing /home/airflow/.local/lib/python3.7/site-packages/airflow/example_dags/example_sla_dag.py took 0.090 seconds
[2022-10-09T06:46:13.050+0000] {processor.py:156} INFO - Started process (PID=709) to work on /home/airflow/.local/lib/python3.7/site-packages/airflow/example_dags/example_sla_dag.py
[2022-10-09T06:46:13.053+0000] {processor.py:758} INFO - Processing file /home/airflow/.local/lib/python3.7/site-packages/airflow/example_dags/example_sla_dag.py for tasks to queue
[2022-10-09T06:46:13.055+0000] {logging_mixin.py:117} INFO - [2022-10-09T06:46:13.055+0000] {dagbag.py:525} INFO - Filling up the DagBag from /home/airflow/.local/lib/python3.7/site-packages/airflow/example_dags/example_sla_dag.py
[2022-10-09T06:46:13.081+0000] {processor.py:768} INFO - DAG(s) dict_keys(['example_sla_dag']) retrieved from /home/airflow/.local/lib/python3.7/site-packages/airflow/example_dags/example_sla_dag.py
[2022-10-09T06:46:13.109+0000] {logging_mixin.py:117} INFO - [2022-10-09T06:46:13.109+0000] {dag.py:2573} INFO - Sync 1 DAGs
[2022-10-09T06:46:13.126+0000] {logging_mixin.py:117} INFO - [2022-10-09T06:46:13.126+0000] {dag.py:3328} INFO - Setting next_dagrun for example_sla_dag to 2022-10-09T06:44:00+00:00, run_after=2022-10-09T06:46:00+00:00
[2022-10-09T06:46:13.139+0000] {processor.py:178} INFO - Processing /home/airflow/.local/lib/python3.7/site-packages/airflow/example_dags/example_sla_dag.py took 0.094 seconds
[2022-10-09T06:46:43.271+0000] {processor.py:156} INFO - Started process (PID=773) to work on /home/airflow/.local/lib/python3.7/site-packages/airflow/example_dags/example_sla_dag.py
[2022-10-09T06:46:43.275+0000] {processor.py:758} INFO - Processing file /home/airflow/.local/lib/python3.7/site-packages/airflow/example_dags/example_sla_dag.py for tasks to queue
[2022-10-09T06:46:43.277+0000] {logging_mixin.py:117} INFO - [2022-10-09T06:46:43.277+0000] {dagbag.py:525} INFO - Filling up the DagBag from /home/airflow/.local/lib/python3.7/site-packages/airflow/example_dags/example_sla_dag.py
[2022-10-09T06:46:43.299+0000] {processor.py:768} INFO - DAG(s) dict_keys(['example_sla_dag']) retrieved from /home/airflow/.local/lib/python3.7/site-packages/airflow/example_dags/example_sla_dag.py
[2022-10-09T06:46:43.326+0000] {logging_mixin.py:117} INFO - [2022-10-09T06:46:43.325+0000] {dag.py:2573} INFO - Sync 1 DAGs
[2022-10-09T06:46:43.345+0000] {logging_mixin.py:117} INFO - [2022-10-09T06:46:43.345+0000] {dag.py:3328} INFO - Setting next_dagrun for example_sla_dag to 2022-10-09T06:44:00+00:00, run_after=2022-10-09T06:46:00+00:00
[2022-10-09T06:46:43.360+0000] {processor.py:178} INFO - Processing /home/airflow/.local/lib/python3.7/site-packages/airflow/example_dags/example_sla_dag.py took 0.095 seconds
[2022-10-09T06:47:13.413+0000] {processor.py:156} INFO - Started process (PID=835) to work on /home/airflow/.local/lib/python3.7/site-packages/airflow/example_dags/example_sla_dag.py
[2022-10-09T06:47:13.415+0000] {processor.py:758} INFO - Processing file /home/airflow/.local/lib/python3.7/site-packages/airflow/example_dags/example_sla_dag.py for tasks to queue
[2022-10-09T06:47:13.417+0000] {logging_mixin.py:117} INFO - [2022-10-09T06:47:13.417+0000] {dagbag.py:525} INFO - Filling up the DagBag from /home/airflow/.local/lib/python3.7/site-packages/airflow/example_dags/example_sla_dag.py
[2022-10-09T06:47:13.433+0000] {processor.py:768} INFO - DAG(s) dict_keys(['example_sla_dag']) retrieved from /home/airflow/.local/lib/python3.7/site-packages/airflow/example_dags/example_sla_dag.py
[2022-10-09T06:47:13.458+0000] {logging_mixin.py:117} INFO - [2022-10-09T06:47:13.458+0000] {dag.py:2573} INFO - Sync 1 DAGs
[2022-10-09T06:47:13.475+0000] {logging_mixin.py:117} INFO - [2022-10-09T06:47:13.475+0000] {dag.py:3328} INFO - Setting next_dagrun for example_sla_dag to 2022-10-09T06:44:00+00:00, run_after=2022-10-09T06:46:00+00:00
[2022-10-09T06:47:13.488+0000] {processor.py:178} INFO - Processing /home/airflow/.local/lib/python3.7/site-packages/airflow/example_dags/example_sla_dag.py took 0.079 seconds
[2022-10-09T06:47:43.698+0000] {processor.py:156} INFO - Started process (PID=888) to work on /home/airflow/.local/lib/python3.7/site-packages/airflow/example_dags/example_sla_dag.py
[2022-10-09T06:47:43.702+0000] {processor.py:758} INFO - Processing file /home/airflow/.local/lib/python3.7/site-packages/airflow/example_dags/example_sla_dag.py for tasks to queue
[2022-10-09T06:47:43.703+0000] {logging_mixin.py:117} INFO - [2022-10-09T06:47:43.703+0000] {dagbag.py:525} INFO - Filling up the DagBag from /home/airflow/.local/lib/python3.7/site-packages/airflow/example_dags/example_sla_dag.py
[2022-10-09T06:47:43.725+0000] {processor.py:768} INFO - DAG(s) dict_keys(['example_sla_dag']) retrieved from /home/airflow/.local/lib/python3.7/site-packages/airflow/example_dags/example_sla_dag.py
[2022-10-09T06:47:43.758+0000] {logging_mixin.py:117} INFO - [2022-10-09T06:47:43.758+0000] {dag.py:2573} INFO - Sync 1 DAGs
[2022-10-09T06:47:43.776+0000] {logging_mixin.py:117} INFO - [2022-10-09T06:47:43.776+0000] {dag.py:3328} INFO - Setting next_dagrun for example_sla_dag to 2022-10-09T06:44:00+00:00, run_after=2022-10-09T06:46:00+00:00
[2022-10-09T06:47:43.790+0000] {processor.py:178} INFO - Processing /home/airflow/.local/lib/python3.7/site-packages/airflow/example_dags/example_sla_dag.py took 0.097 seconds
[2022-10-09T06:48:14.048+0000] {processor.py:156} INFO - Started process (PID=950) to work on /home/airflow/.local/lib/python3.7/site-packages/airflow/example_dags/example_sla_dag.py
[2022-10-09T06:48:14.050+0000] {processor.py:758} INFO - Processing file /home/airflow/.local/lib/python3.7/site-packages/airflow/example_dags/example_sla_dag.py for tasks to queue
[2022-10-09T06:48:14.052+0000] {logging_mixin.py:117} INFO - [2022-10-09T06:48:14.052+0000] {dagbag.py:525} INFO - Filling up the DagBag from /home/airflow/.local/lib/python3.7/site-packages/airflow/example_dags/example_sla_dag.py
[2022-10-09T06:48:14.085+0000] {processor.py:768} INFO - DAG(s) dict_keys(['example_sla_dag']) retrieved from /home/airflow/.local/lib/python3.7/site-packages/airflow/example_dags/example_sla_dag.py
[2022-10-09T06:48:14.137+0000] {logging_mixin.py:117} INFO - [2022-10-09T06:48:14.137+0000] {dag.py:2573} INFO - Sync 1 DAGs
[2022-10-09T06:48:14.156+0000] {logging_mixin.py:117} INFO - [2022-10-09T06:48:14.156+0000] {dag.py:3328} INFO - Setting next_dagrun for example_sla_dag to 2022-10-09T06:46:00+00:00, run_after=2022-10-09T06:48:00+00:00
[2022-10-09T06:48:14.169+0000] {processor.py:178} INFO - Processing /home/airflow/.local/lib/python3.7/site-packages/airflow/example_dags/example_sla_dag.py took 0.124 seconds
[2022-10-09T06:59:07.980+0000] {processor.py:156} INFO - Started process (PID=1004) to work on /home/airflow/.local/lib/python3.7/site-packages/airflow/example_dags/example_sla_dag.py
[2022-10-09T06:59:07.986+0000] {processor.py:758} INFO - Processing file /home/airflow/.local/lib/python3.7/site-packages/airflow/example_dags/example_sla_dag.py for tasks to queue
[2022-10-09T06:59:07.989+0000] {logging_mixin.py:117} INFO - [2022-10-09T06:59:07.989+0000] {dagbag.py:525} INFO - Filling up the DagBag from /home/airflow/.local/lib/python3.7/site-packages/airflow/example_dags/example_sla_dag.py
[2022-10-09T06:59:08.025+0000] {processor.py:768} INFO - DAG(s) dict_keys(['example_sla_dag']) retrieved from /home/airflow/.local/lib/python3.7/site-packages/airflow/example_dags/example_sla_dag.py
[2022-10-09T06:59:08.128+0000] {logging_mixin.py:117} INFO - [2022-10-09T06:59:08.128+0000] {dag.py:2573} INFO - Sync 1 DAGs
[2022-10-09T06:59:08.185+0000] {logging_mixin.py:117} INFO - [2022-10-09T06:59:08.185+0000] {dag.py:3328} INFO - Setting next_dagrun for example_sla_dag to 2022-10-09T06:56:00+00:00, run_after=2022-10-09T06:58:00+00:00
[2022-10-09T06:59:08.227+0000] {processor.py:178} INFO - Processing /home/airflow/.local/lib/python3.7/site-packages/airflow/example_dags/example_sla_dag.py took 0.252 seconds
[2022-10-09T06:59:38.846+0000] {processor.py:156} INFO - Started process (PID=1068) to work on /home/airflow/.local/lib/python3.7/site-packages/airflow/example_dags/example_sla_dag.py
[2022-10-09T06:59:38.850+0000] {processor.py:758} INFO - Processing file /home/airflow/.local/lib/python3.7/site-packages/airflow/example_dags/example_sla_dag.py for tasks to queue
[2022-10-09T06:59:38.854+0000] {logging_mixin.py:117} INFO - [2022-10-09T06:59:38.854+0000] {dagbag.py:525} INFO - Filling up the DagBag from /home/airflow/.local/lib/python3.7/site-packages/airflow/example_dags/example_sla_dag.py
[2022-10-09T06:59:38.876+0000] {processor.py:768} INFO - DAG(s) dict_keys(['example_sla_dag']) retrieved from /home/airflow/.local/lib/python3.7/site-packages/airflow/example_dags/example_sla_dag.py
[2022-10-09T06:59:38.901+0000] {logging_mixin.py:117} INFO - [2022-10-09T06:59:38.901+0000] {dag.py:2573} INFO - Sync 1 DAGs
[2022-10-09T06:59:38.917+0000] {logging_mixin.py:117} INFO - [2022-10-09T06:59:38.917+0000] {dag.py:3328} INFO - Setting next_dagrun for example_sla_dag to 2022-10-09T06:56:00+00:00, run_after=2022-10-09T06:58:00+00:00
[2022-10-09T06:59:38.929+0000] {processor.py:178} INFO - Processing /home/airflow/.local/lib/python3.7/site-packages/airflow/example_dags/example_sla_dag.py took 0.086 seconds
[2022-10-09T07:00:09.066+0000] {processor.py:156} INFO - Started process (PID=1122) to work on /home/airflow/.local/lib/python3.7/site-packages/airflow/example_dags/example_sla_dag.py
[2022-10-09T07:00:09.069+0000] {processor.py:758} INFO - Processing file /home/airflow/.local/lib/python3.7/site-packages/airflow/example_dags/example_sla_dag.py for tasks to queue
[2022-10-09T07:00:09.071+0000] {logging_mixin.py:117} INFO - [2022-10-09T07:00:09.071+0000] {dagbag.py:525} INFO - Filling up the DagBag from /home/airflow/.local/lib/python3.7/site-packages/airflow/example_dags/example_sla_dag.py
[2022-10-09T07:00:09.094+0000] {processor.py:768} INFO - DAG(s) dict_keys(['example_sla_dag']) retrieved from /home/airflow/.local/lib/python3.7/site-packages/airflow/example_dags/example_sla_dag.py
[2022-10-09T07:00:09.126+0000] {logging_mixin.py:117} INFO - [2022-10-09T07:00:09.126+0000] {dag.py:2573} INFO - Sync 1 DAGs
[2022-10-09T07:00:09.145+0000] {logging_mixin.py:117} INFO - [2022-10-09T07:00:09.145+0000] {dag.py:3328} INFO - Setting next_dagrun for example_sla_dag to 2022-10-09T06:58:00+00:00, run_after=2022-10-09T07:00:00+00:00
[2022-10-09T07:00:09.163+0000] {processor.py:178} INFO - Processing /home/airflow/.local/lib/python3.7/site-packages/airflow/example_dags/example_sla_dag.py took 0.102 seconds
[2022-10-09T07:00:39.687+0000] {processor.py:156} INFO - Started process (PID=1185) to work on /home/airflow/.local/lib/python3.7/site-packages/airflow/example_dags/example_sla_dag.py
[2022-10-09T07:00:39.693+0000] {processor.py:758} INFO - Processing file /home/airflow/.local/lib/python3.7/site-packages/airflow/example_dags/example_sla_dag.py for tasks to queue
[2022-10-09T07:00:39.695+0000] {logging_mixin.py:117} INFO - [2022-10-09T07:00:39.695+0000] {dagbag.py:525} INFO - Filling up the DagBag from /home/airflow/.local/lib/python3.7/site-packages/airflow/example_dags/example_sla_dag.py
[2022-10-09T07:00:39.722+0000] {processor.py:768} INFO - DAG(s) dict_keys(['example_sla_dag']) retrieved from /home/airflow/.local/lib/python3.7/site-packages/airflow/example_dags/example_sla_dag.py
[2022-10-09T07:00:39.754+0000] {logging_mixin.py:117} INFO - [2022-10-09T07:00:39.754+0000] {dag.py:2573} INFO - Sync 1 DAGs
[2022-10-09T07:00:39.772+0000] {logging_mixin.py:117} INFO - [2022-10-09T07:00:39.772+0000] {dag.py:3328} INFO - Setting next_dagrun for example_sla_dag to 2022-10-09T06:58:00+00:00, run_after=2022-10-09T07:00:00+00:00
[2022-10-09T07:00:39.786+0000] {processor.py:178} INFO - Processing /home/airflow/.local/lib/python3.7/site-packages/airflow/example_dags/example_sla_dag.py took 0.104 seconds
[2022-10-09T07:01:10.073+0000] {processor.py:156} INFO - Started process (PID=1247) to work on /home/airflow/.local/lib/python3.7/site-packages/airflow/example_dags/example_sla_dag.py
[2022-10-09T07:01:10.075+0000] {processor.py:758} INFO - Processing file /home/airflow/.local/lib/python3.7/site-packages/airflow/example_dags/example_sla_dag.py for tasks to queue
[2022-10-09T07:01:10.078+0000] {logging_mixin.py:117} INFO - [2022-10-09T07:01:10.077+0000] {dagbag.py:525} INFO - Filling up the DagBag from /home/airflow/.local/lib/python3.7/site-packages/airflow/example_dags/example_sla_dag.py
[2022-10-09T07:01:10.109+0000] {processor.py:768} INFO - DAG(s) dict_keys(['example_sla_dag']) retrieved from /home/airflow/.local/lib/python3.7/site-packages/airflow/example_dags/example_sla_dag.py
[2022-10-09T07:01:10.153+0000] {logging_mixin.py:117} INFO - [2022-10-09T07:01:10.152+0000] {dag.py:2573} INFO - Sync 1 DAGs
[2022-10-09T07:01:10.177+0000] {logging_mixin.py:117} INFO - [2022-10-09T07:01:10.177+0000] {dag.py:3328} INFO - Setting next_dagrun for example_sla_dag to 2022-10-09T06:58:00+00:00, run_after=2022-10-09T07:00:00+00:00
[2022-10-09T07:01:10.191+0000] {processor.py:178} INFO - Processing /home/airflow/.local/lib/python3.7/site-packages/airflow/example_dags/example_sla_dag.py took 0.125 seconds
[2022-10-09T07:01:40.278+0000] {processor.py:156} INFO - Started process (PID=1310) to work on /home/airflow/.local/lib/python3.7/site-packages/airflow/example_dags/example_sla_dag.py
[2022-10-09T07:01:40.282+0000] {processor.py:758} INFO - Processing file /home/airflow/.local/lib/python3.7/site-packages/airflow/example_dags/example_sla_dag.py for tasks to queue
[2022-10-09T07:01:40.284+0000] {logging_mixin.py:117} INFO - [2022-10-09T07:01:40.284+0000] {dagbag.py:525} INFO - Filling up the DagBag from /home/airflow/.local/lib/python3.7/site-packages/airflow/example_dags/example_sla_dag.py
[2022-10-09T07:01:40.308+0000] {processor.py:768} INFO - DAG(s) dict_keys(['example_sla_dag']) retrieved from /home/airflow/.local/lib/python3.7/site-packages/airflow/example_dags/example_sla_dag.py
[2022-10-09T07:01:40.349+0000] {logging_mixin.py:117} INFO - [2022-10-09T07:01:40.349+0000] {dag.py:2573} INFO - Sync 1 DAGs
[2022-10-09T07:01:40.371+0000] {logging_mixin.py:117} INFO - [2022-10-09T07:01:40.370+0000] {dag.py:3328} INFO - Setting next_dagrun for example_sla_dag to 2022-10-09T06:58:00+00:00, run_after=2022-10-09T07:00:00+00:00
[2022-10-09T07:01:40.388+0000] {processor.py:178} INFO - Processing /home/airflow/.local/lib/python3.7/site-packages/airflow/example_dags/example_sla_dag.py took 0.115 seconds
[2022-10-09T07:02:10.526+0000] {processor.py:156} INFO - Started process (PID=1373) to work on /home/airflow/.local/lib/python3.7/site-packages/airflow/example_dags/example_sla_dag.py
[2022-10-09T07:02:10.528+0000] {processor.py:758} INFO - Processing file /home/airflow/.local/lib/python3.7/site-packages/airflow/example_dags/example_sla_dag.py for tasks to queue
[2022-10-09T07:02:10.530+0000] {logging_mixin.py:117} INFO - [2022-10-09T07:02:10.529+0000] {dagbag.py:525} INFO - Filling up the DagBag from /home/airflow/.local/lib/python3.7/site-packages/airflow/example_dags/example_sla_dag.py
[2022-10-09T07:02:10.546+0000] {processor.py:768} INFO - DAG(s) dict_keys(['example_sla_dag']) retrieved from /home/airflow/.local/lib/python3.7/site-packages/airflow/example_dags/example_sla_dag.py
[2022-10-09T07:02:10.576+0000] {logging_mixin.py:117} INFO - [2022-10-09T07:02:10.576+0000] {dag.py:2573} INFO - Sync 1 DAGs
[2022-10-09T07:02:10.592+0000] {logging_mixin.py:117} INFO - [2022-10-09T07:02:10.592+0000] {dag.py:3328} INFO - Setting next_dagrun for example_sla_dag to 2022-10-09T07:00:00+00:00, run_after=2022-10-09T07:02:00+00:00
[2022-10-09T07:02:10.607+0000] {processor.py:178} INFO - Processing /home/airflow/.local/lib/python3.7/site-packages/airflow/example_dags/example_sla_dag.py took 0.083 seconds
[2022-10-09T07:02:40.825+0000] {processor.py:156} INFO - Started process (PID=1427) to work on /home/airflow/.local/lib/python3.7/site-packages/airflow/example_dags/example_sla_dag.py
[2022-10-09T07:02:40.828+0000] {processor.py:758} INFO - Processing file /home/airflow/.local/lib/python3.7/site-packages/airflow/example_dags/example_sla_dag.py for tasks to queue
[2022-10-09T07:02:40.829+0000] {logging_mixin.py:117} INFO - [2022-10-09T07:02:40.829+0000] {dagbag.py:525} INFO - Filling up the DagBag from /home/airflow/.local/lib/python3.7/site-packages/airflow/example_dags/example_sla_dag.py
[2022-10-09T07:02:40.853+0000] {processor.py:768} INFO - DAG(s) dict_keys(['example_sla_dag']) retrieved from /home/airflow/.local/lib/python3.7/site-packages/airflow/example_dags/example_sla_dag.py
[2022-10-09T07:02:40.899+0000] {logging_mixin.py:117} INFO - [2022-10-09T07:02:40.899+0000] {dag.py:2573} INFO - Sync 1 DAGs
[2022-10-09T07:02:40.918+0000] {logging_mixin.py:117} INFO - [2022-10-09T07:02:40.918+0000] {dag.py:3328} INFO - Setting next_dagrun for example_sla_dag to 2022-10-09T07:00:00+00:00, run_after=2022-10-09T07:02:00+00:00
[2022-10-09T07:02:40.933+0000] {processor.py:178} INFO - Processing /home/airflow/.local/lib/python3.7/site-packages/airflow/example_dags/example_sla_dag.py took 0.117 seconds
[2022-10-09T07:03:11.634+0000] {processor.py:156} INFO - Started process (PID=1490) to work on /home/airflow/.local/lib/python3.7/site-packages/airflow/example_dags/example_sla_dag.py
[2022-10-09T07:03:11.637+0000] {processor.py:758} INFO - Processing file /home/airflow/.local/lib/python3.7/site-packages/airflow/example_dags/example_sla_dag.py for tasks to queue
[2022-10-09T07:03:11.639+0000] {logging_mixin.py:117} INFO - [2022-10-09T07:03:11.639+0000] {dagbag.py:525} INFO - Filling up the DagBag from /home/airflow/.local/lib/python3.7/site-packages/airflow/example_dags/example_sla_dag.py
[2022-10-09T07:03:11.675+0000] {processor.py:768} INFO - DAG(s) dict_keys(['example_sla_dag']) retrieved from /home/airflow/.local/lib/python3.7/site-packages/airflow/example_dags/example_sla_dag.py
[2022-10-09T07:03:11.722+0000] {logging_mixin.py:117} INFO - [2022-10-09T07:03:11.722+0000] {dag.py:2573} INFO - Sync 1 DAGs
[2022-10-09T07:03:11.748+0000] {logging_mixin.py:117} INFO - [2022-10-09T07:03:11.748+0000] {dag.py:3328} INFO - Setting next_dagrun for example_sla_dag to 2022-10-09T07:00:00+00:00, run_after=2022-10-09T07:02:00+00:00
[2022-10-09T07:03:11.765+0000] {processor.py:178} INFO - Processing /home/airflow/.local/lib/python3.7/site-packages/airflow/example_dags/example_sla_dag.py took 0.136 seconds
[2022-10-09T07:03:41.872+0000] {processor.py:156} INFO - Started process (PID=1553) to work on /home/airflow/.local/lib/python3.7/site-packages/airflow/example_dags/example_sla_dag.py
[2022-10-09T07:03:41.875+0000] {processor.py:758} INFO - Processing file /home/airflow/.local/lib/python3.7/site-packages/airflow/example_dags/example_sla_dag.py for tasks to queue
[2022-10-09T07:03:41.879+0000] {logging_mixin.py:117} INFO - [2022-10-09T07:03:41.879+0000] {dagbag.py:525} INFO - Filling up the DagBag from /home/airflow/.local/lib/python3.7/site-packages/airflow/example_dags/example_sla_dag.py
[2022-10-09T07:03:41.908+0000] {processor.py:768} INFO - DAG(s) dict_keys(['example_sla_dag']) retrieved from /home/airflow/.local/lib/python3.7/site-packages/airflow/example_dags/example_sla_dag.py
[2022-10-09T07:03:41.947+0000] {logging_mixin.py:117} INFO - [2022-10-09T07:03:41.947+0000] {dag.py:2573} INFO - Sync 1 DAGs
[2022-10-09T07:03:41.966+0000] {logging_mixin.py:117} INFO - [2022-10-09T07:03:41.966+0000] {dag.py:3328} INFO - Setting next_dagrun for example_sla_dag to 2022-10-09T07:00:00+00:00, run_after=2022-10-09T07:02:00+00:00
[2022-10-09T07:03:41.980+0000] {processor.py:178} INFO - Processing /home/airflow/.local/lib/python3.7/site-packages/airflow/example_dags/example_sla_dag.py took 0.114 seconds
[2022-10-09T07:04:12.133+0000] {processor.py:156} INFO - Started process (PID=1615) to work on /home/airflow/.local/lib/python3.7/site-packages/airflow/example_dags/example_sla_dag.py
[2022-10-09T07:04:12.137+0000] {processor.py:758} INFO - Processing file /home/airflow/.local/lib/python3.7/site-packages/airflow/example_dags/example_sla_dag.py for tasks to queue
[2022-10-09T07:04:12.138+0000] {logging_mixin.py:117} INFO - [2022-10-09T07:04:12.138+0000] {dagbag.py:525} INFO - Filling up the DagBag from /home/airflow/.local/lib/python3.7/site-packages/airflow/example_dags/example_sla_dag.py
[2022-10-09T07:04:12.163+0000] {processor.py:768} INFO - DAG(s) dict_keys(['example_sla_dag']) retrieved from /home/airflow/.local/lib/python3.7/site-packages/airflow/example_dags/example_sla_dag.py
[2022-10-09T07:04:12.190+0000] {logging_mixin.py:117} INFO - [2022-10-09T07:04:12.190+0000] {dag.py:2573} INFO - Sync 1 DAGs
[2022-10-09T07:04:12.206+0000] {logging_mixin.py:117} INFO - [2022-10-09T07:04:12.206+0000] {dag.py:3328} INFO - Setting next_dagrun for example_sla_dag to 2022-10-09T07:02:00+00:00, run_after=2022-10-09T07:04:00+00:00
[2022-10-09T07:04:12.220+0000] {processor.py:178} INFO - Processing /home/airflow/.local/lib/python3.7/site-packages/airflow/example_dags/example_sla_dag.py took 0.092 seconds
[2022-10-09T07:04:42.405+0000] {processor.py:156} INFO - Started process (PID=1678) to work on /home/airflow/.local/lib/python3.7/site-packages/airflow/example_dags/example_sla_dag.py
[2022-10-09T07:04:42.409+0000] {processor.py:758} INFO - Processing file /home/airflow/.local/lib/python3.7/site-packages/airflow/example_dags/example_sla_dag.py for tasks to queue
[2022-10-09T07:04:42.411+0000] {logging_mixin.py:117} INFO - [2022-10-09T07:04:42.411+0000] {dagbag.py:525} INFO - Filling up the DagBag from /home/airflow/.local/lib/python3.7/site-packages/airflow/example_dags/example_sla_dag.py
[2022-10-09T07:04:42.464+0000] {processor.py:768} INFO - DAG(s) dict_keys(['example_sla_dag']) retrieved from /home/airflow/.local/lib/python3.7/site-packages/airflow/example_dags/example_sla_dag.py
[2022-10-09T07:04:42.523+0000] {logging_mixin.py:117} INFO - [2022-10-09T07:04:42.523+0000] {dag.py:2573} INFO - Sync 1 DAGs
[2022-10-09T07:04:42.554+0000] {logging_mixin.py:117} INFO - [2022-10-09T07:04:42.554+0000] {dag.py:3328} INFO - Setting next_dagrun for example_sla_dag to 2022-10-09T07:02:00+00:00, run_after=2022-10-09T07:04:00+00:00
[2022-10-09T07:04:42.570+0000] {processor.py:178} INFO - Processing /home/airflow/.local/lib/python3.7/site-packages/airflow/example_dags/example_sla_dag.py took 0.173 seconds
[2022-10-09T07:05:13.336+0000] {processor.py:156} INFO - Started process (PID=1732) to work on /home/airflow/.local/lib/python3.7/site-packages/airflow/example_dags/example_sla_dag.py
[2022-10-09T07:05:13.344+0000] {processor.py:758} INFO - Processing file /home/airflow/.local/lib/python3.7/site-packages/airflow/example_dags/example_sla_dag.py for tasks to queue
[2022-10-09T07:05:13.347+0000] {logging_mixin.py:117} INFO - [2022-10-09T07:05:13.347+0000] {dagbag.py:525} INFO - Filling up the DagBag from /home/airflow/.local/lib/python3.7/site-packages/airflow/example_dags/example_sla_dag.py
[2022-10-09T07:05:13.378+0000] {processor.py:768} INFO - DAG(s) dict_keys(['example_sla_dag']) retrieved from /home/airflow/.local/lib/python3.7/site-packages/airflow/example_dags/example_sla_dag.py
[2022-10-09T07:05:13.427+0000] {logging_mixin.py:117} INFO - [2022-10-09T07:05:13.427+0000] {dag.py:2573} INFO - Sync 1 DAGs
[2022-10-09T07:05:13.448+0000] {logging_mixin.py:117} INFO - [2022-10-09T07:05:13.448+0000] {dag.py:3328} INFO - Setting next_dagrun for example_sla_dag to 2022-10-09T07:02:00+00:00, run_after=2022-10-09T07:04:00+00:00
[2022-10-09T07:05:13.464+0000] {processor.py:178} INFO - Processing /home/airflow/.local/lib/python3.7/site-packages/airflow/example_dags/example_sla_dag.py took 0.137 seconds
[2022-10-09T07:05:43.799+0000] {processor.py:156} INFO - Started process (PID=1795) to work on /home/airflow/.local/lib/python3.7/site-packages/airflow/example_dags/example_sla_dag.py
[2022-10-09T07:05:43.803+0000] {processor.py:758} INFO - Processing file /home/airflow/.local/lib/python3.7/site-packages/airflow/example_dags/example_sla_dag.py for tasks to queue
[2022-10-09T07:05:43.805+0000] {logging_mixin.py:117} INFO - [2022-10-09T07:05:43.804+0000] {dagbag.py:525} INFO - Filling up the DagBag from /home/airflow/.local/lib/python3.7/site-packages/airflow/example_dags/example_sla_dag.py
[2022-10-09T07:05:43.829+0000] {processor.py:768} INFO - DAG(s) dict_keys(['example_sla_dag']) retrieved from /home/airflow/.local/lib/python3.7/site-packages/airflow/example_dags/example_sla_dag.py
[2022-10-09T07:05:43.885+0000] {logging_mixin.py:117} INFO - [2022-10-09T07:05:43.885+0000] {dag.py:2573} INFO - Sync 1 DAGs
[2022-10-09T07:05:43.908+0000] {logging_mixin.py:117} INFO - [2022-10-09T07:05:43.908+0000] {dag.py:3328} INFO - Setting next_dagrun for example_sla_dag to 2022-10-09T07:02:00+00:00, run_after=2022-10-09T07:04:00+00:00
[2022-10-09T07:05:43.926+0000] {processor.py:178} INFO - Processing /home/airflow/.local/lib/python3.7/site-packages/airflow/example_dags/example_sla_dag.py took 0.138 seconds
[2022-10-09T07:06:14.455+0000] {processor.py:156} INFO - Started process (PID=1858) to work on /home/airflow/.local/lib/python3.7/site-packages/airflow/example_dags/example_sla_dag.py
[2022-10-09T07:06:14.463+0000] {processor.py:758} INFO - Processing file /home/airflow/.local/lib/python3.7/site-packages/airflow/example_dags/example_sla_dag.py for tasks to queue
[2022-10-09T07:06:14.468+0000] {logging_mixin.py:117} INFO - [2022-10-09T07:06:14.468+0000] {dagbag.py:525} INFO - Filling up the DagBag from /home/airflow/.local/lib/python3.7/site-packages/airflow/example_dags/example_sla_dag.py
[2022-10-09T07:06:14.533+0000] {processor.py:768} INFO - DAG(s) dict_keys(['example_sla_dag']) retrieved from /home/airflow/.local/lib/python3.7/site-packages/airflow/example_dags/example_sla_dag.py
[2022-10-09T07:06:14.575+0000] {logging_mixin.py:117} INFO - [2022-10-09T07:06:14.575+0000] {dag.py:2573} INFO - Sync 1 DAGs
[2022-10-09T07:06:14.598+0000] {logging_mixin.py:117} INFO - [2022-10-09T07:06:14.598+0000] {dag.py:3328} INFO - Setting next_dagrun for example_sla_dag to 2022-10-09T07:04:00+00:00, run_after=2022-10-09T07:06:00+00:00
[2022-10-09T07:06:14.620+0000] {processor.py:178} INFO - Processing /home/airflow/.local/lib/python3.7/site-packages/airflow/example_dags/example_sla_dag.py took 0.171 seconds
[2022-10-09T07:06:44.842+0000] {processor.py:156} INFO - Started process (PID=1920) to work on /home/airflow/.local/lib/python3.7/site-packages/airflow/example_dags/example_sla_dag.py
[2022-10-09T07:06:44.846+0000] {processor.py:758} INFO - Processing file /home/airflow/.local/lib/python3.7/site-packages/airflow/example_dags/example_sla_dag.py for tasks to queue
[2022-10-09T07:06:44.850+0000] {logging_mixin.py:117} INFO - [2022-10-09T07:06:44.850+0000] {dagbag.py:525} INFO - Filling up the DagBag from /home/airflow/.local/lib/python3.7/site-packages/airflow/example_dags/example_sla_dag.py
[2022-10-09T07:06:44.878+0000] {processor.py:768} INFO - DAG(s) dict_keys(['example_sla_dag']) retrieved from /home/airflow/.local/lib/python3.7/site-packages/airflow/example_dags/example_sla_dag.py
[2022-10-09T07:06:44.902+0000] {logging_mixin.py:117} INFO - [2022-10-09T07:06:44.902+0000] {dag.py:2573} INFO - Sync 1 DAGs
[2022-10-09T07:06:44.919+0000] {logging_mixin.py:117} INFO - [2022-10-09T07:06:44.919+0000] {dag.py:3328} INFO - Setting next_dagrun for example_sla_dag to 2022-10-09T07:04:00+00:00, run_after=2022-10-09T07:06:00+00:00
[2022-10-09T07:06:44.931+0000] {processor.py:178} INFO - Processing /home/airflow/.local/lib/python3.7/site-packages/airflow/example_dags/example_sla_dag.py took 0.096 seconds
[2022-10-09T07:07:15.056+0000] {processor.py:156} INFO - Started process (PID=1985) to work on /home/airflow/.local/lib/python3.7/site-packages/airflow/example_dags/example_sla_dag.py
[2022-10-09T07:07:15.059+0000] {processor.py:758} INFO - Processing file /home/airflow/.local/lib/python3.7/site-packages/airflow/example_dags/example_sla_dag.py for tasks to queue
[2022-10-09T07:07:15.060+0000] {logging_mixin.py:117} INFO - [2022-10-09T07:07:15.060+0000] {dagbag.py:525} INFO - Filling up the DagBag from /home/airflow/.local/lib/python3.7/site-packages/airflow/example_dags/example_sla_dag.py
[2022-10-09T07:07:15.083+0000] {processor.py:768} INFO - DAG(s) dict_keys(['example_sla_dag']) retrieved from /home/airflow/.local/lib/python3.7/site-packages/airflow/example_dags/example_sla_dag.py
[2022-10-09T07:07:15.123+0000] {logging_mixin.py:117} INFO - [2022-10-09T07:07:15.123+0000] {dag.py:2573} INFO - Sync 1 DAGs
[2022-10-09T07:07:15.143+0000] {logging_mixin.py:117} INFO - [2022-10-09T07:07:15.143+0000] {dag.py:3328} INFO - Setting next_dagrun for example_sla_dag to 2022-10-09T07:04:00+00:00, run_after=2022-10-09T07:06:00+00:00
[2022-10-09T07:07:15.159+0000] {processor.py:178} INFO - Processing /home/airflow/.local/lib/python3.7/site-packages/airflow/example_dags/example_sla_dag.py took 0.107 seconds
[2022-10-09T07:07:45.565+0000] {processor.py:156} INFO - Started process (PID=2040) to work on /home/airflow/.local/lib/python3.7/site-packages/airflow/example_dags/example_sla_dag.py
[2022-10-09T07:07:45.568+0000] {processor.py:758} INFO - Processing file /home/airflow/.local/lib/python3.7/site-packages/airflow/example_dags/example_sla_dag.py for tasks to queue
[2022-10-09T07:07:45.581+0000] {logging_mixin.py:117} INFO - [2022-10-09T07:07:45.580+0000] {dagbag.py:525} INFO - Filling up the DagBag from /home/airflow/.local/lib/python3.7/site-packages/airflow/example_dags/example_sla_dag.py
[2022-10-09T07:07:45.604+0000] {processor.py:768} INFO - DAG(s) dict_keys(['example_sla_dag']) retrieved from /home/airflow/.local/lib/python3.7/site-packages/airflow/example_dags/example_sla_dag.py
[2022-10-09T07:07:45.652+0000] {logging_mixin.py:117} INFO - [2022-10-09T07:07:45.652+0000] {dag.py:2573} INFO - Sync 1 DAGs
[2022-10-09T07:07:45.675+0000] {logging_mixin.py:117} INFO - [2022-10-09T07:07:45.675+0000] {dag.py:3328} INFO - Setting next_dagrun for example_sla_dag to 2022-10-09T07:04:00+00:00, run_after=2022-10-09T07:06:00+00:00
[2022-10-09T07:07:45.691+0000] {processor.py:178} INFO - Processing /home/airflow/.local/lib/python3.7/site-packages/airflow/example_dags/example_sla_dag.py took 0.142 seconds
[2022-10-09T07:08:16.044+0000] {processor.py:156} INFO - Started process (PID=2104) to work on /home/airflow/.local/lib/python3.7/site-packages/airflow/example_dags/example_sla_dag.py
[2022-10-09T07:08:16.046+0000] {processor.py:758} INFO - Processing file /home/airflow/.local/lib/python3.7/site-packages/airflow/example_dags/example_sla_dag.py for tasks to queue
[2022-10-09T07:08:16.050+0000] {logging_mixin.py:117} INFO - [2022-10-09T07:08:16.050+0000] {dagbag.py:525} INFO - Filling up the DagBag from /home/airflow/.local/lib/python3.7/site-packages/airflow/example_dags/example_sla_dag.py
[2022-10-09T07:08:16.069+0000] {processor.py:768} INFO - DAG(s) dict_keys(['example_sla_dag']) retrieved from /home/airflow/.local/lib/python3.7/site-packages/airflow/example_dags/example_sla_dag.py
[2022-10-09T07:08:16.093+0000] {logging_mixin.py:117} INFO - [2022-10-09T07:08:16.093+0000] {dag.py:2573} INFO - Sync 1 DAGs
[2022-10-09T07:08:16.110+0000] {logging_mixin.py:117} INFO - [2022-10-09T07:08:16.110+0000] {dag.py:3328} INFO - Setting next_dagrun for example_sla_dag to 2022-10-09T07:06:00+00:00, run_after=2022-10-09T07:08:00+00:00
[2022-10-09T07:08:16.124+0000] {processor.py:178} INFO - Processing /home/airflow/.local/lib/python3.7/site-packages/airflow/example_dags/example_sla_dag.py took 0.084 seconds
[2022-10-09T07:08:46.507+0000] {processor.py:156} INFO - Started process (PID=2167) to work on /home/airflow/.local/lib/python3.7/site-packages/airflow/example_dags/example_sla_dag.py
[2022-10-09T07:08:46.509+0000] {processor.py:758} INFO - Processing file /home/airflow/.local/lib/python3.7/site-packages/airflow/example_dags/example_sla_dag.py for tasks to queue
[2022-10-09T07:08:46.510+0000] {logging_mixin.py:117} INFO - [2022-10-09T07:08:46.510+0000] {dagbag.py:525} INFO - Filling up the DagBag from /home/airflow/.local/lib/python3.7/site-packages/airflow/example_dags/example_sla_dag.py
[2022-10-09T07:08:46.532+0000] {processor.py:768} INFO - DAG(s) dict_keys(['example_sla_dag']) retrieved from /home/airflow/.local/lib/python3.7/site-packages/airflow/example_dags/example_sla_dag.py
[2022-10-09T07:08:46.563+0000] {logging_mixin.py:117} INFO - [2022-10-09T07:08:46.563+0000] {dag.py:2573} INFO - Sync 1 DAGs
[2022-10-09T07:08:46.583+0000] {logging_mixin.py:117} INFO - [2022-10-09T07:08:46.583+0000] {dag.py:3328} INFO - Setting next_dagrun for example_sla_dag to 2022-10-09T07:06:00+00:00, run_after=2022-10-09T07:08:00+00:00
[2022-10-09T07:08:46.600+0000] {processor.py:178} INFO - Processing /home/airflow/.local/lib/python3.7/site-packages/airflow/example_dags/example_sla_dag.py took 0.098 seconds
[2022-10-09T07:09:16.753+0000] {processor.py:156} INFO - Started process (PID=2231) to work on /home/airflow/.local/lib/python3.7/site-packages/airflow/example_dags/example_sla_dag.py
[2022-10-09T07:09:16.755+0000] {processor.py:758} INFO - Processing file /home/airflow/.local/lib/python3.7/site-packages/airflow/example_dags/example_sla_dag.py for tasks to queue
[2022-10-09T07:09:16.757+0000] {logging_mixin.py:117} INFO - [2022-10-09T07:09:16.757+0000] {dagbag.py:525} INFO - Filling up the DagBag from /home/airflow/.local/lib/python3.7/site-packages/airflow/example_dags/example_sla_dag.py
[2022-10-09T07:09:16.777+0000] {processor.py:768} INFO - DAG(s) dict_keys(['example_sla_dag']) retrieved from /home/airflow/.local/lib/python3.7/site-packages/airflow/example_dags/example_sla_dag.py
[2022-10-09T07:09:16.802+0000] {logging_mixin.py:117} INFO - [2022-10-09T07:09:16.802+0000] {dag.py:2573} INFO - Sync 1 DAGs
[2022-10-09T07:09:16.817+0000] {logging_mixin.py:117} INFO - [2022-10-09T07:09:16.817+0000] {dag.py:3328} INFO - Setting next_dagrun for example_sla_dag to 2022-10-09T07:06:00+00:00, run_after=2022-10-09T07:08:00+00:00
[2022-10-09T07:09:16.829+0000] {processor.py:178} INFO - Processing /home/airflow/.local/lib/python3.7/site-packages/airflow/example_dags/example_sla_dag.py took 0.083 seconds
[2022-10-09T07:09:47.048+0000] {processor.py:156} INFO - Started process (PID=2293) to work on /home/airflow/.local/lib/python3.7/site-packages/airflow/example_dags/example_sla_dag.py
[2022-10-09T07:09:47.050+0000] {processor.py:758} INFO - Processing file /home/airflow/.local/lib/python3.7/site-packages/airflow/example_dags/example_sla_dag.py for tasks to queue
[2022-10-09T07:09:47.051+0000] {logging_mixin.py:117} INFO - [2022-10-09T07:09:47.051+0000] {dagbag.py:525} INFO - Filling up the DagBag from /home/airflow/.local/lib/python3.7/site-packages/airflow/example_dags/example_sla_dag.py
[2022-10-09T07:09:47.066+0000] {processor.py:768} INFO - DAG(s) dict_keys(['example_sla_dag']) retrieved from /home/airflow/.local/lib/python3.7/site-packages/airflow/example_dags/example_sla_dag.py
[2022-10-09T07:09:47.091+0000] {logging_mixin.py:117} INFO - [2022-10-09T07:09:47.091+0000] {dag.py:2573} INFO - Sync 1 DAGs
[2022-10-09T07:09:47.107+0000] {logging_mixin.py:117} INFO - [2022-10-09T07:09:47.107+0000] {dag.py:3328} INFO - Setting next_dagrun for example_sla_dag to 2022-10-09T07:06:00+00:00, run_after=2022-10-09T07:08:00+00:00
[2022-10-09T07:09:47.120+0000] {processor.py:178} INFO - Processing /home/airflow/.local/lib/python3.7/site-packages/airflow/example_dags/example_sla_dag.py took 0.074 seconds
[2022-10-09T07:10:17.561+0000] {processor.py:156} INFO - Started process (PID=2355) to work on /home/airflow/.local/lib/python3.7/site-packages/airflow/example_dags/example_sla_dag.py
[2022-10-09T07:10:17.563+0000] {processor.py:758} INFO - Processing file /home/airflow/.local/lib/python3.7/site-packages/airflow/example_dags/example_sla_dag.py for tasks to queue
[2022-10-09T07:10:17.564+0000] {logging_mixin.py:117} INFO - [2022-10-09T07:10:17.564+0000] {dagbag.py:525} INFO - Filling up the DagBag from /home/airflow/.local/lib/python3.7/site-packages/airflow/example_dags/example_sla_dag.py
[2022-10-09T07:10:17.596+0000] {processor.py:768} INFO - DAG(s) dict_keys(['example_sla_dag']) retrieved from /home/airflow/.local/lib/python3.7/site-packages/airflow/example_dags/example_sla_dag.py
[2022-10-09T07:10:17.665+0000] {logging_mixin.py:117} INFO - [2022-10-09T07:10:17.665+0000] {dag.py:2573} INFO - Sync 1 DAGs
[2022-10-09T07:10:17.701+0000] {logging_mixin.py:117} INFO - [2022-10-09T07:10:17.701+0000] {dag.py:3328} INFO - Setting next_dagrun for example_sla_dag to 2022-10-09T07:08:00+00:00, run_after=2022-10-09T07:10:00+00:00
[2022-10-09T07:10:17.727+0000] {processor.py:178} INFO - Processing /home/airflow/.local/lib/python3.7/site-packages/airflow/example_dags/example_sla_dag.py took 0.170 seconds
[2022-10-09T07:10:48.088+0000] {processor.py:156} INFO - Started process (PID=2409) to work on /home/airflow/.local/lib/python3.7/site-packages/airflow/example_dags/example_sla_dag.py
[2022-10-09T07:10:48.091+0000] {processor.py:758} INFO - Processing file /home/airflow/.local/lib/python3.7/site-packages/airflow/example_dags/example_sla_dag.py for tasks to queue
[2022-10-09T07:10:48.093+0000] {logging_mixin.py:117} INFO - [2022-10-09T07:10:48.093+0000] {dagbag.py:525} INFO - Filling up the DagBag from /home/airflow/.local/lib/python3.7/site-packages/airflow/example_dags/example_sla_dag.py
[2022-10-09T07:10:48.121+0000] {processor.py:768} INFO - DAG(s) dict_keys(['example_sla_dag']) retrieved from /home/airflow/.local/lib/python3.7/site-packages/airflow/example_dags/example_sla_dag.py
[2022-10-09T07:10:48.157+0000] {logging_mixin.py:117} INFO - [2022-10-09T07:10:48.157+0000] {dag.py:2573} INFO - Sync 1 DAGs
[2022-10-09T07:10:48.181+0000] {logging_mixin.py:117} INFO - [2022-10-09T07:10:48.181+0000] {dag.py:3328} INFO - Setting next_dagrun for example_sla_dag to 2022-10-09T07:08:00+00:00, run_after=2022-10-09T07:10:00+00:00
[2022-10-09T07:10:48.197+0000] {processor.py:178} INFO - Processing /home/airflow/.local/lib/python3.7/site-packages/airflow/example_dags/example_sla_dag.py took 0.117 seconds
[2022-10-09T07:11:18.663+0000] {processor.py:156} INFO - Started process (PID=2472) to work on /home/airflow/.local/lib/python3.7/site-packages/airflow/example_dags/example_sla_dag.py
[2022-10-09T07:11:18.668+0000] {processor.py:758} INFO - Processing file /home/airflow/.local/lib/python3.7/site-packages/airflow/example_dags/example_sla_dag.py for tasks to queue
[2022-10-09T07:11:18.670+0000] {logging_mixin.py:117} INFO - [2022-10-09T07:11:18.670+0000] {dagbag.py:525} INFO - Filling up the DagBag from /home/airflow/.local/lib/python3.7/site-packages/airflow/example_dags/example_sla_dag.py
[2022-10-09T07:11:18.697+0000] {processor.py:768} INFO - DAG(s) dict_keys(['example_sla_dag']) retrieved from /home/airflow/.local/lib/python3.7/site-packages/airflow/example_dags/example_sla_dag.py
[2022-10-09T07:11:18.727+0000] {logging_mixin.py:117} INFO - [2022-10-09T07:11:18.727+0000] {dag.py:2573} INFO - Sync 1 DAGs
[2022-10-09T07:11:18.745+0000] {logging_mixin.py:117} INFO - [2022-10-09T07:11:18.745+0000] {dag.py:3328} INFO - Setting next_dagrun for example_sla_dag to 2022-10-09T07:08:00+00:00, run_after=2022-10-09T07:10:00+00:00
[2022-10-09T07:11:18.759+0000] {processor.py:178} INFO - Processing /home/airflow/.local/lib/python3.7/site-packages/airflow/example_dags/example_sla_dag.py took 0.103 seconds
[2022-10-09T07:11:49.239+0000] {processor.py:156} INFO - Started process (PID=2535) to work on /home/airflow/.local/lib/python3.7/site-packages/airflow/example_dags/example_sla_dag.py
[2022-10-09T07:11:49.242+0000] {processor.py:758} INFO - Processing file /home/airflow/.local/lib/python3.7/site-packages/airflow/example_dags/example_sla_dag.py for tasks to queue
[2022-10-09T07:11:49.243+0000] {logging_mixin.py:117} INFO - [2022-10-09T07:11:49.243+0000] {dagbag.py:525} INFO - Filling up the DagBag from /home/airflow/.local/lib/python3.7/site-packages/airflow/example_dags/example_sla_dag.py
[2022-10-09T07:11:49.271+0000] {processor.py:768} INFO - DAG(s) dict_keys(['example_sla_dag']) retrieved from /home/airflow/.local/lib/python3.7/site-packages/airflow/example_dags/example_sla_dag.py
[2022-10-09T07:11:49.301+0000] {logging_mixin.py:117} INFO - [2022-10-09T07:11:49.301+0000] {dag.py:2573} INFO - Sync 1 DAGs
[2022-10-09T07:11:49.319+0000] {logging_mixin.py:117} INFO - [2022-10-09T07:11:49.319+0000] {dag.py:3328} INFO - Setting next_dagrun for example_sla_dag to 2022-10-09T07:08:00+00:00, run_after=2022-10-09T07:10:00+00:00
[2022-10-09T07:11:49.332+0000] {processor.py:178} INFO - Processing /home/airflow/.local/lib/python3.7/site-packages/airflow/example_dags/example_sla_dag.py took 0.100 seconds
[2022-10-09T07:12:20.339+0000] {processor.py:156} INFO - Started process (PID=2598) to work on /home/airflow/.local/lib/python3.7/site-packages/airflow/example_dags/example_sla_dag.py
[2022-10-09T07:12:20.342+0000] {processor.py:758} INFO - Processing file /home/airflow/.local/lib/python3.7/site-packages/airflow/example_dags/example_sla_dag.py for tasks to queue
[2022-10-09T07:12:20.343+0000] {logging_mixin.py:117} INFO - [2022-10-09T07:12:20.343+0000] {dagbag.py:525} INFO - Filling up the DagBag from /home/airflow/.local/lib/python3.7/site-packages/airflow/example_dags/example_sla_dag.py
[2022-10-09T07:12:20.366+0000] {processor.py:768} INFO - DAG(s) dict_keys(['example_sla_dag']) retrieved from /home/airflow/.local/lib/python3.7/site-packages/airflow/example_dags/example_sla_dag.py
[2022-10-09T07:12:20.390+0000] {logging_mixin.py:117} INFO - [2022-10-09T07:12:20.390+0000] {dag.py:2573} INFO - Sync 1 DAGs
[2022-10-09T07:12:20.406+0000] {logging_mixin.py:117} INFO - [2022-10-09T07:12:20.406+0000] {dag.py:3328} INFO - Setting next_dagrun for example_sla_dag to 2022-10-09T07:10:00+00:00, run_after=2022-10-09T07:12:00+00:00
[2022-10-09T07:12:20.419+0000] {processor.py:178} INFO - Processing /home/airflow/.local/lib/python3.7/site-packages/airflow/example_dags/example_sla_dag.py took 0.083 seconds
[2022-10-09T07:12:50.611+0000] {processor.py:156} INFO - Started process (PID=2661) to work on /home/airflow/.local/lib/python3.7/site-packages/airflow/example_dags/example_sla_dag.py
[2022-10-09T07:12:50.614+0000] {processor.py:758} INFO - Processing file /home/airflow/.local/lib/python3.7/site-packages/airflow/example_dags/example_sla_dag.py for tasks to queue
[2022-10-09T07:12:50.616+0000] {logging_mixin.py:117} INFO - [2022-10-09T07:12:50.616+0000] {dagbag.py:525} INFO - Filling up the DagBag from /home/airflow/.local/lib/python3.7/site-packages/airflow/example_dags/example_sla_dag.py
[2022-10-09T07:12:50.647+0000] {processor.py:768} INFO - DAG(s) dict_keys(['example_sla_dag']) retrieved from /home/airflow/.local/lib/python3.7/site-packages/airflow/example_dags/example_sla_dag.py
[2022-10-09T07:12:50.694+0000] {logging_mixin.py:117} INFO - [2022-10-09T07:12:50.694+0000] {dag.py:2573} INFO - Sync 1 DAGs
[2022-10-09T07:12:50.720+0000] {logging_mixin.py:117} INFO - [2022-10-09T07:12:50.720+0000] {dag.py:3328} INFO - Setting next_dagrun for example_sla_dag to 2022-10-09T07:10:00+00:00, run_after=2022-10-09T07:12:00+00:00
[2022-10-09T07:12:50.737+0000] {processor.py:178} INFO - Processing /home/airflow/.local/lib/python3.7/site-packages/airflow/example_dags/example_sla_dag.py took 0.133 seconds
[2022-10-09T07:13:21.010+0000] {processor.py:156} INFO - Started process (PID=2715) to work on /home/airflow/.local/lib/python3.7/site-packages/airflow/example_dags/example_sla_dag.py
[2022-10-09T07:13:21.014+0000] {processor.py:758} INFO - Processing file /home/airflow/.local/lib/python3.7/site-packages/airflow/example_dags/example_sla_dag.py for tasks to queue
[2022-10-09T07:13:21.016+0000] {logging_mixin.py:117} INFO - [2022-10-09T07:13:21.016+0000] {dagbag.py:525} INFO - Filling up the DagBag from /home/airflow/.local/lib/python3.7/site-packages/airflow/example_dags/example_sla_dag.py
[2022-10-09T07:13:21.044+0000] {processor.py:768} INFO - DAG(s) dict_keys(['example_sla_dag']) retrieved from /home/airflow/.local/lib/python3.7/site-packages/airflow/example_dags/example_sla_dag.py
[2022-10-09T07:13:21.109+0000] {logging_mixin.py:117} INFO - [2022-10-09T07:13:21.109+0000] {dag.py:2573} INFO - Sync 1 DAGs
[2022-10-09T07:13:21.127+0000] {logging_mixin.py:117} INFO - [2022-10-09T07:13:21.127+0000] {dag.py:3328} INFO - Setting next_dagrun for example_sla_dag to 2022-10-09T07:10:00+00:00, run_after=2022-10-09T07:12:00+00:00
[2022-10-09T07:13:21.143+0000] {processor.py:178} INFO - Processing /home/airflow/.local/lib/python3.7/site-packages/airflow/example_dags/example_sla_dag.py took 0.139 seconds
[2022-10-09T07:13:51.548+0000] {processor.py:156} INFO - Started process (PID=2778) to work on /home/airflow/.local/lib/python3.7/site-packages/airflow/example_dags/example_sla_dag.py
[2022-10-09T07:13:51.552+0000] {processor.py:758} INFO - Processing file /home/airflow/.local/lib/python3.7/site-packages/airflow/example_dags/example_sla_dag.py for tasks to queue
[2022-10-09T07:13:51.557+0000] {logging_mixin.py:117} INFO - [2022-10-09T07:13:51.556+0000] {dagbag.py:525} INFO - Filling up the DagBag from /home/airflow/.local/lib/python3.7/site-packages/airflow/example_dags/example_sla_dag.py
[2022-10-09T07:13:51.595+0000] {processor.py:768} INFO - DAG(s) dict_keys(['example_sla_dag']) retrieved from /home/airflow/.local/lib/python3.7/site-packages/airflow/example_dags/example_sla_dag.py
[2022-10-09T07:13:51.632+0000] {logging_mixin.py:117} INFO - [2022-10-09T07:13:51.632+0000] {dag.py:2573} INFO - Sync 1 DAGs
[2022-10-09T07:13:51.651+0000] {logging_mixin.py:117} INFO - [2022-10-09T07:13:51.651+0000] {dag.py:3328} INFO - Setting next_dagrun for example_sla_dag to 2022-10-09T07:10:00+00:00, run_after=2022-10-09T07:12:00+00:00
[2022-10-09T07:13:51.665+0000] {processor.py:178} INFO - Processing /home/airflow/.local/lib/python3.7/site-packages/airflow/example_dags/example_sla_dag.py took 0.122 seconds
[2022-10-09T07:14:21.994+0000] {processor.py:156} INFO - Started process (PID=2840) to work on /home/airflow/.local/lib/python3.7/site-packages/airflow/example_dags/example_sla_dag.py
[2022-10-09T07:14:21.997+0000] {processor.py:758} INFO - Processing file /home/airflow/.local/lib/python3.7/site-packages/airflow/example_dags/example_sla_dag.py for tasks to queue
[2022-10-09T07:14:21.999+0000] {logging_mixin.py:117} INFO - [2022-10-09T07:14:21.999+0000] {dagbag.py:525} INFO - Filling up the DagBag from /home/airflow/.local/lib/python3.7/site-packages/airflow/example_dags/example_sla_dag.py
[2022-10-09T07:14:22.025+0000] {processor.py:768} INFO - DAG(s) dict_keys(['example_sla_dag']) retrieved from /home/airflow/.local/lib/python3.7/site-packages/airflow/example_dags/example_sla_dag.py
[2022-10-09T07:14:22.071+0000] {logging_mixin.py:117} INFO - [2022-10-09T07:14:22.071+0000] {dag.py:2573} INFO - Sync 1 DAGs
[2022-10-09T07:14:22.092+0000] {logging_mixin.py:117} INFO - [2022-10-09T07:14:22.092+0000] {dag.py:3328} INFO - Setting next_dagrun for example_sla_dag to 2022-10-09T07:12:00+00:00, run_after=2022-10-09T07:14:00+00:00
[2022-10-09T07:14:22.107+0000] {processor.py:178} INFO - Processing /home/airflow/.local/lib/python3.7/site-packages/airflow/example_dags/example_sla_dag.py took 0.123 seconds
[2022-10-09T07:14:52.338+0000] {processor.py:156} INFO - Started process (PID=2904) to work on /home/airflow/.local/lib/python3.7/site-packages/airflow/example_dags/example_sla_dag.py
[2022-10-09T07:14:52.346+0000] {processor.py:758} INFO - Processing file /home/airflow/.local/lib/python3.7/site-packages/airflow/example_dags/example_sla_dag.py for tasks to queue
[2022-10-09T07:14:52.350+0000] {logging_mixin.py:117} INFO - [2022-10-09T07:14:52.350+0000] {dagbag.py:525} INFO - Filling up the DagBag from /home/airflow/.local/lib/python3.7/site-packages/airflow/example_dags/example_sla_dag.py
[2022-10-09T07:14:52.377+0000] {processor.py:768} INFO - DAG(s) dict_keys(['example_sla_dag']) retrieved from /home/airflow/.local/lib/python3.7/site-packages/airflow/example_dags/example_sla_dag.py
[2022-10-09T07:14:52.416+0000] {logging_mixin.py:117} INFO - [2022-10-09T07:14:52.416+0000] {dag.py:2573} INFO - Sync 1 DAGs
[2022-10-09T07:14:52.452+0000] {logging_mixin.py:117} INFO - [2022-10-09T07:14:52.452+0000] {dag.py:3328} INFO - Setting next_dagrun for example_sla_dag to 2022-10-09T07:12:00+00:00, run_after=2022-10-09T07:14:00+00:00
[2022-10-09T07:14:52.478+0000] {processor.py:178} INFO - Processing /home/airflow/.local/lib/python3.7/site-packages/airflow/example_dags/example_sla_dag.py took 0.147 seconds
[2022-10-09T07:15:22.633+0000] {processor.py:156} INFO - Started process (PID=2967) to work on /home/airflow/.local/lib/python3.7/site-packages/airflow/example_dags/example_sla_dag.py
[2022-10-09T07:15:22.634+0000] {processor.py:758} INFO - Processing file /home/airflow/.local/lib/python3.7/site-packages/airflow/example_dags/example_sla_dag.py for tasks to queue
[2022-10-09T07:15:22.636+0000] {logging_mixin.py:117} INFO - [2022-10-09T07:15:22.636+0000] {dagbag.py:525} INFO - Filling up the DagBag from /home/airflow/.local/lib/python3.7/site-packages/airflow/example_dags/example_sla_dag.py
[2022-10-09T07:15:22.651+0000] {processor.py:768} INFO - DAG(s) dict_keys(['example_sla_dag']) retrieved from /home/airflow/.local/lib/python3.7/site-packages/airflow/example_dags/example_sla_dag.py
[2022-10-09T07:15:22.679+0000] {logging_mixin.py:117} INFO - [2022-10-09T07:15:22.679+0000] {dag.py:2573} INFO - Sync 1 DAGs
[2022-10-09T07:15:22.697+0000] {logging_mixin.py:117} INFO - [2022-10-09T07:15:22.697+0000] {dag.py:3328} INFO - Setting next_dagrun for example_sla_dag to 2022-10-09T07:12:00+00:00, run_after=2022-10-09T07:14:00+00:00
[2022-10-09T07:15:22.719+0000] {processor.py:178} INFO - Processing /home/airflow/.local/lib/python3.7/site-packages/airflow/example_dags/example_sla_dag.py took 0.089 seconds
[2022-10-09T07:15:52.897+0000] {processor.py:156} INFO - Started process (PID=3030) to work on /home/airflow/.local/lib/python3.7/site-packages/airflow/example_dags/example_sla_dag.py
[2022-10-09T07:15:52.899+0000] {processor.py:758} INFO - Processing file /home/airflow/.local/lib/python3.7/site-packages/airflow/example_dags/example_sla_dag.py for tasks to queue
[2022-10-09T07:15:52.900+0000] {logging_mixin.py:117} INFO - [2022-10-09T07:15:52.900+0000] {dagbag.py:525} INFO - Filling up the DagBag from /home/airflow/.local/lib/python3.7/site-packages/airflow/example_dags/example_sla_dag.py
[2022-10-09T07:15:52.916+0000] {processor.py:768} INFO - DAG(s) dict_keys(['example_sla_dag']) retrieved from /home/airflow/.local/lib/python3.7/site-packages/airflow/example_dags/example_sla_dag.py
[2022-10-09T07:15:52.950+0000] {logging_mixin.py:117} INFO - [2022-10-09T07:15:52.950+0000] {dag.py:2573} INFO - Sync 1 DAGs
[2022-10-09T07:15:52.974+0000] {logging_mixin.py:117} INFO - [2022-10-09T07:15:52.974+0000] {dag.py:3328} INFO - Setting next_dagrun for example_sla_dag to 2022-10-09T07:12:00+00:00, run_after=2022-10-09T07:14:00+00:00
[2022-10-09T07:15:52.990+0000] {processor.py:178} INFO - Processing /home/airflow/.local/lib/python3.7/site-packages/airflow/example_dags/example_sla_dag.py took 0.095 seconds
[2022-10-09T07:16:23.311+0000] {processor.py:156} INFO - Started process (PID=3084) to work on /home/airflow/.local/lib/python3.7/site-packages/airflow/example_dags/example_sla_dag.py
[2022-10-09T07:16:23.315+0000] {processor.py:758} INFO - Processing file /home/airflow/.local/lib/python3.7/site-packages/airflow/example_dags/example_sla_dag.py for tasks to queue
[2022-10-09T07:16:23.317+0000] {logging_mixin.py:117} INFO - [2022-10-09T07:16:23.317+0000] {dagbag.py:525} INFO - Filling up the DagBag from /home/airflow/.local/lib/python3.7/site-packages/airflow/example_dags/example_sla_dag.py
[2022-10-09T07:16:23.340+0000] {processor.py:768} INFO - DAG(s) dict_keys(['example_sla_dag']) retrieved from /home/airflow/.local/lib/python3.7/site-packages/airflow/example_dags/example_sla_dag.py
[2022-10-09T07:16:23.364+0000] {logging_mixin.py:117} INFO - [2022-10-09T07:16:23.364+0000] {dag.py:2573} INFO - Sync 1 DAGs
[2022-10-09T07:16:23.381+0000] {logging_mixin.py:117} INFO - [2022-10-09T07:16:23.380+0000] {dag.py:3328} INFO - Setting next_dagrun for example_sla_dag to 2022-10-09T07:14:00+00:00, run_after=2022-10-09T07:16:00+00:00
[2022-10-09T07:16:23.394+0000] {processor.py:178} INFO - Processing /home/airflow/.local/lib/python3.7/site-packages/airflow/example_dags/example_sla_dag.py took 0.087 seconds
[2022-10-09T07:16:53.617+0000] {processor.py:156} INFO - Started process (PID=3146) to work on /home/airflow/.local/lib/python3.7/site-packages/airflow/example_dags/example_sla_dag.py
[2022-10-09T07:16:53.620+0000] {processor.py:758} INFO - Processing file /home/airflow/.local/lib/python3.7/site-packages/airflow/example_dags/example_sla_dag.py for tasks to queue
[2022-10-09T07:16:53.621+0000] {logging_mixin.py:117} INFO - [2022-10-09T07:16:53.621+0000] {dagbag.py:525} INFO - Filling up the DagBag from /home/airflow/.local/lib/python3.7/site-packages/airflow/example_dags/example_sla_dag.py
[2022-10-09T07:16:53.638+0000] {processor.py:768} INFO - DAG(s) dict_keys(['example_sla_dag']) retrieved from /home/airflow/.local/lib/python3.7/site-packages/airflow/example_dags/example_sla_dag.py
[2022-10-09T07:16:53.662+0000] {logging_mixin.py:117} INFO - [2022-10-09T07:16:53.662+0000] {dag.py:2573} INFO - Sync 1 DAGs
[2022-10-09T07:16:53.679+0000] {logging_mixin.py:117} INFO - [2022-10-09T07:16:53.679+0000] {dag.py:3328} INFO - Setting next_dagrun for example_sla_dag to 2022-10-09T07:14:00+00:00, run_after=2022-10-09T07:16:00+00:00
[2022-10-09T07:16:53.690+0000] {processor.py:178} INFO - Processing /home/airflow/.local/lib/python3.7/site-packages/airflow/example_dags/example_sla_dag.py took 0.076 seconds
[2022-10-09T07:17:23.827+0000] {processor.py:156} INFO - Started process (PID=3209) to work on /home/airflow/.local/lib/python3.7/site-packages/airflow/example_dags/example_sla_dag.py
[2022-10-09T07:17:23.837+0000] {processor.py:758} INFO - Processing file /home/airflow/.local/lib/python3.7/site-packages/airflow/example_dags/example_sla_dag.py for tasks to queue
[2022-10-09T07:17:23.839+0000] {logging_mixin.py:117} INFO - [2022-10-09T07:17:23.838+0000] {dagbag.py:525} INFO - Filling up the DagBag from /home/airflow/.local/lib/python3.7/site-packages/airflow/example_dags/example_sla_dag.py
[2022-10-09T07:17:23.858+0000] {processor.py:768} INFO - DAG(s) dict_keys(['example_sla_dag']) retrieved from /home/airflow/.local/lib/python3.7/site-packages/airflow/example_dags/example_sla_dag.py
[2022-10-09T07:17:23.908+0000] {logging_mixin.py:117} INFO - [2022-10-09T07:17:23.908+0000] {dag.py:2573} INFO - Sync 1 DAGs
[2022-10-09T07:17:23.939+0000] {logging_mixin.py:117} INFO - [2022-10-09T07:17:23.938+0000] {dag.py:3328} INFO - Setting next_dagrun for example_sla_dag to 2022-10-09T07:14:00+00:00, run_after=2022-10-09T07:16:00+00:00
[2022-10-09T07:17:23.953+0000] {processor.py:178} INFO - Processing /home/airflow/.local/lib/python3.7/site-packages/airflow/example_dags/example_sla_dag.py took 0.136 seconds
[2022-10-09T07:17:54.677+0000] {processor.py:156} INFO - Started process (PID=3270) to work on /home/airflow/.local/lib/python3.7/site-packages/airflow/example_dags/example_sla_dag.py
[2022-10-09T07:17:54.680+0000] {processor.py:758} INFO - Processing file /home/airflow/.local/lib/python3.7/site-packages/airflow/example_dags/example_sla_dag.py for tasks to queue
[2022-10-09T07:17:54.682+0000] {logging_mixin.py:117} INFO - [2022-10-09T07:17:54.682+0000] {dagbag.py:525} INFO - Filling up the DagBag from /home/airflow/.local/lib/python3.7/site-packages/airflow/example_dags/example_sla_dag.py
[2022-10-09T07:17:54.707+0000] {processor.py:768} INFO - DAG(s) dict_keys(['example_sla_dag']) retrieved from /home/airflow/.local/lib/python3.7/site-packages/airflow/example_dags/example_sla_dag.py
[2022-10-09T07:17:54.742+0000] {logging_mixin.py:117} INFO - [2022-10-09T07:17:54.742+0000] {dag.py:2573} INFO - Sync 1 DAGs
[2022-10-09T07:17:54.765+0000] {logging_mixin.py:117} INFO - [2022-10-09T07:17:54.765+0000] {dag.py:3328} INFO - Setting next_dagrun for example_sla_dag to 2022-10-09T07:14:00+00:00, run_after=2022-10-09T07:16:00+00:00
[2022-10-09T07:17:54.779+0000] {processor.py:178} INFO - Processing /home/airflow/.local/lib/python3.7/site-packages/airflow/example_dags/example_sla_dag.py took 0.110 seconds
[2022-10-09T07:18:24.901+0000] {processor.py:156} INFO - Started process (PID=3333) to work on /home/airflow/.local/lib/python3.7/site-packages/airflow/example_dags/example_sla_dag.py
[2022-10-09T07:18:24.904+0000] {processor.py:758} INFO - Processing file /home/airflow/.local/lib/python3.7/site-packages/airflow/example_dags/example_sla_dag.py for tasks to queue
[2022-10-09T07:18:24.906+0000] {logging_mixin.py:117} INFO - [2022-10-09T07:18:24.906+0000] {dagbag.py:525} INFO - Filling up the DagBag from /home/airflow/.local/lib/python3.7/site-packages/airflow/example_dags/example_sla_dag.py
[2022-10-09T07:18:24.930+0000] {processor.py:768} INFO - DAG(s) dict_keys(['example_sla_dag']) retrieved from /home/airflow/.local/lib/python3.7/site-packages/airflow/example_dags/example_sla_dag.py
[2022-10-09T07:18:24.956+0000] {logging_mixin.py:117} INFO - [2022-10-09T07:18:24.955+0000] {dag.py:2573} INFO - Sync 1 DAGs
[2022-10-09T07:18:24.973+0000] {logging_mixin.py:117} INFO - [2022-10-09T07:18:24.973+0000] {dag.py:3328} INFO - Setting next_dagrun for example_sla_dag to 2022-10-09T07:16:00+00:00, run_after=2022-10-09T07:18:00+00:00
[2022-10-09T07:18:24.987+0000] {processor.py:178} INFO - Processing /home/airflow/.local/lib/python3.7/site-packages/airflow/example_dags/example_sla_dag.py took 0.092 seconds
[2022-10-09T07:18:55.296+0000] {processor.py:156} INFO - Started process (PID=3387) to work on /home/airflow/.local/lib/python3.7/site-packages/airflow/example_dags/example_sla_dag.py
[2022-10-09T07:18:55.299+0000] {processor.py:758} INFO - Processing file /home/airflow/.local/lib/python3.7/site-packages/airflow/example_dags/example_sla_dag.py for tasks to queue
[2022-10-09T07:18:55.300+0000] {logging_mixin.py:117} INFO - [2022-10-09T07:18:55.300+0000] {dagbag.py:525} INFO - Filling up the DagBag from /home/airflow/.local/lib/python3.7/site-packages/airflow/example_dags/example_sla_dag.py
[2022-10-09T07:18:55.321+0000] {processor.py:768} INFO - DAG(s) dict_keys(['example_sla_dag']) retrieved from /home/airflow/.local/lib/python3.7/site-packages/airflow/example_dags/example_sla_dag.py
[2022-10-09T07:18:55.351+0000] {logging_mixin.py:117} INFO - [2022-10-09T07:18:55.350+0000] {dag.py:2573} INFO - Sync 1 DAGs
[2022-10-09T07:18:55.369+0000] {logging_mixin.py:117} INFO - [2022-10-09T07:18:55.369+0000] {dag.py:3328} INFO - Setting next_dagrun for example_sla_dag to 2022-10-09T07:16:00+00:00, run_after=2022-10-09T07:18:00+00:00
[2022-10-09T07:18:55.383+0000] {processor.py:178} INFO - Processing /home/airflow/.local/lib/python3.7/site-packages/airflow/example_dags/example_sla_dag.py took 0.091 seconds
[2022-10-09T07:19:25.498+0000] {processor.py:156} INFO - Started process (PID=3449) to work on /home/airflow/.local/lib/python3.7/site-packages/airflow/example_dags/example_sla_dag.py
[2022-10-09T07:19:25.501+0000] {processor.py:758} INFO - Processing file /home/airflow/.local/lib/python3.7/site-packages/airflow/example_dags/example_sla_dag.py for tasks to queue
[2022-10-09T07:19:25.502+0000] {logging_mixin.py:117} INFO - [2022-10-09T07:19:25.502+0000] {dagbag.py:525} INFO - Filling up the DagBag from /home/airflow/.local/lib/python3.7/site-packages/airflow/example_dags/example_sla_dag.py
[2022-10-09T07:19:25.529+0000] {processor.py:768} INFO - DAG(s) dict_keys(['example_sla_dag']) retrieved from /home/airflow/.local/lib/python3.7/site-packages/airflow/example_dags/example_sla_dag.py
[2022-10-09T07:19:25.570+0000] {logging_mixin.py:117} INFO - [2022-10-09T07:19:25.570+0000] {dag.py:2573} INFO - Sync 1 DAGs
[2022-10-09T07:19:25.589+0000] {logging_mixin.py:117} INFO - [2022-10-09T07:19:25.589+0000] {dag.py:3328} INFO - Setting next_dagrun for example_sla_dag to 2022-10-09T07:16:00+00:00, run_after=2022-10-09T07:18:00+00:00
[2022-10-09T07:19:25.603+0000] {processor.py:178} INFO - Processing /home/airflow/.local/lib/python3.7/site-packages/airflow/example_dags/example_sla_dag.py took 0.109 seconds
[2022-10-09T07:19:55.788+0000] {processor.py:156} INFO - Started process (PID=3513) to work on /home/airflow/.local/lib/python3.7/site-packages/airflow/example_dags/example_sla_dag.py
[2022-10-09T07:19:55.791+0000] {processor.py:758} INFO - Processing file /home/airflow/.local/lib/python3.7/site-packages/airflow/example_dags/example_sla_dag.py for tasks to queue
[2022-10-09T07:19:55.793+0000] {logging_mixin.py:117} INFO - [2022-10-09T07:19:55.793+0000] {dagbag.py:525} INFO - Filling up the DagBag from /home/airflow/.local/lib/python3.7/site-packages/airflow/example_dags/example_sla_dag.py
[2022-10-09T07:19:55.817+0000] {processor.py:768} INFO - DAG(s) dict_keys(['example_sla_dag']) retrieved from /home/airflow/.local/lib/python3.7/site-packages/airflow/example_dags/example_sla_dag.py
[2022-10-09T07:19:55.865+0000] {logging_mixin.py:117} INFO - [2022-10-09T07:19:55.865+0000] {dag.py:2573} INFO - Sync 1 DAGs
[2022-10-09T07:19:55.885+0000] {logging_mixin.py:117} INFO - [2022-10-09T07:19:55.885+0000] {dag.py:3328} INFO - Setting next_dagrun for example_sla_dag to 2022-10-09T07:16:00+00:00, run_after=2022-10-09T07:18:00+00:00
[2022-10-09T07:19:55.898+0000] {processor.py:178} INFO - Processing /home/airflow/.local/lib/python3.7/site-packages/airflow/example_dags/example_sla_dag.py took 0.116 seconds
[2022-10-09T07:20:26.265+0000] {processor.py:156} INFO - Started process (PID=3576) to work on /home/airflow/.local/lib/python3.7/site-packages/airflow/example_dags/example_sla_dag.py
[2022-10-09T07:20:26.268+0000] {processor.py:758} INFO - Processing file /home/airflow/.local/lib/python3.7/site-packages/airflow/example_dags/example_sla_dag.py for tasks to queue
[2022-10-09T07:20:26.269+0000] {logging_mixin.py:117} INFO - [2022-10-09T07:20:26.269+0000] {dagbag.py:525} INFO - Filling up the DagBag from /home/airflow/.local/lib/python3.7/site-packages/airflow/example_dags/example_sla_dag.py
[2022-10-09T07:20:26.297+0000] {processor.py:768} INFO - DAG(s) dict_keys(['example_sla_dag']) retrieved from /home/airflow/.local/lib/python3.7/site-packages/airflow/example_dags/example_sla_dag.py
[2022-10-09T07:20:26.336+0000] {logging_mixin.py:117} INFO - [2022-10-09T07:20:26.335+0000] {dag.py:2573} INFO - Sync 1 DAGs
[2022-10-09T07:20:26.358+0000] {logging_mixin.py:117} INFO - [2022-10-09T07:20:26.358+0000] {dag.py:3328} INFO - Setting next_dagrun for example_sla_dag to 2022-10-09T07:18:00+00:00, run_after=2022-10-09T07:20:00+00:00
[2022-10-09T07:20:26.377+0000] {processor.py:178} INFO - Processing /home/airflow/.local/lib/python3.7/site-packages/airflow/example_dags/example_sla_dag.py took 0.116 seconds
[2022-10-09T07:20:56.986+0000] {processor.py:156} INFO - Started process (PID=3639) to work on /home/airflow/.local/lib/python3.7/site-packages/airflow/example_dags/example_sla_dag.py
[2022-10-09T07:20:57.025+0000] {processor.py:758} INFO - Processing file /home/airflow/.local/lib/python3.7/site-packages/airflow/example_dags/example_sla_dag.py for tasks to queue
[2022-10-09T07:20:57.032+0000] {logging_mixin.py:117} INFO - [2022-10-09T07:20:57.032+0000] {dagbag.py:525} INFO - Filling up the DagBag from /home/airflow/.local/lib/python3.7/site-packages/airflow/example_dags/example_sla_dag.py
[2022-10-09T07:20:57.075+0000] {processor.py:768} INFO - DAG(s) dict_keys(['example_sla_dag']) retrieved from /home/airflow/.local/lib/python3.7/site-packages/airflow/example_dags/example_sla_dag.py
[2022-10-09T07:20:57.120+0000] {logging_mixin.py:117} INFO - [2022-10-09T07:20:57.120+0000] {dag.py:2573} INFO - Sync 1 DAGs
[2022-10-09T07:20:57.143+0000] {logging_mixin.py:117} INFO - [2022-10-09T07:20:57.142+0000] {dag.py:3328} INFO - Setting next_dagrun for example_sla_dag to 2022-10-09T07:18:00+00:00, run_after=2022-10-09T07:20:00+00:00
[2022-10-09T07:20:57.157+0000] {processor.py:178} INFO - Processing /home/airflow/.local/lib/python3.7/site-packages/airflow/example_dags/example_sla_dag.py took 0.183 seconds
[2022-10-09T07:21:27.382+0000] {processor.py:156} INFO - Started process (PID=3693) to work on /home/airflow/.local/lib/python3.7/site-packages/airflow/example_dags/example_sla_dag.py
[2022-10-09T07:21:27.385+0000] {processor.py:758} INFO - Processing file /home/airflow/.local/lib/python3.7/site-packages/airflow/example_dags/example_sla_dag.py for tasks to queue
[2022-10-09T07:21:27.387+0000] {logging_mixin.py:117} INFO - [2022-10-09T07:21:27.387+0000] {dagbag.py:525} INFO - Filling up the DagBag from /home/airflow/.local/lib/python3.7/site-packages/airflow/example_dags/example_sla_dag.py
[2022-10-09T07:21:27.417+0000] {processor.py:768} INFO - DAG(s) dict_keys(['example_sla_dag']) retrieved from /home/airflow/.local/lib/python3.7/site-packages/airflow/example_dags/example_sla_dag.py
[2022-10-09T07:21:27.504+0000] {logging_mixin.py:117} INFO - [2022-10-09T07:21:27.503+0000] {dag.py:2573} INFO - Sync 1 DAGs
[2022-10-09T07:21:27.533+0000] {logging_mixin.py:117} INFO - [2022-10-09T07:21:27.533+0000] {dag.py:3328} INFO - Setting next_dagrun for example_sla_dag to 2022-10-09T07:18:00+00:00, run_after=2022-10-09T07:20:00+00:00
[2022-10-09T07:21:27.554+0000] {processor.py:178} INFO - Processing /home/airflow/.local/lib/python3.7/site-packages/airflow/example_dags/example_sla_dag.py took 0.178 seconds
[2022-10-09T07:21:57.845+0000] {processor.py:156} INFO - Started process (PID=3754) to work on /home/airflow/.local/lib/python3.7/site-packages/airflow/example_dags/example_sla_dag.py
[2022-10-09T07:21:57.848+0000] {processor.py:758} INFO - Processing file /home/airflow/.local/lib/python3.7/site-packages/airflow/example_dags/example_sla_dag.py for tasks to queue
[2022-10-09T07:21:57.851+0000] {logging_mixin.py:117} INFO - [2022-10-09T07:21:57.850+0000] {dagbag.py:525} INFO - Filling up the DagBag from /home/airflow/.local/lib/python3.7/site-packages/airflow/example_dags/example_sla_dag.py
[2022-10-09T07:21:57.888+0000] {processor.py:768} INFO - DAG(s) dict_keys(['example_sla_dag']) retrieved from /home/airflow/.local/lib/python3.7/site-packages/airflow/example_dags/example_sla_dag.py
[2022-10-09T07:21:57.946+0000] {logging_mixin.py:117} INFO - [2022-10-09T07:21:57.946+0000] {dag.py:2573} INFO - Sync 1 DAGs
[2022-10-09T07:21:57.976+0000] {logging_mixin.py:117} INFO - [2022-10-09T07:21:57.976+0000] {dag.py:3328} INFO - Setting next_dagrun for example_sla_dag to 2022-10-09T07:18:00+00:00, run_after=2022-10-09T07:20:00+00:00
[2022-10-09T07:21:57.992+0000] {processor.py:178} INFO - Processing /home/airflow/.local/lib/python3.7/site-packages/airflow/example_dags/example_sla_dag.py took 0.153 seconds
[2022-10-09T07:22:28.267+0000] {processor.py:156} INFO - Started process (PID=3817) to work on /home/airflow/.local/lib/python3.7/site-packages/airflow/example_dags/example_sla_dag.py
[2022-10-09T07:22:28.271+0000] {processor.py:758} INFO - Processing file /home/airflow/.local/lib/python3.7/site-packages/airflow/example_dags/example_sla_dag.py for tasks to queue
[2022-10-09T07:22:28.273+0000] {logging_mixin.py:117} INFO - [2022-10-09T07:22:28.273+0000] {dagbag.py:525} INFO - Filling up the DagBag from /home/airflow/.local/lib/python3.7/site-packages/airflow/example_dags/example_sla_dag.py
[2022-10-09T07:22:28.297+0000] {processor.py:768} INFO - DAG(s) dict_keys(['example_sla_dag']) retrieved from /home/airflow/.local/lib/python3.7/site-packages/airflow/example_dags/example_sla_dag.py
[2022-10-09T07:22:28.340+0000] {logging_mixin.py:117} INFO - [2022-10-09T07:22:28.340+0000] {dag.py:2573} INFO - Sync 1 DAGs
[2022-10-09T07:22:28.361+0000] {logging_mixin.py:117} INFO - [2022-10-09T07:22:28.361+0000] {dag.py:3328} INFO - Setting next_dagrun for example_sla_dag to 2022-10-09T07:20:00+00:00, run_after=2022-10-09T07:22:00+00:00
[2022-10-09T07:22:28.373+0000] {processor.py:178} INFO - Processing /home/airflow/.local/lib/python3.7/site-packages/airflow/example_dags/example_sla_dag.py took 0.110 seconds
[2022-10-09T07:22:58.426+0000] {processor.py:156} INFO - Started process (PID=3881) to work on /home/airflow/.local/lib/python3.7/site-packages/airflow/example_dags/example_sla_dag.py
[2022-10-09T07:22:58.428+0000] {processor.py:758} INFO - Processing file /home/airflow/.local/lib/python3.7/site-packages/airflow/example_dags/example_sla_dag.py for tasks to queue
[2022-10-09T07:22:58.429+0000] {logging_mixin.py:117} INFO - [2022-10-09T07:22:58.429+0000] {dagbag.py:525} INFO - Filling up the DagBag from /home/airflow/.local/lib/python3.7/site-packages/airflow/example_dags/example_sla_dag.py
[2022-10-09T07:22:58.462+0000] {processor.py:768} INFO - DAG(s) dict_keys(['example_sla_dag']) retrieved from /home/airflow/.local/lib/python3.7/site-packages/airflow/example_dags/example_sla_dag.py
[2022-10-09T07:22:58.502+0000] {logging_mixin.py:117} INFO - [2022-10-09T07:22:58.502+0000] {dag.py:2573} INFO - Sync 1 DAGs
[2022-10-09T07:22:58.532+0000] {logging_mixin.py:117} INFO - [2022-10-09T07:22:58.532+0000] {dag.py:3328} INFO - Setting next_dagrun for example_sla_dag to 2022-10-09T07:20:00+00:00, run_after=2022-10-09T07:22:00+00:00
[2022-10-09T07:22:58.547+0000] {processor.py:178} INFO - Processing /home/airflow/.local/lib/python3.7/site-packages/airflow/example_dags/example_sla_dag.py took 0.126 seconds
[2022-10-09T07:23:28.721+0000] {processor.py:156} INFO - Started process (PID=3944) to work on /home/airflow/.local/lib/python3.7/site-packages/airflow/example_dags/example_sla_dag.py
[2022-10-09T07:23:28.723+0000] {processor.py:758} INFO - Processing file /home/airflow/.local/lib/python3.7/site-packages/airflow/example_dags/example_sla_dag.py for tasks to queue
[2022-10-09T07:23:28.725+0000] {logging_mixin.py:117} INFO - [2022-10-09T07:23:28.724+0000] {dagbag.py:525} INFO - Filling up the DagBag from /home/airflow/.local/lib/python3.7/site-packages/airflow/example_dags/example_sla_dag.py
[2022-10-09T07:23:28.747+0000] {processor.py:768} INFO - DAG(s) dict_keys(['example_sla_dag']) retrieved from /home/airflow/.local/lib/python3.7/site-packages/airflow/example_dags/example_sla_dag.py
[2022-10-09T07:23:28.776+0000] {logging_mixin.py:117} INFO - [2022-10-09T07:23:28.776+0000] {dag.py:2573} INFO - Sync 1 DAGs
[2022-10-09T07:23:28.798+0000] {logging_mixin.py:117} INFO - [2022-10-09T07:23:28.798+0000] {dag.py:3328} INFO - Setting next_dagrun for example_sla_dag to 2022-10-09T07:20:00+00:00, run_after=2022-10-09T07:22:00+00:00
[2022-10-09T07:23:28.815+0000] {processor.py:178} INFO - Processing /home/airflow/.local/lib/python3.7/site-packages/airflow/example_dags/example_sla_dag.py took 0.097 seconds
[2022-10-09T07:23:59.071+0000] {processor.py:156} INFO - Started process (PID=3998) to work on /home/airflow/.local/lib/python3.7/site-packages/airflow/example_dags/example_sla_dag.py
[2022-10-09T07:23:59.074+0000] {processor.py:758} INFO - Processing file /home/airflow/.local/lib/python3.7/site-packages/airflow/example_dags/example_sla_dag.py for tasks to queue
[2022-10-09T07:23:59.076+0000] {logging_mixin.py:117} INFO - [2022-10-09T07:23:59.075+0000] {dagbag.py:525} INFO - Filling up the DagBag from /home/airflow/.local/lib/python3.7/site-packages/airflow/example_dags/example_sla_dag.py
[2022-10-09T07:23:59.120+0000] {processor.py:768} INFO - DAG(s) dict_keys(['example_sla_dag']) retrieved from /home/airflow/.local/lib/python3.7/site-packages/airflow/example_dags/example_sla_dag.py
[2022-10-09T07:23:59.164+0000] {logging_mixin.py:117} INFO - [2022-10-09T07:23:59.164+0000] {dag.py:2573} INFO - Sync 1 DAGs
[2022-10-09T07:23:59.195+0000] {logging_mixin.py:117} INFO - [2022-10-09T07:23:59.195+0000] {dag.py:3328} INFO - Setting next_dagrun for example_sla_dag to 2022-10-09T07:20:00+00:00, run_after=2022-10-09T07:22:00+00:00
[2022-10-09T07:23:59.208+0000] {processor.py:178} INFO - Processing /home/airflow/.local/lib/python3.7/site-packages/airflow/example_dags/example_sla_dag.py took 0.142 seconds
[2022-10-09T07:24:29.471+0000] {processor.py:156} INFO - Started process (PID=4064) to work on /home/airflow/.local/lib/python3.7/site-packages/airflow/example_dags/example_sla_dag.py
[2022-10-09T07:24:29.476+0000] {processor.py:758} INFO - Processing file /home/airflow/.local/lib/python3.7/site-packages/airflow/example_dags/example_sla_dag.py for tasks to queue
[2022-10-09T07:24:29.479+0000] {logging_mixin.py:117} INFO - [2022-10-09T07:24:29.479+0000] {dagbag.py:525} INFO - Filling up the DagBag from /home/airflow/.local/lib/python3.7/site-packages/airflow/example_dags/example_sla_dag.py
[2022-10-09T07:24:29.502+0000] {processor.py:768} INFO - DAG(s) dict_keys(['example_sla_dag']) retrieved from /home/airflow/.local/lib/python3.7/site-packages/airflow/example_dags/example_sla_dag.py
[2022-10-09T07:24:29.550+0000] {logging_mixin.py:117} INFO - [2022-10-09T07:24:29.550+0000] {dag.py:2573} INFO - Sync 1 DAGs
[2022-10-09T07:24:29.580+0000] {logging_mixin.py:117} INFO - [2022-10-09T07:24:29.580+0000] {dag.py:3328} INFO - Setting next_dagrun for example_sla_dag to 2022-10-09T07:22:00+00:00, run_after=2022-10-09T07:24:00+00:00
[2022-10-09T07:24:29.600+0000] {processor.py:178} INFO - Processing /home/airflow/.local/lib/python3.7/site-packages/airflow/example_dags/example_sla_dag.py took 0.140 seconds
