[2022-10-09T06:40:38.519+0000] {processor.py:156} INFO - Started process (PID=37) to work on /home/airflow/.local/lib/python3.7/site-packages/airflow/example_dags/example_latest_only_with_trigger.py
[2022-10-09T06:40:38.520+0000] {processor.py:758} INFO - Processing file /home/airflow/.local/lib/python3.7/site-packages/airflow/example_dags/example_latest_only_with_trigger.py for tasks to queue
[2022-10-09T06:40:38.522+0000] {logging_mixin.py:117} INFO - [2022-10-09T06:40:38.522+0000] {dagbag.py:525} INFO - Filling up the DagBag from /home/airflow/.local/lib/python3.7/site-packages/airflow/example_dags/example_latest_only_with_trigger.py
[2022-10-09T06:40:38.535+0000] {processor.py:768} INFO - DAG(s) dict_keys(['latest_only_with_trigger']) retrieved from /home/airflow/.local/lib/python3.7/site-packages/airflow/example_dags/example_latest_only_with_trigger.py
[2022-10-09T06:40:38.563+0000] {logging_mixin.py:117} INFO - [2022-10-09T06:40:38.563+0000] {dag.py:2573} INFO - Sync 1 DAGs
[2022-10-09T06:40:38.584+0000] {logging_mixin.py:117} INFO - [2022-10-09T06:40:38.584+0000] {dag.py:3328} INFO - Setting next_dagrun for latest_only_with_trigger to 2022-10-09T02:40:38.584186+00:00, run_after=2022-10-09T06:40:38.584186+00:00
[2022-10-09T06:40:38.605+0000] {processor.py:178} INFO - Processing /home/airflow/.local/lib/python3.7/site-packages/airflow/example_dags/example_latest_only_with_trigger.py took 0.088 seconds
[2022-10-09T06:41:09.409+0000] {processor.py:156} INFO - Started process (PID=100) to work on /home/airflow/.local/lib/python3.7/site-packages/airflow/example_dags/example_latest_only_with_trigger.py
[2022-10-09T06:41:09.411+0000] {processor.py:758} INFO - Processing file /home/airflow/.local/lib/python3.7/site-packages/airflow/example_dags/example_latest_only_with_trigger.py for tasks to queue
[2022-10-09T06:41:09.412+0000] {logging_mixin.py:117} INFO - [2022-10-09T06:41:09.412+0000] {dagbag.py:525} INFO - Filling up the DagBag from /home/airflow/.local/lib/python3.7/site-packages/airflow/example_dags/example_latest_only_with_trigger.py
[2022-10-09T06:41:09.426+0000] {processor.py:768} INFO - DAG(s) dict_keys(['latest_only_with_trigger']) retrieved from /home/airflow/.local/lib/python3.7/site-packages/airflow/example_dags/example_latest_only_with_trigger.py
[2022-10-09T06:41:09.470+0000] {logging_mixin.py:117} INFO - [2022-10-09T06:41:09.470+0000] {dag.py:2573} INFO - Sync 1 DAGs
[2022-10-09T06:41:09.485+0000] {logging_mixin.py:117} INFO - [2022-10-09T06:41:09.485+0000] {dag.py:3328} INFO - Setting next_dagrun for latest_only_with_trigger to 2022-10-09T02:41:09.484970+00:00, run_after=2022-10-09T06:41:09.484970+00:00
[2022-10-09T06:41:09.497+0000] {processor.py:178} INFO - Processing /home/airflow/.local/lib/python3.7/site-packages/airflow/example_dags/example_latest_only_with_trigger.py took 0.090 seconds
[2022-10-09T06:41:40.024+0000] {processor.py:156} INFO - Started process (PID=164) to work on /home/airflow/.local/lib/python3.7/site-packages/airflow/example_dags/example_latest_only_with_trigger.py
[2022-10-09T06:41:40.025+0000] {processor.py:758} INFO - Processing file /home/airflow/.local/lib/python3.7/site-packages/airflow/example_dags/example_latest_only_with_trigger.py for tasks to queue
[2022-10-09T06:41:40.026+0000] {logging_mixin.py:117} INFO - [2022-10-09T06:41:40.026+0000] {dagbag.py:525} INFO - Filling up the DagBag from /home/airflow/.local/lib/python3.7/site-packages/airflow/example_dags/example_latest_only_with_trigger.py
[2022-10-09T06:41:40.035+0000] {processor.py:768} INFO - DAG(s) dict_keys(['latest_only_with_trigger']) retrieved from /home/airflow/.local/lib/python3.7/site-packages/airflow/example_dags/example_latest_only_with_trigger.py
[2022-10-09T06:41:40.058+0000] {logging_mixin.py:117} INFO - [2022-10-09T06:41:40.058+0000] {dag.py:2573} INFO - Sync 1 DAGs
[2022-10-09T06:41:40.073+0000] {logging_mixin.py:117} INFO - [2022-10-09T06:41:40.072+0000] {dag.py:3328} INFO - Setting next_dagrun for latest_only_with_trigger to 2022-10-09T02:41:40.072843+00:00, run_after=2022-10-09T06:41:40.072843+00:00
[2022-10-09T06:41:40.085+0000] {processor.py:178} INFO - Processing /home/airflow/.local/lib/python3.7/site-packages/airflow/example_dags/example_latest_only_with_trigger.py took 0.063 seconds
[2022-10-09T06:42:10.533+0000] {processor.py:156} INFO - Started process (PID=227) to work on /home/airflow/.local/lib/python3.7/site-packages/airflow/example_dags/example_latest_only_with_trigger.py
[2022-10-09T06:42:10.537+0000] {processor.py:758} INFO - Processing file /home/airflow/.local/lib/python3.7/site-packages/airflow/example_dags/example_latest_only_with_trigger.py for tasks to queue
[2022-10-09T06:42:10.539+0000] {logging_mixin.py:117} INFO - [2022-10-09T06:42:10.538+0000] {dagbag.py:525} INFO - Filling up the DagBag from /home/airflow/.local/lib/python3.7/site-packages/airflow/example_dags/example_latest_only_with_trigger.py
[2022-10-09T06:42:10.562+0000] {processor.py:768} INFO - DAG(s) dict_keys(['latest_only_with_trigger']) retrieved from /home/airflow/.local/lib/python3.7/site-packages/airflow/example_dags/example_latest_only_with_trigger.py
[2022-10-09T06:42:10.617+0000] {logging_mixin.py:117} INFO - [2022-10-09T06:42:10.617+0000] {dag.py:2573} INFO - Sync 1 DAGs
[2022-10-09T06:42:10.646+0000] {logging_mixin.py:117} INFO - [2022-10-09T06:42:10.646+0000] {dag.py:3328} INFO - Setting next_dagrun for latest_only_with_trigger to 2022-10-09T02:42:10.646568+00:00, run_after=2022-10-09T06:42:10.646568+00:00
[2022-10-09T06:42:10.685+0000] {processor.py:178} INFO - Processing /home/airflow/.local/lib/python3.7/site-packages/airflow/example_dags/example_latest_only_with_trigger.py took 0.157 seconds
[2022-10-09T06:42:41.080+0000] {processor.py:156} INFO - Started process (PID=281) to work on /home/airflow/.local/lib/python3.7/site-packages/airflow/example_dags/example_latest_only_with_trigger.py
[2022-10-09T06:42:41.082+0000] {processor.py:758} INFO - Processing file /home/airflow/.local/lib/python3.7/site-packages/airflow/example_dags/example_latest_only_with_trigger.py for tasks to queue
[2022-10-09T06:42:41.083+0000] {logging_mixin.py:117} INFO - [2022-10-09T06:42:41.083+0000] {dagbag.py:525} INFO - Filling up the DagBag from /home/airflow/.local/lib/python3.7/site-packages/airflow/example_dags/example_latest_only_with_trigger.py
[2022-10-09T06:42:41.092+0000] {processor.py:768} INFO - DAG(s) dict_keys(['latest_only_with_trigger']) retrieved from /home/airflow/.local/lib/python3.7/site-packages/airflow/example_dags/example_latest_only_with_trigger.py
[2022-10-09T06:42:41.117+0000] {logging_mixin.py:117} INFO - [2022-10-09T06:42:41.117+0000] {dag.py:2573} INFO - Sync 1 DAGs
[2022-10-09T06:42:41.134+0000] {logging_mixin.py:117} INFO - [2022-10-09T06:42:41.133+0000] {dag.py:3328} INFO - Setting next_dagrun for latest_only_with_trigger to 2022-10-09T02:42:41.133842+00:00, run_after=2022-10-09T06:42:41.133842+00:00
[2022-10-09T06:42:41.147+0000] {processor.py:178} INFO - Processing /home/airflow/.local/lib/python3.7/site-packages/airflow/example_dags/example_latest_only_with_trigger.py took 0.069 seconds
[2022-10-09T06:43:11.529+0000] {processor.py:156} INFO - Started process (PID=344) to work on /home/airflow/.local/lib/python3.7/site-packages/airflow/example_dags/example_latest_only_with_trigger.py
[2022-10-09T06:43:11.531+0000] {processor.py:758} INFO - Processing file /home/airflow/.local/lib/python3.7/site-packages/airflow/example_dags/example_latest_only_with_trigger.py for tasks to queue
[2022-10-09T06:43:11.532+0000] {logging_mixin.py:117} INFO - [2022-10-09T06:43:11.532+0000] {dagbag.py:525} INFO - Filling up the DagBag from /home/airflow/.local/lib/python3.7/site-packages/airflow/example_dags/example_latest_only_with_trigger.py
[2022-10-09T06:43:11.541+0000] {processor.py:768} INFO - DAG(s) dict_keys(['latest_only_with_trigger']) retrieved from /home/airflow/.local/lib/python3.7/site-packages/airflow/example_dags/example_latest_only_with_trigger.py
[2022-10-09T06:43:11.567+0000] {logging_mixin.py:117} INFO - [2022-10-09T06:43:11.567+0000] {dag.py:2573} INFO - Sync 1 DAGs
[2022-10-09T06:43:11.581+0000] {logging_mixin.py:117} INFO - [2022-10-09T06:43:11.581+0000] {dag.py:3328} INFO - Setting next_dagrun for latest_only_with_trigger to 2022-10-09T02:43:11.581299+00:00, run_after=2022-10-09T06:43:11.581299+00:00
[2022-10-09T06:43:11.594+0000] {processor.py:178} INFO - Processing /home/airflow/.local/lib/python3.7/site-packages/airflow/example_dags/example_latest_only_with_trigger.py took 0.067 seconds
[2022-10-09T06:43:41.861+0000] {processor.py:156} INFO - Started process (PID=407) to work on /home/airflow/.local/lib/python3.7/site-packages/airflow/example_dags/example_latest_only_with_trigger.py
[2022-10-09T06:43:41.863+0000] {processor.py:758} INFO - Processing file /home/airflow/.local/lib/python3.7/site-packages/airflow/example_dags/example_latest_only_with_trigger.py for tasks to queue
[2022-10-09T06:43:41.864+0000] {logging_mixin.py:117} INFO - [2022-10-09T06:43:41.864+0000] {dagbag.py:525} INFO - Filling up the DagBag from /home/airflow/.local/lib/python3.7/site-packages/airflow/example_dags/example_latest_only_with_trigger.py
[2022-10-09T06:43:41.874+0000] {processor.py:768} INFO - DAG(s) dict_keys(['latest_only_with_trigger']) retrieved from /home/airflow/.local/lib/python3.7/site-packages/airflow/example_dags/example_latest_only_with_trigger.py
[2022-10-09T06:43:41.899+0000] {logging_mixin.py:117} INFO - [2022-10-09T06:43:41.899+0000] {dag.py:2573} INFO - Sync 1 DAGs
[2022-10-09T06:43:41.913+0000] {logging_mixin.py:117} INFO - [2022-10-09T06:43:41.913+0000] {dag.py:3328} INFO - Setting next_dagrun for latest_only_with_trigger to 2022-10-09T02:43:41.913630+00:00, run_after=2022-10-09T06:43:41.913630+00:00
[2022-10-09T06:43:41.926+0000] {processor.py:178} INFO - Processing /home/airflow/.local/lib/python3.7/site-packages/airflow/example_dags/example_latest_only_with_trigger.py took 0.067 seconds
[2022-10-09T06:44:12.144+0000] {processor.py:156} INFO - Started process (PID=470) to work on /home/airflow/.local/lib/python3.7/site-packages/airflow/example_dags/example_latest_only_with_trigger.py
[2022-10-09T06:44:12.146+0000] {processor.py:758} INFO - Processing file /home/airflow/.local/lib/python3.7/site-packages/airflow/example_dags/example_latest_only_with_trigger.py for tasks to queue
[2022-10-09T06:44:12.147+0000] {logging_mixin.py:117} INFO - [2022-10-09T06:44:12.147+0000] {dagbag.py:525} INFO - Filling up the DagBag from /home/airflow/.local/lib/python3.7/site-packages/airflow/example_dags/example_latest_only_with_trigger.py
[2022-10-09T06:44:12.155+0000] {processor.py:768} INFO - DAG(s) dict_keys(['latest_only_with_trigger']) retrieved from /home/airflow/.local/lib/python3.7/site-packages/airflow/example_dags/example_latest_only_with_trigger.py
[2022-10-09T06:44:12.179+0000] {logging_mixin.py:117} INFO - [2022-10-09T06:44:12.179+0000] {dag.py:2573} INFO - Sync 1 DAGs
[2022-10-09T06:44:12.194+0000] {logging_mixin.py:117} INFO - [2022-10-09T06:44:12.193+0000] {dag.py:3328} INFO - Setting next_dagrun for latest_only_with_trigger to 2022-10-09T02:44:12.193859+00:00, run_after=2022-10-09T06:44:12.193859+00:00
[2022-10-09T06:44:12.205+0000] {processor.py:178} INFO - Processing /home/airflow/.local/lib/python3.7/site-packages/airflow/example_dags/example_latest_only_with_trigger.py took 0.063 seconds
[2022-10-09T06:44:42.461+0000] {processor.py:156} INFO - Started process (PID=533) to work on /home/airflow/.local/lib/python3.7/site-packages/airflow/example_dags/example_latest_only_with_trigger.py
[2022-10-09T06:44:42.463+0000] {processor.py:758} INFO - Processing file /home/airflow/.local/lib/python3.7/site-packages/airflow/example_dags/example_latest_only_with_trigger.py for tasks to queue
[2022-10-09T06:44:42.464+0000] {logging_mixin.py:117} INFO - [2022-10-09T06:44:42.464+0000] {dagbag.py:525} INFO - Filling up the DagBag from /home/airflow/.local/lib/python3.7/site-packages/airflow/example_dags/example_latest_only_with_trigger.py
[2022-10-09T06:44:42.476+0000] {processor.py:768} INFO - DAG(s) dict_keys(['latest_only_with_trigger']) retrieved from /home/airflow/.local/lib/python3.7/site-packages/airflow/example_dags/example_latest_only_with_trigger.py
[2022-10-09T06:44:42.504+0000] {logging_mixin.py:117} INFO - [2022-10-09T06:44:42.504+0000] {dag.py:2573} INFO - Sync 1 DAGs
[2022-10-09T06:44:42.523+0000] {logging_mixin.py:117} INFO - [2022-10-09T06:44:42.523+0000] {dag.py:3328} INFO - Setting next_dagrun for latest_only_with_trigger to 2022-10-09T02:44:42.522890+00:00, run_after=2022-10-09T06:44:42.522890+00:00
[2022-10-09T06:44:42.539+0000] {processor.py:178} INFO - Processing /home/airflow/.local/lib/python3.7/site-packages/airflow/example_dags/example_latest_only_with_trigger.py took 0.080 seconds
[2022-10-09T06:45:12.760+0000] {processor.py:156} INFO - Started process (PID=587) to work on /home/airflow/.local/lib/python3.7/site-packages/airflow/example_dags/example_latest_only_with_trigger.py
[2022-10-09T06:45:12.761+0000] {processor.py:758} INFO - Processing file /home/airflow/.local/lib/python3.7/site-packages/airflow/example_dags/example_latest_only_with_trigger.py for tasks to queue
[2022-10-09T06:45:12.762+0000] {logging_mixin.py:117} INFO - [2022-10-09T06:45:12.762+0000] {dagbag.py:525} INFO - Filling up the DagBag from /home/airflow/.local/lib/python3.7/site-packages/airflow/example_dags/example_latest_only_with_trigger.py
[2022-10-09T06:45:12.772+0000] {processor.py:768} INFO - DAG(s) dict_keys(['latest_only_with_trigger']) retrieved from /home/airflow/.local/lib/python3.7/site-packages/airflow/example_dags/example_latest_only_with_trigger.py
[2022-10-09T06:45:12.798+0000] {logging_mixin.py:117} INFO - [2022-10-09T06:45:12.798+0000] {dag.py:2573} INFO - Sync 1 DAGs
[2022-10-09T06:45:12.814+0000] {logging_mixin.py:117} INFO - [2022-10-09T06:45:12.813+0000] {dag.py:3328} INFO - Setting next_dagrun for latest_only_with_trigger to 2022-10-09T02:45:12.813850+00:00, run_after=2022-10-09T06:45:12.813850+00:00
[2022-10-09T06:45:12.825+0000] {processor.py:178} INFO - Processing /home/airflow/.local/lib/python3.7/site-packages/airflow/example_dags/example_latest_only_with_trigger.py took 0.067 seconds
[2022-10-09T06:45:43.000+0000] {processor.py:156} INFO - Started process (PID=649) to work on /home/airflow/.local/lib/python3.7/site-packages/airflow/example_dags/example_latest_only_with_trigger.py
[2022-10-09T06:45:43.002+0000] {processor.py:758} INFO - Processing file /home/airflow/.local/lib/python3.7/site-packages/airflow/example_dags/example_latest_only_with_trigger.py for tasks to queue
[2022-10-09T06:45:43.003+0000] {logging_mixin.py:117} INFO - [2022-10-09T06:45:43.003+0000] {dagbag.py:525} INFO - Filling up the DagBag from /home/airflow/.local/lib/python3.7/site-packages/airflow/example_dags/example_latest_only_with_trigger.py
[2022-10-09T06:45:43.011+0000] {processor.py:768} INFO - DAG(s) dict_keys(['latest_only_with_trigger']) retrieved from /home/airflow/.local/lib/python3.7/site-packages/airflow/example_dags/example_latest_only_with_trigger.py
[2022-10-09T06:45:43.036+0000] {logging_mixin.py:117} INFO - [2022-10-09T06:45:43.036+0000] {dag.py:2573} INFO - Sync 1 DAGs
[2022-10-09T06:45:43.049+0000] {logging_mixin.py:117} INFO - [2022-10-09T06:45:43.049+0000] {dag.py:3328} INFO - Setting next_dagrun for latest_only_with_trigger to 2022-10-09T02:45:43.049432+00:00, run_after=2022-10-09T06:45:43.049432+00:00
[2022-10-09T06:45:43.060+0000] {processor.py:178} INFO - Processing /home/airflow/.local/lib/python3.7/site-packages/airflow/example_dags/example_latest_only_with_trigger.py took 0.061 seconds
[2022-10-09T06:46:13.251+0000] {processor.py:156} INFO - Started process (PID=713) to work on /home/airflow/.local/lib/python3.7/site-packages/airflow/example_dags/example_latest_only_with_trigger.py
[2022-10-09T06:46:13.253+0000] {processor.py:758} INFO - Processing file /home/airflow/.local/lib/python3.7/site-packages/airflow/example_dags/example_latest_only_with_trigger.py for tasks to queue
[2022-10-09T06:46:13.254+0000] {logging_mixin.py:117} INFO - [2022-10-09T06:46:13.254+0000] {dagbag.py:525} INFO - Filling up the DagBag from /home/airflow/.local/lib/python3.7/site-packages/airflow/example_dags/example_latest_only_with_trigger.py
[2022-10-09T06:46:13.263+0000] {processor.py:768} INFO - DAG(s) dict_keys(['latest_only_with_trigger']) retrieved from /home/airflow/.local/lib/python3.7/site-packages/airflow/example_dags/example_latest_only_with_trigger.py
[2022-10-09T06:46:13.288+0000] {logging_mixin.py:117} INFO - [2022-10-09T06:46:13.288+0000] {dag.py:2573} INFO - Sync 1 DAGs
[2022-10-09T06:46:13.303+0000] {logging_mixin.py:117} INFO - [2022-10-09T06:46:13.303+0000] {dag.py:3328} INFO - Setting next_dagrun for latest_only_with_trigger to 2022-10-09T02:46:13.303458+00:00, run_after=2022-10-09T06:46:13.303458+00:00
[2022-10-09T06:46:13.315+0000] {processor.py:178} INFO - Processing /home/airflow/.local/lib/python3.7/site-packages/airflow/example_dags/example_latest_only_with_trigger.py took 0.067 seconds
[2022-10-09T06:46:43.478+0000] {processor.py:156} INFO - Started process (PID=777) to work on /home/airflow/.local/lib/python3.7/site-packages/airflow/example_dags/example_latest_only_with_trigger.py
[2022-10-09T06:46:43.479+0000] {processor.py:758} INFO - Processing file /home/airflow/.local/lib/python3.7/site-packages/airflow/example_dags/example_latest_only_with_trigger.py for tasks to queue
[2022-10-09T06:46:43.480+0000] {logging_mixin.py:117} INFO - [2022-10-09T06:46:43.480+0000] {dagbag.py:525} INFO - Filling up the DagBag from /home/airflow/.local/lib/python3.7/site-packages/airflow/example_dags/example_latest_only_with_trigger.py
[2022-10-09T06:46:43.488+0000] {processor.py:768} INFO - DAG(s) dict_keys(['latest_only_with_trigger']) retrieved from /home/airflow/.local/lib/python3.7/site-packages/airflow/example_dags/example_latest_only_with_trigger.py
[2022-10-09T06:46:43.513+0000] {logging_mixin.py:117} INFO - [2022-10-09T06:46:43.513+0000] {dag.py:2573} INFO - Sync 1 DAGs
[2022-10-09T06:46:43.527+0000] {logging_mixin.py:117} INFO - [2022-10-09T06:46:43.527+0000] {dag.py:3328} INFO - Setting next_dagrun for latest_only_with_trigger to 2022-10-09T02:46:43.527484+00:00, run_after=2022-10-09T06:46:43.527484+00:00
[2022-10-09T06:46:43.538+0000] {processor.py:178} INFO - Processing /home/airflow/.local/lib/python3.7/site-packages/airflow/example_dags/example_latest_only_with_trigger.py took 0.063 seconds
[2022-10-09T06:47:13.609+0000] {processor.py:156} INFO - Started process (PID=839) to work on /home/airflow/.local/lib/python3.7/site-packages/airflow/example_dags/example_latest_only_with_trigger.py
[2022-10-09T06:47:13.611+0000] {processor.py:758} INFO - Processing file /home/airflow/.local/lib/python3.7/site-packages/airflow/example_dags/example_latest_only_with_trigger.py for tasks to queue
[2022-10-09T06:47:13.612+0000] {logging_mixin.py:117} INFO - [2022-10-09T06:47:13.612+0000] {dagbag.py:525} INFO - Filling up the DagBag from /home/airflow/.local/lib/python3.7/site-packages/airflow/example_dags/example_latest_only_with_trigger.py
[2022-10-09T06:47:13.622+0000] {processor.py:768} INFO - DAG(s) dict_keys(['latest_only_with_trigger']) retrieved from /home/airflow/.local/lib/python3.7/site-packages/airflow/example_dags/example_latest_only_with_trigger.py
[2022-10-09T06:47:13.646+0000] {logging_mixin.py:117} INFO - [2022-10-09T06:47:13.646+0000] {dag.py:2573} INFO - Sync 1 DAGs
[2022-10-09T06:47:13.661+0000] {logging_mixin.py:117} INFO - [2022-10-09T06:47:13.661+0000] {dag.py:3328} INFO - Setting next_dagrun for latest_only_with_trigger to 2022-10-09T02:47:13.660995+00:00, run_after=2022-10-09T06:47:13.660995+00:00
[2022-10-09T06:47:13.673+0000] {processor.py:178} INFO - Processing /home/airflow/.local/lib/python3.7/site-packages/airflow/example_dags/example_latest_only_with_trigger.py took 0.066 seconds
[2022-10-09T06:47:43.986+0000] {processor.py:156} INFO - Started process (PID=892) to work on /home/airflow/.local/lib/python3.7/site-packages/airflow/example_dags/example_latest_only_with_trigger.py
[2022-10-09T06:47:43.988+0000] {processor.py:758} INFO - Processing file /home/airflow/.local/lib/python3.7/site-packages/airflow/example_dags/example_latest_only_with_trigger.py for tasks to queue
[2022-10-09T06:47:43.989+0000] {logging_mixin.py:117} INFO - [2022-10-09T06:47:43.989+0000] {dagbag.py:525} INFO - Filling up the DagBag from /home/airflow/.local/lib/python3.7/site-packages/airflow/example_dags/example_latest_only_with_trigger.py
[2022-10-09T06:47:44.002+0000] {processor.py:768} INFO - DAG(s) dict_keys(['latest_only_with_trigger']) retrieved from /home/airflow/.local/lib/python3.7/site-packages/airflow/example_dags/example_latest_only_with_trigger.py
[2022-10-09T06:47:44.035+0000] {logging_mixin.py:117} INFO - [2022-10-09T06:47:44.035+0000] {dag.py:2573} INFO - Sync 1 DAGs
[2022-10-09T06:47:44.053+0000] {logging_mixin.py:117} INFO - [2022-10-09T06:47:44.053+0000] {dag.py:3328} INFO - Setting next_dagrun for latest_only_with_trigger to 2022-10-09T02:47:44.053537+00:00, run_after=2022-10-09T06:47:44.053537+00:00
[2022-10-09T06:47:44.069+0000] {processor.py:178} INFO - Processing /home/airflow/.local/lib/python3.7/site-packages/airflow/example_dags/example_latest_only_with_trigger.py took 0.086 seconds
[2022-10-09T06:48:14.350+0000] {processor.py:156} INFO - Started process (PID=954) to work on /home/airflow/.local/lib/python3.7/site-packages/airflow/example_dags/example_latest_only_with_trigger.py
[2022-10-09T06:48:14.352+0000] {processor.py:758} INFO - Processing file /home/airflow/.local/lib/python3.7/site-packages/airflow/example_dags/example_latest_only_with_trigger.py for tasks to queue
[2022-10-09T06:48:14.353+0000] {logging_mixin.py:117} INFO - [2022-10-09T06:48:14.353+0000] {dagbag.py:525} INFO - Filling up the DagBag from /home/airflow/.local/lib/python3.7/site-packages/airflow/example_dags/example_latest_only_with_trigger.py
[2022-10-09T06:48:14.362+0000] {processor.py:768} INFO - DAG(s) dict_keys(['latest_only_with_trigger']) retrieved from /home/airflow/.local/lib/python3.7/site-packages/airflow/example_dags/example_latest_only_with_trigger.py
[2022-10-09T06:48:14.388+0000] {logging_mixin.py:117} INFO - [2022-10-09T06:48:14.388+0000] {dag.py:2573} INFO - Sync 1 DAGs
[2022-10-09T06:48:14.403+0000] {logging_mixin.py:117} INFO - [2022-10-09T06:48:14.403+0000] {dag.py:3328} INFO - Setting next_dagrun for latest_only_with_trigger to 2022-10-09T02:48:14.403414+00:00, run_after=2022-10-09T06:48:14.403414+00:00
[2022-10-09T06:48:14.414+0000] {processor.py:178} INFO - Processing /home/airflow/.local/lib/python3.7/site-packages/airflow/example_dags/example_latest_only_with_trigger.py took 0.066 seconds
[2022-10-09T06:59:08.529+0000] {processor.py:156} INFO - Started process (PID=1008) to work on /home/airflow/.local/lib/python3.7/site-packages/airflow/example_dags/example_latest_only_with_trigger.py
[2022-10-09T06:59:08.534+0000] {processor.py:758} INFO - Processing file /home/airflow/.local/lib/python3.7/site-packages/airflow/example_dags/example_latest_only_with_trigger.py for tasks to queue
[2022-10-09T06:59:08.536+0000] {logging_mixin.py:117} INFO - [2022-10-09T06:59:08.536+0000] {dagbag.py:525} INFO - Filling up the DagBag from /home/airflow/.local/lib/python3.7/site-packages/airflow/example_dags/example_latest_only_with_trigger.py
[2022-10-09T06:59:08.554+0000] {processor.py:768} INFO - DAG(s) dict_keys(['latest_only_with_trigger']) retrieved from /home/airflow/.local/lib/python3.7/site-packages/airflow/example_dags/example_latest_only_with_trigger.py
[2022-10-09T06:59:08.628+0000] {logging_mixin.py:117} INFO - [2022-10-09T06:59:08.628+0000] {dag.py:2573} INFO - Sync 1 DAGs
[2022-10-09T06:59:08.668+0000] {logging_mixin.py:117} INFO - [2022-10-09T06:59:08.668+0000] {dag.py:3328} INFO - Setting next_dagrun for latest_only_with_trigger to 2022-10-09T02:59:08.667887+00:00, run_after=2022-10-09T06:59:08.667887+00:00
[2022-10-09T06:59:08.712+0000] {processor.py:178} INFO - Processing /home/airflow/.local/lib/python3.7/site-packages/airflow/example_dags/example_latest_only_with_trigger.py took 0.191 seconds
[2022-10-09T06:59:39.041+0000] {processor.py:156} INFO - Started process (PID=1072) to work on /home/airflow/.local/lib/python3.7/site-packages/airflow/example_dags/example_latest_only_with_trigger.py
[2022-10-09T06:59:39.042+0000] {processor.py:758} INFO - Processing file /home/airflow/.local/lib/python3.7/site-packages/airflow/example_dags/example_latest_only_with_trigger.py for tasks to queue
[2022-10-09T06:59:39.044+0000] {logging_mixin.py:117} INFO - [2022-10-09T06:59:39.043+0000] {dagbag.py:525} INFO - Filling up the DagBag from /home/airflow/.local/lib/python3.7/site-packages/airflow/example_dags/example_latest_only_with_trigger.py
[2022-10-09T06:59:39.053+0000] {processor.py:768} INFO - DAG(s) dict_keys(['latest_only_with_trigger']) retrieved from /home/airflow/.local/lib/python3.7/site-packages/airflow/example_dags/example_latest_only_with_trigger.py
[2022-10-09T06:59:39.079+0000] {logging_mixin.py:117} INFO - [2022-10-09T06:59:39.079+0000] {dag.py:2573} INFO - Sync 1 DAGs
[2022-10-09T06:59:39.094+0000] {logging_mixin.py:117} INFO - [2022-10-09T06:59:39.094+0000] {dag.py:3328} INFO - Setting next_dagrun for latest_only_with_trigger to 2022-10-09T02:59:39.094318+00:00, run_after=2022-10-09T06:59:39.094318+00:00
[2022-10-09T06:59:39.107+0000] {processor.py:178} INFO - Processing /home/airflow/.local/lib/python3.7/site-packages/airflow/example_dags/example_latest_only_with_trigger.py took 0.068 seconds
[2022-10-09T07:00:09.283+0000] {processor.py:156} INFO - Started process (PID=1126) to work on /home/airflow/.local/lib/python3.7/site-packages/airflow/example_dags/example_latest_only_with_trigger.py
[2022-10-09T07:00:09.285+0000] {processor.py:758} INFO - Processing file /home/airflow/.local/lib/python3.7/site-packages/airflow/example_dags/example_latest_only_with_trigger.py for tasks to queue
[2022-10-09T07:00:09.286+0000] {logging_mixin.py:117} INFO - [2022-10-09T07:00:09.286+0000] {dagbag.py:525} INFO - Filling up the DagBag from /home/airflow/.local/lib/python3.7/site-packages/airflow/example_dags/example_latest_only_with_trigger.py
[2022-10-09T07:00:09.295+0000] {processor.py:768} INFO - DAG(s) dict_keys(['latest_only_with_trigger']) retrieved from /home/airflow/.local/lib/python3.7/site-packages/airflow/example_dags/example_latest_only_with_trigger.py
[2022-10-09T07:00:09.319+0000] {logging_mixin.py:117} INFO - [2022-10-09T07:00:09.319+0000] {dag.py:2573} INFO - Sync 1 DAGs
[2022-10-09T07:00:09.334+0000] {logging_mixin.py:117} INFO - [2022-10-09T07:00:09.333+0000] {dag.py:3328} INFO - Setting next_dagrun for latest_only_with_trigger to 2022-10-09T03:00:09.333806+00:00, run_after=2022-10-09T07:00:09.333806+00:00
[2022-10-09T07:00:09.345+0000] {processor.py:178} INFO - Processing /home/airflow/.local/lib/python3.7/site-packages/airflow/example_dags/example_latest_only_with_trigger.py took 0.063 seconds
[2022-10-09T07:00:39.903+0000] {processor.py:156} INFO - Started process (PID=1189) to work on /home/airflow/.local/lib/python3.7/site-packages/airflow/example_dags/example_latest_only_with_trigger.py
[2022-10-09T07:00:39.907+0000] {processor.py:758} INFO - Processing file /home/airflow/.local/lib/python3.7/site-packages/airflow/example_dags/example_latest_only_with_trigger.py for tasks to queue
[2022-10-09T07:00:39.910+0000] {logging_mixin.py:117} INFO - [2022-10-09T07:00:39.910+0000] {dagbag.py:525} INFO - Filling up the DagBag from /home/airflow/.local/lib/python3.7/site-packages/airflow/example_dags/example_latest_only_with_trigger.py
[2022-10-09T07:00:39.943+0000] {processor.py:768} INFO - DAG(s) dict_keys(['latest_only_with_trigger']) retrieved from /home/airflow/.local/lib/python3.7/site-packages/airflow/example_dags/example_latest_only_with_trigger.py
[2022-10-09T07:00:39.975+0000] {logging_mixin.py:117} INFO - [2022-10-09T07:00:39.975+0000] {dag.py:2573} INFO - Sync 1 DAGs
[2022-10-09T07:00:39.991+0000] {logging_mixin.py:117} INFO - [2022-10-09T07:00:39.991+0000] {dag.py:3328} INFO - Setting next_dagrun for latest_only_with_trigger to 2022-10-09T03:00:39.991601+00:00, run_after=2022-10-09T07:00:39.991601+00:00
[2022-10-09T07:00:40.003+0000] {processor.py:178} INFO - Processing /home/airflow/.local/lib/python3.7/site-packages/airflow/example_dags/example_latest_only_with_trigger.py took 0.102 seconds
[2022-10-09T07:01:10.304+0000] {processor.py:156} INFO - Started process (PID=1251) to work on /home/airflow/.local/lib/python3.7/site-packages/airflow/example_dags/example_latest_only_with_trigger.py
[2022-10-09T07:01:10.306+0000] {processor.py:758} INFO - Processing file /home/airflow/.local/lib/python3.7/site-packages/airflow/example_dags/example_latest_only_with_trigger.py for tasks to queue
[2022-10-09T07:01:10.307+0000] {logging_mixin.py:117} INFO - [2022-10-09T07:01:10.307+0000] {dagbag.py:525} INFO - Filling up the DagBag from /home/airflow/.local/lib/python3.7/site-packages/airflow/example_dags/example_latest_only_with_trigger.py
[2022-10-09T07:01:10.317+0000] {processor.py:768} INFO - DAG(s) dict_keys(['latest_only_with_trigger']) retrieved from /home/airflow/.local/lib/python3.7/site-packages/airflow/example_dags/example_latest_only_with_trigger.py
[2022-10-09T07:01:10.341+0000] {logging_mixin.py:117} INFO - [2022-10-09T07:01:10.341+0000] {dag.py:2573} INFO - Sync 1 DAGs
[2022-10-09T07:01:10.356+0000] {logging_mixin.py:117} INFO - [2022-10-09T07:01:10.356+0000] {dag.py:3328} INFO - Setting next_dagrun for latest_only_with_trigger to 2022-10-09T03:01:10.356441+00:00, run_after=2022-10-09T07:01:10.356441+00:00
[2022-10-09T07:01:10.368+0000] {processor.py:178} INFO - Processing /home/airflow/.local/lib/python3.7/site-packages/airflow/example_dags/example_latest_only_with_trigger.py took 0.066 seconds
[2022-10-09T07:01:40.495+0000] {processor.py:156} INFO - Started process (PID=1314) to work on /home/airflow/.local/lib/python3.7/site-packages/airflow/example_dags/example_latest_only_with_trigger.py
[2022-10-09T07:01:40.497+0000] {processor.py:758} INFO - Processing file /home/airflow/.local/lib/python3.7/site-packages/airflow/example_dags/example_latest_only_with_trigger.py for tasks to queue
[2022-10-09T07:01:40.498+0000] {logging_mixin.py:117} INFO - [2022-10-09T07:01:40.498+0000] {dagbag.py:525} INFO - Filling up the DagBag from /home/airflow/.local/lib/python3.7/site-packages/airflow/example_dags/example_latest_only_with_trigger.py
[2022-10-09T07:01:40.506+0000] {processor.py:768} INFO - DAG(s) dict_keys(['latest_only_with_trigger']) retrieved from /home/airflow/.local/lib/python3.7/site-packages/airflow/example_dags/example_latest_only_with_trigger.py
[2022-10-09T07:01:40.532+0000] {logging_mixin.py:117} INFO - [2022-10-09T07:01:40.532+0000] {dag.py:2573} INFO - Sync 1 DAGs
[2022-10-09T07:01:40.549+0000] {logging_mixin.py:117} INFO - [2022-10-09T07:01:40.548+0000] {dag.py:3328} INFO - Setting next_dagrun for latest_only_with_trigger to 2022-10-09T03:01:40.548785+00:00, run_after=2022-10-09T07:01:40.548785+00:00
[2022-10-09T07:01:40.562+0000] {processor.py:178} INFO - Processing /home/airflow/.local/lib/python3.7/site-packages/airflow/example_dags/example_latest_only_with_trigger.py took 0.069 seconds
[2022-10-09T07:02:10.800+0000] {processor.py:156} INFO - Started process (PID=1377) to work on /home/airflow/.local/lib/python3.7/site-packages/airflow/example_dags/example_latest_only_with_trigger.py
[2022-10-09T07:02:10.802+0000] {processor.py:758} INFO - Processing file /home/airflow/.local/lib/python3.7/site-packages/airflow/example_dags/example_latest_only_with_trigger.py for tasks to queue
[2022-10-09T07:02:10.803+0000] {logging_mixin.py:117} INFO - [2022-10-09T07:02:10.803+0000] {dagbag.py:525} INFO - Filling up the DagBag from /home/airflow/.local/lib/python3.7/site-packages/airflow/example_dags/example_latest_only_with_trigger.py
[2022-10-09T07:02:10.813+0000] {processor.py:768} INFO - DAG(s) dict_keys(['latest_only_with_trigger']) retrieved from /home/airflow/.local/lib/python3.7/site-packages/airflow/example_dags/example_latest_only_with_trigger.py
[2022-10-09T07:02:10.839+0000] {logging_mixin.py:117} INFO - [2022-10-09T07:02:10.839+0000] {dag.py:2573} INFO - Sync 1 DAGs
[2022-10-09T07:02:10.855+0000] {logging_mixin.py:117} INFO - [2022-10-09T07:02:10.855+0000] {dag.py:3328} INFO - Setting next_dagrun for latest_only_with_trigger to 2022-10-09T03:02:10.854874+00:00, run_after=2022-10-09T07:02:10.854874+00:00
[2022-10-09T07:02:10.870+0000] {processor.py:178} INFO - Processing /home/airflow/.local/lib/python3.7/site-packages/airflow/example_dags/example_latest_only_with_trigger.py took 0.072 seconds
[2022-10-09T07:02:41.056+0000] {processor.py:156} INFO - Started process (PID=1431) to work on /home/airflow/.local/lib/python3.7/site-packages/airflow/example_dags/example_latest_only_with_trigger.py
[2022-10-09T07:02:41.058+0000] {processor.py:758} INFO - Processing file /home/airflow/.local/lib/python3.7/site-packages/airflow/example_dags/example_latest_only_with_trigger.py for tasks to queue
[2022-10-09T07:02:41.059+0000] {logging_mixin.py:117} INFO - [2022-10-09T07:02:41.059+0000] {dagbag.py:525} INFO - Filling up the DagBag from /home/airflow/.local/lib/python3.7/site-packages/airflow/example_dags/example_latest_only_with_trigger.py
[2022-10-09T07:02:41.068+0000] {processor.py:768} INFO - DAG(s) dict_keys(['latest_only_with_trigger']) retrieved from /home/airflow/.local/lib/python3.7/site-packages/airflow/example_dags/example_latest_only_with_trigger.py
[2022-10-09T07:02:41.090+0000] {logging_mixin.py:117} INFO - [2022-10-09T07:02:41.090+0000] {dag.py:2573} INFO - Sync 1 DAGs
[2022-10-09T07:02:41.105+0000] {logging_mixin.py:117} INFO - [2022-10-09T07:02:41.105+0000] {dag.py:3328} INFO - Setting next_dagrun for latest_only_with_trigger to 2022-10-09T03:02:41.105110+00:00, run_after=2022-10-09T07:02:41.105110+00:00
[2022-10-09T07:02:41.116+0000] {processor.py:178} INFO - Processing /home/airflow/.local/lib/python3.7/site-packages/airflow/example_dags/example_latest_only_with_trigger.py took 0.061 seconds
[2022-10-09T07:03:11.878+0000] {processor.py:156} INFO - Started process (PID=1494) to work on /home/airflow/.local/lib/python3.7/site-packages/airflow/example_dags/example_latest_only_with_trigger.py
[2022-10-09T07:03:11.880+0000] {processor.py:758} INFO - Processing file /home/airflow/.local/lib/python3.7/site-packages/airflow/example_dags/example_latest_only_with_trigger.py for tasks to queue
[2022-10-09T07:03:11.881+0000] {logging_mixin.py:117} INFO - [2022-10-09T07:03:11.881+0000] {dagbag.py:525} INFO - Filling up the DagBag from /home/airflow/.local/lib/python3.7/site-packages/airflow/example_dags/example_latest_only_with_trigger.py
[2022-10-09T07:03:11.890+0000] {processor.py:768} INFO - DAG(s) dict_keys(['latest_only_with_trigger']) retrieved from /home/airflow/.local/lib/python3.7/site-packages/airflow/example_dags/example_latest_only_with_trigger.py
[2022-10-09T07:03:11.915+0000] {logging_mixin.py:117} INFO - [2022-10-09T07:03:11.915+0000] {dag.py:2573} INFO - Sync 1 DAGs
[2022-10-09T07:03:11.929+0000] {logging_mixin.py:117} INFO - [2022-10-09T07:03:11.929+0000] {dag.py:3328} INFO - Setting next_dagrun for latest_only_with_trigger to 2022-10-09T03:03:11.929031+00:00, run_after=2022-10-09T07:03:11.929031+00:00
[2022-10-09T07:03:11.940+0000] {processor.py:178} INFO - Processing /home/airflow/.local/lib/python3.7/site-packages/airflow/example_dags/example_latest_only_with_trigger.py took 0.063 seconds
[2022-10-09T07:03:42.089+0000] {processor.py:156} INFO - Started process (PID=1557) to work on /home/airflow/.local/lib/python3.7/site-packages/airflow/example_dags/example_latest_only_with_trigger.py
[2022-10-09T07:03:42.091+0000] {processor.py:758} INFO - Processing file /home/airflow/.local/lib/python3.7/site-packages/airflow/example_dags/example_latest_only_with_trigger.py for tasks to queue
[2022-10-09T07:03:42.092+0000] {logging_mixin.py:117} INFO - [2022-10-09T07:03:42.091+0000] {dagbag.py:525} INFO - Filling up the DagBag from /home/airflow/.local/lib/python3.7/site-packages/airflow/example_dags/example_latest_only_with_trigger.py
[2022-10-09T07:03:42.101+0000] {processor.py:768} INFO - DAG(s) dict_keys(['latest_only_with_trigger']) retrieved from /home/airflow/.local/lib/python3.7/site-packages/airflow/example_dags/example_latest_only_with_trigger.py
[2022-10-09T07:03:42.126+0000] {logging_mixin.py:117} INFO - [2022-10-09T07:03:42.126+0000] {dag.py:2573} INFO - Sync 1 DAGs
[2022-10-09T07:03:42.141+0000] {logging_mixin.py:117} INFO - [2022-10-09T07:03:42.141+0000] {dag.py:3328} INFO - Setting next_dagrun for latest_only_with_trigger to 2022-10-09T03:03:42.141459+00:00, run_after=2022-10-09T07:03:42.141459+00:00
[2022-10-09T07:03:42.153+0000] {processor.py:178} INFO - Processing /home/airflow/.local/lib/python3.7/site-packages/airflow/example_dags/example_latest_only_with_trigger.py took 0.066 seconds
[2022-10-09T07:04:12.326+0000] {processor.py:156} INFO - Started process (PID=1619) to work on /home/airflow/.local/lib/python3.7/site-packages/airflow/example_dags/example_latest_only_with_trigger.py
[2022-10-09T07:04:12.328+0000] {processor.py:758} INFO - Processing file /home/airflow/.local/lib/python3.7/site-packages/airflow/example_dags/example_latest_only_with_trigger.py for tasks to queue
[2022-10-09T07:04:12.328+0000] {logging_mixin.py:117} INFO - [2022-10-09T07:04:12.328+0000] {dagbag.py:525} INFO - Filling up the DagBag from /home/airflow/.local/lib/python3.7/site-packages/airflow/example_dags/example_latest_only_with_trigger.py
[2022-10-09T07:04:12.337+0000] {processor.py:768} INFO - DAG(s) dict_keys(['latest_only_with_trigger']) retrieved from /home/airflow/.local/lib/python3.7/site-packages/airflow/example_dags/example_latest_only_with_trigger.py
[2022-10-09T07:04:12.361+0000] {logging_mixin.py:117} INFO - [2022-10-09T07:04:12.361+0000] {dag.py:2573} INFO - Sync 1 DAGs
[2022-10-09T07:04:12.374+0000] {logging_mixin.py:117} INFO - [2022-10-09T07:04:12.373+0000] {dag.py:3328} INFO - Setting next_dagrun for latest_only_with_trigger to 2022-10-09T03:04:12.373877+00:00, run_after=2022-10-09T07:04:12.373877+00:00
[2022-10-09T07:04:12.384+0000] {processor.py:178} INFO - Processing /home/airflow/.local/lib/python3.7/site-packages/airflow/example_dags/example_latest_only_with_trigger.py took 0.060 seconds
[2022-10-09T07:04:42.856+0000] {processor.py:156} INFO - Started process (PID=1682) to work on /home/airflow/.local/lib/python3.7/site-packages/airflow/example_dags/example_latest_only_with_trigger.py
[2022-10-09T07:04:42.859+0000] {processor.py:758} INFO - Processing file /home/airflow/.local/lib/python3.7/site-packages/airflow/example_dags/example_latest_only_with_trigger.py for tasks to queue
[2022-10-09T07:04:42.860+0000] {logging_mixin.py:117} INFO - [2022-10-09T07:04:42.860+0000] {dagbag.py:525} INFO - Filling up the DagBag from /home/airflow/.local/lib/python3.7/site-packages/airflow/example_dags/example_latest_only_with_trigger.py
[2022-10-09T07:04:42.871+0000] {processor.py:768} INFO - DAG(s) dict_keys(['latest_only_with_trigger']) retrieved from /home/airflow/.local/lib/python3.7/site-packages/airflow/example_dags/example_latest_only_with_trigger.py
[2022-10-09T07:04:42.908+0000] {logging_mixin.py:117} INFO - [2022-10-09T07:04:42.908+0000] {dag.py:2573} INFO - Sync 1 DAGs
[2022-10-09T07:04:42.927+0000] {logging_mixin.py:117} INFO - [2022-10-09T07:04:42.926+0000] {dag.py:3328} INFO - Setting next_dagrun for latest_only_with_trigger to 2022-10-09T03:04:42.926787+00:00, run_after=2022-10-09T07:04:42.926787+00:00
[2022-10-09T07:04:42.946+0000] {processor.py:178} INFO - Processing /home/airflow/.local/lib/python3.7/site-packages/airflow/example_dags/example_latest_only_with_trigger.py took 0.094 seconds
[2022-10-09T07:05:13.581+0000] {processor.py:156} INFO - Started process (PID=1736) to work on /home/airflow/.local/lib/python3.7/site-packages/airflow/example_dags/example_latest_only_with_trigger.py
[2022-10-09T07:05:13.583+0000] {processor.py:758} INFO - Processing file /home/airflow/.local/lib/python3.7/site-packages/airflow/example_dags/example_latest_only_with_trigger.py for tasks to queue
[2022-10-09T07:05:13.584+0000] {logging_mixin.py:117} INFO - [2022-10-09T07:05:13.584+0000] {dagbag.py:525} INFO - Filling up the DagBag from /home/airflow/.local/lib/python3.7/site-packages/airflow/example_dags/example_latest_only_with_trigger.py
[2022-10-09T07:05:13.592+0000] {processor.py:768} INFO - DAG(s) dict_keys(['latest_only_with_trigger']) retrieved from /home/airflow/.local/lib/python3.7/site-packages/airflow/example_dags/example_latest_only_with_trigger.py
[2022-10-09T07:05:13.617+0000] {logging_mixin.py:117} INFO - [2022-10-09T07:05:13.617+0000] {dag.py:2573} INFO - Sync 1 DAGs
[2022-10-09T07:05:13.636+0000] {logging_mixin.py:117} INFO - [2022-10-09T07:05:13.636+0000] {dag.py:3328} INFO - Setting next_dagrun for latest_only_with_trigger to 2022-10-09T03:05:13.635996+00:00, run_after=2022-10-09T07:05:13.635996+00:00
[2022-10-09T07:05:13.652+0000] {processor.py:178} INFO - Processing /home/airflow/.local/lib/python3.7/site-packages/airflow/example_dags/example_latest_only_with_trigger.py took 0.073 seconds
[2022-10-09T07:05:44.046+0000] {processor.py:156} INFO - Started process (PID=1799) to work on /home/airflow/.local/lib/python3.7/site-packages/airflow/example_dags/example_latest_only_with_trigger.py
[2022-10-09T07:05:44.048+0000] {processor.py:758} INFO - Processing file /home/airflow/.local/lib/python3.7/site-packages/airflow/example_dags/example_latest_only_with_trigger.py for tasks to queue
[2022-10-09T07:05:44.049+0000] {logging_mixin.py:117} INFO - [2022-10-09T07:05:44.049+0000] {dagbag.py:525} INFO - Filling up the DagBag from /home/airflow/.local/lib/python3.7/site-packages/airflow/example_dags/example_latest_only_with_trigger.py
[2022-10-09T07:05:44.057+0000] {processor.py:768} INFO - DAG(s) dict_keys(['latest_only_with_trigger']) retrieved from /home/airflow/.local/lib/python3.7/site-packages/airflow/example_dags/example_latest_only_with_trigger.py
[2022-10-09T07:05:44.090+0000] {logging_mixin.py:117} INFO - [2022-10-09T07:05:44.090+0000] {dag.py:2573} INFO - Sync 1 DAGs
[2022-10-09T07:05:44.114+0000] {logging_mixin.py:117} INFO - [2022-10-09T07:05:44.114+0000] {dag.py:3328} INFO - Setting next_dagrun for latest_only_with_trigger to 2022-10-09T03:05:44.114392+00:00, run_after=2022-10-09T07:05:44.114392+00:00
[2022-10-09T07:05:44.127+0000] {processor.py:178} INFO - Processing /home/airflow/.local/lib/python3.7/site-packages/airflow/example_dags/example_latest_only_with_trigger.py took 0.083 seconds
[2022-10-09T07:06:14.792+0000] {processor.py:156} INFO - Started process (PID=1862) to work on /home/airflow/.local/lib/python3.7/site-packages/airflow/example_dags/example_latest_only_with_trigger.py
[2022-10-09T07:06:14.795+0000] {processor.py:758} INFO - Processing file /home/airflow/.local/lib/python3.7/site-packages/airflow/example_dags/example_latest_only_with_trigger.py for tasks to queue
[2022-10-09T07:06:14.797+0000] {logging_mixin.py:117} INFO - [2022-10-09T07:06:14.797+0000] {dagbag.py:525} INFO - Filling up the DagBag from /home/airflow/.local/lib/python3.7/site-packages/airflow/example_dags/example_latest_only_with_trigger.py
[2022-10-09T07:06:14.811+0000] {processor.py:768} INFO - DAG(s) dict_keys(['latest_only_with_trigger']) retrieved from /home/airflow/.local/lib/python3.7/site-packages/airflow/example_dags/example_latest_only_with_trigger.py
[2022-10-09T07:06:14.852+0000] {logging_mixin.py:117} INFO - [2022-10-09T07:06:14.852+0000] {dag.py:2573} INFO - Sync 1 DAGs
[2022-10-09T07:06:14.876+0000] {logging_mixin.py:117} INFO - [2022-10-09T07:06:14.876+0000] {dag.py:3328} INFO - Setting next_dagrun for latest_only_with_trigger to 2022-10-09T03:06:14.876390+00:00, run_after=2022-10-09T07:06:14.876390+00:00
[2022-10-09T07:06:14.896+0000] {processor.py:178} INFO - Processing /home/airflow/.local/lib/python3.7/site-packages/airflow/example_dags/example_latest_only_with_trigger.py took 0.106 seconds
[2022-10-09T07:06:45.041+0000] {processor.py:156} INFO - Started process (PID=1924) to work on /home/airflow/.local/lib/python3.7/site-packages/airflow/example_dags/example_latest_only_with_trigger.py
[2022-10-09T07:06:45.043+0000] {processor.py:758} INFO - Processing file /home/airflow/.local/lib/python3.7/site-packages/airflow/example_dags/example_latest_only_with_trigger.py for tasks to queue
[2022-10-09T07:06:45.044+0000] {logging_mixin.py:117} INFO - [2022-10-09T07:06:45.044+0000] {dagbag.py:525} INFO - Filling up the DagBag from /home/airflow/.local/lib/python3.7/site-packages/airflow/example_dags/example_latest_only_with_trigger.py
[2022-10-09T07:06:45.053+0000] {processor.py:768} INFO - DAG(s) dict_keys(['latest_only_with_trigger']) retrieved from /home/airflow/.local/lib/python3.7/site-packages/airflow/example_dags/example_latest_only_with_trigger.py
[2022-10-09T07:06:45.078+0000] {logging_mixin.py:117} INFO - [2022-10-09T07:06:45.078+0000] {dag.py:2573} INFO - Sync 1 DAGs
[2022-10-09T07:06:45.092+0000] {logging_mixin.py:117} INFO - [2022-10-09T07:06:45.092+0000] {dag.py:3328} INFO - Setting next_dagrun for latest_only_with_trigger to 2022-10-09T03:06:45.092096+00:00, run_after=2022-10-09T07:06:45.092096+00:00
[2022-10-09T07:06:45.102+0000] {processor.py:178} INFO - Processing /home/airflow/.local/lib/python3.7/site-packages/airflow/example_dags/example_latest_only_with_trigger.py took 0.063 seconds
[2022-10-09T07:07:15.277+0000] {processor.py:156} INFO - Started process (PID=1989) to work on /home/airflow/.local/lib/python3.7/site-packages/airflow/example_dags/example_latest_only_with_trigger.py
[2022-10-09T07:07:15.278+0000] {processor.py:758} INFO - Processing file /home/airflow/.local/lib/python3.7/site-packages/airflow/example_dags/example_latest_only_with_trigger.py for tasks to queue
[2022-10-09T07:07:15.280+0000] {logging_mixin.py:117} INFO - [2022-10-09T07:07:15.280+0000] {dagbag.py:525} INFO - Filling up the DagBag from /home/airflow/.local/lib/python3.7/site-packages/airflow/example_dags/example_latest_only_with_trigger.py
[2022-10-09T07:07:15.289+0000] {processor.py:768} INFO - DAG(s) dict_keys(['latest_only_with_trigger']) retrieved from /home/airflow/.local/lib/python3.7/site-packages/airflow/example_dags/example_latest_only_with_trigger.py
[2022-10-09T07:07:15.314+0000] {logging_mixin.py:117} INFO - [2022-10-09T07:07:15.314+0000] {dag.py:2573} INFO - Sync 1 DAGs
[2022-10-09T07:07:15.329+0000] {logging_mixin.py:117} INFO - [2022-10-09T07:07:15.329+0000] {dag.py:3328} INFO - Setting next_dagrun for latest_only_with_trigger to 2022-10-09T03:07:15.329236+00:00, run_after=2022-10-09T07:07:15.329236+00:00
[2022-10-09T07:07:15.341+0000] {processor.py:178} INFO - Processing /home/airflow/.local/lib/python3.7/site-packages/airflow/example_dags/example_latest_only_with_trigger.py took 0.066 seconds
[2022-10-09T07:07:45.830+0000] {processor.py:156} INFO - Started process (PID=2051) to work on /home/airflow/.local/lib/python3.7/site-packages/airflow/example_dags/example_latest_only_with_trigger.py
[2022-10-09T07:07:45.832+0000] {processor.py:758} INFO - Processing file /home/airflow/.local/lib/python3.7/site-packages/airflow/example_dags/example_latest_only_with_trigger.py for tasks to queue
[2022-10-09T07:07:45.833+0000] {logging_mixin.py:117} INFO - [2022-10-09T07:07:45.833+0000] {dagbag.py:525} INFO - Filling up the DagBag from /home/airflow/.local/lib/python3.7/site-packages/airflow/example_dags/example_latest_only_with_trigger.py
[2022-10-09T07:07:45.842+0000] {processor.py:768} INFO - DAG(s) dict_keys(['latest_only_with_trigger']) retrieved from /home/airflow/.local/lib/python3.7/site-packages/airflow/example_dags/example_latest_only_with_trigger.py
[2022-10-09T07:07:45.870+0000] {logging_mixin.py:117} INFO - [2022-10-09T07:07:45.870+0000] {dag.py:2573} INFO - Sync 1 DAGs
[2022-10-09T07:07:45.888+0000] {logging_mixin.py:117} INFO - [2022-10-09T07:07:45.888+0000] {dag.py:3328} INFO - Setting next_dagrun for latest_only_with_trigger to 2022-10-09T03:07:45.887974+00:00, run_after=2022-10-09T07:07:45.887974+00:00
[2022-10-09T07:07:45.901+0000] {processor.py:178} INFO - Processing /home/airflow/.local/lib/python3.7/site-packages/airflow/example_dags/example_latest_only_with_trigger.py took 0.073 seconds
[2022-10-09T07:08:16.250+0000] {processor.py:156} INFO - Started process (PID=2108) to work on /home/airflow/.local/lib/python3.7/site-packages/airflow/example_dags/example_latest_only_with_trigger.py
[2022-10-09T07:08:16.252+0000] {processor.py:758} INFO - Processing file /home/airflow/.local/lib/python3.7/site-packages/airflow/example_dags/example_latest_only_with_trigger.py for tasks to queue
[2022-10-09T07:08:16.254+0000] {logging_mixin.py:117} INFO - [2022-10-09T07:08:16.254+0000] {dagbag.py:525} INFO - Filling up the DagBag from /home/airflow/.local/lib/python3.7/site-packages/airflow/example_dags/example_latest_only_with_trigger.py
[2022-10-09T07:08:16.266+0000] {processor.py:768} INFO - DAG(s) dict_keys(['latest_only_with_trigger']) retrieved from /home/airflow/.local/lib/python3.7/site-packages/airflow/example_dags/example_latest_only_with_trigger.py
[2022-10-09T07:08:16.298+0000] {logging_mixin.py:117} INFO - [2022-10-09T07:08:16.298+0000] {dag.py:2573} INFO - Sync 1 DAGs
[2022-10-09T07:08:16.317+0000] {logging_mixin.py:117} INFO - [2022-10-09T07:08:16.317+0000] {dag.py:3328} INFO - Setting next_dagrun for latest_only_with_trigger to 2022-10-09T03:08:16.317327+00:00, run_after=2022-10-09T07:08:16.317327+00:00
[2022-10-09T07:08:16.332+0000] {processor.py:178} INFO - Processing /home/airflow/.local/lib/python3.7/site-packages/airflow/example_dags/example_latest_only_with_trigger.py took 0.084 seconds
[2022-10-09T07:08:46.714+0000] {processor.py:156} INFO - Started process (PID=2171) to work on /home/airflow/.local/lib/python3.7/site-packages/airflow/example_dags/example_latest_only_with_trigger.py
[2022-10-09T07:08:46.715+0000] {processor.py:758} INFO - Processing file /home/airflow/.local/lib/python3.7/site-packages/airflow/example_dags/example_latest_only_with_trigger.py for tasks to queue
[2022-10-09T07:08:46.716+0000] {logging_mixin.py:117} INFO - [2022-10-09T07:08:46.716+0000] {dagbag.py:525} INFO - Filling up the DagBag from /home/airflow/.local/lib/python3.7/site-packages/airflow/example_dags/example_latest_only_with_trigger.py
[2022-10-09T07:08:46.724+0000] {processor.py:768} INFO - DAG(s) dict_keys(['latest_only_with_trigger']) retrieved from /home/airflow/.local/lib/python3.7/site-packages/airflow/example_dags/example_latest_only_with_trigger.py
[2022-10-09T07:08:46.747+0000] {logging_mixin.py:117} INFO - [2022-10-09T07:08:46.747+0000] {dag.py:2573} INFO - Sync 1 DAGs
[2022-10-09T07:08:46.762+0000] {logging_mixin.py:117} INFO - [2022-10-09T07:08:46.762+0000] {dag.py:3328} INFO - Setting next_dagrun for latest_only_with_trigger to 2022-10-09T03:08:46.762236+00:00, run_after=2022-10-09T07:08:46.762236+00:00
[2022-10-09T07:08:46.773+0000] {processor.py:178} INFO - Processing /home/airflow/.local/lib/python3.7/site-packages/airflow/example_dags/example_latest_only_with_trigger.py took 0.062 seconds
[2022-10-09T07:09:16.934+0000] {processor.py:156} INFO - Started process (PID=2235) to work on /home/airflow/.local/lib/python3.7/site-packages/airflow/example_dags/example_latest_only_with_trigger.py
[2022-10-09T07:09:16.935+0000] {processor.py:758} INFO - Processing file /home/airflow/.local/lib/python3.7/site-packages/airflow/example_dags/example_latest_only_with_trigger.py for tasks to queue
[2022-10-09T07:09:16.936+0000] {logging_mixin.py:117} INFO - [2022-10-09T07:09:16.936+0000] {dagbag.py:525} INFO - Filling up the DagBag from /home/airflow/.local/lib/python3.7/site-packages/airflow/example_dags/example_latest_only_with_trigger.py
[2022-10-09T07:09:16.945+0000] {processor.py:768} INFO - DAG(s) dict_keys(['latest_only_with_trigger']) retrieved from /home/airflow/.local/lib/python3.7/site-packages/airflow/example_dags/example_latest_only_with_trigger.py
[2022-10-09T07:09:16.969+0000] {logging_mixin.py:117} INFO - [2022-10-09T07:09:16.969+0000] {dag.py:2573} INFO - Sync 1 DAGs
[2022-10-09T07:09:16.982+0000] {logging_mixin.py:117} INFO - [2022-10-09T07:09:16.982+0000] {dag.py:3328} INFO - Setting next_dagrun for latest_only_with_trigger to 2022-10-09T03:09:16.982697+00:00, run_after=2022-10-09T07:09:16.982697+00:00
[2022-10-09T07:09:16.993+0000] {processor.py:178} INFO - Processing /home/airflow/.local/lib/python3.7/site-packages/airflow/example_dags/example_latest_only_with_trigger.py took 0.061 seconds
[2022-10-09T07:09:47.232+0000] {processor.py:156} INFO - Started process (PID=2297) to work on /home/airflow/.local/lib/python3.7/site-packages/airflow/example_dags/example_latest_only_with_trigger.py
[2022-10-09T07:09:47.234+0000] {processor.py:758} INFO - Processing file /home/airflow/.local/lib/python3.7/site-packages/airflow/example_dags/example_latest_only_with_trigger.py for tasks to queue
[2022-10-09T07:09:47.235+0000] {logging_mixin.py:117} INFO - [2022-10-09T07:09:47.235+0000] {dagbag.py:525} INFO - Filling up the DagBag from /home/airflow/.local/lib/python3.7/site-packages/airflow/example_dags/example_latest_only_with_trigger.py
[2022-10-09T07:09:47.245+0000] {processor.py:768} INFO - DAG(s) dict_keys(['latest_only_with_trigger']) retrieved from /home/airflow/.local/lib/python3.7/site-packages/airflow/example_dags/example_latest_only_with_trigger.py
[2022-10-09T07:09:47.269+0000] {logging_mixin.py:117} INFO - [2022-10-09T07:09:47.269+0000] {dag.py:2573} INFO - Sync 1 DAGs
[2022-10-09T07:09:47.285+0000] {logging_mixin.py:117} INFO - [2022-10-09T07:09:47.285+0000] {dag.py:3328} INFO - Setting next_dagrun for latest_only_with_trigger to 2022-10-09T03:09:47.285691+00:00, run_after=2022-10-09T07:09:47.285691+00:00
[2022-10-09T07:09:47.298+0000] {processor.py:178} INFO - Processing /home/airflow/.local/lib/python3.7/site-packages/airflow/example_dags/example_latest_only_with_trigger.py took 0.069 seconds
[2022-10-09T07:10:17.858+0000] {processor.py:156} INFO - Started process (PID=2359) to work on /home/airflow/.local/lib/python3.7/site-packages/airflow/example_dags/example_latest_only_with_trigger.py
[2022-10-09T07:10:17.859+0000] {processor.py:758} INFO - Processing file /home/airflow/.local/lib/python3.7/site-packages/airflow/example_dags/example_latest_only_with_trigger.py for tasks to queue
[2022-10-09T07:10:17.860+0000] {logging_mixin.py:117} INFO - [2022-10-09T07:10:17.860+0000] {dagbag.py:525} INFO - Filling up the DagBag from /home/airflow/.local/lib/python3.7/site-packages/airflow/example_dags/example_latest_only_with_trigger.py
[2022-10-09T07:10:17.868+0000] {processor.py:768} INFO - DAG(s) dict_keys(['latest_only_with_trigger']) retrieved from /home/airflow/.local/lib/python3.7/site-packages/airflow/example_dags/example_latest_only_with_trigger.py
[2022-10-09T07:10:17.891+0000] {logging_mixin.py:117} INFO - [2022-10-09T07:10:17.890+0000] {dag.py:2573} INFO - Sync 1 DAGs
[2022-10-09T07:10:17.905+0000] {logging_mixin.py:117} INFO - [2022-10-09T07:10:17.905+0000] {dag.py:3328} INFO - Setting next_dagrun for latest_only_with_trigger to 2022-10-09T03:10:17.905333+00:00, run_after=2022-10-09T07:10:17.905333+00:00
[2022-10-09T07:10:17.919+0000] {processor.py:178} INFO - Processing /home/airflow/.local/lib/python3.7/site-packages/airflow/example_dags/example_latest_only_with_trigger.py took 0.063 seconds
[2022-10-09T07:10:48.321+0000] {processor.py:156} INFO - Started process (PID=2413) to work on /home/airflow/.local/lib/python3.7/site-packages/airflow/example_dags/example_latest_only_with_trigger.py
[2022-10-09T07:10:48.323+0000] {processor.py:758} INFO - Processing file /home/airflow/.local/lib/python3.7/site-packages/airflow/example_dags/example_latest_only_with_trigger.py for tasks to queue
[2022-10-09T07:10:48.324+0000] {logging_mixin.py:117} INFO - [2022-10-09T07:10:48.324+0000] {dagbag.py:525} INFO - Filling up the DagBag from /home/airflow/.local/lib/python3.7/site-packages/airflow/example_dags/example_latest_only_with_trigger.py
[2022-10-09T07:10:48.332+0000] {processor.py:768} INFO - DAG(s) dict_keys(['latest_only_with_trigger']) retrieved from /home/airflow/.local/lib/python3.7/site-packages/airflow/example_dags/example_latest_only_with_trigger.py
[2022-10-09T07:10:48.356+0000] {logging_mixin.py:117} INFO - [2022-10-09T07:10:48.356+0000] {dag.py:2573} INFO - Sync 1 DAGs
[2022-10-09T07:10:48.370+0000] {logging_mixin.py:117} INFO - [2022-10-09T07:10:48.370+0000] {dag.py:3328} INFO - Setting next_dagrun for latest_only_with_trigger to 2022-10-09T03:10:48.370053+00:00, run_after=2022-10-09T07:10:48.370053+00:00
[2022-10-09T07:10:48.380+0000] {processor.py:178} INFO - Processing /home/airflow/.local/lib/python3.7/site-packages/airflow/example_dags/example_latest_only_with_trigger.py took 0.062 seconds
[2022-10-09T07:11:18.869+0000] {processor.py:156} INFO - Started process (PID=2476) to work on /home/airflow/.local/lib/python3.7/site-packages/airflow/example_dags/example_latest_only_with_trigger.py
[2022-10-09T07:11:18.871+0000] {processor.py:758} INFO - Processing file /home/airflow/.local/lib/python3.7/site-packages/airflow/example_dags/example_latest_only_with_trigger.py for tasks to queue
[2022-10-09T07:11:18.872+0000] {logging_mixin.py:117} INFO - [2022-10-09T07:11:18.872+0000] {dagbag.py:525} INFO - Filling up the DagBag from /home/airflow/.local/lib/python3.7/site-packages/airflow/example_dags/example_latest_only_with_trigger.py
[2022-10-09T07:11:18.881+0000] {processor.py:768} INFO - DAG(s) dict_keys(['latest_only_with_trigger']) retrieved from /home/airflow/.local/lib/python3.7/site-packages/airflow/example_dags/example_latest_only_with_trigger.py
[2022-10-09T07:11:18.904+0000] {logging_mixin.py:117} INFO - [2022-10-09T07:11:18.903+0000] {dag.py:2573} INFO - Sync 1 DAGs
[2022-10-09T07:11:18.918+0000] {logging_mixin.py:117} INFO - [2022-10-09T07:11:18.918+0000] {dag.py:3328} INFO - Setting next_dagrun for latest_only_with_trigger to 2022-10-09T03:11:18.918321+00:00, run_after=2022-10-09T07:11:18.918321+00:00
[2022-10-09T07:11:18.929+0000] {processor.py:178} INFO - Processing /home/airflow/.local/lib/python3.7/site-packages/airflow/example_dags/example_latest_only_with_trigger.py took 0.062 seconds
[2022-10-09T07:11:49.442+0000] {processor.py:156} INFO - Started process (PID=2539) to work on /home/airflow/.local/lib/python3.7/site-packages/airflow/example_dags/example_latest_only_with_trigger.py
[2022-10-09T07:11:49.444+0000] {processor.py:758} INFO - Processing file /home/airflow/.local/lib/python3.7/site-packages/airflow/example_dags/example_latest_only_with_trigger.py for tasks to queue
[2022-10-09T07:11:49.445+0000] {logging_mixin.py:117} INFO - [2022-10-09T07:11:49.445+0000] {dagbag.py:525} INFO - Filling up the DagBag from /home/airflow/.local/lib/python3.7/site-packages/airflow/example_dags/example_latest_only_with_trigger.py
[2022-10-09T07:11:49.455+0000] {processor.py:768} INFO - DAG(s) dict_keys(['latest_only_with_trigger']) retrieved from /home/airflow/.local/lib/python3.7/site-packages/airflow/example_dags/example_latest_only_with_trigger.py
[2022-10-09T07:11:49.480+0000] {logging_mixin.py:117} INFO - [2022-10-09T07:11:49.480+0000] {dag.py:2573} INFO - Sync 1 DAGs
[2022-10-09T07:11:49.495+0000] {logging_mixin.py:117} INFO - [2022-10-09T07:11:49.494+0000] {dag.py:3328} INFO - Setting next_dagrun for latest_only_with_trigger to 2022-10-09T03:11:49.494872+00:00, run_after=2022-10-09T07:11:49.494872+00:00
[2022-10-09T07:11:49.506+0000] {processor.py:178} INFO - Processing /home/airflow/.local/lib/python3.7/site-packages/airflow/example_dags/example_latest_only_with_trigger.py took 0.066 seconds
[2022-10-09T07:12:20.543+0000] {processor.py:156} INFO - Started process (PID=2602) to work on /home/airflow/.local/lib/python3.7/site-packages/airflow/example_dags/example_latest_only_with_trigger.py
[2022-10-09T07:12:20.558+0000] {processor.py:758} INFO - Processing file /home/airflow/.local/lib/python3.7/site-packages/airflow/example_dags/example_latest_only_with_trigger.py for tasks to queue
[2022-10-09T07:12:20.560+0000] {logging_mixin.py:117} INFO - [2022-10-09T07:12:20.560+0000] {dagbag.py:525} INFO - Filling up the DagBag from /home/airflow/.local/lib/python3.7/site-packages/airflow/example_dags/example_latest_only_with_trigger.py
[2022-10-09T07:12:20.571+0000] {processor.py:768} INFO - DAG(s) dict_keys(['latest_only_with_trigger']) retrieved from /home/airflow/.local/lib/python3.7/site-packages/airflow/example_dags/example_latest_only_with_trigger.py
[2022-10-09T07:12:20.597+0000] {logging_mixin.py:117} INFO - [2022-10-09T07:12:20.597+0000] {dag.py:2573} INFO - Sync 1 DAGs
[2022-10-09T07:12:20.612+0000] {logging_mixin.py:117} INFO - [2022-10-09T07:12:20.612+0000] {dag.py:3328} INFO - Setting next_dagrun for latest_only_with_trigger to 2022-10-09T03:12:20.612165+00:00, run_after=2022-10-09T07:12:20.612165+00:00
[2022-10-09T07:12:20.625+0000] {processor.py:178} INFO - Processing /home/airflow/.local/lib/python3.7/site-packages/airflow/example_dags/example_latest_only_with_trigger.py took 0.085 seconds
[2022-10-09T07:12:50.870+0000] {processor.py:156} INFO - Started process (PID=2665) to work on /home/airflow/.local/lib/python3.7/site-packages/airflow/example_dags/example_latest_only_with_trigger.py
[2022-10-09T07:12:50.871+0000] {processor.py:758} INFO - Processing file /home/airflow/.local/lib/python3.7/site-packages/airflow/example_dags/example_latest_only_with_trigger.py for tasks to queue
[2022-10-09T07:12:50.872+0000] {logging_mixin.py:117} INFO - [2022-10-09T07:12:50.872+0000] {dagbag.py:525} INFO - Filling up the DagBag from /home/airflow/.local/lib/python3.7/site-packages/airflow/example_dags/example_latest_only_with_trigger.py
[2022-10-09T07:12:50.881+0000] {processor.py:768} INFO - DAG(s) dict_keys(['latest_only_with_trigger']) retrieved from /home/airflow/.local/lib/python3.7/site-packages/airflow/example_dags/example_latest_only_with_trigger.py
[2022-10-09T07:12:50.907+0000] {logging_mixin.py:117} INFO - [2022-10-09T07:12:50.907+0000] {dag.py:2573} INFO - Sync 1 DAGs
[2022-10-09T07:12:50.923+0000] {logging_mixin.py:117} INFO - [2022-10-09T07:12:50.923+0000] {dag.py:3328} INFO - Setting next_dagrun for latest_only_with_trigger to 2022-10-09T03:12:50.923352+00:00, run_after=2022-10-09T07:12:50.923352+00:00
[2022-10-09T07:12:50.936+0000] {processor.py:178} INFO - Processing /home/airflow/.local/lib/python3.7/site-packages/airflow/example_dags/example_latest_only_with_trigger.py took 0.068 seconds
[2022-10-09T07:13:21.297+0000] {processor.py:156} INFO - Started process (PID=2727) to work on /home/airflow/.local/lib/python3.7/site-packages/airflow/example_dags/example_latest_only_with_trigger.py
[2022-10-09T07:13:21.299+0000] {processor.py:758} INFO - Processing file /home/airflow/.local/lib/python3.7/site-packages/airflow/example_dags/example_latest_only_with_trigger.py for tasks to queue
[2022-10-09T07:13:21.300+0000] {logging_mixin.py:117} INFO - [2022-10-09T07:13:21.300+0000] {dagbag.py:525} INFO - Filling up the DagBag from /home/airflow/.local/lib/python3.7/site-packages/airflow/example_dags/example_latest_only_with_trigger.py
[2022-10-09T07:13:21.310+0000] {processor.py:768} INFO - DAG(s) dict_keys(['latest_only_with_trigger']) retrieved from /home/airflow/.local/lib/python3.7/site-packages/airflow/example_dags/example_latest_only_with_trigger.py
[2022-10-09T07:13:21.336+0000] {logging_mixin.py:117} INFO - [2022-10-09T07:13:21.336+0000] {dag.py:2573} INFO - Sync 1 DAGs
[2022-10-09T07:13:21.353+0000] {logging_mixin.py:117} INFO - [2022-10-09T07:13:21.353+0000] {dag.py:3328} INFO - Setting next_dagrun for latest_only_with_trigger to 2022-10-09T03:13:21.353233+00:00, run_after=2022-10-09T07:13:21.353233+00:00
[2022-10-09T07:13:21.366+0000] {processor.py:178} INFO - Processing /home/airflow/.local/lib/python3.7/site-packages/airflow/example_dags/example_latest_only_with_trigger.py took 0.072 seconds
[2022-10-09T07:13:51.781+0000] {processor.py:156} INFO - Started process (PID=2782) to work on /home/airflow/.local/lib/python3.7/site-packages/airflow/example_dags/example_latest_only_with_trigger.py
[2022-10-09T07:13:51.782+0000] {processor.py:758} INFO - Processing file /home/airflow/.local/lib/python3.7/site-packages/airflow/example_dags/example_latest_only_with_trigger.py for tasks to queue
[2022-10-09T07:13:51.783+0000] {logging_mixin.py:117} INFO - [2022-10-09T07:13:51.783+0000] {dagbag.py:525} INFO - Filling up the DagBag from /home/airflow/.local/lib/python3.7/site-packages/airflow/example_dags/example_latest_only_with_trigger.py
[2022-10-09T07:13:51.793+0000] {processor.py:768} INFO - DAG(s) dict_keys(['latest_only_with_trigger']) retrieved from /home/airflow/.local/lib/python3.7/site-packages/airflow/example_dags/example_latest_only_with_trigger.py
[2022-10-09T07:13:51.819+0000] {logging_mixin.py:117} INFO - [2022-10-09T07:13:51.819+0000] {dag.py:2573} INFO - Sync 1 DAGs
[2022-10-09T07:13:51.833+0000] {logging_mixin.py:117} INFO - [2022-10-09T07:13:51.833+0000] {dag.py:3328} INFO - Setting next_dagrun for latest_only_with_trigger to 2022-10-09T03:13:51.833489+00:00, run_after=2022-10-09T07:13:51.833489+00:00
[2022-10-09T07:13:51.846+0000] {processor.py:178} INFO - Processing /home/airflow/.local/lib/python3.7/site-packages/airflow/example_dags/example_latest_only_with_trigger.py took 0.067 seconds
[2022-10-09T07:14:22.225+0000] {processor.py:156} INFO - Started process (PID=2844) to work on /home/airflow/.local/lib/python3.7/site-packages/airflow/example_dags/example_latest_only_with_trigger.py
[2022-10-09T07:14:22.227+0000] {processor.py:758} INFO - Processing file /home/airflow/.local/lib/python3.7/site-packages/airflow/example_dags/example_latest_only_with_trigger.py for tasks to queue
[2022-10-09T07:14:22.228+0000] {logging_mixin.py:117} INFO - [2022-10-09T07:14:22.228+0000] {dagbag.py:525} INFO - Filling up the DagBag from /home/airflow/.local/lib/python3.7/site-packages/airflow/example_dags/example_latest_only_with_trigger.py
[2022-10-09T07:14:22.241+0000] {processor.py:768} INFO - DAG(s) dict_keys(['latest_only_with_trigger']) retrieved from /home/airflow/.local/lib/python3.7/site-packages/airflow/example_dags/example_latest_only_with_trigger.py
[2022-10-09T07:14:22.271+0000] {logging_mixin.py:117} INFO - [2022-10-09T07:14:22.271+0000] {dag.py:2573} INFO - Sync 1 DAGs
[2022-10-09T07:14:22.287+0000] {logging_mixin.py:117} INFO - [2022-10-09T07:14:22.287+0000] {dag.py:3328} INFO - Setting next_dagrun for latest_only_with_trigger to 2022-10-09T03:14:22.287764+00:00, run_after=2022-10-09T07:14:22.287764+00:00
[2022-10-09T07:14:22.306+0000] {processor.py:178} INFO - Processing /home/airflow/.local/lib/python3.7/site-packages/airflow/example_dags/example_latest_only_with_trigger.py took 0.084 seconds
[2022-10-09T07:14:52.613+0000] {processor.py:156} INFO - Started process (PID=2908) to work on /home/airflow/.local/lib/python3.7/site-packages/airflow/example_dags/example_latest_only_with_trigger.py
[2022-10-09T07:14:52.614+0000] {processor.py:758} INFO - Processing file /home/airflow/.local/lib/python3.7/site-packages/airflow/example_dags/example_latest_only_with_trigger.py for tasks to queue
[2022-10-09T07:14:52.615+0000] {logging_mixin.py:117} INFO - [2022-10-09T07:14:52.615+0000] {dagbag.py:525} INFO - Filling up the DagBag from /home/airflow/.local/lib/python3.7/site-packages/airflow/example_dags/example_latest_only_with_trigger.py
[2022-10-09T07:14:52.623+0000] {processor.py:768} INFO - DAG(s) dict_keys(['latest_only_with_trigger']) retrieved from /home/airflow/.local/lib/python3.7/site-packages/airflow/example_dags/example_latest_only_with_trigger.py
[2022-10-09T07:14:52.648+0000] {logging_mixin.py:117} INFO - [2022-10-09T07:14:52.648+0000] {dag.py:2573} INFO - Sync 1 DAGs
[2022-10-09T07:14:52.662+0000] {logging_mixin.py:117} INFO - [2022-10-09T07:14:52.662+0000] {dag.py:3328} INFO - Setting next_dagrun for latest_only_with_trigger to 2022-10-09T03:14:52.662249+00:00, run_after=2022-10-09T07:14:52.662249+00:00
[2022-10-09T07:14:52.672+0000] {processor.py:178} INFO - Processing /home/airflow/.local/lib/python3.7/site-packages/airflow/example_dags/example_latest_only_with_trigger.py took 0.062 seconds
[2022-10-09T07:15:22.834+0000] {processor.py:156} INFO - Started process (PID=2971) to work on /home/airflow/.local/lib/python3.7/site-packages/airflow/example_dags/example_latest_only_with_trigger.py
[2022-10-09T07:15:22.835+0000] {processor.py:758} INFO - Processing file /home/airflow/.local/lib/python3.7/site-packages/airflow/example_dags/example_latest_only_with_trigger.py for tasks to queue
[2022-10-09T07:15:22.836+0000] {logging_mixin.py:117} INFO - [2022-10-09T07:15:22.836+0000] {dagbag.py:525} INFO - Filling up the DagBag from /home/airflow/.local/lib/python3.7/site-packages/airflow/example_dags/example_latest_only_with_trigger.py
[2022-10-09T07:15:22.846+0000] {processor.py:768} INFO - DAG(s) dict_keys(['latest_only_with_trigger']) retrieved from /home/airflow/.local/lib/python3.7/site-packages/airflow/example_dags/example_latest_only_with_trigger.py
[2022-10-09T07:15:22.873+0000] {logging_mixin.py:117} INFO - [2022-10-09T07:15:22.873+0000] {dag.py:2573} INFO - Sync 1 DAGs
[2022-10-09T07:15:22.890+0000] {logging_mixin.py:117} INFO - [2022-10-09T07:15:22.890+0000] {dag.py:3328} INFO - Setting next_dagrun for latest_only_with_trigger to 2022-10-09T03:15:22.889876+00:00, run_after=2022-10-09T07:15:22.889876+00:00
[2022-10-09T07:15:22.903+0000] {processor.py:178} INFO - Processing /home/airflow/.local/lib/python3.7/site-packages/airflow/example_dags/example_latest_only_with_trigger.py took 0.072 seconds
[2022-10-09T07:15:53.174+0000] {processor.py:156} INFO - Started process (PID=3034) to work on /home/airflow/.local/lib/python3.7/site-packages/airflow/example_dags/example_latest_only_with_trigger.py
[2022-10-09T07:15:53.176+0000] {processor.py:758} INFO - Processing file /home/airflow/.local/lib/python3.7/site-packages/airflow/example_dags/example_latest_only_with_trigger.py for tasks to queue
[2022-10-09T07:15:53.177+0000] {logging_mixin.py:117} INFO - [2022-10-09T07:15:53.177+0000] {dagbag.py:525} INFO - Filling up the DagBag from /home/airflow/.local/lib/python3.7/site-packages/airflow/example_dags/example_latest_only_with_trigger.py
[2022-10-09T07:15:53.196+0000] {processor.py:768} INFO - DAG(s) dict_keys(['latest_only_with_trigger']) retrieved from /home/airflow/.local/lib/python3.7/site-packages/airflow/example_dags/example_latest_only_with_trigger.py
[2022-10-09T07:15:53.227+0000] {logging_mixin.py:117} INFO - [2022-10-09T07:15:53.227+0000] {dag.py:2573} INFO - Sync 1 DAGs
[2022-10-09T07:15:53.244+0000] {logging_mixin.py:117} INFO - [2022-10-09T07:15:53.244+0000] {dag.py:3328} INFO - Setting next_dagrun for latest_only_with_trigger to 2022-10-09T03:15:53.244341+00:00, run_after=2022-10-09T07:15:53.244341+00:00
[2022-10-09T07:15:53.254+0000] {processor.py:178} INFO - Processing /home/airflow/.local/lib/python3.7/site-packages/airflow/example_dags/example_latest_only_with_trigger.py took 0.084 seconds
[2022-10-09T07:16:23.503+0000] {processor.py:156} INFO - Started process (PID=3088) to work on /home/airflow/.local/lib/python3.7/site-packages/airflow/example_dags/example_latest_only_with_trigger.py
[2022-10-09T07:16:23.504+0000] {processor.py:758} INFO - Processing file /home/airflow/.local/lib/python3.7/site-packages/airflow/example_dags/example_latest_only_with_trigger.py for tasks to queue
[2022-10-09T07:16:23.505+0000] {logging_mixin.py:117} INFO - [2022-10-09T07:16:23.505+0000] {dagbag.py:525} INFO - Filling up the DagBag from /home/airflow/.local/lib/python3.7/site-packages/airflow/example_dags/example_latest_only_with_trigger.py
[2022-10-09T07:16:23.514+0000] {processor.py:768} INFO - DAG(s) dict_keys(['latest_only_with_trigger']) retrieved from /home/airflow/.local/lib/python3.7/site-packages/airflow/example_dags/example_latest_only_with_trigger.py
[2022-10-09T07:16:23.540+0000] {logging_mixin.py:117} INFO - [2022-10-09T07:16:23.540+0000] {dag.py:2573} INFO - Sync 1 DAGs
[2022-10-09T07:16:23.558+0000] {logging_mixin.py:117} INFO - [2022-10-09T07:16:23.558+0000] {dag.py:3328} INFO - Setting next_dagrun for latest_only_with_trigger to 2022-10-09T03:16:23.557495+00:00, run_after=2022-10-09T07:16:23.557495+00:00
[2022-10-09T07:16:23.571+0000] {processor.py:178} INFO - Processing /home/airflow/.local/lib/python3.7/site-packages/airflow/example_dags/example_latest_only_with_trigger.py took 0.070 seconds
[2022-10-09T07:16:53.802+0000] {processor.py:156} INFO - Started process (PID=3150) to work on /home/airflow/.local/lib/python3.7/site-packages/airflow/example_dags/example_latest_only_with_trigger.py
[2022-10-09T07:16:53.803+0000] {processor.py:758} INFO - Processing file /home/airflow/.local/lib/python3.7/site-packages/airflow/example_dags/example_latest_only_with_trigger.py for tasks to queue
[2022-10-09T07:16:53.804+0000] {logging_mixin.py:117} INFO - [2022-10-09T07:16:53.804+0000] {dagbag.py:525} INFO - Filling up the DagBag from /home/airflow/.local/lib/python3.7/site-packages/airflow/example_dags/example_latest_only_with_trigger.py
[2022-10-09T07:16:53.813+0000] {processor.py:768} INFO - DAG(s) dict_keys(['latest_only_with_trigger']) retrieved from /home/airflow/.local/lib/python3.7/site-packages/airflow/example_dags/example_latest_only_with_trigger.py
[2022-10-09T07:16:53.837+0000] {logging_mixin.py:117} INFO - [2022-10-09T07:16:53.837+0000] {dag.py:2573} INFO - Sync 1 DAGs
[2022-10-09T07:16:53.855+0000] {logging_mixin.py:117} INFO - [2022-10-09T07:16:53.854+0000] {dag.py:3328} INFO - Setting next_dagrun for latest_only_with_trigger to 2022-10-09T03:16:53.854766+00:00, run_after=2022-10-09T07:16:53.854766+00:00
[2022-10-09T07:16:53.868+0000] {processor.py:178} INFO - Processing /home/airflow/.local/lib/python3.7/site-packages/airflow/example_dags/example_latest_only_with_trigger.py took 0.069 seconds
[2022-10-09T07:17:24.146+0000] {processor.py:156} INFO - Started process (PID=3213) to work on /home/airflow/.local/lib/python3.7/site-packages/airflow/example_dags/example_latest_only_with_trigger.py
[2022-10-09T07:17:24.147+0000] {processor.py:758} INFO - Processing file /home/airflow/.local/lib/python3.7/site-packages/airflow/example_dags/example_latest_only_with_trigger.py for tasks to queue
[2022-10-09T07:17:24.148+0000] {logging_mixin.py:117} INFO - [2022-10-09T07:17:24.148+0000] {dagbag.py:525} INFO - Filling up the DagBag from /home/airflow/.local/lib/python3.7/site-packages/airflow/example_dags/example_latest_only_with_trigger.py
[2022-10-09T07:17:24.158+0000] {processor.py:768} INFO - DAG(s) dict_keys(['latest_only_with_trigger']) retrieved from /home/airflow/.local/lib/python3.7/site-packages/airflow/example_dags/example_latest_only_with_trigger.py
[2022-10-09T07:17:24.184+0000] {logging_mixin.py:117} INFO - [2022-10-09T07:17:24.184+0000] {dag.py:2573} INFO - Sync 1 DAGs
[2022-10-09T07:17:24.200+0000] {logging_mixin.py:117} INFO - [2022-10-09T07:17:24.200+0000] {dag.py:3328} INFO - Setting next_dagrun for latest_only_with_trigger to 2022-10-09T03:17:24.200563+00:00, run_after=2022-10-09T07:17:24.200563+00:00
[2022-10-09T07:17:24.213+0000] {processor.py:178} INFO - Processing /home/airflow/.local/lib/python3.7/site-packages/airflow/example_dags/example_latest_only_with_trigger.py took 0.071 seconds
[2022-10-09T07:17:54.892+0000] {processor.py:156} INFO - Started process (PID=3274) to work on /home/airflow/.local/lib/python3.7/site-packages/airflow/example_dags/example_latest_only_with_trigger.py
[2022-10-09T07:17:54.893+0000] {processor.py:758} INFO - Processing file /home/airflow/.local/lib/python3.7/site-packages/airflow/example_dags/example_latest_only_with_trigger.py for tasks to queue
[2022-10-09T07:17:54.894+0000] {logging_mixin.py:117} INFO - [2022-10-09T07:17:54.894+0000] {dagbag.py:525} INFO - Filling up the DagBag from /home/airflow/.local/lib/python3.7/site-packages/airflow/example_dags/example_latest_only_with_trigger.py
[2022-10-09T07:17:54.902+0000] {processor.py:768} INFO - DAG(s) dict_keys(['latest_only_with_trigger']) retrieved from /home/airflow/.local/lib/python3.7/site-packages/airflow/example_dags/example_latest_only_with_trigger.py
[2022-10-09T07:17:54.926+0000] {logging_mixin.py:117} INFO - [2022-10-09T07:17:54.926+0000] {dag.py:2573} INFO - Sync 1 DAGs
[2022-10-09T07:17:54.939+0000] {logging_mixin.py:117} INFO - [2022-10-09T07:17:54.939+0000] {dag.py:3328} INFO - Setting next_dagrun for latest_only_with_trigger to 2022-10-09T03:17:54.939563+00:00, run_after=2022-10-09T07:17:54.939563+00:00
[2022-10-09T07:17:54.950+0000] {processor.py:178} INFO - Processing /home/airflow/.local/lib/python3.7/site-packages/airflow/example_dags/example_latest_only_with_trigger.py took 0.060 seconds
[2022-10-09T07:18:25.098+0000] {processor.py:156} INFO - Started process (PID=3337) to work on /home/airflow/.local/lib/python3.7/site-packages/airflow/example_dags/example_latest_only_with_trigger.py
[2022-10-09T07:18:25.099+0000] {processor.py:758} INFO - Processing file /home/airflow/.local/lib/python3.7/site-packages/airflow/example_dags/example_latest_only_with_trigger.py for tasks to queue
[2022-10-09T07:18:25.100+0000] {logging_mixin.py:117} INFO - [2022-10-09T07:18:25.100+0000] {dagbag.py:525} INFO - Filling up the DagBag from /home/airflow/.local/lib/python3.7/site-packages/airflow/example_dags/example_latest_only_with_trigger.py
[2022-10-09T07:18:25.110+0000] {processor.py:768} INFO - DAG(s) dict_keys(['latest_only_with_trigger']) retrieved from /home/airflow/.local/lib/python3.7/site-packages/airflow/example_dags/example_latest_only_with_trigger.py
[2022-10-09T07:18:25.138+0000] {logging_mixin.py:117} INFO - [2022-10-09T07:18:25.138+0000] {dag.py:2573} INFO - Sync 1 DAGs
[2022-10-09T07:18:25.154+0000] {logging_mixin.py:117} INFO - [2022-10-09T07:18:25.154+0000] {dag.py:3328} INFO - Setting next_dagrun for latest_only_with_trigger to 2022-10-09T03:18:25.154496+00:00, run_after=2022-10-09T07:18:25.154496+00:00
[2022-10-09T07:18:25.172+0000] {processor.py:178} INFO - Processing /home/airflow/.local/lib/python3.7/site-packages/airflow/example_dags/example_latest_only_with_trigger.py took 0.075 seconds
[2022-10-09T07:18:55.505+0000] {processor.py:156} INFO - Started process (PID=3391) to work on /home/airflow/.local/lib/python3.7/site-packages/airflow/example_dags/example_latest_only_with_trigger.py
[2022-10-09T07:18:55.506+0000] {processor.py:758} INFO - Processing file /home/airflow/.local/lib/python3.7/site-packages/airflow/example_dags/example_latest_only_with_trigger.py for tasks to queue
[2022-10-09T07:18:55.507+0000] {logging_mixin.py:117} INFO - [2022-10-09T07:18:55.507+0000] {dagbag.py:525} INFO - Filling up the DagBag from /home/airflow/.local/lib/python3.7/site-packages/airflow/example_dags/example_latest_only_with_trigger.py
[2022-10-09T07:18:55.515+0000] {processor.py:768} INFO - DAG(s) dict_keys(['latest_only_with_trigger']) retrieved from /home/airflow/.local/lib/python3.7/site-packages/airflow/example_dags/example_latest_only_with_trigger.py
[2022-10-09T07:18:55.540+0000] {logging_mixin.py:117} INFO - [2022-10-09T07:18:55.540+0000] {dag.py:2573} INFO - Sync 1 DAGs
[2022-10-09T07:18:55.555+0000] {logging_mixin.py:117} INFO - [2022-10-09T07:18:55.555+0000] {dag.py:3328} INFO - Setting next_dagrun for latest_only_with_trigger to 2022-10-09T03:18:55.555379+00:00, run_after=2022-10-09T07:18:55.555379+00:00
[2022-10-09T07:18:55.578+0000] {processor.py:178} INFO - Processing /home/airflow/.local/lib/python3.7/site-packages/airflow/example_dags/example_latest_only_with_trigger.py took 0.075 seconds
[2022-10-09T07:19:25.714+0000] {processor.py:156} INFO - Started process (PID=3453) to work on /home/airflow/.local/lib/python3.7/site-packages/airflow/example_dags/example_latest_only_with_trigger.py
[2022-10-09T07:19:25.715+0000] {processor.py:758} INFO - Processing file /home/airflow/.local/lib/python3.7/site-packages/airflow/example_dags/example_latest_only_with_trigger.py for tasks to queue
[2022-10-09T07:19:25.716+0000] {logging_mixin.py:117} INFO - [2022-10-09T07:19:25.716+0000] {dagbag.py:525} INFO - Filling up the DagBag from /home/airflow/.local/lib/python3.7/site-packages/airflow/example_dags/example_latest_only_with_trigger.py
[2022-10-09T07:19:25.726+0000] {processor.py:768} INFO - DAG(s) dict_keys(['latest_only_with_trigger']) retrieved from /home/airflow/.local/lib/python3.7/site-packages/airflow/example_dags/example_latest_only_with_trigger.py
[2022-10-09T07:19:25.751+0000] {logging_mixin.py:117} INFO - [2022-10-09T07:19:25.751+0000] {dag.py:2573} INFO - Sync 1 DAGs
[2022-10-09T07:19:25.765+0000] {logging_mixin.py:117} INFO - [2022-10-09T07:19:25.765+0000] {dag.py:3328} INFO - Setting next_dagrun for latest_only_with_trigger to 2022-10-09T03:19:25.765314+00:00, run_after=2022-10-09T07:19:25.765314+00:00
[2022-10-09T07:19:25.775+0000] {processor.py:178} INFO - Processing /home/airflow/.local/lib/python3.7/site-packages/airflow/example_dags/example_latest_only_with_trigger.py took 0.064 seconds
[2022-10-09T07:19:56.093+0000] {processor.py:156} INFO - Started process (PID=3517) to work on /home/airflow/.local/lib/python3.7/site-packages/airflow/example_dags/example_latest_only_with_trigger.py
[2022-10-09T07:19:56.094+0000] {processor.py:758} INFO - Processing file /home/airflow/.local/lib/python3.7/site-packages/airflow/example_dags/example_latest_only_with_trigger.py for tasks to queue
[2022-10-09T07:19:56.096+0000] {logging_mixin.py:117} INFO - [2022-10-09T07:19:56.096+0000] {dagbag.py:525} INFO - Filling up the DagBag from /home/airflow/.local/lib/python3.7/site-packages/airflow/example_dags/example_latest_only_with_trigger.py
[2022-10-09T07:19:56.105+0000] {processor.py:768} INFO - DAG(s) dict_keys(['latest_only_with_trigger']) retrieved from /home/airflow/.local/lib/python3.7/site-packages/airflow/example_dags/example_latest_only_with_trigger.py
[2022-10-09T07:19:56.131+0000] {logging_mixin.py:117} INFO - [2022-10-09T07:19:56.131+0000] {dag.py:2573} INFO - Sync 1 DAGs
[2022-10-09T07:19:56.146+0000] {logging_mixin.py:117} INFO - [2022-10-09T07:19:56.146+0000] {dag.py:3328} INFO - Setting next_dagrun for latest_only_with_trigger to 2022-10-09T03:19:56.146635+00:00, run_after=2022-10-09T07:19:56.146635+00:00
[2022-10-09T07:19:56.158+0000] {processor.py:178} INFO - Processing /home/airflow/.local/lib/python3.7/site-packages/airflow/example_dags/example_latest_only_with_trigger.py took 0.069 seconds
[2022-10-09T07:20:26.502+0000] {processor.py:156} INFO - Started process (PID=3580) to work on /home/airflow/.local/lib/python3.7/site-packages/airflow/example_dags/example_latest_only_with_trigger.py
[2022-10-09T07:20:26.503+0000] {processor.py:758} INFO - Processing file /home/airflow/.local/lib/python3.7/site-packages/airflow/example_dags/example_latest_only_with_trigger.py for tasks to queue
[2022-10-09T07:20:26.504+0000] {logging_mixin.py:117} INFO - [2022-10-09T07:20:26.504+0000] {dagbag.py:525} INFO - Filling up the DagBag from /home/airflow/.local/lib/python3.7/site-packages/airflow/example_dags/example_latest_only_with_trigger.py
[2022-10-09T07:20:26.513+0000] {processor.py:768} INFO - DAG(s) dict_keys(['latest_only_with_trigger']) retrieved from /home/airflow/.local/lib/python3.7/site-packages/airflow/example_dags/example_latest_only_with_trigger.py
[2022-10-09T07:20:26.544+0000] {logging_mixin.py:117} INFO - [2022-10-09T07:20:26.544+0000] {dag.py:2573} INFO - Sync 1 DAGs
[2022-10-09T07:20:26.575+0000] {logging_mixin.py:117} INFO - [2022-10-09T07:20:26.575+0000] {dag.py:3328} INFO - Setting next_dagrun for latest_only_with_trigger to 2022-10-09T03:20:26.574884+00:00, run_after=2022-10-09T07:20:26.574884+00:00
[2022-10-09T07:20:26.600+0000] {processor.py:178} INFO - Processing /home/airflow/.local/lib/python3.7/site-packages/airflow/example_dags/example_latest_only_with_trigger.py took 0.100 seconds
[2022-10-09T07:20:57.280+0000] {processor.py:156} INFO - Started process (PID=3643) to work on /home/airflow/.local/lib/python3.7/site-packages/airflow/example_dags/example_latest_only_with_trigger.py
[2022-10-09T07:20:57.281+0000] {processor.py:758} INFO - Processing file /home/airflow/.local/lib/python3.7/site-packages/airflow/example_dags/example_latest_only_with_trigger.py for tasks to queue
[2022-10-09T07:20:57.282+0000] {logging_mixin.py:117} INFO - [2022-10-09T07:20:57.282+0000] {dagbag.py:525} INFO - Filling up the DagBag from /home/airflow/.local/lib/python3.7/site-packages/airflow/example_dags/example_latest_only_with_trigger.py
[2022-10-09T07:20:57.292+0000] {processor.py:768} INFO - DAG(s) dict_keys(['latest_only_with_trigger']) retrieved from /home/airflow/.local/lib/python3.7/site-packages/airflow/example_dags/example_latest_only_with_trigger.py
[2022-10-09T07:20:57.319+0000] {logging_mixin.py:117} INFO - [2022-10-09T07:20:57.319+0000] {dag.py:2573} INFO - Sync 1 DAGs
[2022-10-09T07:20:57.336+0000] {logging_mixin.py:117} INFO - [2022-10-09T07:20:57.336+0000] {dag.py:3328} INFO - Setting next_dagrun for latest_only_with_trigger to 2022-10-09T03:20:57.336321+00:00, run_after=2022-10-09T07:20:57.336321+00:00
[2022-10-09T07:20:57.347+0000] {processor.py:178} INFO - Processing /home/airflow/.local/lib/python3.7/site-packages/airflow/example_dags/example_latest_only_with_trigger.py took 0.069 seconds
[2022-10-09T07:21:27.673+0000] {processor.py:156} INFO - Started process (PID=3697) to work on /home/airflow/.local/lib/python3.7/site-packages/airflow/example_dags/example_latest_only_with_trigger.py
[2022-10-09T07:21:27.675+0000] {processor.py:758} INFO - Processing file /home/airflow/.local/lib/python3.7/site-packages/airflow/example_dags/example_latest_only_with_trigger.py for tasks to queue
[2022-10-09T07:21:27.676+0000] {logging_mixin.py:117} INFO - [2022-10-09T07:21:27.676+0000] {dagbag.py:525} INFO - Filling up the DagBag from /home/airflow/.local/lib/python3.7/site-packages/airflow/example_dags/example_latest_only_with_trigger.py
[2022-10-09T07:21:27.685+0000] {processor.py:768} INFO - DAG(s) dict_keys(['latest_only_with_trigger']) retrieved from /home/airflow/.local/lib/python3.7/site-packages/airflow/example_dags/example_latest_only_with_trigger.py
[2022-10-09T07:21:27.712+0000] {logging_mixin.py:117} INFO - [2022-10-09T07:21:27.712+0000] {dag.py:2573} INFO - Sync 1 DAGs
[2022-10-09T07:21:27.728+0000] {logging_mixin.py:117} INFO - [2022-10-09T07:21:27.728+0000] {dag.py:3328} INFO - Setting next_dagrun for latest_only_with_trigger to 2022-10-09T03:21:27.728233+00:00, run_after=2022-10-09T07:21:27.728233+00:00
[2022-10-09T07:21:27.744+0000] {processor.py:178} INFO - Processing /home/airflow/.local/lib/python3.7/site-packages/airflow/example_dags/example_latest_only_with_trigger.py took 0.073 seconds
[2022-10-09T07:21:58.119+0000] {processor.py:156} INFO - Started process (PID=3758) to work on /home/airflow/.local/lib/python3.7/site-packages/airflow/example_dags/example_latest_only_with_trigger.py
[2022-10-09T07:21:58.121+0000] {processor.py:758} INFO - Processing file /home/airflow/.local/lib/python3.7/site-packages/airflow/example_dags/example_latest_only_with_trigger.py for tasks to queue
[2022-10-09T07:21:58.122+0000] {logging_mixin.py:117} INFO - [2022-10-09T07:21:58.122+0000] {dagbag.py:525} INFO - Filling up the DagBag from /home/airflow/.local/lib/python3.7/site-packages/airflow/example_dags/example_latest_only_with_trigger.py
[2022-10-09T07:21:58.132+0000] {processor.py:768} INFO - DAG(s) dict_keys(['latest_only_with_trigger']) retrieved from /home/airflow/.local/lib/python3.7/site-packages/airflow/example_dags/example_latest_only_with_trigger.py
[2022-10-09T07:21:58.157+0000] {logging_mixin.py:117} INFO - [2022-10-09T07:21:58.157+0000] {dag.py:2573} INFO - Sync 1 DAGs
[2022-10-09T07:21:58.172+0000] {logging_mixin.py:117} INFO - [2022-10-09T07:21:58.171+0000] {dag.py:3328} INFO - Setting next_dagrun for latest_only_with_trigger to 2022-10-09T03:21:58.171806+00:00, run_after=2022-10-09T07:21:58.171806+00:00
[2022-10-09T07:21:58.183+0000] {processor.py:178} INFO - Processing /home/airflow/.local/lib/python3.7/site-packages/airflow/example_dags/example_latest_only_with_trigger.py took 0.066 seconds
[2022-10-09T07:22:28.494+0000] {processor.py:156} INFO - Started process (PID=3821) to work on /home/airflow/.local/lib/python3.7/site-packages/airflow/example_dags/example_latest_only_with_trigger.py
[2022-10-09T07:22:28.495+0000] {processor.py:758} INFO - Processing file /home/airflow/.local/lib/python3.7/site-packages/airflow/example_dags/example_latest_only_with_trigger.py for tasks to queue
[2022-10-09T07:22:28.497+0000] {logging_mixin.py:117} INFO - [2022-10-09T07:22:28.497+0000] {dagbag.py:525} INFO - Filling up the DagBag from /home/airflow/.local/lib/python3.7/site-packages/airflow/example_dags/example_latest_only_with_trigger.py
[2022-10-09T07:22:28.509+0000] {processor.py:768} INFO - DAG(s) dict_keys(['latest_only_with_trigger']) retrieved from /home/airflow/.local/lib/python3.7/site-packages/airflow/example_dags/example_latest_only_with_trigger.py
[2022-10-09T07:22:28.534+0000] {logging_mixin.py:117} INFO - [2022-10-09T07:22:28.534+0000] {dag.py:2573} INFO - Sync 1 DAGs
[2022-10-09T07:22:28.550+0000] {logging_mixin.py:117} INFO - [2022-10-09T07:22:28.550+0000] {dag.py:3328} INFO - Setting next_dagrun for latest_only_with_trigger to 2022-10-09T03:22:28.550104+00:00, run_after=2022-10-09T07:22:28.550104+00:00
[2022-10-09T07:22:28.561+0000] {processor.py:178} INFO - Processing /home/airflow/.local/lib/python3.7/site-packages/airflow/example_dags/example_latest_only_with_trigger.py took 0.070 seconds
[2022-10-09T07:22:58.691+0000] {processor.py:156} INFO - Started process (PID=3885) to work on /home/airflow/.local/lib/python3.7/site-packages/airflow/example_dags/example_latest_only_with_trigger.py
[2022-10-09T07:22:58.693+0000] {processor.py:758} INFO - Processing file /home/airflow/.local/lib/python3.7/site-packages/airflow/example_dags/example_latest_only_with_trigger.py for tasks to queue
[2022-10-09T07:22:58.694+0000] {logging_mixin.py:117} INFO - [2022-10-09T07:22:58.694+0000] {dagbag.py:525} INFO - Filling up the DagBag from /home/airflow/.local/lib/python3.7/site-packages/airflow/example_dags/example_latest_only_with_trigger.py
[2022-10-09T07:22:58.702+0000] {processor.py:768} INFO - DAG(s) dict_keys(['latest_only_with_trigger']) retrieved from /home/airflow/.local/lib/python3.7/site-packages/airflow/example_dags/example_latest_only_with_trigger.py
[2022-10-09T07:22:58.731+0000] {logging_mixin.py:117} INFO - [2022-10-09T07:22:58.731+0000] {dag.py:2573} INFO - Sync 1 DAGs
[2022-10-09T07:22:58.758+0000] {logging_mixin.py:117} INFO - [2022-10-09T07:22:58.758+0000] {dag.py:3328} INFO - Setting next_dagrun for latest_only_with_trigger to 2022-10-09T03:22:58.758044+00:00, run_after=2022-10-09T07:22:58.758044+00:00
[2022-10-09T07:22:58.772+0000] {processor.py:178} INFO - Processing /home/airflow/.local/lib/python3.7/site-packages/airflow/example_dags/example_latest_only_with_trigger.py took 0.082 seconds
[2022-10-09T07:23:28.978+0000] {processor.py:156} INFO - Started process (PID=3948) to work on /home/airflow/.local/lib/python3.7/site-packages/airflow/example_dags/example_latest_only_with_trigger.py
[2022-10-09T07:23:28.980+0000] {processor.py:758} INFO - Processing file /home/airflow/.local/lib/python3.7/site-packages/airflow/example_dags/example_latest_only_with_trigger.py for tasks to queue
[2022-10-09T07:23:28.981+0000] {logging_mixin.py:117} INFO - [2022-10-09T07:23:28.981+0000] {dagbag.py:525} INFO - Filling up the DagBag from /home/airflow/.local/lib/python3.7/site-packages/airflow/example_dags/example_latest_only_with_trigger.py
[2022-10-09T07:23:28.992+0000] {processor.py:768} INFO - DAG(s) dict_keys(['latest_only_with_trigger']) retrieved from /home/airflow/.local/lib/python3.7/site-packages/airflow/example_dags/example_latest_only_with_trigger.py
[2022-10-09T07:23:29.020+0000] {logging_mixin.py:117} INFO - [2022-10-09T07:23:29.020+0000] {dag.py:2573} INFO - Sync 1 DAGs
[2022-10-09T07:23:29.038+0000] {logging_mixin.py:117} INFO - [2022-10-09T07:23:29.038+0000] {dag.py:3328} INFO - Setting next_dagrun for latest_only_with_trigger to 2022-10-09T03:23:29.037905+00:00, run_after=2022-10-09T07:23:29.037905+00:00
[2022-10-09T07:23:29.053+0000] {processor.py:178} INFO - Processing /home/airflow/.local/lib/python3.7/site-packages/airflow/example_dags/example_latest_only_with_trigger.py took 0.077 seconds
[2022-10-09T07:23:59.406+0000] {processor.py:156} INFO - Started process (PID=4002) to work on /home/airflow/.local/lib/python3.7/site-packages/airflow/example_dags/example_latest_only_with_trigger.py
[2022-10-09T07:23:59.408+0000] {processor.py:758} INFO - Processing file /home/airflow/.local/lib/python3.7/site-packages/airflow/example_dags/example_latest_only_with_trigger.py for tasks to queue
[2022-10-09T07:23:59.409+0000] {logging_mixin.py:117} INFO - [2022-10-09T07:23:59.409+0000] {dagbag.py:525} INFO - Filling up the DagBag from /home/airflow/.local/lib/python3.7/site-packages/airflow/example_dags/example_latest_only_with_trigger.py
[2022-10-09T07:23:59.423+0000] {processor.py:768} INFO - DAG(s) dict_keys(['latest_only_with_trigger']) retrieved from /home/airflow/.local/lib/python3.7/site-packages/airflow/example_dags/example_latest_only_with_trigger.py
[2022-10-09T07:23:59.455+0000] {logging_mixin.py:117} INFO - [2022-10-09T07:23:59.455+0000] {dag.py:2573} INFO - Sync 1 DAGs
[2022-10-09T07:23:59.471+0000] {logging_mixin.py:117} INFO - [2022-10-09T07:23:59.471+0000] {dag.py:3328} INFO - Setting next_dagrun for latest_only_with_trigger to 2022-10-09T03:23:59.471200+00:00, run_after=2022-10-09T07:23:59.471200+00:00
[2022-10-09T07:23:59.484+0000] {processor.py:178} INFO - Processing /home/airflow/.local/lib/python3.7/site-packages/airflow/example_dags/example_latest_only_with_trigger.py took 0.080 seconds
[2022-10-09T07:24:29.862+0000] {processor.py:156} INFO - Started process (PID=4068) to work on /home/airflow/.local/lib/python3.7/site-packages/airflow/example_dags/example_latest_only_with_trigger.py
[2022-10-09T07:24:29.864+0000] {processor.py:758} INFO - Processing file /home/airflow/.local/lib/python3.7/site-packages/airflow/example_dags/example_latest_only_with_trigger.py for tasks to queue
[2022-10-09T07:24:29.865+0000] {logging_mixin.py:117} INFO - [2022-10-09T07:24:29.865+0000] {dagbag.py:525} INFO - Filling up the DagBag from /home/airflow/.local/lib/python3.7/site-packages/airflow/example_dags/example_latest_only_with_trigger.py
[2022-10-09T07:24:29.882+0000] {processor.py:768} INFO - DAG(s) dict_keys(['latest_only_with_trigger']) retrieved from /home/airflow/.local/lib/python3.7/site-packages/airflow/example_dags/example_latest_only_with_trigger.py
[2022-10-09T07:24:29.929+0000] {logging_mixin.py:117} INFO - [2022-10-09T07:24:29.929+0000] {dag.py:2573} INFO - Sync 1 DAGs
[2022-10-09T07:24:29.962+0000] {logging_mixin.py:117} INFO - [2022-10-09T07:24:29.962+0000] {dag.py:3328} INFO - Setting next_dagrun for latest_only_with_trigger to 2022-10-09T03:24:29.961947+00:00, run_after=2022-10-09T07:24:29.961947+00:00
[2022-10-09T07:24:29.990+0000] {processor.py:178} INFO - Processing /home/airflow/.local/lib/python3.7/site-packages/airflow/example_dags/example_latest_only_with_trigger.py took 0.130 seconds
