[2022-10-09T06:40:40.064+0000] {processor.py:156} INFO - Started process (PID=54) to work on /home/airflow/.local/lib/python3.7/site-packages/airflow/example_dags/example_time_delta_sensor_async.py
[2022-10-09T06:40:40.066+0000] {processor.py:758} INFO - Processing file /home/airflow/.local/lib/python3.7/site-packages/airflow/example_dags/example_time_delta_sensor_async.py for tasks to queue
[2022-10-09T06:40:40.068+0000] {logging_mixin.py:117} INFO - [2022-10-09T06:40:40.068+0000] {dagbag.py:525} INFO - Filling up the DagBag from /home/airflow/.local/lib/python3.7/site-packages/airflow/example_dags/example_time_delta_sensor_async.py
[2022-10-09T06:40:40.095+0000] {processor.py:768} INFO - DAG(s) dict_keys(['example_time_delta_sensor_async']) retrieved from /home/airflow/.local/lib/python3.7/site-packages/airflow/example_dags/example_time_delta_sensor_async.py
[2022-10-09T06:40:40.136+0000] {logging_mixin.py:117} INFO - [2022-10-09T06:40:40.136+0000] {dag.py:2573} INFO - Sync 1 DAGs
[2022-10-09T06:40:40.164+0000] {logging_mixin.py:117} INFO - [2022-10-09T06:40:40.164+0000] {dag.py:3328} INFO - Setting next_dagrun for example_time_delta_sensor_async to None, run_after=None
[2022-10-09T06:40:40.192+0000] {processor.py:178} INFO - Processing /home/airflow/.local/lib/python3.7/site-packages/airflow/example_dags/example_time_delta_sensor_async.py took 0.140 seconds
[2022-10-09T06:41:10.591+0000] {processor.py:156} INFO - Started process (PID=117) to work on /home/airflow/.local/lib/python3.7/site-packages/airflow/example_dags/example_time_delta_sensor_async.py
[2022-10-09T06:41:10.595+0000] {processor.py:758} INFO - Processing file /home/airflow/.local/lib/python3.7/site-packages/airflow/example_dags/example_time_delta_sensor_async.py for tasks to queue
[2022-10-09T06:41:10.596+0000] {logging_mixin.py:117} INFO - [2022-10-09T06:41:10.596+0000] {dagbag.py:525} INFO - Filling up the DagBag from /home/airflow/.local/lib/python3.7/site-packages/airflow/example_dags/example_time_delta_sensor_async.py
[2022-10-09T06:41:10.611+0000] {processor.py:768} INFO - DAG(s) dict_keys(['example_time_delta_sensor_async']) retrieved from /home/airflow/.local/lib/python3.7/site-packages/airflow/example_dags/example_time_delta_sensor_async.py
[2022-10-09T06:41:10.735+0000] {logging_mixin.py:117} INFO - [2022-10-09T06:41:10.735+0000] {dag.py:2573} INFO - Sync 1 DAGs
[2022-10-09T06:41:10.762+0000] {logging_mixin.py:117} INFO - [2022-10-09T06:41:10.761+0000] {dag.py:3328} INFO - Setting next_dagrun for example_time_delta_sensor_async to None, run_after=None
[2022-10-09T06:41:10.775+0000] {processor.py:178} INFO - Processing /home/airflow/.local/lib/python3.7/site-packages/airflow/example_dags/example_time_delta_sensor_async.py took 0.187 seconds
[2022-10-09T06:41:40.974+0000] {processor.py:156} INFO - Started process (PID=181) to work on /home/airflow/.local/lib/python3.7/site-packages/airflow/example_dags/example_time_delta_sensor_async.py
[2022-10-09T06:41:40.976+0000] {processor.py:758} INFO - Processing file /home/airflow/.local/lib/python3.7/site-packages/airflow/example_dags/example_time_delta_sensor_async.py for tasks to queue
[2022-10-09T06:41:40.977+0000] {logging_mixin.py:117} INFO - [2022-10-09T06:41:40.977+0000] {dagbag.py:525} INFO - Filling up the DagBag from /home/airflow/.local/lib/python3.7/site-packages/airflow/example_dags/example_time_delta_sensor_async.py
[2022-10-09T06:41:40.986+0000] {processor.py:768} INFO - DAG(s) dict_keys(['example_time_delta_sensor_async']) retrieved from /home/airflow/.local/lib/python3.7/site-packages/airflow/example_dags/example_time_delta_sensor_async.py
[2022-10-09T06:41:41.088+0000] {logging_mixin.py:117} INFO - [2022-10-09T06:41:41.088+0000] {dag.py:2573} INFO - Sync 1 DAGs
[2022-10-09T06:41:41.107+0000] {logging_mixin.py:117} INFO - [2022-10-09T06:41:41.107+0000] {dag.py:3328} INFO - Setting next_dagrun for example_time_delta_sensor_async to None, run_after=None
[2022-10-09T06:41:41.123+0000] {processor.py:178} INFO - Processing /home/airflow/.local/lib/python3.7/site-packages/airflow/example_dags/example_time_delta_sensor_async.py took 0.151 seconds
[2022-10-09T06:42:11.692+0000] {processor.py:156} INFO - Started process (PID=244) to work on /home/airflow/.local/lib/python3.7/site-packages/airflow/example_dags/example_time_delta_sensor_async.py
[2022-10-09T06:42:11.693+0000] {processor.py:758} INFO - Processing file /home/airflow/.local/lib/python3.7/site-packages/airflow/example_dags/example_time_delta_sensor_async.py for tasks to queue
[2022-10-09T06:42:11.695+0000] {logging_mixin.py:117} INFO - [2022-10-09T06:42:11.695+0000] {dagbag.py:525} INFO - Filling up the DagBag from /home/airflow/.local/lib/python3.7/site-packages/airflow/example_dags/example_time_delta_sensor_async.py
[2022-10-09T06:42:11.705+0000] {processor.py:768} INFO - DAG(s) dict_keys(['example_time_delta_sensor_async']) retrieved from /home/airflow/.local/lib/python3.7/site-packages/airflow/example_dags/example_time_delta_sensor_async.py
[2022-10-09T06:42:11.807+0000] {logging_mixin.py:117} INFO - [2022-10-09T06:42:11.807+0000] {dag.py:2573} INFO - Sync 1 DAGs
[2022-10-09T06:42:11.822+0000] {logging_mixin.py:117} INFO - [2022-10-09T06:42:11.822+0000] {dag.py:3328} INFO - Setting next_dagrun for example_time_delta_sensor_async to None, run_after=None
[2022-10-09T06:42:11.833+0000] {processor.py:178} INFO - Processing /home/airflow/.local/lib/python3.7/site-packages/airflow/example_dags/example_time_delta_sensor_async.py took 0.144 seconds
[2022-10-09T06:42:42.141+0000] {processor.py:156} INFO - Started process (PID=298) to work on /home/airflow/.local/lib/python3.7/site-packages/airflow/example_dags/example_time_delta_sensor_async.py
[2022-10-09T06:42:42.143+0000] {processor.py:758} INFO - Processing file /home/airflow/.local/lib/python3.7/site-packages/airflow/example_dags/example_time_delta_sensor_async.py for tasks to queue
[2022-10-09T06:42:42.144+0000] {logging_mixin.py:117} INFO - [2022-10-09T06:42:42.144+0000] {dagbag.py:525} INFO - Filling up the DagBag from /home/airflow/.local/lib/python3.7/site-packages/airflow/example_dags/example_time_delta_sensor_async.py
[2022-10-09T06:42:42.153+0000] {processor.py:768} INFO - DAG(s) dict_keys(['example_time_delta_sensor_async']) retrieved from /home/airflow/.local/lib/python3.7/site-packages/airflow/example_dags/example_time_delta_sensor_async.py
[2022-10-09T06:42:42.259+0000] {logging_mixin.py:117} INFO - [2022-10-09T06:42:42.258+0000] {dag.py:2573} INFO - Sync 1 DAGs
[2022-10-09T06:42:42.277+0000] {logging_mixin.py:117} INFO - [2022-10-09T06:42:42.277+0000] {dag.py:3328} INFO - Setting next_dagrun for example_time_delta_sensor_async to None, run_after=None
[2022-10-09T06:42:42.288+0000] {processor.py:178} INFO - Processing /home/airflow/.local/lib/python3.7/site-packages/airflow/example_dags/example_time_delta_sensor_async.py took 0.150 seconds
[2022-10-09T06:43:12.541+0000] {processor.py:156} INFO - Started process (PID=362) to work on /home/airflow/.local/lib/python3.7/site-packages/airflow/example_dags/example_time_delta_sensor_async.py
[2022-10-09T06:43:12.542+0000] {processor.py:758} INFO - Processing file /home/airflow/.local/lib/python3.7/site-packages/airflow/example_dags/example_time_delta_sensor_async.py for tasks to queue
[2022-10-09T06:43:12.543+0000] {logging_mixin.py:117} INFO - [2022-10-09T06:43:12.543+0000] {dagbag.py:525} INFO - Filling up the DagBag from /home/airflow/.local/lib/python3.7/site-packages/airflow/example_dags/example_time_delta_sensor_async.py
[2022-10-09T06:43:12.552+0000] {processor.py:768} INFO - DAG(s) dict_keys(['example_time_delta_sensor_async']) retrieved from /home/airflow/.local/lib/python3.7/site-packages/airflow/example_dags/example_time_delta_sensor_async.py
[2022-10-09T06:43:12.639+0000] {logging_mixin.py:117} INFO - [2022-10-09T06:43:12.639+0000] {dag.py:2573} INFO - Sync 1 DAGs
[2022-10-09T06:43:12.653+0000] {logging_mixin.py:117} INFO - [2022-10-09T06:43:12.653+0000] {dag.py:3328} INFO - Setting next_dagrun for example_time_delta_sensor_async to None, run_after=None
[2022-10-09T06:43:12.664+0000] {processor.py:178} INFO - Processing /home/airflow/.local/lib/python3.7/site-packages/airflow/example_dags/example_time_delta_sensor_async.py took 0.125 seconds
[2022-10-09T06:43:42.725+0000] {processor.py:156} INFO - Started process (PID=425) to work on /home/airflow/.local/lib/python3.7/site-packages/airflow/example_dags/example_time_delta_sensor_async.py
[2022-10-09T06:43:42.727+0000] {processor.py:758} INFO - Processing file /home/airflow/.local/lib/python3.7/site-packages/airflow/example_dags/example_time_delta_sensor_async.py for tasks to queue
[2022-10-09T06:43:42.727+0000] {logging_mixin.py:117} INFO - [2022-10-09T06:43:42.727+0000] {dagbag.py:525} INFO - Filling up the DagBag from /home/airflow/.local/lib/python3.7/site-packages/airflow/example_dags/example_time_delta_sensor_async.py
[2022-10-09T06:43:42.736+0000] {processor.py:768} INFO - DAG(s) dict_keys(['example_time_delta_sensor_async']) retrieved from /home/airflow/.local/lib/python3.7/site-packages/airflow/example_dags/example_time_delta_sensor_async.py
[2022-10-09T06:43:42.832+0000] {logging_mixin.py:117} INFO - [2022-10-09T06:43:42.832+0000] {dag.py:2573} INFO - Sync 1 DAGs
[2022-10-09T06:43:42.845+0000] {logging_mixin.py:117} INFO - [2022-10-09T06:43:42.845+0000] {dag.py:3328} INFO - Setting next_dagrun for example_time_delta_sensor_async to None, run_after=None
[2022-10-09T06:43:42.856+0000] {processor.py:178} INFO - Processing /home/airflow/.local/lib/python3.7/site-packages/airflow/example_dags/example_time_delta_sensor_async.py took 0.133 seconds
[2022-10-09T06:44:13.033+0000] {processor.py:156} INFO - Started process (PID=487) to work on /home/airflow/.local/lib/python3.7/site-packages/airflow/example_dags/example_time_delta_sensor_async.py
[2022-10-09T06:44:13.034+0000] {processor.py:758} INFO - Processing file /home/airflow/.local/lib/python3.7/site-packages/airflow/example_dags/example_time_delta_sensor_async.py for tasks to queue
[2022-10-09T06:44:13.035+0000] {logging_mixin.py:117} INFO - [2022-10-09T06:44:13.035+0000] {dagbag.py:525} INFO - Filling up the DagBag from /home/airflow/.local/lib/python3.7/site-packages/airflow/example_dags/example_time_delta_sensor_async.py
[2022-10-09T06:44:13.045+0000] {processor.py:768} INFO - DAG(s) dict_keys(['example_time_delta_sensor_async']) retrieved from /home/airflow/.local/lib/python3.7/site-packages/airflow/example_dags/example_time_delta_sensor_async.py
[2022-10-09T06:44:13.152+0000] {logging_mixin.py:117} INFO - [2022-10-09T06:44:13.152+0000] {dag.py:2573} INFO - Sync 1 DAGs
[2022-10-09T06:44:13.168+0000] {logging_mixin.py:117} INFO - [2022-10-09T06:44:13.168+0000] {dag.py:3328} INFO - Setting next_dagrun for example_time_delta_sensor_async to None, run_after=None
[2022-10-09T06:44:13.179+0000] {processor.py:178} INFO - Processing /home/airflow/.local/lib/python3.7/site-packages/airflow/example_dags/example_time_delta_sensor_async.py took 0.149 seconds
[2022-10-09T06:44:43.390+0000] {processor.py:156} INFO - Started process (PID=550) to work on /home/airflow/.local/lib/python3.7/site-packages/airflow/example_dags/example_time_delta_sensor_async.py
[2022-10-09T06:44:43.391+0000] {processor.py:758} INFO - Processing file /home/airflow/.local/lib/python3.7/site-packages/airflow/example_dags/example_time_delta_sensor_async.py for tasks to queue
[2022-10-09T06:44:43.392+0000] {logging_mixin.py:117} INFO - [2022-10-09T06:44:43.392+0000] {dagbag.py:525} INFO - Filling up the DagBag from /home/airflow/.local/lib/python3.7/site-packages/airflow/example_dags/example_time_delta_sensor_async.py
[2022-10-09T06:44:43.402+0000] {processor.py:768} INFO - DAG(s) dict_keys(['example_time_delta_sensor_async']) retrieved from /home/airflow/.local/lib/python3.7/site-packages/airflow/example_dags/example_time_delta_sensor_async.py
[2022-10-09T06:44:43.499+0000] {logging_mixin.py:117} INFO - [2022-10-09T06:44:43.499+0000] {dag.py:2573} INFO - Sync 1 DAGs
[2022-10-09T06:44:43.513+0000] {logging_mixin.py:117} INFO - [2022-10-09T06:44:43.513+0000] {dag.py:3328} INFO - Setting next_dagrun for example_time_delta_sensor_async to None, run_after=None
[2022-10-09T06:44:43.524+0000] {processor.py:178} INFO - Processing /home/airflow/.local/lib/python3.7/site-packages/airflow/example_dags/example_time_delta_sensor_async.py took 0.137 seconds
[2022-10-09T06:45:13.574+0000] {processor.py:156} INFO - Started process (PID=604) to work on /home/airflow/.local/lib/python3.7/site-packages/airflow/example_dags/example_time_delta_sensor_async.py
[2022-10-09T06:45:13.575+0000] {processor.py:758} INFO - Processing file /home/airflow/.local/lib/python3.7/site-packages/airflow/example_dags/example_time_delta_sensor_async.py for tasks to queue
[2022-10-09T06:45:13.576+0000] {logging_mixin.py:117} INFO - [2022-10-09T06:45:13.576+0000] {dagbag.py:525} INFO - Filling up the DagBag from /home/airflow/.local/lib/python3.7/site-packages/airflow/example_dags/example_time_delta_sensor_async.py
[2022-10-09T06:45:13.586+0000] {processor.py:768} INFO - DAG(s) dict_keys(['example_time_delta_sensor_async']) retrieved from /home/airflow/.local/lib/python3.7/site-packages/airflow/example_dags/example_time_delta_sensor_async.py
[2022-10-09T06:45:13.700+0000] {logging_mixin.py:117} INFO - [2022-10-09T06:45:13.700+0000] {dag.py:2573} INFO - Sync 1 DAGs
[2022-10-09T06:45:13.721+0000] {logging_mixin.py:117} INFO - [2022-10-09T06:45:13.720+0000] {dag.py:3328} INFO - Setting next_dagrun for example_time_delta_sensor_async to None, run_after=None
[2022-10-09T06:45:13.739+0000] {processor.py:178} INFO - Processing /home/airflow/.local/lib/python3.7/site-packages/airflow/example_dags/example_time_delta_sensor_async.py took 0.167 seconds
[2022-10-09T06:45:43.948+0000] {processor.py:156} INFO - Started process (PID=666) to work on /home/airflow/.local/lib/python3.7/site-packages/airflow/example_dags/example_time_delta_sensor_async.py
[2022-10-09T06:45:43.959+0000] {processor.py:758} INFO - Processing file /home/airflow/.local/lib/python3.7/site-packages/airflow/example_dags/example_time_delta_sensor_async.py for tasks to queue
[2022-10-09T06:45:43.960+0000] {logging_mixin.py:117} INFO - [2022-10-09T06:45:43.960+0000] {dagbag.py:525} INFO - Filling up the DagBag from /home/airflow/.local/lib/python3.7/site-packages/airflow/example_dags/example_time_delta_sensor_async.py
[2022-10-09T06:45:43.968+0000] {processor.py:768} INFO - DAG(s) dict_keys(['example_time_delta_sensor_async']) retrieved from /home/airflow/.local/lib/python3.7/site-packages/airflow/example_dags/example_time_delta_sensor_async.py
[2022-10-09T06:45:44.066+0000] {logging_mixin.py:117} INFO - [2022-10-09T06:45:44.066+0000] {dag.py:2573} INFO - Sync 1 DAGs
[2022-10-09T06:45:44.081+0000] {logging_mixin.py:117} INFO - [2022-10-09T06:45:44.081+0000] {dag.py:3328} INFO - Setting next_dagrun for example_time_delta_sensor_async to None, run_after=None
[2022-10-09T06:45:44.092+0000] {processor.py:178} INFO - Processing /home/airflow/.local/lib/python3.7/site-packages/airflow/example_dags/example_time_delta_sensor_async.py took 0.145 seconds
[2022-10-09T06:46:14.154+0000] {processor.py:156} INFO - Started process (PID=730) to work on /home/airflow/.local/lib/python3.7/site-packages/airflow/example_dags/example_time_delta_sensor_async.py
[2022-10-09T06:46:14.155+0000] {processor.py:758} INFO - Processing file /home/airflow/.local/lib/python3.7/site-packages/airflow/example_dags/example_time_delta_sensor_async.py for tasks to queue
[2022-10-09T06:46:14.156+0000] {logging_mixin.py:117} INFO - [2022-10-09T06:46:14.156+0000] {dagbag.py:525} INFO - Filling up the DagBag from /home/airflow/.local/lib/python3.7/site-packages/airflow/example_dags/example_time_delta_sensor_async.py
[2022-10-09T06:46:14.167+0000] {processor.py:768} INFO - DAG(s) dict_keys(['example_time_delta_sensor_async']) retrieved from /home/airflow/.local/lib/python3.7/site-packages/airflow/example_dags/example_time_delta_sensor_async.py
[2022-10-09T06:46:14.265+0000] {logging_mixin.py:117} INFO - [2022-10-09T06:46:14.265+0000] {dag.py:2573} INFO - Sync 1 DAGs
[2022-10-09T06:46:14.280+0000] {logging_mixin.py:117} INFO - [2022-10-09T06:46:14.279+0000] {dag.py:3328} INFO - Setting next_dagrun for example_time_delta_sensor_async to None, run_after=None
[2022-10-09T06:46:14.292+0000] {processor.py:178} INFO - Processing /home/airflow/.local/lib/python3.7/site-packages/airflow/example_dags/example_time_delta_sensor_async.py took 0.140 seconds
[2022-10-09T06:46:44.432+0000] {processor.py:156} INFO - Started process (PID=794) to work on /home/airflow/.local/lib/python3.7/site-packages/airflow/example_dags/example_time_delta_sensor_async.py
[2022-10-09T06:46:44.434+0000] {processor.py:758} INFO - Processing file /home/airflow/.local/lib/python3.7/site-packages/airflow/example_dags/example_time_delta_sensor_async.py for tasks to queue
[2022-10-09T06:46:44.435+0000] {logging_mixin.py:117} INFO - [2022-10-09T06:46:44.435+0000] {dagbag.py:525} INFO - Filling up the DagBag from /home/airflow/.local/lib/python3.7/site-packages/airflow/example_dags/example_time_delta_sensor_async.py
[2022-10-09T06:46:44.446+0000] {processor.py:768} INFO - DAG(s) dict_keys(['example_time_delta_sensor_async']) retrieved from /home/airflow/.local/lib/python3.7/site-packages/airflow/example_dags/example_time_delta_sensor_async.py
[2022-10-09T06:46:44.553+0000] {logging_mixin.py:117} INFO - [2022-10-09T06:46:44.552+0000] {dag.py:2573} INFO - Sync 1 DAGs
[2022-10-09T06:46:44.567+0000] {logging_mixin.py:117} INFO - [2022-10-09T06:46:44.567+0000] {dag.py:3328} INFO - Setting next_dagrun for example_time_delta_sensor_async to None, run_after=None
[2022-10-09T06:46:44.578+0000] {processor.py:178} INFO - Processing /home/airflow/.local/lib/python3.7/site-packages/airflow/example_dags/example_time_delta_sensor_async.py took 0.149 seconds
[2022-10-09T06:47:14.606+0000] {processor.py:156} INFO - Started process (PID=856) to work on /home/airflow/.local/lib/python3.7/site-packages/airflow/example_dags/example_time_delta_sensor_async.py
[2022-10-09T06:47:14.608+0000] {processor.py:758} INFO - Processing file /home/airflow/.local/lib/python3.7/site-packages/airflow/example_dags/example_time_delta_sensor_async.py for tasks to queue
[2022-10-09T06:47:14.609+0000] {logging_mixin.py:117} INFO - [2022-10-09T06:47:14.609+0000] {dagbag.py:525} INFO - Filling up the DagBag from /home/airflow/.local/lib/python3.7/site-packages/airflow/example_dags/example_time_delta_sensor_async.py
[2022-10-09T06:47:14.617+0000] {processor.py:768} INFO - DAG(s) dict_keys(['example_time_delta_sensor_async']) retrieved from /home/airflow/.local/lib/python3.7/site-packages/airflow/example_dags/example_time_delta_sensor_async.py
[2022-10-09T06:47:14.717+0000] {logging_mixin.py:117} INFO - [2022-10-09T06:47:14.717+0000] {dag.py:2573} INFO - Sync 1 DAGs
[2022-10-09T06:47:14.734+0000] {logging_mixin.py:117} INFO - [2022-10-09T06:47:14.734+0000] {dag.py:3328} INFO - Setting next_dagrun for example_time_delta_sensor_async to None, run_after=None
[2022-10-09T06:47:14.746+0000] {processor.py:178} INFO - Processing /home/airflow/.local/lib/python3.7/site-packages/airflow/example_dags/example_time_delta_sensor_async.py took 0.142 seconds
[2022-10-09T06:47:44.832+0000] {processor.py:156} INFO - Started process (PID=909) to work on /home/airflow/.local/lib/python3.7/site-packages/airflow/example_dags/example_time_delta_sensor_async.py
[2022-10-09T06:47:44.834+0000] {processor.py:758} INFO - Processing file /home/airflow/.local/lib/python3.7/site-packages/airflow/example_dags/example_time_delta_sensor_async.py for tasks to queue
[2022-10-09T06:47:44.835+0000] {logging_mixin.py:117} INFO - [2022-10-09T06:47:44.835+0000] {dagbag.py:525} INFO - Filling up the DagBag from /home/airflow/.local/lib/python3.7/site-packages/airflow/example_dags/example_time_delta_sensor_async.py
[2022-10-09T06:47:44.843+0000] {processor.py:768} INFO - DAG(s) dict_keys(['example_time_delta_sensor_async']) retrieved from /home/airflow/.local/lib/python3.7/site-packages/airflow/example_dags/example_time_delta_sensor_async.py
[2022-10-09T06:47:44.946+0000] {logging_mixin.py:117} INFO - [2022-10-09T06:47:44.946+0000] {dag.py:2573} INFO - Sync 1 DAGs
[2022-10-09T06:47:44.965+0000] {logging_mixin.py:117} INFO - [2022-10-09T06:47:44.965+0000] {dag.py:3328} INFO - Setting next_dagrun for example_time_delta_sensor_async to None, run_after=None
[2022-10-09T06:47:44.978+0000] {processor.py:178} INFO - Processing /home/airflow/.local/lib/python3.7/site-packages/airflow/example_dags/example_time_delta_sensor_async.py took 0.148 seconds
[2022-10-09T06:48:15.142+0000] {processor.py:156} INFO - Started process (PID=971) to work on /home/airflow/.local/lib/python3.7/site-packages/airflow/example_dags/example_time_delta_sensor_async.py
[2022-10-09T06:48:15.144+0000] {processor.py:758} INFO - Processing file /home/airflow/.local/lib/python3.7/site-packages/airflow/example_dags/example_time_delta_sensor_async.py for tasks to queue
[2022-10-09T06:48:15.145+0000] {logging_mixin.py:117} INFO - [2022-10-09T06:48:15.145+0000] {dagbag.py:525} INFO - Filling up the DagBag from /home/airflow/.local/lib/python3.7/site-packages/airflow/example_dags/example_time_delta_sensor_async.py
[2022-10-09T06:48:15.153+0000] {processor.py:768} INFO - DAG(s) dict_keys(['example_time_delta_sensor_async']) retrieved from /home/airflow/.local/lib/python3.7/site-packages/airflow/example_dags/example_time_delta_sensor_async.py
[2022-10-09T06:48:15.269+0000] {logging_mixin.py:117} INFO - [2022-10-09T06:48:15.269+0000] {dag.py:2573} INFO - Sync 1 DAGs
[2022-10-09T06:48:15.296+0000] {logging_mixin.py:117} INFO - [2022-10-09T06:48:15.296+0000] {dag.py:3328} INFO - Setting next_dagrun for example_time_delta_sensor_async to None, run_after=None
[2022-10-09T06:48:15.309+0000] {processor.py:178} INFO - Processing /home/airflow/.local/lib/python3.7/site-packages/airflow/example_dags/example_time_delta_sensor_async.py took 0.169 seconds
[2022-10-09T06:59:10.274+0000] {processor.py:156} INFO - Started process (PID=1025) to work on /home/airflow/.local/lib/python3.7/site-packages/airflow/example_dags/example_time_delta_sensor_async.py
[2022-10-09T06:59:10.276+0000] {processor.py:758} INFO - Processing file /home/airflow/.local/lib/python3.7/site-packages/airflow/example_dags/example_time_delta_sensor_async.py for tasks to queue
[2022-10-09T06:59:10.282+0000] {logging_mixin.py:117} INFO - [2022-10-09T06:59:10.281+0000] {dagbag.py:525} INFO - Filling up the DagBag from /home/airflow/.local/lib/python3.7/site-packages/airflow/example_dags/example_time_delta_sensor_async.py
[2022-10-09T06:59:10.300+0000] {processor.py:768} INFO - DAG(s) dict_keys(['example_time_delta_sensor_async']) retrieved from /home/airflow/.local/lib/python3.7/site-packages/airflow/example_dags/example_time_delta_sensor_async.py
[2022-10-09T06:59:10.456+0000] {logging_mixin.py:117} INFO - [2022-10-09T06:59:10.456+0000] {dag.py:2573} INFO - Sync 1 DAGs
[2022-10-09T06:59:10.484+0000] {logging_mixin.py:117} INFO - [2022-10-09T06:59:10.484+0000] {dag.py:3328} INFO - Setting next_dagrun for example_time_delta_sensor_async to None, run_after=None
[2022-10-09T06:59:10.511+0000] {processor.py:178} INFO - Processing /home/airflow/.local/lib/python3.7/site-packages/airflow/example_dags/example_time_delta_sensor_async.py took 0.239 seconds
[2022-10-09T06:59:40.950+0000] {processor.py:156} INFO - Started process (PID=1089) to work on /home/airflow/.local/lib/python3.7/site-packages/airflow/example_dags/example_time_delta_sensor_async.py
[2022-10-09T06:59:40.951+0000] {processor.py:758} INFO - Processing file /home/airflow/.local/lib/python3.7/site-packages/airflow/example_dags/example_time_delta_sensor_async.py for tasks to queue
[2022-10-09T06:59:40.952+0000] {logging_mixin.py:117} INFO - [2022-10-09T06:59:40.952+0000] {dagbag.py:525} INFO - Filling up the DagBag from /home/airflow/.local/lib/python3.7/site-packages/airflow/example_dags/example_time_delta_sensor_async.py
[2022-10-09T06:59:40.960+0000] {processor.py:768} INFO - DAG(s) dict_keys(['example_time_delta_sensor_async']) retrieved from /home/airflow/.local/lib/python3.7/site-packages/airflow/example_dags/example_time_delta_sensor_async.py
[2022-10-09T06:59:41.056+0000] {logging_mixin.py:117} INFO - [2022-10-09T06:59:41.056+0000] {dag.py:2573} INFO - Sync 1 DAGs
[2022-10-09T06:59:41.070+0000] {logging_mixin.py:117} INFO - [2022-10-09T06:59:41.070+0000] {dag.py:3328} INFO - Setting next_dagrun for example_time_delta_sensor_async to None, run_after=None
[2022-10-09T06:59:41.082+0000] {processor.py:178} INFO - Processing /home/airflow/.local/lib/python3.7/site-packages/airflow/example_dags/example_time_delta_sensor_async.py took 0.134 seconds
[2022-10-09T07:00:11.622+0000] {processor.py:156} INFO - Started process (PID=1152) to work on /home/airflow/.local/lib/python3.7/site-packages/airflow/example_dags/example_time_delta_sensor_async.py
[2022-10-09T07:00:11.624+0000] {processor.py:758} INFO - Processing file /home/airflow/.local/lib/python3.7/site-packages/airflow/example_dags/example_time_delta_sensor_async.py for tasks to queue
[2022-10-09T07:00:11.625+0000] {logging_mixin.py:117} INFO - [2022-10-09T07:00:11.625+0000] {dagbag.py:525} INFO - Filling up the DagBag from /home/airflow/.local/lib/python3.7/site-packages/airflow/example_dags/example_time_delta_sensor_async.py
[2022-10-09T07:00:11.634+0000] {processor.py:768} INFO - DAG(s) dict_keys(['example_time_delta_sensor_async']) retrieved from /home/airflow/.local/lib/python3.7/site-packages/airflow/example_dags/example_time_delta_sensor_async.py
[2022-10-09T07:00:11.742+0000] {logging_mixin.py:117} INFO - [2022-10-09T07:00:11.742+0000] {dag.py:2573} INFO - Sync 1 DAGs
[2022-10-09T07:00:11.757+0000] {logging_mixin.py:117} INFO - [2022-10-09T07:00:11.757+0000] {dag.py:3328} INFO - Setting next_dagrun for example_time_delta_sensor_async to None, run_after=None
[2022-10-09T07:00:11.770+0000] {processor.py:178} INFO - Processing /home/airflow/.local/lib/python3.7/site-packages/airflow/example_dags/example_time_delta_sensor_async.py took 0.150 seconds
[2022-10-09T07:00:41.977+0000] {processor.py:156} INFO - Started process (PID=1206) to work on /home/airflow/.local/lib/python3.7/site-packages/airflow/example_dags/example_time_delta_sensor_async.py
[2022-10-09T07:00:41.979+0000] {processor.py:758} INFO - Processing file /home/airflow/.local/lib/python3.7/site-packages/airflow/example_dags/example_time_delta_sensor_async.py for tasks to queue
[2022-10-09T07:00:41.980+0000] {logging_mixin.py:117} INFO - [2022-10-09T07:00:41.980+0000] {dagbag.py:525} INFO - Filling up the DagBag from /home/airflow/.local/lib/python3.7/site-packages/airflow/example_dags/example_time_delta_sensor_async.py
[2022-10-09T07:00:41.989+0000] {processor.py:768} INFO - DAG(s) dict_keys(['example_time_delta_sensor_async']) retrieved from /home/airflow/.local/lib/python3.7/site-packages/airflow/example_dags/example_time_delta_sensor_async.py
[2022-10-09T07:00:42.092+0000] {logging_mixin.py:117} INFO - [2022-10-09T07:00:42.092+0000] {dag.py:2573} INFO - Sync 1 DAGs
[2022-10-09T07:00:42.106+0000] {logging_mixin.py:117} INFO - [2022-10-09T07:00:42.106+0000] {dag.py:3328} INFO - Setting next_dagrun for example_time_delta_sensor_async to None, run_after=None
[2022-10-09T07:00:42.119+0000] {processor.py:178} INFO - Processing /home/airflow/.local/lib/python3.7/site-packages/airflow/example_dags/example_time_delta_sensor_async.py took 0.144 seconds
[2022-10-09T07:01:12.253+0000] {processor.py:156} INFO - Started process (PID=1269) to work on /home/airflow/.local/lib/python3.7/site-packages/airflow/example_dags/example_time_delta_sensor_async.py
[2022-10-09T07:01:12.255+0000] {processor.py:758} INFO - Processing file /home/airflow/.local/lib/python3.7/site-packages/airflow/example_dags/example_time_delta_sensor_async.py for tasks to queue
[2022-10-09T07:01:12.256+0000] {logging_mixin.py:117} INFO - [2022-10-09T07:01:12.256+0000] {dagbag.py:525} INFO - Filling up the DagBag from /home/airflow/.local/lib/python3.7/site-packages/airflow/example_dags/example_time_delta_sensor_async.py
[2022-10-09T07:01:12.265+0000] {processor.py:768} INFO - DAG(s) dict_keys(['example_time_delta_sensor_async']) retrieved from /home/airflow/.local/lib/python3.7/site-packages/airflow/example_dags/example_time_delta_sensor_async.py
[2022-10-09T07:01:12.364+0000] {logging_mixin.py:117} INFO - [2022-10-09T07:01:12.364+0000] {dag.py:2573} INFO - Sync 1 DAGs
[2022-10-09T07:01:12.382+0000] {logging_mixin.py:117} INFO - [2022-10-09T07:01:12.382+0000] {dag.py:3328} INFO - Setting next_dagrun for example_time_delta_sensor_async to None, run_after=None
[2022-10-09T07:01:12.397+0000] {processor.py:178} INFO - Processing /home/airflow/.local/lib/python3.7/site-packages/airflow/example_dags/example_time_delta_sensor_async.py took 0.146 seconds
[2022-10-09T07:01:42.562+0000] {processor.py:156} INFO - Started process (PID=1331) to work on /home/airflow/.local/lib/python3.7/site-packages/airflow/example_dags/example_time_delta_sensor_async.py
[2022-10-09T07:01:42.564+0000] {processor.py:758} INFO - Processing file /home/airflow/.local/lib/python3.7/site-packages/airflow/example_dags/example_time_delta_sensor_async.py for tasks to queue
[2022-10-09T07:01:42.565+0000] {logging_mixin.py:117} INFO - [2022-10-09T07:01:42.565+0000] {dagbag.py:525} INFO - Filling up the DagBag from /home/airflow/.local/lib/python3.7/site-packages/airflow/example_dags/example_time_delta_sensor_async.py
[2022-10-09T07:01:42.574+0000] {processor.py:768} INFO - DAG(s) dict_keys(['example_time_delta_sensor_async']) retrieved from /home/airflow/.local/lib/python3.7/site-packages/airflow/example_dags/example_time_delta_sensor_async.py
[2022-10-09T07:01:42.675+0000] {logging_mixin.py:117} INFO - [2022-10-09T07:01:42.675+0000] {dag.py:2573} INFO - Sync 1 DAGs
[2022-10-09T07:01:42.689+0000] {logging_mixin.py:117} INFO - [2022-10-09T07:01:42.689+0000] {dag.py:3328} INFO - Setting next_dagrun for example_time_delta_sensor_async to None, run_after=None
[2022-10-09T07:01:42.703+0000] {processor.py:178} INFO - Processing /home/airflow/.local/lib/python3.7/site-packages/airflow/example_dags/example_time_delta_sensor_async.py took 0.144 seconds
[2022-10-09T07:02:12.751+0000] {processor.py:156} INFO - Started process (PID=1395) to work on /home/airflow/.local/lib/python3.7/site-packages/airflow/example_dags/example_time_delta_sensor_async.py
[2022-10-09T07:02:12.752+0000] {processor.py:758} INFO - Processing file /home/airflow/.local/lib/python3.7/site-packages/airflow/example_dags/example_time_delta_sensor_async.py for tasks to queue
[2022-10-09T07:02:12.753+0000] {logging_mixin.py:117} INFO - [2022-10-09T07:02:12.753+0000] {dagbag.py:525} INFO - Filling up the DagBag from /home/airflow/.local/lib/python3.7/site-packages/airflow/example_dags/example_time_delta_sensor_async.py
[2022-10-09T07:02:12.761+0000] {processor.py:768} INFO - DAG(s) dict_keys(['example_time_delta_sensor_async']) retrieved from /home/airflow/.local/lib/python3.7/site-packages/airflow/example_dags/example_time_delta_sensor_async.py
[2022-10-09T07:02:12.859+0000] {logging_mixin.py:117} INFO - [2022-10-09T07:02:12.859+0000] {dag.py:2573} INFO - Sync 1 DAGs
[2022-10-09T07:02:12.874+0000] {logging_mixin.py:117} INFO - [2022-10-09T07:02:12.874+0000] {dag.py:3328} INFO - Setting next_dagrun for example_time_delta_sensor_async to None, run_after=None
[2022-10-09T07:02:12.887+0000] {processor.py:178} INFO - Processing /home/airflow/.local/lib/python3.7/site-packages/airflow/example_dags/example_time_delta_sensor_async.py took 0.138 seconds
[2022-10-09T07:02:43.278+0000] {processor.py:156} INFO - Started process (PID=1457) to work on /home/airflow/.local/lib/python3.7/site-packages/airflow/example_dags/example_time_delta_sensor_async.py
[2022-10-09T07:02:43.280+0000] {processor.py:758} INFO - Processing file /home/airflow/.local/lib/python3.7/site-packages/airflow/example_dags/example_time_delta_sensor_async.py for tasks to queue
[2022-10-09T07:02:43.281+0000] {logging_mixin.py:117} INFO - [2022-10-09T07:02:43.281+0000] {dagbag.py:525} INFO - Filling up the DagBag from /home/airflow/.local/lib/python3.7/site-packages/airflow/example_dags/example_time_delta_sensor_async.py
[2022-10-09T07:02:43.289+0000] {processor.py:768} INFO - DAG(s) dict_keys(['example_time_delta_sensor_async']) retrieved from /home/airflow/.local/lib/python3.7/site-packages/airflow/example_dags/example_time_delta_sensor_async.py
[2022-10-09T07:02:43.392+0000] {logging_mixin.py:117} INFO - [2022-10-09T07:02:43.392+0000] {dag.py:2573} INFO - Sync 1 DAGs
[2022-10-09T07:02:43.408+0000] {logging_mixin.py:117} INFO - [2022-10-09T07:02:43.407+0000] {dag.py:3328} INFO - Setting next_dagrun for example_time_delta_sensor_async to None, run_after=None
[2022-10-09T07:02:43.421+0000] {processor.py:178} INFO - Processing /home/airflow/.local/lib/python3.7/site-packages/airflow/example_dags/example_time_delta_sensor_async.py took 0.145 seconds
[2022-10-09T07:03:13.815+0000] {processor.py:156} INFO - Started process (PID=1511) to work on /home/airflow/.local/lib/python3.7/site-packages/airflow/example_dags/example_time_delta_sensor_async.py
[2022-10-09T07:03:13.817+0000] {processor.py:758} INFO - Processing file /home/airflow/.local/lib/python3.7/site-packages/airflow/example_dags/example_time_delta_sensor_async.py for tasks to queue
[2022-10-09T07:03:13.818+0000] {logging_mixin.py:117} INFO - [2022-10-09T07:03:13.818+0000] {dagbag.py:525} INFO - Filling up the DagBag from /home/airflow/.local/lib/python3.7/site-packages/airflow/example_dags/example_time_delta_sensor_async.py
[2022-10-09T07:03:13.829+0000] {processor.py:768} INFO - DAG(s) dict_keys(['example_time_delta_sensor_async']) retrieved from /home/airflow/.local/lib/python3.7/site-packages/airflow/example_dags/example_time_delta_sensor_async.py
[2022-10-09T07:03:13.928+0000] {logging_mixin.py:117} INFO - [2022-10-09T07:03:13.928+0000] {dag.py:2573} INFO - Sync 1 DAGs
[2022-10-09T07:03:13.946+0000] {logging_mixin.py:117} INFO - [2022-10-09T07:03:13.946+0000] {dag.py:3328} INFO - Setting next_dagrun for example_time_delta_sensor_async to None, run_after=None
[2022-10-09T07:03:13.958+0000] {processor.py:178} INFO - Processing /home/airflow/.local/lib/python3.7/site-packages/airflow/example_dags/example_time_delta_sensor_async.py took 0.145 seconds
[2022-10-09T07:03:44.053+0000] {processor.py:156} INFO - Started process (PID=1575) to work on /home/airflow/.local/lib/python3.7/site-packages/airflow/example_dags/example_time_delta_sensor_async.py
[2022-10-09T07:03:44.055+0000] {processor.py:758} INFO - Processing file /home/airflow/.local/lib/python3.7/site-packages/airflow/example_dags/example_time_delta_sensor_async.py for tasks to queue
[2022-10-09T07:03:44.056+0000] {logging_mixin.py:117} INFO - [2022-10-09T07:03:44.056+0000] {dagbag.py:525} INFO - Filling up the DagBag from /home/airflow/.local/lib/python3.7/site-packages/airflow/example_dags/example_time_delta_sensor_async.py
[2022-10-09T07:03:44.065+0000] {processor.py:768} INFO - DAG(s) dict_keys(['example_time_delta_sensor_async']) retrieved from /home/airflow/.local/lib/python3.7/site-packages/airflow/example_dags/example_time_delta_sensor_async.py
[2022-10-09T07:03:44.162+0000] {logging_mixin.py:117} INFO - [2022-10-09T07:03:44.162+0000] {dag.py:2573} INFO - Sync 1 DAGs
[2022-10-09T07:03:44.176+0000] {logging_mixin.py:117} INFO - [2022-10-09T07:03:44.176+0000] {dag.py:3328} INFO - Setting next_dagrun for example_time_delta_sensor_async to None, run_after=None
[2022-10-09T07:03:44.188+0000] {processor.py:178} INFO - Processing /home/airflow/.local/lib/python3.7/site-packages/airflow/example_dags/example_time_delta_sensor_async.py took 0.137 seconds
[2022-10-09T07:04:14.326+0000] {processor.py:156} INFO - Started process (PID=1637) to work on /home/airflow/.local/lib/python3.7/site-packages/airflow/example_dags/example_time_delta_sensor_async.py
[2022-10-09T07:04:14.327+0000] {processor.py:758} INFO - Processing file /home/airflow/.local/lib/python3.7/site-packages/airflow/example_dags/example_time_delta_sensor_async.py for tasks to queue
[2022-10-09T07:04:14.328+0000] {logging_mixin.py:117} INFO - [2022-10-09T07:04:14.328+0000] {dagbag.py:525} INFO - Filling up the DagBag from /home/airflow/.local/lib/python3.7/site-packages/airflow/example_dags/example_time_delta_sensor_async.py
[2022-10-09T07:04:14.337+0000] {processor.py:768} INFO - DAG(s) dict_keys(['example_time_delta_sensor_async']) retrieved from /home/airflow/.local/lib/python3.7/site-packages/airflow/example_dags/example_time_delta_sensor_async.py
[2022-10-09T07:04:14.443+0000] {logging_mixin.py:117} INFO - [2022-10-09T07:04:14.443+0000] {dag.py:2573} INFO - Sync 1 DAGs
[2022-10-09T07:04:14.460+0000] {logging_mixin.py:117} INFO - [2022-10-09T07:04:14.460+0000] {dag.py:3328} INFO - Setting next_dagrun for example_time_delta_sensor_async to None, run_after=None
[2022-10-09T07:04:14.472+0000] {processor.py:178} INFO - Processing /home/airflow/.local/lib/python3.7/site-packages/airflow/example_dags/example_time_delta_sensor_async.py took 0.149 seconds
[2022-10-09T07:04:45.092+0000] {processor.py:156} INFO - Started process (PID=1699) to work on /home/airflow/.local/lib/python3.7/site-packages/airflow/example_dags/example_time_delta_sensor_async.py
[2022-10-09T07:04:45.093+0000] {processor.py:758} INFO - Processing file /home/airflow/.local/lib/python3.7/site-packages/airflow/example_dags/example_time_delta_sensor_async.py for tasks to queue
[2022-10-09T07:04:45.094+0000] {logging_mixin.py:117} INFO - [2022-10-09T07:04:45.094+0000] {dagbag.py:525} INFO - Filling up the DagBag from /home/airflow/.local/lib/python3.7/site-packages/airflow/example_dags/example_time_delta_sensor_async.py
[2022-10-09T07:04:45.104+0000] {processor.py:768} INFO - DAG(s) dict_keys(['example_time_delta_sensor_async']) retrieved from /home/airflow/.local/lib/python3.7/site-packages/airflow/example_dags/example_time_delta_sensor_async.py
[2022-10-09T07:04:45.217+0000] {logging_mixin.py:117} INFO - [2022-10-09T07:04:45.217+0000] {dag.py:2573} INFO - Sync 1 DAGs
[2022-10-09T07:04:45.231+0000] {logging_mixin.py:117} INFO - [2022-10-09T07:04:45.231+0000] {dag.py:3328} INFO - Setting next_dagrun for example_time_delta_sensor_async to None, run_after=None
[2022-10-09T07:04:45.244+0000] {processor.py:178} INFO - Processing /home/airflow/.local/lib/python3.7/site-packages/airflow/example_dags/example_time_delta_sensor_async.py took 0.154 seconds
[2022-10-09T07:05:15.645+0000] {processor.py:156} INFO - Started process (PID=1762) to work on /home/airflow/.local/lib/python3.7/site-packages/airflow/example_dags/example_time_delta_sensor_async.py
[2022-10-09T07:05:15.647+0000] {processor.py:758} INFO - Processing file /home/airflow/.local/lib/python3.7/site-packages/airflow/example_dags/example_time_delta_sensor_async.py for tasks to queue
[2022-10-09T07:05:15.647+0000] {logging_mixin.py:117} INFO - [2022-10-09T07:05:15.647+0000] {dagbag.py:525} INFO - Filling up the DagBag from /home/airflow/.local/lib/python3.7/site-packages/airflow/example_dags/example_time_delta_sensor_async.py
[2022-10-09T07:05:15.661+0000] {processor.py:768} INFO - DAG(s) dict_keys(['example_time_delta_sensor_async']) retrieved from /home/airflow/.local/lib/python3.7/site-packages/airflow/example_dags/example_time_delta_sensor_async.py
[2022-10-09T07:05:15.767+0000] {logging_mixin.py:117} INFO - [2022-10-09T07:05:15.767+0000] {dag.py:2573} INFO - Sync 1 DAGs
[2022-10-09T07:05:15.785+0000] {logging_mixin.py:117} INFO - [2022-10-09T07:05:15.784+0000] {dag.py:3328} INFO - Setting next_dagrun for example_time_delta_sensor_async to None, run_after=None
[2022-10-09T07:05:15.797+0000] {processor.py:178} INFO - Processing /home/airflow/.local/lib/python3.7/site-packages/airflow/example_dags/example_time_delta_sensor_async.py took 0.154 seconds
[2022-10-09T07:05:46.016+0000] {processor.py:156} INFO - Started process (PID=1816) to work on /home/airflow/.local/lib/python3.7/site-packages/airflow/example_dags/example_time_delta_sensor_async.py
[2022-10-09T07:05:46.017+0000] {processor.py:758} INFO - Processing file /home/airflow/.local/lib/python3.7/site-packages/airflow/example_dags/example_time_delta_sensor_async.py for tasks to queue
[2022-10-09T07:05:46.018+0000] {logging_mixin.py:117} INFO - [2022-10-09T07:05:46.018+0000] {dagbag.py:525} INFO - Filling up the DagBag from /home/airflow/.local/lib/python3.7/site-packages/airflow/example_dags/example_time_delta_sensor_async.py
[2022-10-09T07:05:46.027+0000] {processor.py:768} INFO - DAG(s) dict_keys(['example_time_delta_sensor_async']) retrieved from /home/airflow/.local/lib/python3.7/site-packages/airflow/example_dags/example_time_delta_sensor_async.py
[2022-10-09T07:05:46.141+0000] {logging_mixin.py:117} INFO - [2022-10-09T07:05:46.141+0000] {dag.py:2573} INFO - Sync 1 DAGs
[2022-10-09T07:05:46.159+0000] {logging_mixin.py:117} INFO - [2022-10-09T07:05:46.158+0000] {dag.py:3328} INFO - Setting next_dagrun for example_time_delta_sensor_async to None, run_after=None
[2022-10-09T07:05:46.177+0000] {processor.py:178} INFO - Processing /home/airflow/.local/lib/python3.7/site-packages/airflow/example_dags/example_time_delta_sensor_async.py took 0.163 seconds
[2022-10-09T07:06:16.776+0000] {processor.py:156} INFO - Started process (PID=1879) to work on /home/airflow/.local/lib/python3.7/site-packages/airflow/example_dags/example_time_delta_sensor_async.py
[2022-10-09T07:06:16.778+0000] {processor.py:758} INFO - Processing file /home/airflow/.local/lib/python3.7/site-packages/airflow/example_dags/example_time_delta_sensor_async.py for tasks to queue
[2022-10-09T07:06:16.778+0000] {logging_mixin.py:117} INFO - [2022-10-09T07:06:16.778+0000] {dagbag.py:525} INFO - Filling up the DagBag from /home/airflow/.local/lib/python3.7/site-packages/airflow/example_dags/example_time_delta_sensor_async.py
[2022-10-09T07:06:16.788+0000] {processor.py:768} INFO - DAG(s) dict_keys(['example_time_delta_sensor_async']) retrieved from /home/airflow/.local/lib/python3.7/site-packages/airflow/example_dags/example_time_delta_sensor_async.py
[2022-10-09T07:06:16.886+0000] {logging_mixin.py:117} INFO - [2022-10-09T07:06:16.886+0000] {dag.py:2573} INFO - Sync 1 DAGs
[2022-10-09T07:06:16.901+0000] {logging_mixin.py:117} INFO - [2022-10-09T07:06:16.901+0000] {dag.py:3328} INFO - Setting next_dagrun for example_time_delta_sensor_async to None, run_after=None
[2022-10-09T07:06:16.914+0000] {processor.py:178} INFO - Processing /home/airflow/.local/lib/python3.7/site-packages/airflow/example_dags/example_time_delta_sensor_async.py took 0.140 seconds
[2022-10-09T07:06:46.967+0000] {processor.py:156} INFO - Started process (PID=1941) to work on /home/airflow/.local/lib/python3.7/site-packages/airflow/example_dags/example_time_delta_sensor_async.py
[2022-10-09T07:06:46.968+0000] {processor.py:758} INFO - Processing file /home/airflow/.local/lib/python3.7/site-packages/airflow/example_dags/example_time_delta_sensor_async.py for tasks to queue
[2022-10-09T07:06:46.970+0000] {logging_mixin.py:117} INFO - [2022-10-09T07:06:46.970+0000] {dagbag.py:525} INFO - Filling up the DagBag from /home/airflow/.local/lib/python3.7/site-packages/airflow/example_dags/example_time_delta_sensor_async.py
[2022-10-09T07:06:46.987+0000] {processor.py:768} INFO - DAG(s) dict_keys(['example_time_delta_sensor_async']) retrieved from /home/airflow/.local/lib/python3.7/site-packages/airflow/example_dags/example_time_delta_sensor_async.py
[2022-10-09T07:06:47.086+0000] {logging_mixin.py:117} INFO - [2022-10-09T07:06:47.086+0000] {dag.py:2573} INFO - Sync 1 DAGs
[2022-10-09T07:06:47.100+0000] {logging_mixin.py:117} INFO - [2022-10-09T07:06:47.100+0000] {dag.py:3328} INFO - Setting next_dagrun for example_time_delta_sensor_async to None, run_after=None
[2022-10-09T07:06:47.111+0000] {processor.py:178} INFO - Processing /home/airflow/.local/lib/python3.7/site-packages/airflow/example_dags/example_time_delta_sensor_async.py took 0.148 seconds
[2022-10-09T07:07:17.245+0000] {processor.py:156} INFO - Started process (PID=2007) to work on /home/airflow/.local/lib/python3.7/site-packages/airflow/example_dags/example_time_delta_sensor_async.py
[2022-10-09T07:07:17.247+0000] {processor.py:758} INFO - Processing file /home/airflow/.local/lib/python3.7/site-packages/airflow/example_dags/example_time_delta_sensor_async.py for tasks to queue
[2022-10-09T07:07:17.248+0000] {logging_mixin.py:117} INFO - [2022-10-09T07:07:17.248+0000] {dagbag.py:525} INFO - Filling up the DagBag from /home/airflow/.local/lib/python3.7/site-packages/airflow/example_dags/example_time_delta_sensor_async.py
[2022-10-09T07:07:17.261+0000] {processor.py:768} INFO - DAG(s) dict_keys(['example_time_delta_sensor_async']) retrieved from /home/airflow/.local/lib/python3.7/site-packages/airflow/example_dags/example_time_delta_sensor_async.py
[2022-10-09T07:07:17.360+0000] {logging_mixin.py:117} INFO - [2022-10-09T07:07:17.360+0000] {dag.py:2573} INFO - Sync 1 DAGs
[2022-10-09T07:07:17.376+0000] {logging_mixin.py:117} INFO - [2022-10-09T07:07:17.376+0000] {dag.py:3328} INFO - Setting next_dagrun for example_time_delta_sensor_async to None, run_after=None
[2022-10-09T07:07:17.389+0000] {processor.py:178} INFO - Processing /home/airflow/.local/lib/python3.7/site-packages/airflow/example_dags/example_time_delta_sensor_async.py took 0.145 seconds
[2022-10-09T07:07:47.864+0000] {processor.py:156} INFO - Started process (PID=2070) to work on /home/airflow/.local/lib/python3.7/site-packages/airflow/example_dags/example_time_delta_sensor_async.py
[2022-10-09T07:07:47.865+0000] {processor.py:758} INFO - Processing file /home/airflow/.local/lib/python3.7/site-packages/airflow/example_dags/example_time_delta_sensor_async.py for tasks to queue
[2022-10-09T07:07:47.867+0000] {logging_mixin.py:117} INFO - [2022-10-09T07:07:47.867+0000] {dagbag.py:525} INFO - Filling up the DagBag from /home/airflow/.local/lib/python3.7/site-packages/airflow/example_dags/example_time_delta_sensor_async.py
[2022-10-09T07:07:47.876+0000] {processor.py:768} INFO - DAG(s) dict_keys(['example_time_delta_sensor_async']) retrieved from /home/airflow/.local/lib/python3.7/site-packages/airflow/example_dags/example_time_delta_sensor_async.py
[2022-10-09T07:07:47.987+0000] {logging_mixin.py:117} INFO - [2022-10-09T07:07:47.987+0000] {dag.py:2573} INFO - Sync 1 DAGs
[2022-10-09T07:07:48.002+0000] {logging_mixin.py:117} INFO - [2022-10-09T07:07:48.002+0000] {dag.py:3328} INFO - Setting next_dagrun for example_time_delta_sensor_async to None, run_after=None
[2022-10-09T07:07:48.016+0000] {processor.py:178} INFO - Processing /home/airflow/.local/lib/python3.7/site-packages/airflow/example_dags/example_time_delta_sensor_async.py took 0.154 seconds
[2022-10-09T07:08:18.142+0000] {processor.py:156} INFO - Started process (PID=2125) to work on /home/airflow/.local/lib/python3.7/site-packages/airflow/example_dags/example_time_delta_sensor_async.py
[2022-10-09T07:08:18.145+0000] {processor.py:758} INFO - Processing file /home/airflow/.local/lib/python3.7/site-packages/airflow/example_dags/example_time_delta_sensor_async.py for tasks to queue
[2022-10-09T07:08:18.145+0000] {logging_mixin.py:117} INFO - [2022-10-09T07:08:18.145+0000] {dagbag.py:525} INFO - Filling up the DagBag from /home/airflow/.local/lib/python3.7/site-packages/airflow/example_dags/example_time_delta_sensor_async.py
[2022-10-09T07:08:18.156+0000] {processor.py:768} INFO - DAG(s) dict_keys(['example_time_delta_sensor_async']) retrieved from /home/airflow/.local/lib/python3.7/site-packages/airflow/example_dags/example_time_delta_sensor_async.py
[2022-10-09T07:08:18.262+0000] {logging_mixin.py:117} INFO - [2022-10-09T07:08:18.262+0000] {dag.py:2573} INFO - Sync 1 DAGs
[2022-10-09T07:08:18.301+0000] {logging_mixin.py:117} INFO - [2022-10-09T07:08:18.301+0000] {dag.py:3328} INFO - Setting next_dagrun for example_time_delta_sensor_async to None, run_after=None
[2022-10-09T07:08:18.314+0000] {processor.py:178} INFO - Processing /home/airflow/.local/lib/python3.7/site-packages/airflow/example_dags/example_time_delta_sensor_async.py took 0.174 seconds
[2022-10-09T07:08:48.649+0000] {processor.py:156} INFO - Started process (PID=2189) to work on /home/airflow/.local/lib/python3.7/site-packages/airflow/example_dags/example_time_delta_sensor_async.py
[2022-10-09T07:08:48.650+0000] {processor.py:758} INFO - Processing file /home/airflow/.local/lib/python3.7/site-packages/airflow/example_dags/example_time_delta_sensor_async.py for tasks to queue
[2022-10-09T07:08:48.652+0000] {logging_mixin.py:117} INFO - [2022-10-09T07:08:48.652+0000] {dagbag.py:525} INFO - Filling up the DagBag from /home/airflow/.local/lib/python3.7/site-packages/airflow/example_dags/example_time_delta_sensor_async.py
[2022-10-09T07:08:48.663+0000] {processor.py:768} INFO - DAG(s) dict_keys(['example_time_delta_sensor_async']) retrieved from /home/airflow/.local/lib/python3.7/site-packages/airflow/example_dags/example_time_delta_sensor_async.py
[2022-10-09T07:08:48.767+0000] {logging_mixin.py:117} INFO - [2022-10-09T07:08:48.767+0000] {dag.py:2573} INFO - Sync 1 DAGs
[2022-10-09T07:08:48.781+0000] {logging_mixin.py:117} INFO - [2022-10-09T07:08:48.781+0000] {dag.py:3328} INFO - Setting next_dagrun for example_time_delta_sensor_async to None, run_after=None
[2022-10-09T07:08:48.794+0000] {processor.py:178} INFO - Processing /home/airflow/.local/lib/python3.7/site-packages/airflow/example_dags/example_time_delta_sensor_async.py took 0.147 seconds
[2022-10-09T07:09:18.908+0000] {processor.py:156} INFO - Started process (PID=2252) to work on /home/airflow/.local/lib/python3.7/site-packages/airflow/example_dags/example_time_delta_sensor_async.py
[2022-10-09T07:09:18.909+0000] {processor.py:758} INFO - Processing file /home/airflow/.local/lib/python3.7/site-packages/airflow/example_dags/example_time_delta_sensor_async.py for tasks to queue
[2022-10-09T07:09:18.910+0000] {logging_mixin.py:117} INFO - [2022-10-09T07:09:18.910+0000] {dagbag.py:525} INFO - Filling up the DagBag from /home/airflow/.local/lib/python3.7/site-packages/airflow/example_dags/example_time_delta_sensor_async.py
[2022-10-09T07:09:18.919+0000] {processor.py:768} INFO - DAG(s) dict_keys(['example_time_delta_sensor_async']) retrieved from /home/airflow/.local/lib/python3.7/site-packages/airflow/example_dags/example_time_delta_sensor_async.py
[2022-10-09T07:09:19.007+0000] {logging_mixin.py:117} INFO - [2022-10-09T07:09:19.007+0000] {dag.py:2573} INFO - Sync 1 DAGs
[2022-10-09T07:09:19.021+0000] {logging_mixin.py:117} INFO - [2022-10-09T07:09:19.020+0000] {dag.py:3328} INFO - Setting next_dagrun for example_time_delta_sensor_async to None, run_after=None
[2022-10-09T07:09:19.031+0000] {processor.py:178} INFO - Processing /home/airflow/.local/lib/python3.7/site-packages/airflow/example_dags/example_time_delta_sensor_async.py took 0.125 seconds
[2022-10-09T07:09:49.442+0000] {processor.py:156} INFO - Started process (PID=2314) to work on /home/airflow/.local/lib/python3.7/site-packages/airflow/example_dags/example_time_delta_sensor_async.py
[2022-10-09T07:09:49.444+0000] {processor.py:758} INFO - Processing file /home/airflow/.local/lib/python3.7/site-packages/airflow/example_dags/example_time_delta_sensor_async.py for tasks to queue
[2022-10-09T07:09:49.445+0000] {logging_mixin.py:117} INFO - [2022-10-09T07:09:49.445+0000] {dagbag.py:525} INFO - Filling up the DagBag from /home/airflow/.local/lib/python3.7/site-packages/airflow/example_dags/example_time_delta_sensor_async.py
[2022-10-09T07:09:49.453+0000] {processor.py:768} INFO - DAG(s) dict_keys(['example_time_delta_sensor_async']) retrieved from /home/airflow/.local/lib/python3.7/site-packages/airflow/example_dags/example_time_delta_sensor_async.py
[2022-10-09T07:09:49.544+0000] {logging_mixin.py:117} INFO - [2022-10-09T07:09:49.544+0000] {dag.py:2573} INFO - Sync 1 DAGs
[2022-10-09T07:09:49.558+0000] {logging_mixin.py:117} INFO - [2022-10-09T07:09:49.558+0000] {dag.py:3328} INFO - Setting next_dagrun for example_time_delta_sensor_async to None, run_after=None
[2022-10-09T07:09:49.568+0000] {processor.py:178} INFO - Processing /home/airflow/.local/lib/python3.7/site-packages/airflow/example_dags/example_time_delta_sensor_async.py took 0.129 seconds
[2022-10-09T07:10:19.816+0000] {processor.py:156} INFO - Started process (PID=2376) to work on /home/airflow/.local/lib/python3.7/site-packages/airflow/example_dags/example_time_delta_sensor_async.py
[2022-10-09T07:10:19.818+0000] {processor.py:758} INFO - Processing file /home/airflow/.local/lib/python3.7/site-packages/airflow/example_dags/example_time_delta_sensor_async.py for tasks to queue
[2022-10-09T07:10:19.820+0000] {logging_mixin.py:117} INFO - [2022-10-09T07:10:19.820+0000] {dagbag.py:525} INFO - Filling up the DagBag from /home/airflow/.local/lib/python3.7/site-packages/airflow/example_dags/example_time_delta_sensor_async.py
[2022-10-09T07:10:19.832+0000] {processor.py:768} INFO - DAG(s) dict_keys(['example_time_delta_sensor_async']) retrieved from /home/airflow/.local/lib/python3.7/site-packages/airflow/example_dags/example_time_delta_sensor_async.py
[2022-10-09T07:10:19.959+0000] {logging_mixin.py:117} INFO - [2022-10-09T07:10:19.959+0000] {dag.py:2573} INFO - Sync 1 DAGs
[2022-10-09T07:10:19.979+0000] {logging_mixin.py:117} INFO - [2022-10-09T07:10:19.979+0000] {dag.py:3328} INFO - Setting next_dagrun for example_time_delta_sensor_async to None, run_after=None
[2022-10-09T07:10:19.999+0000] {processor.py:178} INFO - Processing /home/airflow/.local/lib/python3.7/site-packages/airflow/example_dags/example_time_delta_sensor_async.py took 0.186 seconds
[2022-10-09T07:10:50.665+0000] {processor.py:156} INFO - Started process (PID=2439) to work on /home/airflow/.local/lib/python3.7/site-packages/airflow/example_dags/example_time_delta_sensor_async.py
[2022-10-09T07:10:50.667+0000] {processor.py:758} INFO - Processing file /home/airflow/.local/lib/python3.7/site-packages/airflow/example_dags/example_time_delta_sensor_async.py for tasks to queue
[2022-10-09T07:10:50.668+0000] {logging_mixin.py:117} INFO - [2022-10-09T07:10:50.668+0000] {dagbag.py:525} INFO - Filling up the DagBag from /home/airflow/.local/lib/python3.7/site-packages/airflow/example_dags/example_time_delta_sensor_async.py
[2022-10-09T07:10:50.678+0000] {processor.py:768} INFO - DAG(s) dict_keys(['example_time_delta_sensor_async']) retrieved from /home/airflow/.local/lib/python3.7/site-packages/airflow/example_dags/example_time_delta_sensor_async.py
[2022-10-09T07:10:50.778+0000] {logging_mixin.py:117} INFO - [2022-10-09T07:10:50.778+0000] {dag.py:2573} INFO - Sync 1 DAGs
[2022-10-09T07:10:50.794+0000] {logging_mixin.py:117} INFO - [2022-10-09T07:10:50.794+0000] {dag.py:3328} INFO - Setting next_dagrun for example_time_delta_sensor_async to None, run_after=None
[2022-10-09T07:10:50.806+0000] {processor.py:178} INFO - Processing /home/airflow/.local/lib/python3.7/site-packages/airflow/example_dags/example_time_delta_sensor_async.py took 0.143 seconds
[2022-10-09T07:11:20.922+0000] {processor.py:156} INFO - Started process (PID=2493) to work on /home/airflow/.local/lib/python3.7/site-packages/airflow/example_dags/example_time_delta_sensor_async.py
[2022-10-09T07:11:20.924+0000] {processor.py:758} INFO - Processing file /home/airflow/.local/lib/python3.7/site-packages/airflow/example_dags/example_time_delta_sensor_async.py for tasks to queue
[2022-10-09T07:11:20.925+0000] {logging_mixin.py:117} INFO - [2022-10-09T07:11:20.925+0000] {dagbag.py:525} INFO - Filling up the DagBag from /home/airflow/.local/lib/python3.7/site-packages/airflow/example_dags/example_time_delta_sensor_async.py
[2022-10-09T07:11:20.934+0000] {processor.py:768} INFO - DAG(s) dict_keys(['example_time_delta_sensor_async']) retrieved from /home/airflow/.local/lib/python3.7/site-packages/airflow/example_dags/example_time_delta_sensor_async.py
[2022-10-09T07:11:21.037+0000] {logging_mixin.py:117} INFO - [2022-10-09T07:11:21.037+0000] {dag.py:2573} INFO - Sync 1 DAGs
[2022-10-09T07:11:21.052+0000] {logging_mixin.py:117} INFO - [2022-10-09T07:11:21.052+0000] {dag.py:3328} INFO - Setting next_dagrun for example_time_delta_sensor_async to None, run_after=None
[2022-10-09T07:11:21.065+0000] {processor.py:178} INFO - Processing /home/airflow/.local/lib/python3.7/site-packages/airflow/example_dags/example_time_delta_sensor_async.py took 0.146 seconds
[2022-10-09T07:11:51.293+0000] {processor.py:156} INFO - Started process (PID=2556) to work on /home/airflow/.local/lib/python3.7/site-packages/airflow/example_dags/example_time_delta_sensor_async.py
[2022-10-09T07:11:51.294+0000] {processor.py:758} INFO - Processing file /home/airflow/.local/lib/python3.7/site-packages/airflow/example_dags/example_time_delta_sensor_async.py for tasks to queue
[2022-10-09T07:11:51.296+0000] {logging_mixin.py:117} INFO - [2022-10-09T07:11:51.296+0000] {dagbag.py:525} INFO - Filling up the DagBag from /home/airflow/.local/lib/python3.7/site-packages/airflow/example_dags/example_time_delta_sensor_async.py
[2022-10-09T07:11:51.305+0000] {processor.py:768} INFO - DAG(s) dict_keys(['example_time_delta_sensor_async']) retrieved from /home/airflow/.local/lib/python3.7/site-packages/airflow/example_dags/example_time_delta_sensor_async.py
[2022-10-09T07:11:51.415+0000] {logging_mixin.py:117} INFO - [2022-10-09T07:11:51.414+0000] {dag.py:2573} INFO - Sync 1 DAGs
[2022-10-09T07:11:51.430+0000] {logging_mixin.py:117} INFO - [2022-10-09T07:11:51.430+0000] {dag.py:3328} INFO - Setting next_dagrun for example_time_delta_sensor_async to None, run_after=None
[2022-10-09T07:11:51.443+0000] {processor.py:178} INFO - Processing /home/airflow/.local/lib/python3.7/site-packages/airflow/example_dags/example_time_delta_sensor_async.py took 0.152 seconds
[2022-10-09T07:12:21.532+0000] {processor.py:156} INFO - Started process (PID=2620) to work on /home/airflow/.local/lib/python3.7/site-packages/airflow/example_dags/example_time_delta_sensor_async.py
[2022-10-09T07:12:21.534+0000] {processor.py:758} INFO - Processing file /home/airflow/.local/lib/python3.7/site-packages/airflow/example_dags/example_time_delta_sensor_async.py for tasks to queue
[2022-10-09T07:12:21.535+0000] {logging_mixin.py:117} INFO - [2022-10-09T07:12:21.535+0000] {dagbag.py:525} INFO - Filling up the DagBag from /home/airflow/.local/lib/python3.7/site-packages/airflow/example_dags/example_time_delta_sensor_async.py
[2022-10-09T07:12:21.547+0000] {processor.py:768} INFO - DAG(s) dict_keys(['example_time_delta_sensor_async']) retrieved from /home/airflow/.local/lib/python3.7/site-packages/airflow/example_dags/example_time_delta_sensor_async.py
[2022-10-09T07:12:21.641+0000] {logging_mixin.py:117} INFO - [2022-10-09T07:12:21.641+0000] {dag.py:2573} INFO - Sync 1 DAGs
[2022-10-09T07:12:21.655+0000] {logging_mixin.py:117} INFO - [2022-10-09T07:12:21.655+0000] {dag.py:3328} INFO - Setting next_dagrun for example_time_delta_sensor_async to None, run_after=None
[2022-10-09T07:12:21.667+0000] {processor.py:178} INFO - Processing /home/airflow/.local/lib/python3.7/site-packages/airflow/example_dags/example_time_delta_sensor_async.py took 0.137 seconds
[2022-10-09T07:12:51.870+0000] {processor.py:156} INFO - Started process (PID=2682) to work on /home/airflow/.local/lib/python3.7/site-packages/airflow/example_dags/example_time_delta_sensor_async.py
[2022-10-09T07:12:51.871+0000] {processor.py:758} INFO - Processing file /home/airflow/.local/lib/python3.7/site-packages/airflow/example_dags/example_time_delta_sensor_async.py for tasks to queue
[2022-10-09T07:12:51.872+0000] {logging_mixin.py:117} INFO - [2022-10-09T07:12:51.872+0000] {dagbag.py:525} INFO - Filling up the DagBag from /home/airflow/.local/lib/python3.7/site-packages/airflow/example_dags/example_time_delta_sensor_async.py
[2022-10-09T07:12:51.881+0000] {processor.py:768} INFO - DAG(s) dict_keys(['example_time_delta_sensor_async']) retrieved from /home/airflow/.local/lib/python3.7/site-packages/airflow/example_dags/example_time_delta_sensor_async.py
[2022-10-09T07:12:51.980+0000] {logging_mixin.py:117} INFO - [2022-10-09T07:12:51.980+0000] {dag.py:2573} INFO - Sync 1 DAGs
[2022-10-09T07:12:51.996+0000] {logging_mixin.py:117} INFO - [2022-10-09T07:12:51.996+0000] {dag.py:3328} INFO - Setting next_dagrun for example_time_delta_sensor_async to None, run_after=None
[2022-10-09T07:12:52.007+0000] {processor.py:178} INFO - Processing /home/airflow/.local/lib/python3.7/site-packages/airflow/example_dags/example_time_delta_sensor_async.py took 0.140 seconds
[2022-10-09T07:13:22.349+0000] {processor.py:156} INFO - Started process (PID=2746) to work on /home/airflow/.local/lib/python3.7/site-packages/airflow/example_dags/example_time_delta_sensor_async.py
[2022-10-09T07:13:22.350+0000] {processor.py:758} INFO - Processing file /home/airflow/.local/lib/python3.7/site-packages/airflow/example_dags/example_time_delta_sensor_async.py for tasks to queue
[2022-10-09T07:13:22.351+0000] {logging_mixin.py:117} INFO - [2022-10-09T07:13:22.351+0000] {dagbag.py:525} INFO - Filling up the DagBag from /home/airflow/.local/lib/python3.7/site-packages/airflow/example_dags/example_time_delta_sensor_async.py
[2022-10-09T07:13:22.360+0000] {processor.py:768} INFO - DAG(s) dict_keys(['example_time_delta_sensor_async']) retrieved from /home/airflow/.local/lib/python3.7/site-packages/airflow/example_dags/example_time_delta_sensor_async.py
[2022-10-09T07:13:22.485+0000] {logging_mixin.py:117} INFO - [2022-10-09T07:13:22.485+0000] {dag.py:2573} INFO - Sync 1 DAGs
[2022-10-09T07:13:22.502+0000] {logging_mixin.py:117} INFO - [2022-10-09T07:13:22.502+0000] {dag.py:3328} INFO - Setting next_dagrun for example_time_delta_sensor_async to None, run_after=None
[2022-10-09T07:13:22.514+0000] {processor.py:178} INFO - Processing /home/airflow/.local/lib/python3.7/site-packages/airflow/example_dags/example_time_delta_sensor_async.py took 0.168 seconds
[2022-10-09T07:13:52.670+0000] {processor.py:156} INFO - Started process (PID=2799) to work on /home/airflow/.local/lib/python3.7/site-packages/airflow/example_dags/example_time_delta_sensor_async.py
[2022-10-09T07:13:52.673+0000] {processor.py:758} INFO - Processing file /home/airflow/.local/lib/python3.7/site-packages/airflow/example_dags/example_time_delta_sensor_async.py for tasks to queue
[2022-10-09T07:13:52.675+0000] {logging_mixin.py:117} INFO - [2022-10-09T07:13:52.675+0000] {dagbag.py:525} INFO - Filling up the DagBag from /home/airflow/.local/lib/python3.7/site-packages/airflow/example_dags/example_time_delta_sensor_async.py
[2022-10-09T07:13:52.693+0000] {processor.py:768} INFO - DAG(s) dict_keys(['example_time_delta_sensor_async']) retrieved from /home/airflow/.local/lib/python3.7/site-packages/airflow/example_dags/example_time_delta_sensor_async.py
[2022-10-09T07:13:52.812+0000] {logging_mixin.py:117} INFO - [2022-10-09T07:13:52.812+0000] {dag.py:2573} INFO - Sync 1 DAGs
[2022-10-09T07:13:52.833+0000] {logging_mixin.py:117} INFO - [2022-10-09T07:13:52.832+0000] {dag.py:3328} INFO - Setting next_dagrun for example_time_delta_sensor_async to None, run_after=None
[2022-10-09T07:13:52.860+0000] {processor.py:178} INFO - Processing /home/airflow/.local/lib/python3.7/site-packages/airflow/example_dags/example_time_delta_sensor_async.py took 0.193 seconds
[2022-10-09T07:14:23.158+0000] {processor.py:156} INFO - Started process (PID=2861) to work on /home/airflow/.local/lib/python3.7/site-packages/airflow/example_dags/example_time_delta_sensor_async.py
[2022-10-09T07:14:23.159+0000] {processor.py:758} INFO - Processing file /home/airflow/.local/lib/python3.7/site-packages/airflow/example_dags/example_time_delta_sensor_async.py for tasks to queue
[2022-10-09T07:14:23.160+0000] {logging_mixin.py:117} INFO - [2022-10-09T07:14:23.160+0000] {dagbag.py:525} INFO - Filling up the DagBag from /home/airflow/.local/lib/python3.7/site-packages/airflow/example_dags/example_time_delta_sensor_async.py
[2022-10-09T07:14:23.169+0000] {processor.py:768} INFO - DAG(s) dict_keys(['example_time_delta_sensor_async']) retrieved from /home/airflow/.local/lib/python3.7/site-packages/airflow/example_dags/example_time_delta_sensor_async.py
[2022-10-09T07:14:23.264+0000] {logging_mixin.py:117} INFO - [2022-10-09T07:14:23.264+0000] {dag.py:2573} INFO - Sync 1 DAGs
[2022-10-09T07:14:23.279+0000] {logging_mixin.py:117} INFO - [2022-10-09T07:14:23.279+0000] {dag.py:3328} INFO - Setting next_dagrun for example_time_delta_sensor_async to None, run_after=None
[2022-10-09T07:14:23.291+0000] {processor.py:178} INFO - Processing /home/airflow/.local/lib/python3.7/site-packages/airflow/example_dags/example_time_delta_sensor_async.py took 0.136 seconds
[2022-10-09T07:14:53.492+0000] {processor.py:156} INFO - Started process (PID=2925) to work on /home/airflow/.local/lib/python3.7/site-packages/airflow/example_dags/example_time_delta_sensor_async.py
[2022-10-09T07:14:53.493+0000] {processor.py:758} INFO - Processing file /home/airflow/.local/lib/python3.7/site-packages/airflow/example_dags/example_time_delta_sensor_async.py for tasks to queue
[2022-10-09T07:14:53.494+0000] {logging_mixin.py:117} INFO - [2022-10-09T07:14:53.494+0000] {dagbag.py:525} INFO - Filling up the DagBag from /home/airflow/.local/lib/python3.7/site-packages/airflow/example_dags/example_time_delta_sensor_async.py
[2022-10-09T07:14:53.503+0000] {processor.py:768} INFO - DAG(s) dict_keys(['example_time_delta_sensor_async']) retrieved from /home/airflow/.local/lib/python3.7/site-packages/airflow/example_dags/example_time_delta_sensor_async.py
[2022-10-09T07:14:53.611+0000] {logging_mixin.py:117} INFO - [2022-10-09T07:14:53.611+0000] {dag.py:2573} INFO - Sync 1 DAGs
[2022-10-09T07:14:53.626+0000] {logging_mixin.py:117} INFO - [2022-10-09T07:14:53.626+0000] {dag.py:3328} INFO - Setting next_dagrun for example_time_delta_sensor_async to None, run_after=None
[2022-10-09T07:14:53.637+0000] {processor.py:178} INFO - Processing /home/airflow/.local/lib/python3.7/site-packages/airflow/example_dags/example_time_delta_sensor_async.py took 0.149 seconds
[2022-10-09T07:15:23.714+0000] {processor.py:156} INFO - Started process (PID=2988) to work on /home/airflow/.local/lib/python3.7/site-packages/airflow/example_dags/example_time_delta_sensor_async.py
[2022-10-09T07:15:23.715+0000] {processor.py:758} INFO - Processing file /home/airflow/.local/lib/python3.7/site-packages/airflow/example_dags/example_time_delta_sensor_async.py for tasks to queue
[2022-10-09T07:15:23.716+0000] {logging_mixin.py:117} INFO - [2022-10-09T07:15:23.716+0000] {dagbag.py:525} INFO - Filling up the DagBag from /home/airflow/.local/lib/python3.7/site-packages/airflow/example_dags/example_time_delta_sensor_async.py
[2022-10-09T07:15:23.725+0000] {processor.py:768} INFO - DAG(s) dict_keys(['example_time_delta_sensor_async']) retrieved from /home/airflow/.local/lib/python3.7/site-packages/airflow/example_dags/example_time_delta_sensor_async.py
[2022-10-09T07:15:23.825+0000] {logging_mixin.py:117} INFO - [2022-10-09T07:15:23.825+0000] {dag.py:2573} INFO - Sync 1 DAGs
[2022-10-09T07:15:23.840+0000] {logging_mixin.py:117} INFO - [2022-10-09T07:15:23.840+0000] {dag.py:3328} INFO - Setting next_dagrun for example_time_delta_sensor_async to None, run_after=None
[2022-10-09T07:15:23.852+0000] {processor.py:178} INFO - Processing /home/airflow/.local/lib/python3.7/site-packages/airflow/example_dags/example_time_delta_sensor_async.py took 0.140 seconds
[2022-10-09T07:15:54.134+0000] {processor.py:156} INFO - Started process (PID=3051) to work on /home/airflow/.local/lib/python3.7/site-packages/airflow/example_dags/example_time_delta_sensor_async.py
[2022-10-09T07:15:54.135+0000] {processor.py:758} INFO - Processing file /home/airflow/.local/lib/python3.7/site-packages/airflow/example_dags/example_time_delta_sensor_async.py for tasks to queue
[2022-10-09T07:15:54.136+0000] {logging_mixin.py:117} INFO - [2022-10-09T07:15:54.136+0000] {dagbag.py:525} INFO - Filling up the DagBag from /home/airflow/.local/lib/python3.7/site-packages/airflow/example_dags/example_time_delta_sensor_async.py
[2022-10-09T07:15:54.144+0000] {processor.py:768} INFO - DAG(s) dict_keys(['example_time_delta_sensor_async']) retrieved from /home/airflow/.local/lib/python3.7/site-packages/airflow/example_dags/example_time_delta_sensor_async.py
[2022-10-09T07:15:54.232+0000] {logging_mixin.py:117} INFO - [2022-10-09T07:15:54.232+0000] {dag.py:2573} INFO - Sync 1 DAGs
[2022-10-09T07:15:54.244+0000] {logging_mixin.py:117} INFO - [2022-10-09T07:15:54.244+0000] {dag.py:3328} INFO - Setting next_dagrun for example_time_delta_sensor_async to None, run_after=None
[2022-10-09T07:15:54.255+0000] {processor.py:178} INFO - Processing /home/airflow/.local/lib/python3.7/site-packages/airflow/example_dags/example_time_delta_sensor_async.py took 0.123 seconds
[2022-10-09T07:16:24.435+0000] {processor.py:156} INFO - Started process (PID=3105) to work on /home/airflow/.local/lib/python3.7/site-packages/airflow/example_dags/example_time_delta_sensor_async.py
[2022-10-09T07:16:24.437+0000] {processor.py:758} INFO - Processing file /home/airflow/.local/lib/python3.7/site-packages/airflow/example_dags/example_time_delta_sensor_async.py for tasks to queue
[2022-10-09T07:16:24.438+0000] {logging_mixin.py:117} INFO - [2022-10-09T07:16:24.438+0000] {dagbag.py:525} INFO - Filling up the DagBag from /home/airflow/.local/lib/python3.7/site-packages/airflow/example_dags/example_time_delta_sensor_async.py
[2022-10-09T07:16:24.448+0000] {processor.py:768} INFO - DAG(s) dict_keys(['example_time_delta_sensor_async']) retrieved from /home/airflow/.local/lib/python3.7/site-packages/airflow/example_dags/example_time_delta_sensor_async.py
[2022-10-09T07:16:24.555+0000] {logging_mixin.py:117} INFO - [2022-10-09T07:16:24.555+0000] {dag.py:2573} INFO - Sync 1 DAGs
[2022-10-09T07:16:24.572+0000] {logging_mixin.py:117} INFO - [2022-10-09T07:16:24.572+0000] {dag.py:3328} INFO - Setting next_dagrun for example_time_delta_sensor_async to None, run_after=None
[2022-10-09T07:16:24.584+0000] {processor.py:178} INFO - Processing /home/airflow/.local/lib/python3.7/site-packages/airflow/example_dags/example_time_delta_sensor_async.py took 0.151 seconds
[2022-10-09T07:16:54.773+0000] {processor.py:156} INFO - Started process (PID=3167) to work on /home/airflow/.local/lib/python3.7/site-packages/airflow/example_dags/example_time_delta_sensor_async.py
[2022-10-09T07:16:54.775+0000] {processor.py:758} INFO - Processing file /home/airflow/.local/lib/python3.7/site-packages/airflow/example_dags/example_time_delta_sensor_async.py for tasks to queue
[2022-10-09T07:16:54.777+0000] {logging_mixin.py:117} INFO - [2022-10-09T07:16:54.777+0000] {dagbag.py:525} INFO - Filling up the DagBag from /home/airflow/.local/lib/python3.7/site-packages/airflow/example_dags/example_time_delta_sensor_async.py
[2022-10-09T07:16:54.787+0000] {processor.py:768} INFO - DAG(s) dict_keys(['example_time_delta_sensor_async']) retrieved from /home/airflow/.local/lib/python3.7/site-packages/airflow/example_dags/example_time_delta_sensor_async.py
[2022-10-09T07:16:54.893+0000] {logging_mixin.py:117} INFO - [2022-10-09T07:16:54.893+0000] {dag.py:2573} INFO - Sync 1 DAGs
[2022-10-09T07:16:54.908+0000] {logging_mixin.py:117} INFO - [2022-10-09T07:16:54.908+0000] {dag.py:3328} INFO - Setting next_dagrun for example_time_delta_sensor_async to None, run_after=None
[2022-10-09T07:16:54.919+0000] {processor.py:178} INFO - Processing /home/airflow/.local/lib/python3.7/site-packages/airflow/example_dags/example_time_delta_sensor_async.py took 0.148 seconds
[2022-10-09T07:17:25.468+0000] {processor.py:156} INFO - Started process (PID=3230) to work on /home/airflow/.local/lib/python3.7/site-packages/airflow/example_dags/example_time_delta_sensor_async.py
[2022-10-09T07:17:25.472+0000] {processor.py:758} INFO - Processing file /home/airflow/.local/lib/python3.7/site-packages/airflow/example_dags/example_time_delta_sensor_async.py for tasks to queue
[2022-10-09T07:17:25.474+0000] {logging_mixin.py:117} INFO - [2022-10-09T07:17:25.474+0000] {dagbag.py:525} INFO - Filling up the DagBag from /home/airflow/.local/lib/python3.7/site-packages/airflow/example_dags/example_time_delta_sensor_async.py
[2022-10-09T07:17:25.486+0000] {processor.py:768} INFO - DAG(s) dict_keys(['example_time_delta_sensor_async']) retrieved from /home/airflow/.local/lib/python3.7/site-packages/airflow/example_dags/example_time_delta_sensor_async.py
[2022-10-09T07:17:25.623+0000] {logging_mixin.py:117} INFO - [2022-10-09T07:17:25.623+0000] {dag.py:2573} INFO - Sync 1 DAGs
[2022-10-09T07:17:25.641+0000] {logging_mixin.py:117} INFO - [2022-10-09T07:17:25.640+0000] {dag.py:3328} INFO - Setting next_dagrun for example_time_delta_sensor_async to None, run_after=None
[2022-10-09T07:17:25.652+0000] {processor.py:178} INFO - Processing /home/airflow/.local/lib/python3.7/site-packages/airflow/example_dags/example_time_delta_sensor_async.py took 0.187 seconds
[2022-10-09T07:17:55.780+0000] {processor.py:156} INFO - Started process (PID=3291) to work on /home/airflow/.local/lib/python3.7/site-packages/airflow/example_dags/example_time_delta_sensor_async.py
[2022-10-09T07:17:55.781+0000] {processor.py:758} INFO - Processing file /home/airflow/.local/lib/python3.7/site-packages/airflow/example_dags/example_time_delta_sensor_async.py for tasks to queue
[2022-10-09T07:17:55.783+0000] {logging_mixin.py:117} INFO - [2022-10-09T07:17:55.783+0000] {dagbag.py:525} INFO - Filling up the DagBag from /home/airflow/.local/lib/python3.7/site-packages/airflow/example_dags/example_time_delta_sensor_async.py
[2022-10-09T07:17:55.792+0000] {processor.py:768} INFO - DAG(s) dict_keys(['example_time_delta_sensor_async']) retrieved from /home/airflow/.local/lib/python3.7/site-packages/airflow/example_dags/example_time_delta_sensor_async.py
[2022-10-09T07:17:55.879+0000] {logging_mixin.py:117} INFO - [2022-10-09T07:17:55.879+0000] {dag.py:2573} INFO - Sync 1 DAGs
[2022-10-09T07:17:55.893+0000] {logging_mixin.py:117} INFO - [2022-10-09T07:17:55.893+0000] {dag.py:3328} INFO - Setting next_dagrun for example_time_delta_sensor_async to None, run_after=None
[2022-10-09T07:17:55.903+0000] {processor.py:178} INFO - Processing /home/airflow/.local/lib/python3.7/site-packages/airflow/example_dags/example_time_delta_sensor_async.py took 0.125 seconds
[2022-10-09T07:18:26.103+0000] {processor.py:156} INFO - Started process (PID=3354) to work on /home/airflow/.local/lib/python3.7/site-packages/airflow/example_dags/example_time_delta_sensor_async.py
[2022-10-09T07:18:26.105+0000] {processor.py:758} INFO - Processing file /home/airflow/.local/lib/python3.7/site-packages/airflow/example_dags/example_time_delta_sensor_async.py for tasks to queue
[2022-10-09T07:18:26.106+0000] {logging_mixin.py:117} INFO - [2022-10-09T07:18:26.106+0000] {dagbag.py:525} INFO - Filling up the DagBag from /home/airflow/.local/lib/python3.7/site-packages/airflow/example_dags/example_time_delta_sensor_async.py
[2022-10-09T07:18:26.117+0000] {processor.py:768} INFO - DAG(s) dict_keys(['example_time_delta_sensor_async']) retrieved from /home/airflow/.local/lib/python3.7/site-packages/airflow/example_dags/example_time_delta_sensor_async.py
[2022-10-09T07:18:26.230+0000] {logging_mixin.py:117} INFO - [2022-10-09T07:18:26.229+0000] {dag.py:2573} INFO - Sync 1 DAGs
[2022-10-09T07:18:26.249+0000] {logging_mixin.py:117} INFO - [2022-10-09T07:18:26.249+0000] {dag.py:3328} INFO - Setting next_dagrun for example_time_delta_sensor_async to None, run_after=None
[2022-10-09T07:18:26.265+0000] {processor.py:178} INFO - Processing /home/airflow/.local/lib/python3.7/site-packages/airflow/example_dags/example_time_delta_sensor_async.py took 0.163 seconds
[2022-10-09T07:18:57.310+0000] {processor.py:156} INFO - Started process (PID=3416) to work on /home/airflow/.local/lib/python3.7/site-packages/airflow/example_dags/example_time_delta_sensor_async.py
[2022-10-09T07:18:57.312+0000] {processor.py:758} INFO - Processing file /home/airflow/.local/lib/python3.7/site-packages/airflow/example_dags/example_time_delta_sensor_async.py for tasks to queue
[2022-10-09T07:18:57.313+0000] {logging_mixin.py:117} INFO - [2022-10-09T07:18:57.313+0000] {dagbag.py:525} INFO - Filling up the DagBag from /home/airflow/.local/lib/python3.7/site-packages/airflow/example_dags/example_time_delta_sensor_async.py
[2022-10-09T07:18:57.322+0000] {processor.py:768} INFO - DAG(s) dict_keys(['example_time_delta_sensor_async']) retrieved from /home/airflow/.local/lib/python3.7/site-packages/airflow/example_dags/example_time_delta_sensor_async.py
[2022-10-09T07:18:57.430+0000] {logging_mixin.py:117} INFO - [2022-10-09T07:18:57.429+0000] {dag.py:2573} INFO - Sync 1 DAGs
[2022-10-09T07:18:57.449+0000] {logging_mixin.py:117} INFO - [2022-10-09T07:18:57.449+0000] {dag.py:3328} INFO - Setting next_dagrun for example_time_delta_sensor_async to None, run_after=None
[2022-10-09T07:18:57.470+0000] {processor.py:178} INFO - Processing /home/airflow/.local/lib/python3.7/site-packages/airflow/example_dags/example_time_delta_sensor_async.py took 0.162 seconds
[2022-10-09T07:19:27.651+0000] {processor.py:156} INFO - Started process (PID=3470) to work on /home/airflow/.local/lib/python3.7/site-packages/airflow/example_dags/example_time_delta_sensor_async.py
[2022-10-09T07:19:27.682+0000] {processor.py:758} INFO - Processing file /home/airflow/.local/lib/python3.7/site-packages/airflow/example_dags/example_time_delta_sensor_async.py for tasks to queue
[2022-10-09T07:19:27.684+0000] {logging_mixin.py:117} INFO - [2022-10-09T07:19:27.684+0000] {dagbag.py:525} INFO - Filling up the DagBag from /home/airflow/.local/lib/python3.7/site-packages/airflow/example_dags/example_time_delta_sensor_async.py
[2022-10-09T07:19:27.693+0000] {processor.py:768} INFO - DAG(s) dict_keys(['example_time_delta_sensor_async']) retrieved from /home/airflow/.local/lib/python3.7/site-packages/airflow/example_dags/example_time_delta_sensor_async.py
[2022-10-09T07:19:27.801+0000] {logging_mixin.py:117} INFO - [2022-10-09T07:19:27.801+0000] {dag.py:2573} INFO - Sync 1 DAGs
[2022-10-09T07:19:27.816+0000] {logging_mixin.py:117} INFO - [2022-10-09T07:19:27.816+0000] {dag.py:3328} INFO - Setting next_dagrun for example_time_delta_sensor_async to None, run_after=None
[2022-10-09T07:19:27.830+0000] {processor.py:178} INFO - Processing /home/airflow/.local/lib/python3.7/site-packages/airflow/example_dags/example_time_delta_sensor_async.py took 0.182 seconds
[2022-10-09T07:19:58.015+0000] {processor.py:156} INFO - Started process (PID=3534) to work on /home/airflow/.local/lib/python3.7/site-packages/airflow/example_dags/example_time_delta_sensor_async.py
[2022-10-09T07:19:58.017+0000] {processor.py:758} INFO - Processing file /home/airflow/.local/lib/python3.7/site-packages/airflow/example_dags/example_time_delta_sensor_async.py for tasks to queue
[2022-10-09T07:19:58.018+0000] {logging_mixin.py:117} INFO - [2022-10-09T07:19:58.018+0000] {dagbag.py:525} INFO - Filling up the DagBag from /home/airflow/.local/lib/python3.7/site-packages/airflow/example_dags/example_time_delta_sensor_async.py
[2022-10-09T07:19:58.027+0000] {processor.py:768} INFO - DAG(s) dict_keys(['example_time_delta_sensor_async']) retrieved from /home/airflow/.local/lib/python3.7/site-packages/airflow/example_dags/example_time_delta_sensor_async.py
[2022-10-09T07:19:58.140+0000] {logging_mixin.py:117} INFO - [2022-10-09T07:19:58.140+0000] {dag.py:2573} INFO - Sync 1 DAGs
[2022-10-09T07:19:58.160+0000] {logging_mixin.py:117} INFO - [2022-10-09T07:19:58.160+0000] {dag.py:3328} INFO - Setting next_dagrun for example_time_delta_sensor_async to None, run_after=None
[2022-10-09T07:19:58.173+0000] {processor.py:178} INFO - Processing /home/airflow/.local/lib/python3.7/site-packages/airflow/example_dags/example_time_delta_sensor_async.py took 0.161 seconds
[2022-10-09T07:20:28.578+0000] {processor.py:156} INFO - Started process (PID=3597) to work on /home/airflow/.local/lib/python3.7/site-packages/airflow/example_dags/example_time_delta_sensor_async.py
[2022-10-09T07:20:28.579+0000] {processor.py:758} INFO - Processing file /home/airflow/.local/lib/python3.7/site-packages/airflow/example_dags/example_time_delta_sensor_async.py for tasks to queue
[2022-10-09T07:20:28.580+0000] {logging_mixin.py:117} INFO - [2022-10-09T07:20:28.580+0000] {dagbag.py:525} INFO - Filling up the DagBag from /home/airflow/.local/lib/python3.7/site-packages/airflow/example_dags/example_time_delta_sensor_async.py
[2022-10-09T07:20:28.590+0000] {processor.py:768} INFO - DAG(s) dict_keys(['example_time_delta_sensor_async']) retrieved from /home/airflow/.local/lib/python3.7/site-packages/airflow/example_dags/example_time_delta_sensor_async.py
[2022-10-09T07:20:28.725+0000] {logging_mixin.py:117} INFO - [2022-10-09T07:20:28.725+0000] {dag.py:2573} INFO - Sync 1 DAGs
[2022-10-09T07:20:28.746+0000] {logging_mixin.py:117} INFO - [2022-10-09T07:20:28.746+0000] {dag.py:3328} INFO - Setting next_dagrun for example_time_delta_sensor_async to None, run_after=None
[2022-10-09T07:20:28.766+0000] {processor.py:178} INFO - Processing /home/airflow/.local/lib/python3.7/site-packages/airflow/example_dags/example_time_delta_sensor_async.py took 0.191 seconds
[2022-10-09T07:20:59.277+0000] {processor.py:156} INFO - Started process (PID=3660) to work on /home/airflow/.local/lib/python3.7/site-packages/airflow/example_dags/example_time_delta_sensor_async.py
[2022-10-09T07:20:59.279+0000] {processor.py:758} INFO - Processing file /home/airflow/.local/lib/python3.7/site-packages/airflow/example_dags/example_time_delta_sensor_async.py for tasks to queue
[2022-10-09T07:20:59.280+0000] {logging_mixin.py:117} INFO - [2022-10-09T07:20:59.280+0000] {dagbag.py:525} INFO - Filling up the DagBag from /home/airflow/.local/lib/python3.7/site-packages/airflow/example_dags/example_time_delta_sensor_async.py
[2022-10-09T07:20:59.290+0000] {processor.py:768} INFO - DAG(s) dict_keys(['example_time_delta_sensor_async']) retrieved from /home/airflow/.local/lib/python3.7/site-packages/airflow/example_dags/example_time_delta_sensor_async.py
[2022-10-09T07:20:59.389+0000] {logging_mixin.py:117} INFO - [2022-10-09T07:20:59.389+0000] {dag.py:2573} INFO - Sync 1 DAGs
[2022-10-09T07:20:59.405+0000] {logging_mixin.py:117} INFO - [2022-10-09T07:20:59.405+0000] {dag.py:3328} INFO - Setting next_dagrun for example_time_delta_sensor_async to None, run_after=None
[2022-10-09T07:20:59.417+0000] {processor.py:178} INFO - Processing /home/airflow/.local/lib/python3.7/site-packages/airflow/example_dags/example_time_delta_sensor_async.py took 0.143 seconds
[2022-10-09T07:21:29.729+0000] {processor.py:156} INFO - Started process (PID=3723) to work on /home/airflow/.local/lib/python3.7/site-packages/airflow/example_dags/example_time_delta_sensor_async.py
[2022-10-09T07:21:29.730+0000] {processor.py:758} INFO - Processing file /home/airflow/.local/lib/python3.7/site-packages/airflow/example_dags/example_time_delta_sensor_async.py for tasks to queue
[2022-10-09T07:21:29.731+0000] {logging_mixin.py:117} INFO - [2022-10-09T07:21:29.731+0000] {dagbag.py:525} INFO - Filling up the DagBag from /home/airflow/.local/lib/python3.7/site-packages/airflow/example_dags/example_time_delta_sensor_async.py
[2022-10-09T07:21:29.740+0000] {processor.py:768} INFO - DAG(s) dict_keys(['example_time_delta_sensor_async']) retrieved from /home/airflow/.local/lib/python3.7/site-packages/airflow/example_dags/example_time_delta_sensor_async.py
[2022-10-09T07:21:29.841+0000] {logging_mixin.py:117} INFO - [2022-10-09T07:21:29.841+0000] {dag.py:2573} INFO - Sync 1 DAGs
[2022-10-09T07:21:29.861+0000] {logging_mixin.py:117} INFO - [2022-10-09T07:21:29.860+0000] {dag.py:3328} INFO - Setting next_dagrun for example_time_delta_sensor_async to None, run_after=None
[2022-10-09T07:21:29.874+0000] {processor.py:178} INFO - Processing /home/airflow/.local/lib/python3.7/site-packages/airflow/example_dags/example_time_delta_sensor_async.py took 0.148 seconds
[2022-10-09T07:21:59.989+0000] {processor.py:156} INFO - Started process (PID=3775) to work on /home/airflow/.local/lib/python3.7/site-packages/airflow/example_dags/example_time_delta_sensor_async.py
[2022-10-09T07:21:59.991+0000] {processor.py:758} INFO - Processing file /home/airflow/.local/lib/python3.7/site-packages/airflow/example_dags/example_time_delta_sensor_async.py for tasks to queue
[2022-10-09T07:21:59.992+0000] {logging_mixin.py:117} INFO - [2022-10-09T07:21:59.992+0000] {dagbag.py:525} INFO - Filling up the DagBag from /home/airflow/.local/lib/python3.7/site-packages/airflow/example_dags/example_time_delta_sensor_async.py
[2022-10-09T07:22:00.001+0000] {processor.py:768} INFO - DAG(s) dict_keys(['example_time_delta_sensor_async']) retrieved from /home/airflow/.local/lib/python3.7/site-packages/airflow/example_dags/example_time_delta_sensor_async.py
[2022-10-09T07:22:00.100+0000] {logging_mixin.py:117} INFO - [2022-10-09T07:22:00.100+0000] {dag.py:2573} INFO - Sync 1 DAGs
[2022-10-09T07:22:00.113+0000] {logging_mixin.py:117} INFO - [2022-10-09T07:22:00.113+0000] {dag.py:3328} INFO - Setting next_dagrun for example_time_delta_sensor_async to None, run_after=None
[2022-10-09T07:22:00.126+0000] {processor.py:178} INFO - Processing /home/airflow/.local/lib/python3.7/site-packages/airflow/example_dags/example_time_delta_sensor_async.py took 0.139 seconds
[2022-10-09T07:22:30.371+0000] {processor.py:156} INFO - Started process (PID=3838) to work on /home/airflow/.local/lib/python3.7/site-packages/airflow/example_dags/example_time_delta_sensor_async.py
[2022-10-09T07:22:30.373+0000] {processor.py:758} INFO - Processing file /home/airflow/.local/lib/python3.7/site-packages/airflow/example_dags/example_time_delta_sensor_async.py for tasks to queue
[2022-10-09T07:22:30.373+0000] {logging_mixin.py:117} INFO - [2022-10-09T07:22:30.373+0000] {dagbag.py:525} INFO - Filling up the DagBag from /home/airflow/.local/lib/python3.7/site-packages/airflow/example_dags/example_time_delta_sensor_async.py
[2022-10-09T07:22:30.382+0000] {processor.py:768} INFO - DAG(s) dict_keys(['example_time_delta_sensor_async']) retrieved from /home/airflow/.local/lib/python3.7/site-packages/airflow/example_dags/example_time_delta_sensor_async.py
[2022-10-09T07:22:30.481+0000] {logging_mixin.py:117} INFO - [2022-10-09T07:22:30.481+0000] {dag.py:2573} INFO - Sync 1 DAGs
[2022-10-09T07:22:30.501+0000] {logging_mixin.py:117} INFO - [2022-10-09T07:22:30.501+0000] {dag.py:3328} INFO - Setting next_dagrun for example_time_delta_sensor_async to None, run_after=None
[2022-10-09T07:22:30.513+0000] {processor.py:178} INFO - Processing /home/airflow/.local/lib/python3.7/site-packages/airflow/example_dags/example_time_delta_sensor_async.py took 0.144 seconds
[2022-10-09T07:23:00.667+0000] {processor.py:156} INFO - Started process (PID=3902) to work on /home/airflow/.local/lib/python3.7/site-packages/airflow/example_dags/example_time_delta_sensor_async.py
[2022-10-09T07:23:00.668+0000] {processor.py:758} INFO - Processing file /home/airflow/.local/lib/python3.7/site-packages/airflow/example_dags/example_time_delta_sensor_async.py for tasks to queue
[2022-10-09T07:23:00.669+0000] {logging_mixin.py:117} INFO - [2022-10-09T07:23:00.669+0000] {dagbag.py:525} INFO - Filling up the DagBag from /home/airflow/.local/lib/python3.7/site-packages/airflow/example_dags/example_time_delta_sensor_async.py
[2022-10-09T07:23:00.679+0000] {processor.py:768} INFO - DAG(s) dict_keys(['example_time_delta_sensor_async']) retrieved from /home/airflow/.local/lib/python3.7/site-packages/airflow/example_dags/example_time_delta_sensor_async.py
[2022-10-09T07:23:00.781+0000] {logging_mixin.py:117} INFO - [2022-10-09T07:23:00.781+0000] {dag.py:2573} INFO - Sync 1 DAGs
[2022-10-09T07:23:00.797+0000] {logging_mixin.py:117} INFO - [2022-10-09T07:23:00.796+0000] {dag.py:3328} INFO - Setting next_dagrun for example_time_delta_sensor_async to None, run_after=None
[2022-10-09T07:23:00.809+0000] {processor.py:178} INFO - Processing /home/airflow/.local/lib/python3.7/site-packages/airflow/example_dags/example_time_delta_sensor_async.py took 0.145 seconds
[2022-10-09T07:23:31.034+0000] {processor.py:156} INFO - Started process (PID=3965) to work on /home/airflow/.local/lib/python3.7/site-packages/airflow/example_dags/example_time_delta_sensor_async.py
[2022-10-09T07:23:31.036+0000] {processor.py:758} INFO - Processing file /home/airflow/.local/lib/python3.7/site-packages/airflow/example_dags/example_time_delta_sensor_async.py for tasks to queue
[2022-10-09T07:23:31.037+0000] {logging_mixin.py:117} INFO - [2022-10-09T07:23:31.037+0000] {dagbag.py:525} INFO - Filling up the DagBag from /home/airflow/.local/lib/python3.7/site-packages/airflow/example_dags/example_time_delta_sensor_async.py
[2022-10-09T07:23:31.046+0000] {processor.py:768} INFO - DAG(s) dict_keys(['example_time_delta_sensor_async']) retrieved from /home/airflow/.local/lib/python3.7/site-packages/airflow/example_dags/example_time_delta_sensor_async.py
[2022-10-09T07:23:31.156+0000] {logging_mixin.py:117} INFO - [2022-10-09T07:23:31.156+0000] {dag.py:2573} INFO - Sync 1 DAGs
[2022-10-09T07:23:31.173+0000] {logging_mixin.py:117} INFO - [2022-10-09T07:23:31.173+0000] {dag.py:3328} INFO - Setting next_dagrun for example_time_delta_sensor_async to None, run_after=None
[2022-10-09T07:23:31.188+0000] {processor.py:178} INFO - Processing /home/airflow/.local/lib/python3.7/site-packages/airflow/example_dags/example_time_delta_sensor_async.py took 0.156 seconds
[2022-10-09T07:24:01.309+0000] {processor.py:156} INFO - Started process (PID=4029) to work on /home/airflow/.local/lib/python3.7/site-packages/airflow/example_dags/example_time_delta_sensor_async.py
[2022-10-09T07:24:01.311+0000] {processor.py:758} INFO - Processing file /home/airflow/.local/lib/python3.7/site-packages/airflow/example_dags/example_time_delta_sensor_async.py for tasks to queue
[2022-10-09T07:24:01.311+0000] {logging_mixin.py:117} INFO - [2022-10-09T07:24:01.311+0000] {dagbag.py:525} INFO - Filling up the DagBag from /home/airflow/.local/lib/python3.7/site-packages/airflow/example_dags/example_time_delta_sensor_async.py
[2022-10-09T07:24:01.320+0000] {processor.py:768} INFO - DAG(s) dict_keys(['example_time_delta_sensor_async']) retrieved from /home/airflow/.local/lib/python3.7/site-packages/airflow/example_dags/example_time_delta_sensor_async.py
[2022-10-09T07:24:01.417+0000] {logging_mixin.py:117} INFO - [2022-10-09T07:24:01.417+0000] {dag.py:2573} INFO - Sync 1 DAGs
[2022-10-09T07:24:01.433+0000] {logging_mixin.py:117} INFO - [2022-10-09T07:24:01.433+0000] {dag.py:3328} INFO - Setting next_dagrun for example_time_delta_sensor_async to None, run_after=None
[2022-10-09T07:24:01.446+0000] {processor.py:178} INFO - Processing /home/airflow/.local/lib/python3.7/site-packages/airflow/example_dags/example_time_delta_sensor_async.py took 0.140 seconds
[2022-10-09T07:24:31.906+0000] {processor.py:156} INFO - Started process (PID=4085) to work on /home/airflow/.local/lib/python3.7/site-packages/airflow/example_dags/example_time_delta_sensor_async.py
[2022-10-09T07:24:31.908+0000] {processor.py:758} INFO - Processing file /home/airflow/.local/lib/python3.7/site-packages/airflow/example_dags/example_time_delta_sensor_async.py for tasks to queue
[2022-10-09T07:24:31.909+0000] {logging_mixin.py:117} INFO - [2022-10-09T07:24:31.909+0000] {dagbag.py:525} INFO - Filling up the DagBag from /home/airflow/.local/lib/python3.7/site-packages/airflow/example_dags/example_time_delta_sensor_async.py
[2022-10-09T07:24:31.919+0000] {processor.py:768} INFO - DAG(s) dict_keys(['example_time_delta_sensor_async']) retrieved from /home/airflow/.local/lib/python3.7/site-packages/airflow/example_dags/example_time_delta_sensor_async.py
[2022-10-09T07:24:32.019+0000] {logging_mixin.py:117} INFO - [2022-10-09T07:24:32.019+0000] {dag.py:2573} INFO - Sync 1 DAGs
[2022-10-09T07:24:32.041+0000] {logging_mixin.py:117} INFO - [2022-10-09T07:24:32.041+0000] {dag.py:3328} INFO - Setting next_dagrun for example_time_delta_sensor_async to None, run_after=None
[2022-10-09T07:24:32.056+0000] {processor.py:178} INFO - Processing /home/airflow/.local/lib/python3.7/site-packages/airflow/example_dags/example_time_delta_sensor_async.py took 0.152 seconds
