[2022-10-09T06:40:40.976+0000] {processor.py:156} INFO - Started process (PID=61) to work on /home/airflow/.local/lib/python3.7/site-packages/airflow/example_dags/example_dag_decorator.py
[2022-10-09T06:40:40.979+0000] {processor.py:758} INFO - Processing file /home/airflow/.local/lib/python3.7/site-packages/airflow/example_dags/example_dag_decorator.py for tasks to queue
[2022-10-09T06:40:40.980+0000] {logging_mixin.py:117} INFO - [2022-10-09T06:40:40.980+0000] {dagbag.py:525} INFO - Filling up the DagBag from /home/airflow/.local/lib/python3.7/site-packages/airflow/example_dags/example_dag_decorator.py
[2022-10-09T06:40:41.028+0000] {processor.py:768} INFO - DAG(s) dict_keys(['example_dag_decorator']) retrieved from /home/airflow/.local/lib/python3.7/site-packages/airflow/example_dags/example_dag_decorator.py
[2022-10-09T06:40:41.098+0000] {logging_mixin.py:117} INFO - [2022-10-09T06:40:41.098+0000] {dag.py:2573} INFO - Sync 1 DAGs
[2022-10-09T06:40:41.151+0000] {logging_mixin.py:117} INFO - [2022-10-09T06:40:41.151+0000] {dag.py:3328} INFO - Setting next_dagrun for example_dag_decorator to None, run_after=None
[2022-10-09T06:40:41.210+0000] {processor.py:178} INFO - Processing /home/airflow/.local/lib/python3.7/site-packages/airflow/example_dags/example_dag_decorator.py took 0.255 seconds
[2022-10-09T06:41:12.064+0000] {processor.py:156} INFO - Started process (PID=124) to work on /home/airflow/.local/lib/python3.7/site-packages/airflow/example_dags/example_dag_decorator.py
[2022-10-09T06:41:12.071+0000] {processor.py:758} INFO - Processing file /home/airflow/.local/lib/python3.7/site-packages/airflow/example_dags/example_dag_decorator.py for tasks to queue
[2022-10-09T06:41:12.072+0000] {logging_mixin.py:117} INFO - [2022-10-09T06:41:12.072+0000] {dagbag.py:525} INFO - Filling up the DagBag from /home/airflow/.local/lib/python3.7/site-packages/airflow/example_dags/example_dag_decorator.py
[2022-10-09T06:41:12.103+0000] {processor.py:768} INFO - DAG(s) dict_keys(['example_dag_decorator']) retrieved from /home/airflow/.local/lib/python3.7/site-packages/airflow/example_dags/example_dag_decorator.py
[2022-10-09T06:41:12.150+0000] {logging_mixin.py:117} INFO - [2022-10-09T06:41:12.150+0000] {dag.py:2573} INFO - Sync 1 DAGs
[2022-10-09T06:41:12.164+0000] {logging_mixin.py:117} INFO - [2022-10-09T06:41:12.164+0000] {dag.py:3328} INFO - Setting next_dagrun for example_dag_decorator to None, run_after=None
[2022-10-09T06:41:12.182+0000] {processor.py:178} INFO - Processing /home/airflow/.local/lib/python3.7/site-packages/airflow/example_dags/example_dag_decorator.py took 0.124 seconds
[2022-10-09T06:41:42.374+0000] {processor.py:156} INFO - Started process (PID=188) to work on /home/airflow/.local/lib/python3.7/site-packages/airflow/example_dags/example_dag_decorator.py
[2022-10-09T06:41:42.378+0000] {processor.py:758} INFO - Processing file /home/airflow/.local/lib/python3.7/site-packages/airflow/example_dags/example_dag_decorator.py for tasks to queue
[2022-10-09T06:41:42.380+0000] {logging_mixin.py:117} INFO - [2022-10-09T06:41:42.380+0000] {dagbag.py:525} INFO - Filling up the DagBag from /home/airflow/.local/lib/python3.7/site-packages/airflow/example_dags/example_dag_decorator.py
[2022-10-09T06:41:42.412+0000] {processor.py:768} INFO - DAG(s) dict_keys(['example_dag_decorator']) retrieved from /home/airflow/.local/lib/python3.7/site-packages/airflow/example_dags/example_dag_decorator.py
[2022-10-09T06:41:42.459+0000] {logging_mixin.py:117} INFO - [2022-10-09T06:41:42.459+0000] {dag.py:2573} INFO - Sync 1 DAGs
[2022-10-09T06:41:42.473+0000] {logging_mixin.py:117} INFO - [2022-10-09T06:41:42.473+0000] {dag.py:3328} INFO - Setting next_dagrun for example_dag_decorator to None, run_after=None
[2022-10-09T06:41:42.484+0000] {processor.py:178} INFO - Processing /home/airflow/.local/lib/python3.7/site-packages/airflow/example_dags/example_dag_decorator.py took 0.116 seconds
[2022-10-09T06:42:13.157+0000] {processor.py:156} INFO - Started process (PID=251) to work on /home/airflow/.local/lib/python3.7/site-packages/airflow/example_dags/example_dag_decorator.py
[2022-10-09T06:42:13.162+0000] {processor.py:758} INFO - Processing file /home/airflow/.local/lib/python3.7/site-packages/airflow/example_dags/example_dag_decorator.py for tasks to queue
[2022-10-09T06:42:13.165+0000] {logging_mixin.py:117} INFO - [2022-10-09T06:42:13.165+0000] {dagbag.py:525} INFO - Filling up the DagBag from /home/airflow/.local/lib/python3.7/site-packages/airflow/example_dags/example_dag_decorator.py
[2022-10-09T06:42:13.191+0000] {processor.py:768} INFO - DAG(s) dict_keys(['example_dag_decorator']) retrieved from /home/airflow/.local/lib/python3.7/site-packages/airflow/example_dags/example_dag_decorator.py
[2022-10-09T06:42:13.245+0000] {logging_mixin.py:117} INFO - [2022-10-09T06:42:13.245+0000] {dag.py:2573} INFO - Sync 1 DAGs
[2022-10-09T06:42:13.260+0000] {logging_mixin.py:117} INFO - [2022-10-09T06:42:13.260+0000] {dag.py:3328} INFO - Setting next_dagrun for example_dag_decorator to None, run_after=None
[2022-10-09T06:42:13.274+0000] {processor.py:178} INFO - Processing /home/airflow/.local/lib/python3.7/site-packages/airflow/example_dags/example_dag_decorator.py took 0.120 seconds
[2022-10-09T06:42:43.542+0000] {processor.py:156} INFO - Started process (PID=314) to work on /home/airflow/.local/lib/python3.7/site-packages/airflow/example_dags/example_dag_decorator.py
[2022-10-09T06:42:43.544+0000] {processor.py:758} INFO - Processing file /home/airflow/.local/lib/python3.7/site-packages/airflow/example_dags/example_dag_decorator.py for tasks to queue
[2022-10-09T06:42:43.545+0000] {logging_mixin.py:117} INFO - [2022-10-09T06:42:43.545+0000] {dagbag.py:525} INFO - Filling up the DagBag from /home/airflow/.local/lib/python3.7/site-packages/airflow/example_dags/example_dag_decorator.py
[2022-10-09T06:42:43.566+0000] {processor.py:768} INFO - DAG(s) dict_keys(['example_dag_decorator']) retrieved from /home/airflow/.local/lib/python3.7/site-packages/airflow/example_dags/example_dag_decorator.py
[2022-10-09T06:42:43.622+0000] {logging_mixin.py:117} INFO - [2022-10-09T06:42:43.622+0000] {dag.py:2573} INFO - Sync 1 DAGs
[2022-10-09T06:42:43.643+0000] {logging_mixin.py:117} INFO - [2022-10-09T06:42:43.643+0000] {dag.py:3328} INFO - Setting next_dagrun for example_dag_decorator to None, run_after=None
[2022-10-09T06:42:43.666+0000] {processor.py:178} INFO - Processing /home/airflow/.local/lib/python3.7/site-packages/airflow/example_dags/example_dag_decorator.py took 0.127 seconds
[2022-10-09T06:43:13.979+0000] {processor.py:156} INFO - Started process (PID=368) to work on /home/airflow/.local/lib/python3.7/site-packages/airflow/example_dags/example_dag_decorator.py
[2022-10-09T06:43:13.982+0000] {processor.py:758} INFO - Processing file /home/airflow/.local/lib/python3.7/site-packages/airflow/example_dags/example_dag_decorator.py for tasks to queue
[2022-10-09T06:43:13.985+0000] {logging_mixin.py:117} INFO - [2022-10-09T06:43:13.985+0000] {dagbag.py:525} INFO - Filling up the DagBag from /home/airflow/.local/lib/python3.7/site-packages/airflow/example_dags/example_dag_decorator.py
[2022-10-09T06:43:14.014+0000] {processor.py:768} INFO - DAG(s) dict_keys(['example_dag_decorator']) retrieved from /home/airflow/.local/lib/python3.7/site-packages/airflow/example_dags/example_dag_decorator.py
[2022-10-09T06:43:14.061+0000] {logging_mixin.py:117} INFO - [2022-10-09T06:43:14.061+0000] {dag.py:2573} INFO - Sync 1 DAGs
[2022-10-09T06:43:14.075+0000] {logging_mixin.py:117} INFO - [2022-10-09T06:43:14.075+0000] {dag.py:3328} INFO - Setting next_dagrun for example_dag_decorator to None, run_after=None
[2022-10-09T06:43:14.087+0000] {processor.py:178} INFO - Processing /home/airflow/.local/lib/python3.7/site-packages/airflow/example_dags/example_dag_decorator.py took 0.113 seconds
[2022-10-09T06:43:44.169+0000] {processor.py:156} INFO - Started process (PID=431) to work on /home/airflow/.local/lib/python3.7/site-packages/airflow/example_dags/example_dag_decorator.py
[2022-10-09T06:43:44.172+0000] {processor.py:758} INFO - Processing file /home/airflow/.local/lib/python3.7/site-packages/airflow/example_dags/example_dag_decorator.py for tasks to queue
[2022-10-09T06:43:44.178+0000] {logging_mixin.py:117} INFO - [2022-10-09T06:43:44.177+0000] {dagbag.py:525} INFO - Filling up the DagBag from /home/airflow/.local/lib/python3.7/site-packages/airflow/example_dags/example_dag_decorator.py
[2022-10-09T06:43:44.205+0000] {processor.py:768} INFO - DAG(s) dict_keys(['example_dag_decorator']) retrieved from /home/airflow/.local/lib/python3.7/site-packages/airflow/example_dags/example_dag_decorator.py
[2022-10-09T06:43:44.251+0000] {logging_mixin.py:117} INFO - [2022-10-09T06:43:44.251+0000] {dag.py:2573} INFO - Sync 1 DAGs
[2022-10-09T06:43:44.264+0000] {logging_mixin.py:117} INFO - [2022-10-09T06:43:44.264+0000] {dag.py:3328} INFO - Setting next_dagrun for example_dag_decorator to None, run_after=None
[2022-10-09T06:43:44.276+0000] {processor.py:178} INFO - Processing /home/airflow/.local/lib/python3.7/site-packages/airflow/example_dags/example_dag_decorator.py took 0.112 seconds
[2022-10-09T06:44:14.450+0000] {processor.py:156} INFO - Started process (PID=494) to work on /home/airflow/.local/lib/python3.7/site-packages/airflow/example_dags/example_dag_decorator.py
[2022-10-09T06:44:14.453+0000] {processor.py:758} INFO - Processing file /home/airflow/.local/lib/python3.7/site-packages/airflow/example_dags/example_dag_decorator.py for tasks to queue
[2022-10-09T06:44:14.455+0000] {logging_mixin.py:117} INFO - [2022-10-09T06:44:14.455+0000] {dagbag.py:525} INFO - Filling up the DagBag from /home/airflow/.local/lib/python3.7/site-packages/airflow/example_dags/example_dag_decorator.py
[2022-10-09T06:44:14.484+0000] {processor.py:768} INFO - DAG(s) dict_keys(['example_dag_decorator']) retrieved from /home/airflow/.local/lib/python3.7/site-packages/airflow/example_dags/example_dag_decorator.py
[2022-10-09T06:44:14.530+0000] {logging_mixin.py:117} INFO - [2022-10-09T06:44:14.530+0000] {dag.py:2573} INFO - Sync 1 DAGs
[2022-10-09T06:44:14.546+0000] {logging_mixin.py:117} INFO - [2022-10-09T06:44:14.546+0000] {dag.py:3328} INFO - Setting next_dagrun for example_dag_decorator to None, run_after=None
[2022-10-09T06:44:14.560+0000] {processor.py:178} INFO - Processing /home/airflow/.local/lib/python3.7/site-packages/airflow/example_dags/example_dag_decorator.py took 0.115 seconds
[2022-10-09T06:44:44.778+0000] {processor.py:156} INFO - Started process (PID=557) to work on /home/airflow/.local/lib/python3.7/site-packages/airflow/example_dags/example_dag_decorator.py
[2022-10-09T06:44:44.783+0000] {processor.py:758} INFO - Processing file /home/airflow/.local/lib/python3.7/site-packages/airflow/example_dags/example_dag_decorator.py for tasks to queue
[2022-10-09T06:44:44.786+0000] {logging_mixin.py:117} INFO - [2022-10-09T06:44:44.786+0000] {dagbag.py:525} INFO - Filling up the DagBag from /home/airflow/.local/lib/python3.7/site-packages/airflow/example_dags/example_dag_decorator.py
[2022-10-09T06:44:44.827+0000] {processor.py:768} INFO - DAG(s) dict_keys(['example_dag_decorator']) retrieved from /home/airflow/.local/lib/python3.7/site-packages/airflow/example_dags/example_dag_decorator.py
[2022-10-09T06:44:44.892+0000] {logging_mixin.py:117} INFO - [2022-10-09T06:44:44.892+0000] {dag.py:2573} INFO - Sync 1 DAGs
[2022-10-09T06:44:44.908+0000] {logging_mixin.py:117} INFO - [2022-10-09T06:44:44.908+0000] {dag.py:3328} INFO - Setting next_dagrun for example_dag_decorator to None, run_after=None
[2022-10-09T06:44:44.923+0000] {processor.py:178} INFO - Processing /home/airflow/.local/lib/python3.7/site-packages/airflow/example_dags/example_dag_decorator.py took 0.149 seconds
[2022-10-09T06:45:15.017+0000] {processor.py:156} INFO - Started process (PID=620) to work on /home/airflow/.local/lib/python3.7/site-packages/airflow/example_dags/example_dag_decorator.py
[2022-10-09T06:45:15.019+0000] {processor.py:758} INFO - Processing file /home/airflow/.local/lib/python3.7/site-packages/airflow/example_dags/example_dag_decorator.py for tasks to queue
[2022-10-09T06:45:15.020+0000] {logging_mixin.py:117} INFO - [2022-10-09T06:45:15.020+0000] {dagbag.py:525} INFO - Filling up the DagBag from /home/airflow/.local/lib/python3.7/site-packages/airflow/example_dags/example_dag_decorator.py
[2022-10-09T06:45:15.039+0000] {processor.py:768} INFO - DAG(s) dict_keys(['example_dag_decorator']) retrieved from /home/airflow/.local/lib/python3.7/site-packages/airflow/example_dags/example_dag_decorator.py
[2022-10-09T06:45:15.084+0000] {logging_mixin.py:117} INFO - [2022-10-09T06:45:15.084+0000] {dag.py:2573} INFO - Sync 1 DAGs
[2022-10-09T06:45:15.098+0000] {logging_mixin.py:117} INFO - [2022-10-09T06:45:15.098+0000] {dag.py:3328} INFO - Setting next_dagrun for example_dag_decorator to None, run_after=None
[2022-10-09T06:45:15.110+0000] {processor.py:178} INFO - Processing /home/airflow/.local/lib/python3.7/site-packages/airflow/example_dags/example_dag_decorator.py took 0.095 seconds
[2022-10-09T06:45:45.349+0000] {processor.py:156} INFO - Started process (PID=673) to work on /home/airflow/.local/lib/python3.7/site-packages/airflow/example_dags/example_dag_decorator.py
[2022-10-09T06:45:45.351+0000] {processor.py:758} INFO - Processing file /home/airflow/.local/lib/python3.7/site-packages/airflow/example_dags/example_dag_decorator.py for tasks to queue
[2022-10-09T06:45:45.352+0000] {logging_mixin.py:117} INFO - [2022-10-09T06:45:45.352+0000] {dagbag.py:525} INFO - Filling up the DagBag from /home/airflow/.local/lib/python3.7/site-packages/airflow/example_dags/example_dag_decorator.py
[2022-10-09T06:45:45.370+0000] {processor.py:768} INFO - DAG(s) dict_keys(['example_dag_decorator']) retrieved from /home/airflow/.local/lib/python3.7/site-packages/airflow/example_dags/example_dag_decorator.py
[2022-10-09T06:45:45.416+0000] {logging_mixin.py:117} INFO - [2022-10-09T06:45:45.416+0000] {dag.py:2573} INFO - Sync 1 DAGs
[2022-10-09T06:45:45.429+0000] {logging_mixin.py:117} INFO - [2022-10-09T06:45:45.429+0000] {dag.py:3328} INFO - Setting next_dagrun for example_dag_decorator to None, run_after=None
[2022-10-09T06:45:45.441+0000] {processor.py:178} INFO - Processing /home/airflow/.local/lib/python3.7/site-packages/airflow/example_dags/example_dag_decorator.py took 0.094 seconds
[2022-10-09T06:46:15.512+0000] {processor.py:156} INFO - Started process (PID=737) to work on /home/airflow/.local/lib/python3.7/site-packages/airflow/example_dags/example_dag_decorator.py
[2022-10-09T06:46:15.514+0000] {processor.py:758} INFO - Processing file /home/airflow/.local/lib/python3.7/site-packages/airflow/example_dags/example_dag_decorator.py for tasks to queue
[2022-10-09T06:46:15.516+0000] {logging_mixin.py:117} INFO - [2022-10-09T06:46:15.515+0000] {dagbag.py:525} INFO - Filling up the DagBag from /home/airflow/.local/lib/python3.7/site-packages/airflow/example_dags/example_dag_decorator.py
[2022-10-09T06:46:15.539+0000] {processor.py:768} INFO - DAG(s) dict_keys(['example_dag_decorator']) retrieved from /home/airflow/.local/lib/python3.7/site-packages/airflow/example_dags/example_dag_decorator.py
[2022-10-09T06:46:15.594+0000] {logging_mixin.py:117} INFO - [2022-10-09T06:46:15.594+0000] {dag.py:2573} INFO - Sync 1 DAGs
[2022-10-09T06:46:15.610+0000] {logging_mixin.py:117} INFO - [2022-10-09T06:46:15.610+0000] {dag.py:3328} INFO - Setting next_dagrun for example_dag_decorator to None, run_after=None
[2022-10-09T06:46:15.623+0000] {processor.py:178} INFO - Processing /home/airflow/.local/lib/python3.7/site-packages/airflow/example_dags/example_dag_decorator.py took 0.114 seconds
[2022-10-09T06:46:45.798+0000] {processor.py:156} INFO - Started process (PID=801) to work on /home/airflow/.local/lib/python3.7/site-packages/airflow/example_dags/example_dag_decorator.py
[2022-10-09T06:46:45.800+0000] {processor.py:758} INFO - Processing file /home/airflow/.local/lib/python3.7/site-packages/airflow/example_dags/example_dag_decorator.py for tasks to queue
[2022-10-09T06:46:45.801+0000] {logging_mixin.py:117} INFO - [2022-10-09T06:46:45.800+0000] {dagbag.py:525} INFO - Filling up the DagBag from /home/airflow/.local/lib/python3.7/site-packages/airflow/example_dags/example_dag_decorator.py
[2022-10-09T06:46:45.818+0000] {processor.py:768} INFO - DAG(s) dict_keys(['example_dag_decorator']) retrieved from /home/airflow/.local/lib/python3.7/site-packages/airflow/example_dags/example_dag_decorator.py
[2022-10-09T06:46:45.873+0000] {logging_mixin.py:117} INFO - [2022-10-09T06:46:45.873+0000] {dag.py:2573} INFO - Sync 1 DAGs
[2022-10-09T06:46:45.895+0000] {logging_mixin.py:117} INFO - [2022-10-09T06:46:45.895+0000] {dag.py:3328} INFO - Setting next_dagrun for example_dag_decorator to None, run_after=None
[2022-10-09T06:46:45.911+0000] {processor.py:178} INFO - Processing /home/airflow/.local/lib/python3.7/site-packages/airflow/example_dags/example_dag_decorator.py took 0.116 seconds
[2022-10-09T06:47:16.036+0000] {processor.py:156} INFO - Started process (PID=863) to work on /home/airflow/.local/lib/python3.7/site-packages/airflow/example_dags/example_dag_decorator.py
[2022-10-09T06:47:16.039+0000] {processor.py:758} INFO - Processing file /home/airflow/.local/lib/python3.7/site-packages/airflow/example_dags/example_dag_decorator.py for tasks to queue
[2022-10-09T06:47:16.042+0000] {logging_mixin.py:117} INFO - [2022-10-09T06:47:16.042+0000] {dagbag.py:525} INFO - Filling up the DagBag from /home/airflow/.local/lib/python3.7/site-packages/airflow/example_dags/example_dag_decorator.py
[2022-10-09T06:47:16.073+0000] {processor.py:768} INFO - DAG(s) dict_keys(['example_dag_decorator']) retrieved from /home/airflow/.local/lib/python3.7/site-packages/airflow/example_dags/example_dag_decorator.py
[2022-10-09T06:47:16.118+0000] {logging_mixin.py:117} INFO - [2022-10-09T06:47:16.118+0000] {dag.py:2573} INFO - Sync 1 DAGs
[2022-10-09T06:47:16.131+0000] {logging_mixin.py:117} INFO - [2022-10-09T06:47:16.131+0000] {dag.py:3328} INFO - Setting next_dagrun for example_dag_decorator to None, run_after=None
[2022-10-09T06:47:16.142+0000] {processor.py:178} INFO - Processing /home/airflow/.local/lib/python3.7/site-packages/airflow/example_dags/example_dag_decorator.py took 0.111 seconds
[2022-10-09T06:47:46.239+0000] {processor.py:156} INFO - Started process (PID=925) to work on /home/airflow/.local/lib/python3.7/site-packages/airflow/example_dags/example_dag_decorator.py
[2022-10-09T06:47:46.241+0000] {processor.py:758} INFO - Processing file /home/airflow/.local/lib/python3.7/site-packages/airflow/example_dags/example_dag_decorator.py for tasks to queue
[2022-10-09T06:47:46.242+0000] {logging_mixin.py:117} INFO - [2022-10-09T06:47:46.242+0000] {dagbag.py:525} INFO - Filling up the DagBag from /home/airflow/.local/lib/python3.7/site-packages/airflow/example_dags/example_dag_decorator.py
[2022-10-09T06:47:46.262+0000] {processor.py:768} INFO - DAG(s) dict_keys(['example_dag_decorator']) retrieved from /home/airflow/.local/lib/python3.7/site-packages/airflow/example_dags/example_dag_decorator.py
[2022-10-09T06:47:46.316+0000] {logging_mixin.py:117} INFO - [2022-10-09T06:47:46.316+0000] {dag.py:2573} INFO - Sync 1 DAGs
[2022-10-09T06:47:46.336+0000] {logging_mixin.py:117} INFO - [2022-10-09T06:47:46.336+0000] {dag.py:3328} INFO - Setting next_dagrun for example_dag_decorator to None, run_after=None
[2022-10-09T06:47:46.350+0000] {processor.py:178} INFO - Processing /home/airflow/.local/lib/python3.7/site-packages/airflow/example_dags/example_dag_decorator.py took 0.113 seconds
[2022-10-09T06:48:16.586+0000] {processor.py:156} INFO - Started process (PID=978) to work on /home/airflow/.local/lib/python3.7/site-packages/airflow/example_dags/example_dag_decorator.py
[2022-10-09T06:48:16.590+0000] {processor.py:758} INFO - Processing file /home/airflow/.local/lib/python3.7/site-packages/airflow/example_dags/example_dag_decorator.py for tasks to queue
[2022-10-09T06:48:16.591+0000] {logging_mixin.py:117} INFO - [2022-10-09T06:48:16.591+0000] {dagbag.py:525} INFO - Filling up the DagBag from /home/airflow/.local/lib/python3.7/site-packages/airflow/example_dags/example_dag_decorator.py
[2022-10-09T06:48:16.620+0000] {processor.py:768} INFO - DAG(s) dict_keys(['example_dag_decorator']) retrieved from /home/airflow/.local/lib/python3.7/site-packages/airflow/example_dags/example_dag_decorator.py
[2022-10-09T06:48:16.667+0000] {logging_mixin.py:117} INFO - [2022-10-09T06:48:16.667+0000] {dag.py:2573} INFO - Sync 1 DAGs
[2022-10-09T06:48:16.680+0000] {logging_mixin.py:117} INFO - [2022-10-09T06:48:16.680+0000] {dag.py:3328} INFO - Setting next_dagrun for example_dag_decorator to None, run_after=None
[2022-10-09T06:48:16.691+0000] {processor.py:178} INFO - Processing /home/airflow/.local/lib/python3.7/site-packages/airflow/example_dags/example_dag_decorator.py took 0.110 seconds
[2022-10-09T06:59:10.847+0000] {processor.py:156} INFO - Started process (PID=1032) to work on /home/airflow/.local/lib/python3.7/site-packages/airflow/example_dags/example_dag_decorator.py
[2022-10-09T06:59:10.849+0000] {processor.py:758} INFO - Processing file /home/airflow/.local/lib/python3.7/site-packages/airflow/example_dags/example_dag_decorator.py for tasks to queue
[2022-10-09T06:59:10.850+0000] {logging_mixin.py:117} INFO - [2022-10-09T06:59:10.850+0000] {dagbag.py:525} INFO - Filling up the DagBag from /home/airflow/.local/lib/python3.7/site-packages/airflow/example_dags/example_dag_decorator.py
[2022-10-09T06:59:10.882+0000] {processor.py:768} INFO - DAG(s) dict_keys(['example_dag_decorator']) retrieved from /home/airflow/.local/lib/python3.7/site-packages/airflow/example_dags/example_dag_decorator.py
[2022-10-09T06:59:10.973+0000] {logging_mixin.py:117} INFO - [2022-10-09T06:59:10.973+0000] {dag.py:2573} INFO - Sync 1 DAGs
[2022-10-09T06:59:10.992+0000] {logging_mixin.py:117} INFO - [2022-10-09T06:59:10.992+0000] {dag.py:3328} INFO - Setting next_dagrun for example_dag_decorator to None, run_after=None
[2022-10-09T06:59:11.009+0000] {processor.py:178} INFO - Processing /home/airflow/.local/lib/python3.7/site-packages/airflow/example_dags/example_dag_decorator.py took 0.164 seconds
[2022-10-09T06:59:41.309+0000] {processor.py:156} INFO - Started process (PID=1096) to work on /home/airflow/.local/lib/python3.7/site-packages/airflow/example_dags/example_dag_decorator.py
[2022-10-09T06:59:41.310+0000] {processor.py:758} INFO - Processing file /home/airflow/.local/lib/python3.7/site-packages/airflow/example_dags/example_dag_decorator.py for tasks to queue
[2022-10-09T06:59:41.312+0000] {logging_mixin.py:117} INFO - [2022-10-09T06:59:41.312+0000] {dagbag.py:525} INFO - Filling up the DagBag from /home/airflow/.local/lib/python3.7/site-packages/airflow/example_dags/example_dag_decorator.py
[2022-10-09T06:59:41.330+0000] {processor.py:768} INFO - DAG(s) dict_keys(['example_dag_decorator']) retrieved from /home/airflow/.local/lib/python3.7/site-packages/airflow/example_dags/example_dag_decorator.py
[2022-10-09T06:59:41.381+0000] {logging_mixin.py:117} INFO - [2022-10-09T06:59:41.381+0000] {dag.py:2573} INFO - Sync 1 DAGs
[2022-10-09T06:59:41.394+0000] {logging_mixin.py:117} INFO - [2022-10-09T06:59:41.394+0000] {dag.py:3328} INFO - Setting next_dagrun for example_dag_decorator to None, run_after=None
[2022-10-09T06:59:41.406+0000] {processor.py:178} INFO - Processing /home/airflow/.local/lib/python3.7/site-packages/airflow/example_dags/example_dag_decorator.py took 0.099 seconds
[2022-10-09T07:00:11.996+0000] {processor.py:156} INFO - Started process (PID=1159) to work on /home/airflow/.local/lib/python3.7/site-packages/airflow/example_dags/example_dag_decorator.py
[2022-10-09T07:00:11.998+0000] {processor.py:758} INFO - Processing file /home/airflow/.local/lib/python3.7/site-packages/airflow/example_dags/example_dag_decorator.py for tasks to queue
[2022-10-09T07:00:11.999+0000] {logging_mixin.py:117} INFO - [2022-10-09T07:00:11.999+0000] {dagbag.py:525} INFO - Filling up the DagBag from /home/airflow/.local/lib/python3.7/site-packages/airflow/example_dags/example_dag_decorator.py
[2022-10-09T07:00:12.023+0000] {processor.py:768} INFO - DAG(s) dict_keys(['example_dag_decorator']) retrieved from /home/airflow/.local/lib/python3.7/site-packages/airflow/example_dags/example_dag_decorator.py
[2022-10-09T07:00:12.081+0000] {logging_mixin.py:117} INFO - [2022-10-09T07:00:12.081+0000] {dag.py:2573} INFO - Sync 1 DAGs
[2022-10-09T07:00:12.101+0000] {logging_mixin.py:117} INFO - [2022-10-09T07:00:12.101+0000] {dag.py:3328} INFO - Setting next_dagrun for example_dag_decorator to None, run_after=None
[2022-10-09T07:00:12.114+0000] {processor.py:178} INFO - Processing /home/airflow/.local/lib/python3.7/site-packages/airflow/example_dags/example_dag_decorator.py took 0.120 seconds
[2022-10-09T07:00:42.322+0000] {processor.py:156} INFO - Started process (PID=1213) to work on /home/airflow/.local/lib/python3.7/site-packages/airflow/example_dags/example_dag_decorator.py
[2022-10-09T07:00:42.324+0000] {processor.py:758} INFO - Processing file /home/airflow/.local/lib/python3.7/site-packages/airflow/example_dags/example_dag_decorator.py for tasks to queue
[2022-10-09T07:00:42.325+0000] {logging_mixin.py:117} INFO - [2022-10-09T07:00:42.325+0000] {dagbag.py:525} INFO - Filling up the DagBag from /home/airflow/.local/lib/python3.7/site-packages/airflow/example_dags/example_dag_decorator.py
[2022-10-09T07:00:42.344+0000] {processor.py:768} INFO - DAG(s) dict_keys(['example_dag_decorator']) retrieved from /home/airflow/.local/lib/python3.7/site-packages/airflow/example_dags/example_dag_decorator.py
[2022-10-09T07:00:42.397+0000] {logging_mixin.py:117} INFO - [2022-10-09T07:00:42.397+0000] {dag.py:2573} INFO - Sync 1 DAGs
[2022-10-09T07:00:42.411+0000] {logging_mixin.py:117} INFO - [2022-10-09T07:00:42.410+0000] {dag.py:3328} INFO - Setting next_dagrun for example_dag_decorator to None, run_after=None
[2022-10-09T07:00:42.425+0000] {processor.py:178} INFO - Processing /home/airflow/.local/lib/python3.7/site-packages/airflow/example_dags/example_dag_decorator.py took 0.105 seconds
[2022-10-09T07:01:12.595+0000] {processor.py:156} INFO - Started process (PID=1275) to work on /home/airflow/.local/lib/python3.7/site-packages/airflow/example_dags/example_dag_decorator.py
[2022-10-09T07:01:12.596+0000] {processor.py:758} INFO - Processing file /home/airflow/.local/lib/python3.7/site-packages/airflow/example_dags/example_dag_decorator.py for tasks to queue
[2022-10-09T07:01:12.598+0000] {logging_mixin.py:117} INFO - [2022-10-09T07:01:12.598+0000] {dagbag.py:525} INFO - Filling up the DagBag from /home/airflow/.local/lib/python3.7/site-packages/airflow/example_dags/example_dag_decorator.py
[2022-10-09T07:01:12.616+0000] {processor.py:768} INFO - DAG(s) dict_keys(['example_dag_decorator']) retrieved from /home/airflow/.local/lib/python3.7/site-packages/airflow/example_dags/example_dag_decorator.py
[2022-10-09T07:01:12.667+0000] {logging_mixin.py:117} INFO - [2022-10-09T07:01:12.667+0000] {dag.py:2573} INFO - Sync 1 DAGs
[2022-10-09T07:01:12.681+0000] {logging_mixin.py:117} INFO - [2022-10-09T07:01:12.681+0000] {dag.py:3328} INFO - Setting next_dagrun for example_dag_decorator to None, run_after=None
[2022-10-09T07:01:12.693+0000] {processor.py:178} INFO - Processing /home/airflow/.local/lib/python3.7/site-packages/airflow/example_dags/example_dag_decorator.py took 0.100 seconds
[2022-10-09T07:01:42.906+0000] {processor.py:156} INFO - Started process (PID=1338) to work on /home/airflow/.local/lib/python3.7/site-packages/airflow/example_dags/example_dag_decorator.py
[2022-10-09T07:01:42.908+0000] {processor.py:758} INFO - Processing file /home/airflow/.local/lib/python3.7/site-packages/airflow/example_dags/example_dag_decorator.py for tasks to queue
[2022-10-09T07:01:42.909+0000] {logging_mixin.py:117} INFO - [2022-10-09T07:01:42.909+0000] {dagbag.py:525} INFO - Filling up the DagBag from /home/airflow/.local/lib/python3.7/site-packages/airflow/example_dags/example_dag_decorator.py
[2022-10-09T07:01:42.928+0000] {processor.py:768} INFO - DAG(s) dict_keys(['example_dag_decorator']) retrieved from /home/airflow/.local/lib/python3.7/site-packages/airflow/example_dags/example_dag_decorator.py
[2022-10-09T07:01:42.976+0000] {logging_mixin.py:117} INFO - [2022-10-09T07:01:42.976+0000] {dag.py:2573} INFO - Sync 1 DAGs
[2022-10-09T07:01:42.990+0000] {logging_mixin.py:117} INFO - [2022-10-09T07:01:42.989+0000] {dag.py:3328} INFO - Setting next_dagrun for example_dag_decorator to None, run_after=None
[2022-10-09T07:01:43.002+0000] {processor.py:178} INFO - Processing /home/airflow/.local/lib/python3.7/site-packages/airflow/example_dags/example_dag_decorator.py took 0.098 seconds
[2022-10-09T07:02:13.067+0000] {processor.py:156} INFO - Started process (PID=1401) to work on /home/airflow/.local/lib/python3.7/site-packages/airflow/example_dags/example_dag_decorator.py
[2022-10-09T07:02:13.069+0000] {processor.py:758} INFO - Processing file /home/airflow/.local/lib/python3.7/site-packages/airflow/example_dags/example_dag_decorator.py for tasks to queue
[2022-10-09T07:02:13.070+0000] {logging_mixin.py:117} INFO - [2022-10-09T07:02:13.070+0000] {dagbag.py:525} INFO - Filling up the DagBag from /home/airflow/.local/lib/python3.7/site-packages/airflow/example_dags/example_dag_decorator.py
[2022-10-09T07:02:13.089+0000] {processor.py:768} INFO - DAG(s) dict_keys(['example_dag_decorator']) retrieved from /home/airflow/.local/lib/python3.7/site-packages/airflow/example_dags/example_dag_decorator.py
[2022-10-09T07:02:13.135+0000] {logging_mixin.py:117} INFO - [2022-10-09T07:02:13.135+0000] {dag.py:2573} INFO - Sync 1 DAGs
[2022-10-09T07:02:13.148+0000] {logging_mixin.py:117} INFO - [2022-10-09T07:02:13.148+0000] {dag.py:3328} INFO - Setting next_dagrun for example_dag_decorator to None, run_after=None
[2022-10-09T07:02:13.159+0000] {processor.py:178} INFO - Processing /home/airflow/.local/lib/python3.7/site-packages/airflow/example_dags/example_dag_decorator.py took 0.094 seconds
[2022-10-09T07:02:43.705+0000] {processor.py:156} INFO - Started process (PID=1464) to work on /home/airflow/.local/lib/python3.7/site-packages/airflow/example_dags/example_dag_decorator.py
[2022-10-09T07:02:43.707+0000] {processor.py:758} INFO - Processing file /home/airflow/.local/lib/python3.7/site-packages/airflow/example_dags/example_dag_decorator.py for tasks to queue
[2022-10-09T07:02:43.709+0000] {logging_mixin.py:117} INFO - [2022-10-09T07:02:43.709+0000] {dagbag.py:525} INFO - Filling up the DagBag from /home/airflow/.local/lib/python3.7/site-packages/airflow/example_dags/example_dag_decorator.py
[2022-10-09T07:02:43.729+0000] {processor.py:768} INFO - DAG(s) dict_keys(['example_dag_decorator']) retrieved from /home/airflow/.local/lib/python3.7/site-packages/airflow/example_dags/example_dag_decorator.py
[2022-10-09T07:02:43.786+0000] {logging_mixin.py:117} INFO - [2022-10-09T07:02:43.786+0000] {dag.py:2573} INFO - Sync 1 DAGs
[2022-10-09T07:02:43.806+0000] {logging_mixin.py:117} INFO - [2022-10-09T07:02:43.805+0000] {dag.py:3328} INFO - Setting next_dagrun for example_dag_decorator to None, run_after=None
[2022-10-09T07:02:43.821+0000] {processor.py:178} INFO - Processing /home/airflow/.local/lib/python3.7/site-packages/airflow/example_dags/example_dag_decorator.py took 0.117 seconds
[2022-10-09T07:03:14.166+0000] {processor.py:156} INFO - Started process (PID=1518) to work on /home/airflow/.local/lib/python3.7/site-packages/airflow/example_dags/example_dag_decorator.py
[2022-10-09T07:03:14.168+0000] {processor.py:758} INFO - Processing file /home/airflow/.local/lib/python3.7/site-packages/airflow/example_dags/example_dag_decorator.py for tasks to queue
[2022-10-09T07:03:14.169+0000] {logging_mixin.py:117} INFO - [2022-10-09T07:03:14.169+0000] {dagbag.py:525} INFO - Filling up the DagBag from /home/airflow/.local/lib/python3.7/site-packages/airflow/example_dags/example_dag_decorator.py
[2022-10-09T07:03:14.187+0000] {processor.py:768} INFO - DAG(s) dict_keys(['example_dag_decorator']) retrieved from /home/airflow/.local/lib/python3.7/site-packages/airflow/example_dags/example_dag_decorator.py
[2022-10-09T07:03:14.237+0000] {logging_mixin.py:117} INFO - [2022-10-09T07:03:14.237+0000] {dag.py:2573} INFO - Sync 1 DAGs
[2022-10-09T07:03:14.251+0000] {logging_mixin.py:117} INFO - [2022-10-09T07:03:14.251+0000] {dag.py:3328} INFO - Setting next_dagrun for example_dag_decorator to None, run_after=None
[2022-10-09T07:03:14.264+0000] {processor.py:178} INFO - Processing /home/airflow/.local/lib/python3.7/site-packages/airflow/example_dags/example_dag_decorator.py took 0.100 seconds
[2022-10-09T07:03:44.384+0000] {processor.py:156} INFO - Started process (PID=1581) to work on /home/airflow/.local/lib/python3.7/site-packages/airflow/example_dags/example_dag_decorator.py
[2022-10-09T07:03:44.385+0000] {processor.py:758} INFO - Processing file /home/airflow/.local/lib/python3.7/site-packages/airflow/example_dags/example_dag_decorator.py for tasks to queue
[2022-10-09T07:03:44.386+0000] {logging_mixin.py:117} INFO - [2022-10-09T07:03:44.386+0000] {dagbag.py:525} INFO - Filling up the DagBag from /home/airflow/.local/lib/python3.7/site-packages/airflow/example_dags/example_dag_decorator.py
[2022-10-09T07:03:44.406+0000] {processor.py:768} INFO - DAG(s) dict_keys(['example_dag_decorator']) retrieved from /home/airflow/.local/lib/python3.7/site-packages/airflow/example_dags/example_dag_decorator.py
[2022-10-09T07:03:44.454+0000] {logging_mixin.py:117} INFO - [2022-10-09T07:03:44.454+0000] {dag.py:2573} INFO - Sync 1 DAGs
[2022-10-09T07:03:44.468+0000] {logging_mixin.py:117} INFO - [2022-10-09T07:03:44.468+0000] {dag.py:3328} INFO - Setting next_dagrun for example_dag_decorator to None, run_after=None
[2022-10-09T07:03:44.481+0000] {processor.py:178} INFO - Processing /home/airflow/.local/lib/python3.7/site-packages/airflow/example_dags/example_dag_decorator.py took 0.100 seconds
[2022-10-09T07:04:14.657+0000] {processor.py:156} INFO - Started process (PID=1643) to work on /home/airflow/.local/lib/python3.7/site-packages/airflow/example_dags/example_dag_decorator.py
[2022-10-09T07:04:14.658+0000] {processor.py:758} INFO - Processing file /home/airflow/.local/lib/python3.7/site-packages/airflow/example_dags/example_dag_decorator.py for tasks to queue
[2022-10-09T07:04:14.659+0000] {logging_mixin.py:117} INFO - [2022-10-09T07:04:14.659+0000] {dagbag.py:525} INFO - Filling up the DagBag from /home/airflow/.local/lib/python3.7/site-packages/airflow/example_dags/example_dag_decorator.py
[2022-10-09T07:04:14.681+0000] {processor.py:768} INFO - DAG(s) dict_keys(['example_dag_decorator']) retrieved from /home/airflow/.local/lib/python3.7/site-packages/airflow/example_dags/example_dag_decorator.py
[2022-10-09T07:04:14.736+0000] {logging_mixin.py:117} INFO - [2022-10-09T07:04:14.736+0000] {dag.py:2573} INFO - Sync 1 DAGs
[2022-10-09T07:04:14.751+0000] {logging_mixin.py:117} INFO - [2022-10-09T07:04:14.751+0000] {dag.py:3328} INFO - Setting next_dagrun for example_dag_decorator to None, run_after=None
[2022-10-09T07:04:14.767+0000] {processor.py:178} INFO - Processing /home/airflow/.local/lib/python3.7/site-packages/airflow/example_dags/example_dag_decorator.py took 0.112 seconds
[2022-10-09T07:04:45.527+0000] {processor.py:156} INFO - Started process (PID=1706) to work on /home/airflow/.local/lib/python3.7/site-packages/airflow/example_dags/example_dag_decorator.py
[2022-10-09T07:04:45.529+0000] {processor.py:758} INFO - Processing file /home/airflow/.local/lib/python3.7/site-packages/airflow/example_dags/example_dag_decorator.py for tasks to queue
[2022-10-09T07:04:45.530+0000] {logging_mixin.py:117} INFO - [2022-10-09T07:04:45.530+0000] {dagbag.py:525} INFO - Filling up the DagBag from /home/airflow/.local/lib/python3.7/site-packages/airflow/example_dags/example_dag_decorator.py
[2022-10-09T07:04:45.552+0000] {processor.py:768} INFO - DAG(s) dict_keys(['example_dag_decorator']) retrieved from /home/airflow/.local/lib/python3.7/site-packages/airflow/example_dags/example_dag_decorator.py
[2022-10-09T07:04:45.601+0000] {logging_mixin.py:117} INFO - [2022-10-09T07:04:45.601+0000] {dag.py:2573} INFO - Sync 1 DAGs
[2022-10-09T07:04:45.617+0000] {logging_mixin.py:117} INFO - [2022-10-09T07:04:45.617+0000] {dag.py:3328} INFO - Setting next_dagrun for example_dag_decorator to None, run_after=None
[2022-10-09T07:04:45.629+0000] {processor.py:178} INFO - Processing /home/airflow/.local/lib/python3.7/site-packages/airflow/example_dags/example_dag_decorator.py took 0.105 seconds
[2022-10-09T07:05:16.025+0000] {processor.py:156} INFO - Started process (PID=1769) to work on /home/airflow/.local/lib/python3.7/site-packages/airflow/example_dags/example_dag_decorator.py
[2022-10-09T07:05:16.027+0000] {processor.py:758} INFO - Processing file /home/airflow/.local/lib/python3.7/site-packages/airflow/example_dags/example_dag_decorator.py for tasks to queue
[2022-10-09T07:05:16.028+0000] {logging_mixin.py:117} INFO - [2022-10-09T07:05:16.028+0000] {dagbag.py:525} INFO - Filling up the DagBag from /home/airflow/.local/lib/python3.7/site-packages/airflow/example_dags/example_dag_decorator.py
[2022-10-09T07:05:16.047+0000] {processor.py:768} INFO - DAG(s) dict_keys(['example_dag_decorator']) retrieved from /home/airflow/.local/lib/python3.7/site-packages/airflow/example_dags/example_dag_decorator.py
[2022-10-09T07:05:16.106+0000] {logging_mixin.py:117} INFO - [2022-10-09T07:05:16.106+0000] {dag.py:2573} INFO - Sync 1 DAGs
[2022-10-09T07:05:16.123+0000] {logging_mixin.py:117} INFO - [2022-10-09T07:05:16.123+0000] {dag.py:3328} INFO - Setting next_dagrun for example_dag_decorator to None, run_after=None
[2022-10-09T07:05:16.139+0000] {processor.py:178} INFO - Processing /home/airflow/.local/lib/python3.7/site-packages/airflow/example_dags/example_dag_decorator.py took 0.116 seconds
[2022-10-09T07:05:46.581+0000] {processor.py:156} INFO - Started process (PID=1833) to work on /home/airflow/.local/lib/python3.7/site-packages/airflow/example_dags/example_dag_decorator.py
[2022-10-09T07:05:46.583+0000] {processor.py:758} INFO - Processing file /home/airflow/.local/lib/python3.7/site-packages/airflow/example_dags/example_dag_decorator.py for tasks to queue
[2022-10-09T07:05:46.585+0000] {logging_mixin.py:117} INFO - [2022-10-09T07:05:46.585+0000] {dagbag.py:525} INFO - Filling up the DagBag from /home/airflow/.local/lib/python3.7/site-packages/airflow/example_dags/example_dag_decorator.py
[2022-10-09T07:05:46.609+0000] {processor.py:768} INFO - DAG(s) dict_keys(['example_dag_decorator']) retrieved from /home/airflow/.local/lib/python3.7/site-packages/airflow/example_dags/example_dag_decorator.py
[2022-10-09T07:05:46.696+0000] {logging_mixin.py:117} INFO - [2022-10-09T07:05:46.696+0000] {dag.py:2573} INFO - Sync 1 DAGs
[2022-10-09T07:05:46.720+0000] {logging_mixin.py:117} INFO - [2022-10-09T07:05:46.720+0000] {dag.py:3328} INFO - Setting next_dagrun for example_dag_decorator to None, run_after=None
[2022-10-09T07:05:46.740+0000] {processor.py:178} INFO - Processing /home/airflow/.local/lib/python3.7/site-packages/airflow/example_dags/example_dag_decorator.py took 0.165 seconds
[2022-10-09T07:06:17.125+0000] {processor.py:156} INFO - Started process (PID=1886) to work on /home/airflow/.local/lib/python3.7/site-packages/airflow/example_dags/example_dag_decorator.py
[2022-10-09T07:06:17.127+0000] {processor.py:758} INFO - Processing file /home/airflow/.local/lib/python3.7/site-packages/airflow/example_dags/example_dag_decorator.py for tasks to queue
[2022-10-09T07:06:17.128+0000] {logging_mixin.py:117} INFO - [2022-10-09T07:06:17.128+0000] {dagbag.py:525} INFO - Filling up the DagBag from /home/airflow/.local/lib/python3.7/site-packages/airflow/example_dags/example_dag_decorator.py
[2022-10-09T07:06:17.147+0000] {processor.py:768} INFO - DAG(s) dict_keys(['example_dag_decorator']) retrieved from /home/airflow/.local/lib/python3.7/site-packages/airflow/example_dags/example_dag_decorator.py
[2022-10-09T07:06:17.199+0000] {logging_mixin.py:117} INFO - [2022-10-09T07:06:17.199+0000] {dag.py:2573} INFO - Sync 1 DAGs
[2022-10-09T07:06:17.214+0000] {logging_mixin.py:117} INFO - [2022-10-09T07:06:17.214+0000] {dag.py:3328} INFO - Setting next_dagrun for example_dag_decorator to None, run_after=None
[2022-10-09T07:06:17.227+0000] {processor.py:178} INFO - Processing /home/airflow/.local/lib/python3.7/site-packages/airflow/example_dags/example_dag_decorator.py took 0.104 seconds
[2022-10-09T07:06:47.317+0000] {processor.py:156} INFO - Started process (PID=1948) to work on /home/airflow/.local/lib/python3.7/site-packages/airflow/example_dags/example_dag_decorator.py
[2022-10-09T07:06:47.319+0000] {processor.py:758} INFO - Processing file /home/airflow/.local/lib/python3.7/site-packages/airflow/example_dags/example_dag_decorator.py for tasks to queue
[2022-10-09T07:06:47.320+0000] {logging_mixin.py:117} INFO - [2022-10-09T07:06:47.320+0000] {dagbag.py:525} INFO - Filling up the DagBag from /home/airflow/.local/lib/python3.7/site-packages/airflow/example_dags/example_dag_decorator.py
[2022-10-09T07:06:47.339+0000] {processor.py:768} INFO - DAG(s) dict_keys(['example_dag_decorator']) retrieved from /home/airflow/.local/lib/python3.7/site-packages/airflow/example_dags/example_dag_decorator.py
[2022-10-09T07:06:47.388+0000] {logging_mixin.py:117} INFO - [2022-10-09T07:06:47.388+0000] {dag.py:2573} INFO - Sync 1 DAGs
[2022-10-09T07:06:47.401+0000] {logging_mixin.py:117} INFO - [2022-10-09T07:06:47.401+0000] {dag.py:3328} INFO - Setting next_dagrun for example_dag_decorator to None, run_after=None
[2022-10-09T07:06:47.414+0000] {processor.py:178} INFO - Processing /home/airflow/.local/lib/python3.7/site-packages/airflow/example_dags/example_dag_decorator.py took 0.099 seconds
[2022-10-09T07:07:17.579+0000] {processor.py:156} INFO - Started process (PID=2013) to work on /home/airflow/.local/lib/python3.7/site-packages/airflow/example_dags/example_dag_decorator.py
[2022-10-09T07:07:17.582+0000] {processor.py:758} INFO - Processing file /home/airflow/.local/lib/python3.7/site-packages/airflow/example_dags/example_dag_decorator.py for tasks to queue
[2022-10-09T07:07:17.583+0000] {logging_mixin.py:117} INFO - [2022-10-09T07:07:17.582+0000] {dagbag.py:525} INFO - Filling up the DagBag from /home/airflow/.local/lib/python3.7/site-packages/airflow/example_dags/example_dag_decorator.py
[2022-10-09T07:07:17.601+0000] {processor.py:768} INFO - DAG(s) dict_keys(['example_dag_decorator']) retrieved from /home/airflow/.local/lib/python3.7/site-packages/airflow/example_dags/example_dag_decorator.py
[2022-10-09T07:07:17.650+0000] {logging_mixin.py:117} INFO - [2022-10-09T07:07:17.650+0000] {dag.py:2573} INFO - Sync 1 DAGs
[2022-10-09T07:07:17.668+0000] {logging_mixin.py:117} INFO - [2022-10-09T07:07:17.667+0000] {dag.py:3328} INFO - Setting next_dagrun for example_dag_decorator to None, run_after=None
[2022-10-09T07:07:17.681+0000] {processor.py:178} INFO - Processing /home/airflow/.local/lib/python3.7/site-packages/airflow/example_dags/example_dag_decorator.py took 0.103 seconds
[2022-10-09T07:07:48.339+0000] {processor.py:156} INFO - Started process (PID=2077) to work on /home/airflow/.local/lib/python3.7/site-packages/airflow/example_dags/example_dag_decorator.py
[2022-10-09T07:07:48.340+0000] {processor.py:758} INFO - Processing file /home/airflow/.local/lib/python3.7/site-packages/airflow/example_dags/example_dag_decorator.py for tasks to queue
[2022-10-09T07:07:48.341+0000] {logging_mixin.py:117} INFO - [2022-10-09T07:07:48.341+0000] {dagbag.py:525} INFO - Filling up the DagBag from /home/airflow/.local/lib/python3.7/site-packages/airflow/example_dags/example_dag_decorator.py
[2022-10-09T07:07:48.361+0000] {processor.py:768} INFO - DAG(s) dict_keys(['example_dag_decorator']) retrieved from /home/airflow/.local/lib/python3.7/site-packages/airflow/example_dags/example_dag_decorator.py
[2022-10-09T07:07:48.409+0000] {logging_mixin.py:117} INFO - [2022-10-09T07:07:48.409+0000] {dag.py:2573} INFO - Sync 1 DAGs
[2022-10-09T07:07:48.423+0000] {logging_mixin.py:117} INFO - [2022-10-09T07:07:48.423+0000] {dag.py:3328} INFO - Setting next_dagrun for example_dag_decorator to None, run_after=None
[2022-10-09T07:07:48.435+0000] {processor.py:178} INFO - Processing /home/airflow/.local/lib/python3.7/site-packages/airflow/example_dags/example_dag_decorator.py took 0.099 seconds
[2022-10-09T07:08:18.626+0000] {processor.py:156} INFO - Started process (PID=2141) to work on /home/airflow/.local/lib/python3.7/site-packages/airflow/example_dags/example_dag_decorator.py
[2022-10-09T07:08:18.628+0000] {processor.py:758} INFO - Processing file /home/airflow/.local/lib/python3.7/site-packages/airflow/example_dags/example_dag_decorator.py for tasks to queue
[2022-10-09T07:08:18.631+0000] {logging_mixin.py:117} INFO - [2022-10-09T07:08:18.631+0000] {dagbag.py:525} INFO - Filling up the DagBag from /home/airflow/.local/lib/python3.7/site-packages/airflow/example_dags/example_dag_decorator.py
[2022-10-09T07:08:18.653+0000] {processor.py:768} INFO - DAG(s) dict_keys(['example_dag_decorator']) retrieved from /home/airflow/.local/lib/python3.7/site-packages/airflow/example_dags/example_dag_decorator.py
[2022-10-09T07:08:18.707+0000] {logging_mixin.py:117} INFO - [2022-10-09T07:08:18.707+0000] {dag.py:2573} INFO - Sync 1 DAGs
[2022-10-09T07:08:18.722+0000] {logging_mixin.py:117} INFO - [2022-10-09T07:08:18.722+0000] {dag.py:3328} INFO - Setting next_dagrun for example_dag_decorator to None, run_after=None
[2022-10-09T07:08:18.738+0000] {processor.py:178} INFO - Processing /home/airflow/.local/lib/python3.7/site-packages/airflow/example_dags/example_dag_decorator.py took 0.115 seconds
[2022-10-09T07:08:49.064+0000] {processor.py:156} INFO - Started process (PID=2195) to work on /home/airflow/.local/lib/python3.7/site-packages/airflow/example_dags/example_dag_decorator.py
[2022-10-09T07:08:49.065+0000] {processor.py:758} INFO - Processing file /home/airflow/.local/lib/python3.7/site-packages/airflow/example_dags/example_dag_decorator.py for tasks to queue
[2022-10-09T07:08:49.066+0000] {logging_mixin.py:117} INFO - [2022-10-09T07:08:49.066+0000] {dagbag.py:525} INFO - Filling up the DagBag from /home/airflow/.local/lib/python3.7/site-packages/airflow/example_dags/example_dag_decorator.py
[2022-10-09T07:08:49.086+0000] {processor.py:768} INFO - DAG(s) dict_keys(['example_dag_decorator']) retrieved from /home/airflow/.local/lib/python3.7/site-packages/airflow/example_dags/example_dag_decorator.py
[2022-10-09T07:08:49.135+0000] {logging_mixin.py:117} INFO - [2022-10-09T07:08:49.135+0000] {dag.py:2573} INFO - Sync 1 DAGs
[2022-10-09T07:08:49.154+0000] {logging_mixin.py:117} INFO - [2022-10-09T07:08:49.154+0000] {dag.py:3328} INFO - Setting next_dagrun for example_dag_decorator to None, run_after=None
[2022-10-09T07:08:49.166+0000] {processor.py:178} INFO - Processing /home/airflow/.local/lib/python3.7/site-packages/airflow/example_dags/example_dag_decorator.py took 0.104 seconds
[2022-10-09T07:09:19.406+0000] {processor.py:156} INFO - Started process (PID=2259) to work on /home/airflow/.local/lib/python3.7/site-packages/airflow/example_dags/example_dag_decorator.py
[2022-10-09T07:09:19.407+0000] {processor.py:758} INFO - Processing file /home/airflow/.local/lib/python3.7/site-packages/airflow/example_dags/example_dag_decorator.py for tasks to queue
[2022-10-09T07:09:19.409+0000] {logging_mixin.py:117} INFO - [2022-10-09T07:09:19.408+0000] {dagbag.py:525} INFO - Filling up the DagBag from /home/airflow/.local/lib/python3.7/site-packages/airflow/example_dags/example_dag_decorator.py
[2022-10-09T07:09:19.428+0000] {processor.py:768} INFO - DAG(s) dict_keys(['example_dag_decorator']) retrieved from /home/airflow/.local/lib/python3.7/site-packages/airflow/example_dags/example_dag_decorator.py
[2022-10-09T07:09:19.474+0000] {logging_mixin.py:117} INFO - [2022-10-09T07:09:19.474+0000] {dag.py:2573} INFO - Sync 1 DAGs
[2022-10-09T07:09:19.489+0000] {logging_mixin.py:117} INFO - [2022-10-09T07:09:19.489+0000] {dag.py:3328} INFO - Setting next_dagrun for example_dag_decorator to None, run_after=None
[2022-10-09T07:09:19.500+0000] {processor.py:178} INFO - Processing /home/airflow/.local/lib/python3.7/site-packages/airflow/example_dags/example_dag_decorator.py took 0.098 seconds
[2022-10-09T07:09:49.942+0000] {processor.py:156} INFO - Started process (PID=2321) to work on /home/airflow/.local/lib/python3.7/site-packages/airflow/example_dags/example_dag_decorator.py
[2022-10-09T07:09:49.943+0000] {processor.py:758} INFO - Processing file /home/airflow/.local/lib/python3.7/site-packages/airflow/example_dags/example_dag_decorator.py for tasks to queue
[2022-10-09T07:09:49.944+0000] {logging_mixin.py:117} INFO - [2022-10-09T07:09:49.944+0000] {dagbag.py:525} INFO - Filling up the DagBag from /home/airflow/.local/lib/python3.7/site-packages/airflow/example_dags/example_dag_decorator.py
[2022-10-09T07:09:49.963+0000] {processor.py:768} INFO - DAG(s) dict_keys(['example_dag_decorator']) retrieved from /home/airflow/.local/lib/python3.7/site-packages/airflow/example_dags/example_dag_decorator.py
[2022-10-09T07:09:50.006+0000] {logging_mixin.py:117} INFO - [2022-10-09T07:09:50.006+0000] {dag.py:2573} INFO - Sync 1 DAGs
[2022-10-09T07:09:50.020+0000] {logging_mixin.py:117} INFO - [2022-10-09T07:09:50.020+0000] {dag.py:3328} INFO - Setting next_dagrun for example_dag_decorator to None, run_after=None
[2022-10-09T07:09:50.032+0000] {processor.py:178} INFO - Processing /home/airflow/.local/lib/python3.7/site-packages/airflow/example_dags/example_dag_decorator.py took 0.092 seconds
[2022-10-09T07:10:20.320+0000] {processor.py:156} INFO - Started process (PID=2383) to work on /home/airflow/.local/lib/python3.7/site-packages/airflow/example_dags/example_dag_decorator.py
[2022-10-09T07:10:20.321+0000] {processor.py:758} INFO - Processing file /home/airflow/.local/lib/python3.7/site-packages/airflow/example_dags/example_dag_decorator.py for tasks to queue
[2022-10-09T07:10:20.322+0000] {logging_mixin.py:117} INFO - [2022-10-09T07:10:20.322+0000] {dagbag.py:525} INFO - Filling up the DagBag from /home/airflow/.local/lib/python3.7/site-packages/airflow/example_dags/example_dag_decorator.py
[2022-10-09T07:10:20.340+0000] {processor.py:768} INFO - DAG(s) dict_keys(['example_dag_decorator']) retrieved from /home/airflow/.local/lib/python3.7/site-packages/airflow/example_dags/example_dag_decorator.py
[2022-10-09T07:10:20.385+0000] {logging_mixin.py:117} INFO - [2022-10-09T07:10:20.385+0000] {dag.py:2573} INFO - Sync 1 DAGs
[2022-10-09T07:10:20.398+0000] {logging_mixin.py:117} INFO - [2022-10-09T07:10:20.398+0000] {dag.py:3328} INFO - Setting next_dagrun for example_dag_decorator to None, run_after=None
[2022-10-09T07:10:20.409+0000] {processor.py:178} INFO - Processing /home/airflow/.local/lib/python3.7/site-packages/airflow/example_dags/example_dag_decorator.py took 0.091 seconds
[2022-10-09T07:10:51.014+0000] {processor.py:156} INFO - Started process (PID=2446) to work on /home/airflow/.local/lib/python3.7/site-packages/airflow/example_dags/example_dag_decorator.py
[2022-10-09T07:10:51.015+0000] {processor.py:758} INFO - Processing file /home/airflow/.local/lib/python3.7/site-packages/airflow/example_dags/example_dag_decorator.py for tasks to queue
[2022-10-09T07:10:51.016+0000] {logging_mixin.py:117} INFO - [2022-10-09T07:10:51.016+0000] {dagbag.py:525} INFO - Filling up the DagBag from /home/airflow/.local/lib/python3.7/site-packages/airflow/example_dags/example_dag_decorator.py
[2022-10-09T07:10:51.034+0000] {processor.py:768} INFO - DAG(s) dict_keys(['example_dag_decorator']) retrieved from /home/airflow/.local/lib/python3.7/site-packages/airflow/example_dags/example_dag_decorator.py
[2022-10-09T07:10:51.088+0000] {logging_mixin.py:117} INFO - [2022-10-09T07:10:51.088+0000] {dag.py:2573} INFO - Sync 1 DAGs
[2022-10-09T07:10:51.102+0000] {logging_mixin.py:117} INFO - [2022-10-09T07:10:51.102+0000] {dag.py:3328} INFO - Setting next_dagrun for example_dag_decorator to None, run_after=None
[2022-10-09T07:10:51.114+0000] {processor.py:178} INFO - Processing /home/airflow/.local/lib/python3.7/site-packages/airflow/example_dags/example_dag_decorator.py took 0.103 seconds
[2022-10-09T07:11:21.324+0000] {processor.py:156} INFO - Started process (PID=2500) to work on /home/airflow/.local/lib/python3.7/site-packages/airflow/example_dags/example_dag_decorator.py
[2022-10-09T07:11:21.332+0000] {processor.py:758} INFO - Processing file /home/airflow/.local/lib/python3.7/site-packages/airflow/example_dags/example_dag_decorator.py for tasks to queue
[2022-10-09T07:11:21.336+0000] {logging_mixin.py:117} INFO - [2022-10-09T07:11:21.336+0000] {dagbag.py:525} INFO - Filling up the DagBag from /home/airflow/.local/lib/python3.7/site-packages/airflow/example_dags/example_dag_decorator.py
[2022-10-09T07:11:21.365+0000] {processor.py:768} INFO - DAG(s) dict_keys(['example_dag_decorator']) retrieved from /home/airflow/.local/lib/python3.7/site-packages/airflow/example_dags/example_dag_decorator.py
[2022-10-09T07:11:21.419+0000] {logging_mixin.py:117} INFO - [2022-10-09T07:11:21.419+0000] {dag.py:2573} INFO - Sync 1 DAGs
[2022-10-09T07:11:21.434+0000] {logging_mixin.py:117} INFO - [2022-10-09T07:11:21.434+0000] {dag.py:3328} INFO - Setting next_dagrun for example_dag_decorator to None, run_after=None
[2022-10-09T07:11:21.447+0000] {processor.py:178} INFO - Processing /home/airflow/.local/lib/python3.7/site-packages/airflow/example_dags/example_dag_decorator.py took 0.126 seconds
[2022-10-09T07:11:51.646+0000] {processor.py:156} INFO - Started process (PID=2563) to work on /home/airflow/.local/lib/python3.7/site-packages/airflow/example_dags/example_dag_decorator.py
[2022-10-09T07:11:51.648+0000] {processor.py:758} INFO - Processing file /home/airflow/.local/lib/python3.7/site-packages/airflow/example_dags/example_dag_decorator.py for tasks to queue
[2022-10-09T07:11:51.649+0000] {logging_mixin.py:117} INFO - [2022-10-09T07:11:51.649+0000] {dagbag.py:525} INFO - Filling up the DagBag from /home/airflow/.local/lib/python3.7/site-packages/airflow/example_dags/example_dag_decorator.py
[2022-10-09T07:11:51.667+0000] {processor.py:768} INFO - DAG(s) dict_keys(['example_dag_decorator']) retrieved from /home/airflow/.local/lib/python3.7/site-packages/airflow/example_dags/example_dag_decorator.py
[2022-10-09T07:11:51.736+0000] {logging_mixin.py:117} INFO - [2022-10-09T07:11:51.736+0000] {dag.py:2573} INFO - Sync 1 DAGs
[2022-10-09T07:11:51.757+0000] {logging_mixin.py:117} INFO - [2022-10-09T07:11:51.757+0000] {dag.py:3328} INFO - Setting next_dagrun for example_dag_decorator to None, run_after=None
[2022-10-09T07:11:51.780+0000] {processor.py:178} INFO - Processing /home/airflow/.local/lib/python3.7/site-packages/airflow/example_dags/example_dag_decorator.py took 0.136 seconds
[2022-10-09T07:12:21.938+0000] {processor.py:156} INFO - Started process (PID=2626) to work on /home/airflow/.local/lib/python3.7/site-packages/airflow/example_dags/example_dag_decorator.py
[2022-10-09T07:12:21.939+0000] {processor.py:758} INFO - Processing file /home/airflow/.local/lib/python3.7/site-packages/airflow/example_dags/example_dag_decorator.py for tasks to queue
[2022-10-09T07:12:21.940+0000] {logging_mixin.py:117} INFO - [2022-10-09T07:12:21.940+0000] {dagbag.py:525} INFO - Filling up the DagBag from /home/airflow/.local/lib/python3.7/site-packages/airflow/example_dags/example_dag_decorator.py
[2022-10-09T07:12:21.956+0000] {processor.py:768} INFO - DAG(s) dict_keys(['example_dag_decorator']) retrieved from /home/airflow/.local/lib/python3.7/site-packages/airflow/example_dags/example_dag_decorator.py
[2022-10-09T07:12:21.999+0000] {logging_mixin.py:117} INFO - [2022-10-09T07:12:21.999+0000] {dag.py:2573} INFO - Sync 1 DAGs
[2022-10-09T07:12:22.011+0000] {logging_mixin.py:117} INFO - [2022-10-09T07:12:22.011+0000] {dag.py:3328} INFO - Setting next_dagrun for example_dag_decorator to None, run_after=None
[2022-10-09T07:12:22.022+0000] {processor.py:178} INFO - Processing /home/airflow/.local/lib/python3.7/site-packages/airflow/example_dags/example_dag_decorator.py took 0.086 seconds
[2022-10-09T07:12:52.218+0000] {processor.py:156} INFO - Started process (PID=2689) to work on /home/airflow/.local/lib/python3.7/site-packages/airflow/example_dags/example_dag_decorator.py
[2022-10-09T07:12:52.219+0000] {processor.py:758} INFO - Processing file /home/airflow/.local/lib/python3.7/site-packages/airflow/example_dags/example_dag_decorator.py for tasks to queue
[2022-10-09T07:12:52.220+0000] {logging_mixin.py:117} INFO - [2022-10-09T07:12:52.220+0000] {dagbag.py:525} INFO - Filling up the DagBag from /home/airflow/.local/lib/python3.7/site-packages/airflow/example_dags/example_dag_decorator.py
[2022-10-09T07:12:52.238+0000] {processor.py:768} INFO - DAG(s) dict_keys(['example_dag_decorator']) retrieved from /home/airflow/.local/lib/python3.7/site-packages/airflow/example_dags/example_dag_decorator.py
[2022-10-09T07:12:52.289+0000] {logging_mixin.py:117} INFO - [2022-10-09T07:12:52.289+0000] {dag.py:2573} INFO - Sync 1 DAGs
[2022-10-09T07:12:52.303+0000] {logging_mixin.py:117} INFO - [2022-10-09T07:12:52.303+0000] {dag.py:3328} INFO - Setting next_dagrun for example_dag_decorator to None, run_after=None
[2022-10-09T07:12:52.315+0000] {processor.py:178} INFO - Processing /home/airflow/.local/lib/python3.7/site-packages/airflow/example_dags/example_dag_decorator.py took 0.099 seconds
[2022-10-09T07:13:22.829+0000] {processor.py:156} INFO - Started process (PID=2753) to work on /home/airflow/.local/lib/python3.7/site-packages/airflow/example_dags/example_dag_decorator.py
[2022-10-09T07:13:22.830+0000] {processor.py:758} INFO - Processing file /home/airflow/.local/lib/python3.7/site-packages/airflow/example_dags/example_dag_decorator.py for tasks to queue
[2022-10-09T07:13:22.832+0000] {logging_mixin.py:117} INFO - [2022-10-09T07:13:22.832+0000] {dagbag.py:525} INFO - Filling up the DagBag from /home/airflow/.local/lib/python3.7/site-packages/airflow/example_dags/example_dag_decorator.py
[2022-10-09T07:13:22.851+0000] {processor.py:768} INFO - DAG(s) dict_keys(['example_dag_decorator']) retrieved from /home/airflow/.local/lib/python3.7/site-packages/airflow/example_dags/example_dag_decorator.py
[2022-10-09T07:13:22.895+0000] {logging_mixin.py:117} INFO - [2022-10-09T07:13:22.895+0000] {dag.py:2573} INFO - Sync 1 DAGs
[2022-10-09T07:13:22.910+0000] {logging_mixin.py:117} INFO - [2022-10-09T07:13:22.909+0000] {dag.py:3328} INFO - Setting next_dagrun for example_dag_decorator to None, run_after=None
[2022-10-09T07:13:22.921+0000] {processor.py:178} INFO - Processing /home/airflow/.local/lib/python3.7/site-packages/airflow/example_dags/example_dag_decorator.py took 0.095 seconds
[2022-10-09T07:13:53.122+0000] {processor.py:156} INFO - Started process (PID=2806) to work on /home/airflow/.local/lib/python3.7/site-packages/airflow/example_dags/example_dag_decorator.py
[2022-10-09T07:13:53.124+0000] {processor.py:758} INFO - Processing file /home/airflow/.local/lib/python3.7/site-packages/airflow/example_dags/example_dag_decorator.py for tasks to queue
[2022-10-09T07:13:53.126+0000] {logging_mixin.py:117} INFO - [2022-10-09T07:13:53.126+0000] {dagbag.py:525} INFO - Filling up the DagBag from /home/airflow/.local/lib/python3.7/site-packages/airflow/example_dags/example_dag_decorator.py
[2022-10-09T07:13:53.147+0000] {processor.py:768} INFO - DAG(s) dict_keys(['example_dag_decorator']) retrieved from /home/airflow/.local/lib/python3.7/site-packages/airflow/example_dags/example_dag_decorator.py
[2022-10-09T07:13:53.217+0000] {logging_mixin.py:117} INFO - [2022-10-09T07:13:53.217+0000] {dag.py:2573} INFO - Sync 1 DAGs
[2022-10-09T07:13:53.243+0000] {logging_mixin.py:117} INFO - [2022-10-09T07:13:53.243+0000] {dag.py:3328} INFO - Setting next_dagrun for example_dag_decorator to None, run_after=None
[2022-10-09T07:13:53.258+0000] {processor.py:178} INFO - Processing /home/airflow/.local/lib/python3.7/site-packages/airflow/example_dags/example_dag_decorator.py took 0.138 seconds
[2022-10-09T07:14:23.532+0000] {processor.py:156} INFO - Started process (PID=2868) to work on /home/airflow/.local/lib/python3.7/site-packages/airflow/example_dags/example_dag_decorator.py
[2022-10-09T07:14:23.535+0000] {processor.py:758} INFO - Processing file /home/airflow/.local/lib/python3.7/site-packages/airflow/example_dags/example_dag_decorator.py for tasks to queue
[2022-10-09T07:14:23.538+0000] {logging_mixin.py:117} INFO - [2022-10-09T07:14:23.538+0000] {dagbag.py:525} INFO - Filling up the DagBag from /home/airflow/.local/lib/python3.7/site-packages/airflow/example_dags/example_dag_decorator.py
[2022-10-09T07:14:23.557+0000] {processor.py:768} INFO - DAG(s) dict_keys(['example_dag_decorator']) retrieved from /home/airflow/.local/lib/python3.7/site-packages/airflow/example_dags/example_dag_decorator.py
[2022-10-09T07:14:23.611+0000] {logging_mixin.py:117} INFO - [2022-10-09T07:14:23.611+0000] {dag.py:2573} INFO - Sync 1 DAGs
[2022-10-09T07:14:23.626+0000] {logging_mixin.py:117} INFO - [2022-10-09T07:14:23.626+0000] {dag.py:3328} INFO - Setting next_dagrun for example_dag_decorator to None, run_after=None
[2022-10-09T07:14:23.640+0000] {processor.py:178} INFO - Processing /home/airflow/.local/lib/python3.7/site-packages/airflow/example_dags/example_dag_decorator.py took 0.112 seconds
[2022-10-09T07:14:53.940+0000] {processor.py:156} INFO - Started process (PID=2932) to work on /home/airflow/.local/lib/python3.7/site-packages/airflow/example_dags/example_dag_decorator.py
[2022-10-09T07:14:53.941+0000] {processor.py:758} INFO - Processing file /home/airflow/.local/lib/python3.7/site-packages/airflow/example_dags/example_dag_decorator.py for tasks to queue
[2022-10-09T07:14:53.943+0000] {logging_mixin.py:117} INFO - [2022-10-09T07:14:53.943+0000] {dagbag.py:525} INFO - Filling up the DagBag from /home/airflow/.local/lib/python3.7/site-packages/airflow/example_dags/example_dag_decorator.py
[2022-10-09T07:14:53.962+0000] {processor.py:768} INFO - DAG(s) dict_keys(['example_dag_decorator']) retrieved from /home/airflow/.local/lib/python3.7/site-packages/airflow/example_dags/example_dag_decorator.py
[2022-10-09T07:14:54.011+0000] {logging_mixin.py:117} INFO - [2022-10-09T07:14:54.011+0000] {dag.py:2573} INFO - Sync 1 DAGs
[2022-10-09T07:14:54.024+0000] {logging_mixin.py:117} INFO - [2022-10-09T07:14:54.024+0000] {dag.py:3328} INFO - Setting next_dagrun for example_dag_decorator to None, run_after=None
[2022-10-09T07:14:54.038+0000] {processor.py:178} INFO - Processing /home/airflow/.local/lib/python3.7/site-packages/airflow/example_dags/example_dag_decorator.py took 0.102 seconds
[2022-10-09T07:15:24.242+0000] {processor.py:156} INFO - Started process (PID=2996) to work on /home/airflow/.local/lib/python3.7/site-packages/airflow/example_dags/example_dag_decorator.py
[2022-10-09T07:15:24.244+0000] {processor.py:758} INFO - Processing file /home/airflow/.local/lib/python3.7/site-packages/airflow/example_dags/example_dag_decorator.py for tasks to queue
[2022-10-09T07:15:24.245+0000] {logging_mixin.py:117} INFO - [2022-10-09T07:15:24.245+0000] {dagbag.py:525} INFO - Filling up the DagBag from /home/airflow/.local/lib/python3.7/site-packages/airflow/example_dags/example_dag_decorator.py
[2022-10-09T07:15:24.263+0000] {processor.py:768} INFO - DAG(s) dict_keys(['example_dag_decorator']) retrieved from /home/airflow/.local/lib/python3.7/site-packages/airflow/example_dags/example_dag_decorator.py
[2022-10-09T07:15:24.310+0000] {logging_mixin.py:117} INFO - [2022-10-09T07:15:24.309+0000] {dag.py:2573} INFO - Sync 1 DAGs
[2022-10-09T07:15:24.329+0000] {logging_mixin.py:117} INFO - [2022-10-09T07:15:24.329+0000] {dag.py:3328} INFO - Setting next_dagrun for example_dag_decorator to None, run_after=None
[2022-10-09T07:15:24.342+0000] {processor.py:178} INFO - Processing /home/airflow/.local/lib/python3.7/site-packages/airflow/example_dags/example_dag_decorator.py took 0.102 seconds
[2022-10-09T07:15:54.536+0000] {processor.py:156} INFO - Started process (PID=3058) to work on /home/airflow/.local/lib/python3.7/site-packages/airflow/example_dags/example_dag_decorator.py
[2022-10-09T07:15:54.537+0000] {processor.py:758} INFO - Processing file /home/airflow/.local/lib/python3.7/site-packages/airflow/example_dags/example_dag_decorator.py for tasks to queue
[2022-10-09T07:15:54.538+0000] {logging_mixin.py:117} INFO - [2022-10-09T07:15:54.538+0000] {dagbag.py:525} INFO - Filling up the DagBag from /home/airflow/.local/lib/python3.7/site-packages/airflow/example_dags/example_dag_decorator.py
[2022-10-09T07:15:54.554+0000] {processor.py:768} INFO - DAG(s) dict_keys(['example_dag_decorator']) retrieved from /home/airflow/.local/lib/python3.7/site-packages/airflow/example_dags/example_dag_decorator.py
[2022-10-09T07:15:54.599+0000] {logging_mixin.py:117} INFO - [2022-10-09T07:15:54.599+0000] {dag.py:2573} INFO - Sync 1 DAGs
[2022-10-09T07:15:54.613+0000] {logging_mixin.py:117} INFO - [2022-10-09T07:15:54.612+0000] {dag.py:3328} INFO - Setting next_dagrun for example_dag_decorator to None, run_after=None
[2022-10-09T07:15:54.628+0000] {processor.py:178} INFO - Processing /home/airflow/.local/lib/python3.7/site-packages/airflow/example_dags/example_dag_decorator.py took 0.094 seconds
[2022-10-09T07:16:24.830+0000] {processor.py:156} INFO - Started process (PID=3119) to work on /home/airflow/.local/lib/python3.7/site-packages/airflow/example_dags/example_dag_decorator.py
[2022-10-09T07:16:24.832+0000] {processor.py:758} INFO - Processing file /home/airflow/.local/lib/python3.7/site-packages/airflow/example_dags/example_dag_decorator.py for tasks to queue
[2022-10-09T07:16:24.834+0000] {logging_mixin.py:117} INFO - [2022-10-09T07:16:24.834+0000] {dagbag.py:525} INFO - Filling up the DagBag from /home/airflow/.local/lib/python3.7/site-packages/airflow/example_dags/example_dag_decorator.py
[2022-10-09T07:16:24.855+0000] {processor.py:768} INFO - DAG(s) dict_keys(['example_dag_decorator']) retrieved from /home/airflow/.local/lib/python3.7/site-packages/airflow/example_dags/example_dag_decorator.py
[2022-10-09T07:16:24.913+0000] {logging_mixin.py:117} INFO - [2022-10-09T07:16:24.913+0000] {dag.py:2573} INFO - Sync 1 DAGs
[2022-10-09T07:16:24.928+0000] {logging_mixin.py:117} INFO - [2022-10-09T07:16:24.928+0000] {dag.py:3328} INFO - Setting next_dagrun for example_dag_decorator to None, run_after=None
[2022-10-09T07:16:24.951+0000] {processor.py:178} INFO - Processing /home/airflow/.local/lib/python3.7/site-packages/airflow/example_dags/example_dag_decorator.py took 0.124 seconds
[2022-10-09T07:16:55.123+0000] {processor.py:156} INFO - Started process (PID=3174) to work on /home/airflow/.local/lib/python3.7/site-packages/airflow/example_dags/example_dag_decorator.py
[2022-10-09T07:16:55.124+0000] {processor.py:758} INFO - Processing file /home/airflow/.local/lib/python3.7/site-packages/airflow/example_dags/example_dag_decorator.py for tasks to queue
[2022-10-09T07:16:55.125+0000] {logging_mixin.py:117} INFO - [2022-10-09T07:16:55.125+0000] {dagbag.py:525} INFO - Filling up the DagBag from /home/airflow/.local/lib/python3.7/site-packages/airflow/example_dags/example_dag_decorator.py
[2022-10-09T07:16:55.144+0000] {processor.py:768} INFO - DAG(s) dict_keys(['example_dag_decorator']) retrieved from /home/airflow/.local/lib/python3.7/site-packages/airflow/example_dags/example_dag_decorator.py
[2022-10-09T07:16:55.194+0000] {logging_mixin.py:117} INFO - [2022-10-09T07:16:55.194+0000] {dag.py:2573} INFO - Sync 1 DAGs
[2022-10-09T07:16:55.207+0000] {logging_mixin.py:117} INFO - [2022-10-09T07:16:55.207+0000] {dag.py:3328} INFO - Setting next_dagrun for example_dag_decorator to None, run_after=None
[2022-10-09T07:16:55.219+0000] {processor.py:178} INFO - Processing /home/airflow/.local/lib/python3.7/site-packages/airflow/example_dags/example_dag_decorator.py took 0.098 seconds
[2022-10-09T07:17:25.964+0000] {processor.py:156} INFO - Started process (PID=3237) to work on /home/airflow/.local/lib/python3.7/site-packages/airflow/example_dags/example_dag_decorator.py
[2022-10-09T07:17:25.966+0000] {processor.py:758} INFO - Processing file /home/airflow/.local/lib/python3.7/site-packages/airflow/example_dags/example_dag_decorator.py for tasks to queue
[2022-10-09T07:17:25.967+0000] {logging_mixin.py:117} INFO - [2022-10-09T07:17:25.967+0000] {dagbag.py:525} INFO - Filling up the DagBag from /home/airflow/.local/lib/python3.7/site-packages/airflow/example_dags/example_dag_decorator.py
[2022-10-09T07:17:25.987+0000] {processor.py:768} INFO - DAG(s) dict_keys(['example_dag_decorator']) retrieved from /home/airflow/.local/lib/python3.7/site-packages/airflow/example_dags/example_dag_decorator.py
[2022-10-09T07:17:26.044+0000] {logging_mixin.py:117} INFO - [2022-10-09T07:17:26.044+0000] {dag.py:2573} INFO - Sync 1 DAGs
[2022-10-09T07:17:26.059+0000] {logging_mixin.py:117} INFO - [2022-10-09T07:17:26.059+0000] {dag.py:3328} INFO - Setting next_dagrun for example_dag_decorator to None, run_after=None
[2022-10-09T07:17:26.072+0000] {processor.py:178} INFO - Processing /home/airflow/.local/lib/python3.7/site-packages/airflow/example_dags/example_dag_decorator.py took 0.110 seconds
[2022-10-09T07:17:56.209+0000] {processor.py:156} INFO - Started process (PID=3298) to work on /home/airflow/.local/lib/python3.7/site-packages/airflow/example_dags/example_dag_decorator.py
[2022-10-09T07:17:56.211+0000] {processor.py:758} INFO - Processing file /home/airflow/.local/lib/python3.7/site-packages/airflow/example_dags/example_dag_decorator.py for tasks to queue
[2022-10-09T07:17:56.212+0000] {logging_mixin.py:117} INFO - [2022-10-09T07:17:56.212+0000] {dagbag.py:525} INFO - Filling up the DagBag from /home/airflow/.local/lib/python3.7/site-packages/airflow/example_dags/example_dag_decorator.py
[2022-10-09T07:17:56.237+0000] {processor.py:768} INFO - DAG(s) dict_keys(['example_dag_decorator']) retrieved from /home/airflow/.local/lib/python3.7/site-packages/airflow/example_dags/example_dag_decorator.py
[2022-10-09T07:17:56.306+0000] {logging_mixin.py:117} INFO - [2022-10-09T07:17:56.306+0000] {dag.py:2573} INFO - Sync 1 DAGs
[2022-10-09T07:17:56.321+0000] {logging_mixin.py:117} INFO - [2022-10-09T07:17:56.321+0000] {dag.py:3328} INFO - Setting next_dagrun for example_dag_decorator to None, run_after=None
[2022-10-09T07:17:56.336+0000] {processor.py:178} INFO - Processing /home/airflow/.local/lib/python3.7/site-packages/airflow/example_dags/example_dag_decorator.py took 0.130 seconds
[2022-10-09T07:18:26.488+0000] {processor.py:156} INFO - Started process (PID=3361) to work on /home/airflow/.local/lib/python3.7/site-packages/airflow/example_dags/example_dag_decorator.py
[2022-10-09T07:18:26.490+0000] {processor.py:758} INFO - Processing file /home/airflow/.local/lib/python3.7/site-packages/airflow/example_dags/example_dag_decorator.py for tasks to queue
[2022-10-09T07:18:26.491+0000] {logging_mixin.py:117} INFO - [2022-10-09T07:18:26.491+0000] {dagbag.py:525} INFO - Filling up the DagBag from /home/airflow/.local/lib/python3.7/site-packages/airflow/example_dags/example_dag_decorator.py
[2022-10-09T07:18:26.511+0000] {processor.py:768} INFO - DAG(s) dict_keys(['example_dag_decorator']) retrieved from /home/airflow/.local/lib/python3.7/site-packages/airflow/example_dags/example_dag_decorator.py
[2022-10-09T07:18:26.568+0000] {logging_mixin.py:117} INFO - [2022-10-09T07:18:26.568+0000] {dag.py:2573} INFO - Sync 1 DAGs
[2022-10-09T07:18:26.586+0000] {logging_mixin.py:117} INFO - [2022-10-09T07:18:26.586+0000] {dag.py:3328} INFO - Setting next_dagrun for example_dag_decorator to None, run_after=None
[2022-10-09T07:18:26.602+0000] {processor.py:178} INFO - Processing /home/airflow/.local/lib/python3.7/site-packages/airflow/example_dags/example_dag_decorator.py took 0.116 seconds
[2022-10-09T07:18:57.802+0000] {processor.py:156} INFO - Started process (PID=3423) to work on /home/airflow/.local/lib/python3.7/site-packages/airflow/example_dags/example_dag_decorator.py
[2022-10-09T07:18:57.804+0000] {processor.py:758} INFO - Processing file /home/airflow/.local/lib/python3.7/site-packages/airflow/example_dags/example_dag_decorator.py for tasks to queue
[2022-10-09T07:18:57.805+0000] {logging_mixin.py:117} INFO - [2022-10-09T07:18:57.804+0000] {dagbag.py:525} INFO - Filling up the DagBag from /home/airflow/.local/lib/python3.7/site-packages/airflow/example_dags/example_dag_decorator.py
[2022-10-09T07:18:57.824+0000] {processor.py:768} INFO - DAG(s) dict_keys(['example_dag_decorator']) retrieved from /home/airflow/.local/lib/python3.7/site-packages/airflow/example_dags/example_dag_decorator.py
[2022-10-09T07:18:57.873+0000] {logging_mixin.py:117} INFO - [2022-10-09T07:18:57.873+0000] {dag.py:2573} INFO - Sync 1 DAGs
[2022-10-09T07:18:57.888+0000] {logging_mixin.py:117} INFO - [2022-10-09T07:18:57.888+0000] {dag.py:3328} INFO - Setting next_dagrun for example_dag_decorator to None, run_after=None
[2022-10-09T07:18:57.902+0000] {processor.py:178} INFO - Processing /home/airflow/.local/lib/python3.7/site-packages/airflow/example_dags/example_dag_decorator.py took 0.102 seconds
[2022-10-09T07:19:28.112+0000] {processor.py:156} INFO - Started process (PID=3477) to work on /home/airflow/.local/lib/python3.7/site-packages/airflow/example_dags/example_dag_decorator.py
[2022-10-09T07:19:28.115+0000] {processor.py:758} INFO - Processing file /home/airflow/.local/lib/python3.7/site-packages/airflow/example_dags/example_dag_decorator.py for tasks to queue
[2022-10-09T07:19:28.116+0000] {logging_mixin.py:117} INFO - [2022-10-09T07:19:28.116+0000] {dagbag.py:525} INFO - Filling up the DagBag from /home/airflow/.local/lib/python3.7/site-packages/airflow/example_dags/example_dag_decorator.py
[2022-10-09T07:19:28.132+0000] {processor.py:768} INFO - DAG(s) dict_keys(['example_dag_decorator']) retrieved from /home/airflow/.local/lib/python3.7/site-packages/airflow/example_dags/example_dag_decorator.py
[2022-10-09T07:19:28.175+0000] {logging_mixin.py:117} INFO - [2022-10-09T07:19:28.175+0000] {dag.py:2573} INFO - Sync 1 DAGs
[2022-10-09T07:19:28.188+0000] {logging_mixin.py:117} INFO - [2022-10-09T07:19:28.188+0000] {dag.py:3328} INFO - Setting next_dagrun for example_dag_decorator to None, run_after=None
[2022-10-09T07:19:28.199+0000] {processor.py:178} INFO - Processing /home/airflow/.local/lib/python3.7/site-packages/airflow/example_dags/example_dag_decorator.py took 0.088 seconds
[2022-10-09T07:19:58.387+0000] {processor.py:156} INFO - Started process (PID=3541) to work on /home/airflow/.local/lib/python3.7/site-packages/airflow/example_dags/example_dag_decorator.py
[2022-10-09T07:19:58.388+0000] {processor.py:758} INFO - Processing file /home/airflow/.local/lib/python3.7/site-packages/airflow/example_dags/example_dag_decorator.py for tasks to queue
[2022-10-09T07:19:58.390+0000] {logging_mixin.py:117} INFO - [2022-10-09T07:19:58.389+0000] {dagbag.py:525} INFO - Filling up the DagBag from /home/airflow/.local/lib/python3.7/site-packages/airflow/example_dags/example_dag_decorator.py
[2022-10-09T07:19:58.412+0000] {processor.py:768} INFO - DAG(s) dict_keys(['example_dag_decorator']) retrieved from /home/airflow/.local/lib/python3.7/site-packages/airflow/example_dags/example_dag_decorator.py
[2022-10-09T07:19:58.462+0000] {logging_mixin.py:117} INFO - [2022-10-09T07:19:58.462+0000] {dag.py:2573} INFO - Sync 1 DAGs
[2022-10-09T07:19:58.475+0000] {logging_mixin.py:117} INFO - [2022-10-09T07:19:58.475+0000] {dag.py:3328} INFO - Setting next_dagrun for example_dag_decorator to None, run_after=None
[2022-10-09T07:19:58.488+0000] {processor.py:178} INFO - Processing /home/airflow/.local/lib/python3.7/site-packages/airflow/example_dags/example_dag_decorator.py took 0.103 seconds
[2022-10-09T07:20:29.194+0000] {processor.py:156} INFO - Started process (PID=3604) to work on /home/airflow/.local/lib/python3.7/site-packages/airflow/example_dags/example_dag_decorator.py
[2022-10-09T07:20:29.195+0000] {processor.py:758} INFO - Processing file /home/airflow/.local/lib/python3.7/site-packages/airflow/example_dags/example_dag_decorator.py for tasks to queue
[2022-10-09T07:20:29.197+0000] {logging_mixin.py:117} INFO - [2022-10-09T07:20:29.197+0000] {dagbag.py:525} INFO - Filling up the DagBag from /home/airflow/.local/lib/python3.7/site-packages/airflow/example_dags/example_dag_decorator.py
[2022-10-09T07:20:29.215+0000] {processor.py:768} INFO - DAG(s) dict_keys(['example_dag_decorator']) retrieved from /home/airflow/.local/lib/python3.7/site-packages/airflow/example_dags/example_dag_decorator.py
[2022-10-09T07:20:29.260+0000] {logging_mixin.py:117} INFO - [2022-10-09T07:20:29.260+0000] {dag.py:2573} INFO - Sync 1 DAGs
[2022-10-09T07:20:29.275+0000] {logging_mixin.py:117} INFO - [2022-10-09T07:20:29.275+0000] {dag.py:3328} INFO - Setting next_dagrun for example_dag_decorator to None, run_after=None
[2022-10-09T07:20:29.287+0000] {processor.py:178} INFO - Processing /home/airflow/.local/lib/python3.7/site-packages/airflow/example_dags/example_dag_decorator.py took 0.096 seconds
[2022-10-09T07:20:59.620+0000] {processor.py:156} INFO - Started process (PID=3667) to work on /home/airflow/.local/lib/python3.7/site-packages/airflow/example_dags/example_dag_decorator.py
[2022-10-09T07:20:59.622+0000] {processor.py:758} INFO - Processing file /home/airflow/.local/lib/python3.7/site-packages/airflow/example_dags/example_dag_decorator.py for tasks to queue
[2022-10-09T07:20:59.624+0000] {logging_mixin.py:117} INFO - [2022-10-09T07:20:59.624+0000] {dagbag.py:525} INFO - Filling up the DagBag from /home/airflow/.local/lib/python3.7/site-packages/airflow/example_dags/example_dag_decorator.py
[2022-10-09T07:20:59.642+0000] {processor.py:768} INFO - DAG(s) dict_keys(['example_dag_decorator']) retrieved from /home/airflow/.local/lib/python3.7/site-packages/airflow/example_dags/example_dag_decorator.py
[2022-10-09T07:20:59.693+0000] {logging_mixin.py:117} INFO - [2022-10-09T07:20:59.693+0000] {dag.py:2573} INFO - Sync 1 DAGs
[2022-10-09T07:20:59.708+0000] {logging_mixin.py:117} INFO - [2022-10-09T07:20:59.708+0000] {dag.py:3328} INFO - Setting next_dagrun for example_dag_decorator to None, run_after=None
[2022-10-09T07:20:59.721+0000] {processor.py:178} INFO - Processing /home/airflow/.local/lib/python3.7/site-packages/airflow/example_dags/example_dag_decorator.py took 0.103 seconds
[2022-10-09T07:21:30.100+0000] {processor.py:156} INFO - Started process (PID=3730) to work on /home/airflow/.local/lib/python3.7/site-packages/airflow/example_dags/example_dag_decorator.py
[2022-10-09T07:21:30.101+0000] {processor.py:758} INFO - Processing file /home/airflow/.local/lib/python3.7/site-packages/airflow/example_dags/example_dag_decorator.py for tasks to queue
[2022-10-09T07:21:30.102+0000] {logging_mixin.py:117} INFO - [2022-10-09T07:21:30.102+0000] {dagbag.py:525} INFO - Filling up the DagBag from /home/airflow/.local/lib/python3.7/site-packages/airflow/example_dags/example_dag_decorator.py
[2022-10-09T07:21:30.120+0000] {processor.py:768} INFO - DAG(s) dict_keys(['example_dag_decorator']) retrieved from /home/airflow/.local/lib/python3.7/site-packages/airflow/example_dags/example_dag_decorator.py
[2022-10-09T07:21:30.172+0000] {logging_mixin.py:117} INFO - [2022-10-09T07:21:30.172+0000] {dag.py:2573} INFO - Sync 1 DAGs
[2022-10-09T07:21:30.187+0000] {logging_mixin.py:117} INFO - [2022-10-09T07:21:30.187+0000] {dag.py:3328} INFO - Setting next_dagrun for example_dag_decorator to None, run_after=None
[2022-10-09T07:21:30.200+0000] {processor.py:178} INFO - Processing /home/airflow/.local/lib/python3.7/site-packages/airflow/example_dags/example_dag_decorator.py took 0.102 seconds
[2022-10-09T07:22:00.410+0000] {processor.py:156} INFO - Started process (PID=3782) to work on /home/airflow/.local/lib/python3.7/site-packages/airflow/example_dags/example_dag_decorator.py
[2022-10-09T07:22:00.412+0000] {processor.py:758} INFO - Processing file /home/airflow/.local/lib/python3.7/site-packages/airflow/example_dags/example_dag_decorator.py for tasks to queue
[2022-10-09T07:22:00.412+0000] {logging_mixin.py:117} INFO - [2022-10-09T07:22:00.412+0000] {dagbag.py:525} INFO - Filling up the DagBag from /home/airflow/.local/lib/python3.7/site-packages/airflow/example_dags/example_dag_decorator.py
[2022-10-09T07:22:00.430+0000] {processor.py:768} INFO - DAG(s) dict_keys(['example_dag_decorator']) retrieved from /home/airflow/.local/lib/python3.7/site-packages/airflow/example_dags/example_dag_decorator.py
[2022-10-09T07:22:00.480+0000] {logging_mixin.py:117} INFO - [2022-10-09T07:22:00.480+0000] {dag.py:2573} INFO - Sync 1 DAGs
[2022-10-09T07:22:00.501+0000] {logging_mixin.py:117} INFO - [2022-10-09T07:22:00.500+0000] {dag.py:3328} INFO - Setting next_dagrun for example_dag_decorator to None, run_after=None
[2022-10-09T07:22:00.520+0000] {processor.py:178} INFO - Processing /home/airflow/.local/lib/python3.7/site-packages/airflow/example_dags/example_dag_decorator.py took 0.112 seconds
[2022-10-09T07:22:30.721+0000] {processor.py:156} INFO - Started process (PID=3845) to work on /home/airflow/.local/lib/python3.7/site-packages/airflow/example_dags/example_dag_decorator.py
[2022-10-09T07:22:30.722+0000] {processor.py:758} INFO - Processing file /home/airflow/.local/lib/python3.7/site-packages/airflow/example_dags/example_dag_decorator.py for tasks to queue
[2022-10-09T07:22:30.723+0000] {logging_mixin.py:117} INFO - [2022-10-09T07:22:30.723+0000] {dagbag.py:525} INFO - Filling up the DagBag from /home/airflow/.local/lib/python3.7/site-packages/airflow/example_dags/example_dag_decorator.py
[2022-10-09T07:22:30.741+0000] {processor.py:768} INFO - DAG(s) dict_keys(['example_dag_decorator']) retrieved from /home/airflow/.local/lib/python3.7/site-packages/airflow/example_dags/example_dag_decorator.py
[2022-10-09T07:22:30.788+0000] {logging_mixin.py:117} INFO - [2022-10-09T07:22:30.788+0000] {dag.py:2573} INFO - Sync 1 DAGs
[2022-10-09T07:22:30.802+0000] {logging_mixin.py:117} INFO - [2022-10-09T07:22:30.802+0000] {dag.py:3328} INFO - Setting next_dagrun for example_dag_decorator to None, run_after=None
[2022-10-09T07:22:30.815+0000] {processor.py:178} INFO - Processing /home/airflow/.local/lib/python3.7/site-packages/airflow/example_dags/example_dag_decorator.py took 0.097 seconds
[2022-10-09T07:23:01.020+0000] {processor.py:156} INFO - Started process (PID=3909) to work on /home/airflow/.local/lib/python3.7/site-packages/airflow/example_dags/example_dag_decorator.py
[2022-10-09T07:23:01.021+0000] {processor.py:758} INFO - Processing file /home/airflow/.local/lib/python3.7/site-packages/airflow/example_dags/example_dag_decorator.py for tasks to queue
[2022-10-09T07:23:01.023+0000] {logging_mixin.py:117} INFO - [2022-10-09T07:23:01.022+0000] {dagbag.py:525} INFO - Filling up the DagBag from /home/airflow/.local/lib/python3.7/site-packages/airflow/example_dags/example_dag_decorator.py
[2022-10-09T07:23:01.043+0000] {processor.py:768} INFO - DAG(s) dict_keys(['example_dag_decorator']) retrieved from /home/airflow/.local/lib/python3.7/site-packages/airflow/example_dags/example_dag_decorator.py
[2022-10-09T07:23:01.092+0000] {logging_mixin.py:117} INFO - [2022-10-09T07:23:01.092+0000] {dag.py:2573} INFO - Sync 1 DAGs
[2022-10-09T07:23:01.105+0000] {logging_mixin.py:117} INFO - [2022-10-09T07:23:01.105+0000] {dag.py:3328} INFO - Setting next_dagrun for example_dag_decorator to None, run_after=None
[2022-10-09T07:23:01.118+0000] {processor.py:178} INFO - Processing /home/airflow/.local/lib/python3.7/site-packages/airflow/example_dags/example_dag_decorator.py took 0.100 seconds
[2022-10-09T07:23:31.388+0000] {processor.py:156} INFO - Started process (PID=3972) to work on /home/airflow/.local/lib/python3.7/site-packages/airflow/example_dags/example_dag_decorator.py
[2022-10-09T07:23:31.389+0000] {processor.py:758} INFO - Processing file /home/airflow/.local/lib/python3.7/site-packages/airflow/example_dags/example_dag_decorator.py for tasks to queue
[2022-10-09T07:23:31.390+0000] {logging_mixin.py:117} INFO - [2022-10-09T07:23:31.390+0000] {dagbag.py:525} INFO - Filling up the DagBag from /home/airflow/.local/lib/python3.7/site-packages/airflow/example_dags/example_dag_decorator.py
[2022-10-09T07:23:31.408+0000] {processor.py:768} INFO - DAG(s) dict_keys(['example_dag_decorator']) retrieved from /home/airflow/.local/lib/python3.7/site-packages/airflow/example_dags/example_dag_decorator.py
[2022-10-09T07:23:31.455+0000] {logging_mixin.py:117} INFO - [2022-10-09T07:23:31.455+0000] {dag.py:2573} INFO - Sync 1 DAGs
[2022-10-09T07:23:31.469+0000] {logging_mixin.py:117} INFO - [2022-10-09T07:23:31.469+0000] {dag.py:3328} INFO - Setting next_dagrun for example_dag_decorator to None, run_after=None
[2022-10-09T07:23:31.481+0000] {processor.py:178} INFO - Processing /home/airflow/.local/lib/python3.7/site-packages/airflow/example_dags/example_dag_decorator.py took 0.096 seconds
[2022-10-09T07:24:01.638+0000] {processor.py:156} INFO - Started process (PID=4035) to work on /home/airflow/.local/lib/python3.7/site-packages/airflow/example_dags/example_dag_decorator.py
[2022-10-09T07:24:01.640+0000] {processor.py:758} INFO - Processing file /home/airflow/.local/lib/python3.7/site-packages/airflow/example_dags/example_dag_decorator.py for tasks to queue
[2022-10-09T07:24:01.641+0000] {logging_mixin.py:117} INFO - [2022-10-09T07:24:01.640+0000] {dagbag.py:525} INFO - Filling up the DagBag from /home/airflow/.local/lib/python3.7/site-packages/airflow/example_dags/example_dag_decorator.py
[2022-10-09T07:24:01.664+0000] {processor.py:768} INFO - DAG(s) dict_keys(['example_dag_decorator']) retrieved from /home/airflow/.local/lib/python3.7/site-packages/airflow/example_dags/example_dag_decorator.py
[2022-10-09T07:24:01.711+0000] {logging_mixin.py:117} INFO - [2022-10-09T07:24:01.711+0000] {dag.py:2573} INFO - Sync 1 DAGs
[2022-10-09T07:24:01.724+0000] {logging_mixin.py:117} INFO - [2022-10-09T07:24:01.724+0000] {dag.py:3328} INFO - Setting next_dagrun for example_dag_decorator to None, run_after=None
[2022-10-09T07:24:01.739+0000] {processor.py:178} INFO - Processing /home/airflow/.local/lib/python3.7/site-packages/airflow/example_dags/example_dag_decorator.py took 0.103 seconds
[2022-10-09T07:24:32.326+0000] {processor.py:156} INFO - Started process (PID=4101) to work on /home/airflow/.local/lib/python3.7/site-packages/airflow/example_dags/example_dag_decorator.py
[2022-10-09T07:24:32.328+0000] {processor.py:758} INFO - Processing file /home/airflow/.local/lib/python3.7/site-packages/airflow/example_dags/example_dag_decorator.py for tasks to queue
[2022-10-09T07:24:32.330+0000] {logging_mixin.py:117} INFO - [2022-10-09T07:24:32.330+0000] {dagbag.py:525} INFO - Filling up the DagBag from /home/airflow/.local/lib/python3.7/site-packages/airflow/example_dags/example_dag_decorator.py
[2022-10-09T07:24:32.350+0000] {processor.py:768} INFO - DAG(s) dict_keys(['example_dag_decorator']) retrieved from /home/airflow/.local/lib/python3.7/site-packages/airflow/example_dags/example_dag_decorator.py
[2022-10-09T07:24:32.410+0000] {logging_mixin.py:117} INFO - [2022-10-09T07:24:32.410+0000] {dag.py:2573} INFO - Sync 1 DAGs
[2022-10-09T07:24:32.434+0000] {logging_mixin.py:117} INFO - [2022-10-09T07:24:32.433+0000] {dag.py:3328} INFO - Setting next_dagrun for example_dag_decorator to None, run_after=None
[2022-10-09T07:24:32.462+0000] {processor.py:178} INFO - Processing /home/airflow/.local/lib/python3.7/site-packages/airflow/example_dags/example_dag_decorator.py took 0.138 seconds
