[2022-10-09T06:40:38.684+0000] {processor.py:156} INFO - Started process (PID=40) to work on /home/airflow/.local/lib/python3.7/site-packages/airflow/example_dags/example_local_kubernetes_executor.py
[2022-10-09T06:40:38.687+0000] {processor.py:758} INFO - Processing file /home/airflow/.local/lib/python3.7/site-packages/airflow/example_dags/example_local_kubernetes_executor.py for tasks to queue
[2022-10-09T06:40:38.688+0000] {logging_mixin.py:117} INFO - [2022-10-09T06:40:38.688+0000] {dagbag.py:525} INFO - Filling up the DagBag from /home/airflow/.local/lib/python3.7/site-packages/airflow/example_dags/example_local_kubernetes_executor.py
[2022-10-09T06:40:38.734+0000] {processor.py:768} INFO - DAG(s) dict_keys(['example_local_kubernetes_executor']) retrieved from /home/airflow/.local/lib/python3.7/site-packages/airflow/example_dags/example_local_kubernetes_executor.py
[2022-10-09T06:40:38.775+0000] {logging_mixin.py:117} INFO - [2022-10-09T06:40:38.775+0000] {dag.py:2573} INFO - Sync 1 DAGs
[2022-10-09T06:40:38.797+0000] {logging_mixin.py:117} INFO - [2022-10-09T06:40:38.796+0000] {dag.py:3328} INFO - Setting next_dagrun for example_local_kubernetes_executor to None, run_after=None
[2022-10-09T06:40:38.815+0000] {processor.py:178} INFO - Processing /home/airflow/.local/lib/python3.7/site-packages/airflow/example_dags/example_local_kubernetes_executor.py took 0.134 seconds
[2022-10-09T06:41:09.631+0000] {processor.py:156} INFO - Started process (PID=103) to work on /home/airflow/.local/lib/python3.7/site-packages/airflow/example_dags/example_local_kubernetes_executor.py
[2022-10-09T06:41:09.635+0000] {processor.py:758} INFO - Processing file /home/airflow/.local/lib/python3.7/site-packages/airflow/example_dags/example_local_kubernetes_executor.py for tasks to queue
[2022-10-09T06:41:09.637+0000] {logging_mixin.py:117} INFO - [2022-10-09T06:41:09.636+0000] {dagbag.py:525} INFO - Filling up the DagBag from /home/airflow/.local/lib/python3.7/site-packages/airflow/example_dags/example_local_kubernetes_executor.py
[2022-10-09T06:41:09.655+0000] {processor.py:768} INFO - DAG(s) dict_keys(['example_local_kubernetes_executor']) retrieved from /home/airflow/.local/lib/python3.7/site-packages/airflow/example_dags/example_local_kubernetes_executor.py
[2022-10-09T06:41:09.693+0000] {logging_mixin.py:117} INFO - [2022-10-09T06:41:09.693+0000] {dag.py:2573} INFO - Sync 1 DAGs
[2022-10-09T06:41:09.708+0000] {logging_mixin.py:117} INFO - [2022-10-09T06:41:09.708+0000] {dag.py:3328} INFO - Setting next_dagrun for example_local_kubernetes_executor to None, run_after=None
[2022-10-09T06:41:09.722+0000] {processor.py:178} INFO - Processing /home/airflow/.local/lib/python3.7/site-packages/airflow/example_dags/example_local_kubernetes_executor.py took 0.093 seconds
[2022-10-09T06:41:40.203+0000] {processor.py:156} INFO - Started process (PID=167) to work on /home/airflow/.local/lib/python3.7/site-packages/airflow/example_dags/example_local_kubernetes_executor.py
[2022-10-09T06:41:40.205+0000] {processor.py:758} INFO - Processing file /home/airflow/.local/lib/python3.7/site-packages/airflow/example_dags/example_local_kubernetes_executor.py for tasks to queue
[2022-10-09T06:41:40.206+0000] {logging_mixin.py:117} INFO - [2022-10-09T06:41:40.206+0000] {dagbag.py:525} INFO - Filling up the DagBag from /home/airflow/.local/lib/python3.7/site-packages/airflow/example_dags/example_local_kubernetes_executor.py
[2022-10-09T06:41:40.223+0000] {processor.py:768} INFO - DAG(s) dict_keys(['example_local_kubernetes_executor']) retrieved from /home/airflow/.local/lib/python3.7/site-packages/airflow/example_dags/example_local_kubernetes_executor.py
[2022-10-09T06:41:40.260+0000] {logging_mixin.py:117} INFO - [2022-10-09T06:41:40.260+0000] {dag.py:2573} INFO - Sync 1 DAGs
[2022-10-09T06:41:40.283+0000] {logging_mixin.py:117} INFO - [2022-10-09T06:41:40.283+0000] {dag.py:3328} INFO - Setting next_dagrun for example_local_kubernetes_executor to None, run_after=None
[2022-10-09T06:41:40.298+0000] {processor.py:178} INFO - Processing /home/airflow/.local/lib/python3.7/site-packages/airflow/example_dags/example_local_kubernetes_executor.py took 0.097 seconds
[2022-10-09T06:42:10.836+0000] {processor.py:156} INFO - Started process (PID=230) to work on /home/airflow/.local/lib/python3.7/site-packages/airflow/example_dags/example_local_kubernetes_executor.py
[2022-10-09T06:42:10.838+0000] {processor.py:758} INFO - Processing file /home/airflow/.local/lib/python3.7/site-packages/airflow/example_dags/example_local_kubernetes_executor.py for tasks to queue
[2022-10-09T06:42:10.839+0000] {logging_mixin.py:117} INFO - [2022-10-09T06:42:10.839+0000] {dagbag.py:525} INFO - Filling up the DagBag from /home/airflow/.local/lib/python3.7/site-packages/airflow/example_dags/example_local_kubernetes_executor.py
[2022-10-09T06:42:10.863+0000] {processor.py:768} INFO - DAG(s) dict_keys(['example_local_kubernetes_executor']) retrieved from /home/airflow/.local/lib/python3.7/site-packages/airflow/example_dags/example_local_kubernetes_executor.py
[2022-10-09T06:42:10.917+0000] {logging_mixin.py:117} INFO - [2022-10-09T06:42:10.917+0000] {dag.py:2573} INFO - Sync 1 DAGs
[2022-10-09T06:42:10.944+0000] {logging_mixin.py:117} INFO - [2022-10-09T06:42:10.944+0000] {dag.py:3328} INFO - Setting next_dagrun for example_local_kubernetes_executor to None, run_after=None
[2022-10-09T06:42:10.956+0000] {processor.py:178} INFO - Processing /home/airflow/.local/lib/python3.7/site-packages/airflow/example_dags/example_local_kubernetes_executor.py took 0.122 seconds
[2022-10-09T06:42:41.180+0000] {processor.py:156} INFO - Started process (PID=284) to work on /home/airflow/.local/lib/python3.7/site-packages/airflow/example_dags/example_local_kubernetes_executor.py
[2022-10-09T06:42:41.182+0000] {processor.py:758} INFO - Processing file /home/airflow/.local/lib/python3.7/site-packages/airflow/example_dags/example_local_kubernetes_executor.py for tasks to queue
[2022-10-09T06:42:41.182+0000] {logging_mixin.py:117} INFO - [2022-10-09T06:42:41.182+0000] {dagbag.py:525} INFO - Filling up the DagBag from /home/airflow/.local/lib/python3.7/site-packages/airflow/example_dags/example_local_kubernetes_executor.py
[2022-10-09T06:42:41.196+0000] {processor.py:768} INFO - DAG(s) dict_keys(['example_local_kubernetes_executor']) retrieved from /home/airflow/.local/lib/python3.7/site-packages/airflow/example_dags/example_local_kubernetes_executor.py
[2022-10-09T06:42:41.220+0000] {logging_mixin.py:117} INFO - [2022-10-09T06:42:41.220+0000] {dag.py:2573} INFO - Sync 1 DAGs
[2022-10-09T06:42:41.234+0000] {logging_mixin.py:117} INFO - [2022-10-09T06:42:41.234+0000] {dag.py:3328} INFO - Setting next_dagrun for example_local_kubernetes_executor to None, run_after=None
[2022-10-09T06:42:41.247+0000] {processor.py:178} INFO - Processing /home/airflow/.local/lib/python3.7/site-packages/airflow/example_dags/example_local_kubernetes_executor.py took 0.069 seconds
[2022-10-09T06:43:11.708+0000] {processor.py:156} INFO - Started process (PID=347) to work on /home/airflow/.local/lib/python3.7/site-packages/airflow/example_dags/example_local_kubernetes_executor.py
[2022-10-09T06:43:11.709+0000] {processor.py:758} INFO - Processing file /home/airflow/.local/lib/python3.7/site-packages/airflow/example_dags/example_local_kubernetes_executor.py for tasks to queue
[2022-10-09T06:43:11.710+0000] {logging_mixin.py:117} INFO - [2022-10-09T06:43:11.710+0000] {dagbag.py:525} INFO - Filling up the DagBag from /home/airflow/.local/lib/python3.7/site-packages/airflow/example_dags/example_local_kubernetes_executor.py
[2022-10-09T06:43:11.725+0000] {processor.py:768} INFO - DAG(s) dict_keys(['example_local_kubernetes_executor']) retrieved from /home/airflow/.local/lib/python3.7/site-packages/airflow/example_dags/example_local_kubernetes_executor.py
[2022-10-09T06:43:11.750+0000] {logging_mixin.py:117} INFO - [2022-10-09T06:43:11.749+0000] {dag.py:2573} INFO - Sync 1 DAGs
[2022-10-09T06:43:11.765+0000] {logging_mixin.py:117} INFO - [2022-10-09T06:43:11.765+0000] {dag.py:3328} INFO - Setting next_dagrun for example_local_kubernetes_executor to None, run_after=None
[2022-10-09T06:43:11.777+0000] {processor.py:178} INFO - Processing /home/airflow/.local/lib/python3.7/site-packages/airflow/example_dags/example_local_kubernetes_executor.py took 0.071 seconds
[2022-10-09T06:43:41.977+0000] {processor.py:156} INFO - Started process (PID=410) to work on /home/airflow/.local/lib/python3.7/site-packages/airflow/example_dags/example_local_kubernetes_executor.py
[2022-10-09T06:43:41.978+0000] {processor.py:758} INFO - Processing file /home/airflow/.local/lib/python3.7/site-packages/airflow/example_dags/example_local_kubernetes_executor.py for tasks to queue
[2022-10-09T06:43:41.979+0000] {logging_mixin.py:117} INFO - [2022-10-09T06:43:41.979+0000] {dagbag.py:525} INFO - Filling up the DagBag from /home/airflow/.local/lib/python3.7/site-packages/airflow/example_dags/example_local_kubernetes_executor.py
[2022-10-09T06:43:41.994+0000] {processor.py:768} INFO - DAG(s) dict_keys(['example_local_kubernetes_executor']) retrieved from /home/airflow/.local/lib/python3.7/site-packages/airflow/example_dags/example_local_kubernetes_executor.py
[2022-10-09T06:43:42.018+0000] {logging_mixin.py:117} INFO - [2022-10-09T06:43:42.018+0000] {dag.py:2573} INFO - Sync 1 DAGs
[2022-10-09T06:43:42.034+0000] {logging_mixin.py:117} INFO - [2022-10-09T06:43:42.034+0000] {dag.py:3328} INFO - Setting next_dagrun for example_local_kubernetes_executor to None, run_after=None
[2022-10-09T06:43:42.047+0000] {processor.py:178} INFO - Processing /home/airflow/.local/lib/python3.7/site-packages/airflow/example_dags/example_local_kubernetes_executor.py took 0.072 seconds
[2022-10-09T06:44:12.319+0000] {processor.py:156} INFO - Started process (PID=473) to work on /home/airflow/.local/lib/python3.7/site-packages/airflow/example_dags/example_local_kubernetes_executor.py
[2022-10-09T06:44:12.322+0000] {processor.py:758} INFO - Processing file /home/airflow/.local/lib/python3.7/site-packages/airflow/example_dags/example_local_kubernetes_executor.py for tasks to queue
[2022-10-09T06:44:12.323+0000] {logging_mixin.py:117} INFO - [2022-10-09T06:44:12.323+0000] {dagbag.py:525} INFO - Filling up the DagBag from /home/airflow/.local/lib/python3.7/site-packages/airflow/example_dags/example_local_kubernetes_executor.py
[2022-10-09T06:44:12.337+0000] {processor.py:768} INFO - DAG(s) dict_keys(['example_local_kubernetes_executor']) retrieved from /home/airflow/.local/lib/python3.7/site-packages/airflow/example_dags/example_local_kubernetes_executor.py
[2022-10-09T06:44:12.362+0000] {logging_mixin.py:117} INFO - [2022-10-09T06:44:12.361+0000] {dag.py:2573} INFO - Sync 1 DAGs
[2022-10-09T06:44:12.377+0000] {logging_mixin.py:117} INFO - [2022-10-09T06:44:12.377+0000] {dag.py:3328} INFO - Setting next_dagrun for example_local_kubernetes_executor to None, run_after=None
[2022-10-09T06:44:12.390+0000] {processor.py:178} INFO - Processing /home/airflow/.local/lib/python3.7/site-packages/airflow/example_dags/example_local_kubernetes_executor.py took 0.073 seconds
[2022-10-09T06:44:42.580+0000] {processor.py:156} INFO - Started process (PID=536) to work on /home/airflow/.local/lib/python3.7/site-packages/airflow/example_dags/example_local_kubernetes_executor.py
[2022-10-09T06:44:42.581+0000] {processor.py:758} INFO - Processing file /home/airflow/.local/lib/python3.7/site-packages/airflow/example_dags/example_local_kubernetes_executor.py for tasks to queue
[2022-10-09T06:44:42.582+0000] {logging_mixin.py:117} INFO - [2022-10-09T06:44:42.582+0000] {dagbag.py:525} INFO - Filling up the DagBag from /home/airflow/.local/lib/python3.7/site-packages/airflow/example_dags/example_local_kubernetes_executor.py
[2022-10-09T06:44:42.599+0000] {processor.py:768} INFO - DAG(s) dict_keys(['example_local_kubernetes_executor']) retrieved from /home/airflow/.local/lib/python3.7/site-packages/airflow/example_dags/example_local_kubernetes_executor.py
[2022-10-09T06:44:42.629+0000] {logging_mixin.py:117} INFO - [2022-10-09T06:44:42.628+0000] {dag.py:2573} INFO - Sync 1 DAGs
[2022-10-09T06:44:42.642+0000] {logging_mixin.py:117} INFO - [2022-10-09T06:44:42.642+0000] {dag.py:3328} INFO - Setting next_dagrun for example_local_kubernetes_executor to None, run_after=None
[2022-10-09T06:44:42.655+0000] {processor.py:178} INFO - Processing /home/airflow/.local/lib/python3.7/site-packages/airflow/example_dags/example_local_kubernetes_executor.py took 0.079 seconds
[2022-10-09T06:45:12.870+0000] {processor.py:156} INFO - Started process (PID=590) to work on /home/airflow/.local/lib/python3.7/site-packages/airflow/example_dags/example_local_kubernetes_executor.py
[2022-10-09T06:45:12.871+0000] {processor.py:758} INFO - Processing file /home/airflow/.local/lib/python3.7/site-packages/airflow/example_dags/example_local_kubernetes_executor.py for tasks to queue
[2022-10-09T06:45:12.872+0000] {logging_mixin.py:117} INFO - [2022-10-09T06:45:12.872+0000] {dagbag.py:525} INFO - Filling up the DagBag from /home/airflow/.local/lib/python3.7/site-packages/airflow/example_dags/example_local_kubernetes_executor.py
[2022-10-09T06:45:12.886+0000] {processor.py:768} INFO - DAG(s) dict_keys(['example_local_kubernetes_executor']) retrieved from /home/airflow/.local/lib/python3.7/site-packages/airflow/example_dags/example_local_kubernetes_executor.py
[2022-10-09T06:45:12.910+0000] {logging_mixin.py:117} INFO - [2022-10-09T06:45:12.910+0000] {dag.py:2573} INFO - Sync 1 DAGs
[2022-10-09T06:45:12.925+0000] {logging_mixin.py:117} INFO - [2022-10-09T06:45:12.925+0000] {dag.py:3328} INFO - Setting next_dagrun for example_local_kubernetes_executor to None, run_after=None
[2022-10-09T06:45:12.940+0000] {processor.py:178} INFO - Processing /home/airflow/.local/lib/python3.7/site-packages/airflow/example_dags/example_local_kubernetes_executor.py took 0.072 seconds
[2022-10-09T06:45:43.174+0000] {processor.py:156} INFO - Started process (PID=652) to work on /home/airflow/.local/lib/python3.7/site-packages/airflow/example_dags/example_local_kubernetes_executor.py
[2022-10-09T06:45:43.175+0000] {processor.py:758} INFO - Processing file /home/airflow/.local/lib/python3.7/site-packages/airflow/example_dags/example_local_kubernetes_executor.py for tasks to queue
[2022-10-09T06:45:43.176+0000] {logging_mixin.py:117} INFO - [2022-10-09T06:45:43.176+0000] {dagbag.py:525} INFO - Filling up the DagBag from /home/airflow/.local/lib/python3.7/site-packages/airflow/example_dags/example_local_kubernetes_executor.py
[2022-10-09T06:45:43.190+0000] {processor.py:768} INFO - DAG(s) dict_keys(['example_local_kubernetes_executor']) retrieved from /home/airflow/.local/lib/python3.7/site-packages/airflow/example_dags/example_local_kubernetes_executor.py
[2022-10-09T06:45:43.212+0000] {logging_mixin.py:117} INFO - [2022-10-09T06:45:43.212+0000] {dag.py:2573} INFO - Sync 1 DAGs
[2022-10-09T06:45:43.225+0000] {logging_mixin.py:117} INFO - [2022-10-09T06:45:43.225+0000] {dag.py:3328} INFO - Setting next_dagrun for example_local_kubernetes_executor to None, run_after=None
[2022-10-09T06:45:43.236+0000] {processor.py:178} INFO - Processing /home/airflow/.local/lib/python3.7/site-packages/airflow/example_dags/example_local_kubernetes_executor.py took 0.065 seconds
[2022-10-09T06:46:13.348+0000] {processor.py:156} INFO - Started process (PID=716) to work on /home/airflow/.local/lib/python3.7/site-packages/airflow/example_dags/example_local_kubernetes_executor.py
[2022-10-09T06:46:13.350+0000] {processor.py:758} INFO - Processing file /home/airflow/.local/lib/python3.7/site-packages/airflow/example_dags/example_local_kubernetes_executor.py for tasks to queue
[2022-10-09T06:46:13.352+0000] {logging_mixin.py:117} INFO - [2022-10-09T06:46:13.352+0000] {dagbag.py:525} INFO - Filling up the DagBag from /home/airflow/.local/lib/python3.7/site-packages/airflow/example_dags/example_local_kubernetes_executor.py
[2022-10-09T06:46:13.367+0000] {processor.py:768} INFO - DAG(s) dict_keys(['example_local_kubernetes_executor']) retrieved from /home/airflow/.local/lib/python3.7/site-packages/airflow/example_dags/example_local_kubernetes_executor.py
[2022-10-09T06:46:13.395+0000] {logging_mixin.py:117} INFO - [2022-10-09T06:46:13.395+0000] {dag.py:2573} INFO - Sync 1 DAGs
[2022-10-09T06:46:13.410+0000] {logging_mixin.py:117} INFO - [2022-10-09T06:46:13.410+0000] {dag.py:3328} INFO - Setting next_dagrun for example_local_kubernetes_executor to None, run_after=None
[2022-10-09T06:46:13.422+0000] {processor.py:178} INFO - Processing /home/airflow/.local/lib/python3.7/site-packages/airflow/example_dags/example_local_kubernetes_executor.py took 0.076 seconds
[2022-10-09T06:46:43.650+0000] {processor.py:156} INFO - Started process (PID=780) to work on /home/airflow/.local/lib/python3.7/site-packages/airflow/example_dags/example_local_kubernetes_executor.py
[2022-10-09T06:46:43.651+0000] {processor.py:758} INFO - Processing file /home/airflow/.local/lib/python3.7/site-packages/airflow/example_dags/example_local_kubernetes_executor.py for tasks to queue
[2022-10-09T06:46:43.652+0000] {logging_mixin.py:117} INFO - [2022-10-09T06:46:43.652+0000] {dagbag.py:525} INFO - Filling up the DagBag from /home/airflow/.local/lib/python3.7/site-packages/airflow/example_dags/example_local_kubernetes_executor.py
[2022-10-09T06:46:43.665+0000] {processor.py:768} INFO - DAG(s) dict_keys(['example_local_kubernetes_executor']) retrieved from /home/airflow/.local/lib/python3.7/site-packages/airflow/example_dags/example_local_kubernetes_executor.py
[2022-10-09T06:46:43.690+0000] {logging_mixin.py:117} INFO - [2022-10-09T06:46:43.689+0000] {dag.py:2573} INFO - Sync 1 DAGs
[2022-10-09T06:46:43.702+0000] {logging_mixin.py:117} INFO - [2022-10-09T06:46:43.702+0000] {dag.py:3328} INFO - Setting next_dagrun for example_local_kubernetes_executor to None, run_after=None
[2022-10-09T06:46:43.712+0000] {processor.py:178} INFO - Processing /home/airflow/.local/lib/python3.7/site-packages/airflow/example_dags/example_local_kubernetes_executor.py took 0.064 seconds
[2022-10-09T06:47:13.819+0000] {processor.py:156} INFO - Started process (PID=842) to work on /home/airflow/.local/lib/python3.7/site-packages/airflow/example_dags/example_local_kubernetes_executor.py
[2022-10-09T06:47:13.821+0000] {processor.py:758} INFO - Processing file /home/airflow/.local/lib/python3.7/site-packages/airflow/example_dags/example_local_kubernetes_executor.py for tasks to queue
[2022-10-09T06:47:13.823+0000] {logging_mixin.py:117} INFO - [2022-10-09T06:47:13.823+0000] {dagbag.py:525} INFO - Filling up the DagBag from /home/airflow/.local/lib/python3.7/site-packages/airflow/example_dags/example_local_kubernetes_executor.py
[2022-10-09T06:47:13.849+0000] {processor.py:768} INFO - DAG(s) dict_keys(['example_local_kubernetes_executor']) retrieved from /home/airflow/.local/lib/python3.7/site-packages/airflow/example_dags/example_local_kubernetes_executor.py
[2022-10-09T06:47:13.888+0000] {logging_mixin.py:117} INFO - [2022-10-09T06:47:13.888+0000] {dag.py:2573} INFO - Sync 1 DAGs
[2022-10-09T06:47:13.907+0000] {logging_mixin.py:117} INFO - [2022-10-09T06:47:13.907+0000] {dag.py:3328} INFO - Setting next_dagrun for example_local_kubernetes_executor to None, run_after=None
[2022-10-09T06:47:13.925+0000] {processor.py:178} INFO - Processing /home/airflow/.local/lib/python3.7/site-packages/airflow/example_dags/example_local_kubernetes_executor.py took 0.108 seconds
[2022-10-09T06:47:44.107+0000] {processor.py:156} INFO - Started process (PID=895) to work on /home/airflow/.local/lib/python3.7/site-packages/airflow/example_dags/example_local_kubernetes_executor.py
[2022-10-09T06:47:44.109+0000] {processor.py:758} INFO - Processing file /home/airflow/.local/lib/python3.7/site-packages/airflow/example_dags/example_local_kubernetes_executor.py for tasks to queue
[2022-10-09T06:47:44.109+0000] {logging_mixin.py:117} INFO - [2022-10-09T06:47:44.109+0000] {dagbag.py:525} INFO - Filling up the DagBag from /home/airflow/.local/lib/python3.7/site-packages/airflow/example_dags/example_local_kubernetes_executor.py
[2022-10-09T06:47:44.124+0000] {processor.py:768} INFO - DAG(s) dict_keys(['example_local_kubernetes_executor']) retrieved from /home/airflow/.local/lib/python3.7/site-packages/airflow/example_dags/example_local_kubernetes_executor.py
[2022-10-09T06:47:44.148+0000] {logging_mixin.py:117} INFO - [2022-10-09T06:47:44.148+0000] {dag.py:2573} INFO - Sync 1 DAGs
[2022-10-09T06:47:44.163+0000] {logging_mixin.py:117} INFO - [2022-10-09T06:47:44.163+0000] {dag.py:3328} INFO - Setting next_dagrun for example_local_kubernetes_executor to None, run_after=None
[2022-10-09T06:47:44.177+0000] {processor.py:178} INFO - Processing /home/airflow/.local/lib/python3.7/site-packages/airflow/example_dags/example_local_kubernetes_executor.py took 0.072 seconds
[2022-10-09T06:48:14.451+0000] {processor.py:156} INFO - Started process (PID=957) to work on /home/airflow/.local/lib/python3.7/site-packages/airflow/example_dags/example_local_kubernetes_executor.py
[2022-10-09T06:48:14.452+0000] {processor.py:758} INFO - Processing file /home/airflow/.local/lib/python3.7/site-packages/airflow/example_dags/example_local_kubernetes_executor.py for tasks to queue
[2022-10-09T06:48:14.454+0000] {logging_mixin.py:117} INFO - [2022-10-09T06:48:14.454+0000] {dagbag.py:525} INFO - Filling up the DagBag from /home/airflow/.local/lib/python3.7/site-packages/airflow/example_dags/example_local_kubernetes_executor.py
[2022-10-09T06:48:14.467+0000] {processor.py:768} INFO - DAG(s) dict_keys(['example_local_kubernetes_executor']) retrieved from /home/airflow/.local/lib/python3.7/site-packages/airflow/example_dags/example_local_kubernetes_executor.py
[2022-10-09T06:48:14.492+0000] {logging_mixin.py:117} INFO - [2022-10-09T06:48:14.492+0000] {dag.py:2573} INFO - Sync 1 DAGs
[2022-10-09T06:48:14.506+0000] {logging_mixin.py:117} INFO - [2022-10-09T06:48:14.506+0000] {dag.py:3328} INFO - Setting next_dagrun for example_local_kubernetes_executor to None, run_after=None
[2022-10-09T06:48:14.520+0000] {processor.py:178} INFO - Processing /home/airflow/.local/lib/python3.7/site-packages/airflow/example_dags/example_local_kubernetes_executor.py took 0.071 seconds
[2022-10-09T06:59:08.979+0000] {processor.py:156} INFO - Started process (PID=1011) to work on /home/airflow/.local/lib/python3.7/site-packages/airflow/example_dags/example_local_kubernetes_executor.py
[2022-10-09T06:59:08.981+0000] {processor.py:758} INFO - Processing file /home/airflow/.local/lib/python3.7/site-packages/airflow/example_dags/example_local_kubernetes_executor.py for tasks to queue
[2022-10-09T06:59:08.982+0000] {logging_mixin.py:117} INFO - [2022-10-09T06:59:08.982+0000] {dagbag.py:525} INFO - Filling up the DagBag from /home/airflow/.local/lib/python3.7/site-packages/airflow/example_dags/example_local_kubernetes_executor.py
[2022-10-09T06:59:09.002+0000] {processor.py:768} INFO - DAG(s) dict_keys(['example_local_kubernetes_executor']) retrieved from /home/airflow/.local/lib/python3.7/site-packages/airflow/example_dags/example_local_kubernetes_executor.py
[2022-10-09T06:59:09.044+0000] {logging_mixin.py:117} INFO - [2022-10-09T06:59:09.044+0000] {dag.py:2573} INFO - Sync 1 DAGs
[2022-10-09T06:59:09.068+0000] {logging_mixin.py:117} INFO - [2022-10-09T06:59:09.068+0000] {dag.py:3328} INFO - Setting next_dagrun for example_local_kubernetes_executor to None, run_after=None
[2022-10-09T06:59:09.088+0000] {processor.py:178} INFO - Processing /home/airflow/.local/lib/python3.7/site-packages/airflow/example_dags/example_local_kubernetes_executor.py took 0.113 seconds
[2022-10-09T06:59:39.144+0000] {processor.py:156} INFO - Started process (PID=1075) to work on /home/airflow/.local/lib/python3.7/site-packages/airflow/example_dags/example_local_kubernetes_executor.py
[2022-10-09T06:59:39.145+0000] {processor.py:758} INFO - Processing file /home/airflow/.local/lib/python3.7/site-packages/airflow/example_dags/example_local_kubernetes_executor.py for tasks to queue
[2022-10-09T06:59:39.146+0000] {logging_mixin.py:117} INFO - [2022-10-09T06:59:39.146+0000] {dagbag.py:525} INFO - Filling up the DagBag from /home/airflow/.local/lib/python3.7/site-packages/airflow/example_dags/example_local_kubernetes_executor.py
[2022-10-09T06:59:39.161+0000] {processor.py:768} INFO - DAG(s) dict_keys(['example_local_kubernetes_executor']) retrieved from /home/airflow/.local/lib/python3.7/site-packages/airflow/example_dags/example_local_kubernetes_executor.py
[2022-10-09T06:59:39.187+0000] {logging_mixin.py:117} INFO - [2022-10-09T06:59:39.187+0000] {dag.py:2573} INFO - Sync 1 DAGs
[2022-10-09T06:59:39.202+0000] {logging_mixin.py:117} INFO - [2022-10-09T06:59:39.202+0000] {dag.py:3328} INFO - Setting next_dagrun for example_local_kubernetes_executor to None, run_after=None
[2022-10-09T06:59:39.215+0000] {processor.py:178} INFO - Processing /home/airflow/.local/lib/python3.7/site-packages/airflow/example_dags/example_local_kubernetes_executor.py took 0.073 seconds
[2022-10-09T07:00:09.391+0000] {processor.py:156} INFO - Started process (PID=1129) to work on /home/airflow/.local/lib/python3.7/site-packages/airflow/example_dags/example_local_kubernetes_executor.py
[2022-10-09T07:00:09.393+0000] {processor.py:758} INFO - Processing file /home/airflow/.local/lib/python3.7/site-packages/airflow/example_dags/example_local_kubernetes_executor.py for tasks to queue
[2022-10-09T07:00:09.394+0000] {logging_mixin.py:117} INFO - [2022-10-09T07:00:09.394+0000] {dagbag.py:525} INFO - Filling up the DagBag from /home/airflow/.local/lib/python3.7/site-packages/airflow/example_dags/example_local_kubernetes_executor.py
[2022-10-09T07:00:09.408+0000] {processor.py:768} INFO - DAG(s) dict_keys(['example_local_kubernetes_executor']) retrieved from /home/airflow/.local/lib/python3.7/site-packages/airflow/example_dags/example_local_kubernetes_executor.py
[2022-10-09T07:00:09.432+0000] {logging_mixin.py:117} INFO - [2022-10-09T07:00:09.432+0000] {dag.py:2573} INFO - Sync 1 DAGs
[2022-10-09T07:00:09.446+0000] {logging_mixin.py:117} INFO - [2022-10-09T07:00:09.446+0000] {dag.py:3328} INFO - Setting next_dagrun for example_local_kubernetes_executor to None, run_after=None
[2022-10-09T07:00:09.458+0000] {processor.py:178} INFO - Processing /home/airflow/.local/lib/python3.7/site-packages/airflow/example_dags/example_local_kubernetes_executor.py took 0.069 seconds
[2022-10-09T07:00:40.151+0000] {processor.py:156} INFO - Started process (PID=1192) to work on /home/airflow/.local/lib/python3.7/site-packages/airflow/example_dags/example_local_kubernetes_executor.py
[2022-10-09T07:00:40.153+0000] {processor.py:758} INFO - Processing file /home/airflow/.local/lib/python3.7/site-packages/airflow/example_dags/example_local_kubernetes_executor.py for tasks to queue
[2022-10-09T07:00:40.154+0000] {logging_mixin.py:117} INFO - [2022-10-09T07:00:40.154+0000] {dagbag.py:525} INFO - Filling up the DagBag from /home/airflow/.local/lib/python3.7/site-packages/airflow/example_dags/example_local_kubernetes_executor.py
[2022-10-09T07:00:40.169+0000] {processor.py:768} INFO - DAG(s) dict_keys(['example_local_kubernetes_executor']) retrieved from /home/airflow/.local/lib/python3.7/site-packages/airflow/example_dags/example_local_kubernetes_executor.py
[2022-10-09T07:00:40.193+0000] {logging_mixin.py:117} INFO - [2022-10-09T07:00:40.193+0000] {dag.py:2573} INFO - Sync 1 DAGs
[2022-10-09T07:00:40.207+0000] {logging_mixin.py:117} INFO - [2022-10-09T07:00:40.207+0000] {dag.py:3328} INFO - Setting next_dagrun for example_local_kubernetes_executor to None, run_after=None
[2022-10-09T07:00:40.218+0000] {processor.py:178} INFO - Processing /home/airflow/.local/lib/python3.7/site-packages/airflow/example_dags/example_local_kubernetes_executor.py took 0.070 seconds
[2022-10-09T07:01:10.485+0000] {processor.py:156} INFO - Started process (PID=1254) to work on /home/airflow/.local/lib/python3.7/site-packages/airflow/example_dags/example_local_kubernetes_executor.py
[2022-10-09T07:01:10.486+0000] {processor.py:758} INFO - Processing file /home/airflow/.local/lib/python3.7/site-packages/airflow/example_dags/example_local_kubernetes_executor.py for tasks to queue
[2022-10-09T07:01:10.487+0000] {logging_mixin.py:117} INFO - [2022-10-09T07:01:10.487+0000] {dagbag.py:525} INFO - Filling up the DagBag from /home/airflow/.local/lib/python3.7/site-packages/airflow/example_dags/example_local_kubernetes_executor.py
[2022-10-09T07:01:10.500+0000] {processor.py:768} INFO - DAG(s) dict_keys(['example_local_kubernetes_executor']) retrieved from /home/airflow/.local/lib/python3.7/site-packages/airflow/example_dags/example_local_kubernetes_executor.py
[2022-10-09T07:01:10.525+0000] {logging_mixin.py:117} INFO - [2022-10-09T07:01:10.524+0000] {dag.py:2573} INFO - Sync 1 DAGs
[2022-10-09T07:01:10.538+0000] {logging_mixin.py:117} INFO - [2022-10-09T07:01:10.537+0000] {dag.py:3328} INFO - Setting next_dagrun for example_local_kubernetes_executor to None, run_after=None
[2022-10-09T07:01:10.548+0000] {processor.py:178} INFO - Processing /home/airflow/.local/lib/python3.7/site-packages/airflow/example_dags/example_local_kubernetes_executor.py took 0.065 seconds
[2022-10-09T07:01:40.676+0000] {processor.py:156} INFO - Started process (PID=1317) to work on /home/airflow/.local/lib/python3.7/site-packages/airflow/example_dags/example_local_kubernetes_executor.py
[2022-10-09T07:01:40.678+0000] {processor.py:758} INFO - Processing file /home/airflow/.local/lib/python3.7/site-packages/airflow/example_dags/example_local_kubernetes_executor.py for tasks to queue
[2022-10-09T07:01:40.678+0000] {logging_mixin.py:117} INFO - [2022-10-09T07:01:40.678+0000] {dagbag.py:525} INFO - Filling up the DagBag from /home/airflow/.local/lib/python3.7/site-packages/airflow/example_dags/example_local_kubernetes_executor.py
[2022-10-09T07:01:40.691+0000] {processor.py:768} INFO - DAG(s) dict_keys(['example_local_kubernetes_executor']) retrieved from /home/airflow/.local/lib/python3.7/site-packages/airflow/example_dags/example_local_kubernetes_executor.py
[2022-10-09T07:01:40.714+0000] {logging_mixin.py:117} INFO - [2022-10-09T07:01:40.714+0000] {dag.py:2573} INFO - Sync 1 DAGs
[2022-10-09T07:01:40.727+0000] {logging_mixin.py:117} INFO - [2022-10-09T07:01:40.727+0000] {dag.py:3328} INFO - Setting next_dagrun for example_local_kubernetes_executor to None, run_after=None
[2022-10-09T07:01:40.738+0000] {processor.py:178} INFO - Processing /home/airflow/.local/lib/python3.7/site-packages/airflow/example_dags/example_local_kubernetes_executor.py took 0.064 seconds
[2022-10-09T07:02:10.908+0000] {processor.py:156} INFO - Started process (PID=1380) to work on /home/airflow/.local/lib/python3.7/site-packages/airflow/example_dags/example_local_kubernetes_executor.py
[2022-10-09T07:02:10.909+0000] {processor.py:758} INFO - Processing file /home/airflow/.local/lib/python3.7/site-packages/airflow/example_dags/example_local_kubernetes_executor.py for tasks to queue
[2022-10-09T07:02:10.910+0000] {logging_mixin.py:117} INFO - [2022-10-09T07:02:10.910+0000] {dagbag.py:525} INFO - Filling up the DagBag from /home/airflow/.local/lib/python3.7/site-packages/airflow/example_dags/example_local_kubernetes_executor.py
[2022-10-09T07:02:10.925+0000] {processor.py:768} INFO - DAG(s) dict_keys(['example_local_kubernetes_executor']) retrieved from /home/airflow/.local/lib/python3.7/site-packages/airflow/example_dags/example_local_kubernetes_executor.py
[2022-10-09T07:02:10.950+0000] {logging_mixin.py:117} INFO - [2022-10-09T07:02:10.950+0000] {dag.py:2573} INFO - Sync 1 DAGs
[2022-10-09T07:02:10.965+0000] {logging_mixin.py:117} INFO - [2022-10-09T07:02:10.965+0000] {dag.py:3328} INFO - Setting next_dagrun for example_local_kubernetes_executor to None, run_after=None
[2022-10-09T07:02:10.980+0000] {processor.py:178} INFO - Processing /home/airflow/.local/lib/python3.7/site-packages/airflow/example_dags/example_local_kubernetes_executor.py took 0.075 seconds
[2022-10-09T07:02:41.227+0000] {processor.py:156} INFO - Started process (PID=1434) to work on /home/airflow/.local/lib/python3.7/site-packages/airflow/example_dags/example_local_kubernetes_executor.py
[2022-10-09T07:02:41.228+0000] {processor.py:758} INFO - Processing file /home/airflow/.local/lib/python3.7/site-packages/airflow/example_dags/example_local_kubernetes_executor.py for tasks to queue
[2022-10-09T07:02:41.229+0000] {logging_mixin.py:117} INFO - [2022-10-09T07:02:41.229+0000] {dagbag.py:525} INFO - Filling up the DagBag from /home/airflow/.local/lib/python3.7/site-packages/airflow/example_dags/example_local_kubernetes_executor.py
[2022-10-09T07:02:41.243+0000] {processor.py:768} INFO - DAG(s) dict_keys(['example_local_kubernetes_executor']) retrieved from /home/airflow/.local/lib/python3.7/site-packages/airflow/example_dags/example_local_kubernetes_executor.py
[2022-10-09T07:02:41.266+0000] {logging_mixin.py:117} INFO - [2022-10-09T07:02:41.266+0000] {dag.py:2573} INFO - Sync 1 DAGs
[2022-10-09T07:02:41.282+0000] {logging_mixin.py:117} INFO - [2022-10-09T07:02:41.282+0000] {dag.py:3328} INFO - Setting next_dagrun for example_local_kubernetes_executor to None, run_after=None
[2022-10-09T07:02:41.293+0000] {processor.py:178} INFO - Processing /home/airflow/.local/lib/python3.7/site-packages/airflow/example_dags/example_local_kubernetes_executor.py took 0.070 seconds
[2022-10-09T07:03:12.057+0000] {processor.py:156} INFO - Started process (PID=1497) to work on /home/airflow/.local/lib/python3.7/site-packages/airflow/example_dags/example_local_kubernetes_executor.py
[2022-10-09T07:03:12.058+0000] {processor.py:758} INFO - Processing file /home/airflow/.local/lib/python3.7/site-packages/airflow/example_dags/example_local_kubernetes_executor.py for tasks to queue
[2022-10-09T07:03:12.059+0000] {logging_mixin.py:117} INFO - [2022-10-09T07:03:12.059+0000] {dagbag.py:525} INFO - Filling up the DagBag from /home/airflow/.local/lib/python3.7/site-packages/airflow/example_dags/example_local_kubernetes_executor.py
[2022-10-09T07:03:12.073+0000] {processor.py:768} INFO - DAG(s) dict_keys(['example_local_kubernetes_executor']) retrieved from /home/airflow/.local/lib/python3.7/site-packages/airflow/example_dags/example_local_kubernetes_executor.py
[2022-10-09T07:03:12.096+0000] {logging_mixin.py:117} INFO - [2022-10-09T07:03:12.096+0000] {dag.py:2573} INFO - Sync 1 DAGs
[2022-10-09T07:03:12.109+0000] {logging_mixin.py:117} INFO - [2022-10-09T07:03:12.109+0000] {dag.py:3328} INFO - Setting next_dagrun for example_local_kubernetes_executor to None, run_after=None
[2022-10-09T07:03:12.120+0000] {processor.py:178} INFO - Processing /home/airflow/.local/lib/python3.7/site-packages/airflow/example_dags/example_local_kubernetes_executor.py took 0.065 seconds
[2022-10-09T07:03:42.193+0000] {processor.py:156} INFO - Started process (PID=1560) to work on /home/airflow/.local/lib/python3.7/site-packages/airflow/example_dags/example_local_kubernetes_executor.py
[2022-10-09T07:03:42.194+0000] {processor.py:758} INFO - Processing file /home/airflow/.local/lib/python3.7/site-packages/airflow/example_dags/example_local_kubernetes_executor.py for tasks to queue
[2022-10-09T07:03:42.195+0000] {logging_mixin.py:117} INFO - [2022-10-09T07:03:42.195+0000] {dagbag.py:525} INFO - Filling up the DagBag from /home/airflow/.local/lib/python3.7/site-packages/airflow/example_dags/example_local_kubernetes_executor.py
[2022-10-09T07:03:42.210+0000] {processor.py:768} INFO - DAG(s) dict_keys(['example_local_kubernetes_executor']) retrieved from /home/airflow/.local/lib/python3.7/site-packages/airflow/example_dags/example_local_kubernetes_executor.py
[2022-10-09T07:03:42.235+0000] {logging_mixin.py:117} INFO - [2022-10-09T07:03:42.234+0000] {dag.py:2573} INFO - Sync 1 DAGs
[2022-10-09T07:03:42.248+0000] {logging_mixin.py:117} INFO - [2022-10-09T07:03:42.248+0000] {dag.py:3328} INFO - Setting next_dagrun for example_local_kubernetes_executor to None, run_after=None
[2022-10-09T07:03:42.261+0000] {processor.py:178} INFO - Processing /home/airflow/.local/lib/python3.7/site-packages/airflow/example_dags/example_local_kubernetes_executor.py took 0.071 seconds
[2022-10-09T07:04:12.526+0000] {processor.py:156} INFO - Started process (PID=1622) to work on /home/airflow/.local/lib/python3.7/site-packages/airflow/example_dags/example_local_kubernetes_executor.py
[2022-10-09T07:04:12.528+0000] {processor.py:758} INFO - Processing file /home/airflow/.local/lib/python3.7/site-packages/airflow/example_dags/example_local_kubernetes_executor.py for tasks to queue
[2022-10-09T07:04:12.529+0000] {logging_mixin.py:117} INFO - [2022-10-09T07:04:12.529+0000] {dagbag.py:525} INFO - Filling up the DagBag from /home/airflow/.local/lib/python3.7/site-packages/airflow/example_dags/example_local_kubernetes_executor.py
[2022-10-09T07:04:12.545+0000] {processor.py:768} INFO - DAG(s) dict_keys(['example_local_kubernetes_executor']) retrieved from /home/airflow/.local/lib/python3.7/site-packages/airflow/example_dags/example_local_kubernetes_executor.py
[2022-10-09T07:04:12.569+0000] {logging_mixin.py:117} INFO - [2022-10-09T07:04:12.569+0000] {dag.py:2573} INFO - Sync 1 DAGs
[2022-10-09T07:04:12.582+0000] {logging_mixin.py:117} INFO - [2022-10-09T07:04:12.582+0000] {dag.py:3328} INFO - Setting next_dagrun for example_local_kubernetes_executor to None, run_after=None
[2022-10-09T07:04:12.593+0000] {processor.py:178} INFO - Processing /home/airflow/.local/lib/python3.7/site-packages/airflow/example_dags/example_local_kubernetes_executor.py took 0.068 seconds
[2022-10-09T07:04:42.988+0000] {processor.py:156} INFO - Started process (PID=1685) to work on /home/airflow/.local/lib/python3.7/site-packages/airflow/example_dags/example_local_kubernetes_executor.py
[2022-10-09T07:04:42.990+0000] {processor.py:758} INFO - Processing file /home/airflow/.local/lib/python3.7/site-packages/airflow/example_dags/example_local_kubernetes_executor.py for tasks to queue
[2022-10-09T07:04:42.991+0000] {logging_mixin.py:117} INFO - [2022-10-09T07:04:42.991+0000] {dagbag.py:525} INFO - Filling up the DagBag from /home/airflow/.local/lib/python3.7/site-packages/airflow/example_dags/example_local_kubernetes_executor.py
[2022-10-09T07:04:43.007+0000] {processor.py:768} INFO - DAG(s) dict_keys(['example_local_kubernetes_executor']) retrieved from /home/airflow/.local/lib/python3.7/site-packages/airflow/example_dags/example_local_kubernetes_executor.py
[2022-10-09T07:04:43.032+0000] {logging_mixin.py:117} INFO - [2022-10-09T07:04:43.032+0000] {dag.py:2573} INFO - Sync 1 DAGs
[2022-10-09T07:04:43.049+0000] {logging_mixin.py:117} INFO - [2022-10-09T07:04:43.049+0000] {dag.py:3328} INFO - Setting next_dagrun for example_local_kubernetes_executor to None, run_after=None
[2022-10-09T07:04:43.062+0000] {processor.py:178} INFO - Processing /home/airflow/.local/lib/python3.7/site-packages/airflow/example_dags/example_local_kubernetes_executor.py took 0.077 seconds
[2022-10-09T07:05:13.889+0000] {processor.py:156} INFO - Started process (PID=1746) to work on /home/airflow/.local/lib/python3.7/site-packages/airflow/example_dags/example_local_kubernetes_executor.py
[2022-10-09T07:05:13.892+0000] {processor.py:758} INFO - Processing file /home/airflow/.local/lib/python3.7/site-packages/airflow/example_dags/example_local_kubernetes_executor.py for tasks to queue
[2022-10-09T07:05:13.894+0000] {logging_mixin.py:117} INFO - [2022-10-09T07:05:13.894+0000] {dagbag.py:525} INFO - Filling up the DagBag from /home/airflow/.local/lib/python3.7/site-packages/airflow/example_dags/example_local_kubernetes_executor.py
[2022-10-09T07:05:13.920+0000] {processor.py:768} INFO - DAG(s) dict_keys(['example_local_kubernetes_executor']) retrieved from /home/airflow/.local/lib/python3.7/site-packages/airflow/example_dags/example_local_kubernetes_executor.py
[2022-10-09T07:05:13.954+0000] {logging_mixin.py:117} INFO - [2022-10-09T07:05:13.954+0000] {dag.py:2573} INFO - Sync 1 DAGs
[2022-10-09T07:05:13.975+0000] {logging_mixin.py:117} INFO - [2022-10-09T07:05:13.975+0000] {dag.py:3328} INFO - Setting next_dagrun for example_local_kubernetes_executor to None, run_after=None
[2022-10-09T07:05:13.990+0000] {processor.py:178} INFO - Processing /home/airflow/.local/lib/python3.7/site-packages/airflow/example_dags/example_local_kubernetes_executor.py took 0.104 seconds
[2022-10-09T07:05:44.265+0000] {processor.py:156} INFO - Started process (PID=1802) to work on /home/airflow/.local/lib/python3.7/site-packages/airflow/example_dags/example_local_kubernetes_executor.py
[2022-10-09T07:05:44.266+0000] {processor.py:758} INFO - Processing file /home/airflow/.local/lib/python3.7/site-packages/airflow/example_dags/example_local_kubernetes_executor.py for tasks to queue
[2022-10-09T07:05:44.268+0000] {logging_mixin.py:117} INFO - [2022-10-09T07:05:44.267+0000] {dagbag.py:525} INFO - Filling up the DagBag from /home/airflow/.local/lib/python3.7/site-packages/airflow/example_dags/example_local_kubernetes_executor.py
[2022-10-09T07:05:44.282+0000] {processor.py:768} INFO - DAG(s) dict_keys(['example_local_kubernetes_executor']) retrieved from /home/airflow/.local/lib/python3.7/site-packages/airflow/example_dags/example_local_kubernetes_executor.py
[2022-10-09T07:05:44.305+0000] {logging_mixin.py:117} INFO - [2022-10-09T07:05:44.305+0000] {dag.py:2573} INFO - Sync 1 DAGs
[2022-10-09T07:05:44.319+0000] {logging_mixin.py:117} INFO - [2022-10-09T07:05:44.319+0000] {dag.py:3328} INFO - Setting next_dagrun for example_local_kubernetes_executor to None, run_after=None
[2022-10-09T07:05:44.329+0000] {processor.py:178} INFO - Processing /home/airflow/.local/lib/python3.7/site-packages/airflow/example_dags/example_local_kubernetes_executor.py took 0.067 seconds
[2022-10-09T07:06:15.072+0000] {processor.py:156} INFO - Started process (PID=1865) to work on /home/airflow/.local/lib/python3.7/site-packages/airflow/example_dags/example_local_kubernetes_executor.py
[2022-10-09T07:06:15.075+0000] {processor.py:758} INFO - Processing file /home/airflow/.local/lib/python3.7/site-packages/airflow/example_dags/example_local_kubernetes_executor.py for tasks to queue
[2022-10-09T07:06:15.081+0000] {logging_mixin.py:117} INFO - [2022-10-09T07:06:15.080+0000] {dagbag.py:525} INFO - Filling up the DagBag from /home/airflow/.local/lib/python3.7/site-packages/airflow/example_dags/example_local_kubernetes_executor.py
[2022-10-09T07:06:15.102+0000] {processor.py:768} INFO - DAG(s) dict_keys(['example_local_kubernetes_executor']) retrieved from /home/airflow/.local/lib/python3.7/site-packages/airflow/example_dags/example_local_kubernetes_executor.py
[2022-10-09T07:06:15.136+0000] {logging_mixin.py:117} INFO - [2022-10-09T07:06:15.136+0000] {dag.py:2573} INFO - Sync 1 DAGs
[2022-10-09T07:06:15.160+0000] {logging_mixin.py:117} INFO - [2022-10-09T07:06:15.160+0000] {dag.py:3328} INFO - Setting next_dagrun for example_local_kubernetes_executor to None, run_after=None
[2022-10-09T07:06:15.184+0000] {processor.py:178} INFO - Processing /home/airflow/.local/lib/python3.7/site-packages/airflow/example_dags/example_local_kubernetes_executor.py took 0.115 seconds
[2022-10-09T07:06:45.216+0000] {processor.py:156} INFO - Started process (PID=1927) to work on /home/airflow/.local/lib/python3.7/site-packages/airflow/example_dags/example_local_kubernetes_executor.py
[2022-10-09T07:06:45.218+0000] {processor.py:758} INFO - Processing file /home/airflow/.local/lib/python3.7/site-packages/airflow/example_dags/example_local_kubernetes_executor.py for tasks to queue
[2022-10-09T07:06:45.218+0000] {logging_mixin.py:117} INFO - [2022-10-09T07:06:45.218+0000] {dagbag.py:525} INFO - Filling up the DagBag from /home/airflow/.local/lib/python3.7/site-packages/airflow/example_dags/example_local_kubernetes_executor.py
[2022-10-09T07:06:45.232+0000] {processor.py:768} INFO - DAG(s) dict_keys(['example_local_kubernetes_executor']) retrieved from /home/airflow/.local/lib/python3.7/site-packages/airflow/example_dags/example_local_kubernetes_executor.py
[2022-10-09T07:06:45.256+0000] {logging_mixin.py:117} INFO - [2022-10-09T07:06:45.256+0000] {dag.py:2573} INFO - Sync 1 DAGs
[2022-10-09T07:06:45.271+0000] {logging_mixin.py:117} INFO - [2022-10-09T07:06:45.271+0000] {dag.py:3328} INFO - Setting next_dagrun for example_local_kubernetes_executor to None, run_after=None
[2022-10-09T07:06:45.283+0000] {processor.py:178} INFO - Processing /home/airflow/.local/lib/python3.7/site-packages/airflow/example_dags/example_local_kubernetes_executor.py took 0.071 seconds
[2022-10-09T07:07:15.484+0000] {processor.py:156} INFO - Started process (PID=1992) to work on /home/airflow/.local/lib/python3.7/site-packages/airflow/example_dags/example_local_kubernetes_executor.py
[2022-10-09T07:07:15.486+0000] {processor.py:758} INFO - Processing file /home/airflow/.local/lib/python3.7/site-packages/airflow/example_dags/example_local_kubernetes_executor.py for tasks to queue
[2022-10-09T07:07:15.487+0000] {logging_mixin.py:117} INFO - [2022-10-09T07:07:15.487+0000] {dagbag.py:525} INFO - Filling up the DagBag from /home/airflow/.local/lib/python3.7/site-packages/airflow/example_dags/example_local_kubernetes_executor.py
[2022-10-09T07:07:15.506+0000] {processor.py:768} INFO - DAG(s) dict_keys(['example_local_kubernetes_executor']) retrieved from /home/airflow/.local/lib/python3.7/site-packages/airflow/example_dags/example_local_kubernetes_executor.py
[2022-10-09T07:07:15.535+0000] {logging_mixin.py:117} INFO - [2022-10-09T07:07:15.535+0000] {dag.py:2573} INFO - Sync 1 DAGs
[2022-10-09T07:07:15.550+0000] {logging_mixin.py:117} INFO - [2022-10-09T07:07:15.550+0000] {dag.py:3328} INFO - Setting next_dagrun for example_local_kubernetes_executor to None, run_after=None
[2022-10-09T07:07:15.565+0000] {processor.py:178} INFO - Processing /home/airflow/.local/lib/python3.7/site-packages/airflow/example_dags/example_local_kubernetes_executor.py took 0.083 seconds
[2022-10-09T07:07:46.122+0000] {processor.py:156} INFO - Started process (PID=2056) to work on /home/airflow/.local/lib/python3.7/site-packages/airflow/example_dags/example_local_kubernetes_executor.py
[2022-10-09T07:07:46.123+0000] {processor.py:758} INFO - Processing file /home/airflow/.local/lib/python3.7/site-packages/airflow/example_dags/example_local_kubernetes_executor.py for tasks to queue
[2022-10-09T07:07:46.124+0000] {logging_mixin.py:117} INFO - [2022-10-09T07:07:46.124+0000] {dagbag.py:525} INFO - Filling up the DagBag from /home/airflow/.local/lib/python3.7/site-packages/airflow/example_dags/example_local_kubernetes_executor.py
[2022-10-09T07:07:46.140+0000] {processor.py:768} INFO - DAG(s) dict_keys(['example_local_kubernetes_executor']) retrieved from /home/airflow/.local/lib/python3.7/site-packages/airflow/example_dags/example_local_kubernetes_executor.py
[2022-10-09T07:07:46.165+0000] {logging_mixin.py:117} INFO - [2022-10-09T07:07:46.165+0000] {dag.py:2573} INFO - Sync 1 DAGs
[2022-10-09T07:07:46.181+0000] {logging_mixin.py:117} INFO - [2022-10-09T07:07:46.180+0000] {dag.py:3328} INFO - Setting next_dagrun for example_local_kubernetes_executor to None, run_after=None
[2022-10-09T07:07:46.194+0000] {processor.py:178} INFO - Processing /home/airflow/.local/lib/python3.7/site-packages/airflow/example_dags/example_local_kubernetes_executor.py took 0.075 seconds
[2022-10-09T07:08:16.375+0000] {processor.py:156} INFO - Started process (PID=2111) to work on /home/airflow/.local/lib/python3.7/site-packages/airflow/example_dags/example_local_kubernetes_executor.py
[2022-10-09T07:08:16.376+0000] {processor.py:758} INFO - Processing file /home/airflow/.local/lib/python3.7/site-packages/airflow/example_dags/example_local_kubernetes_executor.py for tasks to queue
[2022-10-09T07:08:16.377+0000] {logging_mixin.py:117} INFO - [2022-10-09T07:08:16.377+0000] {dagbag.py:525} INFO - Filling up the DagBag from /home/airflow/.local/lib/python3.7/site-packages/airflow/example_dags/example_local_kubernetes_executor.py
[2022-10-09T07:08:16.392+0000] {processor.py:768} INFO - DAG(s) dict_keys(['example_local_kubernetes_executor']) retrieved from /home/airflow/.local/lib/python3.7/site-packages/airflow/example_dags/example_local_kubernetes_executor.py
[2022-10-09T07:08:16.418+0000] {logging_mixin.py:117} INFO - [2022-10-09T07:08:16.417+0000] {dag.py:2573} INFO - Sync 1 DAGs
[2022-10-09T07:08:16.432+0000] {logging_mixin.py:117} INFO - [2022-10-09T07:08:16.431+0000] {dag.py:3328} INFO - Setting next_dagrun for example_local_kubernetes_executor to None, run_after=None
[2022-10-09T07:08:16.446+0000] {processor.py:178} INFO - Processing /home/airflow/.local/lib/python3.7/site-packages/airflow/example_dags/example_local_kubernetes_executor.py took 0.073 seconds
[2022-10-09T07:08:46.886+0000] {processor.py:156} INFO - Started process (PID=2174) to work on /home/airflow/.local/lib/python3.7/site-packages/airflow/example_dags/example_local_kubernetes_executor.py
[2022-10-09T07:08:46.894+0000] {processor.py:758} INFO - Processing file /home/airflow/.local/lib/python3.7/site-packages/airflow/example_dags/example_local_kubernetes_executor.py for tasks to queue
[2022-10-09T07:08:46.897+0000] {logging_mixin.py:117} INFO - [2022-10-09T07:08:46.897+0000] {dagbag.py:525} INFO - Filling up the DagBag from /home/airflow/.local/lib/python3.7/site-packages/airflow/example_dags/example_local_kubernetes_executor.py
[2022-10-09T07:08:46.912+0000] {processor.py:768} INFO - DAG(s) dict_keys(['example_local_kubernetes_executor']) retrieved from /home/airflow/.local/lib/python3.7/site-packages/airflow/example_dags/example_local_kubernetes_executor.py
[2022-10-09T07:08:46.936+0000] {logging_mixin.py:117} INFO - [2022-10-09T07:08:46.935+0000] {dag.py:2573} INFO - Sync 1 DAGs
[2022-10-09T07:08:46.951+0000] {logging_mixin.py:117} INFO - [2022-10-09T07:08:46.951+0000] {dag.py:3328} INFO - Setting next_dagrun for example_local_kubernetes_executor to None, run_after=None
[2022-10-09T07:08:46.962+0000] {processor.py:178} INFO - Processing /home/airflow/.local/lib/python3.7/site-packages/airflow/example_dags/example_local_kubernetes_executor.py took 0.078 seconds
[2022-10-09T07:09:17.104+0000] {processor.py:156} INFO - Started process (PID=2238) to work on /home/airflow/.local/lib/python3.7/site-packages/airflow/example_dags/example_local_kubernetes_executor.py
[2022-10-09T07:09:17.106+0000] {processor.py:758} INFO - Processing file /home/airflow/.local/lib/python3.7/site-packages/airflow/example_dags/example_local_kubernetes_executor.py for tasks to queue
[2022-10-09T07:09:17.107+0000] {logging_mixin.py:117} INFO - [2022-10-09T07:09:17.107+0000] {dagbag.py:525} INFO - Filling up the DagBag from /home/airflow/.local/lib/python3.7/site-packages/airflow/example_dags/example_local_kubernetes_executor.py
[2022-10-09T07:09:17.120+0000] {processor.py:768} INFO - DAG(s) dict_keys(['example_local_kubernetes_executor']) retrieved from /home/airflow/.local/lib/python3.7/site-packages/airflow/example_dags/example_local_kubernetes_executor.py
[2022-10-09T07:09:17.143+0000] {logging_mixin.py:117} INFO - [2022-10-09T07:09:17.142+0000] {dag.py:2573} INFO - Sync 1 DAGs
[2022-10-09T07:09:17.155+0000] {logging_mixin.py:117} INFO - [2022-10-09T07:09:17.155+0000] {dag.py:3328} INFO - Setting next_dagrun for example_local_kubernetes_executor to None, run_after=None
[2022-10-09T07:09:17.166+0000] {processor.py:178} INFO - Processing /home/airflow/.local/lib/python3.7/site-packages/airflow/example_dags/example_local_kubernetes_executor.py took 0.064 seconds
[2022-10-09T07:09:47.426+0000] {processor.py:156} INFO - Started process (PID=2300) to work on /home/airflow/.local/lib/python3.7/site-packages/airflow/example_dags/example_local_kubernetes_executor.py
[2022-10-09T07:09:47.428+0000] {processor.py:758} INFO - Processing file /home/airflow/.local/lib/python3.7/site-packages/airflow/example_dags/example_local_kubernetes_executor.py for tasks to queue
[2022-10-09T07:09:47.430+0000] {logging_mixin.py:117} INFO - [2022-10-09T07:09:47.430+0000] {dagbag.py:525} INFO - Filling up the DagBag from /home/airflow/.local/lib/python3.7/site-packages/airflow/example_dags/example_local_kubernetes_executor.py
[2022-10-09T07:09:47.447+0000] {processor.py:768} INFO - DAG(s) dict_keys(['example_local_kubernetes_executor']) retrieved from /home/airflow/.local/lib/python3.7/site-packages/airflow/example_dags/example_local_kubernetes_executor.py
[2022-10-09T07:09:47.476+0000] {logging_mixin.py:117} INFO - [2022-10-09T07:09:47.476+0000] {dag.py:2573} INFO - Sync 1 DAGs
[2022-10-09T07:09:47.493+0000] {logging_mixin.py:117} INFO - [2022-10-09T07:09:47.493+0000] {dag.py:3328} INFO - Setting next_dagrun for example_local_kubernetes_executor to None, run_after=None
[2022-10-09T07:09:47.505+0000] {processor.py:178} INFO - Processing /home/airflow/.local/lib/python3.7/site-packages/airflow/example_dags/example_local_kubernetes_executor.py took 0.082 seconds
[2022-10-09T07:10:18.031+0000] {processor.py:156} INFO - Started process (PID=2362) to work on /home/airflow/.local/lib/python3.7/site-packages/airflow/example_dags/example_local_kubernetes_executor.py
[2022-10-09T07:10:18.033+0000] {processor.py:758} INFO - Processing file /home/airflow/.local/lib/python3.7/site-packages/airflow/example_dags/example_local_kubernetes_executor.py for tasks to queue
[2022-10-09T07:10:18.034+0000] {logging_mixin.py:117} INFO - [2022-10-09T07:10:18.034+0000] {dagbag.py:525} INFO - Filling up the DagBag from /home/airflow/.local/lib/python3.7/site-packages/airflow/example_dags/example_local_kubernetes_executor.py
[2022-10-09T07:10:18.047+0000] {processor.py:768} INFO - DAG(s) dict_keys(['example_local_kubernetes_executor']) retrieved from /home/airflow/.local/lib/python3.7/site-packages/airflow/example_dags/example_local_kubernetes_executor.py
[2022-10-09T07:10:18.071+0000] {logging_mixin.py:117} INFO - [2022-10-09T07:10:18.070+0000] {dag.py:2573} INFO - Sync 1 DAGs
[2022-10-09T07:10:18.085+0000] {logging_mixin.py:117} INFO - [2022-10-09T07:10:18.085+0000] {dag.py:3328} INFO - Setting next_dagrun for example_local_kubernetes_executor to None, run_after=None
[2022-10-09T07:10:18.099+0000] {processor.py:178} INFO - Processing /home/airflow/.local/lib/python3.7/site-packages/airflow/example_dags/example_local_kubernetes_executor.py took 0.070 seconds
[2022-10-09T07:10:48.532+0000] {processor.py:156} INFO - Started process (PID=2416) to work on /home/airflow/.local/lib/python3.7/site-packages/airflow/example_dags/example_local_kubernetes_executor.py
[2022-10-09T07:10:48.533+0000] {processor.py:758} INFO - Processing file /home/airflow/.local/lib/python3.7/site-packages/airflow/example_dags/example_local_kubernetes_executor.py for tasks to queue
[2022-10-09T07:10:48.535+0000] {logging_mixin.py:117} INFO - [2022-10-09T07:10:48.535+0000] {dagbag.py:525} INFO - Filling up the DagBag from /home/airflow/.local/lib/python3.7/site-packages/airflow/example_dags/example_local_kubernetes_executor.py
[2022-10-09T07:10:48.552+0000] {processor.py:768} INFO - DAG(s) dict_keys(['example_local_kubernetes_executor']) retrieved from /home/airflow/.local/lib/python3.7/site-packages/airflow/example_dags/example_local_kubernetes_executor.py
[2022-10-09T07:10:48.581+0000] {logging_mixin.py:117} INFO - [2022-10-09T07:10:48.581+0000] {dag.py:2573} INFO - Sync 1 DAGs
[2022-10-09T07:10:48.599+0000] {logging_mixin.py:117} INFO - [2022-10-09T07:10:48.599+0000] {dag.py:3328} INFO - Setting next_dagrun for example_local_kubernetes_executor to None, run_after=None
[2022-10-09T07:10:48.614+0000] {processor.py:178} INFO - Processing /home/airflow/.local/lib/python3.7/site-packages/airflow/example_dags/example_local_kubernetes_executor.py took 0.085 seconds
[2022-10-09T07:11:19.040+0000] {processor.py:156} INFO - Started process (PID=2479) to work on /home/airflow/.local/lib/python3.7/site-packages/airflow/example_dags/example_local_kubernetes_executor.py
[2022-10-09T07:11:19.042+0000] {processor.py:758} INFO - Processing file /home/airflow/.local/lib/python3.7/site-packages/airflow/example_dags/example_local_kubernetes_executor.py for tasks to queue
[2022-10-09T07:11:19.043+0000] {logging_mixin.py:117} INFO - [2022-10-09T07:11:19.043+0000] {dagbag.py:525} INFO - Filling up the DagBag from /home/airflow/.local/lib/python3.7/site-packages/airflow/example_dags/example_local_kubernetes_executor.py
[2022-10-09T07:11:19.056+0000] {processor.py:768} INFO - DAG(s) dict_keys(['example_local_kubernetes_executor']) retrieved from /home/airflow/.local/lib/python3.7/site-packages/airflow/example_dags/example_local_kubernetes_executor.py
[2022-10-09T07:11:19.081+0000] {logging_mixin.py:117} INFO - [2022-10-09T07:11:19.081+0000] {dag.py:2573} INFO - Sync 1 DAGs
[2022-10-09T07:11:19.096+0000] {logging_mixin.py:117} INFO - [2022-10-09T07:11:19.096+0000] {dag.py:3328} INFO - Setting next_dagrun for example_local_kubernetes_executor to None, run_after=None
[2022-10-09T07:11:19.107+0000] {processor.py:178} INFO - Processing /home/airflow/.local/lib/python3.7/site-packages/airflow/example_dags/example_local_kubernetes_executor.py took 0.070 seconds
[2022-10-09T07:11:49.546+0000] {processor.py:156} INFO - Started process (PID=2542) to work on /home/airflow/.local/lib/python3.7/site-packages/airflow/example_dags/example_local_kubernetes_executor.py
[2022-10-09T07:11:49.548+0000] {processor.py:758} INFO - Processing file /home/airflow/.local/lib/python3.7/site-packages/airflow/example_dags/example_local_kubernetes_executor.py for tasks to queue
[2022-10-09T07:11:49.549+0000] {logging_mixin.py:117} INFO - [2022-10-09T07:11:49.549+0000] {dagbag.py:525} INFO - Filling up the DagBag from /home/airflow/.local/lib/python3.7/site-packages/airflow/example_dags/example_local_kubernetes_executor.py
[2022-10-09T07:11:49.563+0000] {processor.py:768} INFO - DAG(s) dict_keys(['example_local_kubernetes_executor']) retrieved from /home/airflow/.local/lib/python3.7/site-packages/airflow/example_dags/example_local_kubernetes_executor.py
[2022-10-09T07:11:49.588+0000] {logging_mixin.py:117} INFO - [2022-10-09T07:11:49.588+0000] {dag.py:2573} INFO - Sync 1 DAGs
[2022-10-09T07:11:49.602+0000] {logging_mixin.py:117} INFO - [2022-10-09T07:11:49.602+0000] {dag.py:3328} INFO - Setting next_dagrun for example_local_kubernetes_executor to None, run_after=None
[2022-10-09T07:11:49.614+0000] {processor.py:178} INFO - Processing /home/airflow/.local/lib/python3.7/site-packages/airflow/example_dags/example_local_kubernetes_executor.py took 0.070 seconds
[2022-10-09T07:12:20.733+0000] {processor.py:156} INFO - Started process (PID=2605) to work on /home/airflow/.local/lib/python3.7/site-packages/airflow/example_dags/example_local_kubernetes_executor.py
[2022-10-09T07:12:20.735+0000] {processor.py:758} INFO - Processing file /home/airflow/.local/lib/python3.7/site-packages/airflow/example_dags/example_local_kubernetes_executor.py for tasks to queue
[2022-10-09T07:12:20.736+0000] {logging_mixin.py:117} INFO - [2022-10-09T07:12:20.736+0000] {dagbag.py:525} INFO - Filling up the DagBag from /home/airflow/.local/lib/python3.7/site-packages/airflow/example_dags/example_local_kubernetes_executor.py
[2022-10-09T07:12:20.749+0000] {processor.py:768} INFO - DAG(s) dict_keys(['example_local_kubernetes_executor']) retrieved from /home/airflow/.local/lib/python3.7/site-packages/airflow/example_dags/example_local_kubernetes_executor.py
[2022-10-09T07:12:20.772+0000] {logging_mixin.py:117} INFO - [2022-10-09T07:12:20.772+0000] {dag.py:2573} INFO - Sync 1 DAGs
[2022-10-09T07:12:20.785+0000] {logging_mixin.py:117} INFO - [2022-10-09T07:12:20.784+0000] {dag.py:3328} INFO - Setting next_dagrun for example_local_kubernetes_executor to None, run_after=None
[2022-10-09T07:12:20.795+0000] {processor.py:178} INFO - Processing /home/airflow/.local/lib/python3.7/site-packages/airflow/example_dags/example_local_kubernetes_executor.py took 0.064 seconds
[2022-10-09T07:12:51.062+0000] {processor.py:156} INFO - Started process (PID=2668) to work on /home/airflow/.local/lib/python3.7/site-packages/airflow/example_dags/example_local_kubernetes_executor.py
[2022-10-09T07:12:51.063+0000] {processor.py:758} INFO - Processing file /home/airflow/.local/lib/python3.7/site-packages/airflow/example_dags/example_local_kubernetes_executor.py for tasks to queue
[2022-10-09T07:12:51.064+0000] {logging_mixin.py:117} INFO - [2022-10-09T07:12:51.064+0000] {dagbag.py:525} INFO - Filling up the DagBag from /home/airflow/.local/lib/python3.7/site-packages/airflow/example_dags/example_local_kubernetes_executor.py
[2022-10-09T07:12:51.079+0000] {processor.py:768} INFO - DAG(s) dict_keys(['example_local_kubernetes_executor']) retrieved from /home/airflow/.local/lib/python3.7/site-packages/airflow/example_dags/example_local_kubernetes_executor.py
[2022-10-09T07:12:51.103+0000] {logging_mixin.py:117} INFO - [2022-10-09T07:12:51.103+0000] {dag.py:2573} INFO - Sync 1 DAGs
[2022-10-09T07:12:51.118+0000] {logging_mixin.py:117} INFO - [2022-10-09T07:12:51.118+0000] {dag.py:3328} INFO - Setting next_dagrun for example_local_kubernetes_executor to None, run_after=None
[2022-10-09T07:12:51.130+0000] {processor.py:178} INFO - Processing /home/airflow/.local/lib/python3.7/site-packages/airflow/example_dags/example_local_kubernetes_executor.py took 0.071 seconds
[2022-10-09T07:13:21.517+0000] {processor.py:156} INFO - Started process (PID=2732) to work on /home/airflow/.local/lib/python3.7/site-packages/airflow/example_dags/example_local_kubernetes_executor.py
[2022-10-09T07:13:21.518+0000] {processor.py:758} INFO - Processing file /home/airflow/.local/lib/python3.7/site-packages/airflow/example_dags/example_local_kubernetes_executor.py for tasks to queue
[2022-10-09T07:13:21.522+0000] {logging_mixin.py:117} INFO - [2022-10-09T07:13:21.522+0000] {dagbag.py:525} INFO - Filling up the DagBag from /home/airflow/.local/lib/python3.7/site-packages/airflow/example_dags/example_local_kubernetes_executor.py
[2022-10-09T07:13:21.543+0000] {processor.py:768} INFO - DAG(s) dict_keys(['example_local_kubernetes_executor']) retrieved from /home/airflow/.local/lib/python3.7/site-packages/airflow/example_dags/example_local_kubernetes_executor.py
[2022-10-09T07:13:21.572+0000] {logging_mixin.py:117} INFO - [2022-10-09T07:13:21.572+0000] {dag.py:2573} INFO - Sync 1 DAGs
[2022-10-09T07:13:21.591+0000] {logging_mixin.py:117} INFO - [2022-10-09T07:13:21.591+0000] {dag.py:3328} INFO - Setting next_dagrun for example_local_kubernetes_executor to None, run_after=None
[2022-10-09T07:13:21.608+0000] {processor.py:178} INFO - Processing /home/airflow/.local/lib/python3.7/site-packages/airflow/example_dags/example_local_kubernetes_executor.py took 0.094 seconds
[2022-10-09T07:13:51.885+0000] {processor.py:156} INFO - Started process (PID=2785) to work on /home/airflow/.local/lib/python3.7/site-packages/airflow/example_dags/example_local_kubernetes_executor.py
[2022-10-09T07:13:51.886+0000] {processor.py:758} INFO - Processing file /home/airflow/.local/lib/python3.7/site-packages/airflow/example_dags/example_local_kubernetes_executor.py for tasks to queue
[2022-10-09T07:13:51.887+0000] {logging_mixin.py:117} INFO - [2022-10-09T07:13:51.887+0000] {dagbag.py:525} INFO - Filling up the DagBag from /home/airflow/.local/lib/python3.7/site-packages/airflow/example_dags/example_local_kubernetes_executor.py
[2022-10-09T07:13:51.904+0000] {processor.py:768} INFO - DAG(s) dict_keys(['example_local_kubernetes_executor']) retrieved from /home/airflow/.local/lib/python3.7/site-packages/airflow/example_dags/example_local_kubernetes_executor.py
[2022-10-09T07:13:51.930+0000] {logging_mixin.py:117} INFO - [2022-10-09T07:13:51.929+0000] {dag.py:2573} INFO - Sync 1 DAGs
[2022-10-09T07:13:51.944+0000] {logging_mixin.py:117} INFO - [2022-10-09T07:13:51.944+0000] {dag.py:3328} INFO - Setting next_dagrun for example_local_kubernetes_executor to None, run_after=None
[2022-10-09T07:13:51.957+0000] {processor.py:178} INFO - Processing /home/airflow/.local/lib/python3.7/site-packages/airflow/example_dags/example_local_kubernetes_executor.py took 0.074 seconds
[2022-10-09T07:14:22.444+0000] {processor.py:156} INFO - Started process (PID=2847) to work on /home/airflow/.local/lib/python3.7/site-packages/airflow/example_dags/example_local_kubernetes_executor.py
[2022-10-09T07:14:22.446+0000] {processor.py:758} INFO - Processing file /home/airflow/.local/lib/python3.7/site-packages/airflow/example_dags/example_local_kubernetes_executor.py for tasks to queue
[2022-10-09T07:14:22.448+0000] {logging_mixin.py:117} INFO - [2022-10-09T07:14:22.448+0000] {dagbag.py:525} INFO - Filling up the DagBag from /home/airflow/.local/lib/python3.7/site-packages/airflow/example_dags/example_local_kubernetes_executor.py
[2022-10-09T07:14:22.474+0000] {processor.py:768} INFO - DAG(s) dict_keys(['example_local_kubernetes_executor']) retrieved from /home/airflow/.local/lib/python3.7/site-packages/airflow/example_dags/example_local_kubernetes_executor.py
[2022-10-09T07:14:22.515+0000] {logging_mixin.py:117} INFO - [2022-10-09T07:14:22.515+0000] {dag.py:2573} INFO - Sync 1 DAGs
[2022-10-09T07:14:22.534+0000] {logging_mixin.py:117} INFO - [2022-10-09T07:14:22.534+0000] {dag.py:3328} INFO - Setting next_dagrun for example_local_kubernetes_executor to None, run_after=None
[2022-10-09T07:14:22.549+0000] {processor.py:178} INFO - Processing /home/airflow/.local/lib/python3.7/site-packages/airflow/example_dags/example_local_kubernetes_executor.py took 0.107 seconds
[2022-10-09T07:14:52.789+0000] {processor.py:156} INFO - Started process (PID=2911) to work on /home/airflow/.local/lib/python3.7/site-packages/airflow/example_dags/example_local_kubernetes_executor.py
[2022-10-09T07:14:52.790+0000] {processor.py:758} INFO - Processing file /home/airflow/.local/lib/python3.7/site-packages/airflow/example_dags/example_local_kubernetes_executor.py for tasks to queue
[2022-10-09T07:14:52.791+0000] {logging_mixin.py:117} INFO - [2022-10-09T07:14:52.791+0000] {dagbag.py:525} INFO - Filling up the DagBag from /home/airflow/.local/lib/python3.7/site-packages/airflow/example_dags/example_local_kubernetes_executor.py
[2022-10-09T07:14:52.806+0000] {processor.py:768} INFO - DAG(s) dict_keys(['example_local_kubernetes_executor']) retrieved from /home/airflow/.local/lib/python3.7/site-packages/airflow/example_dags/example_local_kubernetes_executor.py
[2022-10-09T07:14:52.837+0000] {logging_mixin.py:117} INFO - [2022-10-09T07:14:52.837+0000] {dag.py:2573} INFO - Sync 1 DAGs
[2022-10-09T07:14:52.854+0000] {logging_mixin.py:117} INFO - [2022-10-09T07:14:52.854+0000] {dag.py:3328} INFO - Setting next_dagrun for example_local_kubernetes_executor to None, run_after=None
[2022-10-09T07:14:52.866+0000] {processor.py:178} INFO - Processing /home/airflow/.local/lib/python3.7/site-packages/airflow/example_dags/example_local_kubernetes_executor.py took 0.079 seconds
[2022-10-09T07:15:22.962+0000] {processor.py:156} INFO - Started process (PID=2974) to work on /home/airflow/.local/lib/python3.7/site-packages/airflow/example_dags/example_local_kubernetes_executor.py
[2022-10-09T07:15:22.964+0000] {processor.py:758} INFO - Processing file /home/airflow/.local/lib/python3.7/site-packages/airflow/example_dags/example_local_kubernetes_executor.py for tasks to queue
[2022-10-09T07:15:22.965+0000] {logging_mixin.py:117} INFO - [2022-10-09T07:15:22.965+0000] {dagbag.py:525} INFO - Filling up the DagBag from /home/airflow/.local/lib/python3.7/site-packages/airflow/example_dags/example_local_kubernetes_executor.py
[2022-10-09T07:15:22.981+0000] {processor.py:768} INFO - DAG(s) dict_keys(['example_local_kubernetes_executor']) retrieved from /home/airflow/.local/lib/python3.7/site-packages/airflow/example_dags/example_local_kubernetes_executor.py
[2022-10-09T07:15:23.009+0000] {logging_mixin.py:117} INFO - [2022-10-09T07:15:23.009+0000] {dag.py:2573} INFO - Sync 1 DAGs
[2022-10-09T07:15:23.031+0000] {logging_mixin.py:117} INFO - [2022-10-09T07:15:23.031+0000] {dag.py:3328} INFO - Setting next_dagrun for example_local_kubernetes_executor to None, run_after=None
[2022-10-09T07:15:23.051+0000] {processor.py:178} INFO - Processing /home/airflow/.local/lib/python3.7/site-packages/airflow/example_dags/example_local_kubernetes_executor.py took 0.091 seconds
[2022-10-09T07:15:53.366+0000] {processor.py:156} INFO - Started process (PID=3037) to work on /home/airflow/.local/lib/python3.7/site-packages/airflow/example_dags/example_local_kubernetes_executor.py
[2022-10-09T07:15:53.367+0000] {processor.py:758} INFO - Processing file /home/airflow/.local/lib/python3.7/site-packages/airflow/example_dags/example_local_kubernetes_executor.py for tasks to queue
[2022-10-09T07:15:53.368+0000] {logging_mixin.py:117} INFO - [2022-10-09T07:15:53.368+0000] {dagbag.py:525} INFO - Filling up the DagBag from /home/airflow/.local/lib/python3.7/site-packages/airflow/example_dags/example_local_kubernetes_executor.py
[2022-10-09T07:15:53.382+0000] {processor.py:768} INFO - DAG(s) dict_keys(['example_local_kubernetes_executor']) retrieved from /home/airflow/.local/lib/python3.7/site-packages/airflow/example_dags/example_local_kubernetes_executor.py
[2022-10-09T07:15:53.405+0000] {logging_mixin.py:117} INFO - [2022-10-09T07:15:53.405+0000] {dag.py:2573} INFO - Sync 1 DAGs
[2022-10-09T07:15:53.418+0000] {logging_mixin.py:117} INFO - [2022-10-09T07:15:53.418+0000] {dag.py:3328} INFO - Setting next_dagrun for example_local_kubernetes_executor to None, run_after=None
[2022-10-09T07:15:53.430+0000] {processor.py:178} INFO - Processing /home/airflow/.local/lib/python3.7/site-packages/airflow/example_dags/example_local_kubernetes_executor.py took 0.067 seconds
[2022-10-09T07:16:23.682+0000] {processor.py:156} INFO - Started process (PID=3091) to work on /home/airflow/.local/lib/python3.7/site-packages/airflow/example_dags/example_local_kubernetes_executor.py
[2022-10-09T07:16:23.684+0000] {processor.py:758} INFO - Processing file /home/airflow/.local/lib/python3.7/site-packages/airflow/example_dags/example_local_kubernetes_executor.py for tasks to queue
[2022-10-09T07:16:23.685+0000] {logging_mixin.py:117} INFO - [2022-10-09T07:16:23.685+0000] {dagbag.py:525} INFO - Filling up the DagBag from /home/airflow/.local/lib/python3.7/site-packages/airflow/example_dags/example_local_kubernetes_executor.py
[2022-10-09T07:16:23.699+0000] {processor.py:768} INFO - DAG(s) dict_keys(['example_local_kubernetes_executor']) retrieved from /home/airflow/.local/lib/python3.7/site-packages/airflow/example_dags/example_local_kubernetes_executor.py
[2022-10-09T07:16:23.722+0000] {logging_mixin.py:117} INFO - [2022-10-09T07:16:23.722+0000] {dag.py:2573} INFO - Sync 1 DAGs
[2022-10-09T07:16:23.736+0000] {logging_mixin.py:117} INFO - [2022-10-09T07:16:23.736+0000] {dag.py:3328} INFO - Setting next_dagrun for example_local_kubernetes_executor to None, run_after=None
[2022-10-09T07:16:23.748+0000] {processor.py:178} INFO - Processing /home/airflow/.local/lib/python3.7/site-packages/airflow/example_dags/example_local_kubernetes_executor.py took 0.068 seconds
[2022-10-09T07:16:53.989+0000] {processor.py:156} INFO - Started process (PID=3153) to work on /home/airflow/.local/lib/python3.7/site-packages/airflow/example_dags/example_local_kubernetes_executor.py
[2022-10-09T07:16:53.992+0000] {processor.py:758} INFO - Processing file /home/airflow/.local/lib/python3.7/site-packages/airflow/example_dags/example_local_kubernetes_executor.py for tasks to queue
[2022-10-09T07:16:53.993+0000] {logging_mixin.py:117} INFO - [2022-10-09T07:16:53.993+0000] {dagbag.py:525} INFO - Filling up the DagBag from /home/airflow/.local/lib/python3.7/site-packages/airflow/example_dags/example_local_kubernetes_executor.py
[2022-10-09T07:16:54.006+0000] {processor.py:768} INFO - DAG(s) dict_keys(['example_local_kubernetes_executor']) retrieved from /home/airflow/.local/lib/python3.7/site-packages/airflow/example_dags/example_local_kubernetes_executor.py
[2022-10-09T07:16:54.029+0000] {logging_mixin.py:117} INFO - [2022-10-09T07:16:54.029+0000] {dag.py:2573} INFO - Sync 1 DAGs
[2022-10-09T07:16:54.042+0000] {logging_mixin.py:117} INFO - [2022-10-09T07:16:54.042+0000] {dag.py:3328} INFO - Setting next_dagrun for example_local_kubernetes_executor to None, run_after=None
[2022-10-09T07:16:54.053+0000] {processor.py:178} INFO - Processing /home/airflow/.local/lib/python3.7/site-packages/airflow/example_dags/example_local_kubernetes_executor.py took 0.066 seconds
[2022-10-09T07:17:24.244+0000] {processor.py:156} INFO - Started process (PID=3216) to work on /home/airflow/.local/lib/python3.7/site-packages/airflow/example_dags/example_local_kubernetes_executor.py
[2022-10-09T07:17:24.245+0000] {processor.py:758} INFO - Processing file /home/airflow/.local/lib/python3.7/site-packages/airflow/example_dags/example_local_kubernetes_executor.py for tasks to queue
[2022-10-09T07:17:24.246+0000] {logging_mixin.py:117} INFO - [2022-10-09T07:17:24.246+0000] {dagbag.py:525} INFO - Filling up the DagBag from /home/airflow/.local/lib/python3.7/site-packages/airflow/example_dags/example_local_kubernetes_executor.py
[2022-10-09T07:17:24.262+0000] {processor.py:768} INFO - DAG(s) dict_keys(['example_local_kubernetes_executor']) retrieved from /home/airflow/.local/lib/python3.7/site-packages/airflow/example_dags/example_local_kubernetes_executor.py
[2022-10-09T07:17:24.291+0000] {logging_mixin.py:117} INFO - [2022-10-09T07:17:24.291+0000] {dag.py:2573} INFO - Sync 1 DAGs
[2022-10-09T07:17:24.313+0000] {logging_mixin.py:117} INFO - [2022-10-09T07:17:24.312+0000] {dag.py:3328} INFO - Setting next_dagrun for example_local_kubernetes_executor to None, run_after=None
[2022-10-09T07:17:24.330+0000] {processor.py:178} INFO - Processing /home/airflow/.local/lib/python3.7/site-packages/airflow/example_dags/example_local_kubernetes_executor.py took 0.088 seconds
[2022-10-09T07:17:55.065+0000] {processor.py:156} INFO - Started process (PID=3277) to work on /home/airflow/.local/lib/python3.7/site-packages/airflow/example_dags/example_local_kubernetes_executor.py
[2022-10-09T07:17:55.066+0000] {processor.py:758} INFO - Processing file /home/airflow/.local/lib/python3.7/site-packages/airflow/example_dags/example_local_kubernetes_executor.py for tasks to queue
[2022-10-09T07:17:55.067+0000] {logging_mixin.py:117} INFO - [2022-10-09T07:17:55.067+0000] {dagbag.py:525} INFO - Filling up the DagBag from /home/airflow/.local/lib/python3.7/site-packages/airflow/example_dags/example_local_kubernetes_executor.py
[2022-10-09T07:17:55.082+0000] {processor.py:768} INFO - DAG(s) dict_keys(['example_local_kubernetes_executor']) retrieved from /home/airflow/.local/lib/python3.7/site-packages/airflow/example_dags/example_local_kubernetes_executor.py
[2022-10-09T07:17:55.106+0000] {logging_mixin.py:117} INFO - [2022-10-09T07:17:55.106+0000] {dag.py:2573} INFO - Sync 1 DAGs
[2022-10-09T07:17:55.120+0000] {logging_mixin.py:117} INFO - [2022-10-09T07:17:55.120+0000] {dag.py:3328} INFO - Setting next_dagrun for example_local_kubernetes_executor to None, run_after=None
[2022-10-09T07:17:55.131+0000] {processor.py:178} INFO - Processing /home/airflow/.local/lib/python3.7/site-packages/airflow/example_dags/example_local_kubernetes_executor.py took 0.069 seconds
[2022-10-09T07:18:25.288+0000] {processor.py:156} INFO - Started process (PID=3340) to work on /home/airflow/.local/lib/python3.7/site-packages/airflow/example_dags/example_local_kubernetes_executor.py
[2022-10-09T07:18:25.289+0000] {processor.py:758} INFO - Processing file /home/airflow/.local/lib/python3.7/site-packages/airflow/example_dags/example_local_kubernetes_executor.py for tasks to queue
[2022-10-09T07:18:25.290+0000] {logging_mixin.py:117} INFO - [2022-10-09T07:18:25.290+0000] {dagbag.py:525} INFO - Filling up the DagBag from /home/airflow/.local/lib/python3.7/site-packages/airflow/example_dags/example_local_kubernetes_executor.py
[2022-10-09T07:18:25.303+0000] {processor.py:768} INFO - DAG(s) dict_keys(['example_local_kubernetes_executor']) retrieved from /home/airflow/.local/lib/python3.7/site-packages/airflow/example_dags/example_local_kubernetes_executor.py
[2022-10-09T07:18:25.326+0000] {logging_mixin.py:117} INFO - [2022-10-09T07:18:25.326+0000] {dag.py:2573} INFO - Sync 1 DAGs
[2022-10-09T07:18:25.339+0000] {logging_mixin.py:117} INFO - [2022-10-09T07:18:25.339+0000] {dag.py:3328} INFO - Setting next_dagrun for example_local_kubernetes_executor to None, run_after=None
[2022-10-09T07:18:25.352+0000] {processor.py:178} INFO - Processing /home/airflow/.local/lib/python3.7/site-packages/airflow/example_dags/example_local_kubernetes_executor.py took 0.066 seconds
[2022-10-09T07:18:55.767+0000] {processor.py:156} INFO - Started process (PID=3400) to work on /home/airflow/.local/lib/python3.7/site-packages/airflow/example_dags/example_local_kubernetes_executor.py
[2022-10-09T07:18:55.769+0000] {processor.py:758} INFO - Processing file /home/airflow/.local/lib/python3.7/site-packages/airflow/example_dags/example_local_kubernetes_executor.py for tasks to queue
[2022-10-09T07:18:55.771+0000] {logging_mixin.py:117} INFO - [2022-10-09T07:18:55.771+0000] {dagbag.py:525} INFO - Filling up the DagBag from /home/airflow/.local/lib/python3.7/site-packages/airflow/example_dags/example_local_kubernetes_executor.py
[2022-10-09T07:18:55.790+0000] {processor.py:768} INFO - DAG(s) dict_keys(['example_local_kubernetes_executor']) retrieved from /home/airflow/.local/lib/python3.7/site-packages/airflow/example_dags/example_local_kubernetes_executor.py
[2022-10-09T07:18:55.817+0000] {logging_mixin.py:117} INFO - [2022-10-09T07:18:55.817+0000] {dag.py:2573} INFO - Sync 1 DAGs
[2022-10-09T07:18:55.837+0000] {logging_mixin.py:117} INFO - [2022-10-09T07:18:55.836+0000] {dag.py:3328} INFO - Setting next_dagrun for example_local_kubernetes_executor to None, run_after=None
[2022-10-09T07:18:55.850+0000] {processor.py:178} INFO - Processing /home/airflow/.local/lib/python3.7/site-packages/airflow/example_dags/example_local_kubernetes_executor.py took 0.093 seconds
[2022-10-09T07:19:25.912+0000] {processor.py:156} INFO - Started process (PID=3456) to work on /home/airflow/.local/lib/python3.7/site-packages/airflow/example_dags/example_local_kubernetes_executor.py
[2022-10-09T07:19:25.914+0000] {processor.py:758} INFO - Processing file /home/airflow/.local/lib/python3.7/site-packages/airflow/example_dags/example_local_kubernetes_executor.py for tasks to queue
[2022-10-09T07:19:25.915+0000] {logging_mixin.py:117} INFO - [2022-10-09T07:19:25.915+0000] {dagbag.py:525} INFO - Filling up the DagBag from /home/airflow/.local/lib/python3.7/site-packages/airflow/example_dags/example_local_kubernetes_executor.py
[2022-10-09T07:19:25.929+0000] {processor.py:768} INFO - DAG(s) dict_keys(['example_local_kubernetes_executor']) retrieved from /home/airflow/.local/lib/python3.7/site-packages/airflow/example_dags/example_local_kubernetes_executor.py
[2022-10-09T07:19:25.951+0000] {logging_mixin.py:117} INFO - [2022-10-09T07:19:25.951+0000] {dag.py:2573} INFO - Sync 1 DAGs
[2022-10-09T07:19:25.964+0000] {logging_mixin.py:117} INFO - [2022-10-09T07:19:25.964+0000] {dag.py:3328} INFO - Setting next_dagrun for example_local_kubernetes_executor to None, run_after=None
[2022-10-09T07:19:25.975+0000] {processor.py:178} INFO - Processing /home/airflow/.local/lib/python3.7/site-packages/airflow/example_dags/example_local_kubernetes_executor.py took 0.065 seconds
[2022-10-09T07:19:56.191+0000] {processor.py:156} INFO - Started process (PID=3520) to work on /home/airflow/.local/lib/python3.7/site-packages/airflow/example_dags/example_local_kubernetes_executor.py
[2022-10-09T07:19:56.194+0000] {processor.py:758} INFO - Processing file /home/airflow/.local/lib/python3.7/site-packages/airflow/example_dags/example_local_kubernetes_executor.py for tasks to queue
[2022-10-09T07:19:56.196+0000] {logging_mixin.py:117} INFO - [2022-10-09T07:19:56.195+0000] {dagbag.py:525} INFO - Filling up the DagBag from /home/airflow/.local/lib/python3.7/site-packages/airflow/example_dags/example_local_kubernetes_executor.py
[2022-10-09T07:19:56.211+0000] {processor.py:768} INFO - DAG(s) dict_keys(['example_local_kubernetes_executor']) retrieved from /home/airflow/.local/lib/python3.7/site-packages/airflow/example_dags/example_local_kubernetes_executor.py
[2022-10-09T07:19:56.244+0000] {logging_mixin.py:117} INFO - [2022-10-09T07:19:56.244+0000] {dag.py:2573} INFO - Sync 1 DAGs
[2022-10-09T07:19:56.259+0000] {logging_mixin.py:117} INFO - [2022-10-09T07:19:56.259+0000] {dag.py:3328} INFO - Setting next_dagrun for example_local_kubernetes_executor to None, run_after=None
[2022-10-09T07:19:56.270+0000] {processor.py:178} INFO - Processing /home/airflow/.local/lib/python3.7/site-packages/airflow/example_dags/example_local_kubernetes_executor.py took 0.082 seconds
[2022-10-09T07:20:26.727+0000] {processor.py:156} INFO - Started process (PID=3583) to work on /home/airflow/.local/lib/python3.7/site-packages/airflow/example_dags/example_local_kubernetes_executor.py
[2022-10-09T07:20:26.729+0000] {processor.py:758} INFO - Processing file /home/airflow/.local/lib/python3.7/site-packages/airflow/example_dags/example_local_kubernetes_executor.py for tasks to queue
[2022-10-09T07:20:26.731+0000] {logging_mixin.py:117} INFO - [2022-10-09T07:20:26.731+0000] {dagbag.py:525} INFO - Filling up the DagBag from /home/airflow/.local/lib/python3.7/site-packages/airflow/example_dags/example_local_kubernetes_executor.py
[2022-10-09T07:20:26.745+0000] {processor.py:768} INFO - DAG(s) dict_keys(['example_local_kubernetes_executor']) retrieved from /home/airflow/.local/lib/python3.7/site-packages/airflow/example_dags/example_local_kubernetes_executor.py
[2022-10-09T07:20:26.769+0000] {logging_mixin.py:117} INFO - [2022-10-09T07:20:26.769+0000] {dag.py:2573} INFO - Sync 1 DAGs
[2022-10-09T07:20:26.783+0000] {logging_mixin.py:117} INFO - [2022-10-09T07:20:26.783+0000] {dag.py:3328} INFO - Setting next_dagrun for example_local_kubernetes_executor to None, run_after=None
[2022-10-09T07:20:26.794+0000] {processor.py:178} INFO - Processing /home/airflow/.local/lib/python3.7/site-packages/airflow/example_dags/example_local_kubernetes_executor.py took 0.069 seconds
[2022-10-09T07:20:57.494+0000] {processor.py:156} INFO - Started process (PID=3646) to work on /home/airflow/.local/lib/python3.7/site-packages/airflow/example_dags/example_local_kubernetes_executor.py
[2022-10-09T07:20:57.495+0000] {processor.py:758} INFO - Processing file /home/airflow/.local/lib/python3.7/site-packages/airflow/example_dags/example_local_kubernetes_executor.py for tasks to queue
[2022-10-09T07:20:57.496+0000] {logging_mixin.py:117} INFO - [2022-10-09T07:20:57.496+0000] {dagbag.py:525} INFO - Filling up the DagBag from /home/airflow/.local/lib/python3.7/site-packages/airflow/example_dags/example_local_kubernetes_executor.py
[2022-10-09T07:20:57.509+0000] {processor.py:768} INFO - DAG(s) dict_keys(['example_local_kubernetes_executor']) retrieved from /home/airflow/.local/lib/python3.7/site-packages/airflow/example_dags/example_local_kubernetes_executor.py
[2022-10-09T07:20:57.533+0000] {logging_mixin.py:117} INFO - [2022-10-09T07:20:57.533+0000] {dag.py:2573} INFO - Sync 1 DAGs
[2022-10-09T07:20:57.547+0000] {logging_mixin.py:117} INFO - [2022-10-09T07:20:57.547+0000] {dag.py:3328} INFO - Setting next_dagrun for example_local_kubernetes_executor to None, run_after=None
[2022-10-09T07:20:57.558+0000] {processor.py:178} INFO - Processing /home/airflow/.local/lib/python3.7/site-packages/airflow/example_dags/example_local_kubernetes_executor.py took 0.066 seconds
[2022-10-09T07:21:27.793+0000] {processor.py:156} INFO - Started process (PID=3700) to work on /home/airflow/.local/lib/python3.7/site-packages/airflow/example_dags/example_local_kubernetes_executor.py
[2022-10-09T07:21:27.794+0000] {processor.py:758} INFO - Processing file /home/airflow/.local/lib/python3.7/site-packages/airflow/example_dags/example_local_kubernetes_executor.py for tasks to queue
[2022-10-09T07:21:27.795+0000] {logging_mixin.py:117} INFO - [2022-10-09T07:21:27.795+0000] {dagbag.py:525} INFO - Filling up the DagBag from /home/airflow/.local/lib/python3.7/site-packages/airflow/example_dags/example_local_kubernetes_executor.py
[2022-10-09T07:21:27.810+0000] {processor.py:768} INFO - DAG(s) dict_keys(['example_local_kubernetes_executor']) retrieved from /home/airflow/.local/lib/python3.7/site-packages/airflow/example_dags/example_local_kubernetes_executor.py
[2022-10-09T07:21:27.835+0000] {logging_mixin.py:117} INFO - [2022-10-09T07:21:27.835+0000] {dag.py:2573} INFO - Sync 1 DAGs
[2022-10-09T07:21:27.851+0000] {logging_mixin.py:117} INFO - [2022-10-09T07:21:27.851+0000] {dag.py:3328} INFO - Setting next_dagrun for example_local_kubernetes_executor to None, run_after=None
[2022-10-09T07:21:27.862+0000] {processor.py:178} INFO - Processing /home/airflow/.local/lib/python3.7/site-packages/airflow/example_dags/example_local_kubernetes_executor.py took 0.071 seconds
[2022-10-09T07:21:58.228+0000] {processor.py:156} INFO - Started process (PID=3761) to work on /home/airflow/.local/lib/python3.7/site-packages/airflow/example_dags/example_local_kubernetes_executor.py
[2022-10-09T07:21:58.229+0000] {processor.py:758} INFO - Processing file /home/airflow/.local/lib/python3.7/site-packages/airflow/example_dags/example_local_kubernetes_executor.py for tasks to queue
[2022-10-09T07:21:58.230+0000] {logging_mixin.py:117} INFO - [2022-10-09T07:21:58.230+0000] {dagbag.py:525} INFO - Filling up the DagBag from /home/airflow/.local/lib/python3.7/site-packages/airflow/example_dags/example_local_kubernetes_executor.py
[2022-10-09T07:21:58.244+0000] {processor.py:768} INFO - DAG(s) dict_keys(['example_local_kubernetes_executor']) retrieved from /home/airflow/.local/lib/python3.7/site-packages/airflow/example_dags/example_local_kubernetes_executor.py
[2022-10-09T07:21:58.277+0000] {logging_mixin.py:117} INFO - [2022-10-09T07:21:58.277+0000] {dag.py:2573} INFO - Sync 1 DAGs
[2022-10-09T07:21:58.297+0000] {logging_mixin.py:117} INFO - [2022-10-09T07:21:58.297+0000] {dag.py:3328} INFO - Setting next_dagrun for example_local_kubernetes_executor to None, run_after=None
[2022-10-09T07:21:58.314+0000] {processor.py:178} INFO - Processing /home/airflow/.local/lib/python3.7/site-packages/airflow/example_dags/example_local_kubernetes_executor.py took 0.088 seconds
[2022-10-09T07:22:28.674+0000] {processor.py:156} INFO - Started process (PID=3824) to work on /home/airflow/.local/lib/python3.7/site-packages/airflow/example_dags/example_local_kubernetes_executor.py
[2022-10-09T07:22:28.675+0000] {processor.py:758} INFO - Processing file /home/airflow/.local/lib/python3.7/site-packages/airflow/example_dags/example_local_kubernetes_executor.py for tasks to queue
[2022-10-09T07:22:28.676+0000] {logging_mixin.py:117} INFO - [2022-10-09T07:22:28.676+0000] {dagbag.py:525} INFO - Filling up the DagBag from /home/airflow/.local/lib/python3.7/site-packages/airflow/example_dags/example_local_kubernetes_executor.py
[2022-10-09T07:22:28.690+0000] {processor.py:768} INFO - DAG(s) dict_keys(['example_local_kubernetes_executor']) retrieved from /home/airflow/.local/lib/python3.7/site-packages/airflow/example_dags/example_local_kubernetes_executor.py
[2022-10-09T07:22:28.716+0000] {logging_mixin.py:117} INFO - [2022-10-09T07:22:28.715+0000] {dag.py:2573} INFO - Sync 1 DAGs
[2022-10-09T07:22:28.731+0000] {logging_mixin.py:117} INFO - [2022-10-09T07:22:28.731+0000] {dag.py:3328} INFO - Setting next_dagrun for example_local_kubernetes_executor to None, run_after=None
[2022-10-09T07:22:28.742+0000] {processor.py:178} INFO - Processing /home/airflow/.local/lib/python3.7/site-packages/airflow/example_dags/example_local_kubernetes_executor.py took 0.071 seconds
[2022-10-09T07:22:58.883+0000] {processor.py:156} INFO - Started process (PID=3888) to work on /home/airflow/.local/lib/python3.7/site-packages/airflow/example_dags/example_local_kubernetes_executor.py
[2022-10-09T07:22:58.884+0000] {processor.py:758} INFO - Processing file /home/airflow/.local/lib/python3.7/site-packages/airflow/example_dags/example_local_kubernetes_executor.py for tasks to queue
[2022-10-09T07:22:58.885+0000] {logging_mixin.py:117} INFO - [2022-10-09T07:22:58.885+0000] {dagbag.py:525} INFO - Filling up the DagBag from /home/airflow/.local/lib/python3.7/site-packages/airflow/example_dags/example_local_kubernetes_executor.py
[2022-10-09T07:22:58.900+0000] {processor.py:768} INFO - DAG(s) dict_keys(['example_local_kubernetes_executor']) retrieved from /home/airflow/.local/lib/python3.7/site-packages/airflow/example_dags/example_local_kubernetes_executor.py
[2022-10-09T07:22:58.923+0000] {logging_mixin.py:117} INFO - [2022-10-09T07:22:58.923+0000] {dag.py:2573} INFO - Sync 1 DAGs
[2022-10-09T07:22:58.938+0000] {logging_mixin.py:117} INFO - [2022-10-09T07:22:58.938+0000] {dag.py:3328} INFO - Setting next_dagrun for example_local_kubernetes_executor to None, run_after=None
[2022-10-09T07:22:58.949+0000] {processor.py:178} INFO - Processing /home/airflow/.local/lib/python3.7/site-packages/airflow/example_dags/example_local_kubernetes_executor.py took 0.070 seconds
[2022-10-09T07:23:29.125+0000] {processor.py:156} INFO - Started process (PID=3951) to work on /home/airflow/.local/lib/python3.7/site-packages/airflow/example_dags/example_local_kubernetes_executor.py
[2022-10-09T07:23:29.127+0000] {processor.py:758} INFO - Processing file /home/airflow/.local/lib/python3.7/site-packages/airflow/example_dags/example_local_kubernetes_executor.py for tasks to queue
[2022-10-09T07:23:29.128+0000] {logging_mixin.py:117} INFO - [2022-10-09T07:23:29.128+0000] {dagbag.py:525} INFO - Filling up the DagBag from /home/airflow/.local/lib/python3.7/site-packages/airflow/example_dags/example_local_kubernetes_executor.py
[2022-10-09T07:23:29.151+0000] {processor.py:768} INFO - DAG(s) dict_keys(['example_local_kubernetes_executor']) retrieved from /home/airflow/.local/lib/python3.7/site-packages/airflow/example_dags/example_local_kubernetes_executor.py
[2022-10-09T07:23:29.189+0000] {logging_mixin.py:117} INFO - [2022-10-09T07:23:29.188+0000] {dag.py:2573} INFO - Sync 1 DAGs
[2022-10-09T07:23:29.214+0000] {logging_mixin.py:117} INFO - [2022-10-09T07:23:29.214+0000] {dag.py:3328} INFO - Setting next_dagrun for example_local_kubernetes_executor to None, run_after=None
[2022-10-09T07:23:29.227+0000] {processor.py:178} INFO - Processing /home/airflow/.local/lib/python3.7/site-packages/airflow/example_dags/example_local_kubernetes_executor.py took 0.105 seconds
[2022-10-09T07:23:59.519+0000] {processor.py:156} INFO - Started process (PID=4005) to work on /home/airflow/.local/lib/python3.7/site-packages/airflow/example_dags/example_local_kubernetes_executor.py
[2022-10-09T07:23:59.521+0000] {processor.py:758} INFO - Processing file /home/airflow/.local/lib/python3.7/site-packages/airflow/example_dags/example_local_kubernetes_executor.py for tasks to queue
[2022-10-09T07:23:59.522+0000] {logging_mixin.py:117} INFO - [2022-10-09T07:23:59.522+0000] {dagbag.py:525} INFO - Filling up the DagBag from /home/airflow/.local/lib/python3.7/site-packages/airflow/example_dags/example_local_kubernetes_executor.py
[2022-10-09T07:23:59.539+0000] {processor.py:768} INFO - DAG(s) dict_keys(['example_local_kubernetes_executor']) retrieved from /home/airflow/.local/lib/python3.7/site-packages/airflow/example_dags/example_local_kubernetes_executor.py
[2022-10-09T07:23:59.575+0000] {logging_mixin.py:117} INFO - [2022-10-09T07:23:59.574+0000] {dag.py:2573} INFO - Sync 1 DAGs
[2022-10-09T07:23:59.597+0000] {logging_mixin.py:117} INFO - [2022-10-09T07:23:59.597+0000] {dag.py:3328} INFO - Setting next_dagrun for example_local_kubernetes_executor to None, run_after=None
[2022-10-09T07:23:59.612+0000] {processor.py:178} INFO - Processing /home/airflow/.local/lib/python3.7/site-packages/airflow/example_dags/example_local_kubernetes_executor.py took 0.095 seconds
[2022-10-09T07:24:30.039+0000] {processor.py:156} INFO - Started process (PID=4071) to work on /home/airflow/.local/lib/python3.7/site-packages/airflow/example_dags/example_local_kubernetes_executor.py
[2022-10-09T07:24:30.042+0000] {processor.py:758} INFO - Processing file /home/airflow/.local/lib/python3.7/site-packages/airflow/example_dags/example_local_kubernetes_executor.py for tasks to queue
[2022-10-09T07:24:30.044+0000] {logging_mixin.py:117} INFO - [2022-10-09T07:24:30.043+0000] {dagbag.py:525} INFO - Filling up the DagBag from /home/airflow/.local/lib/python3.7/site-packages/airflow/example_dags/example_local_kubernetes_executor.py
[2022-10-09T07:24:30.064+0000] {processor.py:768} INFO - DAG(s) dict_keys(['example_local_kubernetes_executor']) retrieved from /home/airflow/.local/lib/python3.7/site-packages/airflow/example_dags/example_local_kubernetes_executor.py
[2022-10-09T07:24:30.095+0000] {logging_mixin.py:117} INFO - [2022-10-09T07:24:30.095+0000] {dag.py:2573} INFO - Sync 1 DAGs
[2022-10-09T07:24:30.112+0000] {logging_mixin.py:117} INFO - [2022-10-09T07:24:30.112+0000] {dag.py:3328} INFO - Setting next_dagrun for example_local_kubernetes_executor to None, run_after=None
[2022-10-09T07:24:30.125+0000] {processor.py:178} INFO - Processing /home/airflow/.local/lib/python3.7/site-packages/airflow/example_dags/example_local_kubernetes_executor.py took 0.091 seconds
