[2022-10-09T06:40:40.525+0000] {processor.py:156} INFO - Started process (PID=58) to work on /home/airflow/.local/lib/python3.7/site-packages/airflow/example_dags/example_branch_python_dop_operator_3.py
[2022-10-09T06:40:40.527+0000] {processor.py:758} INFO - Processing file /home/airflow/.local/lib/python3.7/site-packages/airflow/example_dags/example_branch_python_dop_operator_3.py for tasks to queue
[2022-10-09T06:40:40.529+0000] {logging_mixin.py:117} INFO - [2022-10-09T06:40:40.529+0000] {dagbag.py:525} INFO - Filling up the DagBag from /home/airflow/.local/lib/python3.7/site-packages/airflow/example_dags/example_branch_python_dop_operator_3.py
[2022-10-09T06:40:40.573+0000] {processor.py:768} INFO - DAG(s) dict_keys(['example_branch_dop_operator_v3']) retrieved from /home/airflow/.local/lib/python3.7/site-packages/airflow/example_dags/example_branch_python_dop_operator_3.py
[2022-10-09T06:40:40.623+0000] {logging_mixin.py:117} INFO - [2022-10-09T06:40:40.622+0000] {dag.py:2573} INFO - Sync 1 DAGs
[2022-10-09T06:40:40.669+0000] {logging_mixin.py:117} INFO - [2022-10-09T06:40:40.669+0000] {dag.py:3328} INFO - Setting next_dagrun for example_branch_dop_operator_v3 to 2022-10-09T06:39:00+00:00, run_after=2022-10-09T06:40:00+00:00
[2022-10-09T06:40:40.703+0000] {processor.py:178} INFO - Processing /home/airflow/.local/lib/python3.7/site-packages/airflow/example_dags/example_branch_python_dop_operator_3.py took 0.182 seconds
[2022-10-09T06:41:10.897+0000] {processor.py:156} INFO - Started process (PID=121) to work on /home/airflow/.local/lib/python3.7/site-packages/airflow/example_dags/example_branch_python_dop_operator_3.py
[2022-10-09T06:41:10.899+0000] {processor.py:758} INFO - Processing file /home/airflow/.local/lib/python3.7/site-packages/airflow/example_dags/example_branch_python_dop_operator_3.py for tasks to queue
[2022-10-09T06:41:10.900+0000] {logging_mixin.py:117} INFO - [2022-10-09T06:41:10.900+0000] {dagbag.py:525} INFO - Filling up the DagBag from /home/airflow/.local/lib/python3.7/site-packages/airflow/example_dags/example_branch_python_dop_operator_3.py
[2022-10-09T06:41:10.921+0000] {processor.py:768} INFO - DAG(s) dict_keys(['example_branch_dop_operator_v3']) retrieved from /home/airflow/.local/lib/python3.7/site-packages/airflow/example_dags/example_branch_python_dop_operator_3.py
[2022-10-09T06:41:10.951+0000] {logging_mixin.py:117} INFO - [2022-10-09T06:41:10.951+0000] {dag.py:2573} INFO - Sync 1 DAGs
[2022-10-09T06:41:10.969+0000] {logging_mixin.py:117} INFO - [2022-10-09T06:41:10.969+0000] {dag.py:3328} INFO - Setting next_dagrun for example_branch_dop_operator_v3 to 2022-10-09T06:40:00+00:00, run_after=2022-10-09T06:41:00+00:00
[2022-10-09T06:41:10.982+0000] {processor.py:178} INFO - Processing /home/airflow/.local/lib/python3.7/site-packages/airflow/example_dags/example_branch_python_dop_operator_3.py took 0.087 seconds
[2022-10-09T06:41:41.205+0000] {processor.py:156} INFO - Started process (PID=185) to work on /home/airflow/.local/lib/python3.7/site-packages/airflow/example_dags/example_branch_python_dop_operator_3.py
[2022-10-09T06:41:41.207+0000] {processor.py:758} INFO - Processing file /home/airflow/.local/lib/python3.7/site-packages/airflow/example_dags/example_branch_python_dop_operator_3.py for tasks to queue
[2022-10-09T06:41:41.208+0000] {logging_mixin.py:117} INFO - [2022-10-09T06:41:41.208+0000] {dagbag.py:525} INFO - Filling up the DagBag from /home/airflow/.local/lib/python3.7/site-packages/airflow/example_dags/example_branch_python_dop_operator_3.py
[2022-10-09T06:41:41.224+0000] {processor.py:768} INFO - DAG(s) dict_keys(['example_branch_dop_operator_v3']) retrieved from /home/airflow/.local/lib/python3.7/site-packages/airflow/example_dags/example_branch_python_dop_operator_3.py
[2022-10-09T06:41:41.251+0000] {logging_mixin.py:117} INFO - [2022-10-09T06:41:41.250+0000] {dag.py:2573} INFO - Sync 1 DAGs
[2022-10-09T06:41:41.269+0000] {logging_mixin.py:117} INFO - [2022-10-09T06:41:41.269+0000] {dag.py:3328} INFO - Setting next_dagrun for example_branch_dop_operator_v3 to 2022-10-09T06:40:00+00:00, run_after=2022-10-09T06:41:00+00:00
[2022-10-09T06:41:41.282+0000] {processor.py:178} INFO - Processing /home/airflow/.local/lib/python3.7/site-packages/airflow/example_dags/example_branch_python_dop_operator_3.py took 0.078 seconds
[2022-10-09T06:42:11.945+0000] {processor.py:156} INFO - Started process (PID=248) to work on /home/airflow/.local/lib/python3.7/site-packages/airflow/example_dags/example_branch_python_dop_operator_3.py
[2022-10-09T06:42:11.947+0000] {processor.py:758} INFO - Processing file /home/airflow/.local/lib/python3.7/site-packages/airflow/example_dags/example_branch_python_dop_operator_3.py for tasks to queue
[2022-10-09T06:42:11.948+0000] {logging_mixin.py:117} INFO - [2022-10-09T06:42:11.948+0000] {dagbag.py:525} INFO - Filling up the DagBag from /home/airflow/.local/lib/python3.7/site-packages/airflow/example_dags/example_branch_python_dop_operator_3.py
[2022-10-09T06:42:11.962+0000] {processor.py:768} INFO - DAG(s) dict_keys(['example_branch_dop_operator_v3']) retrieved from /home/airflow/.local/lib/python3.7/site-packages/airflow/example_dags/example_branch_python_dop_operator_3.py
[2022-10-09T06:42:11.986+0000] {logging_mixin.py:117} INFO - [2022-10-09T06:42:11.986+0000] {dag.py:2573} INFO - Sync 1 DAGs
[2022-10-09T06:42:12.006+0000] {logging_mixin.py:117} INFO - [2022-10-09T06:42:12.006+0000] {dag.py:3328} INFO - Setting next_dagrun for example_branch_dop_operator_v3 to 2022-10-09T06:41:00+00:00, run_after=2022-10-09T06:42:00+00:00
[2022-10-09T06:42:12.019+0000] {processor.py:178} INFO - Processing /home/airflow/.local/lib/python3.7/site-packages/airflow/example_dags/example_branch_python_dop_operator_3.py took 0.076 seconds
[2022-10-09T06:42:42.370+0000] {processor.py:156} INFO - Started process (PID=302) to work on /home/airflow/.local/lib/python3.7/site-packages/airflow/example_dags/example_branch_python_dop_operator_3.py
[2022-10-09T06:42:42.374+0000] {processor.py:758} INFO - Processing file /home/airflow/.local/lib/python3.7/site-packages/airflow/example_dags/example_branch_python_dop_operator_3.py for tasks to queue
[2022-10-09T06:42:42.377+0000] {logging_mixin.py:117} INFO - [2022-10-09T06:42:42.377+0000] {dagbag.py:525} INFO - Filling up the DagBag from /home/airflow/.local/lib/python3.7/site-packages/airflow/example_dags/example_branch_python_dop_operator_3.py
[2022-10-09T06:42:42.399+0000] {processor.py:768} INFO - DAG(s) dict_keys(['example_branch_dop_operator_v3']) retrieved from /home/airflow/.local/lib/python3.7/site-packages/airflow/example_dags/example_branch_python_dop_operator_3.py
[2022-10-09T06:42:42.437+0000] {logging_mixin.py:117} INFO - [2022-10-09T06:42:42.437+0000] {dag.py:2573} INFO - Sync 1 DAGs
[2022-10-09T06:42:42.455+0000] {logging_mixin.py:117} INFO - [2022-10-09T06:42:42.455+0000] {dag.py:3328} INFO - Setting next_dagrun for example_branch_dop_operator_v3 to 2022-10-09T06:41:00+00:00, run_after=2022-10-09T06:42:00+00:00
[2022-10-09T06:42:42.470+0000] {processor.py:178} INFO - Processing /home/airflow/.local/lib/python3.7/site-packages/airflow/example_dags/example_branch_python_dop_operator_3.py took 0.102 seconds
[2022-10-09T06:43:12.775+0000] {processor.py:156} INFO - Started process (PID=365) to work on /home/airflow/.local/lib/python3.7/site-packages/airflow/example_dags/example_branch_python_dop_operator_3.py
[2022-10-09T06:43:12.776+0000] {processor.py:758} INFO - Processing file /home/airflow/.local/lib/python3.7/site-packages/airflow/example_dags/example_branch_python_dop_operator_3.py for tasks to queue
[2022-10-09T06:43:12.777+0000] {logging_mixin.py:117} INFO - [2022-10-09T06:43:12.777+0000] {dagbag.py:525} INFO - Filling up the DagBag from /home/airflow/.local/lib/python3.7/site-packages/airflow/example_dags/example_branch_python_dop_operator_3.py
[2022-10-09T06:43:12.790+0000] {processor.py:768} INFO - DAG(s) dict_keys(['example_branch_dop_operator_v3']) retrieved from /home/airflow/.local/lib/python3.7/site-packages/airflow/example_dags/example_branch_python_dop_operator_3.py
[2022-10-09T06:43:12.814+0000] {logging_mixin.py:117} INFO - [2022-10-09T06:43:12.814+0000] {dag.py:2573} INFO - Sync 1 DAGs
[2022-10-09T06:43:12.830+0000] {logging_mixin.py:117} INFO - [2022-10-09T06:43:12.829+0000] {dag.py:3328} INFO - Setting next_dagrun for example_branch_dop_operator_v3 to 2022-10-09T06:42:00+00:00, run_after=2022-10-09T06:43:00+00:00
[2022-10-09T06:43:12.840+0000] {processor.py:178} INFO - Processing /home/airflow/.local/lib/python3.7/site-packages/airflow/example_dags/example_branch_python_dop_operator_3.py took 0.067 seconds
[2022-10-09T06:43:42.954+0000] {processor.py:156} INFO - Started process (PID=428) to work on /home/airflow/.local/lib/python3.7/site-packages/airflow/example_dags/example_branch_python_dop_operator_3.py
[2022-10-09T06:43:42.956+0000] {processor.py:758} INFO - Processing file /home/airflow/.local/lib/python3.7/site-packages/airflow/example_dags/example_branch_python_dop_operator_3.py for tasks to queue
[2022-10-09T06:43:42.957+0000] {logging_mixin.py:117} INFO - [2022-10-09T06:43:42.957+0000] {dagbag.py:525} INFO - Filling up the DagBag from /home/airflow/.local/lib/python3.7/site-packages/airflow/example_dags/example_branch_python_dop_operator_3.py
[2022-10-09T06:43:42.973+0000] {processor.py:768} INFO - DAG(s) dict_keys(['example_branch_dop_operator_v3']) retrieved from /home/airflow/.local/lib/python3.7/site-packages/airflow/example_dags/example_branch_python_dop_operator_3.py
[2022-10-09T06:43:42.998+0000] {logging_mixin.py:117} INFO - [2022-10-09T06:43:42.998+0000] {dag.py:2573} INFO - Sync 1 DAGs
[2022-10-09T06:43:43.016+0000] {logging_mixin.py:117} INFO - [2022-10-09T06:43:43.016+0000] {dag.py:3328} INFO - Setting next_dagrun for example_branch_dop_operator_v3 to 2022-10-09T06:42:00+00:00, run_after=2022-10-09T06:43:00+00:00
[2022-10-09T06:43:43.028+0000] {processor.py:178} INFO - Processing /home/airflow/.local/lib/python3.7/site-packages/airflow/example_dags/example_branch_python_dop_operator_3.py took 0.076 seconds
[2022-10-09T06:44:13.250+0000] {processor.py:156} INFO - Started process (PID=491) to work on /home/airflow/.local/lib/python3.7/site-packages/airflow/example_dags/example_branch_python_dop_operator_3.py
[2022-10-09T06:44:13.252+0000] {processor.py:758} INFO - Processing file /home/airflow/.local/lib/python3.7/site-packages/airflow/example_dags/example_branch_python_dop_operator_3.py for tasks to queue
[2022-10-09T06:44:13.253+0000] {logging_mixin.py:117} INFO - [2022-10-09T06:44:13.253+0000] {dagbag.py:525} INFO - Filling up the DagBag from /home/airflow/.local/lib/python3.7/site-packages/airflow/example_dags/example_branch_python_dop_operator_3.py
[2022-10-09T06:44:13.270+0000] {processor.py:768} INFO - DAG(s) dict_keys(['example_branch_dop_operator_v3']) retrieved from /home/airflow/.local/lib/python3.7/site-packages/airflow/example_dags/example_branch_python_dop_operator_3.py
[2022-10-09T06:44:13.306+0000] {logging_mixin.py:117} INFO - [2022-10-09T06:44:13.306+0000] {dag.py:2573} INFO - Sync 1 DAGs
[2022-10-09T06:44:13.327+0000] {logging_mixin.py:117} INFO - [2022-10-09T06:44:13.327+0000] {dag.py:3328} INFO - Setting next_dagrun for example_branch_dop_operator_v3 to 2022-10-09T06:43:00+00:00, run_after=2022-10-09T06:44:00+00:00
[2022-10-09T06:44:13.343+0000] {processor.py:178} INFO - Processing /home/airflow/.local/lib/python3.7/site-packages/airflow/example_dags/example_branch_python_dop_operator_3.py took 0.095 seconds
[2022-10-09T06:44:43.641+0000] {processor.py:156} INFO - Started process (PID=554) to work on /home/airflow/.local/lib/python3.7/site-packages/airflow/example_dags/example_branch_python_dop_operator_3.py
[2022-10-09T06:44:43.642+0000] {processor.py:758} INFO - Processing file /home/airflow/.local/lib/python3.7/site-packages/airflow/example_dags/example_branch_python_dop_operator_3.py for tasks to queue
[2022-10-09T06:44:43.643+0000] {logging_mixin.py:117} INFO - [2022-10-09T06:44:43.643+0000] {dagbag.py:525} INFO - Filling up the DagBag from /home/airflow/.local/lib/python3.7/site-packages/airflow/example_dags/example_branch_python_dop_operator_3.py
[2022-10-09T06:44:43.659+0000] {processor.py:768} INFO - DAG(s) dict_keys(['example_branch_dop_operator_v3']) retrieved from /home/airflow/.local/lib/python3.7/site-packages/airflow/example_dags/example_branch_python_dop_operator_3.py
[2022-10-09T06:44:43.685+0000] {logging_mixin.py:117} INFO - [2022-10-09T06:44:43.684+0000] {dag.py:2573} INFO - Sync 1 DAGs
[2022-10-09T06:44:43.701+0000] {logging_mixin.py:117} INFO - [2022-10-09T06:44:43.701+0000] {dag.py:3328} INFO - Setting next_dagrun for example_branch_dop_operator_v3 to 2022-10-09T06:43:00+00:00, run_after=2022-10-09T06:44:00+00:00
[2022-10-09T06:44:43.712+0000] {processor.py:178} INFO - Processing /home/airflow/.local/lib/python3.7/site-packages/airflow/example_dags/example_branch_python_dop_operator_3.py took 0.072 seconds
[2022-10-09T06:45:13.855+0000] {processor.py:156} INFO - Started process (PID=617) to work on /home/airflow/.local/lib/python3.7/site-packages/airflow/example_dags/example_branch_python_dop_operator_3.py
[2022-10-09T06:45:13.862+0000] {processor.py:758} INFO - Processing file /home/airflow/.local/lib/python3.7/site-packages/airflow/example_dags/example_branch_python_dop_operator_3.py for tasks to queue
[2022-10-09T06:45:13.864+0000] {logging_mixin.py:117} INFO - [2022-10-09T06:45:13.864+0000] {dagbag.py:525} INFO - Filling up the DagBag from /home/airflow/.local/lib/python3.7/site-packages/airflow/example_dags/example_branch_python_dop_operator_3.py
[2022-10-09T06:45:13.883+0000] {processor.py:768} INFO - DAG(s) dict_keys(['example_branch_dop_operator_v3']) retrieved from /home/airflow/.local/lib/python3.7/site-packages/airflow/example_dags/example_branch_python_dop_operator_3.py
[2022-10-09T06:45:13.917+0000] {logging_mixin.py:117} INFO - [2022-10-09T06:45:13.917+0000] {dag.py:2573} INFO - Sync 1 DAGs
[2022-10-09T06:45:13.937+0000] {logging_mixin.py:117} INFO - [2022-10-09T06:45:13.937+0000] {dag.py:3328} INFO - Setting next_dagrun for example_branch_dop_operator_v3 to 2022-10-09T06:44:00+00:00, run_after=2022-10-09T06:45:00+00:00
[2022-10-09T06:45:13.951+0000] {processor.py:178} INFO - Processing /home/airflow/.local/lib/python3.7/site-packages/airflow/example_dags/example_branch_python_dop_operator_3.py took 0.099 seconds
[2022-10-09T06:45:44.207+0000] {processor.py:156} INFO - Started process (PID=670) to work on /home/airflow/.local/lib/python3.7/site-packages/airflow/example_dags/example_branch_python_dop_operator_3.py
[2022-10-09T06:45:44.208+0000] {processor.py:758} INFO - Processing file /home/airflow/.local/lib/python3.7/site-packages/airflow/example_dags/example_branch_python_dop_operator_3.py for tasks to queue
[2022-10-09T06:45:44.210+0000] {logging_mixin.py:117} INFO - [2022-10-09T06:45:44.209+0000] {dagbag.py:525} INFO - Filling up the DagBag from /home/airflow/.local/lib/python3.7/site-packages/airflow/example_dags/example_branch_python_dop_operator_3.py
[2022-10-09T06:45:44.227+0000] {processor.py:768} INFO - DAG(s) dict_keys(['example_branch_dop_operator_v3']) retrieved from /home/airflow/.local/lib/python3.7/site-packages/airflow/example_dags/example_branch_python_dop_operator_3.py
[2022-10-09T06:45:44.252+0000] {logging_mixin.py:117} INFO - [2022-10-09T06:45:44.252+0000] {dag.py:2573} INFO - Sync 1 DAGs
[2022-10-09T06:45:44.271+0000] {logging_mixin.py:117} INFO - [2022-10-09T06:45:44.271+0000] {dag.py:3328} INFO - Setting next_dagrun for example_branch_dop_operator_v3 to 2022-10-09T06:44:00+00:00, run_after=2022-10-09T06:45:00+00:00
[2022-10-09T06:45:44.284+0000] {processor.py:178} INFO - Processing /home/airflow/.local/lib/python3.7/site-packages/airflow/example_dags/example_branch_python_dop_operator_3.py took 0.079 seconds
[2022-10-09T06:46:14.346+0000] {processor.py:156} INFO - Started process (PID=734) to work on /home/airflow/.local/lib/python3.7/site-packages/airflow/example_dags/example_branch_python_dop_operator_3.py
[2022-10-09T06:46:14.347+0000] {processor.py:758} INFO - Processing file /home/airflow/.local/lib/python3.7/site-packages/airflow/example_dags/example_branch_python_dop_operator_3.py for tasks to queue
[2022-10-09T06:46:14.348+0000] {logging_mixin.py:117} INFO - [2022-10-09T06:46:14.348+0000] {dagbag.py:525} INFO - Filling up the DagBag from /home/airflow/.local/lib/python3.7/site-packages/airflow/example_dags/example_branch_python_dop_operator_3.py
[2022-10-09T06:46:14.363+0000] {processor.py:768} INFO - DAG(s) dict_keys(['example_branch_dop_operator_v3']) retrieved from /home/airflow/.local/lib/python3.7/site-packages/airflow/example_dags/example_branch_python_dop_operator_3.py
[2022-10-09T06:46:14.388+0000] {logging_mixin.py:117} INFO - [2022-10-09T06:46:14.387+0000] {dag.py:2573} INFO - Sync 1 DAGs
[2022-10-09T06:46:14.408+0000] {logging_mixin.py:117} INFO - [2022-10-09T06:46:14.408+0000] {dag.py:3328} INFO - Setting next_dagrun for example_branch_dop_operator_v3 to 2022-10-09T06:45:00+00:00, run_after=2022-10-09T06:46:00+00:00
[2022-10-09T06:46:14.419+0000] {processor.py:178} INFO - Processing /home/airflow/.local/lib/python3.7/site-packages/airflow/example_dags/example_branch_python_dop_operator_3.py took 0.076 seconds
[2022-10-09T06:46:44.632+0000] {processor.py:156} INFO - Started process (PID=798) to work on /home/airflow/.local/lib/python3.7/site-packages/airflow/example_dags/example_branch_python_dop_operator_3.py
[2022-10-09T06:46:44.634+0000] {processor.py:758} INFO - Processing file /home/airflow/.local/lib/python3.7/site-packages/airflow/example_dags/example_branch_python_dop_operator_3.py for tasks to queue
[2022-10-09T06:46:44.635+0000] {logging_mixin.py:117} INFO - [2022-10-09T06:46:44.635+0000] {dagbag.py:525} INFO - Filling up the DagBag from /home/airflow/.local/lib/python3.7/site-packages/airflow/example_dags/example_branch_python_dop_operator_3.py
[2022-10-09T06:46:44.649+0000] {processor.py:768} INFO - DAG(s) dict_keys(['example_branch_dop_operator_v3']) retrieved from /home/airflow/.local/lib/python3.7/site-packages/airflow/example_dags/example_branch_python_dop_operator_3.py
[2022-10-09T06:46:44.674+0000] {logging_mixin.py:117} INFO - [2022-10-09T06:46:44.674+0000] {dag.py:2573} INFO - Sync 1 DAGs
[2022-10-09T06:46:44.693+0000] {logging_mixin.py:117} INFO - [2022-10-09T06:46:44.693+0000] {dag.py:3328} INFO - Setting next_dagrun for example_branch_dop_operator_v3 to 2022-10-09T06:45:00+00:00, run_after=2022-10-09T06:46:00+00:00
[2022-10-09T06:46:44.705+0000] {processor.py:178} INFO - Processing /home/airflow/.local/lib/python3.7/site-packages/airflow/example_dags/example_branch_python_dop_operator_3.py took 0.076 seconds
[2022-10-09T06:47:14.875+0000] {processor.py:156} INFO - Started process (PID=860) to work on /home/airflow/.local/lib/python3.7/site-packages/airflow/example_dags/example_branch_python_dop_operator_3.py
[2022-10-09T06:47:14.876+0000] {processor.py:758} INFO - Processing file /home/airflow/.local/lib/python3.7/site-packages/airflow/example_dags/example_branch_python_dop_operator_3.py for tasks to queue
[2022-10-09T06:47:14.877+0000] {logging_mixin.py:117} INFO - [2022-10-09T06:47:14.877+0000] {dagbag.py:525} INFO - Filling up the DagBag from /home/airflow/.local/lib/python3.7/site-packages/airflow/example_dags/example_branch_python_dop_operator_3.py
[2022-10-09T06:47:14.893+0000] {processor.py:768} INFO - DAG(s) dict_keys(['example_branch_dop_operator_v3']) retrieved from /home/airflow/.local/lib/python3.7/site-packages/airflow/example_dags/example_branch_python_dop_operator_3.py
[2022-10-09T06:47:14.918+0000] {logging_mixin.py:117} INFO - [2022-10-09T06:47:14.918+0000] {dag.py:2573} INFO - Sync 1 DAGs
[2022-10-09T06:47:14.935+0000] {logging_mixin.py:117} INFO - [2022-10-09T06:47:14.935+0000] {dag.py:3328} INFO - Setting next_dagrun for example_branch_dop_operator_v3 to 2022-10-09T06:46:00+00:00, run_after=2022-10-09T06:47:00+00:00
[2022-10-09T06:47:14.947+0000] {processor.py:178} INFO - Processing /home/airflow/.local/lib/python3.7/site-packages/airflow/example_dags/example_branch_python_dop_operator_3.py took 0.075 seconds
[2022-10-09T06:47:45.053+0000] {processor.py:156} INFO - Started process (PID=913) to work on /home/airflow/.local/lib/python3.7/site-packages/airflow/example_dags/example_branch_python_dop_operator_3.py
[2022-10-09T06:47:45.055+0000] {processor.py:758} INFO - Processing file /home/airflow/.local/lib/python3.7/site-packages/airflow/example_dags/example_branch_python_dop_operator_3.py for tasks to queue
[2022-10-09T06:47:45.056+0000] {logging_mixin.py:117} INFO - [2022-10-09T06:47:45.056+0000] {dagbag.py:525} INFO - Filling up the DagBag from /home/airflow/.local/lib/python3.7/site-packages/airflow/example_dags/example_branch_python_dop_operator_3.py
[2022-10-09T06:47:45.072+0000] {processor.py:768} INFO - DAG(s) dict_keys(['example_branch_dop_operator_v3']) retrieved from /home/airflow/.local/lib/python3.7/site-packages/airflow/example_dags/example_branch_python_dop_operator_3.py
[2022-10-09T06:47:45.109+0000] {logging_mixin.py:117} INFO - [2022-10-09T06:47:45.109+0000] {dag.py:2573} INFO - Sync 1 DAGs
[2022-10-09T06:47:45.140+0000] {logging_mixin.py:117} INFO - [2022-10-09T06:47:45.140+0000] {dag.py:3328} INFO - Setting next_dagrun for example_branch_dop_operator_v3 to 2022-10-09T06:46:00+00:00, run_after=2022-10-09T06:47:00+00:00
[2022-10-09T06:47:45.156+0000] {processor.py:178} INFO - Processing /home/airflow/.local/lib/python3.7/site-packages/airflow/example_dags/example_branch_python_dop_operator_3.py took 0.105 seconds
[2022-10-09T06:48:15.427+0000] {processor.py:156} INFO - Started process (PID=975) to work on /home/airflow/.local/lib/python3.7/site-packages/airflow/example_dags/example_branch_python_dop_operator_3.py
[2022-10-09T06:48:15.430+0000] {processor.py:758} INFO - Processing file /home/airflow/.local/lib/python3.7/site-packages/airflow/example_dags/example_branch_python_dop_operator_3.py for tasks to queue
[2022-10-09T06:48:15.431+0000] {logging_mixin.py:117} INFO - [2022-10-09T06:48:15.431+0000] {dagbag.py:525} INFO - Filling up the DagBag from /home/airflow/.local/lib/python3.7/site-packages/airflow/example_dags/example_branch_python_dop_operator_3.py
[2022-10-09T06:48:15.450+0000] {processor.py:768} INFO - DAG(s) dict_keys(['example_branch_dop_operator_v3']) retrieved from /home/airflow/.local/lib/python3.7/site-packages/airflow/example_dags/example_branch_python_dop_operator_3.py
[2022-10-09T06:48:15.477+0000] {logging_mixin.py:117} INFO - [2022-10-09T06:48:15.477+0000] {dag.py:2573} INFO - Sync 1 DAGs
[2022-10-09T06:48:15.494+0000] {logging_mixin.py:117} INFO - [2022-10-09T06:48:15.494+0000] {dag.py:3328} INFO - Setting next_dagrun for example_branch_dop_operator_v3 to 2022-10-09T06:47:00+00:00, run_after=2022-10-09T06:48:00+00:00
[2022-10-09T06:48:15.506+0000] {processor.py:178} INFO - Processing /home/airflow/.local/lib/python3.7/site-packages/airflow/example_dags/example_branch_python_dop_operator_3.py took 0.081 seconds
[2022-10-09T06:59:10.647+0000] {processor.py:156} INFO - Started process (PID=1029) to work on /home/airflow/.local/lib/python3.7/site-packages/airflow/example_dags/example_branch_python_dop_operator_3.py
[2022-10-09T06:59:10.648+0000] {processor.py:758} INFO - Processing file /home/airflow/.local/lib/python3.7/site-packages/airflow/example_dags/example_branch_python_dop_operator_3.py for tasks to queue
[2022-10-09T06:59:10.651+0000] {logging_mixin.py:117} INFO - [2022-10-09T06:59:10.651+0000] {dagbag.py:525} INFO - Filling up the DagBag from /home/airflow/.local/lib/python3.7/site-packages/airflow/example_dags/example_branch_python_dop_operator_3.py
[2022-10-09T06:59:10.675+0000] {processor.py:768} INFO - DAG(s) dict_keys(['example_branch_dop_operator_v3']) retrieved from /home/airflow/.local/lib/python3.7/site-packages/airflow/example_dags/example_branch_python_dop_operator_3.py
[2022-10-09T06:59:10.714+0000] {logging_mixin.py:117} INFO - [2022-10-09T06:59:10.714+0000] {dag.py:2573} INFO - Sync 1 DAGs
[2022-10-09T06:59:10.733+0000] {logging_mixin.py:117} INFO - [2022-10-09T06:59:10.733+0000] {dag.py:3328} INFO - Setting next_dagrun for example_branch_dop_operator_v3 to 2022-10-09T06:58:00+00:00, run_after=2022-10-09T06:59:00+00:00
[2022-10-09T06:59:10.757+0000] {processor.py:178} INFO - Processing /home/airflow/.local/lib/python3.7/site-packages/airflow/example_dags/example_branch_python_dop_operator_3.py took 0.117 seconds
[2022-10-09T06:59:41.191+0000] {processor.py:156} INFO - Started process (PID=1093) to work on /home/airflow/.local/lib/python3.7/site-packages/airflow/example_dags/example_branch_python_dop_operator_3.py
[2022-10-09T06:59:41.193+0000] {processor.py:758} INFO - Processing file /home/airflow/.local/lib/python3.7/site-packages/airflow/example_dags/example_branch_python_dop_operator_3.py for tasks to queue
[2022-10-09T06:59:41.194+0000] {logging_mixin.py:117} INFO - [2022-10-09T06:59:41.194+0000] {dagbag.py:525} INFO - Filling up the DagBag from /home/airflow/.local/lib/python3.7/site-packages/airflow/example_dags/example_branch_python_dop_operator_3.py
[2022-10-09T06:59:41.210+0000] {processor.py:768} INFO - DAG(s) dict_keys(['example_branch_dop_operator_v3']) retrieved from /home/airflow/.local/lib/python3.7/site-packages/airflow/example_dags/example_branch_python_dop_operator_3.py
[2022-10-09T06:59:41.234+0000] {logging_mixin.py:117} INFO - [2022-10-09T06:59:41.234+0000] {dag.py:2573} INFO - Sync 1 DAGs
[2022-10-09T06:59:41.252+0000] {logging_mixin.py:117} INFO - [2022-10-09T06:59:41.251+0000] {dag.py:3328} INFO - Setting next_dagrun for example_branch_dop_operator_v3 to 2022-10-09T06:58:00+00:00, run_after=2022-10-09T06:59:00+00:00
[2022-10-09T06:59:41.263+0000] {processor.py:178} INFO - Processing /home/airflow/.local/lib/python3.7/site-packages/airflow/example_dags/example_branch_python_dop_operator_3.py took 0.075 seconds
[2022-10-09T07:00:11.852+0000] {processor.py:156} INFO - Started process (PID=1156) to work on /home/airflow/.local/lib/python3.7/site-packages/airflow/example_dags/example_branch_python_dop_operator_3.py
[2022-10-09T07:00:11.854+0000] {processor.py:758} INFO - Processing file /home/airflow/.local/lib/python3.7/site-packages/airflow/example_dags/example_branch_python_dop_operator_3.py for tasks to queue
[2022-10-09T07:00:11.855+0000] {logging_mixin.py:117} INFO - [2022-10-09T07:00:11.855+0000] {dagbag.py:525} INFO - Filling up the DagBag from /home/airflow/.local/lib/python3.7/site-packages/airflow/example_dags/example_branch_python_dop_operator_3.py
[2022-10-09T07:00:11.871+0000] {processor.py:768} INFO - DAG(s) dict_keys(['example_branch_dop_operator_v3']) retrieved from /home/airflow/.local/lib/python3.7/site-packages/airflow/example_dags/example_branch_python_dop_operator_3.py
[2022-10-09T07:00:11.902+0000] {logging_mixin.py:117} INFO - [2022-10-09T07:00:11.902+0000] {dag.py:2573} INFO - Sync 1 DAGs
[2022-10-09T07:00:11.920+0000] {logging_mixin.py:117} INFO - [2022-10-09T07:00:11.920+0000] {dag.py:3328} INFO - Setting next_dagrun for example_branch_dop_operator_v3 to 2022-10-09T06:59:00+00:00, run_after=2022-10-09T07:00:00+00:00
[2022-10-09T07:00:11.933+0000] {processor.py:178} INFO - Processing /home/airflow/.local/lib/python3.7/site-packages/airflow/example_dags/example_branch_python_dop_operator_3.py took 0.083 seconds
[2022-10-09T07:00:42.168+0000] {processor.py:156} INFO - Started process (PID=1210) to work on /home/airflow/.local/lib/python3.7/site-packages/airflow/example_dags/example_branch_python_dop_operator_3.py
[2022-10-09T07:00:42.170+0000] {processor.py:758} INFO - Processing file /home/airflow/.local/lib/python3.7/site-packages/airflow/example_dags/example_branch_python_dop_operator_3.py for tasks to queue
[2022-10-09T07:00:42.171+0000] {logging_mixin.py:117} INFO - [2022-10-09T07:00:42.170+0000] {dagbag.py:525} INFO - Filling up the DagBag from /home/airflow/.local/lib/python3.7/site-packages/airflow/example_dags/example_branch_python_dop_operator_3.py
[2022-10-09T07:00:42.185+0000] {processor.py:768} INFO - DAG(s) dict_keys(['example_branch_dop_operator_v3']) retrieved from /home/airflow/.local/lib/python3.7/site-packages/airflow/example_dags/example_branch_python_dop_operator_3.py
[2022-10-09T07:00:42.210+0000] {logging_mixin.py:117} INFO - [2022-10-09T07:00:42.210+0000] {dag.py:2573} INFO - Sync 1 DAGs
[2022-10-09T07:00:42.229+0000] {logging_mixin.py:117} INFO - [2022-10-09T07:00:42.229+0000] {dag.py:3328} INFO - Setting next_dagrun for example_branch_dop_operator_v3 to 2022-10-09T06:59:00+00:00, run_after=2022-10-09T07:00:00+00:00
[2022-10-09T07:00:42.241+0000] {processor.py:178} INFO - Processing /home/airflow/.local/lib/python3.7/site-packages/airflow/example_dags/example_branch_python_dop_operator_3.py took 0.075 seconds
[2022-10-09T07:01:12.419+0000] {processor.py:156} INFO - Started process (PID=1272) to work on /home/airflow/.local/lib/python3.7/site-packages/airflow/example_dags/example_branch_python_dop_operator_3.py
[2022-10-09T07:01:12.420+0000] {processor.py:758} INFO - Processing file /home/airflow/.local/lib/python3.7/site-packages/airflow/example_dags/example_branch_python_dop_operator_3.py for tasks to queue
[2022-10-09T07:01:12.421+0000] {logging_mixin.py:117} INFO - [2022-10-09T07:01:12.421+0000] {dagbag.py:525} INFO - Filling up the DagBag from /home/airflow/.local/lib/python3.7/site-packages/airflow/example_dags/example_branch_python_dop_operator_3.py
[2022-10-09T07:01:12.436+0000] {processor.py:768} INFO - DAG(s) dict_keys(['example_branch_dop_operator_v3']) retrieved from /home/airflow/.local/lib/python3.7/site-packages/airflow/example_dags/example_branch_python_dop_operator_3.py
[2022-10-09T07:01:12.465+0000] {logging_mixin.py:117} INFO - [2022-10-09T07:01:12.464+0000] {dag.py:2573} INFO - Sync 1 DAGs
[2022-10-09T07:01:12.490+0000] {logging_mixin.py:117} INFO - [2022-10-09T07:01:12.490+0000] {dag.py:3328} INFO - Setting next_dagrun for example_branch_dop_operator_v3 to 2022-10-09T07:00:00+00:00, run_after=2022-10-09T07:01:00+00:00
[2022-10-09T07:01:12.514+0000] {processor.py:178} INFO - Processing /home/airflow/.local/lib/python3.7/site-packages/airflow/example_dags/example_branch_python_dop_operator_3.py took 0.098 seconds
[2022-10-09T07:01:42.763+0000] {processor.py:156} INFO - Started process (PID=1335) to work on /home/airflow/.local/lib/python3.7/site-packages/airflow/example_dags/example_branch_python_dop_operator_3.py
[2022-10-09T07:01:42.765+0000] {processor.py:758} INFO - Processing file /home/airflow/.local/lib/python3.7/site-packages/airflow/example_dags/example_branch_python_dop_operator_3.py for tasks to queue
[2022-10-09T07:01:42.766+0000] {logging_mixin.py:117} INFO - [2022-10-09T07:01:42.766+0000] {dagbag.py:525} INFO - Filling up the DagBag from /home/airflow/.local/lib/python3.7/site-packages/airflow/example_dags/example_branch_python_dop_operator_3.py
[2022-10-09T07:01:42.781+0000] {processor.py:768} INFO - DAG(s) dict_keys(['example_branch_dop_operator_v3']) retrieved from /home/airflow/.local/lib/python3.7/site-packages/airflow/example_dags/example_branch_python_dop_operator_3.py
[2022-10-09T07:01:42.806+0000] {logging_mixin.py:117} INFO - [2022-10-09T07:01:42.806+0000] {dag.py:2573} INFO - Sync 1 DAGs
[2022-10-09T07:01:42.824+0000] {logging_mixin.py:117} INFO - [2022-10-09T07:01:42.824+0000] {dag.py:3328} INFO - Setting next_dagrun for example_branch_dop_operator_v3 to 2022-10-09T07:00:00+00:00, run_after=2022-10-09T07:01:00+00:00
[2022-10-09T07:01:42.837+0000] {processor.py:178} INFO - Processing /home/airflow/.local/lib/python3.7/site-packages/airflow/example_dags/example_branch_python_dop_operator_3.py took 0.075 seconds
[2022-10-09T07:02:12.909+0000] {processor.py:156} INFO - Started process (PID=1398) to work on /home/airflow/.local/lib/python3.7/site-packages/airflow/example_dags/example_branch_python_dop_operator_3.py
[2022-10-09T07:02:12.911+0000] {processor.py:758} INFO - Processing file /home/airflow/.local/lib/python3.7/site-packages/airflow/example_dags/example_branch_python_dop_operator_3.py for tasks to queue
[2022-10-09T07:02:12.912+0000] {logging_mixin.py:117} INFO - [2022-10-09T07:02:12.912+0000] {dagbag.py:525} INFO - Filling up the DagBag from /home/airflow/.local/lib/python3.7/site-packages/airflow/example_dags/example_branch_python_dop_operator_3.py
[2022-10-09T07:02:12.926+0000] {processor.py:768} INFO - DAG(s) dict_keys(['example_branch_dop_operator_v3']) retrieved from /home/airflow/.local/lib/python3.7/site-packages/airflow/example_dags/example_branch_python_dop_operator_3.py
[2022-10-09T07:02:12.952+0000] {logging_mixin.py:117} INFO - [2022-10-09T07:02:12.952+0000] {dag.py:2573} INFO - Sync 1 DAGs
[2022-10-09T07:02:12.969+0000] {logging_mixin.py:117} INFO - [2022-10-09T07:02:12.969+0000] {dag.py:3328} INFO - Setting next_dagrun for example_branch_dop_operator_v3 to 2022-10-09T07:01:00+00:00, run_after=2022-10-09T07:02:00+00:00
[2022-10-09T07:02:12.982+0000] {processor.py:178} INFO - Processing /home/airflow/.local/lib/python3.7/site-packages/airflow/example_dags/example_branch_python_dop_operator_3.py took 0.075 seconds
[2022-10-09T07:02:43.578+0000] {processor.py:156} INFO - Started process (PID=1461) to work on /home/airflow/.local/lib/python3.7/site-packages/airflow/example_dags/example_branch_python_dop_operator_3.py
[2022-10-09T07:02:43.580+0000] {processor.py:758} INFO - Processing file /home/airflow/.local/lib/python3.7/site-packages/airflow/example_dags/example_branch_python_dop_operator_3.py for tasks to queue
[2022-10-09T07:02:43.581+0000] {logging_mixin.py:117} INFO - [2022-10-09T07:02:43.581+0000] {dagbag.py:525} INFO - Filling up the DagBag from /home/airflow/.local/lib/python3.7/site-packages/airflow/example_dags/example_branch_python_dop_operator_3.py
[2022-10-09T07:02:43.598+0000] {processor.py:768} INFO - DAG(s) dict_keys(['example_branch_dop_operator_v3']) retrieved from /home/airflow/.local/lib/python3.7/site-packages/airflow/example_dags/example_branch_python_dop_operator_3.py
[2022-10-09T07:02:43.626+0000] {logging_mixin.py:117} INFO - [2022-10-09T07:02:43.626+0000] {dag.py:2573} INFO - Sync 1 DAGs
[2022-10-09T07:02:43.646+0000] {logging_mixin.py:117} INFO - [2022-10-09T07:02:43.646+0000] {dag.py:3328} INFO - Setting next_dagrun for example_branch_dop_operator_v3 to 2022-10-09T07:01:00+00:00, run_after=2022-10-09T07:02:00+00:00
[2022-10-09T07:02:43.663+0000] {processor.py:178} INFO - Processing /home/airflow/.local/lib/python3.7/site-packages/airflow/example_dags/example_branch_python_dop_operator_3.py took 0.087 seconds
[2022-10-09T07:03:14.041+0000] {processor.py:156} INFO - Started process (PID=1515) to work on /home/airflow/.local/lib/python3.7/site-packages/airflow/example_dags/example_branch_python_dop_operator_3.py
[2022-10-09T07:03:14.043+0000] {processor.py:758} INFO - Processing file /home/airflow/.local/lib/python3.7/site-packages/airflow/example_dags/example_branch_python_dop_operator_3.py for tasks to queue
[2022-10-09T07:03:14.043+0000] {logging_mixin.py:117} INFO - [2022-10-09T07:03:14.043+0000] {dagbag.py:525} INFO - Filling up the DagBag from /home/airflow/.local/lib/python3.7/site-packages/airflow/example_dags/example_branch_python_dop_operator_3.py
[2022-10-09T07:03:14.059+0000] {processor.py:768} INFO - DAG(s) dict_keys(['example_branch_dop_operator_v3']) retrieved from /home/airflow/.local/lib/python3.7/site-packages/airflow/example_dags/example_branch_python_dop_operator_3.py
[2022-10-09T07:03:14.085+0000] {logging_mixin.py:117} INFO - [2022-10-09T07:03:14.085+0000] {dag.py:2573} INFO - Sync 1 DAGs
[2022-10-09T07:03:14.102+0000] {logging_mixin.py:117} INFO - [2022-10-09T07:03:14.102+0000] {dag.py:3328} INFO - Setting next_dagrun for example_branch_dop_operator_v3 to 2022-10-09T07:02:00+00:00, run_after=2022-10-09T07:03:00+00:00
[2022-10-09T07:03:14.115+0000] {processor.py:178} INFO - Processing /home/airflow/.local/lib/python3.7/site-packages/airflow/example_dags/example_branch_python_dop_operator_3.py took 0.076 seconds
[2022-10-09T07:03:44.221+0000] {processor.py:156} INFO - Started process (PID=1578) to work on /home/airflow/.local/lib/python3.7/site-packages/airflow/example_dags/example_branch_python_dop_operator_3.py
[2022-10-09T07:03:44.222+0000] {processor.py:758} INFO - Processing file /home/airflow/.local/lib/python3.7/site-packages/airflow/example_dags/example_branch_python_dop_operator_3.py for tasks to queue
[2022-10-09T07:03:44.223+0000] {logging_mixin.py:117} INFO - [2022-10-09T07:03:44.223+0000] {dagbag.py:525} INFO - Filling up the DagBag from /home/airflow/.local/lib/python3.7/site-packages/airflow/example_dags/example_branch_python_dop_operator_3.py
[2022-10-09T07:03:44.238+0000] {processor.py:768} INFO - DAG(s) dict_keys(['example_branch_dop_operator_v3']) retrieved from /home/airflow/.local/lib/python3.7/site-packages/airflow/example_dags/example_branch_python_dop_operator_3.py
[2022-10-09T07:03:44.263+0000] {logging_mixin.py:117} INFO - [2022-10-09T07:03:44.263+0000] {dag.py:2573} INFO - Sync 1 DAGs
[2022-10-09T07:03:44.281+0000] {logging_mixin.py:117} INFO - [2022-10-09T07:03:44.281+0000] {dag.py:3328} INFO - Setting next_dagrun for example_branch_dop_operator_v3 to 2022-10-09T07:02:00+00:00, run_after=2022-10-09T07:03:00+00:00
[2022-10-09T07:03:44.296+0000] {processor.py:178} INFO - Processing /home/airflow/.local/lib/python3.7/site-packages/airflow/example_dags/example_branch_python_dop_operator_3.py took 0.078 seconds
[2022-10-09T07:04:14.492+0000] {processor.py:156} INFO - Started process (PID=1640) to work on /home/airflow/.local/lib/python3.7/site-packages/airflow/example_dags/example_branch_python_dop_operator_3.py
[2022-10-09T07:04:14.493+0000] {processor.py:758} INFO - Processing file /home/airflow/.local/lib/python3.7/site-packages/airflow/example_dags/example_branch_python_dop_operator_3.py for tasks to queue
[2022-10-09T07:04:14.494+0000] {logging_mixin.py:117} INFO - [2022-10-09T07:04:14.494+0000] {dagbag.py:525} INFO - Filling up the DagBag from /home/airflow/.local/lib/python3.7/site-packages/airflow/example_dags/example_branch_python_dop_operator_3.py
[2022-10-09T07:04:14.509+0000] {processor.py:768} INFO - DAG(s) dict_keys(['example_branch_dop_operator_v3']) retrieved from /home/airflow/.local/lib/python3.7/site-packages/airflow/example_dags/example_branch_python_dop_operator_3.py
[2022-10-09T07:04:14.534+0000] {logging_mixin.py:117} INFO - [2022-10-09T07:04:14.534+0000] {dag.py:2573} INFO - Sync 1 DAGs
[2022-10-09T07:04:14.552+0000] {logging_mixin.py:117} INFO - [2022-10-09T07:04:14.552+0000] {dag.py:3328} INFO - Setting next_dagrun for example_branch_dop_operator_v3 to 2022-10-09T07:03:00+00:00, run_after=2022-10-09T07:04:00+00:00
[2022-10-09T07:04:14.566+0000] {processor.py:178} INFO - Processing /home/airflow/.local/lib/python3.7/site-packages/airflow/example_dags/example_branch_python_dop_operator_3.py took 0.076 seconds
[2022-10-09T07:04:45.371+0000] {processor.py:156} INFO - Started process (PID=1703) to work on /home/airflow/.local/lib/python3.7/site-packages/airflow/example_dags/example_branch_python_dop_operator_3.py
[2022-10-09T07:04:45.373+0000] {processor.py:758} INFO - Processing file /home/airflow/.local/lib/python3.7/site-packages/airflow/example_dags/example_branch_python_dop_operator_3.py for tasks to queue
[2022-10-09T07:04:45.374+0000] {logging_mixin.py:117} INFO - [2022-10-09T07:04:45.374+0000] {dagbag.py:525} INFO - Filling up the DagBag from /home/airflow/.local/lib/python3.7/site-packages/airflow/example_dags/example_branch_python_dop_operator_3.py
[2022-10-09T07:04:45.393+0000] {processor.py:768} INFO - DAG(s) dict_keys(['example_branch_dop_operator_v3']) retrieved from /home/airflow/.local/lib/python3.7/site-packages/airflow/example_dags/example_branch_python_dop_operator_3.py
[2022-10-09T07:04:45.426+0000] {logging_mixin.py:117} INFO - [2022-10-09T07:04:45.426+0000] {dag.py:2573} INFO - Sync 1 DAGs
[2022-10-09T07:04:45.450+0000] {logging_mixin.py:117} INFO - [2022-10-09T07:04:45.450+0000] {dag.py:3328} INFO - Setting next_dagrun for example_branch_dop_operator_v3 to 2022-10-09T07:03:00+00:00, run_after=2022-10-09T07:04:00+00:00
[2022-10-09T07:04:45.468+0000] {processor.py:178} INFO - Processing /home/airflow/.local/lib/python3.7/site-packages/airflow/example_dags/example_branch_python_dop_operator_3.py took 0.100 seconds
[2022-10-09T07:05:15.879+0000] {processor.py:156} INFO - Started process (PID=1766) to work on /home/airflow/.local/lib/python3.7/site-packages/airflow/example_dags/example_branch_python_dop_operator_3.py
[2022-10-09T07:05:15.881+0000] {processor.py:758} INFO - Processing file /home/airflow/.local/lib/python3.7/site-packages/airflow/example_dags/example_branch_python_dop_operator_3.py for tasks to queue
[2022-10-09T07:05:15.883+0000] {logging_mixin.py:117} INFO - [2022-10-09T07:05:15.883+0000] {dagbag.py:525} INFO - Filling up the DagBag from /home/airflow/.local/lib/python3.7/site-packages/airflow/example_dags/example_branch_python_dop_operator_3.py
[2022-10-09T07:05:15.901+0000] {processor.py:768} INFO - DAG(s) dict_keys(['example_branch_dop_operator_v3']) retrieved from /home/airflow/.local/lib/python3.7/site-packages/airflow/example_dags/example_branch_python_dop_operator_3.py
[2022-10-09T07:05:15.932+0000] {logging_mixin.py:117} INFO - [2022-10-09T07:05:15.932+0000] {dag.py:2573} INFO - Sync 1 DAGs
[2022-10-09T07:05:15.951+0000] {logging_mixin.py:117} INFO - [2022-10-09T07:05:15.951+0000] {dag.py:3328} INFO - Setting next_dagrun for example_branch_dop_operator_v3 to 2022-10-09T07:04:00+00:00, run_after=2022-10-09T07:05:00+00:00
[2022-10-09T07:05:15.964+0000] {processor.py:178} INFO - Processing /home/airflow/.local/lib/python3.7/site-packages/airflow/example_dags/example_branch_python_dop_operator_3.py took 0.087 seconds
[2022-10-09T07:05:46.286+0000] {processor.py:156} INFO - Started process (PID=1820) to work on /home/airflow/.local/lib/python3.7/site-packages/airflow/example_dags/example_branch_python_dop_operator_3.py
[2022-10-09T07:05:46.288+0000] {processor.py:758} INFO - Processing file /home/airflow/.local/lib/python3.7/site-packages/airflow/example_dags/example_branch_python_dop_operator_3.py for tasks to queue
[2022-10-09T07:05:46.292+0000] {logging_mixin.py:117} INFO - [2022-10-09T07:05:46.291+0000] {dagbag.py:525} INFO - Filling up the DagBag from /home/airflow/.local/lib/python3.7/site-packages/airflow/example_dags/example_branch_python_dop_operator_3.py
[2022-10-09T07:05:46.318+0000] {processor.py:768} INFO - DAG(s) dict_keys(['example_branch_dop_operator_v3']) retrieved from /home/airflow/.local/lib/python3.7/site-packages/airflow/example_dags/example_branch_python_dop_operator_3.py
[2022-10-09T07:05:46.380+0000] {logging_mixin.py:117} INFO - [2022-10-09T07:05:46.380+0000] {dag.py:2573} INFO - Sync 1 DAGs
[2022-10-09T07:05:46.410+0000] {logging_mixin.py:117} INFO - [2022-10-09T07:05:46.410+0000] {dag.py:3328} INFO - Setting next_dagrun for example_branch_dop_operator_v3 to 2022-10-09T07:04:00+00:00, run_after=2022-10-09T07:05:00+00:00
[2022-10-09T07:05:46.427+0000] {processor.py:178} INFO - Processing /home/airflow/.local/lib/python3.7/site-packages/airflow/example_dags/example_branch_python_dop_operator_3.py took 0.143 seconds
[2022-10-09T07:06:17.015+0000] {processor.py:156} INFO - Started process (PID=1883) to work on /home/airflow/.local/lib/python3.7/site-packages/airflow/example_dags/example_branch_python_dop_operator_3.py
[2022-10-09T07:06:17.017+0000] {processor.py:758} INFO - Processing file /home/airflow/.local/lib/python3.7/site-packages/airflow/example_dags/example_branch_python_dop_operator_3.py for tasks to queue
[2022-10-09T07:06:17.018+0000] {logging_mixin.py:117} INFO - [2022-10-09T07:06:17.018+0000] {dagbag.py:525} INFO - Filling up the DagBag from /home/airflow/.local/lib/python3.7/site-packages/airflow/example_dags/example_branch_python_dop_operator_3.py
[2022-10-09T07:06:17.033+0000] {processor.py:768} INFO - DAG(s) dict_keys(['example_branch_dop_operator_v3']) retrieved from /home/airflow/.local/lib/python3.7/site-packages/airflow/example_dags/example_branch_python_dop_operator_3.py
[2022-10-09T07:06:17.058+0000] {logging_mixin.py:117} INFO - [2022-10-09T07:06:17.058+0000] {dag.py:2573} INFO - Sync 1 DAGs
[2022-10-09T07:06:17.076+0000] {logging_mixin.py:117} INFO - [2022-10-09T07:06:17.076+0000] {dag.py:3328} INFO - Setting next_dagrun for example_branch_dop_operator_v3 to 2022-10-09T07:05:00+00:00, run_after=2022-10-09T07:06:00+00:00
[2022-10-09T07:06:17.089+0000] {processor.py:178} INFO - Processing /home/airflow/.local/lib/python3.7/site-packages/airflow/example_dags/example_branch_python_dop_operator_3.py took 0.075 seconds
[2022-10-09T07:06:47.159+0000] {processor.py:156} INFO - Started process (PID=1945) to work on /home/airflow/.local/lib/python3.7/site-packages/airflow/example_dags/example_branch_python_dop_operator_3.py
[2022-10-09T07:06:47.162+0000] {processor.py:758} INFO - Processing file /home/airflow/.local/lib/python3.7/site-packages/airflow/example_dags/example_branch_python_dop_operator_3.py for tasks to queue
[2022-10-09T07:06:47.163+0000] {logging_mixin.py:117} INFO - [2022-10-09T07:06:47.163+0000] {dagbag.py:525} INFO - Filling up the DagBag from /home/airflow/.local/lib/python3.7/site-packages/airflow/example_dags/example_branch_python_dop_operator_3.py
[2022-10-09T07:06:47.178+0000] {processor.py:768} INFO - DAG(s) dict_keys(['example_branch_dop_operator_v3']) retrieved from /home/airflow/.local/lib/python3.7/site-packages/airflow/example_dags/example_branch_python_dop_operator_3.py
[2022-10-09T07:06:47.202+0000] {logging_mixin.py:117} INFO - [2022-10-09T07:06:47.202+0000] {dag.py:2573} INFO - Sync 1 DAGs
[2022-10-09T07:06:47.225+0000] {logging_mixin.py:117} INFO - [2022-10-09T07:06:47.225+0000] {dag.py:3328} INFO - Setting next_dagrun for example_branch_dop_operator_v3 to 2022-10-09T07:05:00+00:00, run_after=2022-10-09T07:06:00+00:00
[2022-10-09T07:06:47.236+0000] {processor.py:178} INFO - Processing /home/airflow/.local/lib/python3.7/site-packages/airflow/example_dags/example_branch_python_dop_operator_3.py took 0.080 seconds
[2022-10-09T07:07:17.425+0000] {processor.py:156} INFO - Started process (PID=2010) to work on /home/airflow/.local/lib/python3.7/site-packages/airflow/example_dags/example_branch_python_dop_operator_3.py
[2022-10-09T07:07:17.427+0000] {processor.py:758} INFO - Processing file /home/airflow/.local/lib/python3.7/site-packages/airflow/example_dags/example_branch_python_dop_operator_3.py for tasks to queue
[2022-10-09T07:07:17.429+0000] {logging_mixin.py:117} INFO - [2022-10-09T07:07:17.429+0000] {dagbag.py:525} INFO - Filling up the DagBag from /home/airflow/.local/lib/python3.7/site-packages/airflow/example_dags/example_branch_python_dop_operator_3.py
[2022-10-09T07:07:17.449+0000] {processor.py:768} INFO - DAG(s) dict_keys(['example_branch_dop_operator_v3']) retrieved from /home/airflow/.local/lib/python3.7/site-packages/airflow/example_dags/example_branch_python_dop_operator_3.py
[2022-10-09T07:07:17.509+0000] {logging_mixin.py:117} INFO - [2022-10-09T07:07:17.509+0000] {dag.py:2573} INFO - Sync 1 DAGs
[2022-10-09T07:07:17.528+0000] {logging_mixin.py:117} INFO - [2022-10-09T07:07:17.528+0000] {dag.py:3328} INFO - Setting next_dagrun for example_branch_dop_operator_v3 to 2022-10-09T07:06:00+00:00, run_after=2022-10-09T07:07:00+00:00
[2022-10-09T07:07:17.541+0000] {processor.py:178} INFO - Processing /home/airflow/.local/lib/python3.7/site-packages/airflow/example_dags/example_branch_python_dop_operator_3.py took 0.119 seconds
[2022-10-09T07:07:48.128+0000] {processor.py:156} INFO - Started process (PID=2074) to work on /home/airflow/.local/lib/python3.7/site-packages/airflow/example_dags/example_branch_python_dop_operator_3.py
[2022-10-09T07:07:48.129+0000] {processor.py:758} INFO - Processing file /home/airflow/.local/lib/python3.7/site-packages/airflow/example_dags/example_branch_python_dop_operator_3.py for tasks to queue
[2022-10-09T07:07:48.136+0000] {logging_mixin.py:117} INFO - [2022-10-09T07:07:48.135+0000] {dagbag.py:525} INFO - Filling up the DagBag from /home/airflow/.local/lib/python3.7/site-packages/airflow/example_dags/example_branch_python_dop_operator_3.py
[2022-10-09T07:07:48.156+0000] {processor.py:768} INFO - DAG(s) dict_keys(['example_branch_dop_operator_v3']) retrieved from /home/airflow/.local/lib/python3.7/site-packages/airflow/example_dags/example_branch_python_dop_operator_3.py
[2022-10-09T07:07:48.188+0000] {logging_mixin.py:117} INFO - [2022-10-09T07:07:48.188+0000] {dag.py:2573} INFO - Sync 1 DAGs
[2022-10-09T07:07:48.218+0000] {logging_mixin.py:117} INFO - [2022-10-09T07:07:48.218+0000] {dag.py:3328} INFO - Setting next_dagrun for example_branch_dop_operator_v3 to 2022-10-09T07:06:00+00:00, run_after=2022-10-09T07:07:00+00:00
[2022-10-09T07:07:48.234+0000] {processor.py:178} INFO - Processing /home/airflow/.local/lib/python3.7/site-packages/airflow/example_dags/example_branch_python_dop_operator_3.py took 0.108 seconds
[2022-10-09T07:08:18.427+0000] {processor.py:156} INFO - Started process (PID=2136) to work on /home/airflow/.local/lib/python3.7/site-packages/airflow/example_dags/example_branch_python_dop_operator_3.py
[2022-10-09T07:08:18.429+0000] {processor.py:758} INFO - Processing file /home/airflow/.local/lib/python3.7/site-packages/airflow/example_dags/example_branch_python_dop_operator_3.py for tasks to queue
[2022-10-09T07:08:18.431+0000] {logging_mixin.py:117} INFO - [2022-10-09T07:08:18.431+0000] {dagbag.py:525} INFO - Filling up the DagBag from /home/airflow/.local/lib/python3.7/site-packages/airflow/example_dags/example_branch_python_dop_operator_3.py
[2022-10-09T07:08:18.452+0000] {processor.py:768} INFO - DAG(s) dict_keys(['example_branch_dop_operator_v3']) retrieved from /home/airflow/.local/lib/python3.7/site-packages/airflow/example_dags/example_branch_python_dop_operator_3.py
[2022-10-09T07:08:18.509+0000] {logging_mixin.py:117} INFO - [2022-10-09T07:08:18.509+0000] {dag.py:2573} INFO - Sync 1 DAGs
[2022-10-09T07:08:18.542+0000] {logging_mixin.py:117} INFO - [2022-10-09T07:08:18.542+0000] {dag.py:3328} INFO - Setting next_dagrun for example_branch_dop_operator_v3 to 2022-10-09T07:07:00+00:00, run_after=2022-10-09T07:08:00+00:00
[2022-10-09T07:08:18.557+0000] {processor.py:178} INFO - Processing /home/airflow/.local/lib/python3.7/site-packages/airflow/example_dags/example_branch_python_dop_operator_3.py took 0.133 seconds
[2022-10-09T07:08:48.886+0000] {processor.py:156} INFO - Started process (PID=2192) to work on /home/airflow/.local/lib/python3.7/site-packages/airflow/example_dags/example_branch_python_dop_operator_3.py
[2022-10-09T07:08:48.888+0000] {processor.py:758} INFO - Processing file /home/airflow/.local/lib/python3.7/site-packages/airflow/example_dags/example_branch_python_dop_operator_3.py for tasks to queue
[2022-10-09T07:08:48.890+0000] {logging_mixin.py:117} INFO - [2022-10-09T07:08:48.890+0000] {dagbag.py:525} INFO - Filling up the DagBag from /home/airflow/.local/lib/python3.7/site-packages/airflow/example_dags/example_branch_python_dop_operator_3.py
[2022-10-09T07:08:48.904+0000] {processor.py:768} INFO - DAG(s) dict_keys(['example_branch_dop_operator_v3']) retrieved from /home/airflow/.local/lib/python3.7/site-packages/airflow/example_dags/example_branch_python_dop_operator_3.py
[2022-10-09T07:08:48.928+0000] {logging_mixin.py:117} INFO - [2022-10-09T07:08:48.928+0000] {dag.py:2573} INFO - Sync 1 DAGs
[2022-10-09T07:08:48.945+0000] {logging_mixin.py:117} INFO - [2022-10-09T07:08:48.945+0000] {dag.py:3328} INFO - Setting next_dagrun for example_branch_dop_operator_v3 to 2022-10-09T07:07:00+00:00, run_after=2022-10-09T07:08:00+00:00
[2022-10-09T07:08:48.955+0000] {processor.py:178} INFO - Processing /home/airflow/.local/lib/python3.7/site-packages/airflow/example_dags/example_branch_python_dop_operator_3.py took 0.072 seconds
[2022-10-09T07:09:19.225+0000] {processor.py:156} INFO - Started process (PID=2256) to work on /home/airflow/.local/lib/python3.7/site-packages/airflow/example_dags/example_branch_python_dop_operator_3.py
[2022-10-09T07:09:19.227+0000] {processor.py:758} INFO - Processing file /home/airflow/.local/lib/python3.7/site-packages/airflow/example_dags/example_branch_python_dop_operator_3.py for tasks to queue
[2022-10-09T07:09:19.228+0000] {logging_mixin.py:117} INFO - [2022-10-09T07:09:19.228+0000] {dagbag.py:525} INFO - Filling up the DagBag from /home/airflow/.local/lib/python3.7/site-packages/airflow/example_dags/example_branch_python_dop_operator_3.py
[2022-10-09T07:09:19.244+0000] {processor.py:768} INFO - DAG(s) dict_keys(['example_branch_dop_operator_v3']) retrieved from /home/airflow/.local/lib/python3.7/site-packages/airflow/example_dags/example_branch_python_dop_operator_3.py
[2022-10-09T07:09:19.270+0000] {logging_mixin.py:117} INFO - [2022-10-09T07:09:19.270+0000] {dag.py:2573} INFO - Sync 1 DAGs
[2022-10-09T07:09:19.287+0000] {logging_mixin.py:117} INFO - [2022-10-09T07:09:19.287+0000] {dag.py:3328} INFO - Setting next_dagrun for example_branch_dop_operator_v3 to 2022-10-09T07:08:00+00:00, run_after=2022-10-09T07:09:00+00:00
[2022-10-09T07:09:19.298+0000] {processor.py:178} INFO - Processing /home/airflow/.local/lib/python3.7/site-packages/airflow/example_dags/example_branch_python_dop_operator_3.py took 0.076 seconds
[2022-10-09T07:09:49.763+0000] {processor.py:156} INFO - Started process (PID=2318) to work on /home/airflow/.local/lib/python3.7/site-packages/airflow/example_dags/example_branch_python_dop_operator_3.py
[2022-10-09T07:09:49.764+0000] {processor.py:758} INFO - Processing file /home/airflow/.local/lib/python3.7/site-packages/airflow/example_dags/example_branch_python_dop_operator_3.py for tasks to queue
[2022-10-09T07:09:49.765+0000] {logging_mixin.py:117} INFO - [2022-10-09T07:09:49.765+0000] {dagbag.py:525} INFO - Filling up the DagBag from /home/airflow/.local/lib/python3.7/site-packages/airflow/example_dags/example_branch_python_dop_operator_3.py
[2022-10-09T07:09:49.779+0000] {processor.py:768} INFO - DAG(s) dict_keys(['example_branch_dop_operator_v3']) retrieved from /home/airflow/.local/lib/python3.7/site-packages/airflow/example_dags/example_branch_python_dop_operator_3.py
[2022-10-09T07:09:49.805+0000] {logging_mixin.py:117} INFO - [2022-10-09T07:09:49.805+0000] {dag.py:2573} INFO - Sync 1 DAGs
[2022-10-09T07:09:49.822+0000] {logging_mixin.py:117} INFO - [2022-10-09T07:09:49.822+0000] {dag.py:3328} INFO - Setting next_dagrun for example_branch_dop_operator_v3 to 2022-10-09T07:08:00+00:00, run_after=2022-10-09T07:09:00+00:00
[2022-10-09T07:09:49.834+0000] {processor.py:178} INFO - Processing /home/airflow/.local/lib/python3.7/site-packages/airflow/example_dags/example_branch_python_dop_operator_3.py took 0.074 seconds
[2022-10-09T07:10:20.127+0000] {processor.py:156} INFO - Started process (PID=2380) to work on /home/airflow/.local/lib/python3.7/site-packages/airflow/example_dags/example_branch_python_dop_operator_3.py
[2022-10-09T07:10:20.129+0000] {processor.py:758} INFO - Processing file /home/airflow/.local/lib/python3.7/site-packages/airflow/example_dags/example_branch_python_dop_operator_3.py for tasks to queue
[2022-10-09T07:10:20.130+0000] {logging_mixin.py:117} INFO - [2022-10-09T07:10:20.130+0000] {dagbag.py:525} INFO - Filling up the DagBag from /home/airflow/.local/lib/python3.7/site-packages/airflow/example_dags/example_branch_python_dop_operator_3.py
[2022-10-09T07:10:20.146+0000] {processor.py:768} INFO - DAG(s) dict_keys(['example_branch_dop_operator_v3']) retrieved from /home/airflow/.local/lib/python3.7/site-packages/airflow/example_dags/example_branch_python_dop_operator_3.py
[2022-10-09T07:10:20.172+0000] {logging_mixin.py:117} INFO - [2022-10-09T07:10:20.172+0000] {dag.py:2573} INFO - Sync 1 DAGs
[2022-10-09T07:10:20.188+0000] {logging_mixin.py:117} INFO - [2022-10-09T07:10:20.188+0000] {dag.py:3328} INFO - Setting next_dagrun for example_branch_dop_operator_v3 to 2022-10-09T07:09:00+00:00, run_after=2022-10-09T07:10:00+00:00
[2022-10-09T07:10:20.201+0000] {processor.py:178} INFO - Processing /home/airflow/.local/lib/python3.7/site-packages/airflow/example_dags/example_branch_python_dop_operator_3.py took 0.076 seconds
[2022-10-09T07:10:50.868+0000] {processor.py:156} INFO - Started process (PID=2443) to work on /home/airflow/.local/lib/python3.7/site-packages/airflow/example_dags/example_branch_python_dop_operator_3.py
[2022-10-09T07:10:50.870+0000] {processor.py:758} INFO - Processing file /home/airflow/.local/lib/python3.7/site-packages/airflow/example_dags/example_branch_python_dop_operator_3.py for tasks to queue
[2022-10-09T07:10:50.871+0000] {logging_mixin.py:117} INFO - [2022-10-09T07:10:50.871+0000] {dagbag.py:525} INFO - Filling up the DagBag from /home/airflow/.local/lib/python3.7/site-packages/airflow/example_dags/example_branch_python_dop_operator_3.py
[2022-10-09T07:10:50.885+0000] {processor.py:768} INFO - DAG(s) dict_keys(['example_branch_dop_operator_v3']) retrieved from /home/airflow/.local/lib/python3.7/site-packages/airflow/example_dags/example_branch_python_dop_operator_3.py
[2022-10-09T07:10:50.912+0000] {logging_mixin.py:117} INFO - [2022-10-09T07:10:50.912+0000] {dag.py:2573} INFO - Sync 1 DAGs
[2022-10-09T07:10:50.934+0000] {logging_mixin.py:117} INFO - [2022-10-09T07:10:50.934+0000] {dag.py:3328} INFO - Setting next_dagrun for example_branch_dop_operator_v3 to 2022-10-09T07:09:00+00:00, run_after=2022-10-09T07:10:00+00:00
[2022-10-09T07:10:50.947+0000] {processor.py:178} INFO - Processing /home/airflow/.local/lib/python3.7/site-packages/airflow/example_dags/example_branch_python_dop_operator_3.py took 0.081 seconds
[2022-10-09T07:11:21.138+0000] {processor.py:156} INFO - Started process (PID=2497) to work on /home/airflow/.local/lib/python3.7/site-packages/airflow/example_dags/example_branch_python_dop_operator_3.py
[2022-10-09T07:11:21.139+0000] {processor.py:758} INFO - Processing file /home/airflow/.local/lib/python3.7/site-packages/airflow/example_dags/example_branch_python_dop_operator_3.py for tasks to queue
[2022-10-09T07:11:21.141+0000] {logging_mixin.py:117} INFO - [2022-10-09T07:11:21.141+0000] {dagbag.py:525} INFO - Filling up the DagBag from /home/airflow/.local/lib/python3.7/site-packages/airflow/example_dags/example_branch_python_dop_operator_3.py
[2022-10-09T07:11:21.157+0000] {processor.py:768} INFO - DAG(s) dict_keys(['example_branch_dop_operator_v3']) retrieved from /home/airflow/.local/lib/python3.7/site-packages/airflow/example_dags/example_branch_python_dop_operator_3.py
[2022-10-09T07:11:21.187+0000] {logging_mixin.py:117} INFO - [2022-10-09T07:11:21.187+0000] {dag.py:2573} INFO - Sync 1 DAGs
[2022-10-09T07:11:21.205+0000] {logging_mixin.py:117} INFO - [2022-10-09T07:11:21.205+0000] {dag.py:3328} INFO - Setting next_dagrun for example_branch_dop_operator_v3 to 2022-10-09T07:10:00+00:00, run_after=2022-10-09T07:11:00+00:00
[2022-10-09T07:11:21.217+0000] {processor.py:178} INFO - Processing /home/airflow/.local/lib/python3.7/site-packages/airflow/example_dags/example_branch_python_dop_operator_3.py took 0.082 seconds
[2022-10-09T07:11:51.510+0000] {processor.py:156} INFO - Started process (PID=2560) to work on /home/airflow/.local/lib/python3.7/site-packages/airflow/example_dags/example_branch_python_dop_operator_3.py
[2022-10-09T07:11:51.512+0000] {processor.py:758} INFO - Processing file /home/airflow/.local/lib/python3.7/site-packages/airflow/example_dags/example_branch_python_dop_operator_3.py for tasks to queue
[2022-10-09T07:11:51.512+0000] {logging_mixin.py:117} INFO - [2022-10-09T07:11:51.512+0000] {dagbag.py:525} INFO - Filling up the DagBag from /home/airflow/.local/lib/python3.7/site-packages/airflow/example_dags/example_branch_python_dop_operator_3.py
[2022-10-09T07:11:51.527+0000] {processor.py:768} INFO - DAG(s) dict_keys(['example_branch_dop_operator_v3']) retrieved from /home/airflow/.local/lib/python3.7/site-packages/airflow/example_dags/example_branch_python_dop_operator_3.py
[2022-10-09T07:11:51.555+0000] {logging_mixin.py:117} INFO - [2022-10-09T07:11:51.555+0000] {dag.py:2573} INFO - Sync 1 DAGs
[2022-10-09T07:11:51.572+0000] {logging_mixin.py:117} INFO - [2022-10-09T07:11:51.571+0000] {dag.py:3328} INFO - Setting next_dagrun for example_branch_dop_operator_v3 to 2022-10-09T07:10:00+00:00, run_after=2022-10-09T07:11:00+00:00
[2022-10-09T07:11:51.583+0000] {processor.py:178} INFO - Processing /home/airflow/.local/lib/python3.7/site-packages/airflow/example_dags/example_branch_python_dop_operator_3.py took 0.075 seconds
[2022-10-09T07:12:21.761+0000] {processor.py:156} INFO - Started process (PID=2623) to work on /home/airflow/.local/lib/python3.7/site-packages/airflow/example_dags/example_branch_python_dop_operator_3.py
[2022-10-09T07:12:21.763+0000] {processor.py:758} INFO - Processing file /home/airflow/.local/lib/python3.7/site-packages/airflow/example_dags/example_branch_python_dop_operator_3.py for tasks to queue
[2022-10-09T07:12:21.764+0000] {logging_mixin.py:117} INFO - [2022-10-09T07:12:21.764+0000] {dagbag.py:525} INFO - Filling up the DagBag from /home/airflow/.local/lib/python3.7/site-packages/airflow/example_dags/example_branch_python_dop_operator_3.py
[2022-10-09T07:12:21.779+0000] {processor.py:768} INFO - DAG(s) dict_keys(['example_branch_dop_operator_v3']) retrieved from /home/airflow/.local/lib/python3.7/site-packages/airflow/example_dags/example_branch_python_dop_operator_3.py
[2022-10-09T07:12:21.803+0000] {logging_mixin.py:117} INFO - [2022-10-09T07:12:21.803+0000] {dag.py:2573} INFO - Sync 1 DAGs
[2022-10-09T07:12:21.820+0000] {logging_mixin.py:117} INFO - [2022-10-09T07:12:21.820+0000] {dag.py:3328} INFO - Setting next_dagrun for example_branch_dop_operator_v3 to 2022-10-09T07:11:00+00:00, run_after=2022-10-09T07:12:00+00:00
[2022-10-09T07:12:21.833+0000] {processor.py:178} INFO - Processing /home/airflow/.local/lib/python3.7/site-packages/airflow/example_dags/example_branch_python_dop_operator_3.py took 0.074 seconds
[2022-10-09T07:12:52.085+0000] {processor.py:156} INFO - Started process (PID=2686) to work on /home/airflow/.local/lib/python3.7/site-packages/airflow/example_dags/example_branch_python_dop_operator_3.py
[2022-10-09T07:12:52.087+0000] {processor.py:758} INFO - Processing file /home/airflow/.local/lib/python3.7/site-packages/airflow/example_dags/example_branch_python_dop_operator_3.py for tasks to queue
[2022-10-09T07:12:52.088+0000] {logging_mixin.py:117} INFO - [2022-10-09T07:12:52.087+0000] {dagbag.py:525} INFO - Filling up the DagBag from /home/airflow/.local/lib/python3.7/site-packages/airflow/example_dags/example_branch_python_dop_operator_3.py
[2022-10-09T07:12:52.104+0000] {processor.py:768} INFO - DAG(s) dict_keys(['example_branch_dop_operator_v3']) retrieved from /home/airflow/.local/lib/python3.7/site-packages/airflow/example_dags/example_branch_python_dop_operator_3.py
[2022-10-09T07:12:52.135+0000] {logging_mixin.py:117} INFO - [2022-10-09T07:12:52.135+0000] {dag.py:2573} INFO - Sync 1 DAGs
[2022-10-09T07:12:52.154+0000] {logging_mixin.py:117} INFO - [2022-10-09T07:12:52.154+0000] {dag.py:3328} INFO - Setting next_dagrun for example_branch_dop_operator_v3 to 2022-10-09T07:11:00+00:00, run_after=2022-10-09T07:12:00+00:00
[2022-10-09T07:12:52.166+0000] {processor.py:178} INFO - Processing /home/airflow/.local/lib/python3.7/site-packages/airflow/example_dags/example_branch_python_dop_operator_3.py took 0.083 seconds
[2022-10-09T07:13:22.634+0000] {processor.py:156} INFO - Started process (PID=2750) to work on /home/airflow/.local/lib/python3.7/site-packages/airflow/example_dags/example_branch_python_dop_operator_3.py
[2022-10-09T07:13:22.635+0000] {processor.py:758} INFO - Processing file /home/airflow/.local/lib/python3.7/site-packages/airflow/example_dags/example_branch_python_dop_operator_3.py for tasks to queue
[2022-10-09T07:13:22.636+0000] {logging_mixin.py:117} INFO - [2022-10-09T07:13:22.636+0000] {dagbag.py:525} INFO - Filling up the DagBag from /home/airflow/.local/lib/python3.7/site-packages/airflow/example_dags/example_branch_python_dop_operator_3.py
[2022-10-09T07:13:22.655+0000] {processor.py:768} INFO - DAG(s) dict_keys(['example_branch_dop_operator_v3']) retrieved from /home/airflow/.local/lib/python3.7/site-packages/airflow/example_dags/example_branch_python_dop_operator_3.py
[2022-10-09T07:13:22.689+0000] {logging_mixin.py:117} INFO - [2022-10-09T07:13:22.689+0000] {dag.py:2573} INFO - Sync 1 DAGs
[2022-10-09T07:13:22.707+0000] {logging_mixin.py:117} INFO - [2022-10-09T07:13:22.707+0000] {dag.py:3328} INFO - Setting next_dagrun for example_branch_dop_operator_v3 to 2022-10-09T07:12:00+00:00, run_after=2022-10-09T07:13:00+00:00
[2022-10-09T07:13:22.719+0000] {processor.py:178} INFO - Processing /home/airflow/.local/lib/python3.7/site-packages/airflow/example_dags/example_branch_python_dop_operator_3.py took 0.088 seconds
[2022-10-09T07:13:52.972+0000] {processor.py:156} INFO - Started process (PID=2803) to work on /home/airflow/.local/lib/python3.7/site-packages/airflow/example_dags/example_branch_python_dop_operator_3.py
[2022-10-09T07:13:52.974+0000] {processor.py:758} INFO - Processing file /home/airflow/.local/lib/python3.7/site-packages/airflow/example_dags/example_branch_python_dop_operator_3.py for tasks to queue
[2022-10-09T07:13:52.976+0000] {logging_mixin.py:117} INFO - [2022-10-09T07:13:52.976+0000] {dagbag.py:525} INFO - Filling up the DagBag from /home/airflow/.local/lib/python3.7/site-packages/airflow/example_dags/example_branch_python_dop_operator_3.py
[2022-10-09T07:13:52.995+0000] {processor.py:768} INFO - DAG(s) dict_keys(['example_branch_dop_operator_v3']) retrieved from /home/airflow/.local/lib/python3.7/site-packages/airflow/example_dags/example_branch_python_dop_operator_3.py
[2022-10-09T07:13:53.028+0000] {logging_mixin.py:117} INFO - [2022-10-09T07:13:53.028+0000] {dag.py:2573} INFO - Sync 1 DAGs
[2022-10-09T07:13:53.049+0000] {logging_mixin.py:117} INFO - [2022-10-09T07:13:53.049+0000] {dag.py:3328} INFO - Setting next_dagrun for example_branch_dop_operator_v3 to 2022-10-09T07:12:00+00:00, run_after=2022-10-09T07:13:00+00:00
[2022-10-09T07:13:53.063+0000] {processor.py:178} INFO - Processing /home/airflow/.local/lib/python3.7/site-packages/airflow/example_dags/example_branch_python_dop_operator_3.py took 0.094 seconds
[2022-10-09T07:14:23.406+0000] {processor.py:156} INFO - Started process (PID=2865) to work on /home/airflow/.local/lib/python3.7/site-packages/airflow/example_dags/example_branch_python_dop_operator_3.py
[2022-10-09T07:14:23.408+0000] {processor.py:758} INFO - Processing file /home/airflow/.local/lib/python3.7/site-packages/airflow/example_dags/example_branch_python_dop_operator_3.py for tasks to queue
[2022-10-09T07:14:23.409+0000] {logging_mixin.py:117} INFO - [2022-10-09T07:14:23.409+0000] {dagbag.py:525} INFO - Filling up the DagBag from /home/airflow/.local/lib/python3.7/site-packages/airflow/example_dags/example_branch_python_dop_operator_3.py
[2022-10-09T07:14:23.426+0000] {processor.py:768} INFO - DAG(s) dict_keys(['example_branch_dop_operator_v3']) retrieved from /home/airflow/.local/lib/python3.7/site-packages/airflow/example_dags/example_branch_python_dop_operator_3.py
[2022-10-09T07:14:23.454+0000] {logging_mixin.py:117} INFO - [2022-10-09T07:14:23.454+0000] {dag.py:2573} INFO - Sync 1 DAGs
[2022-10-09T07:14:23.472+0000] {logging_mixin.py:117} INFO - [2022-10-09T07:14:23.471+0000] {dag.py:3328} INFO - Setting next_dagrun for example_branch_dop_operator_v3 to 2022-10-09T07:13:00+00:00, run_after=2022-10-09T07:14:00+00:00
[2022-10-09T07:14:23.486+0000] {processor.py:178} INFO - Processing /home/airflow/.local/lib/python3.7/site-packages/airflow/example_dags/example_branch_python_dop_operator_3.py took 0.082 seconds
[2022-10-09T07:14:53.754+0000] {processor.py:156} INFO - Started process (PID=2929) to work on /home/airflow/.local/lib/python3.7/site-packages/airflow/example_dags/example_branch_python_dop_operator_3.py
[2022-10-09T07:14:53.756+0000] {processor.py:758} INFO - Processing file /home/airflow/.local/lib/python3.7/site-packages/airflow/example_dags/example_branch_python_dop_operator_3.py for tasks to queue
[2022-10-09T07:14:53.757+0000] {logging_mixin.py:117} INFO - [2022-10-09T07:14:53.757+0000] {dagbag.py:525} INFO - Filling up the DagBag from /home/airflow/.local/lib/python3.7/site-packages/airflow/example_dags/example_branch_python_dop_operator_3.py
[2022-10-09T07:14:53.774+0000] {processor.py:768} INFO - DAG(s) dict_keys(['example_branch_dop_operator_v3']) retrieved from /home/airflow/.local/lib/python3.7/site-packages/airflow/example_dags/example_branch_python_dop_operator_3.py
[2022-10-09T07:14:53.799+0000] {logging_mixin.py:117} INFO - [2022-10-09T07:14:53.799+0000] {dag.py:2573} INFO - Sync 1 DAGs
[2022-10-09T07:14:53.817+0000] {logging_mixin.py:117} INFO - [2022-10-09T07:14:53.816+0000] {dag.py:3328} INFO - Setting next_dagrun for example_branch_dop_operator_v3 to 2022-10-09T07:13:00+00:00, run_after=2022-10-09T07:14:00+00:00
[2022-10-09T07:14:53.828+0000] {processor.py:178} INFO - Processing /home/airflow/.local/lib/python3.7/site-packages/airflow/example_dags/example_branch_python_dop_operator_3.py took 0.076 seconds
[2022-10-09T07:15:23.958+0000] {processor.py:156} INFO - Started process (PID=2992) to work on /home/airflow/.local/lib/python3.7/site-packages/airflow/example_dags/example_branch_python_dop_operator_3.py
[2022-10-09T07:15:23.960+0000] {processor.py:758} INFO - Processing file /home/airflow/.local/lib/python3.7/site-packages/airflow/example_dags/example_branch_python_dop_operator_3.py for tasks to queue
[2022-10-09T07:15:23.961+0000] {logging_mixin.py:117} INFO - [2022-10-09T07:15:23.961+0000] {dagbag.py:525} INFO - Filling up the DagBag from /home/airflow/.local/lib/python3.7/site-packages/airflow/example_dags/example_branch_python_dop_operator_3.py
[2022-10-09T07:15:23.976+0000] {processor.py:768} INFO - DAG(s) dict_keys(['example_branch_dop_operator_v3']) retrieved from /home/airflow/.local/lib/python3.7/site-packages/airflow/example_dags/example_branch_python_dop_operator_3.py
[2022-10-09T07:15:24.002+0000] {logging_mixin.py:117} INFO - [2022-10-09T07:15:24.001+0000] {dag.py:2573} INFO - Sync 1 DAGs
[2022-10-09T07:15:24.018+0000] {logging_mixin.py:117} INFO - [2022-10-09T07:15:24.018+0000] {dag.py:3328} INFO - Setting next_dagrun for example_branch_dop_operator_v3 to 2022-10-09T07:14:00+00:00, run_after=2022-10-09T07:15:00+00:00
[2022-10-09T07:15:24.031+0000] {processor.py:178} INFO - Processing /home/airflow/.local/lib/python3.7/site-packages/airflow/example_dags/example_branch_python_dop_operator_3.py took 0.075 seconds
[2022-10-09T07:15:54.441+0000] {processor.py:156} INFO - Started process (PID=3055) to work on /home/airflow/.local/lib/python3.7/site-packages/airflow/example_dags/example_branch_python_dop_operator_3.py
[2022-10-09T07:15:54.443+0000] {processor.py:758} INFO - Processing file /home/airflow/.local/lib/python3.7/site-packages/airflow/example_dags/example_branch_python_dop_operator_3.py for tasks to queue
[2022-10-09T07:15:54.444+0000] {logging_mixin.py:117} INFO - [2022-10-09T07:15:54.444+0000] {dagbag.py:525} INFO - Filling up the DagBag from /home/airflow/.local/lib/python3.7/site-packages/airflow/example_dags/example_branch_python_dop_operator_3.py
[2022-10-09T07:15:54.459+0000] {processor.py:768} INFO - DAG(s) dict_keys(['example_branch_dop_operator_v3']) retrieved from /home/airflow/.local/lib/python3.7/site-packages/airflow/example_dags/example_branch_python_dop_operator_3.py
[2022-10-09T07:15:54.484+0000] {logging_mixin.py:117} INFO - [2022-10-09T07:15:54.484+0000] {dag.py:2573} INFO - Sync 1 DAGs
[2022-10-09T07:15:54.502+0000] {logging_mixin.py:117} INFO - [2022-10-09T07:15:54.502+0000] {dag.py:3328} INFO - Setting next_dagrun for example_branch_dop_operator_v3 to 2022-10-09T07:14:00+00:00, run_after=2022-10-09T07:15:00+00:00
[2022-10-09T07:15:54.513+0000] {processor.py:178} INFO - Processing /home/airflow/.local/lib/python3.7/site-packages/airflow/example_dags/example_branch_python_dop_operator_3.py took 0.074 seconds
[2022-10-09T07:16:24.645+0000] {processor.py:156} INFO - Started process (PID=3109) to work on /home/airflow/.local/lib/python3.7/site-packages/airflow/example_dags/example_branch_python_dop_operator_3.py
[2022-10-09T07:16:24.646+0000] {processor.py:758} INFO - Processing file /home/airflow/.local/lib/python3.7/site-packages/airflow/example_dags/example_branch_python_dop_operator_3.py for tasks to queue
[2022-10-09T07:16:24.647+0000] {logging_mixin.py:117} INFO - [2022-10-09T07:16:24.647+0000] {dagbag.py:525} INFO - Filling up the DagBag from /home/airflow/.local/lib/python3.7/site-packages/airflow/example_dags/example_branch_python_dop_operator_3.py
[2022-10-09T07:16:24.662+0000] {processor.py:768} INFO - DAG(s) dict_keys(['example_branch_dop_operator_v3']) retrieved from /home/airflow/.local/lib/python3.7/site-packages/airflow/example_dags/example_branch_python_dop_operator_3.py
[2022-10-09T07:16:24.687+0000] {logging_mixin.py:117} INFO - [2022-10-09T07:16:24.687+0000] {dag.py:2573} INFO - Sync 1 DAGs
[2022-10-09T07:16:24.706+0000] {logging_mixin.py:117} INFO - [2022-10-09T07:16:24.706+0000] {dag.py:3328} INFO - Setting next_dagrun for example_branch_dop_operator_v3 to 2022-10-09T07:15:00+00:00, run_after=2022-10-09T07:16:00+00:00
[2022-10-09T07:16:24.720+0000] {processor.py:178} INFO - Processing /home/airflow/.local/lib/python3.7/site-packages/airflow/example_dags/example_branch_python_dop_operator_3.py took 0.078 seconds
[2022-10-09T07:16:54.978+0000] {processor.py:156} INFO - Started process (PID=3171) to work on /home/airflow/.local/lib/python3.7/site-packages/airflow/example_dags/example_branch_python_dop_operator_3.py
[2022-10-09T07:16:54.980+0000] {processor.py:758} INFO - Processing file /home/airflow/.local/lib/python3.7/site-packages/airflow/example_dags/example_branch_python_dop_operator_3.py for tasks to queue
[2022-10-09T07:16:54.981+0000] {logging_mixin.py:117} INFO - [2022-10-09T07:16:54.981+0000] {dagbag.py:525} INFO - Filling up the DagBag from /home/airflow/.local/lib/python3.7/site-packages/airflow/example_dags/example_branch_python_dop_operator_3.py
[2022-10-09T07:16:54.995+0000] {processor.py:768} INFO - DAG(s) dict_keys(['example_branch_dop_operator_v3']) retrieved from /home/airflow/.local/lib/python3.7/site-packages/airflow/example_dags/example_branch_python_dop_operator_3.py
[2022-10-09T07:16:55.020+0000] {logging_mixin.py:117} INFO - [2022-10-09T07:16:55.020+0000] {dag.py:2573} INFO - Sync 1 DAGs
[2022-10-09T07:16:55.038+0000] {logging_mixin.py:117} INFO - [2022-10-09T07:16:55.038+0000] {dag.py:3328} INFO - Setting next_dagrun for example_branch_dop_operator_v3 to 2022-10-09T07:15:00+00:00, run_after=2022-10-09T07:16:00+00:00
[2022-10-09T07:16:55.049+0000] {processor.py:178} INFO - Processing /home/airflow/.local/lib/python3.7/site-packages/airflow/example_dags/example_branch_python_dop_operator_3.py took 0.073 seconds
[2022-10-09T07:17:25.796+0000] {processor.py:156} INFO - Started process (PID=3234) to work on /home/airflow/.local/lib/python3.7/site-packages/airflow/example_dags/example_branch_python_dop_operator_3.py
[2022-10-09T07:17:25.798+0000] {processor.py:758} INFO - Processing file /home/airflow/.local/lib/python3.7/site-packages/airflow/example_dags/example_branch_python_dop_operator_3.py for tasks to queue
[2022-10-09T07:17:25.800+0000] {logging_mixin.py:117} INFO - [2022-10-09T07:17:25.800+0000] {dagbag.py:525} INFO - Filling up the DagBag from /home/airflow/.local/lib/python3.7/site-packages/airflow/example_dags/example_branch_python_dop_operator_3.py
[2022-10-09T07:17:25.822+0000] {processor.py:768} INFO - DAG(s) dict_keys(['example_branch_dop_operator_v3']) retrieved from /home/airflow/.local/lib/python3.7/site-packages/airflow/example_dags/example_branch_python_dop_operator_3.py
[2022-10-09T07:17:25.858+0000] {logging_mixin.py:117} INFO - [2022-10-09T07:17:25.858+0000] {dag.py:2573} INFO - Sync 1 DAGs
[2022-10-09T07:17:25.877+0000] {logging_mixin.py:117} INFO - [2022-10-09T07:17:25.877+0000] {dag.py:3328} INFO - Setting next_dagrun for example_branch_dop_operator_v3 to 2022-10-09T07:16:00+00:00, run_after=2022-10-09T07:17:00+00:00
[2022-10-09T07:17:25.892+0000] {processor.py:178} INFO - Processing /home/airflow/.local/lib/python3.7/site-packages/airflow/example_dags/example_branch_python_dop_operator_3.py took 0.100 seconds
[2022-10-09T07:17:56.038+0000] {processor.py:156} INFO - Started process (PID=3295) to work on /home/airflow/.local/lib/python3.7/site-packages/airflow/example_dags/example_branch_python_dop_operator_3.py
[2022-10-09T07:17:56.040+0000] {processor.py:758} INFO - Processing file /home/airflow/.local/lib/python3.7/site-packages/airflow/example_dags/example_branch_python_dop_operator_3.py for tasks to queue
[2022-10-09T07:17:56.041+0000] {logging_mixin.py:117} INFO - [2022-10-09T07:17:56.041+0000] {dagbag.py:525} INFO - Filling up the DagBag from /home/airflow/.local/lib/python3.7/site-packages/airflow/example_dags/example_branch_python_dop_operator_3.py
[2022-10-09T07:17:56.056+0000] {processor.py:768} INFO - DAG(s) dict_keys(['example_branch_dop_operator_v3']) retrieved from /home/airflow/.local/lib/python3.7/site-packages/airflow/example_dags/example_branch_python_dop_operator_3.py
[2022-10-09T07:17:56.081+0000] {logging_mixin.py:117} INFO - [2022-10-09T07:17:56.081+0000] {dag.py:2573} INFO - Sync 1 DAGs
[2022-10-09T07:17:56.098+0000] {logging_mixin.py:117} INFO - [2022-10-09T07:17:56.098+0000] {dag.py:3328} INFO - Setting next_dagrun for example_branch_dop_operator_v3 to 2022-10-09T07:16:00+00:00, run_after=2022-10-09T07:17:00+00:00
[2022-10-09T07:17:56.111+0000] {processor.py:178} INFO - Processing /home/airflow/.local/lib/python3.7/site-packages/airflow/example_dags/example_branch_python_dop_operator_3.py took 0.077 seconds
[2022-10-09T07:18:26.351+0000] {processor.py:156} INFO - Started process (PID=3358) to work on /home/airflow/.local/lib/python3.7/site-packages/airflow/example_dags/example_branch_python_dop_operator_3.py
[2022-10-09T07:18:26.353+0000] {processor.py:758} INFO - Processing file /home/airflow/.local/lib/python3.7/site-packages/airflow/example_dags/example_branch_python_dop_operator_3.py for tasks to queue
[2022-10-09T07:18:26.354+0000] {logging_mixin.py:117} INFO - [2022-10-09T07:18:26.354+0000] {dagbag.py:525} INFO - Filling up the DagBag from /home/airflow/.local/lib/python3.7/site-packages/airflow/example_dags/example_branch_python_dop_operator_3.py
[2022-10-09T07:18:26.373+0000] {processor.py:768} INFO - DAG(s) dict_keys(['example_branch_dop_operator_v3']) retrieved from /home/airflow/.local/lib/python3.7/site-packages/airflow/example_dags/example_branch_python_dop_operator_3.py
[2022-10-09T07:18:26.400+0000] {logging_mixin.py:117} INFO - [2022-10-09T07:18:26.400+0000] {dag.py:2573} INFO - Sync 1 DAGs
[2022-10-09T07:18:26.419+0000] {logging_mixin.py:117} INFO - [2022-10-09T07:18:26.418+0000] {dag.py:3328} INFO - Setting next_dagrun for example_branch_dop_operator_v3 to 2022-10-09T07:17:00+00:00, run_after=2022-10-09T07:18:00+00:00
[2022-10-09T07:18:26.432+0000] {processor.py:178} INFO - Processing /home/airflow/.local/lib/python3.7/site-packages/airflow/example_dags/example_branch_python_dop_operator_3.py took 0.083 seconds
[2022-10-09T07:18:57.614+0000] {processor.py:156} INFO - Started process (PID=3420) to work on /home/airflow/.local/lib/python3.7/site-packages/airflow/example_dags/example_branch_python_dop_operator_3.py
[2022-10-09T07:18:57.615+0000] {processor.py:758} INFO - Processing file /home/airflow/.local/lib/python3.7/site-packages/airflow/example_dags/example_branch_python_dop_operator_3.py for tasks to queue
[2022-10-09T07:18:57.617+0000] {logging_mixin.py:117} INFO - [2022-10-09T07:18:57.617+0000] {dagbag.py:525} INFO - Filling up the DagBag from /home/airflow/.local/lib/python3.7/site-packages/airflow/example_dags/example_branch_python_dop_operator_3.py
[2022-10-09T07:18:57.632+0000] {processor.py:768} INFO - DAG(s) dict_keys(['example_branch_dop_operator_v3']) retrieved from /home/airflow/.local/lib/python3.7/site-packages/airflow/example_dags/example_branch_python_dop_operator_3.py
[2022-10-09T07:18:57.657+0000] {logging_mixin.py:117} INFO - [2022-10-09T07:18:57.657+0000] {dag.py:2573} INFO - Sync 1 DAGs
[2022-10-09T07:18:57.677+0000] {logging_mixin.py:117} INFO - [2022-10-09T07:18:57.677+0000] {dag.py:3328} INFO - Setting next_dagrun for example_branch_dop_operator_v3 to 2022-10-09T07:17:00+00:00, run_after=2022-10-09T07:18:00+00:00
[2022-10-09T07:18:57.689+0000] {processor.py:178} INFO - Processing /home/airflow/.local/lib/python3.7/site-packages/airflow/example_dags/example_branch_python_dop_operator_3.py took 0.077 seconds
[2022-10-09T07:19:27.935+0000] {processor.py:156} INFO - Started process (PID=3474) to work on /home/airflow/.local/lib/python3.7/site-packages/airflow/example_dags/example_branch_python_dop_operator_3.py
[2022-10-09T07:19:27.936+0000] {processor.py:758} INFO - Processing file /home/airflow/.local/lib/python3.7/site-packages/airflow/example_dags/example_branch_python_dop_operator_3.py for tasks to queue
[2022-10-09T07:19:27.937+0000] {logging_mixin.py:117} INFO - [2022-10-09T07:19:27.937+0000] {dagbag.py:525} INFO - Filling up the DagBag from /home/airflow/.local/lib/python3.7/site-packages/airflow/example_dags/example_branch_python_dop_operator_3.py
[2022-10-09T07:19:27.950+0000] {processor.py:768} INFO - DAG(s) dict_keys(['example_branch_dop_operator_v3']) retrieved from /home/airflow/.local/lib/python3.7/site-packages/airflow/example_dags/example_branch_python_dop_operator_3.py
[2022-10-09T07:19:27.976+0000] {logging_mixin.py:117} INFO - [2022-10-09T07:19:27.976+0000] {dag.py:2573} INFO - Sync 1 DAGs
[2022-10-09T07:19:27.991+0000] {logging_mixin.py:117} INFO - [2022-10-09T07:19:27.991+0000] {dag.py:3328} INFO - Setting next_dagrun for example_branch_dop_operator_v3 to 2022-10-09T07:18:00+00:00, run_after=2022-10-09T07:19:00+00:00
[2022-10-09T07:19:28.002+0000] {processor.py:178} INFO - Processing /home/airflow/.local/lib/python3.7/site-packages/airflow/example_dags/example_branch_python_dop_operator_3.py took 0.069 seconds
[2022-10-09T07:19:58.245+0000] {processor.py:156} INFO - Started process (PID=3538) to work on /home/airflow/.local/lib/python3.7/site-packages/airflow/example_dags/example_branch_python_dop_operator_3.py
[2022-10-09T07:19:58.247+0000] {processor.py:758} INFO - Processing file /home/airflow/.local/lib/python3.7/site-packages/airflow/example_dags/example_branch_python_dop_operator_3.py for tasks to queue
[2022-10-09T07:19:58.248+0000] {logging_mixin.py:117} INFO - [2022-10-09T07:19:58.248+0000] {dagbag.py:525} INFO - Filling up the DagBag from /home/airflow/.local/lib/python3.7/site-packages/airflow/example_dags/example_branch_python_dop_operator_3.py
[2022-10-09T07:19:58.263+0000] {processor.py:768} INFO - DAG(s) dict_keys(['example_branch_dop_operator_v3']) retrieved from /home/airflow/.local/lib/python3.7/site-packages/airflow/example_dags/example_branch_python_dop_operator_3.py
[2022-10-09T07:19:58.293+0000] {logging_mixin.py:117} INFO - [2022-10-09T07:19:58.293+0000] {dag.py:2573} INFO - Sync 1 DAGs
[2022-10-09T07:19:58.312+0000] {logging_mixin.py:117} INFO - [2022-10-09T07:19:58.311+0000] {dag.py:3328} INFO - Setting next_dagrun for example_branch_dop_operator_v3 to 2022-10-09T07:18:00+00:00, run_after=2022-10-09T07:19:00+00:00
[2022-10-09T07:19:58.324+0000] {processor.py:178} INFO - Processing /home/airflow/.local/lib/python3.7/site-packages/airflow/example_dags/example_branch_python_dop_operator_3.py took 0.081 seconds
[2022-10-09T07:20:28.979+0000] {processor.py:156} INFO - Started process (PID=3601) to work on /home/airflow/.local/lib/python3.7/site-packages/airflow/example_dags/example_branch_python_dop_operator_3.py
[2022-10-09T07:20:28.981+0000] {processor.py:758} INFO - Processing file /home/airflow/.local/lib/python3.7/site-packages/airflow/example_dags/example_branch_python_dop_operator_3.py for tasks to queue
[2022-10-09T07:20:28.982+0000] {logging_mixin.py:117} INFO - [2022-10-09T07:20:28.981+0000] {dagbag.py:525} INFO - Filling up the DagBag from /home/airflow/.local/lib/python3.7/site-packages/airflow/example_dags/example_branch_python_dop_operator_3.py
[2022-10-09T07:20:28.997+0000] {processor.py:768} INFO - DAG(s) dict_keys(['example_branch_dop_operator_v3']) retrieved from /home/airflow/.local/lib/python3.7/site-packages/airflow/example_dags/example_branch_python_dop_operator_3.py
[2022-10-09T07:20:29.023+0000] {logging_mixin.py:117} INFO - [2022-10-09T07:20:29.023+0000] {dag.py:2573} INFO - Sync 1 DAGs
[2022-10-09T07:20:29.042+0000] {logging_mixin.py:117} INFO - [2022-10-09T07:20:29.042+0000] {dag.py:3328} INFO - Setting next_dagrun for example_branch_dop_operator_v3 to 2022-10-09T07:19:00+00:00, run_after=2022-10-09T07:20:00+00:00
[2022-10-09T07:20:29.059+0000] {processor.py:178} INFO - Processing /home/airflow/.local/lib/python3.7/site-packages/airflow/example_dags/example_branch_python_dop_operator_3.py took 0.083 seconds
[2022-10-09T07:20:59.488+0000] {processor.py:156} INFO - Started process (PID=3664) to work on /home/airflow/.local/lib/python3.7/site-packages/airflow/example_dags/example_branch_python_dop_operator_3.py
[2022-10-09T07:20:59.489+0000] {processor.py:758} INFO - Processing file /home/airflow/.local/lib/python3.7/site-packages/airflow/example_dags/example_branch_python_dop_operator_3.py for tasks to queue
[2022-10-09T07:20:59.490+0000] {logging_mixin.py:117} INFO - [2022-10-09T07:20:59.490+0000] {dagbag.py:525} INFO - Filling up the DagBag from /home/airflow/.local/lib/python3.7/site-packages/airflow/example_dags/example_branch_python_dop_operator_3.py
[2022-10-09T07:20:59.506+0000] {processor.py:768} INFO - DAG(s) dict_keys(['example_branch_dop_operator_v3']) retrieved from /home/airflow/.local/lib/python3.7/site-packages/airflow/example_dags/example_branch_python_dop_operator_3.py
[2022-10-09T07:20:59.533+0000] {logging_mixin.py:117} INFO - [2022-10-09T07:20:59.533+0000] {dag.py:2573} INFO - Sync 1 DAGs
[2022-10-09T07:20:59.551+0000] {logging_mixin.py:117} INFO - [2022-10-09T07:20:59.550+0000] {dag.py:3328} INFO - Setting next_dagrun for example_branch_dop_operator_v3 to 2022-10-09T07:19:00+00:00, run_after=2022-10-09T07:20:00+00:00
[2022-10-09T07:20:59.563+0000] {processor.py:178} INFO - Processing /home/airflow/.local/lib/python3.7/site-packages/airflow/example_dags/example_branch_python_dop_operator_3.py took 0.077 seconds
[2022-10-09T07:21:29.977+0000] {processor.py:156} INFO - Started process (PID=3727) to work on /home/airflow/.local/lib/python3.7/site-packages/airflow/example_dags/example_branch_python_dop_operator_3.py
[2022-10-09T07:21:29.978+0000] {processor.py:758} INFO - Processing file /home/airflow/.local/lib/python3.7/site-packages/airflow/example_dags/example_branch_python_dop_operator_3.py for tasks to queue
[2022-10-09T07:21:29.980+0000] {logging_mixin.py:117} INFO - [2022-10-09T07:21:29.980+0000] {dagbag.py:525} INFO - Filling up the DagBag from /home/airflow/.local/lib/python3.7/site-packages/airflow/example_dags/example_branch_python_dop_operator_3.py
[2022-10-09T07:21:30.001+0000] {processor.py:768} INFO - DAG(s) dict_keys(['example_branch_dop_operator_v3']) retrieved from /home/airflow/.local/lib/python3.7/site-packages/airflow/example_dags/example_branch_python_dop_operator_3.py
[2022-10-09T07:21:30.025+0000] {logging_mixin.py:117} INFO - [2022-10-09T07:21:30.025+0000] {dag.py:2573} INFO - Sync 1 DAGs
[2022-10-09T07:21:30.042+0000] {logging_mixin.py:117} INFO - [2022-10-09T07:21:30.042+0000] {dag.py:3328} INFO - Setting next_dagrun for example_branch_dop_operator_v3 to 2022-10-09T07:20:00+00:00, run_after=2022-10-09T07:21:00+00:00
[2022-10-09T07:21:30.054+0000] {processor.py:178} INFO - Processing /home/airflow/.local/lib/python3.7/site-packages/airflow/example_dags/example_branch_python_dop_operator_3.py took 0.080 seconds
[2022-10-09T07:22:00.230+0000] {processor.py:156} INFO - Started process (PID=3779) to work on /home/airflow/.local/lib/python3.7/site-packages/airflow/example_dags/example_branch_python_dop_operator_3.py
[2022-10-09T07:22:00.231+0000] {processor.py:758} INFO - Processing file /home/airflow/.local/lib/python3.7/site-packages/airflow/example_dags/example_branch_python_dop_operator_3.py for tasks to queue
[2022-10-09T07:22:00.232+0000] {logging_mixin.py:117} INFO - [2022-10-09T07:22:00.232+0000] {dagbag.py:525} INFO - Filling up the DagBag from /home/airflow/.local/lib/python3.7/site-packages/airflow/example_dags/example_branch_python_dop_operator_3.py
[2022-10-09T07:22:00.246+0000] {processor.py:768} INFO - DAG(s) dict_keys(['example_branch_dop_operator_v3']) retrieved from /home/airflow/.local/lib/python3.7/site-packages/airflow/example_dags/example_branch_python_dop_operator_3.py
[2022-10-09T07:22:00.270+0000] {logging_mixin.py:117} INFO - [2022-10-09T07:22:00.270+0000] {dag.py:2573} INFO - Sync 1 DAGs
[2022-10-09T07:22:00.285+0000] {logging_mixin.py:117} INFO - [2022-10-09T07:22:00.285+0000] {dag.py:3328} INFO - Setting next_dagrun for example_branch_dop_operator_v3 to 2022-10-09T07:21:00+00:00, run_after=2022-10-09T07:22:00+00:00
[2022-10-09T07:22:00.296+0000] {processor.py:178} INFO - Processing /home/airflow/.local/lib/python3.7/site-packages/airflow/example_dags/example_branch_python_dop_operator_3.py took 0.068 seconds
[2022-10-09T07:22:30.589+0000] {processor.py:156} INFO - Started process (PID=3842) to work on /home/airflow/.local/lib/python3.7/site-packages/airflow/example_dags/example_branch_python_dop_operator_3.py
[2022-10-09T07:22:30.590+0000] {processor.py:758} INFO - Processing file /home/airflow/.local/lib/python3.7/site-packages/airflow/example_dags/example_branch_python_dop_operator_3.py for tasks to queue
[2022-10-09T07:22:30.592+0000] {logging_mixin.py:117} INFO - [2022-10-09T07:22:30.592+0000] {dagbag.py:525} INFO - Filling up the DagBag from /home/airflow/.local/lib/python3.7/site-packages/airflow/example_dags/example_branch_python_dop_operator_3.py
[2022-10-09T07:22:30.607+0000] {processor.py:768} INFO - DAG(s) dict_keys(['example_branch_dop_operator_v3']) retrieved from /home/airflow/.local/lib/python3.7/site-packages/airflow/example_dags/example_branch_python_dop_operator_3.py
[2022-10-09T07:22:30.633+0000] {logging_mixin.py:117} INFO - [2022-10-09T07:22:30.633+0000] {dag.py:2573} INFO - Sync 1 DAGs
[2022-10-09T07:22:30.651+0000] {logging_mixin.py:117} INFO - [2022-10-09T07:22:30.651+0000] {dag.py:3328} INFO - Setting next_dagrun for example_branch_dop_operator_v3 to 2022-10-09T07:21:00+00:00, run_after=2022-10-09T07:22:00+00:00
[2022-10-09T07:22:30.664+0000] {processor.py:178} INFO - Processing /home/airflow/.local/lib/python3.7/site-packages/airflow/example_dags/example_branch_python_dop_operator_3.py took 0.077 seconds
[2022-10-09T07:23:00.863+0000] {processor.py:156} INFO - Started process (PID=3906) to work on /home/airflow/.local/lib/python3.7/site-packages/airflow/example_dags/example_branch_python_dop_operator_3.py
[2022-10-09T07:23:00.864+0000] {processor.py:758} INFO - Processing file /home/airflow/.local/lib/python3.7/site-packages/airflow/example_dags/example_branch_python_dop_operator_3.py for tasks to queue
[2022-10-09T07:23:00.865+0000] {logging_mixin.py:117} INFO - [2022-10-09T07:23:00.865+0000] {dagbag.py:525} INFO - Filling up the DagBag from /home/airflow/.local/lib/python3.7/site-packages/airflow/example_dags/example_branch_python_dop_operator_3.py
[2022-10-09T07:23:00.880+0000] {processor.py:768} INFO - DAG(s) dict_keys(['example_branch_dop_operator_v3']) retrieved from /home/airflow/.local/lib/python3.7/site-packages/airflow/example_dags/example_branch_python_dop_operator_3.py
[2022-10-09T07:23:00.907+0000] {logging_mixin.py:117} INFO - [2022-10-09T07:23:00.907+0000] {dag.py:2573} INFO - Sync 1 DAGs
[2022-10-09T07:23:00.928+0000] {logging_mixin.py:117} INFO - [2022-10-09T07:23:00.928+0000] {dag.py:3328} INFO - Setting next_dagrun for example_branch_dop_operator_v3 to 2022-10-09T07:22:00+00:00, run_after=2022-10-09T07:23:00+00:00
[2022-10-09T07:23:00.941+0000] {processor.py:178} INFO - Processing /home/airflow/.local/lib/python3.7/site-packages/airflow/example_dags/example_branch_python_dop_operator_3.py took 0.080 seconds
[2022-10-09T07:23:31.248+0000] {processor.py:156} INFO - Started process (PID=3969) to work on /home/airflow/.local/lib/python3.7/site-packages/airflow/example_dags/example_branch_python_dop_operator_3.py
[2022-10-09T07:23:31.250+0000] {processor.py:758} INFO - Processing file /home/airflow/.local/lib/python3.7/site-packages/airflow/example_dags/example_branch_python_dop_operator_3.py for tasks to queue
[2022-10-09T07:23:31.251+0000] {logging_mixin.py:117} INFO - [2022-10-09T07:23:31.251+0000] {dagbag.py:525} INFO - Filling up the DagBag from /home/airflow/.local/lib/python3.7/site-packages/airflow/example_dags/example_branch_python_dop_operator_3.py
[2022-10-09T07:23:31.266+0000] {processor.py:768} INFO - DAG(s) dict_keys(['example_branch_dop_operator_v3']) retrieved from /home/airflow/.local/lib/python3.7/site-packages/airflow/example_dags/example_branch_python_dop_operator_3.py
[2022-10-09T07:23:31.294+0000] {logging_mixin.py:117} INFO - [2022-10-09T07:23:31.294+0000] {dag.py:2573} INFO - Sync 1 DAGs
[2022-10-09T07:23:31.311+0000] {logging_mixin.py:117} INFO - [2022-10-09T07:23:31.311+0000] {dag.py:3328} INFO - Setting next_dagrun for example_branch_dop_operator_v3 to 2022-10-09T07:22:00+00:00, run_after=2022-10-09T07:23:00+00:00
[2022-10-09T07:23:31.324+0000] {processor.py:178} INFO - Processing /home/airflow/.local/lib/python3.7/site-packages/airflow/example_dags/example_branch_python_dop_operator_3.py took 0.078 seconds
[2022-10-09T07:24:01.470+0000] {processor.py:156} INFO - Started process (PID=4032) to work on /home/airflow/.local/lib/python3.7/site-packages/airflow/example_dags/example_branch_python_dop_operator_3.py
[2022-10-09T07:24:01.472+0000] {processor.py:758} INFO - Processing file /home/airflow/.local/lib/python3.7/site-packages/airflow/example_dags/example_branch_python_dop_operator_3.py for tasks to queue
[2022-10-09T07:24:01.473+0000] {logging_mixin.py:117} INFO - [2022-10-09T07:24:01.473+0000] {dagbag.py:525} INFO - Filling up the DagBag from /home/airflow/.local/lib/python3.7/site-packages/airflow/example_dags/example_branch_python_dop_operator_3.py
[2022-10-09T07:24:01.487+0000] {processor.py:768} INFO - DAG(s) dict_keys(['example_branch_dop_operator_v3']) retrieved from /home/airflow/.local/lib/python3.7/site-packages/airflow/example_dags/example_branch_python_dop_operator_3.py
[2022-10-09T07:24:01.513+0000] {logging_mixin.py:117} INFO - [2022-10-09T07:24:01.513+0000] {dag.py:2573} INFO - Sync 1 DAGs
[2022-10-09T07:24:01.530+0000] {logging_mixin.py:117} INFO - [2022-10-09T07:24:01.530+0000] {dag.py:3328} INFO - Setting next_dagrun for example_branch_dop_operator_v3 to 2022-10-09T07:23:00+00:00, run_after=2022-10-09T07:24:00+00:00
[2022-10-09T07:24:01.544+0000] {processor.py:178} INFO - Processing /home/airflow/.local/lib/python3.7/site-packages/airflow/example_dags/example_branch_python_dop_operator_3.py took 0.075 seconds
[2022-10-09T07:24:32.153+0000] {processor.py:156} INFO - Started process (PID=4096) to work on /home/airflow/.local/lib/python3.7/site-packages/airflow/example_dags/example_branch_python_dop_operator_3.py
[2022-10-09T07:24:32.155+0000] {processor.py:758} INFO - Processing file /home/airflow/.local/lib/python3.7/site-packages/airflow/example_dags/example_branch_python_dop_operator_3.py for tasks to queue
[2022-10-09T07:24:32.157+0000] {logging_mixin.py:117} INFO - [2022-10-09T07:24:32.156+0000] {dagbag.py:525} INFO - Filling up the DagBag from /home/airflow/.local/lib/python3.7/site-packages/airflow/example_dags/example_branch_python_dop_operator_3.py
[2022-10-09T07:24:32.175+0000] {processor.py:768} INFO - DAG(s) dict_keys(['example_branch_dop_operator_v3']) retrieved from /home/airflow/.local/lib/python3.7/site-packages/airflow/example_dags/example_branch_python_dop_operator_3.py
[2022-10-09T07:24:32.206+0000] {logging_mixin.py:117} INFO - [2022-10-09T07:24:32.206+0000] {dag.py:2573} INFO - Sync 1 DAGs
[2022-10-09T07:24:32.232+0000] {logging_mixin.py:117} INFO - [2022-10-09T07:24:32.232+0000] {dag.py:3328} INFO - Setting next_dagrun for example_branch_dop_operator_v3 to 2022-10-09T07:23:00+00:00, run_after=2022-10-09T07:24:00+00:00
[2022-10-09T07:24:32.246+0000] {processor.py:178} INFO - Processing /home/airflow/.local/lib/python3.7/site-packages/airflow/example_dags/example_branch_python_dop_operator_3.py took 0.096 seconds
