[2022-10-09T06:40:39.994+0000] {processor.py:156} INFO - Started process (PID=53) to work on /home/airflow/.local/lib/python3.7/site-packages/airflow/example_dags/example_nested_branch_dag.py
[2022-10-09T06:40:39.997+0000] {processor.py:758} INFO - Processing file /home/airflow/.local/lib/python3.7/site-packages/airflow/example_dags/example_nested_branch_dag.py for tasks to queue
[2022-10-09T06:40:39.999+0000] {logging_mixin.py:117} INFO - [2022-10-09T06:40:39.999+0000] {dagbag.py:525} INFO - Filling up the DagBag from /home/airflow/.local/lib/python3.7/site-packages/airflow/example_dags/example_nested_branch_dag.py
[2022-10-09T06:40:40.038+0000] {processor.py:768} INFO - DAG(s) dict_keys(['example_nested_branch_dag']) retrieved from /home/airflow/.local/lib/python3.7/site-packages/airflow/example_dags/example_nested_branch_dag.py
[2022-10-09T06:40:40.084+0000] {logging_mixin.py:117} INFO - [2022-10-09T06:40:40.084+0000] {dag.py:2573} INFO - Sync 1 DAGs
[2022-10-09T06:40:40.117+0000] {logging_mixin.py:117} INFO - [2022-10-09T06:40:40.117+0000] {dag.py:3328} INFO - Setting next_dagrun for example_nested_branch_dag to 2022-10-08T00:00:00+00:00, run_after=2022-10-09T00:00:00+00:00
[2022-10-09T06:40:40.144+0000] {processor.py:178} INFO - Processing /home/airflow/.local/lib/python3.7/site-packages/airflow/example_dags/example_nested_branch_dag.py took 0.156 seconds
[2022-10-09T06:41:10.487+0000] {processor.py:156} INFO - Started process (PID=116) to work on /home/airflow/.local/lib/python3.7/site-packages/airflow/example_dags/example_nested_branch_dag.py
[2022-10-09T06:41:10.490+0000] {processor.py:758} INFO - Processing file /home/airflow/.local/lib/python3.7/site-packages/airflow/example_dags/example_nested_branch_dag.py for tasks to queue
[2022-10-09T06:41:10.492+0000] {logging_mixin.py:117} INFO - [2022-10-09T06:41:10.492+0000] {dagbag.py:525} INFO - Filling up the DagBag from /home/airflow/.local/lib/python3.7/site-packages/airflow/example_dags/example_nested_branch_dag.py
[2022-10-09T06:41:10.514+0000] {processor.py:768} INFO - DAG(s) dict_keys(['example_nested_branch_dag']) retrieved from /home/airflow/.local/lib/python3.7/site-packages/airflow/example_dags/example_nested_branch_dag.py
[2022-10-09T06:41:10.543+0000] {logging_mixin.py:117} INFO - [2022-10-09T06:41:10.543+0000] {dag.py:2573} INFO - Sync 1 DAGs
[2022-10-09T06:41:10.565+0000] {logging_mixin.py:117} INFO - [2022-10-09T06:41:10.565+0000] {dag.py:3328} INFO - Setting next_dagrun for example_nested_branch_dag to 2022-10-08T00:00:00+00:00, run_after=2022-10-09T00:00:00+00:00
[2022-10-09T06:41:10.598+0000] {processor.py:178} INFO - Processing /home/airflow/.local/lib/python3.7/site-packages/airflow/example_dags/example_nested_branch_dag.py took 0.113 seconds
[2022-10-09T06:41:40.911+0000] {processor.py:156} INFO - Started process (PID=180) to work on /home/airflow/.local/lib/python3.7/site-packages/airflow/example_dags/example_nested_branch_dag.py
[2022-10-09T06:41:40.912+0000] {processor.py:758} INFO - Processing file /home/airflow/.local/lib/python3.7/site-packages/airflow/example_dags/example_nested_branch_dag.py for tasks to queue
[2022-10-09T06:41:40.913+0000] {logging_mixin.py:117} INFO - [2022-10-09T06:41:40.913+0000] {dagbag.py:525} INFO - Filling up the DagBag from /home/airflow/.local/lib/python3.7/site-packages/airflow/example_dags/example_nested_branch_dag.py
[2022-10-09T06:41:40.929+0000] {processor.py:768} INFO - DAG(s) dict_keys(['example_nested_branch_dag']) retrieved from /home/airflow/.local/lib/python3.7/site-packages/airflow/example_dags/example_nested_branch_dag.py
[2022-10-09T06:41:40.956+0000] {logging_mixin.py:117} INFO - [2022-10-09T06:41:40.955+0000] {dag.py:2573} INFO - Sync 1 DAGs
[2022-10-09T06:41:40.972+0000] {logging_mixin.py:117} INFO - [2022-10-09T06:41:40.972+0000] {dag.py:3328} INFO - Setting next_dagrun for example_nested_branch_dag to 2022-10-08T00:00:00+00:00, run_after=2022-10-09T00:00:00+00:00
[2022-10-09T06:41:40.985+0000] {processor.py:178} INFO - Processing /home/airflow/.local/lib/python3.7/site-packages/airflow/example_dags/example_nested_branch_dag.py took 0.076 seconds
[2022-10-09T06:42:11.664+0000] {processor.py:156} INFO - Started process (PID=243) to work on /home/airflow/.local/lib/python3.7/site-packages/airflow/example_dags/example_nested_branch_dag.py
[2022-10-09T06:42:11.666+0000] {processor.py:758} INFO - Processing file /home/airflow/.local/lib/python3.7/site-packages/airflow/example_dags/example_nested_branch_dag.py for tasks to queue
[2022-10-09T06:42:11.667+0000] {logging_mixin.py:117} INFO - [2022-10-09T06:42:11.666+0000] {dagbag.py:525} INFO - Filling up the DagBag from /home/airflow/.local/lib/python3.7/site-packages/airflow/example_dags/example_nested_branch_dag.py
[2022-10-09T06:42:11.685+0000] {processor.py:768} INFO - DAG(s) dict_keys(['example_nested_branch_dag']) retrieved from /home/airflow/.local/lib/python3.7/site-packages/airflow/example_dags/example_nested_branch_dag.py
[2022-10-09T06:42:11.714+0000] {logging_mixin.py:117} INFO - [2022-10-09T06:42:11.714+0000] {dag.py:2573} INFO - Sync 1 DAGs
[2022-10-09T06:42:11.732+0000] {logging_mixin.py:117} INFO - [2022-10-09T06:42:11.732+0000] {dag.py:3328} INFO - Setting next_dagrun for example_nested_branch_dag to 2022-10-08T00:00:00+00:00, run_after=2022-10-09T00:00:00+00:00
[2022-10-09T06:42:11.743+0000] {processor.py:178} INFO - Processing /home/airflow/.local/lib/python3.7/site-packages/airflow/example_dags/example_nested_branch_dag.py took 0.082 seconds
[2022-10-09T06:42:42.082+0000] {processor.py:156} INFO - Started process (PID=297) to work on /home/airflow/.local/lib/python3.7/site-packages/airflow/example_dags/example_nested_branch_dag.py
[2022-10-09T06:42:42.084+0000] {processor.py:758} INFO - Processing file /home/airflow/.local/lib/python3.7/site-packages/airflow/example_dags/example_nested_branch_dag.py for tasks to queue
[2022-10-09T06:42:42.085+0000] {logging_mixin.py:117} INFO - [2022-10-09T06:42:42.085+0000] {dagbag.py:525} INFO - Filling up the DagBag from /home/airflow/.local/lib/python3.7/site-packages/airflow/example_dags/example_nested_branch_dag.py
[2022-10-09T06:42:42.101+0000] {processor.py:768} INFO - DAG(s) dict_keys(['example_nested_branch_dag']) retrieved from /home/airflow/.local/lib/python3.7/site-packages/airflow/example_dags/example_nested_branch_dag.py
[2022-10-09T06:42:42.129+0000] {logging_mixin.py:117} INFO - [2022-10-09T06:42:42.129+0000] {dag.py:2573} INFO - Sync 1 DAGs
[2022-10-09T06:42:42.149+0000] {logging_mixin.py:117} INFO - [2022-10-09T06:42:42.148+0000] {dag.py:3328} INFO - Setting next_dagrun for example_nested_branch_dag to 2022-10-08T00:00:00+00:00, run_after=2022-10-09T00:00:00+00:00
[2022-10-09T06:42:42.161+0000] {processor.py:178} INFO - Processing /home/airflow/.local/lib/python3.7/site-packages/airflow/example_dags/example_nested_branch_dag.py took 0.081 seconds
[2022-10-09T06:43:12.450+0000] {processor.py:156} INFO - Started process (PID=360) to work on /home/airflow/.local/lib/python3.7/site-packages/airflow/example_dags/example_nested_branch_dag.py
[2022-10-09T06:43:12.452+0000] {processor.py:758} INFO - Processing file /home/airflow/.local/lib/python3.7/site-packages/airflow/example_dags/example_nested_branch_dag.py for tasks to queue
[2022-10-09T06:43:12.453+0000] {logging_mixin.py:117} INFO - [2022-10-09T06:43:12.453+0000] {dagbag.py:525} INFO - Filling up the DagBag from /home/airflow/.local/lib/python3.7/site-packages/airflow/example_dags/example_nested_branch_dag.py
[2022-10-09T06:43:12.468+0000] {processor.py:768} INFO - DAG(s) dict_keys(['example_nested_branch_dag']) retrieved from /home/airflow/.local/lib/python3.7/site-packages/airflow/example_dags/example_nested_branch_dag.py
[2022-10-09T06:43:12.493+0000] {logging_mixin.py:117} INFO - [2022-10-09T06:43:12.493+0000] {dag.py:2573} INFO - Sync 1 DAGs
[2022-10-09T06:43:12.508+0000] {logging_mixin.py:117} INFO - [2022-10-09T06:43:12.508+0000] {dag.py:3328} INFO - Setting next_dagrun for example_nested_branch_dag to 2022-10-08T00:00:00+00:00, run_after=2022-10-09T00:00:00+00:00
[2022-10-09T06:43:12.521+0000] {processor.py:178} INFO - Processing /home/airflow/.local/lib/python3.7/site-packages/airflow/example_dags/example_nested_branch_dag.py took 0.072 seconds
[2022-10-09T06:43:42.622+0000] {processor.py:156} INFO - Started process (PID=423) to work on /home/airflow/.local/lib/python3.7/site-packages/airflow/example_dags/example_nested_branch_dag.py
[2022-10-09T06:43:42.624+0000] {processor.py:758} INFO - Processing file /home/airflow/.local/lib/python3.7/site-packages/airflow/example_dags/example_nested_branch_dag.py for tasks to queue
[2022-10-09T06:43:42.625+0000] {logging_mixin.py:117} INFO - [2022-10-09T06:43:42.625+0000] {dagbag.py:525} INFO - Filling up the DagBag from /home/airflow/.local/lib/python3.7/site-packages/airflow/example_dags/example_nested_branch_dag.py
[2022-10-09T06:43:42.643+0000] {processor.py:768} INFO - DAG(s) dict_keys(['example_nested_branch_dag']) retrieved from /home/airflow/.local/lib/python3.7/site-packages/airflow/example_dags/example_nested_branch_dag.py
[2022-10-09T06:43:42.675+0000] {logging_mixin.py:117} INFO - [2022-10-09T06:43:42.675+0000] {dag.py:2573} INFO - Sync 1 DAGs
[2022-10-09T06:43:42.693+0000] {logging_mixin.py:117} INFO - [2022-10-09T06:43:42.692+0000] {dag.py:3328} INFO - Setting next_dagrun for example_nested_branch_dag to 2022-10-08T00:00:00+00:00, run_after=2022-10-09T00:00:00+00:00
[2022-10-09T06:43:42.703+0000] {processor.py:178} INFO - Processing /home/airflow/.local/lib/python3.7/site-packages/airflow/example_dags/example_nested_branch_dag.py took 0.084 seconds
[2022-10-09T06:44:12.967+0000] {processor.py:156} INFO - Started process (PID=486) to work on /home/airflow/.local/lib/python3.7/site-packages/airflow/example_dags/example_nested_branch_dag.py
[2022-10-09T06:44:12.969+0000] {processor.py:758} INFO - Processing file /home/airflow/.local/lib/python3.7/site-packages/airflow/example_dags/example_nested_branch_dag.py for tasks to queue
[2022-10-09T06:44:12.970+0000] {logging_mixin.py:117} INFO - [2022-10-09T06:44:12.970+0000] {dagbag.py:525} INFO - Filling up the DagBag from /home/airflow/.local/lib/python3.7/site-packages/airflow/example_dags/example_nested_branch_dag.py
[2022-10-09T06:44:12.985+0000] {processor.py:768} INFO - DAG(s) dict_keys(['example_nested_branch_dag']) retrieved from /home/airflow/.local/lib/python3.7/site-packages/airflow/example_dags/example_nested_branch_dag.py
[2022-10-09T06:44:13.010+0000] {logging_mixin.py:117} INFO - [2022-10-09T06:44:13.010+0000] {dag.py:2573} INFO - Sync 1 DAGs
[2022-10-09T06:44:13.027+0000] {logging_mixin.py:117} INFO - [2022-10-09T06:44:13.026+0000] {dag.py:3328} INFO - Setting next_dagrun for example_nested_branch_dag to 2022-10-08T00:00:00+00:00, run_after=2022-10-09T00:00:00+00:00
[2022-10-09T06:44:13.041+0000] {processor.py:178} INFO - Processing /home/airflow/.local/lib/python3.7/site-packages/airflow/example_dags/example_nested_branch_dag.py took 0.075 seconds
[2022-10-09T06:44:43.378+0000] {processor.py:156} INFO - Started process (PID=549) to work on /home/airflow/.local/lib/python3.7/site-packages/airflow/example_dags/example_nested_branch_dag.py
[2022-10-09T06:44:43.379+0000] {processor.py:758} INFO - Processing file /home/airflow/.local/lib/python3.7/site-packages/airflow/example_dags/example_nested_branch_dag.py for tasks to queue
[2022-10-09T06:44:43.380+0000] {logging_mixin.py:117} INFO - [2022-10-09T06:44:43.380+0000] {dagbag.py:525} INFO - Filling up the DagBag from /home/airflow/.local/lib/python3.7/site-packages/airflow/example_dags/example_nested_branch_dag.py
[2022-10-09T06:44:43.396+0000] {processor.py:768} INFO - DAG(s) dict_keys(['example_nested_branch_dag']) retrieved from /home/airflow/.local/lib/python3.7/site-packages/airflow/example_dags/example_nested_branch_dag.py
[2022-10-09T06:44:43.422+0000] {logging_mixin.py:117} INFO - [2022-10-09T06:44:43.422+0000] {dag.py:2573} INFO - Sync 1 DAGs
[2022-10-09T06:44:43.437+0000] {logging_mixin.py:117} INFO - [2022-10-09T06:44:43.437+0000] {dag.py:3328} INFO - Setting next_dagrun for example_nested_branch_dag to 2022-10-08T00:00:00+00:00, run_after=2022-10-09T00:00:00+00:00
[2022-10-09T06:44:43.449+0000] {processor.py:178} INFO - Processing /home/airflow/.local/lib/python3.7/site-packages/airflow/example_dags/example_nested_branch_dag.py took 0.073 seconds
[2022-10-09T06:45:13.507+0000] {processor.py:156} INFO - Started process (PID=603) to work on /home/airflow/.local/lib/python3.7/site-packages/airflow/example_dags/example_nested_branch_dag.py
[2022-10-09T06:45:13.509+0000] {processor.py:758} INFO - Processing file /home/airflow/.local/lib/python3.7/site-packages/airflow/example_dags/example_nested_branch_dag.py for tasks to queue
[2022-10-09T06:45:13.509+0000] {logging_mixin.py:117} INFO - [2022-10-09T06:45:13.509+0000] {dagbag.py:525} INFO - Filling up the DagBag from /home/airflow/.local/lib/python3.7/site-packages/airflow/example_dags/example_nested_branch_dag.py
[2022-10-09T06:45:13.525+0000] {processor.py:768} INFO - DAG(s) dict_keys(['example_nested_branch_dag']) retrieved from /home/airflow/.local/lib/python3.7/site-packages/airflow/example_dags/example_nested_branch_dag.py
[2022-10-09T06:45:13.550+0000] {logging_mixin.py:117} INFO - [2022-10-09T06:45:13.550+0000] {dag.py:2573} INFO - Sync 1 DAGs
[2022-10-09T06:45:13.568+0000] {logging_mixin.py:117} INFO - [2022-10-09T06:45:13.567+0000] {dag.py:3328} INFO - Setting next_dagrun for example_nested_branch_dag to 2022-10-08T00:00:00+00:00, run_after=2022-10-09T00:00:00+00:00
[2022-10-09T06:45:13.583+0000] {processor.py:178} INFO - Processing /home/airflow/.local/lib/python3.7/site-packages/airflow/example_dags/example_nested_branch_dag.py took 0.078 seconds
[2022-10-09T06:45:43.948+0000] {processor.py:156} INFO - Started process (PID=665) to work on /home/airflow/.local/lib/python3.7/site-packages/airflow/example_dags/example_nested_branch_dag.py
[2022-10-09T06:45:43.959+0000] {processor.py:758} INFO - Processing file /home/airflow/.local/lib/python3.7/site-packages/airflow/example_dags/example_nested_branch_dag.py for tasks to queue
[2022-10-09T06:45:43.960+0000] {logging_mixin.py:117} INFO - [2022-10-09T06:45:43.960+0000] {dagbag.py:525} INFO - Filling up the DagBag from /home/airflow/.local/lib/python3.7/site-packages/airflow/example_dags/example_nested_branch_dag.py
[2022-10-09T06:45:43.976+0000] {processor.py:768} INFO - DAG(s) dict_keys(['example_nested_branch_dag']) retrieved from /home/airflow/.local/lib/python3.7/site-packages/airflow/example_dags/example_nested_branch_dag.py
[2022-10-09T06:45:44.001+0000] {logging_mixin.py:117} INFO - [2022-10-09T06:45:44.000+0000] {dag.py:2573} INFO - Sync 1 DAGs
[2022-10-09T06:45:44.016+0000] {logging_mixin.py:117} INFO - [2022-10-09T06:45:44.015+0000] {dag.py:3328} INFO - Setting next_dagrun for example_nested_branch_dag to 2022-10-08T00:00:00+00:00, run_after=2022-10-09T00:00:00+00:00
[2022-10-09T06:45:44.028+0000] {processor.py:178} INFO - Processing /home/airflow/.local/lib/python3.7/site-packages/airflow/example_dags/example_nested_branch_dag.py took 0.084 seconds
[2022-10-09T06:46:14.070+0000] {processor.py:156} INFO - Started process (PID=729) to work on /home/airflow/.local/lib/python3.7/site-packages/airflow/example_dags/example_nested_branch_dag.py
[2022-10-09T06:46:14.071+0000] {processor.py:758} INFO - Processing file /home/airflow/.local/lib/python3.7/site-packages/airflow/example_dags/example_nested_branch_dag.py for tasks to queue
[2022-10-09T06:46:14.072+0000] {logging_mixin.py:117} INFO - [2022-10-09T06:46:14.072+0000] {dagbag.py:525} INFO - Filling up the DagBag from /home/airflow/.local/lib/python3.7/site-packages/airflow/example_dags/example_nested_branch_dag.py
[2022-10-09T06:46:14.085+0000] {processor.py:768} INFO - DAG(s) dict_keys(['example_nested_branch_dag']) retrieved from /home/airflow/.local/lib/python3.7/site-packages/airflow/example_dags/example_nested_branch_dag.py
[2022-10-09T06:46:14.109+0000] {logging_mixin.py:117} INFO - [2022-10-09T06:46:14.109+0000] {dag.py:2573} INFO - Sync 1 DAGs
[2022-10-09T06:46:14.123+0000] {logging_mixin.py:117} INFO - [2022-10-09T06:46:14.123+0000] {dag.py:3328} INFO - Setting next_dagrun for example_nested_branch_dag to 2022-10-08T00:00:00+00:00, run_after=2022-10-09T00:00:00+00:00
[2022-10-09T06:46:14.134+0000] {processor.py:178} INFO - Processing /home/airflow/.local/lib/python3.7/site-packages/airflow/example_dags/example_nested_branch_dag.py took 0.066 seconds
[2022-10-09T06:46:44.355+0000] {processor.py:156} INFO - Started process (PID=793) to work on /home/airflow/.local/lib/python3.7/site-packages/airflow/example_dags/example_nested_branch_dag.py
[2022-10-09T06:46:44.357+0000] {processor.py:758} INFO - Processing file /home/airflow/.local/lib/python3.7/site-packages/airflow/example_dags/example_nested_branch_dag.py for tasks to queue
[2022-10-09T06:46:44.358+0000] {logging_mixin.py:117} INFO - [2022-10-09T06:46:44.358+0000] {dagbag.py:525} INFO - Filling up the DagBag from /home/airflow/.local/lib/python3.7/site-packages/airflow/example_dags/example_nested_branch_dag.py
[2022-10-09T06:46:44.373+0000] {processor.py:768} INFO - DAG(s) dict_keys(['example_nested_branch_dag']) retrieved from /home/airflow/.local/lib/python3.7/site-packages/airflow/example_dags/example_nested_branch_dag.py
[2022-10-09T06:46:44.400+0000] {logging_mixin.py:117} INFO - [2022-10-09T06:46:44.400+0000] {dag.py:2573} INFO - Sync 1 DAGs
[2022-10-09T06:46:44.415+0000] {logging_mixin.py:117} INFO - [2022-10-09T06:46:44.415+0000] {dag.py:3328} INFO - Setting next_dagrun for example_nested_branch_dag to 2022-10-08T00:00:00+00:00, run_after=2022-10-09T00:00:00+00:00
[2022-10-09T06:46:44.428+0000] {processor.py:178} INFO - Processing /home/airflow/.local/lib/python3.7/site-packages/airflow/example_dags/example_nested_branch_dag.py took 0.076 seconds
[2022-10-09T06:47:14.595+0000] {processor.py:156} INFO - Started process (PID=855) to work on /home/airflow/.local/lib/python3.7/site-packages/airflow/example_dags/example_nested_branch_dag.py
[2022-10-09T06:47:14.597+0000] {processor.py:758} INFO - Processing file /home/airflow/.local/lib/python3.7/site-packages/airflow/example_dags/example_nested_branch_dag.py for tasks to queue
[2022-10-09T06:47:14.598+0000] {logging_mixin.py:117} INFO - [2022-10-09T06:47:14.598+0000] {dagbag.py:525} INFO - Filling up the DagBag from /home/airflow/.local/lib/python3.7/site-packages/airflow/example_dags/example_nested_branch_dag.py
[2022-10-09T06:47:14.613+0000] {processor.py:768} INFO - DAG(s) dict_keys(['example_nested_branch_dag']) retrieved from /home/airflow/.local/lib/python3.7/site-packages/airflow/example_dags/example_nested_branch_dag.py
[2022-10-09T06:47:14.639+0000] {logging_mixin.py:117} INFO - [2022-10-09T06:47:14.638+0000] {dag.py:2573} INFO - Sync 1 DAGs
[2022-10-09T06:47:14.653+0000] {logging_mixin.py:117} INFO - [2022-10-09T06:47:14.652+0000] {dag.py:3328} INFO - Setting next_dagrun for example_nested_branch_dag to 2022-10-08T00:00:00+00:00, run_after=2022-10-09T00:00:00+00:00
[2022-10-09T06:47:14.668+0000] {processor.py:178} INFO - Processing /home/airflow/.local/lib/python3.7/site-packages/airflow/example_dags/example_nested_branch_dag.py took 0.075 seconds
[2022-10-09T06:47:44.773+0000] {processor.py:156} INFO - Started process (PID=908) to work on /home/airflow/.local/lib/python3.7/site-packages/airflow/example_dags/example_nested_branch_dag.py
[2022-10-09T06:47:44.775+0000] {processor.py:758} INFO - Processing file /home/airflow/.local/lib/python3.7/site-packages/airflow/example_dags/example_nested_branch_dag.py for tasks to queue
[2022-10-09T06:47:44.776+0000] {logging_mixin.py:117} INFO - [2022-10-09T06:47:44.775+0000] {dagbag.py:525} INFO - Filling up the DagBag from /home/airflow/.local/lib/python3.7/site-packages/airflow/example_dags/example_nested_branch_dag.py
[2022-10-09T06:47:44.790+0000] {processor.py:768} INFO - DAG(s) dict_keys(['example_nested_branch_dag']) retrieved from /home/airflow/.local/lib/python3.7/site-packages/airflow/example_dags/example_nested_branch_dag.py
[2022-10-09T06:47:44.816+0000] {logging_mixin.py:117} INFO - [2022-10-09T06:47:44.816+0000] {dag.py:2573} INFO - Sync 1 DAGs
[2022-10-09T06:47:44.832+0000] {logging_mixin.py:117} INFO - [2022-10-09T06:47:44.832+0000] {dag.py:3328} INFO - Setting next_dagrun for example_nested_branch_dag to 2022-10-08T00:00:00+00:00, run_after=2022-10-09T00:00:00+00:00
[2022-10-09T06:47:44.845+0000] {processor.py:178} INFO - Processing /home/airflow/.local/lib/python3.7/site-packages/airflow/example_dags/example_nested_branch_dag.py took 0.076 seconds
[2022-10-09T06:48:15.092+0000] {processor.py:156} INFO - Started process (PID=970) to work on /home/airflow/.local/lib/python3.7/site-packages/airflow/example_dags/example_nested_branch_dag.py
[2022-10-09T06:48:15.094+0000] {processor.py:758} INFO - Processing file /home/airflow/.local/lib/python3.7/site-packages/airflow/example_dags/example_nested_branch_dag.py for tasks to queue
[2022-10-09T06:48:15.095+0000] {logging_mixin.py:117} INFO - [2022-10-09T06:48:15.095+0000] {dagbag.py:525} INFO - Filling up the DagBag from /home/airflow/.local/lib/python3.7/site-packages/airflow/example_dags/example_nested_branch_dag.py
[2022-10-09T06:48:15.109+0000] {processor.py:768} INFO - DAG(s) dict_keys(['example_nested_branch_dag']) retrieved from /home/airflow/.local/lib/python3.7/site-packages/airflow/example_dags/example_nested_branch_dag.py
[2022-10-09T06:48:15.137+0000] {logging_mixin.py:117} INFO - [2022-10-09T06:48:15.137+0000] {dag.py:2573} INFO - Sync 1 DAGs
[2022-10-09T06:48:15.154+0000] {logging_mixin.py:117} INFO - [2022-10-09T06:48:15.153+0000] {dag.py:3328} INFO - Setting next_dagrun for example_nested_branch_dag to 2022-10-08T00:00:00+00:00, run_after=2022-10-09T00:00:00+00:00
[2022-10-09T06:48:15.169+0000] {processor.py:178} INFO - Processing /home/airflow/.local/lib/python3.7/site-packages/airflow/example_dags/example_nested_branch_dag.py took 0.079 seconds
[2022-10-09T06:59:10.224+0000] {processor.py:156} INFO - Started process (PID=1024) to work on /home/airflow/.local/lib/python3.7/site-packages/airflow/example_dags/example_nested_branch_dag.py
[2022-10-09T06:59:10.226+0000] {processor.py:758} INFO - Processing file /home/airflow/.local/lib/python3.7/site-packages/airflow/example_dags/example_nested_branch_dag.py for tasks to queue
[2022-10-09T06:59:10.227+0000] {logging_mixin.py:117} INFO - [2022-10-09T06:59:10.227+0000] {dagbag.py:525} INFO - Filling up the DagBag from /home/airflow/.local/lib/python3.7/site-packages/airflow/example_dags/example_nested_branch_dag.py
[2022-10-09T06:59:10.247+0000] {processor.py:768} INFO - DAG(s) dict_keys(['example_nested_branch_dag']) retrieved from /home/airflow/.local/lib/python3.7/site-packages/airflow/example_dags/example_nested_branch_dag.py
[2022-10-09T06:59:10.280+0000] {logging_mixin.py:117} INFO - [2022-10-09T06:59:10.280+0000] {dag.py:2573} INFO - Sync 1 DAGs
[2022-10-09T06:59:10.305+0000] {logging_mixin.py:117} INFO - [2022-10-09T06:59:10.305+0000] {dag.py:3328} INFO - Setting next_dagrun for example_nested_branch_dag to 2022-10-08T00:00:00+00:00, run_after=2022-10-09T00:00:00+00:00
[2022-10-09T06:59:10.324+0000] {processor.py:178} INFO - Processing /home/airflow/.local/lib/python3.7/site-packages/airflow/example_dags/example_nested_branch_dag.py took 0.102 seconds
[2022-10-09T06:59:40.949+0000] {processor.py:156} INFO - Started process (PID=1088) to work on /home/airflow/.local/lib/python3.7/site-packages/airflow/example_dags/example_nested_branch_dag.py
[2022-10-09T06:59:40.951+0000] {processor.py:758} INFO - Processing file /home/airflow/.local/lib/python3.7/site-packages/airflow/example_dags/example_nested_branch_dag.py for tasks to queue
[2022-10-09T06:59:40.952+0000] {logging_mixin.py:117} INFO - [2022-10-09T06:59:40.952+0000] {dagbag.py:525} INFO - Filling up the DagBag from /home/airflow/.local/lib/python3.7/site-packages/airflow/example_dags/example_nested_branch_dag.py
[2022-10-09T06:59:40.966+0000] {processor.py:768} INFO - DAG(s) dict_keys(['example_nested_branch_dag']) retrieved from /home/airflow/.local/lib/python3.7/site-packages/airflow/example_dags/example_nested_branch_dag.py
[2022-10-09T06:59:40.991+0000] {logging_mixin.py:117} INFO - [2022-10-09T06:59:40.991+0000] {dag.py:2573} INFO - Sync 1 DAGs
[2022-10-09T06:59:41.005+0000] {logging_mixin.py:117} INFO - [2022-10-09T06:59:41.005+0000] {dag.py:3328} INFO - Setting next_dagrun for example_nested_branch_dag to 2022-10-08T00:00:00+00:00, run_after=2022-10-09T00:00:00+00:00
[2022-10-09T06:59:41.016+0000] {processor.py:178} INFO - Processing /home/airflow/.local/lib/python3.7/site-packages/airflow/example_dags/example_nested_branch_dag.py took 0.069 seconds
[2022-10-09T07:00:11.548+0000] {processor.py:156} INFO - Started process (PID=1151) to work on /home/airflow/.local/lib/python3.7/site-packages/airflow/example_dags/example_nested_branch_dag.py
[2022-10-09T07:00:11.549+0000] {processor.py:758} INFO - Processing file /home/airflow/.local/lib/python3.7/site-packages/airflow/example_dags/example_nested_branch_dag.py for tasks to queue
[2022-10-09T07:00:11.550+0000] {logging_mixin.py:117} INFO - [2022-10-09T07:00:11.550+0000] {dagbag.py:525} INFO - Filling up the DagBag from /home/airflow/.local/lib/python3.7/site-packages/airflow/example_dags/example_nested_branch_dag.py
[2022-10-09T07:00:11.565+0000] {processor.py:768} INFO - DAG(s) dict_keys(['example_nested_branch_dag']) retrieved from /home/airflow/.local/lib/python3.7/site-packages/airflow/example_dags/example_nested_branch_dag.py
[2022-10-09T07:00:11.592+0000] {logging_mixin.py:117} INFO - [2022-10-09T07:00:11.591+0000] {dag.py:2573} INFO - Sync 1 DAGs
[2022-10-09T07:00:11.608+0000] {logging_mixin.py:117} INFO - [2022-10-09T07:00:11.608+0000] {dag.py:3328} INFO - Setting next_dagrun for example_nested_branch_dag to 2022-10-08T00:00:00+00:00, run_after=2022-10-09T00:00:00+00:00
[2022-10-09T07:00:11.622+0000] {processor.py:178} INFO - Processing /home/airflow/.local/lib/python3.7/site-packages/airflow/example_dags/example_nested_branch_dag.py took 0.077 seconds
[2022-10-09T07:00:41.885+0000] {processor.py:156} INFO - Started process (PID=1205) to work on /home/airflow/.local/lib/python3.7/site-packages/airflow/example_dags/example_nested_branch_dag.py
[2022-10-09T07:00:41.886+0000] {processor.py:758} INFO - Processing file /home/airflow/.local/lib/python3.7/site-packages/airflow/example_dags/example_nested_branch_dag.py for tasks to queue
[2022-10-09T07:00:41.888+0000] {logging_mixin.py:117} INFO - [2022-10-09T07:00:41.888+0000] {dagbag.py:525} INFO - Filling up the DagBag from /home/airflow/.local/lib/python3.7/site-packages/airflow/example_dags/example_nested_branch_dag.py
[2022-10-09T07:00:41.903+0000] {processor.py:768} INFO - DAG(s) dict_keys(['example_nested_branch_dag']) retrieved from /home/airflow/.local/lib/python3.7/site-packages/airflow/example_dags/example_nested_branch_dag.py
[2022-10-09T07:00:41.932+0000] {logging_mixin.py:117} INFO - [2022-10-09T07:00:41.932+0000] {dag.py:2573} INFO - Sync 1 DAGs
[2022-10-09T07:00:41.949+0000] {logging_mixin.py:117} INFO - [2022-10-09T07:00:41.949+0000] {dag.py:3328} INFO - Setting next_dagrun for example_nested_branch_dag to 2022-10-08T00:00:00+00:00, run_after=2022-10-09T00:00:00+00:00
[2022-10-09T07:00:41.963+0000] {processor.py:178} INFO - Processing /home/airflow/.local/lib/python3.7/site-packages/airflow/example_dags/example_nested_branch_dag.py took 0.081 seconds
[2022-10-09T07:01:12.160+0000] {processor.py:156} INFO - Started process (PID=1267) to work on /home/airflow/.local/lib/python3.7/site-packages/airflow/example_dags/example_nested_branch_dag.py
[2022-10-09T07:01:12.162+0000] {processor.py:758} INFO - Processing file /home/airflow/.local/lib/python3.7/site-packages/airflow/example_dags/example_nested_branch_dag.py for tasks to queue
[2022-10-09T07:01:12.163+0000] {logging_mixin.py:117} INFO - [2022-10-09T07:01:12.163+0000] {dagbag.py:525} INFO - Filling up the DagBag from /home/airflow/.local/lib/python3.7/site-packages/airflow/example_dags/example_nested_branch_dag.py
[2022-10-09T07:01:12.178+0000] {processor.py:768} INFO - DAG(s) dict_keys(['example_nested_branch_dag']) retrieved from /home/airflow/.local/lib/python3.7/site-packages/airflow/example_dags/example_nested_branch_dag.py
[2022-10-09T07:01:12.204+0000] {logging_mixin.py:117} INFO - [2022-10-09T07:01:12.204+0000] {dag.py:2573} INFO - Sync 1 DAGs
[2022-10-09T07:01:12.220+0000] {logging_mixin.py:117} INFO - [2022-10-09T07:01:12.220+0000] {dag.py:3328} INFO - Setting next_dagrun for example_nested_branch_dag to 2022-10-08T00:00:00+00:00, run_after=2022-10-09T00:00:00+00:00
[2022-10-09T07:01:12.232+0000] {processor.py:178} INFO - Processing /home/airflow/.local/lib/python3.7/site-packages/airflow/example_dags/example_nested_branch_dag.py took 0.075 seconds
[2022-10-09T07:01:42.459+0000] {processor.py:156} INFO - Started process (PID=1330) to work on /home/airflow/.local/lib/python3.7/site-packages/airflow/example_dags/example_nested_branch_dag.py
[2022-10-09T07:01:42.461+0000] {processor.py:758} INFO - Processing file /home/airflow/.local/lib/python3.7/site-packages/airflow/example_dags/example_nested_branch_dag.py for tasks to queue
[2022-10-09T07:01:42.463+0000] {logging_mixin.py:117} INFO - [2022-10-09T07:01:42.463+0000] {dagbag.py:525} INFO - Filling up the DagBag from /home/airflow/.local/lib/python3.7/site-packages/airflow/example_dags/example_nested_branch_dag.py
[2022-10-09T07:01:42.486+0000] {processor.py:768} INFO - DAG(s) dict_keys(['example_nested_branch_dag']) retrieved from /home/airflow/.local/lib/python3.7/site-packages/airflow/example_dags/example_nested_branch_dag.py
[2022-10-09T07:01:42.519+0000] {logging_mixin.py:117} INFO - [2022-10-09T07:01:42.519+0000] {dag.py:2573} INFO - Sync 1 DAGs
[2022-10-09T07:01:42.542+0000] {logging_mixin.py:117} INFO - [2022-10-09T07:01:42.542+0000] {dag.py:3328} INFO - Setting next_dagrun for example_nested_branch_dag to 2022-10-08T00:00:00+00:00, run_after=2022-10-09T00:00:00+00:00
[2022-10-09T07:01:42.557+0000] {processor.py:178} INFO - Processing /home/airflow/.local/lib/python3.7/site-packages/airflow/example_dags/example_nested_branch_dag.py took 0.101 seconds
[2022-10-09T07:02:12.653+0000] {processor.py:156} INFO - Started process (PID=1393) to work on /home/airflow/.local/lib/python3.7/site-packages/airflow/example_dags/example_nested_branch_dag.py
[2022-10-09T07:02:12.655+0000] {processor.py:758} INFO - Processing file /home/airflow/.local/lib/python3.7/site-packages/airflow/example_dags/example_nested_branch_dag.py for tasks to queue
[2022-10-09T07:02:12.656+0000] {logging_mixin.py:117} INFO - [2022-10-09T07:02:12.656+0000] {dagbag.py:525} INFO - Filling up the DagBag from /home/airflow/.local/lib/python3.7/site-packages/airflow/example_dags/example_nested_branch_dag.py
[2022-10-09T07:02:12.670+0000] {processor.py:768} INFO - DAG(s) dict_keys(['example_nested_branch_dag']) retrieved from /home/airflow/.local/lib/python3.7/site-packages/airflow/example_dags/example_nested_branch_dag.py
[2022-10-09T07:02:12.697+0000] {logging_mixin.py:117} INFO - [2022-10-09T07:02:12.697+0000] {dag.py:2573} INFO - Sync 1 DAGs
[2022-10-09T07:02:12.716+0000] {logging_mixin.py:117} INFO - [2022-10-09T07:02:12.716+0000] {dag.py:3328} INFO - Setting next_dagrun for example_nested_branch_dag to 2022-10-08T00:00:00+00:00, run_after=2022-10-09T00:00:00+00:00
[2022-10-09T07:02:12.728+0000] {processor.py:178} INFO - Processing /home/airflow/.local/lib/python3.7/site-packages/airflow/example_dags/example_nested_branch_dag.py took 0.078 seconds
[2022-10-09T07:02:43.259+0000] {processor.py:156} INFO - Started process (PID=1456) to work on /home/airflow/.local/lib/python3.7/site-packages/airflow/example_dags/example_nested_branch_dag.py
[2022-10-09T07:02:43.261+0000] {processor.py:758} INFO - Processing file /home/airflow/.local/lib/python3.7/site-packages/airflow/example_dags/example_nested_branch_dag.py for tasks to queue
[2022-10-09T07:02:43.262+0000] {logging_mixin.py:117} INFO - [2022-10-09T07:02:43.262+0000] {dagbag.py:525} INFO - Filling up the DagBag from /home/airflow/.local/lib/python3.7/site-packages/airflow/example_dags/example_nested_branch_dag.py
[2022-10-09T07:02:43.279+0000] {processor.py:768} INFO - DAG(s) dict_keys(['example_nested_branch_dag']) retrieved from /home/airflow/.local/lib/python3.7/site-packages/airflow/example_dags/example_nested_branch_dag.py
[2022-10-09T07:02:43.306+0000] {logging_mixin.py:117} INFO - [2022-10-09T07:02:43.306+0000] {dag.py:2573} INFO - Sync 1 DAGs
[2022-10-09T07:02:43.323+0000] {logging_mixin.py:117} INFO - [2022-10-09T07:02:43.323+0000] {dag.py:3328} INFO - Setting next_dagrun for example_nested_branch_dag to 2022-10-08T00:00:00+00:00, run_after=2022-10-09T00:00:00+00:00
[2022-10-09T07:02:43.335+0000] {processor.py:178} INFO - Processing /home/airflow/.local/lib/python3.7/site-packages/airflow/example_dags/example_nested_branch_dag.py took 0.078 seconds
[2022-10-09T07:03:13.743+0000] {processor.py:156} INFO - Started process (PID=1510) to work on /home/airflow/.local/lib/python3.7/site-packages/airflow/example_dags/example_nested_branch_dag.py
[2022-10-09T07:03:13.746+0000] {processor.py:758} INFO - Processing file /home/airflow/.local/lib/python3.7/site-packages/airflow/example_dags/example_nested_branch_dag.py for tasks to queue
[2022-10-09T07:03:13.747+0000] {logging_mixin.py:117} INFO - [2022-10-09T07:03:13.747+0000] {dagbag.py:525} INFO - Filling up the DagBag from /home/airflow/.local/lib/python3.7/site-packages/airflow/example_dags/example_nested_branch_dag.py
[2022-10-09T07:03:13.763+0000] {processor.py:768} INFO - DAG(s) dict_keys(['example_nested_branch_dag']) retrieved from /home/airflow/.local/lib/python3.7/site-packages/airflow/example_dags/example_nested_branch_dag.py
[2022-10-09T07:03:13.794+0000] {logging_mixin.py:117} INFO - [2022-10-09T07:03:13.794+0000] {dag.py:2573} INFO - Sync 1 DAGs
[2022-10-09T07:03:13.815+0000] {logging_mixin.py:117} INFO - [2022-10-09T07:03:13.815+0000] {dag.py:3328} INFO - Setting next_dagrun for example_nested_branch_dag to 2022-10-08T00:00:00+00:00, run_after=2022-10-09T00:00:00+00:00
[2022-10-09T07:03:13.830+0000] {processor.py:178} INFO - Processing /home/airflow/.local/lib/python3.7/site-packages/airflow/example_dags/example_nested_branch_dag.py took 0.090 seconds
[2022-10-09T07:03:43.961+0000] {processor.py:156} INFO - Started process (PID=1573) to work on /home/airflow/.local/lib/python3.7/site-packages/airflow/example_dags/example_nested_branch_dag.py
[2022-10-09T07:03:43.962+0000] {processor.py:758} INFO - Processing file /home/airflow/.local/lib/python3.7/site-packages/airflow/example_dags/example_nested_branch_dag.py for tasks to queue
[2022-10-09T07:03:43.963+0000] {logging_mixin.py:117} INFO - [2022-10-09T07:03:43.963+0000] {dagbag.py:525} INFO - Filling up the DagBag from /home/airflow/.local/lib/python3.7/site-packages/airflow/example_dags/example_nested_branch_dag.py
[2022-10-09T07:03:43.979+0000] {processor.py:768} INFO - DAG(s) dict_keys(['example_nested_branch_dag']) retrieved from /home/airflow/.local/lib/python3.7/site-packages/airflow/example_dags/example_nested_branch_dag.py
[2022-10-09T07:03:44.004+0000] {logging_mixin.py:117} INFO - [2022-10-09T07:03:44.004+0000] {dag.py:2573} INFO - Sync 1 DAGs
[2022-10-09T07:03:44.018+0000] {logging_mixin.py:117} INFO - [2022-10-09T07:03:44.018+0000] {dag.py:3328} INFO - Setting next_dagrun for example_nested_branch_dag to 2022-10-08T00:00:00+00:00, run_after=2022-10-09T00:00:00+00:00
[2022-10-09T07:03:44.031+0000] {processor.py:178} INFO - Processing /home/airflow/.local/lib/python3.7/site-packages/airflow/example_dags/example_nested_branch_dag.py took 0.072 seconds
[2022-10-09T07:04:14.219+0000] {processor.py:156} INFO - Started process (PID=1635) to work on /home/airflow/.local/lib/python3.7/site-packages/airflow/example_dags/example_nested_branch_dag.py
[2022-10-09T07:04:14.220+0000] {processor.py:758} INFO - Processing file /home/airflow/.local/lib/python3.7/site-packages/airflow/example_dags/example_nested_branch_dag.py for tasks to queue
[2022-10-09T07:04:14.221+0000] {logging_mixin.py:117} INFO - [2022-10-09T07:04:14.221+0000] {dagbag.py:525} INFO - Filling up the DagBag from /home/airflow/.local/lib/python3.7/site-packages/airflow/example_dags/example_nested_branch_dag.py
[2022-10-09T07:04:14.236+0000] {processor.py:768} INFO - DAG(s) dict_keys(['example_nested_branch_dag']) retrieved from /home/airflow/.local/lib/python3.7/site-packages/airflow/example_dags/example_nested_branch_dag.py
[2022-10-09T07:04:14.271+0000] {logging_mixin.py:117} INFO - [2022-10-09T07:04:14.270+0000] {dag.py:2573} INFO - Sync 1 DAGs
[2022-10-09T07:04:14.293+0000] {logging_mixin.py:117} INFO - [2022-10-09T07:04:14.293+0000] {dag.py:3328} INFO - Setting next_dagrun for example_nested_branch_dag to 2022-10-08T00:00:00+00:00, run_after=2022-10-09T00:00:00+00:00
[2022-10-09T07:04:14.305+0000] {processor.py:178} INFO - Processing /home/airflow/.local/lib/python3.7/site-packages/airflow/example_dags/example_nested_branch_dag.py took 0.088 seconds
[2022-10-09T07:04:45.088+0000] {processor.py:156} INFO - Started process (PID=1698) to work on /home/airflow/.local/lib/python3.7/site-packages/airflow/example_dags/example_nested_branch_dag.py
[2022-10-09T07:04:45.090+0000] {processor.py:758} INFO - Processing file /home/airflow/.local/lib/python3.7/site-packages/airflow/example_dags/example_nested_branch_dag.py for tasks to queue
[2022-10-09T07:04:45.091+0000] {logging_mixin.py:117} INFO - [2022-10-09T07:04:45.091+0000] {dagbag.py:525} INFO - Filling up the DagBag from /home/airflow/.local/lib/python3.7/site-packages/airflow/example_dags/example_nested_branch_dag.py
[2022-10-09T07:04:45.107+0000] {processor.py:768} INFO - DAG(s) dict_keys(['example_nested_branch_dag']) retrieved from /home/airflow/.local/lib/python3.7/site-packages/airflow/example_dags/example_nested_branch_dag.py
[2022-10-09T07:04:45.136+0000] {logging_mixin.py:117} INFO - [2022-10-09T07:04:45.136+0000] {dag.py:2573} INFO - Sync 1 DAGs
[2022-10-09T07:04:45.155+0000] {logging_mixin.py:117} INFO - [2022-10-09T07:04:45.155+0000] {dag.py:3328} INFO - Setting next_dagrun for example_nested_branch_dag to 2022-10-08T00:00:00+00:00, run_after=2022-10-09T00:00:00+00:00
[2022-10-09T07:04:45.167+0000] {processor.py:178} INFO - Processing /home/airflow/.local/lib/python3.7/site-packages/airflow/example_dags/example_nested_branch_dag.py took 0.082 seconds
[2022-10-09T07:05:15.569+0000] {processor.py:156} INFO - Started process (PID=1761) to work on /home/airflow/.local/lib/python3.7/site-packages/airflow/example_dags/example_nested_branch_dag.py
[2022-10-09T07:05:15.571+0000] {processor.py:758} INFO - Processing file /home/airflow/.local/lib/python3.7/site-packages/airflow/example_dags/example_nested_branch_dag.py for tasks to queue
[2022-10-09T07:05:15.573+0000] {logging_mixin.py:117} INFO - [2022-10-09T07:05:15.573+0000] {dagbag.py:525} INFO - Filling up the DagBag from /home/airflow/.local/lib/python3.7/site-packages/airflow/example_dags/example_nested_branch_dag.py
[2022-10-09T07:05:15.589+0000] {processor.py:768} INFO - DAG(s) dict_keys(['example_nested_branch_dag']) retrieved from /home/airflow/.local/lib/python3.7/site-packages/airflow/example_dags/example_nested_branch_dag.py
[2022-10-09T07:05:15.619+0000] {logging_mixin.py:117} INFO - [2022-10-09T07:05:15.619+0000] {dag.py:2573} INFO - Sync 1 DAGs
[2022-10-09T07:05:15.636+0000] {logging_mixin.py:117} INFO - [2022-10-09T07:05:15.636+0000] {dag.py:3328} INFO - Setting next_dagrun for example_nested_branch_dag to 2022-10-08T00:00:00+00:00, run_after=2022-10-09T00:00:00+00:00
[2022-10-09T07:05:15.653+0000] {processor.py:178} INFO - Processing /home/airflow/.local/lib/python3.7/site-packages/airflow/example_dags/example_nested_branch_dag.py took 0.085 seconds
[2022-10-09T07:05:45.963+0000] {processor.py:156} INFO - Started process (PID=1815) to work on /home/airflow/.local/lib/python3.7/site-packages/airflow/example_dags/example_nested_branch_dag.py
[2022-10-09T07:05:45.964+0000] {processor.py:758} INFO - Processing file /home/airflow/.local/lib/python3.7/site-packages/airflow/example_dags/example_nested_branch_dag.py for tasks to queue
[2022-10-09T07:05:45.966+0000] {logging_mixin.py:117} INFO - [2022-10-09T07:05:45.966+0000] {dagbag.py:525} INFO - Filling up the DagBag from /home/airflow/.local/lib/python3.7/site-packages/airflow/example_dags/example_nested_branch_dag.py
[2022-10-09T07:05:45.983+0000] {processor.py:768} INFO - DAG(s) dict_keys(['example_nested_branch_dag']) retrieved from /home/airflow/.local/lib/python3.7/site-packages/airflow/example_dags/example_nested_branch_dag.py
[2022-10-09T07:05:46.015+0000] {logging_mixin.py:117} INFO - [2022-10-09T07:05:46.015+0000] {dag.py:2573} INFO - Sync 1 DAGs
[2022-10-09T07:05:46.032+0000] {logging_mixin.py:117} INFO - [2022-10-09T07:05:46.032+0000] {dag.py:3328} INFO - Setting next_dagrun for example_nested_branch_dag to 2022-10-08T00:00:00+00:00, run_after=2022-10-09T00:00:00+00:00
[2022-10-09T07:05:46.044+0000] {processor.py:178} INFO - Processing /home/airflow/.local/lib/python3.7/site-packages/airflow/example_dags/example_nested_branch_dag.py took 0.086 seconds
[2022-10-09T07:06:16.733+0000] {processor.py:156} INFO - Started process (PID=1878) to work on /home/airflow/.local/lib/python3.7/site-packages/airflow/example_dags/example_nested_branch_dag.py
[2022-10-09T07:06:16.734+0000] {processor.py:758} INFO - Processing file /home/airflow/.local/lib/python3.7/site-packages/airflow/example_dags/example_nested_branch_dag.py for tasks to queue
[2022-10-09T07:06:16.735+0000] {logging_mixin.py:117} INFO - [2022-10-09T07:06:16.735+0000] {dagbag.py:525} INFO - Filling up the DagBag from /home/airflow/.local/lib/python3.7/site-packages/airflow/example_dags/example_nested_branch_dag.py
[2022-10-09T07:06:16.750+0000] {processor.py:768} INFO - DAG(s) dict_keys(['example_nested_branch_dag']) retrieved from /home/airflow/.local/lib/python3.7/site-packages/airflow/example_dags/example_nested_branch_dag.py
[2022-10-09T07:06:16.782+0000] {logging_mixin.py:117} INFO - [2022-10-09T07:06:16.782+0000] {dag.py:2573} INFO - Sync 1 DAGs
[2022-10-09T07:06:16.797+0000] {logging_mixin.py:117} INFO - [2022-10-09T07:06:16.797+0000] {dag.py:3328} INFO - Setting next_dagrun for example_nested_branch_dag to 2022-10-08T00:00:00+00:00, run_after=2022-10-09T00:00:00+00:00
[2022-10-09T07:06:16.809+0000] {processor.py:178} INFO - Processing /home/airflow/.local/lib/python3.7/site-packages/airflow/example_dags/example_nested_branch_dag.py took 0.079 seconds
[2022-10-09T07:06:46.872+0000] {processor.py:156} INFO - Started process (PID=1940) to work on /home/airflow/.local/lib/python3.7/site-packages/airflow/example_dags/example_nested_branch_dag.py
[2022-10-09T07:06:46.874+0000] {processor.py:758} INFO - Processing file /home/airflow/.local/lib/python3.7/site-packages/airflow/example_dags/example_nested_branch_dag.py for tasks to queue
[2022-10-09T07:06:46.875+0000] {logging_mixin.py:117} INFO - [2022-10-09T07:06:46.874+0000] {dagbag.py:525} INFO - Filling up the DagBag from /home/airflow/.local/lib/python3.7/site-packages/airflow/example_dags/example_nested_branch_dag.py
[2022-10-09T07:06:46.890+0000] {processor.py:768} INFO - DAG(s) dict_keys(['example_nested_branch_dag']) retrieved from /home/airflow/.local/lib/python3.7/site-packages/airflow/example_dags/example_nested_branch_dag.py
[2022-10-09T07:06:46.914+0000] {logging_mixin.py:117} INFO - [2022-10-09T07:06:46.913+0000] {dag.py:2573} INFO - Sync 1 DAGs
[2022-10-09T07:06:46.931+0000] {logging_mixin.py:117} INFO - [2022-10-09T07:06:46.931+0000] {dag.py:3328} INFO - Setting next_dagrun for example_nested_branch_dag to 2022-10-08T00:00:00+00:00, run_after=2022-10-09T00:00:00+00:00
[2022-10-09T07:06:46.943+0000] {processor.py:178} INFO - Processing /home/airflow/.local/lib/python3.7/site-packages/airflow/example_dags/example_nested_branch_dag.py took 0.073 seconds
[2022-10-09T07:07:17.148+0000] {processor.py:156} INFO - Started process (PID=2005) to work on /home/airflow/.local/lib/python3.7/site-packages/airflow/example_dags/example_nested_branch_dag.py
[2022-10-09T07:07:17.150+0000] {processor.py:758} INFO - Processing file /home/airflow/.local/lib/python3.7/site-packages/airflow/example_dags/example_nested_branch_dag.py for tasks to queue
[2022-10-09T07:07:17.151+0000] {logging_mixin.py:117} INFO - [2022-10-09T07:07:17.151+0000] {dagbag.py:525} INFO - Filling up the DagBag from /home/airflow/.local/lib/python3.7/site-packages/airflow/example_dags/example_nested_branch_dag.py
[2022-10-09T07:07:17.170+0000] {processor.py:768} INFO - DAG(s) dict_keys(['example_nested_branch_dag']) retrieved from /home/airflow/.local/lib/python3.7/site-packages/airflow/example_dags/example_nested_branch_dag.py
[2022-10-09T07:07:17.196+0000] {logging_mixin.py:117} INFO - [2022-10-09T07:07:17.196+0000] {dag.py:2573} INFO - Sync 1 DAGs
[2022-10-09T07:07:17.212+0000] {logging_mixin.py:117} INFO - [2022-10-09T07:07:17.212+0000] {dag.py:3328} INFO - Setting next_dagrun for example_nested_branch_dag to 2022-10-08T00:00:00+00:00, run_after=2022-10-09T00:00:00+00:00
[2022-10-09T07:07:17.224+0000] {processor.py:178} INFO - Processing /home/airflow/.local/lib/python3.7/site-packages/airflow/example_dags/example_nested_branch_dag.py took 0.079 seconds
[2022-10-09T07:07:47.819+0000] {processor.py:156} INFO - Started process (PID=2069) to work on /home/airflow/.local/lib/python3.7/site-packages/airflow/example_dags/example_nested_branch_dag.py
[2022-10-09T07:07:47.820+0000] {processor.py:758} INFO - Processing file /home/airflow/.local/lib/python3.7/site-packages/airflow/example_dags/example_nested_branch_dag.py for tasks to queue
[2022-10-09T07:07:47.821+0000] {logging_mixin.py:117} INFO - [2022-10-09T07:07:47.821+0000] {dagbag.py:525} INFO - Filling up the DagBag from /home/airflow/.local/lib/python3.7/site-packages/airflow/example_dags/example_nested_branch_dag.py
[2022-10-09T07:07:47.840+0000] {processor.py:768} INFO - DAG(s) dict_keys(['example_nested_branch_dag']) retrieved from /home/airflow/.local/lib/python3.7/site-packages/airflow/example_dags/example_nested_branch_dag.py
[2022-10-09T07:07:47.867+0000] {logging_mixin.py:117} INFO - [2022-10-09T07:07:47.867+0000] {dag.py:2573} INFO - Sync 1 DAGs
[2022-10-09T07:07:47.883+0000] {logging_mixin.py:117} INFO - [2022-10-09T07:07:47.883+0000] {dag.py:3328} INFO - Setting next_dagrun for example_nested_branch_dag to 2022-10-08T00:00:00+00:00, run_after=2022-10-09T00:00:00+00:00
[2022-10-09T07:07:47.895+0000] {processor.py:178} INFO - Processing /home/airflow/.local/lib/python3.7/site-packages/airflow/example_dags/example_nested_branch_dag.py took 0.079 seconds
[2022-10-09T07:08:18.079+0000] {processor.py:156} INFO - Started process (PID=2124) to work on /home/airflow/.local/lib/python3.7/site-packages/airflow/example_dags/example_nested_branch_dag.py
[2022-10-09T07:08:18.081+0000] {processor.py:758} INFO - Processing file /home/airflow/.local/lib/python3.7/site-packages/airflow/example_dags/example_nested_branch_dag.py for tasks to queue
[2022-10-09T07:08:18.082+0000] {logging_mixin.py:117} INFO - [2022-10-09T07:08:18.082+0000] {dagbag.py:525} INFO - Filling up the DagBag from /home/airflow/.local/lib/python3.7/site-packages/airflow/example_dags/example_nested_branch_dag.py
[2022-10-09T07:08:18.097+0000] {processor.py:768} INFO - DAG(s) dict_keys(['example_nested_branch_dag']) retrieved from /home/airflow/.local/lib/python3.7/site-packages/airflow/example_dags/example_nested_branch_dag.py
[2022-10-09T07:08:18.125+0000] {logging_mixin.py:117} INFO - [2022-10-09T07:08:18.125+0000] {dag.py:2573} INFO - Sync 1 DAGs
[2022-10-09T07:08:18.143+0000] {logging_mixin.py:117} INFO - [2022-10-09T07:08:18.143+0000] {dag.py:3328} INFO - Setting next_dagrun for example_nested_branch_dag to 2022-10-08T00:00:00+00:00, run_after=2022-10-09T00:00:00+00:00
[2022-10-09T07:08:18.155+0000] {processor.py:178} INFO - Processing /home/airflow/.local/lib/python3.7/site-packages/airflow/example_dags/example_nested_branch_dag.py took 0.078 seconds
[2022-10-09T07:08:48.540+0000] {processor.py:156} INFO - Started process (PID=2187) to work on /home/airflow/.local/lib/python3.7/site-packages/airflow/example_dags/example_nested_branch_dag.py
[2022-10-09T07:08:48.542+0000] {processor.py:758} INFO - Processing file /home/airflow/.local/lib/python3.7/site-packages/airflow/example_dags/example_nested_branch_dag.py for tasks to queue
[2022-10-09T07:08:48.544+0000] {logging_mixin.py:117} INFO - [2022-10-09T07:08:48.544+0000] {dagbag.py:525} INFO - Filling up the DagBag from /home/airflow/.local/lib/python3.7/site-packages/airflow/example_dags/example_nested_branch_dag.py
[2022-10-09T07:08:48.561+0000] {processor.py:768} INFO - DAG(s) dict_keys(['example_nested_branch_dag']) retrieved from /home/airflow/.local/lib/python3.7/site-packages/airflow/example_dags/example_nested_branch_dag.py
[2022-10-09T07:08:48.594+0000] {logging_mixin.py:117} INFO - [2022-10-09T07:08:48.594+0000] {dag.py:2573} INFO - Sync 1 DAGs
[2022-10-09T07:08:48.612+0000] {logging_mixin.py:117} INFO - [2022-10-09T07:08:48.612+0000] {dag.py:3328} INFO - Setting next_dagrun for example_nested_branch_dag to 2022-10-08T00:00:00+00:00, run_after=2022-10-09T00:00:00+00:00
[2022-10-09T07:08:48.626+0000] {processor.py:178} INFO - Processing /home/airflow/.local/lib/python3.7/site-packages/airflow/example_dags/example_nested_branch_dag.py took 0.088 seconds
[2022-10-09T07:09:18.821+0000] {processor.py:156} INFO - Started process (PID=2251) to work on /home/airflow/.local/lib/python3.7/site-packages/airflow/example_dags/example_nested_branch_dag.py
[2022-10-09T07:09:18.822+0000] {processor.py:758} INFO - Processing file /home/airflow/.local/lib/python3.7/site-packages/airflow/example_dags/example_nested_branch_dag.py for tasks to queue
[2022-10-09T07:09:18.823+0000] {logging_mixin.py:117} INFO - [2022-10-09T07:09:18.822+0000] {dagbag.py:525} INFO - Filling up the DagBag from /home/airflow/.local/lib/python3.7/site-packages/airflow/example_dags/example_nested_branch_dag.py
[2022-10-09T07:09:18.837+0000] {processor.py:768} INFO - DAG(s) dict_keys(['example_nested_branch_dag']) retrieved from /home/airflow/.local/lib/python3.7/site-packages/airflow/example_dags/example_nested_branch_dag.py
[2022-10-09T07:09:18.862+0000] {logging_mixin.py:117} INFO - [2022-10-09T07:09:18.862+0000] {dag.py:2573} INFO - Sync 1 DAGs
[2022-10-09T07:09:18.876+0000] {logging_mixin.py:117} INFO - [2022-10-09T07:09:18.876+0000] {dag.py:3328} INFO - Setting next_dagrun for example_nested_branch_dag to 2022-10-08T00:00:00+00:00, run_after=2022-10-09T00:00:00+00:00
[2022-10-09T07:09:18.889+0000] {processor.py:178} INFO - Processing /home/airflow/.local/lib/python3.7/site-packages/airflow/example_dags/example_nested_branch_dag.py took 0.070 seconds
[2022-10-09T07:09:49.337+0000] {processor.py:156} INFO - Started process (PID=2313) to work on /home/airflow/.local/lib/python3.7/site-packages/airflow/example_dags/example_nested_branch_dag.py
[2022-10-09T07:09:49.339+0000] {processor.py:758} INFO - Processing file /home/airflow/.local/lib/python3.7/site-packages/airflow/example_dags/example_nested_branch_dag.py for tasks to queue
[2022-10-09T07:09:49.340+0000] {logging_mixin.py:117} INFO - [2022-10-09T07:09:49.339+0000] {dagbag.py:525} INFO - Filling up the DagBag from /home/airflow/.local/lib/python3.7/site-packages/airflow/example_dags/example_nested_branch_dag.py
[2022-10-09T07:09:49.355+0000] {processor.py:768} INFO - DAG(s) dict_keys(['example_nested_branch_dag']) retrieved from /home/airflow/.local/lib/python3.7/site-packages/airflow/example_dags/example_nested_branch_dag.py
[2022-10-09T07:09:49.383+0000] {logging_mixin.py:117} INFO - [2022-10-09T07:09:49.383+0000] {dag.py:2573} INFO - Sync 1 DAGs
[2022-10-09T07:09:49.399+0000] {logging_mixin.py:117} INFO - [2022-10-09T07:09:49.398+0000] {dag.py:3328} INFO - Setting next_dagrun for example_nested_branch_dag to 2022-10-08T00:00:00+00:00, run_after=2022-10-09T00:00:00+00:00
[2022-10-09T07:09:49.415+0000] {processor.py:178} INFO - Processing /home/airflow/.local/lib/python3.7/site-packages/airflow/example_dags/example_nested_branch_dag.py took 0.080 seconds
[2022-10-09T07:10:19.747+0000] {processor.py:156} INFO - Started process (PID=2375) to work on /home/airflow/.local/lib/python3.7/site-packages/airflow/example_dags/example_nested_branch_dag.py
[2022-10-09T07:10:19.749+0000] {processor.py:758} INFO - Processing file /home/airflow/.local/lib/python3.7/site-packages/airflow/example_dags/example_nested_branch_dag.py for tasks to queue
[2022-10-09T07:10:19.752+0000] {logging_mixin.py:117} INFO - [2022-10-09T07:10:19.752+0000] {dagbag.py:525} INFO - Filling up the DagBag from /home/airflow/.local/lib/python3.7/site-packages/airflow/example_dags/example_nested_branch_dag.py
[2022-10-09T07:10:19.773+0000] {processor.py:768} INFO - DAG(s) dict_keys(['example_nested_branch_dag']) retrieved from /home/airflow/.local/lib/python3.7/site-packages/airflow/example_dags/example_nested_branch_dag.py
[2022-10-09T07:10:19.813+0000] {logging_mixin.py:117} INFO - [2022-10-09T07:10:19.813+0000] {dag.py:2573} INFO - Sync 1 DAGs
[2022-10-09T07:10:19.833+0000] {logging_mixin.py:117} INFO - [2022-10-09T07:10:19.833+0000] {dag.py:3328} INFO - Setting next_dagrun for example_nested_branch_dag to 2022-10-08T00:00:00+00:00, run_after=2022-10-09T00:00:00+00:00
[2022-10-09T07:10:19.851+0000] {processor.py:178} INFO - Processing /home/airflow/.local/lib/python3.7/site-packages/airflow/example_dags/example_nested_branch_dag.py took 0.107 seconds
[2022-10-09T07:10:50.578+0000] {processor.py:156} INFO - Started process (PID=2438) to work on /home/airflow/.local/lib/python3.7/site-packages/airflow/example_dags/example_nested_branch_dag.py
[2022-10-09T07:10:50.579+0000] {processor.py:758} INFO - Processing file /home/airflow/.local/lib/python3.7/site-packages/airflow/example_dags/example_nested_branch_dag.py for tasks to queue
[2022-10-09T07:10:50.580+0000] {logging_mixin.py:117} INFO - [2022-10-09T07:10:50.580+0000] {dagbag.py:525} INFO - Filling up the DagBag from /home/airflow/.local/lib/python3.7/site-packages/airflow/example_dags/example_nested_branch_dag.py
[2022-10-09T07:10:50.597+0000] {processor.py:768} INFO - DAG(s) dict_keys(['example_nested_branch_dag']) retrieved from /home/airflow/.local/lib/python3.7/site-packages/airflow/example_dags/example_nested_branch_dag.py
[2022-10-09T07:10:50.624+0000] {logging_mixin.py:117} INFO - [2022-10-09T07:10:50.624+0000] {dag.py:2573} INFO - Sync 1 DAGs
[2022-10-09T07:10:50.641+0000] {logging_mixin.py:117} INFO - [2022-10-09T07:10:50.641+0000] {dag.py:3328} INFO - Setting next_dagrun for example_nested_branch_dag to 2022-10-08T00:00:00+00:00, run_after=2022-10-09T00:00:00+00:00
[2022-10-09T07:10:50.656+0000] {processor.py:178} INFO - Processing /home/airflow/.local/lib/python3.7/site-packages/airflow/example_dags/example_nested_branch_dag.py took 0.080 seconds
[2022-10-09T07:11:20.846+0000] {processor.py:156} INFO - Started process (PID=2492) to work on /home/airflow/.local/lib/python3.7/site-packages/airflow/example_dags/example_nested_branch_dag.py
[2022-10-09T07:11:20.847+0000] {processor.py:758} INFO - Processing file /home/airflow/.local/lib/python3.7/site-packages/airflow/example_dags/example_nested_branch_dag.py for tasks to queue
[2022-10-09T07:11:20.848+0000] {logging_mixin.py:117} INFO - [2022-10-09T07:11:20.848+0000] {dagbag.py:525} INFO - Filling up the DagBag from /home/airflow/.local/lib/python3.7/site-packages/airflow/example_dags/example_nested_branch_dag.py
[2022-10-09T07:11:20.863+0000] {processor.py:768} INFO - DAG(s) dict_keys(['example_nested_branch_dag']) retrieved from /home/airflow/.local/lib/python3.7/site-packages/airflow/example_dags/example_nested_branch_dag.py
[2022-10-09T07:11:20.888+0000] {logging_mixin.py:117} INFO - [2022-10-09T07:11:20.888+0000] {dag.py:2573} INFO - Sync 1 DAGs
[2022-10-09T07:11:20.903+0000] {logging_mixin.py:117} INFO - [2022-10-09T07:11:20.903+0000] {dag.py:3328} INFO - Setting next_dagrun for example_nested_branch_dag to 2022-10-08T00:00:00+00:00, run_after=2022-10-09T00:00:00+00:00
[2022-10-09T07:11:20.916+0000] {processor.py:178} INFO - Processing /home/airflow/.local/lib/python3.7/site-packages/airflow/example_dags/example_nested_branch_dag.py took 0.073 seconds
[2022-10-09T07:11:51.234+0000] {processor.py:156} INFO - Started process (PID=2555) to work on /home/airflow/.local/lib/python3.7/site-packages/airflow/example_dags/example_nested_branch_dag.py
[2022-10-09T07:11:51.236+0000] {processor.py:758} INFO - Processing file /home/airflow/.local/lib/python3.7/site-packages/airflow/example_dags/example_nested_branch_dag.py for tasks to queue
[2022-10-09T07:11:51.237+0000] {logging_mixin.py:117} INFO - [2022-10-09T07:11:51.236+0000] {dagbag.py:525} INFO - Filling up the DagBag from /home/airflow/.local/lib/python3.7/site-packages/airflow/example_dags/example_nested_branch_dag.py
[2022-10-09T07:11:51.252+0000] {processor.py:768} INFO - DAG(s) dict_keys(['example_nested_branch_dag']) retrieved from /home/airflow/.local/lib/python3.7/site-packages/airflow/example_dags/example_nested_branch_dag.py
[2022-10-09T07:11:51.277+0000] {logging_mixin.py:117} INFO - [2022-10-09T07:11:51.277+0000] {dag.py:2573} INFO - Sync 1 DAGs
[2022-10-09T07:11:51.293+0000] {logging_mixin.py:117} INFO - [2022-10-09T07:11:51.293+0000] {dag.py:3328} INFO - Setting next_dagrun for example_nested_branch_dag to 2022-10-08T00:00:00+00:00, run_after=2022-10-09T00:00:00+00:00
[2022-10-09T07:11:51.305+0000] {processor.py:178} INFO - Processing /home/airflow/.local/lib/python3.7/site-packages/airflow/example_dags/example_nested_branch_dag.py took 0.072 seconds
[2022-10-09T07:12:21.437+0000] {processor.py:156} INFO - Started process (PID=2618) to work on /home/airflow/.local/lib/python3.7/site-packages/airflow/example_dags/example_nested_branch_dag.py
[2022-10-09T07:12:21.439+0000] {processor.py:758} INFO - Processing file /home/airflow/.local/lib/python3.7/site-packages/airflow/example_dags/example_nested_branch_dag.py for tasks to queue
[2022-10-09T07:12:21.439+0000] {logging_mixin.py:117} INFO - [2022-10-09T07:12:21.439+0000] {dagbag.py:525} INFO - Filling up the DagBag from /home/airflow/.local/lib/python3.7/site-packages/airflow/example_dags/example_nested_branch_dag.py
[2022-10-09T07:12:21.455+0000] {processor.py:768} INFO - DAG(s) dict_keys(['example_nested_branch_dag']) retrieved from /home/airflow/.local/lib/python3.7/site-packages/airflow/example_dags/example_nested_branch_dag.py
[2022-10-09T07:12:21.480+0000] {logging_mixin.py:117} INFO - [2022-10-09T07:12:21.480+0000] {dag.py:2573} INFO - Sync 1 DAGs
[2022-10-09T07:12:21.497+0000] {logging_mixin.py:117} INFO - [2022-10-09T07:12:21.497+0000] {dag.py:3328} INFO - Setting next_dagrun for example_nested_branch_dag to 2022-10-08T00:00:00+00:00, run_after=2022-10-09T00:00:00+00:00
[2022-10-09T07:12:21.511+0000] {processor.py:178} INFO - Processing /home/airflow/.local/lib/python3.7/site-packages/airflow/example_dags/example_nested_branch_dag.py took 0.077 seconds
[2022-10-09T07:12:51.800+0000] {processor.py:156} INFO - Started process (PID=2681) to work on /home/airflow/.local/lib/python3.7/site-packages/airflow/example_dags/example_nested_branch_dag.py
[2022-10-09T07:12:51.802+0000] {processor.py:758} INFO - Processing file /home/airflow/.local/lib/python3.7/site-packages/airflow/example_dags/example_nested_branch_dag.py for tasks to queue
[2022-10-09T07:12:51.803+0000] {logging_mixin.py:117} INFO - [2022-10-09T07:12:51.803+0000] {dagbag.py:525} INFO - Filling up the DagBag from /home/airflow/.local/lib/python3.7/site-packages/airflow/example_dags/example_nested_branch_dag.py
[2022-10-09T07:12:51.818+0000] {processor.py:768} INFO - DAG(s) dict_keys(['example_nested_branch_dag']) retrieved from /home/airflow/.local/lib/python3.7/site-packages/airflow/example_dags/example_nested_branch_dag.py
[2022-10-09T07:12:51.844+0000] {logging_mixin.py:117} INFO - [2022-10-09T07:12:51.844+0000] {dag.py:2573} INFO - Sync 1 DAGs
[2022-10-09T07:12:51.862+0000] {logging_mixin.py:117} INFO - [2022-10-09T07:12:51.862+0000] {dag.py:3328} INFO - Setting next_dagrun for example_nested_branch_dag to 2022-10-08T00:00:00+00:00, run_after=2022-10-09T00:00:00+00:00
[2022-10-09T07:12:51.876+0000] {processor.py:178} INFO - Processing /home/airflow/.local/lib/python3.7/site-packages/airflow/example_dags/example_nested_branch_dag.py took 0.079 seconds
[2022-10-09T07:13:22.328+0000] {processor.py:156} INFO - Started process (PID=2745) to work on /home/airflow/.local/lib/python3.7/site-packages/airflow/example_dags/example_nested_branch_dag.py
[2022-10-09T07:13:22.329+0000] {processor.py:758} INFO - Processing file /home/airflow/.local/lib/python3.7/site-packages/airflow/example_dags/example_nested_branch_dag.py for tasks to queue
[2022-10-09T07:13:22.330+0000] {logging_mixin.py:117} INFO - [2022-10-09T07:13:22.330+0000] {dagbag.py:525} INFO - Filling up the DagBag from /home/airflow/.local/lib/python3.7/site-packages/airflow/example_dags/example_nested_branch_dag.py
[2022-10-09T07:13:22.347+0000] {processor.py:768} INFO - DAG(s) dict_keys(['example_nested_branch_dag']) retrieved from /home/airflow/.local/lib/python3.7/site-packages/airflow/example_dags/example_nested_branch_dag.py
[2022-10-09T07:13:22.373+0000] {logging_mixin.py:117} INFO - [2022-10-09T07:13:22.373+0000] {dag.py:2573} INFO - Sync 1 DAGs
[2022-10-09T07:13:22.389+0000] {logging_mixin.py:117} INFO - [2022-10-09T07:13:22.389+0000] {dag.py:3328} INFO - Setting next_dagrun for example_nested_branch_dag to 2022-10-08T00:00:00+00:00, run_after=2022-10-09T00:00:00+00:00
[2022-10-09T07:13:22.401+0000] {processor.py:178} INFO - Processing /home/airflow/.local/lib/python3.7/site-packages/airflow/example_dags/example_nested_branch_dag.py took 0.076 seconds
[2022-10-09T07:13:52.611+0000] {processor.py:156} INFO - Started process (PID=2798) to work on /home/airflow/.local/lib/python3.7/site-packages/airflow/example_dags/example_nested_branch_dag.py
[2022-10-09T07:13:52.612+0000] {processor.py:758} INFO - Processing file /home/airflow/.local/lib/python3.7/site-packages/airflow/example_dags/example_nested_branch_dag.py for tasks to queue
[2022-10-09T07:13:52.613+0000] {logging_mixin.py:117} INFO - [2022-10-09T07:13:52.613+0000] {dagbag.py:525} INFO - Filling up the DagBag from /home/airflow/.local/lib/python3.7/site-packages/airflow/example_dags/example_nested_branch_dag.py
[2022-10-09T07:13:52.628+0000] {processor.py:768} INFO - DAG(s) dict_keys(['example_nested_branch_dag']) retrieved from /home/airflow/.local/lib/python3.7/site-packages/airflow/example_dags/example_nested_branch_dag.py
[2022-10-09T07:13:52.655+0000] {logging_mixin.py:117} INFO - [2022-10-09T07:13:52.655+0000] {dag.py:2573} INFO - Sync 1 DAGs
[2022-10-09T07:13:52.673+0000] {logging_mixin.py:117} INFO - [2022-10-09T07:13:52.673+0000] {dag.py:3328} INFO - Setting next_dagrun for example_nested_branch_dag to 2022-10-08T00:00:00+00:00, run_after=2022-10-09T00:00:00+00:00
[2022-10-09T07:13:52.695+0000] {processor.py:178} INFO - Processing /home/airflow/.local/lib/python3.7/site-packages/airflow/example_dags/example_nested_branch_dag.py took 0.086 seconds
[2022-10-09T07:14:23.149+0000] {processor.py:156} INFO - Started process (PID=2860) to work on /home/airflow/.local/lib/python3.7/site-packages/airflow/example_dags/example_nested_branch_dag.py
[2022-10-09T07:14:23.151+0000] {processor.py:758} INFO - Processing file /home/airflow/.local/lib/python3.7/site-packages/airflow/example_dags/example_nested_branch_dag.py for tasks to queue
[2022-10-09T07:14:23.151+0000] {logging_mixin.py:117} INFO - [2022-10-09T07:14:23.151+0000] {dagbag.py:525} INFO - Filling up the DagBag from /home/airflow/.local/lib/python3.7/site-packages/airflow/example_dags/example_nested_branch_dag.py
[2022-10-09T07:14:23.168+0000] {processor.py:768} INFO - DAG(s) dict_keys(['example_nested_branch_dag']) retrieved from /home/airflow/.local/lib/python3.7/site-packages/airflow/example_dags/example_nested_branch_dag.py
[2022-10-09T07:14:23.192+0000] {logging_mixin.py:117} INFO - [2022-10-09T07:14:23.192+0000] {dag.py:2573} INFO - Sync 1 DAGs
[2022-10-09T07:14:23.208+0000] {logging_mixin.py:117} INFO - [2022-10-09T07:14:23.208+0000] {dag.py:3328} INFO - Setting next_dagrun for example_nested_branch_dag to 2022-10-08T00:00:00+00:00, run_after=2022-10-09T00:00:00+00:00
[2022-10-09T07:14:23.220+0000] {processor.py:178} INFO - Processing /home/airflow/.local/lib/python3.7/site-packages/airflow/example_dags/example_nested_branch_dag.py took 0.073 seconds
[2022-10-09T07:14:53.487+0000] {processor.py:156} INFO - Started process (PID=2924) to work on /home/airflow/.local/lib/python3.7/site-packages/airflow/example_dags/example_nested_branch_dag.py
[2022-10-09T07:14:53.489+0000] {processor.py:758} INFO - Processing file /home/airflow/.local/lib/python3.7/site-packages/airflow/example_dags/example_nested_branch_dag.py for tasks to queue
[2022-10-09T07:14:53.489+0000] {logging_mixin.py:117} INFO - [2022-10-09T07:14:53.489+0000] {dagbag.py:525} INFO - Filling up the DagBag from /home/airflow/.local/lib/python3.7/site-packages/airflow/example_dags/example_nested_branch_dag.py
[2022-10-09T07:14:53.506+0000] {processor.py:768} INFO - DAG(s) dict_keys(['example_nested_branch_dag']) retrieved from /home/airflow/.local/lib/python3.7/site-packages/airflow/example_dags/example_nested_branch_dag.py
[2022-10-09T07:14:53.529+0000] {logging_mixin.py:117} INFO - [2022-10-09T07:14:53.529+0000] {dag.py:2573} INFO - Sync 1 DAGs
[2022-10-09T07:14:53.545+0000] {logging_mixin.py:117} INFO - [2022-10-09T07:14:53.545+0000] {dag.py:3328} INFO - Setting next_dagrun for example_nested_branch_dag to 2022-10-08T00:00:00+00:00, run_after=2022-10-09T00:00:00+00:00
[2022-10-09T07:14:53.556+0000] {processor.py:178} INFO - Processing /home/airflow/.local/lib/python3.7/site-packages/airflow/example_dags/example_nested_branch_dag.py took 0.071 seconds
[2022-10-09T07:15:23.680+0000] {processor.py:156} INFO - Started process (PID=2987) to work on /home/airflow/.local/lib/python3.7/site-packages/airflow/example_dags/example_nested_branch_dag.py
[2022-10-09T07:15:23.681+0000] {processor.py:758} INFO - Processing file /home/airflow/.local/lib/python3.7/site-packages/airflow/example_dags/example_nested_branch_dag.py for tasks to queue
[2022-10-09T07:15:23.682+0000] {logging_mixin.py:117} INFO - [2022-10-09T07:15:23.682+0000] {dagbag.py:525} INFO - Filling up the DagBag from /home/airflow/.local/lib/python3.7/site-packages/airflow/example_dags/example_nested_branch_dag.py
[2022-10-09T07:15:23.698+0000] {processor.py:768} INFO - DAG(s) dict_keys(['example_nested_branch_dag']) retrieved from /home/airflow/.local/lib/python3.7/site-packages/airflow/example_dags/example_nested_branch_dag.py
[2022-10-09T07:15:23.725+0000] {logging_mixin.py:117} INFO - [2022-10-09T07:15:23.725+0000] {dag.py:2573} INFO - Sync 1 DAGs
[2022-10-09T07:15:23.741+0000] {logging_mixin.py:117} INFO - [2022-10-09T07:15:23.741+0000] {dag.py:3328} INFO - Setting next_dagrun for example_nested_branch_dag to 2022-10-08T00:00:00+00:00, run_after=2022-10-09T00:00:00+00:00
[2022-10-09T07:15:23.753+0000] {processor.py:178} INFO - Processing /home/airflow/.local/lib/python3.7/site-packages/airflow/example_dags/example_nested_branch_dag.py took 0.075 seconds
[2022-10-09T07:15:54.050+0000] {processor.py:156} INFO - Started process (PID=3050) to work on /home/airflow/.local/lib/python3.7/site-packages/airflow/example_dags/example_nested_branch_dag.py
[2022-10-09T07:15:54.051+0000] {processor.py:758} INFO - Processing file /home/airflow/.local/lib/python3.7/site-packages/airflow/example_dags/example_nested_branch_dag.py for tasks to queue
[2022-10-09T07:15:54.052+0000] {logging_mixin.py:117} INFO - [2022-10-09T07:15:54.052+0000] {dagbag.py:525} INFO - Filling up the DagBag from /home/airflow/.local/lib/python3.7/site-packages/airflow/example_dags/example_nested_branch_dag.py
[2022-10-09T07:15:54.066+0000] {processor.py:768} INFO - DAG(s) dict_keys(['example_nested_branch_dag']) retrieved from /home/airflow/.local/lib/python3.7/site-packages/airflow/example_dags/example_nested_branch_dag.py
[2022-10-09T07:15:54.092+0000] {logging_mixin.py:117} INFO - [2022-10-09T07:15:54.092+0000] {dag.py:2573} INFO - Sync 1 DAGs
[2022-10-09T07:15:54.106+0000] {logging_mixin.py:117} INFO - [2022-10-09T07:15:54.106+0000] {dag.py:3328} INFO - Setting next_dagrun for example_nested_branch_dag to 2022-10-08T00:00:00+00:00, run_after=2022-10-09T00:00:00+00:00
[2022-10-09T07:15:54.118+0000] {processor.py:178} INFO - Processing /home/airflow/.local/lib/python3.7/site-packages/airflow/example_dags/example_nested_branch_dag.py took 0.070 seconds
[2022-10-09T07:16:24.368+0000] {processor.py:156} INFO - Started process (PID=3104) to work on /home/airflow/.local/lib/python3.7/site-packages/airflow/example_dags/example_nested_branch_dag.py
[2022-10-09T07:16:24.370+0000] {processor.py:758} INFO - Processing file /home/airflow/.local/lib/python3.7/site-packages/airflow/example_dags/example_nested_branch_dag.py for tasks to queue
[2022-10-09T07:16:24.371+0000] {logging_mixin.py:117} INFO - [2022-10-09T07:16:24.371+0000] {dagbag.py:525} INFO - Filling up the DagBag from /home/airflow/.local/lib/python3.7/site-packages/airflow/example_dags/example_nested_branch_dag.py
[2022-10-09T07:16:24.387+0000] {processor.py:768} INFO - DAG(s) dict_keys(['example_nested_branch_dag']) retrieved from /home/airflow/.local/lib/python3.7/site-packages/airflow/example_dags/example_nested_branch_dag.py
[2022-10-09T07:16:24.412+0000] {logging_mixin.py:117} INFO - [2022-10-09T07:16:24.412+0000] {dag.py:2573} INFO - Sync 1 DAGs
[2022-10-09T07:16:24.429+0000] {logging_mixin.py:117} INFO - [2022-10-09T07:16:24.429+0000] {dag.py:3328} INFO - Setting next_dagrun for example_nested_branch_dag to 2022-10-08T00:00:00+00:00, run_after=2022-10-09T00:00:00+00:00
[2022-10-09T07:16:24.442+0000] {processor.py:178} INFO - Processing /home/airflow/.local/lib/python3.7/site-packages/airflow/example_dags/example_nested_branch_dag.py took 0.076 seconds
[2022-10-09T07:16:54.698+0000] {processor.py:156} INFO - Started process (PID=3166) to work on /home/airflow/.local/lib/python3.7/site-packages/airflow/example_dags/example_nested_branch_dag.py
[2022-10-09T07:16:54.699+0000] {processor.py:758} INFO - Processing file /home/airflow/.local/lib/python3.7/site-packages/airflow/example_dags/example_nested_branch_dag.py for tasks to queue
[2022-10-09T07:16:54.700+0000] {logging_mixin.py:117} INFO - [2022-10-09T07:16:54.700+0000] {dagbag.py:525} INFO - Filling up the DagBag from /home/airflow/.local/lib/python3.7/site-packages/airflow/example_dags/example_nested_branch_dag.py
[2022-10-09T07:16:54.714+0000] {processor.py:768} INFO - DAG(s) dict_keys(['example_nested_branch_dag']) retrieved from /home/airflow/.local/lib/python3.7/site-packages/airflow/example_dags/example_nested_branch_dag.py
[2022-10-09T07:16:54.739+0000] {logging_mixin.py:117} INFO - [2022-10-09T07:16:54.739+0000] {dag.py:2573} INFO - Sync 1 DAGs
[2022-10-09T07:16:54.755+0000] {logging_mixin.py:117} INFO - [2022-10-09T07:16:54.755+0000] {dag.py:3328} INFO - Setting next_dagrun for example_nested_branch_dag to 2022-10-08T00:00:00+00:00, run_after=2022-10-09T00:00:00+00:00
[2022-10-09T07:16:54.767+0000] {processor.py:178} INFO - Processing /home/airflow/.local/lib/python3.7/site-packages/airflow/example_dags/example_nested_branch_dag.py took 0.071 seconds
[2022-10-09T07:17:25.305+0000] {processor.py:156} INFO - Started process (PID=3229) to work on /home/airflow/.local/lib/python3.7/site-packages/airflow/example_dags/example_nested_branch_dag.py
[2022-10-09T07:17:25.308+0000] {processor.py:758} INFO - Processing file /home/airflow/.local/lib/python3.7/site-packages/airflow/example_dags/example_nested_branch_dag.py for tasks to queue
[2022-10-09T07:17:25.313+0000] {logging_mixin.py:117} INFO - [2022-10-09T07:17:25.312+0000] {dagbag.py:525} INFO - Filling up the DagBag from /home/airflow/.local/lib/python3.7/site-packages/airflow/example_dags/example_nested_branch_dag.py
[2022-10-09T07:17:25.332+0000] {processor.py:768} INFO - DAG(s) dict_keys(['example_nested_branch_dag']) retrieved from /home/airflow/.local/lib/python3.7/site-packages/airflow/example_dags/example_nested_branch_dag.py
[2022-10-09T07:17:25.409+0000] {logging_mixin.py:117} INFO - [2022-10-09T07:17:25.408+0000] {dag.py:2573} INFO - Sync 1 DAGs
[2022-10-09T07:17:25.469+0000] {logging_mixin.py:117} INFO - [2022-10-09T07:17:25.469+0000] {dag.py:3328} INFO - Setting next_dagrun for example_nested_branch_dag to 2022-10-08T00:00:00+00:00, run_after=2022-10-09T00:00:00+00:00
[2022-10-09T07:17:25.490+0000] {processor.py:178} INFO - Processing /home/airflow/.local/lib/python3.7/site-packages/airflow/example_dags/example_nested_branch_dag.py took 0.187 seconds
[2022-10-09T07:17:55.692+0000] {processor.py:156} INFO - Started process (PID=3290) to work on /home/airflow/.local/lib/python3.7/site-packages/airflow/example_dags/example_nested_branch_dag.py
[2022-10-09T07:17:55.694+0000] {processor.py:758} INFO - Processing file /home/airflow/.local/lib/python3.7/site-packages/airflow/example_dags/example_nested_branch_dag.py for tasks to queue
[2022-10-09T07:17:55.695+0000] {logging_mixin.py:117} INFO - [2022-10-09T07:17:55.695+0000] {dagbag.py:525} INFO - Filling up the DagBag from /home/airflow/.local/lib/python3.7/site-packages/airflow/example_dags/example_nested_branch_dag.py
[2022-10-09T07:17:55.709+0000] {processor.py:768} INFO - DAG(s) dict_keys(['example_nested_branch_dag']) retrieved from /home/airflow/.local/lib/python3.7/site-packages/airflow/example_dags/example_nested_branch_dag.py
[2022-10-09T07:17:55.735+0000] {logging_mixin.py:117} INFO - [2022-10-09T07:17:55.735+0000] {dag.py:2573} INFO - Sync 1 DAGs
[2022-10-09T07:17:55.749+0000] {logging_mixin.py:117} INFO - [2022-10-09T07:17:55.749+0000] {dag.py:3328} INFO - Setting next_dagrun for example_nested_branch_dag to 2022-10-08T00:00:00+00:00, run_after=2022-10-09T00:00:00+00:00
[2022-10-09T07:17:55.760+0000] {processor.py:178} INFO - Processing /home/airflow/.local/lib/python3.7/site-packages/airflow/example_dags/example_nested_branch_dag.py took 0.070 seconds
[2022-10-09T07:18:26.018+0000] {processor.py:156} INFO - Started process (PID=3353) to work on /home/airflow/.local/lib/python3.7/site-packages/airflow/example_dags/example_nested_branch_dag.py
[2022-10-09T07:18:26.020+0000] {processor.py:758} INFO - Processing file /home/airflow/.local/lib/python3.7/site-packages/airflow/example_dags/example_nested_branch_dag.py for tasks to queue
[2022-10-09T07:18:26.021+0000] {logging_mixin.py:117} INFO - [2022-10-09T07:18:26.021+0000] {dagbag.py:525} INFO - Filling up the DagBag from /home/airflow/.local/lib/python3.7/site-packages/airflow/example_dags/example_nested_branch_dag.py
[2022-10-09T07:18:26.037+0000] {processor.py:768} INFO - DAG(s) dict_keys(['example_nested_branch_dag']) retrieved from /home/airflow/.local/lib/python3.7/site-packages/airflow/example_dags/example_nested_branch_dag.py
[2022-10-09T07:18:26.064+0000] {logging_mixin.py:117} INFO - [2022-10-09T07:18:26.064+0000] {dag.py:2573} INFO - Sync 1 DAGs
[2022-10-09T07:18:26.083+0000] {logging_mixin.py:117} INFO - [2022-10-09T07:18:26.082+0000] {dag.py:3328} INFO - Setting next_dagrun for example_nested_branch_dag to 2022-10-08T00:00:00+00:00, run_after=2022-10-09T00:00:00+00:00
[2022-10-09T07:18:26.096+0000] {processor.py:178} INFO - Processing /home/airflow/.local/lib/python3.7/site-packages/airflow/example_dags/example_nested_branch_dag.py took 0.080 seconds
[2022-10-09T07:18:57.273+0000] {processor.py:156} INFO - Started process (PID=3415) to work on /home/airflow/.local/lib/python3.7/site-packages/airflow/example_dags/example_nested_branch_dag.py
[2022-10-09T07:18:57.274+0000] {processor.py:758} INFO - Processing file /home/airflow/.local/lib/python3.7/site-packages/airflow/example_dags/example_nested_branch_dag.py for tasks to queue
[2022-10-09T07:18:57.275+0000] {logging_mixin.py:117} INFO - [2022-10-09T07:18:57.275+0000] {dagbag.py:525} INFO - Filling up the DagBag from /home/airflow/.local/lib/python3.7/site-packages/airflow/example_dags/example_nested_branch_dag.py
[2022-10-09T07:18:57.291+0000] {processor.py:768} INFO - DAG(s) dict_keys(['example_nested_branch_dag']) retrieved from /home/airflow/.local/lib/python3.7/site-packages/airflow/example_dags/example_nested_branch_dag.py
[2022-10-09T07:18:57.318+0000] {logging_mixin.py:117} INFO - [2022-10-09T07:18:57.318+0000] {dag.py:2573} INFO - Sync 1 DAGs
[2022-10-09T07:18:57.334+0000] {logging_mixin.py:117} INFO - [2022-10-09T07:18:57.334+0000] {dag.py:3328} INFO - Setting next_dagrun for example_nested_branch_dag to 2022-10-08T00:00:00+00:00, run_after=2022-10-09T00:00:00+00:00
[2022-10-09T07:18:57.347+0000] {processor.py:178} INFO - Processing /home/airflow/.local/lib/python3.7/site-packages/airflow/example_dags/example_nested_branch_dag.py took 0.076 seconds
[2022-10-09T07:19:27.619+0000] {processor.py:156} INFO - Started process (PID=3469) to work on /home/airflow/.local/lib/python3.7/site-packages/airflow/example_dags/example_nested_branch_dag.py
[2022-10-09T07:19:27.620+0000] {processor.py:758} INFO - Processing file /home/airflow/.local/lib/python3.7/site-packages/airflow/example_dags/example_nested_branch_dag.py for tasks to queue
[2022-10-09T07:19:27.622+0000] {logging_mixin.py:117} INFO - [2022-10-09T07:19:27.622+0000] {dagbag.py:525} INFO - Filling up the DagBag from /home/airflow/.local/lib/python3.7/site-packages/airflow/example_dags/example_nested_branch_dag.py
[2022-10-09T07:19:27.639+0000] {processor.py:768} INFO - DAG(s) dict_keys(['example_nested_branch_dag']) retrieved from /home/airflow/.local/lib/python3.7/site-packages/airflow/example_dags/example_nested_branch_dag.py
[2022-10-09T07:19:27.698+0000] {logging_mixin.py:117} INFO - [2022-10-09T07:19:27.698+0000] {dag.py:2573} INFO - Sync 1 DAGs
[2022-10-09T07:19:27.715+0000] {logging_mixin.py:117} INFO - [2022-10-09T07:19:27.715+0000] {dag.py:3328} INFO - Setting next_dagrun for example_nested_branch_dag to 2022-10-08T00:00:00+00:00, run_after=2022-10-09T00:00:00+00:00
[2022-10-09T07:19:27.727+0000] {processor.py:178} INFO - Processing /home/airflow/.local/lib/python3.7/site-packages/airflow/example_dags/example_nested_branch_dag.py took 0.111 seconds
[2022-10-09T07:19:57.950+0000] {processor.py:156} INFO - Started process (PID=3533) to work on /home/airflow/.local/lib/python3.7/site-packages/airflow/example_dags/example_nested_branch_dag.py
[2022-10-09T07:19:57.952+0000] {processor.py:758} INFO - Processing file /home/airflow/.local/lib/python3.7/site-packages/airflow/example_dags/example_nested_branch_dag.py for tasks to queue
[2022-10-09T07:19:57.953+0000] {logging_mixin.py:117} INFO - [2022-10-09T07:19:57.953+0000] {dagbag.py:525} INFO - Filling up the DagBag from /home/airflow/.local/lib/python3.7/site-packages/airflow/example_dags/example_nested_branch_dag.py
[2022-10-09T07:19:57.967+0000] {processor.py:768} INFO - DAG(s) dict_keys(['example_nested_branch_dag']) retrieved from /home/airflow/.local/lib/python3.7/site-packages/airflow/example_dags/example_nested_branch_dag.py
[2022-10-09T07:19:57.994+0000] {logging_mixin.py:117} INFO - [2022-10-09T07:19:57.994+0000] {dag.py:2573} INFO - Sync 1 DAGs
[2022-10-09T07:19:58.011+0000] {logging_mixin.py:117} INFO - [2022-10-09T07:19:58.011+0000] {dag.py:3328} INFO - Setting next_dagrun for example_nested_branch_dag to 2022-10-08T00:00:00+00:00, run_after=2022-10-09T00:00:00+00:00
[2022-10-09T07:19:58.024+0000] {processor.py:178} INFO - Processing /home/airflow/.local/lib/python3.7/site-packages/airflow/example_dags/example_nested_branch_dag.py took 0.076 seconds
[2022-10-09T07:20:28.524+0000] {processor.py:156} INFO - Started process (PID=3596) to work on /home/airflow/.local/lib/python3.7/site-packages/airflow/example_dags/example_nested_branch_dag.py
[2022-10-09T07:20:28.526+0000] {processor.py:758} INFO - Processing file /home/airflow/.local/lib/python3.7/site-packages/airflow/example_dags/example_nested_branch_dag.py for tasks to queue
[2022-10-09T07:20:28.527+0000] {logging_mixin.py:117} INFO - [2022-10-09T07:20:28.527+0000] {dagbag.py:525} INFO - Filling up the DagBag from /home/airflow/.local/lib/python3.7/site-packages/airflow/example_dags/example_nested_branch_dag.py
[2022-10-09T07:20:28.544+0000] {processor.py:768} INFO - DAG(s) dict_keys(['example_nested_branch_dag']) retrieved from /home/airflow/.local/lib/python3.7/site-packages/airflow/example_dags/example_nested_branch_dag.py
[2022-10-09T07:20:28.571+0000] {logging_mixin.py:117} INFO - [2022-10-09T07:20:28.571+0000] {dag.py:2573} INFO - Sync 1 DAGs
[2022-10-09T07:20:28.589+0000] {logging_mixin.py:117} INFO - [2022-10-09T07:20:28.589+0000] {dag.py:3328} INFO - Setting next_dagrun for example_nested_branch_dag to 2022-10-08T00:00:00+00:00, run_after=2022-10-09T00:00:00+00:00
[2022-10-09T07:20:28.611+0000] {processor.py:178} INFO - Processing /home/airflow/.local/lib/python3.7/site-packages/airflow/example_dags/example_nested_branch_dag.py took 0.089 seconds
[2022-10-09T07:20:59.205+0000] {processor.py:156} INFO - Started process (PID=3659) to work on /home/airflow/.local/lib/python3.7/site-packages/airflow/example_dags/example_nested_branch_dag.py
[2022-10-09T07:20:59.206+0000] {processor.py:758} INFO - Processing file /home/airflow/.local/lib/python3.7/site-packages/airflow/example_dags/example_nested_branch_dag.py for tasks to queue
[2022-10-09T07:20:59.209+0000] {logging_mixin.py:117} INFO - [2022-10-09T07:20:59.209+0000] {dagbag.py:525} INFO - Filling up the DagBag from /home/airflow/.local/lib/python3.7/site-packages/airflow/example_dags/example_nested_branch_dag.py
[2022-10-09T07:20:59.225+0000] {processor.py:768} INFO - DAG(s) dict_keys(['example_nested_branch_dag']) retrieved from /home/airflow/.local/lib/python3.7/site-packages/airflow/example_dags/example_nested_branch_dag.py
[2022-10-09T07:20:59.250+0000] {logging_mixin.py:117} INFO - [2022-10-09T07:20:59.250+0000] {dag.py:2573} INFO - Sync 1 DAGs
[2022-10-09T07:20:59.269+0000] {logging_mixin.py:117} INFO - [2022-10-09T07:20:59.269+0000] {dag.py:3328} INFO - Setting next_dagrun for example_nested_branch_dag to 2022-10-08T00:00:00+00:00, run_after=2022-10-09T00:00:00+00:00
[2022-10-09T07:20:59.283+0000] {processor.py:178} INFO - Processing /home/airflow/.local/lib/python3.7/site-packages/airflow/example_dags/example_nested_branch_dag.py took 0.081 seconds
[2022-10-09T07:21:29.672+0000] {processor.py:156} INFO - Started process (PID=3722) to work on /home/airflow/.local/lib/python3.7/site-packages/airflow/example_dags/example_nested_branch_dag.py
[2022-10-09T07:21:29.674+0000] {processor.py:758} INFO - Processing file /home/airflow/.local/lib/python3.7/site-packages/airflow/example_dags/example_nested_branch_dag.py for tasks to queue
[2022-10-09T07:21:29.675+0000] {logging_mixin.py:117} INFO - [2022-10-09T07:21:29.675+0000] {dagbag.py:525} INFO - Filling up the DagBag from /home/airflow/.local/lib/python3.7/site-packages/airflow/example_dags/example_nested_branch_dag.py
[2022-10-09T07:21:29.691+0000] {processor.py:768} INFO - DAG(s) dict_keys(['example_nested_branch_dag']) retrieved from /home/airflow/.local/lib/python3.7/site-packages/airflow/example_dags/example_nested_branch_dag.py
[2022-10-09T07:21:29.718+0000] {logging_mixin.py:117} INFO - [2022-10-09T07:21:29.718+0000] {dag.py:2573} INFO - Sync 1 DAGs
[2022-10-09T07:21:29.734+0000] {logging_mixin.py:117} INFO - [2022-10-09T07:21:29.734+0000] {dag.py:3328} INFO - Setting next_dagrun for example_nested_branch_dag to 2022-10-08T00:00:00+00:00, run_after=2022-10-09T00:00:00+00:00
[2022-10-09T07:21:29.746+0000] {processor.py:178} INFO - Processing /home/airflow/.local/lib/python3.7/site-packages/airflow/example_dags/example_nested_branch_dag.py took 0.076 seconds
[2022-10-09T07:21:59.947+0000] {processor.py:156} INFO - Started process (PID=3774) to work on /home/airflow/.local/lib/python3.7/site-packages/airflow/example_dags/example_nested_branch_dag.py
[2022-10-09T07:21:59.949+0000] {processor.py:758} INFO - Processing file /home/airflow/.local/lib/python3.7/site-packages/airflow/example_dags/example_nested_branch_dag.py for tasks to queue
[2022-10-09T07:21:59.949+0000] {logging_mixin.py:117} INFO - [2022-10-09T07:21:59.949+0000] {dagbag.py:525} INFO - Filling up the DagBag from /home/airflow/.local/lib/python3.7/site-packages/airflow/example_dags/example_nested_branch_dag.py
[2022-10-09T07:21:59.965+0000] {processor.py:768} INFO - DAG(s) dict_keys(['example_nested_branch_dag']) retrieved from /home/airflow/.local/lib/python3.7/site-packages/airflow/example_dags/example_nested_branch_dag.py
[2022-10-09T07:21:59.995+0000] {logging_mixin.py:117} INFO - [2022-10-09T07:21:59.995+0000] {dag.py:2573} INFO - Sync 1 DAGs
[2022-10-09T07:22:00.011+0000] {logging_mixin.py:117} INFO - [2022-10-09T07:22:00.011+0000] {dag.py:3328} INFO - Setting next_dagrun for example_nested_branch_dag to 2022-10-08T00:00:00+00:00, run_after=2022-10-09T00:00:00+00:00
[2022-10-09T07:22:00.027+0000] {processor.py:178} INFO - Processing /home/airflow/.local/lib/python3.7/site-packages/airflow/example_dags/example_nested_branch_dag.py took 0.082 seconds
[2022-10-09T07:22:30.305+0000] {processor.py:156} INFO - Started process (PID=3837) to work on /home/airflow/.local/lib/python3.7/site-packages/airflow/example_dags/example_nested_branch_dag.py
[2022-10-09T07:22:30.308+0000] {processor.py:758} INFO - Processing file /home/airflow/.local/lib/python3.7/site-packages/airflow/example_dags/example_nested_branch_dag.py for tasks to queue
[2022-10-09T07:22:30.309+0000] {logging_mixin.py:117} INFO - [2022-10-09T07:22:30.309+0000] {dagbag.py:525} INFO - Filling up the DagBag from /home/airflow/.local/lib/python3.7/site-packages/airflow/example_dags/example_nested_branch_dag.py
[2022-10-09T07:22:30.324+0000] {processor.py:768} INFO - DAG(s) dict_keys(['example_nested_branch_dag']) retrieved from /home/airflow/.local/lib/python3.7/site-packages/airflow/example_dags/example_nested_branch_dag.py
[2022-10-09T07:22:30.352+0000] {logging_mixin.py:117} INFO - [2022-10-09T07:22:30.352+0000] {dag.py:2573} INFO - Sync 1 DAGs
[2022-10-09T07:22:30.369+0000] {logging_mixin.py:117} INFO - [2022-10-09T07:22:30.369+0000] {dag.py:3328} INFO - Setting next_dagrun for example_nested_branch_dag to 2022-10-08T00:00:00+00:00, run_after=2022-10-09T00:00:00+00:00
[2022-10-09T07:22:30.381+0000] {processor.py:178} INFO - Processing /home/airflow/.local/lib/python3.7/site-packages/airflow/example_dags/example_nested_branch_dag.py took 0.079 seconds
[2022-10-09T07:23:00.575+0000] {processor.py:156} INFO - Started process (PID=3901) to work on /home/airflow/.local/lib/python3.7/site-packages/airflow/example_dags/example_nested_branch_dag.py
[2022-10-09T07:23:00.576+0000] {processor.py:758} INFO - Processing file /home/airflow/.local/lib/python3.7/site-packages/airflow/example_dags/example_nested_branch_dag.py for tasks to queue
[2022-10-09T07:23:00.577+0000] {logging_mixin.py:117} INFO - [2022-10-09T07:23:00.577+0000] {dagbag.py:525} INFO - Filling up the DagBag from /home/airflow/.local/lib/python3.7/site-packages/airflow/example_dags/example_nested_branch_dag.py
[2022-10-09T07:23:00.593+0000] {processor.py:768} INFO - DAG(s) dict_keys(['example_nested_branch_dag']) retrieved from /home/airflow/.local/lib/python3.7/site-packages/airflow/example_dags/example_nested_branch_dag.py
[2022-10-09T07:23:00.625+0000] {logging_mixin.py:117} INFO - [2022-10-09T07:23:00.625+0000] {dag.py:2573} INFO - Sync 1 DAGs
[2022-10-09T07:23:00.643+0000] {logging_mixin.py:117} INFO - [2022-10-09T07:23:00.643+0000] {dag.py:3328} INFO - Setting next_dagrun for example_nested_branch_dag to 2022-10-08T00:00:00+00:00, run_after=2022-10-09T00:00:00+00:00
[2022-10-09T07:23:00.658+0000] {processor.py:178} INFO - Processing /home/airflow/.local/lib/python3.7/site-packages/airflow/example_dags/example_nested_branch_dag.py took 0.086 seconds
[2022-10-09T07:23:30.945+0000] {processor.py:156} INFO - Started process (PID=3964) to work on /home/airflow/.local/lib/python3.7/site-packages/airflow/example_dags/example_nested_branch_dag.py
[2022-10-09T07:23:30.946+0000] {processor.py:758} INFO - Processing file /home/airflow/.local/lib/python3.7/site-packages/airflow/example_dags/example_nested_branch_dag.py for tasks to queue
[2022-10-09T07:23:30.947+0000] {logging_mixin.py:117} INFO - [2022-10-09T07:23:30.947+0000] {dagbag.py:525} INFO - Filling up the DagBag from /home/airflow/.local/lib/python3.7/site-packages/airflow/example_dags/example_nested_branch_dag.py
[2022-10-09T07:23:30.963+0000] {processor.py:768} INFO - DAG(s) dict_keys(['example_nested_branch_dag']) retrieved from /home/airflow/.local/lib/python3.7/site-packages/airflow/example_dags/example_nested_branch_dag.py
[2022-10-09T07:23:30.990+0000] {logging_mixin.py:117} INFO - [2022-10-09T07:23:30.990+0000] {dag.py:2573} INFO - Sync 1 DAGs
[2022-10-09T07:23:31.007+0000] {logging_mixin.py:117} INFO - [2022-10-09T07:23:31.007+0000] {dag.py:3328} INFO - Setting next_dagrun for example_nested_branch_dag to 2022-10-08T00:00:00+00:00, run_after=2022-10-09T00:00:00+00:00
[2022-10-09T07:23:31.022+0000] {processor.py:178} INFO - Processing /home/airflow/.local/lib/python3.7/site-packages/airflow/example_dags/example_nested_branch_dag.py took 0.080 seconds
[2022-10-09T07:24:01.212+0000] {processor.py:156} INFO - Started process (PID=4027) to work on /home/airflow/.local/lib/python3.7/site-packages/airflow/example_dags/example_nested_branch_dag.py
[2022-10-09T07:24:01.214+0000] {processor.py:758} INFO - Processing file /home/airflow/.local/lib/python3.7/site-packages/airflow/example_dags/example_nested_branch_dag.py for tasks to queue
[2022-10-09T07:24:01.215+0000] {logging_mixin.py:117} INFO - [2022-10-09T07:24:01.215+0000] {dagbag.py:525} INFO - Filling up the DagBag from /home/airflow/.local/lib/python3.7/site-packages/airflow/example_dags/example_nested_branch_dag.py
[2022-10-09T07:24:01.231+0000] {processor.py:768} INFO - DAG(s) dict_keys(['example_nested_branch_dag']) retrieved from /home/airflow/.local/lib/python3.7/site-packages/airflow/example_dags/example_nested_branch_dag.py
[2022-10-09T07:24:01.257+0000] {logging_mixin.py:117} INFO - [2022-10-09T07:24:01.257+0000] {dag.py:2573} INFO - Sync 1 DAGs
[2022-10-09T07:24:01.276+0000] {logging_mixin.py:117} INFO - [2022-10-09T07:24:01.276+0000] {dag.py:3328} INFO - Setting next_dagrun for example_nested_branch_dag to 2022-10-08T00:00:00+00:00, run_after=2022-10-09T00:00:00+00:00
[2022-10-09T07:24:01.287+0000] {processor.py:178} INFO - Processing /home/airflow/.local/lib/python3.7/site-packages/airflow/example_dags/example_nested_branch_dag.py took 0.077 seconds
[2022-10-09T07:24:31.825+0000] {processor.py:156} INFO - Started process (PID=4084) to work on /home/airflow/.local/lib/python3.7/site-packages/airflow/example_dags/example_nested_branch_dag.py
[2022-10-09T07:24:31.827+0000] {processor.py:758} INFO - Processing file /home/airflow/.local/lib/python3.7/site-packages/airflow/example_dags/example_nested_branch_dag.py for tasks to queue
[2022-10-09T07:24:31.828+0000] {logging_mixin.py:117} INFO - [2022-10-09T07:24:31.828+0000] {dagbag.py:525} INFO - Filling up the DagBag from /home/airflow/.local/lib/python3.7/site-packages/airflow/example_dags/example_nested_branch_dag.py
[2022-10-09T07:24:31.843+0000] {processor.py:768} INFO - DAG(s) dict_keys(['example_nested_branch_dag']) retrieved from /home/airflow/.local/lib/python3.7/site-packages/airflow/example_dags/example_nested_branch_dag.py
[2022-10-09T07:24:31.869+0000] {logging_mixin.py:117} INFO - [2022-10-09T07:24:31.869+0000] {dag.py:2573} INFO - Sync 1 DAGs
[2022-10-09T07:24:31.887+0000] {logging_mixin.py:117} INFO - [2022-10-09T07:24:31.887+0000] {dag.py:3328} INFO - Setting next_dagrun for example_nested_branch_dag to 2022-10-08T00:00:00+00:00, run_after=2022-10-09T00:00:00+00:00
[2022-10-09T07:24:31.900+0000] {processor.py:178} INFO - Processing /home/airflow/.local/lib/python3.7/site-packages/airflow/example_dags/example_nested_branch_dag.py took 0.077 seconds
