[2022-10-09T06:40:39.606+0000] {processor.py:156} INFO - Started process (PID=49) to work on /home/airflow/.local/lib/python3.7/site-packages/airflow/example_dags/example_task_group_decorator.py
[2022-10-09T06:40:39.609+0000] {processor.py:758} INFO - Processing file /home/airflow/.local/lib/python3.7/site-packages/airflow/example_dags/example_task_group_decorator.py for tasks to queue
[2022-10-09T06:40:39.615+0000] {logging_mixin.py:117} INFO - [2022-10-09T06:40:39.615+0000] {dagbag.py:525} INFO - Filling up the DagBag from /home/airflow/.local/lib/python3.7/site-packages/airflow/example_dags/example_task_group_decorator.py
[2022-10-09T06:40:39.662+0000] {processor.py:768} INFO - DAG(s) dict_keys(['example_task_group_decorator']) retrieved from /home/airflow/.local/lib/python3.7/site-packages/airflow/example_dags/example_task_group_decorator.py
[2022-10-09T06:40:39.693+0000] {logging_mixin.py:117} INFO - [2022-10-09T06:40:39.693+0000] {dag.py:2573} INFO - Sync 1 DAGs
[2022-10-09T06:40:39.741+0000] {logging_mixin.py:117} INFO - [2022-10-09T06:40:39.741+0000] {dag.py:3328} INFO - Setting next_dagrun for example_task_group_decorator to 2022-10-08T06:40:39.741428+00:00, run_after=2022-10-09T06:40:39.741428+00:00
[2022-10-09T06:40:39.783+0000] {processor.py:178} INFO - Processing /home/airflow/.local/lib/python3.7/site-packages/airflow/example_dags/example_task_group_decorator.py took 0.195 seconds
[2022-10-09T06:41:10.188+0000] {processor.py:156} INFO - Started process (PID=112) to work on /home/airflow/.local/lib/python3.7/site-packages/airflow/example_dags/example_task_group_decorator.py
[2022-10-09T06:41:10.190+0000] {processor.py:758} INFO - Processing file /home/airflow/.local/lib/python3.7/site-packages/airflow/example_dags/example_task_group_decorator.py for tasks to queue
[2022-10-09T06:41:10.191+0000] {logging_mixin.py:117} INFO - [2022-10-09T06:41:10.191+0000] {dagbag.py:525} INFO - Filling up the DagBag from /home/airflow/.local/lib/python3.7/site-packages/airflow/example_dags/example_task_group_decorator.py
[2022-10-09T06:41:10.219+0000] {processor.py:768} INFO - DAG(s) dict_keys(['example_task_group_decorator']) retrieved from /home/airflow/.local/lib/python3.7/site-packages/airflow/example_dags/example_task_group_decorator.py
[2022-10-09T06:41:10.293+0000] {logging_mixin.py:117} INFO - [2022-10-09T06:41:10.293+0000] {dag.py:2573} INFO - Sync 1 DAGs
[2022-10-09T06:41:10.316+0000] {logging_mixin.py:117} INFO - [2022-10-09T06:41:10.316+0000] {dag.py:3328} INFO - Setting next_dagrun for example_task_group_decorator to 2022-10-08T06:41:10.316622+00:00, run_after=2022-10-09T06:41:10.316622+00:00
[2022-10-09T06:41:10.332+0000] {processor.py:178} INFO - Processing /home/airflow/.local/lib/python3.7/site-packages/airflow/example_dags/example_task_group_decorator.py took 0.146 seconds
[2022-10-09T06:41:40.718+0000] {processor.py:156} INFO - Started process (PID=176) to work on /home/airflow/.local/lib/python3.7/site-packages/airflow/example_dags/example_task_group_decorator.py
[2022-10-09T06:41:40.720+0000] {processor.py:758} INFO - Processing file /home/airflow/.local/lib/python3.7/site-packages/airflow/example_dags/example_task_group_decorator.py for tasks to queue
[2022-10-09T06:41:40.721+0000] {logging_mixin.py:117} INFO - [2022-10-09T06:41:40.721+0000] {dagbag.py:525} INFO - Filling up the DagBag from /home/airflow/.local/lib/python3.7/site-packages/airflow/example_dags/example_task_group_decorator.py
[2022-10-09T06:41:40.740+0000] {processor.py:768} INFO - DAG(s) dict_keys(['example_task_group_decorator']) retrieved from /home/airflow/.local/lib/python3.7/site-packages/airflow/example_dags/example_task_group_decorator.py
[2022-10-09T06:41:40.767+0000] {logging_mixin.py:117} INFO - [2022-10-09T06:41:40.767+0000] {dag.py:2573} INFO - Sync 1 DAGs
[2022-10-09T06:41:40.784+0000] {logging_mixin.py:117} INFO - [2022-10-09T06:41:40.784+0000] {dag.py:3328} INFO - Setting next_dagrun for example_task_group_decorator to 2022-10-08T06:41:40.784434+00:00, run_after=2022-10-09T06:41:40.784434+00:00
[2022-10-09T06:41:40.796+0000] {processor.py:178} INFO - Processing /home/airflow/.local/lib/python3.7/site-packages/airflow/example_dags/example_task_group_decorator.py took 0.080 seconds
[2022-10-09T06:42:11.427+0000] {processor.py:156} INFO - Started process (PID=239) to work on /home/airflow/.local/lib/python3.7/site-packages/airflow/example_dags/example_task_group_decorator.py
[2022-10-09T06:42:11.429+0000] {processor.py:758} INFO - Processing file /home/airflow/.local/lib/python3.7/site-packages/airflow/example_dags/example_task_group_decorator.py for tasks to queue
[2022-10-09T06:42:11.433+0000] {logging_mixin.py:117} INFO - [2022-10-09T06:42:11.433+0000] {dagbag.py:525} INFO - Filling up the DagBag from /home/airflow/.local/lib/python3.7/site-packages/airflow/example_dags/example_task_group_decorator.py
[2022-10-09T06:42:11.459+0000] {processor.py:768} INFO - DAG(s) dict_keys(['example_task_group_decorator']) retrieved from /home/airflow/.local/lib/python3.7/site-packages/airflow/example_dags/example_task_group_decorator.py
[2022-10-09T06:42:11.502+0000] {logging_mixin.py:117} INFO - [2022-10-09T06:42:11.502+0000] {dag.py:2573} INFO - Sync 1 DAGs
[2022-10-09T06:42:11.527+0000] {logging_mixin.py:117} INFO - [2022-10-09T06:42:11.527+0000] {dag.py:3328} INFO - Setting next_dagrun for example_task_group_decorator to 2022-10-08T06:42:11.527392+00:00, run_after=2022-10-09T06:42:11.527392+00:00
[2022-10-09T06:42:11.543+0000] {processor.py:178} INFO - Processing /home/airflow/.local/lib/python3.7/site-packages/airflow/example_dags/example_task_group_decorator.py took 0.118 seconds
[2022-10-09T06:42:41.832+0000] {processor.py:156} INFO - Started process (PID=293) to work on /home/airflow/.local/lib/python3.7/site-packages/airflow/example_dags/example_task_group_decorator.py
[2022-10-09T06:42:41.835+0000] {processor.py:758} INFO - Processing file /home/airflow/.local/lib/python3.7/site-packages/airflow/example_dags/example_task_group_decorator.py for tasks to queue
[2022-10-09T06:42:41.837+0000] {logging_mixin.py:117} INFO - [2022-10-09T06:42:41.837+0000] {dagbag.py:525} INFO - Filling up the DagBag from /home/airflow/.local/lib/python3.7/site-packages/airflow/example_dags/example_task_group_decorator.py
[2022-10-09T06:42:41.861+0000] {processor.py:768} INFO - DAG(s) dict_keys(['example_task_group_decorator']) retrieved from /home/airflow/.local/lib/python3.7/site-packages/airflow/example_dags/example_task_group_decorator.py
[2022-10-09T06:42:41.891+0000] {logging_mixin.py:117} INFO - [2022-10-09T06:42:41.891+0000] {dag.py:2573} INFO - Sync 1 DAGs
[2022-10-09T06:42:41.910+0000] {logging_mixin.py:117} INFO - [2022-10-09T06:42:41.910+0000] {dag.py:3328} INFO - Setting next_dagrun for example_task_group_decorator to 2022-10-08T06:42:41.910061+00:00, run_after=2022-10-09T06:42:41.910061+00:00
[2022-10-09T06:42:41.923+0000] {processor.py:178} INFO - Processing /home/airflow/.local/lib/python3.7/site-packages/airflow/example_dags/example_task_group_decorator.py took 0.093 seconds
[2022-10-09T06:43:12.192+0000] {processor.py:156} INFO - Started process (PID=356) to work on /home/airflow/.local/lib/python3.7/site-packages/airflow/example_dags/example_task_group_decorator.py
[2022-10-09T06:43:12.193+0000] {processor.py:758} INFO - Processing file /home/airflow/.local/lib/python3.7/site-packages/airflow/example_dags/example_task_group_decorator.py for tasks to queue
[2022-10-09T06:43:12.194+0000] {logging_mixin.py:117} INFO - [2022-10-09T06:43:12.194+0000] {dagbag.py:525} INFO - Filling up the DagBag from /home/airflow/.local/lib/python3.7/site-packages/airflow/example_dags/example_task_group_decorator.py
[2022-10-09T06:43:12.212+0000] {processor.py:768} INFO - DAG(s) dict_keys(['example_task_group_decorator']) retrieved from /home/airflow/.local/lib/python3.7/site-packages/airflow/example_dags/example_task_group_decorator.py
[2022-10-09T06:43:12.237+0000] {logging_mixin.py:117} INFO - [2022-10-09T06:43:12.237+0000] {dag.py:2573} INFO - Sync 1 DAGs
[2022-10-09T06:43:12.249+0000] {logging_mixin.py:117} INFO - [2022-10-09T06:43:12.249+0000] {dag.py:3328} INFO - Setting next_dagrun for example_task_group_decorator to 2022-10-08T06:43:12.249802+00:00, run_after=2022-10-09T06:43:12.249802+00:00
[2022-10-09T06:43:12.261+0000] {processor.py:178} INFO - Processing /home/airflow/.local/lib/python3.7/site-packages/airflow/example_dags/example_task_group_decorator.py took 0.071 seconds
[2022-10-09T06:43:42.430+0000] {processor.py:156} INFO - Started process (PID=419) to work on /home/airflow/.local/lib/python3.7/site-packages/airflow/example_dags/example_task_group_decorator.py
[2022-10-09T06:43:42.431+0000] {processor.py:758} INFO - Processing file /home/airflow/.local/lib/python3.7/site-packages/airflow/example_dags/example_task_group_decorator.py for tasks to queue
[2022-10-09T06:43:42.432+0000] {logging_mixin.py:117} INFO - [2022-10-09T06:43:42.432+0000] {dagbag.py:525} INFO - Filling up the DagBag from /home/airflow/.local/lib/python3.7/site-packages/airflow/example_dags/example_task_group_decorator.py
[2022-10-09T06:43:42.451+0000] {processor.py:768} INFO - DAG(s) dict_keys(['example_task_group_decorator']) retrieved from /home/airflow/.local/lib/python3.7/site-packages/airflow/example_dags/example_task_group_decorator.py
[2022-10-09T06:43:42.479+0000] {logging_mixin.py:117} INFO - [2022-10-09T06:43:42.479+0000] {dag.py:2573} INFO - Sync 1 DAGs
[2022-10-09T06:43:42.496+0000] {logging_mixin.py:117} INFO - [2022-10-09T06:43:42.496+0000] {dag.py:3328} INFO - Setting next_dagrun for example_task_group_decorator to 2022-10-08T06:43:42.495869+00:00, run_after=2022-10-09T06:43:42.495869+00:00
[2022-10-09T06:43:42.507+0000] {processor.py:178} INFO - Processing /home/airflow/.local/lib/python3.7/site-packages/airflow/example_dags/example_task_group_decorator.py took 0.080 seconds
[2022-10-09T06:44:12.776+0000] {processor.py:156} INFO - Started process (PID=482) to work on /home/airflow/.local/lib/python3.7/site-packages/airflow/example_dags/example_task_group_decorator.py
[2022-10-09T06:44:12.778+0000] {processor.py:758} INFO - Processing file /home/airflow/.local/lib/python3.7/site-packages/airflow/example_dags/example_task_group_decorator.py for tasks to queue
[2022-10-09T06:44:12.779+0000] {logging_mixin.py:117} INFO - [2022-10-09T06:44:12.779+0000] {dagbag.py:525} INFO - Filling up the DagBag from /home/airflow/.local/lib/python3.7/site-packages/airflow/example_dags/example_task_group_decorator.py
[2022-10-09T06:44:12.798+0000] {processor.py:768} INFO - DAG(s) dict_keys(['example_task_group_decorator']) retrieved from /home/airflow/.local/lib/python3.7/site-packages/airflow/example_dags/example_task_group_decorator.py
[2022-10-09T06:44:12.824+0000] {logging_mixin.py:117} INFO - [2022-10-09T06:44:12.823+0000] {dag.py:2573} INFO - Sync 1 DAGs
[2022-10-09T06:44:12.839+0000] {logging_mixin.py:117} INFO - [2022-10-09T06:44:12.839+0000] {dag.py:3328} INFO - Setting next_dagrun for example_task_group_decorator to 2022-10-08T06:44:12.839025+00:00, run_after=2022-10-09T06:44:12.839025+00:00
[2022-10-09T06:44:12.852+0000] {processor.py:178} INFO - Processing /home/airflow/.local/lib/python3.7/site-packages/airflow/example_dags/example_task_group_decorator.py took 0.078 seconds
[2022-10-09T06:44:43.118+0000] {processor.py:156} INFO - Started process (PID=545) to work on /home/airflow/.local/lib/python3.7/site-packages/airflow/example_dags/example_task_group_decorator.py
[2022-10-09T06:44:43.120+0000] {processor.py:758} INFO - Processing file /home/airflow/.local/lib/python3.7/site-packages/airflow/example_dags/example_task_group_decorator.py for tasks to queue
[2022-10-09T06:44:43.121+0000] {logging_mixin.py:117} INFO - [2022-10-09T06:44:43.120+0000] {dagbag.py:525} INFO - Filling up the DagBag from /home/airflow/.local/lib/python3.7/site-packages/airflow/example_dags/example_task_group_decorator.py
[2022-10-09T06:44:43.139+0000] {processor.py:768} INFO - DAG(s) dict_keys(['example_task_group_decorator']) retrieved from /home/airflow/.local/lib/python3.7/site-packages/airflow/example_dags/example_task_group_decorator.py
[2022-10-09T06:44:43.164+0000] {logging_mixin.py:117} INFO - [2022-10-09T06:44:43.164+0000] {dag.py:2573} INFO - Sync 1 DAGs
[2022-10-09T06:44:43.179+0000] {logging_mixin.py:117} INFO - [2022-10-09T06:44:43.179+0000] {dag.py:3328} INFO - Setting next_dagrun for example_task_group_decorator to 2022-10-08T06:44:43.179647+00:00, run_after=2022-10-09T06:44:43.179647+00:00
[2022-10-09T06:44:43.192+0000] {processor.py:178} INFO - Processing /home/airflow/.local/lib/python3.7/site-packages/airflow/example_dags/example_task_group_decorator.py took 0.075 seconds
[2022-10-09T06:45:13.320+0000] {processor.py:156} INFO - Started process (PID=599) to work on /home/airflow/.local/lib/python3.7/site-packages/airflow/example_dags/example_task_group_decorator.py
[2022-10-09T06:45:13.322+0000] {processor.py:758} INFO - Processing file /home/airflow/.local/lib/python3.7/site-packages/airflow/example_dags/example_task_group_decorator.py for tasks to queue
[2022-10-09T06:45:13.323+0000] {logging_mixin.py:117} INFO - [2022-10-09T06:45:13.323+0000] {dagbag.py:525} INFO - Filling up the DagBag from /home/airflow/.local/lib/python3.7/site-packages/airflow/example_dags/example_task_group_decorator.py
[2022-10-09T06:45:13.342+0000] {processor.py:768} INFO - DAG(s) dict_keys(['example_task_group_decorator']) retrieved from /home/airflow/.local/lib/python3.7/site-packages/airflow/example_dags/example_task_group_decorator.py
[2022-10-09T06:45:13.369+0000] {logging_mixin.py:117} INFO - [2022-10-09T06:45:13.369+0000] {dag.py:2573} INFO - Sync 1 DAGs
[2022-10-09T06:45:13.384+0000] {logging_mixin.py:117} INFO - [2022-10-09T06:45:13.384+0000] {dag.py:3328} INFO - Setting next_dagrun for example_task_group_decorator to 2022-10-08T06:45:13.384268+00:00, run_after=2022-10-09T06:45:13.384268+00:00
[2022-10-09T06:45:13.397+0000] {processor.py:178} INFO - Processing /home/airflow/.local/lib/python3.7/site-packages/airflow/example_dags/example_task_group_decorator.py took 0.079 seconds
[2022-10-09T06:45:43.684+0000] {processor.py:156} INFO - Started process (PID=661) to work on /home/airflow/.local/lib/python3.7/site-packages/airflow/example_dags/example_task_group_decorator.py
[2022-10-09T06:45:43.686+0000] {processor.py:758} INFO - Processing file /home/airflow/.local/lib/python3.7/site-packages/airflow/example_dags/example_task_group_decorator.py for tasks to queue
[2022-10-09T06:45:43.687+0000] {logging_mixin.py:117} INFO - [2022-10-09T06:45:43.686+0000] {dagbag.py:525} INFO - Filling up the DagBag from /home/airflow/.local/lib/python3.7/site-packages/airflow/example_dags/example_task_group_decorator.py
[2022-10-09T06:45:43.703+0000] {processor.py:768} INFO - DAG(s) dict_keys(['example_task_group_decorator']) retrieved from /home/airflow/.local/lib/python3.7/site-packages/airflow/example_dags/example_task_group_decorator.py
[2022-10-09T06:45:43.728+0000] {logging_mixin.py:117} INFO - [2022-10-09T06:45:43.728+0000] {dag.py:2573} INFO - Sync 1 DAGs
[2022-10-09T06:45:43.742+0000] {logging_mixin.py:117} INFO - [2022-10-09T06:45:43.742+0000] {dag.py:3328} INFO - Setting next_dagrun for example_task_group_decorator to 2022-10-08T06:45:43.741880+00:00, run_after=2022-10-09T06:45:43.741880+00:00
[2022-10-09T06:45:43.752+0000] {processor.py:178} INFO - Processing /home/airflow/.local/lib/python3.7/site-packages/airflow/example_dags/example_task_group_decorator.py took 0.071 seconds
[2022-10-09T06:46:13.818+0000] {processor.py:156} INFO - Started process (PID=725) to work on /home/airflow/.local/lib/python3.7/site-packages/airflow/example_dags/example_task_group_decorator.py
[2022-10-09T06:46:13.820+0000] {processor.py:758} INFO - Processing file /home/airflow/.local/lib/python3.7/site-packages/airflow/example_dags/example_task_group_decorator.py for tasks to queue
[2022-10-09T06:46:13.823+0000] {logging_mixin.py:117} INFO - [2022-10-09T06:46:13.823+0000] {dagbag.py:525} INFO - Filling up the DagBag from /home/airflow/.local/lib/python3.7/site-packages/airflow/example_dags/example_task_group_decorator.py
[2022-10-09T06:46:13.846+0000] {processor.py:768} INFO - DAG(s) dict_keys(['example_task_group_decorator']) retrieved from /home/airflow/.local/lib/python3.7/site-packages/airflow/example_dags/example_task_group_decorator.py
[2022-10-09T06:46:13.873+0000] {logging_mixin.py:117} INFO - [2022-10-09T06:46:13.873+0000] {dag.py:2573} INFO - Sync 1 DAGs
[2022-10-09T06:46:13.891+0000] {logging_mixin.py:117} INFO - [2022-10-09T06:46:13.891+0000] {dag.py:3328} INFO - Setting next_dagrun for example_task_group_decorator to 2022-10-08T06:46:13.891306+00:00, run_after=2022-10-09T06:46:13.891306+00:00
[2022-10-09T06:46:13.902+0000] {processor.py:178} INFO - Processing /home/airflow/.local/lib/python3.7/site-packages/airflow/example_dags/example_task_group_decorator.py took 0.087 seconds
[2022-10-09T06:46:44.168+0000] {processor.py:156} INFO - Started process (PID=789) to work on /home/airflow/.local/lib/python3.7/site-packages/airflow/example_dags/example_task_group_decorator.py
[2022-10-09T06:46:44.169+0000] {processor.py:758} INFO - Processing file /home/airflow/.local/lib/python3.7/site-packages/airflow/example_dags/example_task_group_decorator.py for tasks to queue
[2022-10-09T06:46:44.170+0000] {logging_mixin.py:117} INFO - [2022-10-09T06:46:44.170+0000] {dagbag.py:525} INFO - Filling up the DagBag from /home/airflow/.local/lib/python3.7/site-packages/airflow/example_dags/example_task_group_decorator.py
[2022-10-09T06:46:44.189+0000] {processor.py:768} INFO - DAG(s) dict_keys(['example_task_group_decorator']) retrieved from /home/airflow/.local/lib/python3.7/site-packages/airflow/example_dags/example_task_group_decorator.py
[2022-10-09T06:46:44.217+0000] {logging_mixin.py:117} INFO - [2022-10-09T06:46:44.217+0000] {dag.py:2573} INFO - Sync 1 DAGs
[2022-10-09T06:46:44.233+0000] {logging_mixin.py:117} INFO - [2022-10-09T06:46:44.233+0000] {dag.py:3328} INFO - Setting next_dagrun for example_task_group_decorator to 2022-10-08T06:46:44.233303+00:00, run_after=2022-10-09T06:46:44.233303+00:00
[2022-10-09T06:46:44.245+0000] {processor.py:178} INFO - Processing /home/airflow/.local/lib/python3.7/site-packages/airflow/example_dags/example_task_group_decorator.py took 0.080 seconds
[2022-10-09T06:47:14.391+0000] {processor.py:156} INFO - Started process (PID=851) to work on /home/airflow/.local/lib/python3.7/site-packages/airflow/example_dags/example_task_group_decorator.py
[2022-10-09T06:47:14.392+0000] {processor.py:758} INFO - Processing file /home/airflow/.local/lib/python3.7/site-packages/airflow/example_dags/example_task_group_decorator.py for tasks to queue
[2022-10-09T06:47:14.393+0000] {logging_mixin.py:117} INFO - [2022-10-09T06:47:14.393+0000] {dagbag.py:525} INFO - Filling up the DagBag from /home/airflow/.local/lib/python3.7/site-packages/airflow/example_dags/example_task_group_decorator.py
[2022-10-09T06:47:14.414+0000] {processor.py:768} INFO - DAG(s) dict_keys(['example_task_group_decorator']) retrieved from /home/airflow/.local/lib/python3.7/site-packages/airflow/example_dags/example_task_group_decorator.py
[2022-10-09T06:47:14.443+0000] {logging_mixin.py:117} INFO - [2022-10-09T06:47:14.443+0000] {dag.py:2573} INFO - Sync 1 DAGs
[2022-10-09T06:47:14.459+0000] {logging_mixin.py:117} INFO - [2022-10-09T06:47:14.459+0000] {dag.py:3328} INFO - Setting next_dagrun for example_task_group_decorator to 2022-10-08T06:47:14.459704+00:00, run_after=2022-10-09T06:47:14.459704+00:00
[2022-10-09T06:47:14.473+0000] {processor.py:178} INFO - Processing /home/airflow/.local/lib/python3.7/site-packages/airflow/example_dags/example_task_group_decorator.py took 0.084 seconds
[2022-10-09T06:47:44.577+0000] {processor.py:156} INFO - Started process (PID=904) to work on /home/airflow/.local/lib/python3.7/site-packages/airflow/example_dags/example_task_group_decorator.py
[2022-10-09T06:47:44.579+0000] {processor.py:758} INFO - Processing file /home/airflow/.local/lib/python3.7/site-packages/airflow/example_dags/example_task_group_decorator.py for tasks to queue
[2022-10-09T06:47:44.580+0000] {logging_mixin.py:117} INFO - [2022-10-09T06:47:44.580+0000] {dagbag.py:525} INFO - Filling up the DagBag from /home/airflow/.local/lib/python3.7/site-packages/airflow/example_dags/example_task_group_decorator.py
[2022-10-09T06:47:44.600+0000] {processor.py:768} INFO - DAG(s) dict_keys(['example_task_group_decorator']) retrieved from /home/airflow/.local/lib/python3.7/site-packages/airflow/example_dags/example_task_group_decorator.py
[2022-10-09T06:47:44.628+0000] {logging_mixin.py:117} INFO - [2022-10-09T06:47:44.628+0000] {dag.py:2573} INFO - Sync 1 DAGs
[2022-10-09T06:47:44.643+0000] {logging_mixin.py:117} INFO - [2022-10-09T06:47:44.643+0000] {dag.py:3328} INFO - Setting next_dagrun for example_task_group_decorator to 2022-10-08T06:47:44.643494+00:00, run_after=2022-10-09T06:47:44.643494+00:00
[2022-10-09T06:47:44.655+0000] {processor.py:178} INFO - Processing /home/airflow/.local/lib/python3.7/site-packages/airflow/example_dags/example_task_group_decorator.py took 0.081 seconds
[2022-10-09T06:48:14.910+0000] {processor.py:156} INFO - Started process (PID=966) to work on /home/airflow/.local/lib/python3.7/site-packages/airflow/example_dags/example_task_group_decorator.py
[2022-10-09T06:48:14.912+0000] {processor.py:758} INFO - Processing file /home/airflow/.local/lib/python3.7/site-packages/airflow/example_dags/example_task_group_decorator.py for tasks to queue
[2022-10-09T06:48:14.913+0000] {logging_mixin.py:117} INFO - [2022-10-09T06:48:14.913+0000] {dagbag.py:525} INFO - Filling up the DagBag from /home/airflow/.local/lib/python3.7/site-packages/airflow/example_dags/example_task_group_decorator.py
[2022-10-09T06:48:14.930+0000] {processor.py:768} INFO - DAG(s) dict_keys(['example_task_group_decorator']) retrieved from /home/airflow/.local/lib/python3.7/site-packages/airflow/example_dags/example_task_group_decorator.py
[2022-10-09T06:48:14.957+0000] {logging_mixin.py:117} INFO - [2022-10-09T06:48:14.957+0000] {dag.py:2573} INFO - Sync 1 DAGs
[2022-10-09T06:48:14.972+0000] {logging_mixin.py:117} INFO - [2022-10-09T06:48:14.972+0000] {dag.py:3328} INFO - Setting next_dagrun for example_task_group_decorator to 2022-10-08T06:48:14.972441+00:00, run_after=2022-10-09T06:48:14.972441+00:00
[2022-10-09T06:48:14.983+0000] {processor.py:178} INFO - Processing /home/airflow/.local/lib/python3.7/site-packages/airflow/example_dags/example_task_group_decorator.py took 0.075 seconds
[2022-10-09T06:59:09.848+0000] {processor.py:156} INFO - Started process (PID=1020) to work on /home/airflow/.local/lib/python3.7/site-packages/airflow/example_dags/example_task_group_decorator.py
[2022-10-09T06:59:09.850+0000] {processor.py:758} INFO - Processing file /home/airflow/.local/lib/python3.7/site-packages/airflow/example_dags/example_task_group_decorator.py for tasks to queue
[2022-10-09T06:59:09.851+0000] {logging_mixin.py:117} INFO - [2022-10-09T06:59:09.851+0000] {dagbag.py:525} INFO - Filling up the DagBag from /home/airflow/.local/lib/python3.7/site-packages/airflow/example_dags/example_task_group_decorator.py
[2022-10-09T06:59:09.895+0000] {processor.py:768} INFO - DAG(s) dict_keys(['example_task_group_decorator']) retrieved from /home/airflow/.local/lib/python3.7/site-packages/airflow/example_dags/example_task_group_decorator.py
[2022-10-09T06:59:09.946+0000] {logging_mixin.py:117} INFO - [2022-10-09T06:59:09.946+0000] {dag.py:2573} INFO - Sync 1 DAGs
[2022-10-09T06:59:09.974+0000] {logging_mixin.py:117} INFO - [2022-10-09T06:59:09.974+0000] {dag.py:3328} INFO - Setting next_dagrun for example_task_group_decorator to 2022-10-08T06:59:09.973886+00:00, run_after=2022-10-09T06:59:09.973886+00:00
[2022-10-09T06:59:10.002+0000] {processor.py:178} INFO - Processing /home/airflow/.local/lib/python3.7/site-packages/airflow/example_dags/example_task_group_decorator.py took 0.156 seconds
[2022-10-09T06:59:40.693+0000] {processor.py:156} INFO - Started process (PID=1084) to work on /home/airflow/.local/lib/python3.7/site-packages/airflow/example_dags/example_task_group_decorator.py
[2022-10-09T06:59:40.694+0000] {processor.py:758} INFO - Processing file /home/airflow/.local/lib/python3.7/site-packages/airflow/example_dags/example_task_group_decorator.py for tasks to queue
[2022-10-09T06:59:40.695+0000] {logging_mixin.py:117} INFO - [2022-10-09T06:59:40.695+0000] {dagbag.py:525} INFO - Filling up the DagBag from /home/airflow/.local/lib/python3.7/site-packages/airflow/example_dags/example_task_group_decorator.py
[2022-10-09T06:59:40.713+0000] {processor.py:768} INFO - DAG(s) dict_keys(['example_task_group_decorator']) retrieved from /home/airflow/.local/lib/python3.7/site-packages/airflow/example_dags/example_task_group_decorator.py
[2022-10-09T06:59:40.741+0000] {logging_mixin.py:117} INFO - [2022-10-09T06:59:40.741+0000] {dag.py:2573} INFO - Sync 1 DAGs
[2022-10-09T06:59:40.759+0000] {logging_mixin.py:117} INFO - [2022-10-09T06:59:40.759+0000] {dag.py:3328} INFO - Setting next_dagrun for example_task_group_decorator to 2022-10-08T06:59:40.759452+00:00, run_after=2022-10-09T06:59:40.759452+00:00
[2022-10-09T06:59:40.772+0000] {processor.py:178} INFO - Processing /home/airflow/.local/lib/python3.7/site-packages/airflow/example_dags/example_task_group_decorator.py took 0.081 seconds
[2022-10-09T07:00:11.169+0000] {processor.py:156} INFO - Started process (PID=1147) to work on /home/airflow/.local/lib/python3.7/site-packages/airflow/example_dags/example_task_group_decorator.py
[2022-10-09T07:00:11.173+0000] {processor.py:758} INFO - Processing file /home/airflow/.local/lib/python3.7/site-packages/airflow/example_dags/example_task_group_decorator.py for tasks to queue
[2022-10-09T07:00:11.174+0000] {logging_mixin.py:117} INFO - [2022-10-09T07:00:11.174+0000] {dagbag.py:525} INFO - Filling up the DagBag from /home/airflow/.local/lib/python3.7/site-packages/airflow/example_dags/example_task_group_decorator.py
[2022-10-09T07:00:11.223+0000] {processor.py:768} INFO - DAG(s) dict_keys(['example_task_group_decorator']) retrieved from /home/airflow/.local/lib/python3.7/site-packages/airflow/example_dags/example_task_group_decorator.py
[2022-10-09T07:00:11.318+0000] {logging_mixin.py:117} INFO - [2022-10-09T07:00:11.318+0000] {dag.py:2573} INFO - Sync 1 DAGs
[2022-10-09T07:00:11.367+0000] {logging_mixin.py:117} INFO - [2022-10-09T07:00:11.367+0000] {dag.py:3328} INFO - Setting next_dagrun for example_task_group_decorator to 2022-10-08T07:00:11.367342+00:00, run_after=2022-10-09T07:00:11.367342+00:00
[2022-10-09T07:00:11.387+0000] {processor.py:178} INFO - Processing /home/airflow/.local/lib/python3.7/site-packages/airflow/example_dags/example_task_group_decorator.py took 0.220 seconds
[2022-10-09T07:00:41.680+0000] {processor.py:156} INFO - Started process (PID=1201) to work on /home/airflow/.local/lib/python3.7/site-packages/airflow/example_dags/example_task_group_decorator.py
[2022-10-09T07:00:41.681+0000] {processor.py:758} INFO - Processing file /home/airflow/.local/lib/python3.7/site-packages/airflow/example_dags/example_task_group_decorator.py for tasks to queue
[2022-10-09T07:00:41.683+0000] {logging_mixin.py:117} INFO - [2022-10-09T07:00:41.683+0000] {dagbag.py:525} INFO - Filling up the DagBag from /home/airflow/.local/lib/python3.7/site-packages/airflow/example_dags/example_task_group_decorator.py
[2022-10-09T07:00:41.702+0000] {processor.py:768} INFO - DAG(s) dict_keys(['example_task_group_decorator']) retrieved from /home/airflow/.local/lib/python3.7/site-packages/airflow/example_dags/example_task_group_decorator.py
[2022-10-09T07:00:41.733+0000] {logging_mixin.py:117} INFO - [2022-10-09T07:00:41.733+0000] {dag.py:2573} INFO - Sync 1 DAGs
[2022-10-09T07:00:41.751+0000] {logging_mixin.py:117} INFO - [2022-10-09T07:00:41.750+0000] {dag.py:3328} INFO - Setting next_dagrun for example_task_group_decorator to 2022-10-08T07:00:41.750811+00:00, run_after=2022-10-09T07:00:41.750811+00:00
[2022-10-09T07:00:41.764+0000] {processor.py:178} INFO - Processing /home/airflow/.local/lib/python3.7/site-packages/airflow/example_dags/example_task_group_decorator.py took 0.086 seconds
[2022-10-09T07:01:11.964+0000] {processor.py:156} INFO - Started process (PID=1263) to work on /home/airflow/.local/lib/python3.7/site-packages/airflow/example_dags/example_task_group_decorator.py
[2022-10-09T07:01:11.965+0000] {processor.py:758} INFO - Processing file /home/airflow/.local/lib/python3.7/site-packages/airflow/example_dags/example_task_group_decorator.py for tasks to queue
[2022-10-09T07:01:11.967+0000] {logging_mixin.py:117} INFO - [2022-10-09T07:01:11.967+0000] {dagbag.py:525} INFO - Filling up the DagBag from /home/airflow/.local/lib/python3.7/site-packages/airflow/example_dags/example_task_group_decorator.py
[2022-10-09T07:01:11.986+0000] {processor.py:768} INFO - DAG(s) dict_keys(['example_task_group_decorator']) retrieved from /home/airflow/.local/lib/python3.7/site-packages/airflow/example_dags/example_task_group_decorator.py
[2022-10-09T07:01:12.014+0000] {logging_mixin.py:117} INFO - [2022-10-09T07:01:12.014+0000] {dag.py:2573} INFO - Sync 1 DAGs
[2022-10-09T07:01:12.032+0000] {logging_mixin.py:117} INFO - [2022-10-09T07:01:12.032+0000] {dag.py:3328} INFO - Setting next_dagrun for example_task_group_decorator to 2022-10-08T07:01:12.032681+00:00, run_after=2022-10-09T07:01:12.032681+00:00
[2022-10-09T07:01:12.045+0000] {processor.py:178} INFO - Processing /home/airflow/.local/lib/python3.7/site-packages/airflow/example_dags/example_task_group_decorator.py took 0.083 seconds
[2022-10-09T07:01:42.194+0000] {processor.py:156} INFO - Started process (PID=1326) to work on /home/airflow/.local/lib/python3.7/site-packages/airflow/example_dags/example_task_group_decorator.py
[2022-10-09T07:01:42.195+0000] {processor.py:758} INFO - Processing file /home/airflow/.local/lib/python3.7/site-packages/airflow/example_dags/example_task_group_decorator.py for tasks to queue
[2022-10-09T07:01:42.196+0000] {logging_mixin.py:117} INFO - [2022-10-09T07:01:42.196+0000] {dagbag.py:525} INFO - Filling up the DagBag from /home/airflow/.local/lib/python3.7/site-packages/airflow/example_dags/example_task_group_decorator.py
[2022-10-09T07:01:42.214+0000] {processor.py:768} INFO - DAG(s) dict_keys(['example_task_group_decorator']) retrieved from /home/airflow/.local/lib/python3.7/site-packages/airflow/example_dags/example_task_group_decorator.py
[2022-10-09T07:01:42.241+0000] {logging_mixin.py:117} INFO - [2022-10-09T07:01:42.241+0000] {dag.py:2573} INFO - Sync 1 DAGs
[2022-10-09T07:01:42.258+0000] {logging_mixin.py:117} INFO - [2022-10-09T07:01:42.258+0000] {dag.py:3328} INFO - Setting next_dagrun for example_task_group_decorator to 2022-10-08T07:01:42.258437+00:00, run_after=2022-10-09T07:01:42.258437+00:00
[2022-10-09T07:01:42.270+0000] {processor.py:178} INFO - Processing /home/airflow/.local/lib/python3.7/site-packages/airflow/example_dags/example_task_group_decorator.py took 0.078 seconds
[2022-10-09T07:02:12.409+0000] {processor.py:156} INFO - Started process (PID=1389) to work on /home/airflow/.local/lib/python3.7/site-packages/airflow/example_dags/example_task_group_decorator.py
[2022-10-09T07:02:12.411+0000] {processor.py:758} INFO - Processing file /home/airflow/.local/lib/python3.7/site-packages/airflow/example_dags/example_task_group_decorator.py for tasks to queue
[2022-10-09T07:02:12.414+0000] {logging_mixin.py:117} INFO - [2022-10-09T07:02:12.413+0000] {dagbag.py:525} INFO - Filling up the DagBag from /home/airflow/.local/lib/python3.7/site-packages/airflow/example_dags/example_task_group_decorator.py
[2022-10-09T07:02:12.449+0000] {processor.py:768} INFO - DAG(s) dict_keys(['example_task_group_decorator']) retrieved from /home/airflow/.local/lib/python3.7/site-packages/airflow/example_dags/example_task_group_decorator.py
[2022-10-09T07:02:12.492+0000] {logging_mixin.py:117} INFO - [2022-10-09T07:02:12.492+0000] {dag.py:2573} INFO - Sync 1 DAGs
[2022-10-09T07:02:12.523+0000] {logging_mixin.py:117} INFO - [2022-10-09T07:02:12.523+0000] {dag.py:3328} INFO - Setting next_dagrun for example_task_group_decorator to 2022-10-08T07:02:12.523473+00:00, run_after=2022-10-09T07:02:12.523473+00:00
[2022-10-09T07:02:12.537+0000] {processor.py:178} INFO - Processing /home/airflow/.local/lib/python3.7/site-packages/airflow/example_dags/example_task_group_decorator.py took 0.130 seconds
[2022-10-09T07:02:42.949+0000] {processor.py:156} INFO - Started process (PID=1452) to work on /home/airflow/.local/lib/python3.7/site-packages/airflow/example_dags/example_task_group_decorator.py
[2022-10-09T07:02:42.952+0000] {processor.py:758} INFO - Processing file /home/airflow/.local/lib/python3.7/site-packages/airflow/example_dags/example_task_group_decorator.py for tasks to queue
[2022-10-09T07:02:42.956+0000] {logging_mixin.py:117} INFO - [2022-10-09T07:02:42.956+0000] {dagbag.py:525} INFO - Filling up the DagBag from /home/airflow/.local/lib/python3.7/site-packages/airflow/example_dags/example_task_group_decorator.py
[2022-10-09T07:02:42.993+0000] {processor.py:768} INFO - DAG(s) dict_keys(['example_task_group_decorator']) retrieved from /home/airflow/.local/lib/python3.7/site-packages/airflow/example_dags/example_task_group_decorator.py
[2022-10-09T07:02:43.039+0000] {logging_mixin.py:117} INFO - [2022-10-09T07:02:43.039+0000] {dag.py:2573} INFO - Sync 1 DAGs
[2022-10-09T07:02:43.089+0000] {logging_mixin.py:117} INFO - [2022-10-09T07:02:43.089+0000] {dag.py:3328} INFO - Setting next_dagrun for example_task_group_decorator to 2022-10-08T07:02:43.089096+00:00, run_after=2022-10-09T07:02:43.089096+00:00
[2022-10-09T07:02:43.106+0000] {processor.py:178} INFO - Processing /home/airflow/.local/lib/python3.7/site-packages/airflow/example_dags/example_task_group_decorator.py took 0.160 seconds
[2022-10-09T07:03:13.549+0000] {processor.py:156} INFO - Started process (PID=1506) to work on /home/airflow/.local/lib/python3.7/site-packages/airflow/example_dags/example_task_group_decorator.py
[2022-10-09T07:03:13.551+0000] {processor.py:758} INFO - Processing file /home/airflow/.local/lib/python3.7/site-packages/airflow/example_dags/example_task_group_decorator.py for tasks to queue
[2022-10-09T07:03:13.552+0000] {logging_mixin.py:117} INFO - [2022-10-09T07:03:13.552+0000] {dagbag.py:525} INFO - Filling up the DagBag from /home/airflow/.local/lib/python3.7/site-packages/airflow/example_dags/example_task_group_decorator.py
[2022-10-09T07:03:13.571+0000] {processor.py:768} INFO - DAG(s) dict_keys(['example_task_group_decorator']) retrieved from /home/airflow/.local/lib/python3.7/site-packages/airflow/example_dags/example_task_group_decorator.py
[2022-10-09T07:03:13.598+0000] {logging_mixin.py:117} INFO - [2022-10-09T07:03:13.598+0000] {dag.py:2573} INFO - Sync 1 DAGs
[2022-10-09T07:03:13.614+0000] {logging_mixin.py:117} INFO - [2022-10-09T07:03:13.614+0000] {dag.py:3328} INFO - Setting next_dagrun for example_task_group_decorator to 2022-10-08T07:03:13.614697+00:00, run_after=2022-10-09T07:03:13.614697+00:00
[2022-10-09T07:03:13.626+0000] {processor.py:178} INFO - Processing /home/airflow/.local/lib/python3.7/site-packages/airflow/example_dags/example_task_group_decorator.py took 0.079 seconds
[2022-10-09T07:03:43.775+0000] {processor.py:156} INFO - Started process (PID=1569) to work on /home/airflow/.local/lib/python3.7/site-packages/airflow/example_dags/example_task_group_decorator.py
[2022-10-09T07:03:43.776+0000] {processor.py:758} INFO - Processing file /home/airflow/.local/lib/python3.7/site-packages/airflow/example_dags/example_task_group_decorator.py for tasks to queue
[2022-10-09T07:03:43.777+0000] {logging_mixin.py:117} INFO - [2022-10-09T07:03:43.777+0000] {dagbag.py:525} INFO - Filling up the DagBag from /home/airflow/.local/lib/python3.7/site-packages/airflow/example_dags/example_task_group_decorator.py
[2022-10-09T07:03:43.794+0000] {processor.py:768} INFO - DAG(s) dict_keys(['example_task_group_decorator']) retrieved from /home/airflow/.local/lib/python3.7/site-packages/airflow/example_dags/example_task_group_decorator.py
[2022-10-09T07:03:43.820+0000] {logging_mixin.py:117} INFO - [2022-10-09T07:03:43.820+0000] {dag.py:2573} INFO - Sync 1 DAGs
[2022-10-09T07:03:43.834+0000] {logging_mixin.py:117} INFO - [2022-10-09T07:03:43.834+0000] {dag.py:3328} INFO - Setting next_dagrun for example_task_group_decorator to 2022-10-08T07:03:43.834550+00:00, run_after=2022-10-09T07:03:43.834550+00:00
[2022-10-09T07:03:43.847+0000] {processor.py:178} INFO - Processing /home/airflow/.local/lib/python3.7/site-packages/airflow/example_dags/example_task_group_decorator.py took 0.074 seconds
[2022-10-09T07:04:14.007+0000] {processor.py:156} INFO - Started process (PID=1631) to work on /home/airflow/.local/lib/python3.7/site-packages/airflow/example_dags/example_task_group_decorator.py
[2022-10-09T07:04:14.009+0000] {processor.py:758} INFO - Processing file /home/airflow/.local/lib/python3.7/site-packages/airflow/example_dags/example_task_group_decorator.py for tasks to queue
[2022-10-09T07:04:14.010+0000] {logging_mixin.py:117} INFO - [2022-10-09T07:04:14.010+0000] {dagbag.py:525} INFO - Filling up the DagBag from /home/airflow/.local/lib/python3.7/site-packages/airflow/example_dags/example_task_group_decorator.py
[2022-10-09T07:04:14.030+0000] {processor.py:768} INFO - DAG(s) dict_keys(['example_task_group_decorator']) retrieved from /home/airflow/.local/lib/python3.7/site-packages/airflow/example_dags/example_task_group_decorator.py
[2022-10-09T07:04:14.056+0000] {logging_mixin.py:117} INFO - [2022-10-09T07:04:14.056+0000] {dag.py:2573} INFO - Sync 1 DAGs
[2022-10-09T07:04:14.072+0000] {logging_mixin.py:117} INFO - [2022-10-09T07:04:14.072+0000] {dag.py:3328} INFO - Setting next_dagrun for example_task_group_decorator to 2022-10-08T07:04:14.072349+00:00, run_after=2022-10-09T07:04:14.072349+00:00
[2022-10-09T07:04:14.085+0000] {processor.py:178} INFO - Processing /home/airflow/.local/lib/python3.7/site-packages/airflow/example_dags/example_task_group_decorator.py took 0.080 seconds
[2022-10-09T07:04:44.792+0000] {processor.py:156} INFO - Started process (PID=1694) to work on /home/airflow/.local/lib/python3.7/site-packages/airflow/example_dags/example_task_group_decorator.py
[2022-10-09T07:04:44.794+0000] {processor.py:758} INFO - Processing file /home/airflow/.local/lib/python3.7/site-packages/airflow/example_dags/example_task_group_decorator.py for tasks to queue
[2022-10-09T07:04:44.795+0000] {logging_mixin.py:117} INFO - [2022-10-09T07:04:44.795+0000] {dagbag.py:525} INFO - Filling up the DagBag from /home/airflow/.local/lib/python3.7/site-packages/airflow/example_dags/example_task_group_decorator.py
[2022-10-09T07:04:44.814+0000] {processor.py:768} INFO - DAG(s) dict_keys(['example_task_group_decorator']) retrieved from /home/airflow/.local/lib/python3.7/site-packages/airflow/example_dags/example_task_group_decorator.py
[2022-10-09T07:04:44.842+0000] {logging_mixin.py:117} INFO - [2022-10-09T07:04:44.842+0000] {dag.py:2573} INFO - Sync 1 DAGs
[2022-10-09T07:04:44.856+0000] {logging_mixin.py:117} INFO - [2022-10-09T07:04:44.856+0000] {dag.py:3328} INFO - Setting next_dagrun for example_task_group_decorator to 2022-10-08T07:04:44.856028+00:00, run_after=2022-10-09T07:04:44.856028+00:00
[2022-10-09T07:04:44.866+0000] {processor.py:178} INFO - Processing /home/airflow/.local/lib/python3.7/site-packages/airflow/example_dags/example_task_group_decorator.py took 0.076 seconds
[2022-10-09T07:05:15.332+0000] {processor.py:156} INFO - Started process (PID=1757) to work on /home/airflow/.local/lib/python3.7/site-packages/airflow/example_dags/example_task_group_decorator.py
[2022-10-09T07:05:15.334+0000] {processor.py:758} INFO - Processing file /home/airflow/.local/lib/python3.7/site-packages/airflow/example_dags/example_task_group_decorator.py for tasks to queue
[2022-10-09T07:05:15.334+0000] {logging_mixin.py:117} INFO - [2022-10-09T07:05:15.334+0000] {dagbag.py:525} INFO - Filling up the DagBag from /home/airflow/.local/lib/python3.7/site-packages/airflow/example_dags/example_task_group_decorator.py
[2022-10-09T07:05:15.354+0000] {processor.py:768} INFO - DAG(s) dict_keys(['example_task_group_decorator']) retrieved from /home/airflow/.local/lib/python3.7/site-packages/airflow/example_dags/example_task_group_decorator.py
[2022-10-09T07:05:15.380+0000] {logging_mixin.py:117} INFO - [2022-10-09T07:05:15.380+0000] {dag.py:2573} INFO - Sync 1 DAGs
[2022-10-09T07:05:15.407+0000] {logging_mixin.py:117} INFO - [2022-10-09T07:05:15.406+0000] {dag.py:3328} INFO - Setting next_dagrun for example_task_group_decorator to 2022-10-08T07:05:15.406831+00:00, run_after=2022-10-09T07:05:15.406831+00:00
[2022-10-09T07:05:15.432+0000] {processor.py:178} INFO - Processing /home/airflow/.local/lib/python3.7/site-packages/airflow/example_dags/example_task_group_decorator.py took 0.103 seconds
[2022-10-09T07:05:45.751+0000] {processor.py:156} INFO - Started process (PID=1811) to work on /home/airflow/.local/lib/python3.7/site-packages/airflow/example_dags/example_task_group_decorator.py
[2022-10-09T07:05:45.753+0000] {processor.py:758} INFO - Processing file /home/airflow/.local/lib/python3.7/site-packages/airflow/example_dags/example_task_group_decorator.py for tasks to queue
[2022-10-09T07:05:45.755+0000] {logging_mixin.py:117} INFO - [2022-10-09T07:05:45.755+0000] {dagbag.py:525} INFO - Filling up the DagBag from /home/airflow/.local/lib/python3.7/site-packages/airflow/example_dags/example_task_group_decorator.py
[2022-10-09T07:05:45.776+0000] {processor.py:768} INFO - DAG(s) dict_keys(['example_task_group_decorator']) retrieved from /home/airflow/.local/lib/python3.7/site-packages/airflow/example_dags/example_task_group_decorator.py
[2022-10-09T07:05:45.804+0000] {logging_mixin.py:117} INFO - [2022-10-09T07:05:45.804+0000] {dag.py:2573} INFO - Sync 1 DAGs
[2022-10-09T07:05:45.822+0000] {logging_mixin.py:117} INFO - [2022-10-09T07:05:45.822+0000] {dag.py:3328} INFO - Setting next_dagrun for example_task_group_decorator to 2022-10-08T07:05:45.822189+00:00, run_after=2022-10-09T07:05:45.822189+00:00
[2022-10-09T07:05:45.834+0000] {processor.py:178} INFO - Processing /home/airflow/.local/lib/python3.7/site-packages/airflow/example_dags/example_task_group_decorator.py took 0.085 seconds
[2022-10-09T07:06:16.541+0000] {processor.py:156} INFO - Started process (PID=1874) to work on /home/airflow/.local/lib/python3.7/site-packages/airflow/example_dags/example_task_group_decorator.py
[2022-10-09T07:06:16.542+0000] {processor.py:758} INFO - Processing file /home/airflow/.local/lib/python3.7/site-packages/airflow/example_dags/example_task_group_decorator.py for tasks to queue
[2022-10-09T07:06:16.543+0000] {logging_mixin.py:117} INFO - [2022-10-09T07:06:16.543+0000] {dagbag.py:525} INFO - Filling up the DagBag from /home/airflow/.local/lib/python3.7/site-packages/airflow/example_dags/example_task_group_decorator.py
[2022-10-09T07:06:16.562+0000] {processor.py:768} INFO - DAG(s) dict_keys(['example_task_group_decorator']) retrieved from /home/airflow/.local/lib/python3.7/site-packages/airflow/example_dags/example_task_group_decorator.py
[2022-10-09T07:06:16.589+0000] {logging_mixin.py:117} INFO - [2022-10-09T07:06:16.589+0000] {dag.py:2573} INFO - Sync 1 DAGs
[2022-10-09T07:06:16.606+0000] {logging_mixin.py:117} INFO - [2022-10-09T07:06:16.606+0000] {dag.py:3328} INFO - Setting next_dagrun for example_task_group_decorator to 2022-10-08T07:06:16.606511+00:00, run_after=2022-10-09T07:06:16.606511+00:00
[2022-10-09T07:06:16.618+0000] {processor.py:178} INFO - Processing /home/airflow/.local/lib/python3.7/site-packages/airflow/example_dags/example_task_group_decorator.py took 0.079 seconds
[2022-10-09T07:06:46.679+0000] {processor.py:156} INFO - Started process (PID=1936) to work on /home/airflow/.local/lib/python3.7/site-packages/airflow/example_dags/example_task_group_decorator.py
[2022-10-09T07:06:46.680+0000] {processor.py:758} INFO - Processing file /home/airflow/.local/lib/python3.7/site-packages/airflow/example_dags/example_task_group_decorator.py for tasks to queue
[2022-10-09T07:06:46.681+0000] {logging_mixin.py:117} INFO - [2022-10-09T07:06:46.681+0000] {dagbag.py:525} INFO - Filling up the DagBag from /home/airflow/.local/lib/python3.7/site-packages/airflow/example_dags/example_task_group_decorator.py
[2022-10-09T07:06:46.701+0000] {processor.py:768} INFO - DAG(s) dict_keys(['example_task_group_decorator']) retrieved from /home/airflow/.local/lib/python3.7/site-packages/airflow/example_dags/example_task_group_decorator.py
[2022-10-09T07:06:46.728+0000] {logging_mixin.py:117} INFO - [2022-10-09T07:06:46.727+0000] {dag.py:2573} INFO - Sync 1 DAGs
[2022-10-09T07:06:46.743+0000] {logging_mixin.py:117} INFO - [2022-10-09T07:06:46.743+0000] {dag.py:3328} INFO - Setting next_dagrun for example_task_group_decorator to 2022-10-08T07:06:46.742973+00:00, run_after=2022-10-09T07:06:46.742973+00:00
[2022-10-09T07:06:46.756+0000] {processor.py:178} INFO - Processing /home/airflow/.local/lib/python3.7/site-packages/airflow/example_dags/example_task_group_decorator.py took 0.079 seconds
[2022-10-09T07:07:16.958+0000] {processor.py:156} INFO - Started process (PID=2001) to work on /home/airflow/.local/lib/python3.7/site-packages/airflow/example_dags/example_task_group_decorator.py
[2022-10-09T07:07:16.960+0000] {processor.py:758} INFO - Processing file /home/airflow/.local/lib/python3.7/site-packages/airflow/example_dags/example_task_group_decorator.py for tasks to queue
[2022-10-09T07:07:16.961+0000] {logging_mixin.py:117} INFO - [2022-10-09T07:07:16.961+0000] {dagbag.py:525} INFO - Filling up the DagBag from /home/airflow/.local/lib/python3.7/site-packages/airflow/example_dags/example_task_group_decorator.py
[2022-10-09T07:07:16.982+0000] {processor.py:768} INFO - DAG(s) dict_keys(['example_task_group_decorator']) retrieved from /home/airflow/.local/lib/python3.7/site-packages/airflow/example_dags/example_task_group_decorator.py
[2022-10-09T07:07:17.009+0000] {logging_mixin.py:117} INFO - [2022-10-09T07:07:17.009+0000] {dag.py:2573} INFO - Sync 1 DAGs
[2022-10-09T07:07:17.024+0000] {logging_mixin.py:117} INFO - [2022-10-09T07:07:17.024+0000] {dag.py:3328} INFO - Setting next_dagrun for example_task_group_decorator to 2022-10-08T07:07:17.023983+00:00, run_after=2022-10-09T07:07:17.023983+00:00
[2022-10-09T07:07:17.035+0000] {processor.py:178} INFO - Processing /home/airflow/.local/lib/python3.7/site-packages/airflow/example_dags/example_task_group_decorator.py took 0.079 seconds
[2022-10-09T07:07:47.622+0000] {processor.py:156} INFO - Started process (PID=2065) to work on /home/airflow/.local/lib/python3.7/site-packages/airflow/example_dags/example_task_group_decorator.py
[2022-10-09T07:07:47.623+0000] {processor.py:758} INFO - Processing file /home/airflow/.local/lib/python3.7/site-packages/airflow/example_dags/example_task_group_decorator.py for tasks to queue
[2022-10-09T07:07:47.625+0000] {logging_mixin.py:117} INFO - [2022-10-09T07:07:47.625+0000] {dagbag.py:525} INFO - Filling up the DagBag from /home/airflow/.local/lib/python3.7/site-packages/airflow/example_dags/example_task_group_decorator.py
[2022-10-09T07:07:47.644+0000] {processor.py:768} INFO - DAG(s) dict_keys(['example_task_group_decorator']) retrieved from /home/airflow/.local/lib/python3.7/site-packages/airflow/example_dags/example_task_group_decorator.py
[2022-10-09T07:07:47.672+0000] {logging_mixin.py:117} INFO - [2022-10-09T07:07:47.672+0000] {dag.py:2573} INFO - Sync 1 DAGs
[2022-10-09T07:07:47.688+0000] {logging_mixin.py:117} INFO - [2022-10-09T07:07:47.687+0000] {dag.py:3328} INFO - Setting next_dagrun for example_task_group_decorator to 2022-10-08T07:07:47.687757+00:00, run_after=2022-10-09T07:07:47.687757+00:00
[2022-10-09T07:07:47.700+0000] {processor.py:178} INFO - Processing /home/airflow/.local/lib/python3.7/site-packages/airflow/example_dags/example_task_group_decorator.py took 0.080 seconds
[2022-10-09T07:08:17.863+0000] {processor.py:156} INFO - Started process (PID=2120) to work on /home/airflow/.local/lib/python3.7/site-packages/airflow/example_dags/example_task_group_decorator.py
[2022-10-09T07:08:17.865+0000] {processor.py:758} INFO - Processing file /home/airflow/.local/lib/python3.7/site-packages/airflow/example_dags/example_task_group_decorator.py for tasks to queue
[2022-10-09T07:08:17.866+0000] {logging_mixin.py:117} INFO - [2022-10-09T07:08:17.866+0000] {dagbag.py:525} INFO - Filling up the DagBag from /home/airflow/.local/lib/python3.7/site-packages/airflow/example_dags/example_task_group_decorator.py
[2022-10-09T07:08:17.887+0000] {processor.py:768} INFO - DAG(s) dict_keys(['example_task_group_decorator']) retrieved from /home/airflow/.local/lib/python3.7/site-packages/airflow/example_dags/example_task_group_decorator.py
[2022-10-09T07:08:17.920+0000] {logging_mixin.py:117} INFO - [2022-10-09T07:08:17.920+0000] {dag.py:2573} INFO - Sync 1 DAGs
[2022-10-09T07:08:17.945+0000] {logging_mixin.py:117} INFO - [2022-10-09T07:08:17.945+0000] {dag.py:3328} INFO - Setting next_dagrun for example_task_group_decorator to 2022-10-08T07:08:17.945468+00:00, run_after=2022-10-09T07:08:17.945468+00:00
[2022-10-09T07:08:17.963+0000] {processor.py:178} INFO - Processing /home/airflow/.local/lib/python3.7/site-packages/airflow/example_dags/example_task_group_decorator.py took 0.102 seconds
[2022-10-09T07:08:48.306+0000] {processor.py:156} INFO - Started process (PID=2183) to work on /home/airflow/.local/lib/python3.7/site-packages/airflow/example_dags/example_task_group_decorator.py
[2022-10-09T07:08:48.307+0000] {processor.py:758} INFO - Processing file /home/airflow/.local/lib/python3.7/site-packages/airflow/example_dags/example_task_group_decorator.py for tasks to queue
[2022-10-09T07:08:48.308+0000] {logging_mixin.py:117} INFO - [2022-10-09T07:08:48.308+0000] {dagbag.py:525} INFO - Filling up the DagBag from /home/airflow/.local/lib/python3.7/site-packages/airflow/example_dags/example_task_group_decorator.py
[2022-10-09T07:08:48.327+0000] {processor.py:768} INFO - DAG(s) dict_keys(['example_task_group_decorator']) retrieved from /home/airflow/.local/lib/python3.7/site-packages/airflow/example_dags/example_task_group_decorator.py
[2022-10-09T07:08:48.353+0000] {logging_mixin.py:117} INFO - [2022-10-09T07:08:48.353+0000] {dag.py:2573} INFO - Sync 1 DAGs
[2022-10-09T07:08:48.370+0000] {logging_mixin.py:117} INFO - [2022-10-09T07:08:48.370+0000] {dag.py:3328} INFO - Setting next_dagrun for example_task_group_decorator to 2022-10-08T07:08:48.370122+00:00, run_after=2022-10-09T07:08:48.370122+00:00
[2022-10-09T07:08:48.388+0000] {processor.py:178} INFO - Processing /home/airflow/.local/lib/python3.7/site-packages/airflow/example_dags/example_task_group_decorator.py took 0.084 seconds
[2022-10-09T07:09:18.648+0000] {processor.py:156} INFO - Started process (PID=2247) to work on /home/airflow/.local/lib/python3.7/site-packages/airflow/example_dags/example_task_group_decorator.py
[2022-10-09T07:09:18.650+0000] {processor.py:758} INFO - Processing file /home/airflow/.local/lib/python3.7/site-packages/airflow/example_dags/example_task_group_decorator.py for tasks to queue
[2022-10-09T07:09:18.651+0000] {logging_mixin.py:117} INFO - [2022-10-09T07:09:18.651+0000] {dagbag.py:525} INFO - Filling up the DagBag from /home/airflow/.local/lib/python3.7/site-packages/airflow/example_dags/example_task_group_decorator.py
[2022-10-09T07:09:18.668+0000] {processor.py:768} INFO - DAG(s) dict_keys(['example_task_group_decorator']) retrieved from /home/airflow/.local/lib/python3.7/site-packages/airflow/example_dags/example_task_group_decorator.py
[2022-10-09T07:09:18.694+0000] {logging_mixin.py:117} INFO - [2022-10-09T07:09:18.694+0000] {dag.py:2573} INFO - Sync 1 DAGs
[2022-10-09T07:09:18.707+0000] {logging_mixin.py:117} INFO - [2022-10-09T07:09:18.707+0000] {dag.py:3328} INFO - Setting next_dagrun for example_task_group_decorator to 2022-10-08T07:09:18.707791+00:00, run_after=2022-10-09T07:09:18.707791+00:00
[2022-10-09T07:09:18.719+0000] {processor.py:178} INFO - Processing /home/airflow/.local/lib/python3.7/site-packages/airflow/example_dags/example_task_group_decorator.py took 0.075 seconds
[2022-10-09T07:09:49.057+0000] {processor.py:156} INFO - Started process (PID=2309) to work on /home/airflow/.local/lib/python3.7/site-packages/airflow/example_dags/example_task_group_decorator.py
[2022-10-09T07:09:49.058+0000] {processor.py:758} INFO - Processing file /home/airflow/.local/lib/python3.7/site-packages/airflow/example_dags/example_task_group_decorator.py for tasks to queue
[2022-10-09T07:09:49.059+0000] {logging_mixin.py:117} INFO - [2022-10-09T07:09:49.059+0000] {dagbag.py:525} INFO - Filling up the DagBag from /home/airflow/.local/lib/python3.7/site-packages/airflow/example_dags/example_task_group_decorator.py
[2022-10-09T07:09:49.084+0000] {processor.py:768} INFO - DAG(s) dict_keys(['example_task_group_decorator']) retrieved from /home/airflow/.local/lib/python3.7/site-packages/airflow/example_dags/example_task_group_decorator.py
[2022-10-09T07:09:49.113+0000] {logging_mixin.py:117} INFO - [2022-10-09T07:09:49.113+0000] {dag.py:2573} INFO - Sync 1 DAGs
[2022-10-09T07:09:49.128+0000] {logging_mixin.py:117} INFO - [2022-10-09T07:09:49.128+0000] {dag.py:3328} INFO - Setting next_dagrun for example_task_group_decorator to 2022-10-08T07:09:49.127967+00:00, run_after=2022-10-09T07:09:49.127967+00:00
[2022-10-09T07:09:49.141+0000] {processor.py:178} INFO - Processing /home/airflow/.local/lib/python3.7/site-packages/airflow/example_dags/example_task_group_decorator.py took 0.086 seconds
[2022-10-09T07:10:19.487+0000] {processor.py:156} INFO - Started process (PID=2371) to work on /home/airflow/.local/lib/python3.7/site-packages/airflow/example_dags/example_task_group_decorator.py
[2022-10-09T07:10:19.489+0000] {processor.py:758} INFO - Processing file /home/airflow/.local/lib/python3.7/site-packages/airflow/example_dags/example_task_group_decorator.py for tasks to queue
[2022-10-09T07:10:19.490+0000] {logging_mixin.py:117} INFO - [2022-10-09T07:10:19.490+0000] {dagbag.py:525} INFO - Filling up the DagBag from /home/airflow/.local/lib/python3.7/site-packages/airflow/example_dags/example_task_group_decorator.py
[2022-10-09T07:10:19.513+0000] {processor.py:768} INFO - DAG(s) dict_keys(['example_task_group_decorator']) retrieved from /home/airflow/.local/lib/python3.7/site-packages/airflow/example_dags/example_task_group_decorator.py
[2022-10-09T07:10:19.548+0000] {logging_mixin.py:117} INFO - [2022-10-09T07:10:19.548+0000] {dag.py:2573} INFO - Sync 1 DAGs
[2022-10-09T07:10:19.569+0000] {logging_mixin.py:117} INFO - [2022-10-09T07:10:19.569+0000] {dag.py:3328} INFO - Setting next_dagrun for example_task_group_decorator to 2022-10-08T07:10:19.569037+00:00, run_after=2022-10-09T07:10:19.569037+00:00
[2022-10-09T07:10:19.584+0000] {processor.py:178} INFO - Processing /home/airflow/.local/lib/python3.7/site-packages/airflow/example_dags/example_task_group_decorator.py took 0.100 seconds
[2022-10-09T07:10:50.211+0000] {processor.py:156} INFO - Started process (PID=2434) to work on /home/airflow/.local/lib/python3.7/site-packages/airflow/example_dags/example_task_group_decorator.py
[2022-10-09T07:10:50.213+0000] {processor.py:758} INFO - Processing file /home/airflow/.local/lib/python3.7/site-packages/airflow/example_dags/example_task_group_decorator.py for tasks to queue
[2022-10-09T07:10:50.215+0000] {logging_mixin.py:117} INFO - [2022-10-09T07:10:50.215+0000] {dagbag.py:525} INFO - Filling up the DagBag from /home/airflow/.local/lib/python3.7/site-packages/airflow/example_dags/example_task_group_decorator.py
[2022-10-09T07:10:50.238+0000] {processor.py:768} INFO - DAG(s) dict_keys(['example_task_group_decorator']) retrieved from /home/airflow/.local/lib/python3.7/site-packages/airflow/example_dags/example_task_group_decorator.py
[2022-10-09T07:10:50.305+0000] {logging_mixin.py:117} INFO - [2022-10-09T07:10:50.304+0000] {dag.py:2573} INFO - Sync 1 DAGs
[2022-10-09T07:10:50.345+0000] {logging_mixin.py:117} INFO - [2022-10-09T07:10:50.345+0000] {dag.py:3328} INFO - Setting next_dagrun for example_task_group_decorator to 2022-10-08T07:10:50.345140+00:00, run_after=2022-10-09T07:10:50.345140+00:00
[2022-10-09T07:10:50.407+0000] {processor.py:178} INFO - Processing /home/airflow/.local/lib/python3.7/site-packages/airflow/example_dags/example_task_group_decorator.py took 0.198 seconds
[2022-10-09T07:11:20.656+0000] {processor.py:156} INFO - Started process (PID=2488) to work on /home/airflow/.local/lib/python3.7/site-packages/airflow/example_dags/example_task_group_decorator.py
[2022-10-09T07:11:20.657+0000] {processor.py:758} INFO - Processing file /home/airflow/.local/lib/python3.7/site-packages/airflow/example_dags/example_task_group_decorator.py for tasks to queue
[2022-10-09T07:11:20.659+0000] {logging_mixin.py:117} INFO - [2022-10-09T07:11:20.658+0000] {dagbag.py:525} INFO - Filling up the DagBag from /home/airflow/.local/lib/python3.7/site-packages/airflow/example_dags/example_task_group_decorator.py
[2022-10-09T07:11:20.676+0000] {processor.py:768} INFO - DAG(s) dict_keys(['example_task_group_decorator']) retrieved from /home/airflow/.local/lib/python3.7/site-packages/airflow/example_dags/example_task_group_decorator.py
[2022-10-09T07:11:20.701+0000] {logging_mixin.py:117} INFO - [2022-10-09T07:11:20.701+0000] {dag.py:2573} INFO - Sync 1 DAGs
[2022-10-09T07:11:20.715+0000] {logging_mixin.py:117} INFO - [2022-10-09T07:11:20.715+0000] {dag.py:3328} INFO - Setting next_dagrun for example_task_group_decorator to 2022-10-08T07:11:20.714888+00:00, run_after=2022-10-09T07:11:20.714888+00:00
[2022-10-09T07:11:20.725+0000] {processor.py:178} INFO - Processing /home/airflow/.local/lib/python3.7/site-packages/airflow/example_dags/example_task_group_decorator.py took 0.072 seconds
[2022-10-09T07:11:51.044+0000] {processor.py:156} INFO - Started process (PID=2551) to work on /home/airflow/.local/lib/python3.7/site-packages/airflow/example_dags/example_task_group_decorator.py
[2022-10-09T07:11:51.046+0000] {processor.py:758} INFO - Processing file /home/airflow/.local/lib/python3.7/site-packages/airflow/example_dags/example_task_group_decorator.py for tasks to queue
[2022-10-09T07:11:51.047+0000] {logging_mixin.py:117} INFO - [2022-10-09T07:11:51.047+0000] {dagbag.py:525} INFO - Filling up the DagBag from /home/airflow/.local/lib/python3.7/site-packages/airflow/example_dags/example_task_group_decorator.py
[2022-10-09T07:11:51.066+0000] {processor.py:768} INFO - DAG(s) dict_keys(['example_task_group_decorator']) retrieved from /home/airflow/.local/lib/python3.7/site-packages/airflow/example_dags/example_task_group_decorator.py
[2022-10-09T07:11:51.092+0000] {logging_mixin.py:117} INFO - [2022-10-09T07:11:51.092+0000] {dag.py:2573} INFO - Sync 1 DAGs
[2022-10-09T07:11:51.110+0000] {logging_mixin.py:117} INFO - [2022-10-09T07:11:51.109+0000] {dag.py:3328} INFO - Setting next_dagrun for example_task_group_decorator to 2022-10-08T07:11:51.109837+00:00, run_after=2022-10-09T07:11:51.109837+00:00
[2022-10-09T07:11:51.122+0000] {processor.py:178} INFO - Processing /home/airflow/.local/lib/python3.7/site-packages/airflow/example_dags/example_task_group_decorator.py took 0.080 seconds
[2022-10-09T07:12:21.243+0000] {processor.py:156} INFO - Started process (PID=2614) to work on /home/airflow/.local/lib/python3.7/site-packages/airflow/example_dags/example_task_group_decorator.py
[2022-10-09T07:12:21.245+0000] {processor.py:758} INFO - Processing file /home/airflow/.local/lib/python3.7/site-packages/airflow/example_dags/example_task_group_decorator.py for tasks to queue
[2022-10-09T07:12:21.246+0000] {logging_mixin.py:117} INFO - [2022-10-09T07:12:21.246+0000] {dagbag.py:525} INFO - Filling up the DagBag from /home/airflow/.local/lib/python3.7/site-packages/airflow/example_dags/example_task_group_decorator.py
[2022-10-09T07:12:21.264+0000] {processor.py:768} INFO - DAG(s) dict_keys(['example_task_group_decorator']) retrieved from /home/airflow/.local/lib/python3.7/site-packages/airflow/example_dags/example_task_group_decorator.py
[2022-10-09T07:12:21.290+0000] {logging_mixin.py:117} INFO - [2022-10-09T07:12:21.290+0000] {dag.py:2573} INFO - Sync 1 DAGs
[2022-10-09T07:12:21.307+0000] {logging_mixin.py:117} INFO - [2022-10-09T07:12:21.307+0000] {dag.py:3328} INFO - Setting next_dagrun for example_task_group_decorator to 2022-10-08T07:12:21.307212+00:00, run_after=2022-10-09T07:12:21.307212+00:00
[2022-10-09T07:12:21.325+0000] {processor.py:178} INFO - Processing /home/airflow/.local/lib/python3.7/site-packages/airflow/example_dags/example_task_group_decorator.py took 0.084 seconds
[2022-10-09T07:12:51.600+0000] {processor.py:156} INFO - Started process (PID=2677) to work on /home/airflow/.local/lib/python3.7/site-packages/airflow/example_dags/example_task_group_decorator.py
[2022-10-09T07:12:51.601+0000] {processor.py:758} INFO - Processing file /home/airflow/.local/lib/python3.7/site-packages/airflow/example_dags/example_task_group_decorator.py for tasks to queue
[2022-10-09T07:12:51.602+0000] {logging_mixin.py:117} INFO - [2022-10-09T07:12:51.602+0000] {dagbag.py:525} INFO - Filling up the DagBag from /home/airflow/.local/lib/python3.7/site-packages/airflow/example_dags/example_task_group_decorator.py
[2022-10-09T07:12:51.625+0000] {processor.py:768} INFO - DAG(s) dict_keys(['example_task_group_decorator']) retrieved from /home/airflow/.local/lib/python3.7/site-packages/airflow/example_dags/example_task_group_decorator.py
[2022-10-09T07:12:51.651+0000] {logging_mixin.py:117} INFO - [2022-10-09T07:12:51.651+0000] {dag.py:2573} INFO - Sync 1 DAGs
[2022-10-09T07:12:51.667+0000] {logging_mixin.py:117} INFO - [2022-10-09T07:12:51.667+0000] {dag.py:3328} INFO - Setting next_dagrun for example_task_group_decorator to 2022-10-08T07:12:51.667158+00:00, run_after=2022-10-09T07:12:51.667158+00:00
[2022-10-09T07:12:51.681+0000] {processor.py:178} INFO - Processing /home/airflow/.local/lib/python3.7/site-packages/airflow/example_dags/example_task_group_decorator.py took 0.084 seconds
[2022-10-09T07:13:22.138+0000] {processor.py:156} INFO - Started process (PID=2741) to work on /home/airflow/.local/lib/python3.7/site-packages/airflow/example_dags/example_task_group_decorator.py
[2022-10-09T07:13:22.139+0000] {processor.py:758} INFO - Processing file /home/airflow/.local/lib/python3.7/site-packages/airflow/example_dags/example_task_group_decorator.py for tasks to queue
[2022-10-09T07:13:22.140+0000] {logging_mixin.py:117} INFO - [2022-10-09T07:13:22.140+0000] {dagbag.py:525} INFO - Filling up the DagBag from /home/airflow/.local/lib/python3.7/site-packages/airflow/example_dags/example_task_group_decorator.py
[2022-10-09T07:13:22.161+0000] {processor.py:768} INFO - DAG(s) dict_keys(['example_task_group_decorator']) retrieved from /home/airflow/.local/lib/python3.7/site-packages/airflow/example_dags/example_task_group_decorator.py
[2022-10-09T07:13:22.187+0000] {logging_mixin.py:117} INFO - [2022-10-09T07:13:22.187+0000] {dag.py:2573} INFO - Sync 1 DAGs
[2022-10-09T07:13:22.202+0000] {logging_mixin.py:117} INFO - [2022-10-09T07:13:22.202+0000] {dag.py:3328} INFO - Setting next_dagrun for example_task_group_decorator to 2022-10-08T07:13:22.202082+00:00, run_after=2022-10-09T07:13:22.202082+00:00
[2022-10-09T07:13:22.214+0000] {processor.py:178} INFO - Processing /home/airflow/.local/lib/python3.7/site-packages/airflow/example_dags/example_task_group_decorator.py took 0.078 seconds
[2022-10-09T07:13:52.363+0000] {processor.py:156} INFO - Started process (PID=2794) to work on /home/airflow/.local/lib/python3.7/site-packages/airflow/example_dags/example_task_group_decorator.py
[2022-10-09T07:13:52.365+0000] {processor.py:758} INFO - Processing file /home/airflow/.local/lib/python3.7/site-packages/airflow/example_dags/example_task_group_decorator.py for tasks to queue
[2022-10-09T07:13:52.366+0000] {logging_mixin.py:117} INFO - [2022-10-09T07:13:52.366+0000] {dagbag.py:525} INFO - Filling up the DagBag from /home/airflow/.local/lib/python3.7/site-packages/airflow/example_dags/example_task_group_decorator.py
[2022-10-09T07:13:52.385+0000] {processor.py:768} INFO - DAG(s) dict_keys(['example_task_group_decorator']) retrieved from /home/airflow/.local/lib/python3.7/site-packages/airflow/example_dags/example_task_group_decorator.py
[2022-10-09T07:13:52.415+0000] {logging_mixin.py:117} INFO - [2022-10-09T07:13:52.415+0000] {dag.py:2573} INFO - Sync 1 DAGs
[2022-10-09T07:13:52.439+0000] {logging_mixin.py:117} INFO - [2022-10-09T07:13:52.439+0000] {dag.py:3328} INFO - Setting next_dagrun for example_task_group_decorator to 2022-10-08T07:13:52.438819+00:00, run_after=2022-10-09T07:13:52.438819+00:00
[2022-10-09T07:13:52.475+0000] {processor.py:178} INFO - Processing /home/airflow/.local/lib/python3.7/site-packages/airflow/example_dags/example_task_group_decorator.py took 0.114 seconds
[2022-10-09T07:14:22.946+0000] {processor.py:156} INFO - Started process (PID=2856) to work on /home/airflow/.local/lib/python3.7/site-packages/airflow/example_dags/example_task_group_decorator.py
[2022-10-09T07:14:22.948+0000] {processor.py:758} INFO - Processing file /home/airflow/.local/lib/python3.7/site-packages/airflow/example_dags/example_task_group_decorator.py for tasks to queue
[2022-10-09T07:14:22.949+0000] {logging_mixin.py:117} INFO - [2022-10-09T07:14:22.949+0000] {dagbag.py:525} INFO - Filling up the DagBag from /home/airflow/.local/lib/python3.7/site-packages/airflow/example_dags/example_task_group_decorator.py
[2022-10-09T07:14:22.970+0000] {processor.py:768} INFO - DAG(s) dict_keys(['example_task_group_decorator']) retrieved from /home/airflow/.local/lib/python3.7/site-packages/airflow/example_dags/example_task_group_decorator.py
[2022-10-09T07:14:23.001+0000] {logging_mixin.py:117} INFO - [2022-10-09T07:14:23.001+0000] {dag.py:2573} INFO - Sync 1 DAGs
[2022-10-09T07:14:23.017+0000] {logging_mixin.py:117} INFO - [2022-10-09T07:14:23.017+0000] {dag.py:3328} INFO - Setting next_dagrun for example_task_group_decorator to 2022-10-08T07:14:23.017765+00:00, run_after=2022-10-09T07:14:23.017765+00:00
[2022-10-09T07:14:23.029+0000] {processor.py:178} INFO - Processing /home/airflow/.local/lib/python3.7/site-packages/airflow/example_dags/example_task_group_decorator.py took 0.085 seconds
[2022-10-09T07:14:53.303+0000] {processor.py:156} INFO - Started process (PID=2920) to work on /home/airflow/.local/lib/python3.7/site-packages/airflow/example_dags/example_task_group_decorator.py
[2022-10-09T07:14:53.304+0000] {processor.py:758} INFO - Processing file /home/airflow/.local/lib/python3.7/site-packages/airflow/example_dags/example_task_group_decorator.py for tasks to queue
[2022-10-09T07:14:53.306+0000] {logging_mixin.py:117} INFO - [2022-10-09T07:14:53.305+0000] {dagbag.py:525} INFO - Filling up the DagBag from /home/airflow/.local/lib/python3.7/site-packages/airflow/example_dags/example_task_group_decorator.py
[2022-10-09T07:14:53.326+0000] {processor.py:768} INFO - DAG(s) dict_keys(['example_task_group_decorator']) retrieved from /home/airflow/.local/lib/python3.7/site-packages/airflow/example_dags/example_task_group_decorator.py
[2022-10-09T07:14:53.352+0000] {logging_mixin.py:117} INFO - [2022-10-09T07:14:53.352+0000] {dag.py:2573} INFO - Sync 1 DAGs
[2022-10-09T07:14:53.367+0000] {logging_mixin.py:117} INFO - [2022-10-09T07:14:53.367+0000] {dag.py:3328} INFO - Setting next_dagrun for example_task_group_decorator to 2022-10-08T07:14:53.367273+00:00, run_after=2022-10-09T07:14:53.367273+00:00
[2022-10-09T07:14:53.378+0000] {processor.py:178} INFO - Processing /home/airflow/.local/lib/python3.7/site-packages/airflow/example_dags/example_task_group_decorator.py took 0.077 seconds
[2022-10-09T07:15:23.491+0000] {processor.py:156} INFO - Started process (PID=2983) to work on /home/airflow/.local/lib/python3.7/site-packages/airflow/example_dags/example_task_group_decorator.py
[2022-10-09T07:15:23.493+0000] {processor.py:758} INFO - Processing file /home/airflow/.local/lib/python3.7/site-packages/airflow/example_dags/example_task_group_decorator.py for tasks to queue
[2022-10-09T07:15:23.494+0000] {logging_mixin.py:117} INFO - [2022-10-09T07:15:23.493+0000] {dagbag.py:525} INFO - Filling up the DagBag from /home/airflow/.local/lib/python3.7/site-packages/airflow/example_dags/example_task_group_decorator.py
[2022-10-09T07:15:23.513+0000] {processor.py:768} INFO - DAG(s) dict_keys(['example_task_group_decorator']) retrieved from /home/airflow/.local/lib/python3.7/site-packages/airflow/example_dags/example_task_group_decorator.py
[2022-10-09T07:15:23.543+0000] {logging_mixin.py:117} INFO - [2022-10-09T07:15:23.542+0000] {dag.py:2573} INFO - Sync 1 DAGs
[2022-10-09T07:15:23.558+0000] {logging_mixin.py:117} INFO - [2022-10-09T07:15:23.558+0000] {dag.py:3328} INFO - Setting next_dagrun for example_task_group_decorator to 2022-10-08T07:15:23.557971+00:00, run_after=2022-10-09T07:15:23.557971+00:00
[2022-10-09T07:15:23.570+0000] {processor.py:178} INFO - Processing /home/airflow/.local/lib/python3.7/site-packages/airflow/example_dags/example_task_group_decorator.py took 0.080 seconds
[2022-10-09T07:15:53.878+0000] {processor.py:156} INFO - Started process (PID=3046) to work on /home/airflow/.local/lib/python3.7/site-packages/airflow/example_dags/example_task_group_decorator.py
[2022-10-09T07:15:53.880+0000] {processor.py:758} INFO - Processing file /home/airflow/.local/lib/python3.7/site-packages/airflow/example_dags/example_task_group_decorator.py for tasks to queue
[2022-10-09T07:15:53.881+0000] {logging_mixin.py:117} INFO - [2022-10-09T07:15:53.881+0000] {dagbag.py:525} INFO - Filling up the DagBag from /home/airflow/.local/lib/python3.7/site-packages/airflow/example_dags/example_task_group_decorator.py
[2022-10-09T07:15:53.900+0000] {processor.py:768} INFO - DAG(s) dict_keys(['example_task_group_decorator']) retrieved from /home/airflow/.local/lib/python3.7/site-packages/airflow/example_dags/example_task_group_decorator.py
[2022-10-09T07:15:53.926+0000] {logging_mixin.py:117} INFO - [2022-10-09T07:15:53.926+0000] {dag.py:2573} INFO - Sync 1 DAGs
[2022-10-09T07:15:53.940+0000] {logging_mixin.py:117} INFO - [2022-10-09T07:15:53.940+0000] {dag.py:3328} INFO - Setting next_dagrun for example_task_group_decorator to 2022-10-08T07:15:53.940337+00:00, run_after=2022-10-09T07:15:53.940337+00:00
[2022-10-09T07:15:53.952+0000] {processor.py:178} INFO - Processing /home/airflow/.local/lib/python3.7/site-packages/airflow/example_dags/example_task_group_decorator.py took 0.077 seconds
[2022-10-09T07:16:24.183+0000] {processor.py:156} INFO - Started process (PID=3100) to work on /home/airflow/.local/lib/python3.7/site-packages/airflow/example_dags/example_task_group_decorator.py
[2022-10-09T07:16:24.185+0000] {processor.py:758} INFO - Processing file /home/airflow/.local/lib/python3.7/site-packages/airflow/example_dags/example_task_group_decorator.py for tasks to queue
[2022-10-09T07:16:24.186+0000] {logging_mixin.py:117} INFO - [2022-10-09T07:16:24.186+0000] {dagbag.py:525} INFO - Filling up the DagBag from /home/airflow/.local/lib/python3.7/site-packages/airflow/example_dags/example_task_group_decorator.py
[2022-10-09T07:16:24.205+0000] {processor.py:768} INFO - DAG(s) dict_keys(['example_task_group_decorator']) retrieved from /home/airflow/.local/lib/python3.7/site-packages/airflow/example_dags/example_task_group_decorator.py
[2022-10-09T07:16:24.231+0000] {logging_mixin.py:117} INFO - [2022-10-09T07:16:24.231+0000] {dag.py:2573} INFO - Sync 1 DAGs
[2022-10-09T07:16:24.246+0000] {logging_mixin.py:117} INFO - [2022-10-09T07:16:24.246+0000] {dag.py:3328} INFO - Setting next_dagrun for example_task_group_decorator to 2022-10-08T07:16:24.246327+00:00, run_after=2022-10-09T07:16:24.246327+00:00
[2022-10-09T07:16:24.259+0000] {processor.py:178} INFO - Processing /home/airflow/.local/lib/python3.7/site-packages/airflow/example_dags/example_task_group_decorator.py took 0.078 seconds
[2022-10-09T07:16:54.514+0000] {processor.py:156} INFO - Started process (PID=3162) to work on /home/airflow/.local/lib/python3.7/site-packages/airflow/example_dags/example_task_group_decorator.py
[2022-10-09T07:16:54.515+0000] {processor.py:758} INFO - Processing file /home/airflow/.local/lib/python3.7/site-packages/airflow/example_dags/example_task_group_decorator.py for tasks to queue
[2022-10-09T07:16:54.516+0000] {logging_mixin.py:117} INFO - [2022-10-09T07:16:54.516+0000] {dagbag.py:525} INFO - Filling up the DagBag from /home/airflow/.local/lib/python3.7/site-packages/airflow/example_dags/example_task_group_decorator.py
[2022-10-09T07:16:54.534+0000] {processor.py:768} INFO - DAG(s) dict_keys(['example_task_group_decorator']) retrieved from /home/airflow/.local/lib/python3.7/site-packages/airflow/example_dags/example_task_group_decorator.py
[2022-10-09T07:16:54.560+0000] {logging_mixin.py:117} INFO - [2022-10-09T07:16:54.559+0000] {dag.py:2573} INFO - Sync 1 DAGs
[2022-10-09T07:16:54.574+0000] {logging_mixin.py:117} INFO - [2022-10-09T07:16:54.574+0000] {dag.py:3328} INFO - Setting next_dagrun for example_task_group_decorator to 2022-10-08T07:16:54.574669+00:00, run_after=2022-10-09T07:16:54.574669+00:00
[2022-10-09T07:16:54.587+0000] {processor.py:178} INFO - Processing /home/airflow/.local/lib/python3.7/site-packages/airflow/example_dags/example_task_group_decorator.py took 0.076 seconds
[2022-10-09T07:17:24.804+0000] {processor.py:156} INFO - Started process (PID=3225) to work on /home/airflow/.local/lib/python3.7/site-packages/airflow/example_dags/example_task_group_decorator.py
[2022-10-09T07:17:24.806+0000] {processor.py:758} INFO - Processing file /home/airflow/.local/lib/python3.7/site-packages/airflow/example_dags/example_task_group_decorator.py for tasks to queue
[2022-10-09T07:17:24.807+0000] {logging_mixin.py:117} INFO - [2022-10-09T07:17:24.807+0000] {dagbag.py:525} INFO - Filling up the DagBag from /home/airflow/.local/lib/python3.7/site-packages/airflow/example_dags/example_task_group_decorator.py
[2022-10-09T07:17:24.908+0000] {processor.py:768} INFO - DAG(s) dict_keys(['example_task_group_decorator']) retrieved from /home/airflow/.local/lib/python3.7/site-packages/airflow/example_dags/example_task_group_decorator.py
[2022-10-09T07:17:24.985+0000] {logging_mixin.py:117} INFO - [2022-10-09T07:17:24.985+0000] {dag.py:2573} INFO - Sync 1 DAGs
[2022-10-09T07:17:25.008+0000] {logging_mixin.py:117} INFO - [2022-10-09T07:17:25.008+0000] {dag.py:3328} INFO - Setting next_dagrun for example_task_group_decorator to 2022-10-08T07:17:25.008299+00:00, run_after=2022-10-09T07:17:25.008299+00:00
[2022-10-09T07:17:25.022+0000] {processor.py:178} INFO - Processing /home/airflow/.local/lib/python3.7/site-packages/airflow/example_dags/example_task_group_decorator.py took 0.220 seconds
[2022-10-09T07:17:55.512+0000] {processor.py:156} INFO - Started process (PID=3286) to work on /home/airflow/.local/lib/python3.7/site-packages/airflow/example_dags/example_task_group_decorator.py
[2022-10-09T07:17:55.514+0000] {processor.py:758} INFO - Processing file /home/airflow/.local/lib/python3.7/site-packages/airflow/example_dags/example_task_group_decorator.py for tasks to queue
[2022-10-09T07:17:55.515+0000] {logging_mixin.py:117} INFO - [2022-10-09T07:17:55.515+0000] {dagbag.py:525} INFO - Filling up the DagBag from /home/airflow/.local/lib/python3.7/site-packages/airflow/example_dags/example_task_group_decorator.py
[2022-10-09T07:17:55.534+0000] {processor.py:768} INFO - DAG(s) dict_keys(['example_task_group_decorator']) retrieved from /home/airflow/.local/lib/python3.7/site-packages/airflow/example_dags/example_task_group_decorator.py
[2022-10-09T07:17:55.560+0000] {logging_mixin.py:117} INFO - [2022-10-09T07:17:55.560+0000] {dag.py:2573} INFO - Sync 1 DAGs
[2022-10-09T07:17:55.576+0000] {logging_mixin.py:117} INFO - [2022-10-09T07:17:55.576+0000] {dag.py:3328} INFO - Setting next_dagrun for example_task_group_decorator to 2022-10-08T07:17:55.576492+00:00, run_after=2022-10-09T07:17:55.576492+00:00
[2022-10-09T07:17:55.590+0000] {processor.py:178} INFO - Processing /home/airflow/.local/lib/python3.7/site-packages/airflow/example_dags/example_task_group_decorator.py took 0.080 seconds
[2022-10-09T07:18:25.808+0000] {processor.py:156} INFO - Started process (PID=3349) to work on /home/airflow/.local/lib/python3.7/site-packages/airflow/example_dags/example_task_group_decorator.py
[2022-10-09T07:18:25.809+0000] {processor.py:758} INFO - Processing file /home/airflow/.local/lib/python3.7/site-packages/airflow/example_dags/example_task_group_decorator.py for tasks to queue
[2022-10-09T07:18:25.810+0000] {logging_mixin.py:117} INFO - [2022-10-09T07:18:25.810+0000] {dagbag.py:525} INFO - Filling up the DagBag from /home/airflow/.local/lib/python3.7/site-packages/airflow/example_dags/example_task_group_decorator.py
[2022-10-09T07:18:25.831+0000] {processor.py:768} INFO - DAG(s) dict_keys(['example_task_group_decorator']) retrieved from /home/airflow/.local/lib/python3.7/site-packages/airflow/example_dags/example_task_group_decorator.py
[2022-10-09T07:18:25.861+0000] {logging_mixin.py:117} INFO - [2022-10-09T07:18:25.861+0000] {dag.py:2573} INFO - Sync 1 DAGs
[2022-10-09T07:18:25.881+0000] {logging_mixin.py:117} INFO - [2022-10-09T07:18:25.881+0000] {dag.py:3328} INFO - Setting next_dagrun for example_task_group_decorator to 2022-10-08T07:18:25.881038+00:00, run_after=2022-10-09T07:18:25.881038+00:00
[2022-10-09T07:18:25.898+0000] {processor.py:178} INFO - Processing /home/airflow/.local/lib/python3.7/site-packages/airflow/example_dags/example_task_group_decorator.py took 0.093 seconds
[2022-10-09T07:18:56.995+0000] {processor.py:156} INFO - Started process (PID=3411) to work on /home/airflow/.local/lib/python3.7/site-packages/airflow/example_dags/example_task_group_decorator.py
[2022-10-09T07:18:56.997+0000] {processor.py:758} INFO - Processing file /home/airflow/.local/lib/python3.7/site-packages/airflow/example_dags/example_task_group_decorator.py for tasks to queue
[2022-10-09T07:18:56.998+0000] {logging_mixin.py:117} INFO - [2022-10-09T07:18:56.998+0000] {dagbag.py:525} INFO - Filling up the DagBag from /home/airflow/.local/lib/python3.7/site-packages/airflow/example_dags/example_task_group_decorator.py
[2022-10-09T07:18:57.044+0000] {processor.py:768} INFO - DAG(s) dict_keys(['example_task_group_decorator']) retrieved from /home/airflow/.local/lib/python3.7/site-packages/airflow/example_dags/example_task_group_decorator.py
[2022-10-09T07:18:57.097+0000] {logging_mixin.py:117} INFO - [2022-10-09T07:18:57.097+0000] {dag.py:2573} INFO - Sync 1 DAGs
[2022-10-09T07:18:57.126+0000] {logging_mixin.py:117} INFO - [2022-10-09T07:18:57.125+0000] {dag.py:3328} INFO - Setting next_dagrun for example_task_group_decorator to 2022-10-08T07:18:57.125594+00:00, run_after=2022-10-09T07:18:57.125594+00:00
[2022-10-09T07:18:57.143+0000] {processor.py:178} INFO - Processing /home/airflow/.local/lib/python3.7/site-packages/airflow/example_dags/example_task_group_decorator.py took 0.153 seconds
[2022-10-09T07:19:27.406+0000] {processor.py:156} INFO - Started process (PID=3465) to work on /home/airflow/.local/lib/python3.7/site-packages/airflow/example_dags/example_task_group_decorator.py
[2022-10-09T07:19:27.409+0000] {processor.py:758} INFO - Processing file /home/airflow/.local/lib/python3.7/site-packages/airflow/example_dags/example_task_group_decorator.py for tasks to queue
[2022-10-09T07:19:27.411+0000] {logging_mixin.py:117} INFO - [2022-10-09T07:19:27.411+0000] {dagbag.py:525} INFO - Filling up the DagBag from /home/airflow/.local/lib/python3.7/site-packages/airflow/example_dags/example_task_group_decorator.py
[2022-10-09T07:19:27.441+0000] {processor.py:768} INFO - DAG(s) dict_keys(['example_task_group_decorator']) retrieved from /home/airflow/.local/lib/python3.7/site-packages/airflow/example_dags/example_task_group_decorator.py
[2022-10-09T07:19:27.479+0000] {logging_mixin.py:117} INFO - [2022-10-09T07:19:27.479+0000] {dag.py:2573} INFO - Sync 1 DAGs
[2022-10-09T07:19:27.494+0000] {logging_mixin.py:117} INFO - [2022-10-09T07:19:27.494+0000] {dag.py:3328} INFO - Setting next_dagrun for example_task_group_decorator to 2022-10-08T07:19:27.494489+00:00, run_after=2022-10-09T07:19:27.494489+00:00
[2022-10-09T07:19:27.507+0000] {processor.py:178} INFO - Processing /home/airflow/.local/lib/python3.7/site-packages/airflow/example_dags/example_task_group_decorator.py took 0.103 seconds
[2022-10-09T07:19:57.726+0000] {processor.py:156} INFO - Started process (PID=3529) to work on /home/airflow/.local/lib/python3.7/site-packages/airflow/example_dags/example_task_group_decorator.py
[2022-10-09T07:19:57.727+0000] {processor.py:758} INFO - Processing file /home/airflow/.local/lib/python3.7/site-packages/airflow/example_dags/example_task_group_decorator.py for tasks to queue
[2022-10-09T07:19:57.728+0000] {logging_mixin.py:117} INFO - [2022-10-09T07:19:57.728+0000] {dagbag.py:525} INFO - Filling up the DagBag from /home/airflow/.local/lib/python3.7/site-packages/airflow/example_dags/example_task_group_decorator.py
[2022-10-09T07:19:57.748+0000] {processor.py:768} INFO - DAG(s) dict_keys(['example_task_group_decorator']) retrieved from /home/airflow/.local/lib/python3.7/site-packages/airflow/example_dags/example_task_group_decorator.py
[2022-10-09T07:19:57.775+0000] {logging_mixin.py:117} INFO - [2022-10-09T07:19:57.775+0000] {dag.py:2573} INFO - Sync 1 DAGs
[2022-10-09T07:19:57.791+0000] {logging_mixin.py:117} INFO - [2022-10-09T07:19:57.791+0000] {dag.py:3328} INFO - Setting next_dagrun for example_task_group_decorator to 2022-10-08T07:19:57.790896+00:00, run_after=2022-10-09T07:19:57.790896+00:00
[2022-10-09T07:19:57.803+0000] {processor.py:178} INFO - Processing /home/airflow/.local/lib/python3.7/site-packages/airflow/example_dags/example_task_group_decorator.py took 0.079 seconds
[2022-10-09T07:20:28.325+0000] {processor.py:156} INFO - Started process (PID=3592) to work on /home/airflow/.local/lib/python3.7/site-packages/airflow/example_dags/example_task_group_decorator.py
[2022-10-09T07:20:28.326+0000] {processor.py:758} INFO - Processing file /home/airflow/.local/lib/python3.7/site-packages/airflow/example_dags/example_task_group_decorator.py for tasks to queue
[2022-10-09T07:20:28.327+0000] {logging_mixin.py:117} INFO - [2022-10-09T07:20:28.327+0000] {dagbag.py:525} INFO - Filling up the DagBag from /home/airflow/.local/lib/python3.7/site-packages/airflow/example_dags/example_task_group_decorator.py
[2022-10-09T07:20:28.347+0000] {processor.py:768} INFO - DAG(s) dict_keys(['example_task_group_decorator']) retrieved from /home/airflow/.local/lib/python3.7/site-packages/airflow/example_dags/example_task_group_decorator.py
[2022-10-09T07:20:28.376+0000] {logging_mixin.py:117} INFO - [2022-10-09T07:20:28.376+0000] {dag.py:2573} INFO - Sync 1 DAGs
[2022-10-09T07:20:28.392+0000] {logging_mixin.py:117} INFO - [2022-10-09T07:20:28.392+0000] {dag.py:3328} INFO - Setting next_dagrun for example_task_group_decorator to 2022-10-08T07:20:28.391901+00:00, run_after=2022-10-09T07:20:28.391901+00:00
[2022-10-09T07:20:28.404+0000] {processor.py:178} INFO - Processing /home/airflow/.local/lib/python3.7/site-packages/airflow/example_dags/example_task_group_decorator.py took 0.081 seconds
[2022-10-09T07:20:58.997+0000] {processor.py:156} INFO - Started process (PID=3655) to work on /home/airflow/.local/lib/python3.7/site-packages/airflow/example_dags/example_task_group_decorator.py
[2022-10-09T07:20:58.999+0000] {processor.py:758} INFO - Processing file /home/airflow/.local/lib/python3.7/site-packages/airflow/example_dags/example_task_group_decorator.py for tasks to queue
[2022-10-09T07:20:59.000+0000] {logging_mixin.py:117} INFO - [2022-10-09T07:20:59.000+0000] {dagbag.py:525} INFO - Filling up the DagBag from /home/airflow/.local/lib/python3.7/site-packages/airflow/example_dags/example_task_group_decorator.py
[2022-10-09T07:20:59.021+0000] {processor.py:768} INFO - DAG(s) dict_keys(['example_task_group_decorator']) retrieved from /home/airflow/.local/lib/python3.7/site-packages/airflow/example_dags/example_task_group_decorator.py
[2022-10-09T07:20:59.049+0000] {logging_mixin.py:117} INFO - [2022-10-09T07:20:59.049+0000] {dag.py:2573} INFO - Sync 1 DAGs
[2022-10-09T07:20:59.070+0000] {logging_mixin.py:117} INFO - [2022-10-09T07:20:59.070+0000] {dag.py:3328} INFO - Setting next_dagrun for example_task_group_decorator to 2022-10-08T07:20:59.070718+00:00, run_after=2022-10-09T07:20:59.070718+00:00
[2022-10-09T07:20:59.086+0000] {processor.py:178} INFO - Processing /home/airflow/.local/lib/python3.7/site-packages/airflow/example_dags/example_task_group_decorator.py took 0.091 seconds
[2022-10-09T07:21:29.452+0000] {processor.py:156} INFO - Started process (PID=3718) to work on /home/airflow/.local/lib/python3.7/site-packages/airflow/example_dags/example_task_group_decorator.py
[2022-10-09T07:21:29.454+0000] {processor.py:758} INFO - Processing file /home/airflow/.local/lib/python3.7/site-packages/airflow/example_dags/example_task_group_decorator.py for tasks to queue
[2022-10-09T07:21:29.455+0000] {logging_mixin.py:117} INFO - [2022-10-09T07:21:29.455+0000] {dagbag.py:525} INFO - Filling up the DagBag from /home/airflow/.local/lib/python3.7/site-packages/airflow/example_dags/example_task_group_decorator.py
[2022-10-09T07:21:29.479+0000] {processor.py:768} INFO - DAG(s) dict_keys(['example_task_group_decorator']) retrieved from /home/airflow/.local/lib/python3.7/site-packages/airflow/example_dags/example_task_group_decorator.py
[2022-10-09T07:21:29.517+0000] {logging_mixin.py:117} INFO - [2022-10-09T07:21:29.516+0000] {dag.py:2573} INFO - Sync 1 DAGs
[2022-10-09T07:21:29.536+0000] {logging_mixin.py:117} INFO - [2022-10-09T07:21:29.536+0000] {dag.py:3328} INFO - Setting next_dagrun for example_task_group_decorator to 2022-10-08T07:21:29.535946+00:00, run_after=2022-10-09T07:21:29.535946+00:00
[2022-10-09T07:21:29.549+0000] {processor.py:178} INFO - Processing /home/airflow/.local/lib/python3.7/site-packages/airflow/example_dags/example_task_group_decorator.py took 0.100 seconds
[2022-10-09T07:21:59.760+0000] {processor.py:156} INFO - Started process (PID=3770) to work on /home/airflow/.local/lib/python3.7/site-packages/airflow/example_dags/example_task_group_decorator.py
[2022-10-09T07:21:59.761+0000] {processor.py:758} INFO - Processing file /home/airflow/.local/lib/python3.7/site-packages/airflow/example_dags/example_task_group_decorator.py for tasks to queue
[2022-10-09T07:21:59.762+0000] {logging_mixin.py:117} INFO - [2022-10-09T07:21:59.762+0000] {dagbag.py:525} INFO - Filling up the DagBag from /home/airflow/.local/lib/python3.7/site-packages/airflow/example_dags/example_task_group_decorator.py
[2022-10-09T07:21:59.780+0000] {processor.py:768} INFO - DAG(s) dict_keys(['example_task_group_decorator']) retrieved from /home/airflow/.local/lib/python3.7/site-packages/airflow/example_dags/example_task_group_decorator.py
[2022-10-09T07:21:59.809+0000] {logging_mixin.py:117} INFO - [2022-10-09T07:21:59.809+0000] {dag.py:2573} INFO - Sync 1 DAGs
[2022-10-09T07:21:59.826+0000] {logging_mixin.py:117} INFO - [2022-10-09T07:21:59.826+0000] {dag.py:3328} INFO - Setting next_dagrun for example_task_group_decorator to 2022-10-08T07:21:59.826744+00:00, run_after=2022-10-09T07:21:59.826744+00:00
[2022-10-09T07:21:59.838+0000] {processor.py:178} INFO - Processing /home/airflow/.local/lib/python3.7/site-packages/airflow/example_dags/example_task_group_decorator.py took 0.081 seconds
[2022-10-09T07:22:30.111+0000] {processor.py:156} INFO - Started process (PID=3833) to work on /home/airflow/.local/lib/python3.7/site-packages/airflow/example_dags/example_task_group_decorator.py
[2022-10-09T07:22:30.113+0000] {processor.py:758} INFO - Processing file /home/airflow/.local/lib/python3.7/site-packages/airflow/example_dags/example_task_group_decorator.py for tasks to queue
[2022-10-09T07:22:30.114+0000] {logging_mixin.py:117} INFO - [2022-10-09T07:22:30.113+0000] {dagbag.py:525} INFO - Filling up the DagBag from /home/airflow/.local/lib/python3.7/site-packages/airflow/example_dags/example_task_group_decorator.py
[2022-10-09T07:22:30.132+0000] {processor.py:768} INFO - DAG(s) dict_keys(['example_task_group_decorator']) retrieved from /home/airflow/.local/lib/python3.7/site-packages/airflow/example_dags/example_task_group_decorator.py
[2022-10-09T07:22:30.162+0000] {logging_mixin.py:117} INFO - [2022-10-09T07:22:30.162+0000] {dag.py:2573} INFO - Sync 1 DAGs
[2022-10-09T07:22:30.179+0000] {logging_mixin.py:117} INFO - [2022-10-09T07:22:30.179+0000] {dag.py:3328} INFO - Setting next_dagrun for example_task_group_decorator to 2022-10-08T07:22:30.179238+00:00, run_after=2022-10-09T07:22:30.179238+00:00
[2022-10-09T07:22:30.193+0000] {processor.py:178} INFO - Processing /home/airflow/.local/lib/python3.7/site-packages/airflow/example_dags/example_task_group_decorator.py took 0.084 seconds
[2022-10-09T07:23:00.385+0000] {processor.py:156} INFO - Started process (PID=3897) to work on /home/airflow/.local/lib/python3.7/site-packages/airflow/example_dags/example_task_group_decorator.py
[2022-10-09T07:23:00.387+0000] {processor.py:758} INFO - Processing file /home/airflow/.local/lib/python3.7/site-packages/airflow/example_dags/example_task_group_decorator.py for tasks to queue
[2022-10-09T07:23:00.388+0000] {logging_mixin.py:117} INFO - [2022-10-09T07:23:00.388+0000] {dagbag.py:525} INFO - Filling up the DagBag from /home/airflow/.local/lib/python3.7/site-packages/airflow/example_dags/example_task_group_decorator.py
[2022-10-09T07:23:00.412+0000] {processor.py:768} INFO - DAG(s) dict_keys(['example_task_group_decorator']) retrieved from /home/airflow/.local/lib/python3.7/site-packages/airflow/example_dags/example_task_group_decorator.py
[2022-10-09T07:23:00.438+0000] {logging_mixin.py:117} INFO - [2022-10-09T07:23:00.438+0000] {dag.py:2573} INFO - Sync 1 DAGs
[2022-10-09T07:23:00.453+0000] {logging_mixin.py:117} INFO - [2022-10-09T07:23:00.453+0000] {dag.py:3328} INFO - Setting next_dagrun for example_task_group_decorator to 2022-10-08T07:23:00.453074+00:00, run_after=2022-10-09T07:23:00.453074+00:00
[2022-10-09T07:23:00.465+0000] {processor.py:178} INFO - Processing /home/airflow/.local/lib/python3.7/site-packages/airflow/example_dags/example_task_group_decorator.py took 0.082 seconds
[2022-10-09T07:23:30.742+0000] {processor.py:156} INFO - Started process (PID=3960) to work on /home/airflow/.local/lib/python3.7/site-packages/airflow/example_dags/example_task_group_decorator.py
[2022-10-09T07:23:30.744+0000] {processor.py:758} INFO - Processing file /home/airflow/.local/lib/python3.7/site-packages/airflow/example_dags/example_task_group_decorator.py for tasks to queue
[2022-10-09T07:23:30.745+0000] {logging_mixin.py:117} INFO - [2022-10-09T07:23:30.745+0000] {dagbag.py:525} INFO - Filling up the DagBag from /home/airflow/.local/lib/python3.7/site-packages/airflow/example_dags/example_task_group_decorator.py
[2022-10-09T07:23:30.765+0000] {processor.py:768} INFO - DAG(s) dict_keys(['example_task_group_decorator']) retrieved from /home/airflow/.local/lib/python3.7/site-packages/airflow/example_dags/example_task_group_decorator.py
[2022-10-09T07:23:30.791+0000] {logging_mixin.py:117} INFO - [2022-10-09T07:23:30.791+0000] {dag.py:2573} INFO - Sync 1 DAGs
[2022-10-09T07:23:30.808+0000] {logging_mixin.py:117} INFO - [2022-10-09T07:23:30.807+0000] {dag.py:3328} INFO - Setting next_dagrun for example_task_group_decorator to 2022-10-08T07:23:30.807800+00:00, run_after=2022-10-09T07:23:30.807800+00:00
[2022-10-09T07:23:30.822+0000] {processor.py:178} INFO - Processing /home/airflow/.local/lib/python3.7/site-packages/airflow/example_dags/example_task_group_decorator.py took 0.082 seconds
[2022-10-09T07:24:01.020+0000] {processor.py:156} INFO - Started process (PID=4023) to work on /home/airflow/.local/lib/python3.7/site-packages/airflow/example_dags/example_task_group_decorator.py
[2022-10-09T07:24:01.022+0000] {processor.py:758} INFO - Processing file /home/airflow/.local/lib/python3.7/site-packages/airflow/example_dags/example_task_group_decorator.py for tasks to queue
[2022-10-09T07:24:01.023+0000] {logging_mixin.py:117} INFO - [2022-10-09T07:24:01.022+0000] {dagbag.py:525} INFO - Filling up the DagBag from /home/airflow/.local/lib/python3.7/site-packages/airflow/example_dags/example_task_group_decorator.py
[2022-10-09T07:24:01.042+0000] {processor.py:768} INFO - DAG(s) dict_keys(['example_task_group_decorator']) retrieved from /home/airflow/.local/lib/python3.7/site-packages/airflow/example_dags/example_task_group_decorator.py
[2022-10-09T07:24:01.069+0000] {logging_mixin.py:117} INFO - [2022-10-09T07:24:01.069+0000] {dag.py:2573} INFO - Sync 1 DAGs
[2022-10-09T07:24:01.085+0000] {logging_mixin.py:117} INFO - [2022-10-09T07:24:01.085+0000] {dag.py:3328} INFO - Setting next_dagrun for example_task_group_decorator to 2022-10-08T07:24:01.085441+00:00, run_after=2022-10-09T07:24:01.085441+00:00
[2022-10-09T07:24:01.098+0000] {processor.py:178} INFO - Processing /home/airflow/.local/lib/python3.7/site-packages/airflow/example_dags/example_task_group_decorator.py took 0.080 seconds
[2022-10-09T07:24:31.634+0000] {processor.py:156} INFO - Started process (PID=4080) to work on /home/airflow/.local/lib/python3.7/site-packages/airflow/example_dags/example_task_group_decorator.py
[2022-10-09T07:24:31.635+0000] {processor.py:758} INFO - Processing file /home/airflow/.local/lib/python3.7/site-packages/airflow/example_dags/example_task_group_decorator.py for tasks to queue
[2022-10-09T07:24:31.636+0000] {logging_mixin.py:117} INFO - [2022-10-09T07:24:31.636+0000] {dagbag.py:525} INFO - Filling up the DagBag from /home/airflow/.local/lib/python3.7/site-packages/airflow/example_dags/example_task_group_decorator.py
[2022-10-09T07:24:31.654+0000] {processor.py:768} INFO - DAG(s) dict_keys(['example_task_group_decorator']) retrieved from /home/airflow/.local/lib/python3.7/site-packages/airflow/example_dags/example_task_group_decorator.py
[2022-10-09T07:24:31.681+0000] {logging_mixin.py:117} INFO - [2022-10-09T07:24:31.681+0000] {dag.py:2573} INFO - Sync 1 DAGs
[2022-10-09T07:24:31.697+0000] {logging_mixin.py:117} INFO - [2022-10-09T07:24:31.697+0000] {dag.py:3328} INFO - Setting next_dagrun for example_task_group_decorator to 2022-10-08T07:24:31.696981+00:00, run_after=2022-10-09T07:24:31.696981+00:00
[2022-10-09T07:24:31.710+0000] {processor.py:178} INFO - Processing /home/airflow/.local/lib/python3.7/site-packages/airflow/example_dags/example_task_group_decorator.py took 0.078 seconds
