[2022-10-09T06:40:38.436+0000] {processor.py:156} INFO - Started process (PID=36) to work on /home/airflow/.local/lib/python3.7/site-packages/airflow/example_dags/example_latest_only.py
[2022-10-09T06:40:38.438+0000] {processor.py:758} INFO - Processing file /home/airflow/.local/lib/python3.7/site-packages/airflow/example_dags/example_latest_only.py for tasks to queue
[2022-10-09T06:40:38.440+0000] {logging_mixin.py:117} INFO - [2022-10-09T06:40:38.439+0000] {dagbag.py:525} INFO - Filling up the DagBag from /home/airflow/.local/lib/python3.7/site-packages/airflow/example_dags/example_latest_only.py
[2022-10-09T06:40:38.450+0000] {processor.py:768} INFO - DAG(s) dict_keys(['latest_only']) retrieved from /home/airflow/.local/lib/python3.7/site-packages/airflow/example_dags/example_latest_only.py
[2022-10-09T06:40:38.473+0000] {logging_mixin.py:117} INFO - [2022-10-09T06:40:38.473+0000] {dag.py:2573} INFO - Sync 1 DAGs
[2022-10-09T06:40:38.495+0000] {logging_mixin.py:117} INFO - [2022-10-09T06:40:38.495+0000] {dag.py:3328} INFO - Setting next_dagrun for latest_only to 2022-10-09T02:40:38.494697+00:00, run_after=2022-10-09T06:40:38.494697+00:00
[2022-10-09T06:40:38.517+0000] {processor.py:178} INFO - Processing /home/airflow/.local/lib/python3.7/site-packages/airflow/example_dags/example_latest_only.py took 0.083 seconds
[2022-10-09T06:41:09.403+0000] {processor.py:156} INFO - Started process (PID=99) to work on /home/airflow/.local/lib/python3.7/site-packages/airflow/example_dags/example_latest_only.py
[2022-10-09T06:41:09.405+0000] {processor.py:758} INFO - Processing file /home/airflow/.local/lib/python3.7/site-packages/airflow/example_dags/example_latest_only.py for tasks to queue
[2022-10-09T06:41:09.406+0000] {logging_mixin.py:117} INFO - [2022-10-09T06:41:09.405+0000] {dagbag.py:525} INFO - Filling up the DagBag from /home/airflow/.local/lib/python3.7/site-packages/airflow/example_dags/example_latest_only.py
[2022-10-09T06:41:09.417+0000] {processor.py:768} INFO - DAG(s) dict_keys(['latest_only']) retrieved from /home/airflow/.local/lib/python3.7/site-packages/airflow/example_dags/example_latest_only.py
[2022-10-09T06:41:09.464+0000] {logging_mixin.py:117} INFO - [2022-10-09T06:41:09.464+0000] {dag.py:2573} INFO - Sync 1 DAGs
[2022-10-09T06:41:09.480+0000] {logging_mixin.py:117} INFO - [2022-10-09T06:41:09.480+0000] {dag.py:3328} INFO - Setting next_dagrun for latest_only to 2022-10-09T02:41:09.480212+00:00, run_after=2022-10-09T06:41:09.480212+00:00
[2022-10-09T06:41:09.493+0000] {processor.py:178} INFO - Processing /home/airflow/.local/lib/python3.7/site-packages/airflow/example_dags/example_latest_only.py took 0.092 seconds
[2022-10-09T06:41:40.021+0000] {processor.py:156} INFO - Started process (PID=163) to work on /home/airflow/.local/lib/python3.7/site-packages/airflow/example_dags/example_latest_only.py
[2022-10-09T06:41:40.022+0000] {processor.py:758} INFO - Processing file /home/airflow/.local/lib/python3.7/site-packages/airflow/example_dags/example_latest_only.py for tasks to queue
[2022-10-09T06:41:40.023+0000] {logging_mixin.py:117} INFO - [2022-10-09T06:41:40.023+0000] {dagbag.py:525} INFO - Filling up the DagBag from /home/airflow/.local/lib/python3.7/site-packages/airflow/example_dags/example_latest_only.py
[2022-10-09T06:41:40.032+0000] {processor.py:768} INFO - DAG(s) dict_keys(['latest_only']) retrieved from /home/airflow/.local/lib/python3.7/site-packages/airflow/example_dags/example_latest_only.py
[2022-10-09T06:41:40.058+0000] {logging_mixin.py:117} INFO - [2022-10-09T06:41:40.058+0000] {dag.py:2573} INFO - Sync 1 DAGs
[2022-10-09T06:41:40.073+0000] {logging_mixin.py:117} INFO - [2022-10-09T06:41:40.072+0000] {dag.py:3328} INFO - Setting next_dagrun for latest_only to 2022-10-09T02:41:40.072843+00:00, run_after=2022-10-09T06:41:40.072843+00:00
[2022-10-09T06:41:40.085+0000] {processor.py:178} INFO - Processing /home/airflow/.local/lib/python3.7/site-packages/airflow/example_dags/example_latest_only.py took 0.067 seconds
[2022-10-09T06:42:10.414+0000] {processor.py:156} INFO - Started process (PID=226) to work on /home/airflow/.local/lib/python3.7/site-packages/airflow/example_dags/example_latest_only.py
[2022-10-09T06:42:10.420+0000] {processor.py:758} INFO - Processing file /home/airflow/.local/lib/python3.7/site-packages/airflow/example_dags/example_latest_only.py for tasks to queue
[2022-10-09T06:42:10.422+0000] {logging_mixin.py:117} INFO - [2022-10-09T06:42:10.422+0000] {dagbag.py:525} INFO - Filling up the DagBag from /home/airflow/.local/lib/python3.7/site-packages/airflow/example_dags/example_latest_only.py
[2022-10-09T06:42:10.432+0000] {processor.py:768} INFO - DAG(s) dict_keys(['latest_only']) retrieved from /home/airflow/.local/lib/python3.7/site-packages/airflow/example_dags/example_latest_only.py
[2022-10-09T06:42:10.509+0000] {logging_mixin.py:117} INFO - [2022-10-09T06:42:10.509+0000] {dag.py:2573} INFO - Sync 1 DAGs
[2022-10-09T06:42:10.547+0000] {logging_mixin.py:117} INFO - [2022-10-09T06:42:10.547+0000] {dag.py:3328} INFO - Setting next_dagrun for latest_only to 2022-10-09T02:42:10.547206+00:00, run_after=2022-10-09T06:42:10.547206+00:00
[2022-10-09T06:42:10.593+0000] {processor.py:178} INFO - Processing /home/airflow/.local/lib/python3.7/site-packages/airflow/example_dags/example_latest_only.py took 0.182 seconds
[2022-10-09T06:42:40.994+0000] {processor.py:156} INFO - Started process (PID=280) to work on /home/airflow/.local/lib/python3.7/site-packages/airflow/example_dags/example_latest_only.py
[2022-10-09T06:42:40.996+0000] {processor.py:758} INFO - Processing file /home/airflow/.local/lib/python3.7/site-packages/airflow/example_dags/example_latest_only.py for tasks to queue
[2022-10-09T06:42:40.997+0000] {logging_mixin.py:117} INFO - [2022-10-09T06:42:40.997+0000] {dagbag.py:525} INFO - Filling up the DagBag from /home/airflow/.local/lib/python3.7/site-packages/airflow/example_dags/example_latest_only.py
[2022-10-09T06:42:41.007+0000] {processor.py:768} INFO - DAG(s) dict_keys(['latest_only']) retrieved from /home/airflow/.local/lib/python3.7/site-packages/airflow/example_dags/example_latest_only.py
[2022-10-09T06:42:41.031+0000] {logging_mixin.py:117} INFO - [2022-10-09T06:42:41.031+0000] {dag.py:2573} INFO - Sync 1 DAGs
[2022-10-09T06:42:41.047+0000] {logging_mixin.py:117} INFO - [2022-10-09T06:42:41.047+0000] {dag.py:3328} INFO - Setting next_dagrun for latest_only to 2022-10-09T02:42:41.047215+00:00, run_after=2022-10-09T06:42:41.047215+00:00
[2022-10-09T06:42:41.059+0000] {processor.py:178} INFO - Processing /home/airflow/.local/lib/python3.7/site-packages/airflow/example_dags/example_latest_only.py took 0.067 seconds
[2022-10-09T06:43:11.523+0000] {processor.py:156} INFO - Started process (PID=343) to work on /home/airflow/.local/lib/python3.7/site-packages/airflow/example_dags/example_latest_only.py
[2022-10-09T06:43:11.524+0000] {processor.py:758} INFO - Processing file /home/airflow/.local/lib/python3.7/site-packages/airflow/example_dags/example_latest_only.py for tasks to queue
[2022-10-09T06:43:11.525+0000] {logging_mixin.py:117} INFO - [2022-10-09T06:43:11.525+0000] {dagbag.py:525} INFO - Filling up the DagBag from /home/airflow/.local/lib/python3.7/site-packages/airflow/example_dags/example_latest_only.py
[2022-10-09T06:43:11.536+0000] {processor.py:768} INFO - DAG(s) dict_keys(['latest_only']) retrieved from /home/airflow/.local/lib/python3.7/site-packages/airflow/example_dags/example_latest_only.py
[2022-10-09T06:43:11.562+0000] {logging_mixin.py:117} INFO - [2022-10-09T06:43:11.561+0000] {dag.py:2573} INFO - Sync 1 DAGs
[2022-10-09T06:43:11.576+0000] {logging_mixin.py:117} INFO - [2022-10-09T06:43:11.576+0000] {dag.py:3328} INFO - Setting next_dagrun for latest_only to 2022-10-09T02:43:11.576247+00:00, run_after=2022-10-09T06:43:11.576247+00:00
[2022-10-09T06:43:11.588+0000] {processor.py:178} INFO - Processing /home/airflow/.local/lib/python3.7/site-packages/airflow/example_dags/example_latest_only.py took 0.067 seconds
[2022-10-09T06:43:41.779+0000] {processor.py:156} INFO - Started process (PID=406) to work on /home/airflow/.local/lib/python3.7/site-packages/airflow/example_dags/example_latest_only.py
[2022-10-09T06:43:41.782+0000] {processor.py:758} INFO - Processing file /home/airflow/.local/lib/python3.7/site-packages/airflow/example_dags/example_latest_only.py for tasks to queue
[2022-10-09T06:43:41.784+0000] {logging_mixin.py:117} INFO - [2022-10-09T06:43:41.784+0000] {dagbag.py:525} INFO - Filling up the DagBag from /home/airflow/.local/lib/python3.7/site-packages/airflow/example_dags/example_latest_only.py
[2022-10-09T06:43:41.793+0000] {processor.py:768} INFO - DAG(s) dict_keys(['latest_only']) retrieved from /home/airflow/.local/lib/python3.7/site-packages/airflow/example_dags/example_latest_only.py
[2022-10-09T06:43:41.820+0000] {logging_mixin.py:117} INFO - [2022-10-09T06:43:41.820+0000] {dag.py:2573} INFO - Sync 1 DAGs
[2022-10-09T06:43:41.836+0000] {logging_mixin.py:117} INFO - [2022-10-09T06:43:41.836+0000] {dag.py:3328} INFO - Setting next_dagrun for latest_only to 2022-10-09T02:43:41.836134+00:00, run_after=2022-10-09T06:43:41.836134+00:00
[2022-10-09T06:43:41.851+0000] {processor.py:178} INFO - Processing /home/airflow/.local/lib/python3.7/site-packages/airflow/example_dags/example_latest_only.py took 0.075 seconds
[2022-10-09T06:44:12.047+0000] {processor.py:156} INFO - Started process (PID=469) to work on /home/airflow/.local/lib/python3.7/site-packages/airflow/example_dags/example_latest_only.py
[2022-10-09T06:44:12.049+0000] {processor.py:758} INFO - Processing file /home/airflow/.local/lib/python3.7/site-packages/airflow/example_dags/example_latest_only.py for tasks to queue
[2022-10-09T06:44:12.052+0000] {logging_mixin.py:117} INFO - [2022-10-09T06:44:12.052+0000] {dagbag.py:525} INFO - Filling up the DagBag from /home/airflow/.local/lib/python3.7/site-packages/airflow/example_dags/example_latest_only.py
[2022-10-09T06:44:12.067+0000] {processor.py:768} INFO - DAG(s) dict_keys(['latest_only']) retrieved from /home/airflow/.local/lib/python3.7/site-packages/airflow/example_dags/example_latest_only.py
[2022-10-09T06:44:12.099+0000] {logging_mixin.py:117} INFO - [2022-10-09T06:44:12.098+0000] {dag.py:2573} INFO - Sync 1 DAGs
[2022-10-09T06:44:12.115+0000] {logging_mixin.py:117} INFO - [2022-10-09T06:44:12.115+0000] {dag.py:3328} INFO - Setting next_dagrun for latest_only to 2022-10-09T02:44:12.115246+00:00, run_after=2022-10-09T06:44:12.115246+00:00
[2022-10-09T06:44:12.126+0000] {processor.py:178} INFO - Processing /home/airflow/.local/lib/python3.7/site-packages/airflow/example_dags/example_latest_only.py took 0.082 seconds
[2022-10-09T06:44:42.378+0000] {processor.py:156} INFO - Started process (PID=532) to work on /home/airflow/.local/lib/python3.7/site-packages/airflow/example_dags/example_latest_only.py
[2022-10-09T06:44:42.380+0000] {processor.py:758} INFO - Processing file /home/airflow/.local/lib/python3.7/site-packages/airflow/example_dags/example_latest_only.py for tasks to queue
[2022-10-09T06:44:42.381+0000] {logging_mixin.py:117} INFO - [2022-10-09T06:44:42.380+0000] {dagbag.py:525} INFO - Filling up the DagBag from /home/airflow/.local/lib/python3.7/site-packages/airflow/example_dags/example_latest_only.py
[2022-10-09T06:44:42.389+0000] {processor.py:768} INFO - DAG(s) dict_keys(['latest_only']) retrieved from /home/airflow/.local/lib/python3.7/site-packages/airflow/example_dags/example_latest_only.py
[2022-10-09T06:44:42.413+0000] {logging_mixin.py:117} INFO - [2022-10-09T06:44:42.413+0000] {dag.py:2573} INFO - Sync 1 DAGs
[2022-10-09T06:44:42.429+0000] {logging_mixin.py:117} INFO - [2022-10-09T06:44:42.428+0000] {dag.py:3328} INFO - Setting next_dagrun for latest_only to 2022-10-09T02:44:42.428817+00:00, run_after=2022-10-09T06:44:42.428817+00:00
[2022-10-09T06:44:42.440+0000] {processor.py:178} INFO - Processing /home/airflow/.local/lib/python3.7/site-packages/airflow/example_dags/example_latest_only.py took 0.064 seconds
[2022-10-09T06:45:12.681+0000] {processor.py:156} INFO - Started process (PID=586) to work on /home/airflow/.local/lib/python3.7/site-packages/airflow/example_dags/example_latest_only.py
[2022-10-09T06:45:12.683+0000] {processor.py:758} INFO - Processing file /home/airflow/.local/lib/python3.7/site-packages/airflow/example_dags/example_latest_only.py for tasks to queue
[2022-10-09T06:45:12.684+0000] {logging_mixin.py:117} INFO - [2022-10-09T06:45:12.684+0000] {dagbag.py:525} INFO - Filling up the DagBag from /home/airflow/.local/lib/python3.7/site-packages/airflow/example_dags/example_latest_only.py
[2022-10-09T06:45:12.693+0000] {processor.py:768} INFO - DAG(s) dict_keys(['latest_only']) retrieved from /home/airflow/.local/lib/python3.7/site-packages/airflow/example_dags/example_latest_only.py
[2022-10-09T06:45:12.719+0000] {logging_mixin.py:117} INFO - [2022-10-09T06:45:12.719+0000] {dag.py:2573} INFO - Sync 1 DAGs
[2022-10-09T06:45:12.735+0000] {logging_mixin.py:117} INFO - [2022-10-09T06:45:12.734+0000] {dag.py:3328} INFO - Setting next_dagrun for latest_only to 2022-10-09T02:45:12.734812+00:00, run_after=2022-10-09T06:45:12.734812+00:00
[2022-10-09T06:45:12.748+0000] {processor.py:178} INFO - Processing /home/airflow/.local/lib/python3.7/site-packages/airflow/example_dags/example_latest_only.py took 0.069 seconds
[2022-10-09T06:45:42.918+0000] {processor.py:156} INFO - Started process (PID=648) to work on /home/airflow/.local/lib/python3.7/site-packages/airflow/example_dags/example_latest_only.py
[2022-10-09T06:45:42.920+0000] {processor.py:758} INFO - Processing file /home/airflow/.local/lib/python3.7/site-packages/airflow/example_dags/example_latest_only.py for tasks to queue
[2022-10-09T06:45:42.921+0000] {logging_mixin.py:117} INFO - [2022-10-09T06:45:42.921+0000] {dagbag.py:525} INFO - Filling up the DagBag from /home/airflow/.local/lib/python3.7/site-packages/airflow/example_dags/example_latest_only.py
[2022-10-09T06:45:42.929+0000] {processor.py:768} INFO - DAG(s) dict_keys(['latest_only']) retrieved from /home/airflow/.local/lib/python3.7/site-packages/airflow/example_dags/example_latest_only.py
[2022-10-09T06:45:42.954+0000] {logging_mixin.py:117} INFO - [2022-10-09T06:45:42.953+0000] {dag.py:2573} INFO - Sync 1 DAGs
[2022-10-09T06:45:42.968+0000] {logging_mixin.py:117} INFO - [2022-10-09T06:45:42.968+0000] {dag.py:3328} INFO - Setting next_dagrun for latest_only to 2022-10-09T02:45:42.967956+00:00, run_after=2022-10-09T06:45:42.967956+00:00
[2022-10-09T06:45:42.980+0000] {processor.py:178} INFO - Processing /home/airflow/.local/lib/python3.7/site-packages/airflow/example_dags/example_latest_only.py took 0.064 seconds
[2022-10-09T06:46:13.168+0000] {processor.py:156} INFO - Started process (PID=712) to work on /home/airflow/.local/lib/python3.7/site-packages/airflow/example_dags/example_latest_only.py
[2022-10-09T06:46:13.169+0000] {processor.py:758} INFO - Processing file /home/airflow/.local/lib/python3.7/site-packages/airflow/example_dags/example_latest_only.py for tasks to queue
[2022-10-09T06:46:13.170+0000] {logging_mixin.py:117} INFO - [2022-10-09T06:46:13.170+0000] {dagbag.py:525} INFO - Filling up the DagBag from /home/airflow/.local/lib/python3.7/site-packages/airflow/example_dags/example_latest_only.py
[2022-10-09T06:46:13.178+0000] {processor.py:768} INFO - DAG(s) dict_keys(['latest_only']) retrieved from /home/airflow/.local/lib/python3.7/site-packages/airflow/example_dags/example_latest_only.py
[2022-10-09T06:46:13.202+0000] {logging_mixin.py:117} INFO - [2022-10-09T06:46:13.202+0000] {dag.py:2573} INFO - Sync 1 DAGs
[2022-10-09T06:46:13.218+0000] {logging_mixin.py:117} INFO - [2022-10-09T06:46:13.218+0000] {dag.py:3328} INFO - Setting next_dagrun for latest_only to 2022-10-09T02:46:13.217922+00:00, run_after=2022-10-09T06:46:13.217922+00:00
[2022-10-09T06:46:13.229+0000] {processor.py:178} INFO - Processing /home/airflow/.local/lib/python3.7/site-packages/airflow/example_dags/example_latest_only.py took 0.063 seconds
[2022-10-09T06:46:43.392+0000] {processor.py:156} INFO - Started process (PID=776) to work on /home/airflow/.local/lib/python3.7/site-packages/airflow/example_dags/example_latest_only.py
[2022-10-09T06:46:43.394+0000] {processor.py:758} INFO - Processing file /home/airflow/.local/lib/python3.7/site-packages/airflow/example_dags/example_latest_only.py for tasks to queue
[2022-10-09T06:46:43.396+0000] {logging_mixin.py:117} INFO - [2022-10-09T06:46:43.396+0000] {dagbag.py:525} INFO - Filling up the DagBag from /home/airflow/.local/lib/python3.7/site-packages/airflow/example_dags/example_latest_only.py
[2022-10-09T06:46:43.404+0000] {processor.py:768} INFO - DAG(s) dict_keys(['latest_only']) retrieved from /home/airflow/.local/lib/python3.7/site-packages/airflow/example_dags/example_latest_only.py
[2022-10-09T06:46:43.430+0000] {logging_mixin.py:117} INFO - [2022-10-09T06:46:43.429+0000] {dag.py:2573} INFO - Sync 1 DAGs
[2022-10-09T06:46:43.446+0000] {logging_mixin.py:117} INFO - [2022-10-09T06:46:43.445+0000] {dag.py:3328} INFO - Setting next_dagrun for latest_only to 2022-10-09T02:46:43.445720+00:00, run_after=2022-10-09T06:46:43.445720+00:00
[2022-10-09T06:46:43.458+0000] {processor.py:178} INFO - Processing /home/airflow/.local/lib/python3.7/site-packages/airflow/example_dags/example_latest_only.py took 0.068 seconds
[2022-10-09T06:47:13.525+0000] {processor.py:156} INFO - Started process (PID=838) to work on /home/airflow/.local/lib/python3.7/site-packages/airflow/example_dags/example_latest_only.py
[2022-10-09T06:47:13.528+0000] {processor.py:758} INFO - Processing file /home/airflow/.local/lib/python3.7/site-packages/airflow/example_dags/example_latest_only.py for tasks to queue
[2022-10-09T06:47:13.530+0000] {logging_mixin.py:117} INFO - [2022-10-09T06:47:13.530+0000] {dagbag.py:525} INFO - Filling up the DagBag from /home/airflow/.local/lib/python3.7/site-packages/airflow/example_dags/example_latest_only.py
[2022-10-09T06:47:13.542+0000] {processor.py:768} INFO - DAG(s) dict_keys(['latest_only']) retrieved from /home/airflow/.local/lib/python3.7/site-packages/airflow/example_dags/example_latest_only.py
[2022-10-09T06:47:13.572+0000] {logging_mixin.py:117} INFO - [2022-10-09T06:47:13.572+0000] {dag.py:2573} INFO - Sync 1 DAGs
[2022-10-09T06:47:13.589+0000] {logging_mixin.py:117} INFO - [2022-10-09T06:47:13.589+0000] {dag.py:3328} INFO - Setting next_dagrun for latest_only to 2022-10-09T02:47:13.589020+00:00, run_after=2022-10-09T06:47:13.589020+00:00
[2022-10-09T06:47:13.602+0000] {processor.py:178} INFO - Processing /home/airflow/.local/lib/python3.7/site-packages/airflow/example_dags/example_latest_only.py took 0.080 seconds
[2022-10-09T06:47:43.897+0000] {processor.py:156} INFO - Started process (PID=891) to work on /home/airflow/.local/lib/python3.7/site-packages/airflow/example_dags/example_latest_only.py
[2022-10-09T06:47:43.898+0000] {processor.py:758} INFO - Processing file /home/airflow/.local/lib/python3.7/site-packages/airflow/example_dags/example_latest_only.py for tasks to queue
[2022-10-09T06:47:43.899+0000] {logging_mixin.py:117} INFO - [2022-10-09T06:47:43.899+0000] {dagbag.py:525} INFO - Filling up the DagBag from /home/airflow/.local/lib/python3.7/site-packages/airflow/example_dags/example_latest_only.py
[2022-10-09T06:47:43.908+0000] {processor.py:768} INFO - DAG(s) dict_keys(['latest_only']) retrieved from /home/airflow/.local/lib/python3.7/site-packages/airflow/example_dags/example_latest_only.py
[2022-10-09T06:47:43.933+0000] {logging_mixin.py:117} INFO - [2022-10-09T06:47:43.933+0000] {dag.py:2573} INFO - Sync 1 DAGs
[2022-10-09T06:47:43.947+0000] {logging_mixin.py:117} INFO - [2022-10-09T06:47:43.947+0000] {dag.py:3328} INFO - Setting next_dagrun for latest_only to 2022-10-09T02:47:43.947023+00:00, run_after=2022-10-09T06:47:43.947023+00:00
[2022-10-09T06:47:43.959+0000] {processor.py:178} INFO - Processing /home/airflow/.local/lib/python3.7/site-packages/airflow/example_dags/example_latest_only.py took 0.064 seconds
[2022-10-09T06:48:14.272+0000] {processor.py:156} INFO - Started process (PID=953) to work on /home/airflow/.local/lib/python3.7/site-packages/airflow/example_dags/example_latest_only.py
[2022-10-09T06:48:14.273+0000] {processor.py:758} INFO - Processing file /home/airflow/.local/lib/python3.7/site-packages/airflow/example_dags/example_latest_only.py for tasks to queue
[2022-10-09T06:48:14.274+0000] {logging_mixin.py:117} INFO - [2022-10-09T06:48:14.274+0000] {dagbag.py:525} INFO - Filling up the DagBag from /home/airflow/.local/lib/python3.7/site-packages/airflow/example_dags/example_latest_only.py
[2022-10-09T06:48:14.283+0000] {processor.py:768} INFO - DAG(s) dict_keys(['latest_only']) retrieved from /home/airflow/.local/lib/python3.7/site-packages/airflow/example_dags/example_latest_only.py
[2022-10-09T06:48:14.306+0000] {logging_mixin.py:117} INFO - [2022-10-09T06:48:14.306+0000] {dag.py:2573} INFO - Sync 1 DAGs
[2022-10-09T06:48:14.320+0000] {logging_mixin.py:117} INFO - [2022-10-09T06:48:14.320+0000] {dag.py:3328} INFO - Setting next_dagrun for latest_only to 2022-10-09T02:48:14.320666+00:00, run_after=2022-10-09T06:48:14.320666+00:00
[2022-10-09T06:48:14.330+0000] {processor.py:178} INFO - Processing /home/airflow/.local/lib/python3.7/site-packages/airflow/example_dags/example_latest_only.py took 0.061 seconds
[2022-10-09T06:59:08.334+0000] {processor.py:156} INFO - Started process (PID=1007) to work on /home/airflow/.local/lib/python3.7/site-packages/airflow/example_dags/example_latest_only.py
[2022-10-09T06:59:08.338+0000] {processor.py:758} INFO - Processing file /home/airflow/.local/lib/python3.7/site-packages/airflow/example_dags/example_latest_only.py for tasks to queue
[2022-10-09T06:59:08.342+0000] {logging_mixin.py:117} INFO - [2022-10-09T06:59:08.341+0000] {dagbag.py:525} INFO - Filling up the DagBag from /home/airflow/.local/lib/python3.7/site-packages/airflow/example_dags/example_latest_only.py
[2022-10-09T06:59:08.372+0000] {processor.py:768} INFO - DAG(s) dict_keys(['latest_only']) retrieved from /home/airflow/.local/lib/python3.7/site-packages/airflow/example_dags/example_latest_only.py
[2022-10-09T06:59:08.442+0000] {logging_mixin.py:117} INFO - [2022-10-09T06:59:08.441+0000] {dag.py:2573} INFO - Sync 1 DAGs
[2022-10-09T06:59:08.470+0000] {logging_mixin.py:117} INFO - [2022-10-09T06:59:08.470+0000] {dag.py:3328} INFO - Setting next_dagrun for latest_only to 2022-10-09T02:59:08.470682+00:00, run_after=2022-10-09T06:59:08.470682+00:00
[2022-10-09T06:59:08.523+0000] {processor.py:178} INFO - Processing /home/airflow/.local/lib/python3.7/site-packages/airflow/example_dags/example_latest_only.py took 0.198 seconds
[2022-10-09T06:59:38.957+0000] {processor.py:156} INFO - Started process (PID=1071) to work on /home/airflow/.local/lib/python3.7/site-packages/airflow/example_dags/example_latest_only.py
[2022-10-09T06:59:38.959+0000] {processor.py:758} INFO - Processing file /home/airflow/.local/lib/python3.7/site-packages/airflow/example_dags/example_latest_only.py for tasks to queue
[2022-10-09T06:59:38.959+0000] {logging_mixin.py:117} INFO - [2022-10-09T06:59:38.959+0000] {dagbag.py:525} INFO - Filling up the DagBag from /home/airflow/.local/lib/python3.7/site-packages/airflow/example_dags/example_latest_only.py
[2022-10-09T06:59:38.968+0000] {processor.py:768} INFO - DAG(s) dict_keys(['latest_only']) retrieved from /home/airflow/.local/lib/python3.7/site-packages/airflow/example_dags/example_latest_only.py
[2022-10-09T06:59:38.993+0000] {logging_mixin.py:117} INFO - [2022-10-09T06:59:38.993+0000] {dag.py:2573} INFO - Sync 1 DAGs
[2022-10-09T06:59:39.008+0000] {logging_mixin.py:117} INFO - [2022-10-09T06:59:39.008+0000] {dag.py:3328} INFO - Setting next_dagrun for latest_only to 2022-10-09T02:59:39.007914+00:00, run_after=2022-10-09T06:59:39.007914+00:00
[2022-10-09T06:59:39.020+0000] {processor.py:178} INFO - Processing /home/airflow/.local/lib/python3.7/site-packages/airflow/example_dags/example_latest_only.py took 0.066 seconds
[2022-10-09T07:00:09.204+0000] {processor.py:156} INFO - Started process (PID=1125) to work on /home/airflow/.local/lib/python3.7/site-packages/airflow/example_dags/example_latest_only.py
[2022-10-09T07:00:09.206+0000] {processor.py:758} INFO - Processing file /home/airflow/.local/lib/python3.7/site-packages/airflow/example_dags/example_latest_only.py for tasks to queue
[2022-10-09T07:00:09.208+0000] {logging_mixin.py:117} INFO - [2022-10-09T07:00:09.208+0000] {dagbag.py:525} INFO - Filling up the DagBag from /home/airflow/.local/lib/python3.7/site-packages/airflow/example_dags/example_latest_only.py
[2022-10-09T07:00:09.219+0000] {processor.py:768} INFO - DAG(s) dict_keys(['latest_only']) retrieved from /home/airflow/.local/lib/python3.7/site-packages/airflow/example_dags/example_latest_only.py
[2022-10-09T07:00:09.247+0000] {logging_mixin.py:117} INFO - [2022-10-09T07:00:09.247+0000] {dag.py:2573} INFO - Sync 1 DAGs
[2022-10-09T07:00:09.262+0000] {logging_mixin.py:117} INFO - [2022-10-09T07:00:09.262+0000] {dag.py:3328} INFO - Setting next_dagrun for latest_only to 2022-10-09T03:00:09.262270+00:00, run_after=2022-10-09T07:00:09.262270+00:00
[2022-10-09T07:00:09.274+0000] {processor.py:178} INFO - Processing /home/airflow/.local/lib/python3.7/site-packages/airflow/example_dags/example_latest_only.py took 0.072 seconds
[2022-10-09T07:00:39.814+0000] {processor.py:156} INFO - Started process (PID=1188) to work on /home/airflow/.local/lib/python3.7/site-packages/airflow/example_dags/example_latest_only.py
[2022-10-09T07:00:39.815+0000] {processor.py:758} INFO - Processing file /home/airflow/.local/lib/python3.7/site-packages/airflow/example_dags/example_latest_only.py for tasks to queue
[2022-10-09T07:00:39.816+0000] {logging_mixin.py:117} INFO - [2022-10-09T07:00:39.816+0000] {dagbag.py:525} INFO - Filling up the DagBag from /home/airflow/.local/lib/python3.7/site-packages/airflow/example_dags/example_latest_only.py
[2022-10-09T07:00:39.825+0000] {processor.py:768} INFO - DAG(s) dict_keys(['latest_only']) retrieved from /home/airflow/.local/lib/python3.7/site-packages/airflow/example_dags/example_latest_only.py
[2022-10-09T07:00:39.851+0000] {logging_mixin.py:117} INFO - [2022-10-09T07:00:39.851+0000] {dag.py:2573} INFO - Sync 1 DAGs
[2022-10-09T07:00:39.867+0000] {logging_mixin.py:117} INFO - [2022-10-09T07:00:39.867+0000] {dag.py:3328} INFO - Setting next_dagrun for latest_only to 2022-10-09T03:00:39.866937+00:00, run_after=2022-10-09T07:00:39.866937+00:00
[2022-10-09T07:00:39.879+0000] {processor.py:178} INFO - Processing /home/airflow/.local/lib/python3.7/site-packages/airflow/example_dags/example_latest_only.py took 0.067 seconds
[2022-10-09T07:01:10.219+0000] {processor.py:156} INFO - Started process (PID=1250) to work on /home/airflow/.local/lib/python3.7/site-packages/airflow/example_dags/example_latest_only.py
[2022-10-09T07:01:10.220+0000] {processor.py:758} INFO - Processing file /home/airflow/.local/lib/python3.7/site-packages/airflow/example_dags/example_latest_only.py for tasks to queue
[2022-10-09T07:01:10.221+0000] {logging_mixin.py:117} INFO - [2022-10-09T07:01:10.221+0000] {dagbag.py:525} INFO - Filling up the DagBag from /home/airflow/.local/lib/python3.7/site-packages/airflow/example_dags/example_latest_only.py
[2022-10-09T07:01:10.230+0000] {processor.py:768} INFO - DAG(s) dict_keys(['latest_only']) retrieved from /home/airflow/.local/lib/python3.7/site-packages/airflow/example_dags/example_latest_only.py
[2022-10-09T07:01:10.255+0000] {logging_mixin.py:117} INFO - [2022-10-09T07:01:10.254+0000] {dag.py:2573} INFO - Sync 1 DAGs
[2022-10-09T07:01:10.269+0000] {logging_mixin.py:117} INFO - [2022-10-09T07:01:10.269+0000] {dag.py:3328} INFO - Setting next_dagrun for latest_only to 2022-10-09T03:01:10.269550+00:00, run_after=2022-10-09T07:01:10.269550+00:00
[2022-10-09T07:01:10.282+0000] {processor.py:178} INFO - Processing /home/airflow/.local/lib/python3.7/site-packages/airflow/example_dags/example_latest_only.py took 0.066 seconds
[2022-10-09T07:01:40.416+0000] {processor.py:156} INFO - Started process (PID=1313) to work on /home/airflow/.local/lib/python3.7/site-packages/airflow/example_dags/example_latest_only.py
[2022-10-09T07:01:40.417+0000] {processor.py:758} INFO - Processing file /home/airflow/.local/lib/python3.7/site-packages/airflow/example_dags/example_latest_only.py for tasks to queue
[2022-10-09T07:01:40.418+0000] {logging_mixin.py:117} INFO - [2022-10-09T07:01:40.418+0000] {dagbag.py:525} INFO - Filling up the DagBag from /home/airflow/.local/lib/python3.7/site-packages/airflow/example_dags/example_latest_only.py
[2022-10-09T07:01:40.427+0000] {processor.py:768} INFO - DAG(s) dict_keys(['latest_only']) retrieved from /home/airflow/.local/lib/python3.7/site-packages/airflow/example_dags/example_latest_only.py
[2022-10-09T07:01:40.451+0000] {logging_mixin.py:117} INFO - [2022-10-09T07:01:40.451+0000] {dag.py:2573} INFO - Sync 1 DAGs
[2022-10-09T07:01:40.465+0000] {logging_mixin.py:117} INFO - [2022-10-09T07:01:40.465+0000] {dag.py:3328} INFO - Setting next_dagrun for latest_only to 2022-10-09T03:01:40.465169+00:00, run_after=2022-10-09T07:01:40.465169+00:00
[2022-10-09T07:01:40.477+0000] {processor.py:178} INFO - Processing /home/airflow/.local/lib/python3.7/site-packages/airflow/example_dags/example_latest_only.py took 0.063 seconds
[2022-10-09T07:02:10.716+0000] {processor.py:156} INFO - Started process (PID=1376) to work on /home/airflow/.local/lib/python3.7/site-packages/airflow/example_dags/example_latest_only.py
[2022-10-09T07:02:10.717+0000] {processor.py:758} INFO - Processing file /home/airflow/.local/lib/python3.7/site-packages/airflow/example_dags/example_latest_only.py for tasks to queue
[2022-10-09T07:02:10.718+0000] {logging_mixin.py:117} INFO - [2022-10-09T07:02:10.718+0000] {dagbag.py:525} INFO - Filling up the DagBag from /home/airflow/.local/lib/python3.7/site-packages/airflow/example_dags/example_latest_only.py
[2022-10-09T07:02:10.727+0000] {processor.py:768} INFO - DAG(s) dict_keys(['latest_only']) retrieved from /home/airflow/.local/lib/python3.7/site-packages/airflow/example_dags/example_latest_only.py
[2022-10-09T07:02:10.752+0000] {logging_mixin.py:117} INFO - [2022-10-09T07:02:10.752+0000] {dag.py:2573} INFO - Sync 1 DAGs
[2022-10-09T07:02:10.766+0000] {logging_mixin.py:117} INFO - [2022-10-09T07:02:10.766+0000] {dag.py:3328} INFO - Setting next_dagrun for latest_only to 2022-10-09T03:02:10.766454+00:00, run_after=2022-10-09T07:02:10.766454+00:00
[2022-10-09T07:02:10.778+0000] {processor.py:178} INFO - Processing /home/airflow/.local/lib/python3.7/site-packages/airflow/example_dags/example_latest_only.py took 0.065 seconds
[2022-10-09T07:02:40.962+0000] {processor.py:156} INFO - Started process (PID=1430) to work on /home/airflow/.local/lib/python3.7/site-packages/airflow/example_dags/example_latest_only.py
[2022-10-09T07:02:40.963+0000] {processor.py:758} INFO - Processing file /home/airflow/.local/lib/python3.7/site-packages/airflow/example_dags/example_latest_only.py for tasks to queue
[2022-10-09T07:02:40.964+0000] {logging_mixin.py:117} INFO - [2022-10-09T07:02:40.964+0000] {dagbag.py:525} INFO - Filling up the DagBag from /home/airflow/.local/lib/python3.7/site-packages/airflow/example_dags/example_latest_only.py
[2022-10-09T07:02:40.972+0000] {processor.py:768} INFO - DAG(s) dict_keys(['latest_only']) retrieved from /home/airflow/.local/lib/python3.7/site-packages/airflow/example_dags/example_latest_only.py
[2022-10-09T07:02:40.996+0000] {logging_mixin.py:117} INFO - [2022-10-09T07:02:40.996+0000] {dag.py:2573} INFO - Sync 1 DAGs
[2022-10-09T07:02:41.015+0000] {logging_mixin.py:117} INFO - [2022-10-09T07:02:41.015+0000] {dag.py:3328} INFO - Setting next_dagrun for latest_only to 2022-10-09T03:02:41.015767+00:00, run_after=2022-10-09T07:02:41.015767+00:00
[2022-10-09T07:02:41.034+0000] {processor.py:178} INFO - Processing /home/airflow/.local/lib/python3.7/site-packages/airflow/example_dags/example_latest_only.py took 0.074 seconds
[2022-10-09T07:03:11.796+0000] {processor.py:156} INFO - Started process (PID=1493) to work on /home/airflow/.local/lib/python3.7/site-packages/airflow/example_dags/example_latest_only.py
[2022-10-09T07:03:11.798+0000] {processor.py:758} INFO - Processing file /home/airflow/.local/lib/python3.7/site-packages/airflow/example_dags/example_latest_only.py for tasks to queue
[2022-10-09T07:03:11.798+0000] {logging_mixin.py:117} INFO - [2022-10-09T07:03:11.798+0000] {dagbag.py:525} INFO - Filling up the DagBag from /home/airflow/.local/lib/python3.7/site-packages/airflow/example_dags/example_latest_only.py
[2022-10-09T07:03:11.808+0000] {processor.py:768} INFO - DAG(s) dict_keys(['latest_only']) retrieved from /home/airflow/.local/lib/python3.7/site-packages/airflow/example_dags/example_latest_only.py
[2022-10-09T07:03:11.833+0000] {logging_mixin.py:117} INFO - [2022-10-09T07:03:11.833+0000] {dag.py:2573} INFO - Sync 1 DAGs
[2022-10-09T07:03:11.848+0000] {logging_mixin.py:117} INFO - [2022-10-09T07:03:11.848+0000] {dag.py:3328} INFO - Setting next_dagrun for latest_only to 2022-10-09T03:03:11.848540+00:00, run_after=2022-10-09T07:03:11.848540+00:00
[2022-10-09T07:03:11.860+0000] {processor.py:178} INFO - Processing /home/airflow/.local/lib/python3.7/site-packages/airflow/example_dags/example_latest_only.py took 0.065 seconds
[2022-10-09T07:03:42.009+0000] {processor.py:156} INFO - Started process (PID=1556) to work on /home/airflow/.local/lib/python3.7/site-packages/airflow/example_dags/example_latest_only.py
[2022-10-09T07:03:42.010+0000] {processor.py:758} INFO - Processing file /home/airflow/.local/lib/python3.7/site-packages/airflow/example_dags/example_latest_only.py for tasks to queue
[2022-10-09T07:03:42.011+0000] {logging_mixin.py:117} INFO - [2022-10-09T07:03:42.011+0000] {dagbag.py:525} INFO - Filling up the DagBag from /home/airflow/.local/lib/python3.7/site-packages/airflow/example_dags/example_latest_only.py
[2022-10-09T07:03:42.021+0000] {processor.py:768} INFO - DAG(s) dict_keys(['latest_only']) retrieved from /home/airflow/.local/lib/python3.7/site-packages/airflow/example_dags/example_latest_only.py
[2022-10-09T07:03:42.047+0000] {logging_mixin.py:117} INFO - [2022-10-09T07:03:42.047+0000] {dag.py:2573} INFO - Sync 1 DAGs
[2022-10-09T07:03:42.062+0000] {logging_mixin.py:117} INFO - [2022-10-09T07:03:42.062+0000] {dag.py:3328} INFO - Setting next_dagrun for latest_only to 2022-10-09T03:03:42.062476+00:00, run_after=2022-10-09T07:03:42.062476+00:00
[2022-10-09T07:03:42.074+0000] {processor.py:178} INFO - Processing /home/airflow/.local/lib/python3.7/site-packages/airflow/example_dags/example_latest_only.py took 0.068 seconds
[2022-10-09T07:04:12.246+0000] {processor.py:156} INFO - Started process (PID=1618) to work on /home/airflow/.local/lib/python3.7/site-packages/airflow/example_dags/example_latest_only.py
[2022-10-09T07:04:12.248+0000] {processor.py:758} INFO - Processing file /home/airflow/.local/lib/python3.7/site-packages/airflow/example_dags/example_latest_only.py for tasks to queue
[2022-10-09T07:04:12.249+0000] {logging_mixin.py:117} INFO - [2022-10-09T07:04:12.249+0000] {dagbag.py:525} INFO - Filling up the DagBag from /home/airflow/.local/lib/python3.7/site-packages/airflow/example_dags/example_latest_only.py
[2022-10-09T07:04:12.257+0000] {processor.py:768} INFO - DAG(s) dict_keys(['latest_only']) retrieved from /home/airflow/.local/lib/python3.7/site-packages/airflow/example_dags/example_latest_only.py
[2022-10-09T07:04:12.281+0000] {logging_mixin.py:117} INFO - [2022-10-09T07:04:12.281+0000] {dag.py:2573} INFO - Sync 1 DAGs
[2022-10-09T07:04:12.295+0000] {logging_mixin.py:117} INFO - [2022-10-09T07:04:12.295+0000] {dag.py:3328} INFO - Setting next_dagrun for latest_only to 2022-10-09T03:04:12.295323+00:00, run_after=2022-10-09T07:04:12.295323+00:00
[2022-10-09T07:04:12.307+0000] {processor.py:178} INFO - Processing /home/airflow/.local/lib/python3.7/site-packages/airflow/example_dags/example_latest_only.py took 0.062 seconds
[2022-10-09T07:04:42.721+0000] {processor.py:156} INFO - Started process (PID=1681) to work on /home/airflow/.local/lib/python3.7/site-packages/airflow/example_dags/example_latest_only.py
[2022-10-09T07:04:42.724+0000] {processor.py:758} INFO - Processing file /home/airflow/.local/lib/python3.7/site-packages/airflow/example_dags/example_latest_only.py for tasks to queue
[2022-10-09T07:04:42.726+0000] {logging_mixin.py:117} INFO - [2022-10-09T07:04:42.726+0000] {dagbag.py:525} INFO - Filling up the DagBag from /home/airflow/.local/lib/python3.7/site-packages/airflow/example_dags/example_latest_only.py
[2022-10-09T07:04:42.738+0000] {processor.py:768} INFO - DAG(s) dict_keys(['latest_only']) retrieved from /home/airflow/.local/lib/python3.7/site-packages/airflow/example_dags/example_latest_only.py
[2022-10-09T07:04:42.785+0000] {logging_mixin.py:117} INFO - [2022-10-09T07:04:42.785+0000] {dag.py:2573} INFO - Sync 1 DAGs
[2022-10-09T07:04:42.811+0000] {logging_mixin.py:117} INFO - [2022-10-09T07:04:42.811+0000] {dag.py:3328} INFO - Setting next_dagrun for latest_only to 2022-10-09T03:04:42.811223+00:00, run_after=2022-10-09T07:04:42.811223+00:00
[2022-10-09T07:04:42.828+0000] {processor.py:178} INFO - Processing /home/airflow/.local/lib/python3.7/site-packages/airflow/example_dags/example_latest_only.py took 0.110 seconds
[2022-10-09T07:05:13.497+0000] {processor.py:156} INFO - Started process (PID=1735) to work on /home/airflow/.local/lib/python3.7/site-packages/airflow/example_dags/example_latest_only.py
[2022-10-09T07:05:13.499+0000] {processor.py:758} INFO - Processing file /home/airflow/.local/lib/python3.7/site-packages/airflow/example_dags/example_latest_only.py for tasks to queue
[2022-10-09T07:05:13.500+0000] {logging_mixin.py:117} INFO - [2022-10-09T07:05:13.500+0000] {dagbag.py:525} INFO - Filling up the DagBag from /home/airflow/.local/lib/python3.7/site-packages/airflow/example_dags/example_latest_only.py
[2022-10-09T07:05:13.508+0000] {processor.py:768} INFO - DAG(s) dict_keys(['latest_only']) retrieved from /home/airflow/.local/lib/python3.7/site-packages/airflow/example_dags/example_latest_only.py
[2022-10-09T07:05:13.533+0000] {logging_mixin.py:117} INFO - [2022-10-09T07:05:13.533+0000] {dag.py:2573} INFO - Sync 1 DAGs
[2022-10-09T07:05:13.547+0000] {logging_mixin.py:117} INFO - [2022-10-09T07:05:13.547+0000] {dag.py:3328} INFO - Setting next_dagrun for latest_only to 2022-10-09T03:05:13.547524+00:00, run_after=2022-10-09T07:05:13.547524+00:00
[2022-10-09T07:05:13.560+0000] {processor.py:178} INFO - Processing /home/airflow/.local/lib/python3.7/site-packages/airflow/example_dags/example_latest_only.py took 0.065 seconds
[2022-10-09T07:05:43.963+0000] {processor.py:156} INFO - Started process (PID=1798) to work on /home/airflow/.local/lib/python3.7/site-packages/airflow/example_dags/example_latest_only.py
[2022-10-09T07:05:43.964+0000] {processor.py:758} INFO - Processing file /home/airflow/.local/lib/python3.7/site-packages/airflow/example_dags/example_latest_only.py for tasks to queue
[2022-10-09T07:05:43.965+0000] {logging_mixin.py:117} INFO - [2022-10-09T07:05:43.965+0000] {dagbag.py:525} INFO - Filling up the DagBag from /home/airflow/.local/lib/python3.7/site-packages/airflow/example_dags/example_latest_only.py
[2022-10-09T07:05:43.974+0000] {processor.py:768} INFO - DAG(s) dict_keys(['latest_only']) retrieved from /home/airflow/.local/lib/python3.7/site-packages/airflow/example_dags/example_latest_only.py
[2022-10-09T07:05:43.999+0000] {logging_mixin.py:117} INFO - [2022-10-09T07:05:43.999+0000] {dag.py:2573} INFO - Sync 1 DAGs
[2022-10-09T07:05:44.014+0000] {logging_mixin.py:117} INFO - [2022-10-09T07:05:44.014+0000] {dag.py:3328} INFO - Setting next_dagrun for latest_only to 2022-10-09T03:05:44.014170+00:00, run_after=2022-10-09T07:05:44.014170+00:00
[2022-10-09T07:05:44.026+0000] {processor.py:178} INFO - Processing /home/airflow/.local/lib/python3.7/site-packages/airflow/example_dags/example_latest_only.py took 0.066 seconds
[2022-10-09T07:06:14.789+0000] {processor.py:156} INFO - Started process (PID=1861) to work on /home/airflow/.local/lib/python3.7/site-packages/airflow/example_dags/example_latest_only.py
[2022-10-09T07:06:14.790+0000] {processor.py:758} INFO - Processing file /home/airflow/.local/lib/python3.7/site-packages/airflow/example_dags/example_latest_only.py for tasks to queue
[2022-10-09T07:06:14.792+0000] {logging_mixin.py:117} INFO - [2022-10-09T07:06:14.792+0000] {dagbag.py:525} INFO - Filling up the DagBag from /home/airflow/.local/lib/python3.7/site-packages/airflow/example_dags/example_latest_only.py
[2022-10-09T07:06:14.805+0000] {processor.py:768} INFO - DAG(s) dict_keys(['latest_only']) retrieved from /home/airflow/.local/lib/python3.7/site-packages/airflow/example_dags/example_latest_only.py
[2022-10-09T07:06:14.852+0000] {logging_mixin.py:117} INFO - [2022-10-09T07:06:14.852+0000] {dag.py:2573} INFO - Sync 1 DAGs
[2022-10-09T07:06:14.876+0000] {logging_mixin.py:117} INFO - [2022-10-09T07:06:14.876+0000] {dag.py:3328} INFO - Setting next_dagrun for latest_only to 2022-10-09T03:06:14.876190+00:00, run_after=2022-10-09T07:06:14.876190+00:00
[2022-10-09T07:06:14.896+0000] {processor.py:178} INFO - Processing /home/airflow/.local/lib/python3.7/site-packages/airflow/example_dags/example_latest_only.py took 0.110 seconds
[2022-10-09T07:06:44.960+0000] {processor.py:156} INFO - Started process (PID=1923) to work on /home/airflow/.local/lib/python3.7/site-packages/airflow/example_dags/example_latest_only.py
[2022-10-09T07:06:44.961+0000] {processor.py:758} INFO - Processing file /home/airflow/.local/lib/python3.7/site-packages/airflow/example_dags/example_latest_only.py for tasks to queue
[2022-10-09T07:06:44.962+0000] {logging_mixin.py:117} INFO - [2022-10-09T07:06:44.962+0000] {dagbag.py:525} INFO - Filling up the DagBag from /home/airflow/.local/lib/python3.7/site-packages/airflow/example_dags/example_latest_only.py
[2022-10-09T07:06:44.971+0000] {processor.py:768} INFO - DAG(s) dict_keys(['latest_only']) retrieved from /home/airflow/.local/lib/python3.7/site-packages/airflow/example_dags/example_latest_only.py
[2022-10-09T07:06:44.993+0000] {logging_mixin.py:117} INFO - [2022-10-09T07:06:44.993+0000] {dag.py:2573} INFO - Sync 1 DAGs
[2022-10-09T07:06:45.008+0000] {logging_mixin.py:117} INFO - [2022-10-09T07:06:45.008+0000] {dag.py:3328} INFO - Setting next_dagrun for latest_only to 2022-10-09T03:06:45.008240+00:00, run_after=2022-10-09T07:06:45.008240+00:00
[2022-10-09T07:06:45.020+0000] {processor.py:178} INFO - Processing /home/airflow/.local/lib/python3.7/site-packages/airflow/example_dags/example_latest_only.py took 0.062 seconds
[2022-10-09T07:07:15.188+0000] {processor.py:156} INFO - Started process (PID=1988) to work on /home/airflow/.local/lib/python3.7/site-packages/airflow/example_dags/example_latest_only.py
[2022-10-09T07:07:15.190+0000] {processor.py:758} INFO - Processing file /home/airflow/.local/lib/python3.7/site-packages/airflow/example_dags/example_latest_only.py for tasks to queue
[2022-10-09T07:07:15.191+0000] {logging_mixin.py:117} INFO - [2022-10-09T07:07:15.191+0000] {dagbag.py:525} INFO - Filling up the DagBag from /home/airflow/.local/lib/python3.7/site-packages/airflow/example_dags/example_latest_only.py
[2022-10-09T07:07:15.200+0000] {processor.py:768} INFO - DAG(s) dict_keys(['latest_only']) retrieved from /home/airflow/.local/lib/python3.7/site-packages/airflow/example_dags/example_latest_only.py
[2022-10-09T07:07:15.224+0000] {logging_mixin.py:117} INFO - [2022-10-09T07:07:15.224+0000] {dag.py:2573} INFO - Sync 1 DAGs
[2022-10-09T07:07:15.242+0000] {logging_mixin.py:117} INFO - [2022-10-09T07:07:15.242+0000] {dag.py:3328} INFO - Setting next_dagrun for latest_only to 2022-10-09T03:07:15.241946+00:00, run_after=2022-10-09T07:07:15.241946+00:00
[2022-10-09T07:07:15.256+0000] {processor.py:178} INFO - Processing /home/airflow/.local/lib/python3.7/site-packages/airflow/example_dags/example_latest_only.py took 0.070 seconds
[2022-10-09T07:07:45.828+0000] {processor.py:156} INFO - Started process (PID=2050) to work on /home/airflow/.local/lib/python3.7/site-packages/airflow/example_dags/example_latest_only.py
[2022-10-09T07:07:45.830+0000] {processor.py:758} INFO - Processing file /home/airflow/.local/lib/python3.7/site-packages/airflow/example_dags/example_latest_only.py for tasks to queue
[2022-10-09T07:07:45.832+0000] {logging_mixin.py:117} INFO - [2022-10-09T07:07:45.831+0000] {dagbag.py:525} INFO - Filling up the DagBag from /home/airflow/.local/lib/python3.7/site-packages/airflow/example_dags/example_latest_only.py
[2022-10-09T07:07:45.842+0000] {processor.py:768} INFO - DAG(s) dict_keys(['latest_only']) retrieved from /home/airflow/.local/lib/python3.7/site-packages/airflow/example_dags/example_latest_only.py
[2022-10-09T07:07:45.870+0000] {logging_mixin.py:117} INFO - [2022-10-09T07:07:45.870+0000] {dag.py:2573} INFO - Sync 1 DAGs
[2022-10-09T07:07:45.888+0000] {logging_mixin.py:117} INFO - [2022-10-09T07:07:45.888+0000] {dag.py:3328} INFO - Setting next_dagrun for latest_only to 2022-10-09T03:07:45.887974+00:00, run_after=2022-10-09T07:07:45.887974+00:00
[2022-10-09T07:07:45.901+0000] {processor.py:178} INFO - Processing /home/airflow/.local/lib/python3.7/site-packages/airflow/example_dags/example_latest_only.py took 0.078 seconds
[2022-10-09T07:08:16.160+0000] {processor.py:156} INFO - Started process (PID=2107) to work on /home/airflow/.local/lib/python3.7/site-packages/airflow/example_dags/example_latest_only.py
[2022-10-09T07:08:16.161+0000] {processor.py:758} INFO - Processing file /home/airflow/.local/lib/python3.7/site-packages/airflow/example_dags/example_latest_only.py for tasks to queue
[2022-10-09T07:08:16.162+0000] {logging_mixin.py:117} INFO - [2022-10-09T07:08:16.162+0000] {dagbag.py:525} INFO - Filling up the DagBag from /home/airflow/.local/lib/python3.7/site-packages/airflow/example_dags/example_latest_only.py
[2022-10-09T07:08:16.171+0000] {processor.py:768} INFO - DAG(s) dict_keys(['latest_only']) retrieved from /home/airflow/.local/lib/python3.7/site-packages/airflow/example_dags/example_latest_only.py
[2022-10-09T07:08:16.199+0000] {logging_mixin.py:117} INFO - [2022-10-09T07:08:16.199+0000] {dag.py:2573} INFO - Sync 1 DAGs
[2022-10-09T07:08:16.216+0000] {logging_mixin.py:117} INFO - [2022-10-09T07:08:16.216+0000] {dag.py:3328} INFO - Setting next_dagrun for latest_only to 2022-10-09T03:08:16.216652+00:00, run_after=2022-10-09T07:08:16.216652+00:00
[2022-10-09T07:08:16.233+0000] {processor.py:178} INFO - Processing /home/airflow/.local/lib/python3.7/site-packages/airflow/example_dags/example_latest_only.py took 0.076 seconds
[2022-10-09T07:08:46.711+0000] {processor.py:156} INFO - Started process (PID=2170) to work on /home/airflow/.local/lib/python3.7/site-packages/airflow/example_dags/example_latest_only.py
[2022-10-09T07:08:46.713+0000] {processor.py:758} INFO - Processing file /home/airflow/.local/lib/python3.7/site-packages/airflow/example_dags/example_latest_only.py for tasks to queue
[2022-10-09T07:08:46.714+0000] {logging_mixin.py:117} INFO - [2022-10-09T07:08:46.714+0000] {dagbag.py:525} INFO - Filling up the DagBag from /home/airflow/.local/lib/python3.7/site-packages/airflow/example_dags/example_latest_only.py
[2022-10-09T07:08:46.724+0000] {processor.py:768} INFO - DAG(s) dict_keys(['latest_only']) retrieved from /home/airflow/.local/lib/python3.7/site-packages/airflow/example_dags/example_latest_only.py
[2022-10-09T07:08:46.747+0000] {logging_mixin.py:117} INFO - [2022-10-09T07:08:46.747+0000] {dag.py:2573} INFO - Sync 1 DAGs
[2022-10-09T07:08:46.762+0000] {logging_mixin.py:117} INFO - [2022-10-09T07:08:46.762+0000] {dag.py:3328} INFO - Setting next_dagrun for latest_only to 2022-10-09T03:08:46.762236+00:00, run_after=2022-10-09T07:08:46.762236+00:00
[2022-10-09T07:08:46.773+0000] {processor.py:178} INFO - Processing /home/airflow/.local/lib/python3.7/site-packages/airflow/example_dags/example_latest_only.py took 0.064 seconds
[2022-10-09T07:09:16.859+0000] {processor.py:156} INFO - Started process (PID=2234) to work on /home/airflow/.local/lib/python3.7/site-packages/airflow/example_dags/example_latest_only.py
[2022-10-09T07:09:16.860+0000] {processor.py:758} INFO - Processing file /home/airflow/.local/lib/python3.7/site-packages/airflow/example_dags/example_latest_only.py for tasks to queue
[2022-10-09T07:09:16.861+0000] {logging_mixin.py:117} INFO - [2022-10-09T07:09:16.861+0000] {dagbag.py:525} INFO - Filling up the DagBag from /home/airflow/.local/lib/python3.7/site-packages/airflow/example_dags/example_latest_only.py
[2022-10-09T07:09:16.869+0000] {processor.py:768} INFO - DAG(s) dict_keys(['latest_only']) retrieved from /home/airflow/.local/lib/python3.7/site-packages/airflow/example_dags/example_latest_only.py
[2022-10-09T07:09:16.892+0000] {logging_mixin.py:117} INFO - [2022-10-09T07:09:16.892+0000] {dag.py:2573} INFO - Sync 1 DAGs
[2022-10-09T07:09:16.908+0000] {logging_mixin.py:117} INFO - [2022-10-09T07:09:16.907+0000] {dag.py:3328} INFO - Setting next_dagrun for latest_only to 2022-10-09T03:09:16.907813+00:00, run_after=2022-10-09T07:09:16.907813+00:00
[2022-10-09T07:09:16.920+0000] {processor.py:178} INFO - Processing /home/airflow/.local/lib/python3.7/site-packages/airflow/example_dags/example_latest_only.py took 0.063 seconds
[2022-10-09T07:09:47.148+0000] {processor.py:156} INFO - Started process (PID=2296) to work on /home/airflow/.local/lib/python3.7/site-packages/airflow/example_dags/example_latest_only.py
[2022-10-09T07:09:47.149+0000] {processor.py:758} INFO - Processing file /home/airflow/.local/lib/python3.7/site-packages/airflow/example_dags/example_latest_only.py for tasks to queue
[2022-10-09T07:09:47.150+0000] {logging_mixin.py:117} INFO - [2022-10-09T07:09:47.150+0000] {dagbag.py:525} INFO - Filling up the DagBag from /home/airflow/.local/lib/python3.7/site-packages/airflow/example_dags/example_latest_only.py
[2022-10-09T07:09:47.158+0000] {processor.py:768} INFO - DAG(s) dict_keys(['latest_only']) retrieved from /home/airflow/.local/lib/python3.7/site-packages/airflow/example_dags/example_latest_only.py
[2022-10-09T07:09:47.182+0000] {logging_mixin.py:117} INFO - [2022-10-09T07:09:47.182+0000] {dag.py:2573} INFO - Sync 1 DAGs
[2022-10-09T07:09:47.197+0000] {logging_mixin.py:117} INFO - [2022-10-09T07:09:47.197+0000] {dag.py:3328} INFO - Setting next_dagrun for latest_only to 2022-10-09T03:09:47.197077+00:00, run_after=2022-10-09T07:09:47.197077+00:00
[2022-10-09T07:09:47.209+0000] {processor.py:178} INFO - Processing /home/airflow/.local/lib/python3.7/site-packages/airflow/example_dags/example_latest_only.py took 0.064 seconds
[2022-10-09T07:10:17.855+0000] {processor.py:156} INFO - Started process (PID=2358) to work on /home/airflow/.local/lib/python3.7/site-packages/airflow/example_dags/example_latest_only.py
[2022-10-09T07:10:17.856+0000] {processor.py:758} INFO - Processing file /home/airflow/.local/lib/python3.7/site-packages/airflow/example_dags/example_latest_only.py for tasks to queue
[2022-10-09T07:10:17.857+0000] {logging_mixin.py:117} INFO - [2022-10-09T07:10:17.857+0000] {dagbag.py:525} INFO - Filling up the DagBag from /home/airflow/.local/lib/python3.7/site-packages/airflow/example_dags/example_latest_only.py
[2022-10-09T07:10:17.866+0000] {processor.py:768} INFO - DAG(s) dict_keys(['latest_only']) retrieved from /home/airflow/.local/lib/python3.7/site-packages/airflow/example_dags/example_latest_only.py
[2022-10-09T07:10:17.891+0000] {logging_mixin.py:117} INFO - [2022-10-09T07:10:17.891+0000] {dag.py:2573} INFO - Sync 1 DAGs
[2022-10-09T07:10:17.905+0000] {logging_mixin.py:117} INFO - [2022-10-09T07:10:17.905+0000] {dag.py:3328} INFO - Setting next_dagrun for latest_only to 2022-10-09T03:10:17.905333+00:00, run_after=2022-10-09T07:10:17.905333+00:00
[2022-10-09T07:10:17.919+0000] {processor.py:178} INFO - Processing /home/airflow/.local/lib/python3.7/site-packages/airflow/example_dags/example_latest_only.py took 0.067 seconds
[2022-10-09T07:10:48.234+0000] {processor.py:156} INFO - Started process (PID=2412) to work on /home/airflow/.local/lib/python3.7/site-packages/airflow/example_dags/example_latest_only.py
[2022-10-09T07:10:48.237+0000] {processor.py:758} INFO - Processing file /home/airflow/.local/lib/python3.7/site-packages/airflow/example_dags/example_latest_only.py for tasks to queue
[2022-10-09T07:10:48.238+0000] {logging_mixin.py:117} INFO - [2022-10-09T07:10:48.238+0000] {dagbag.py:525} INFO - Filling up the DagBag from /home/airflow/.local/lib/python3.7/site-packages/airflow/example_dags/example_latest_only.py
[2022-10-09T07:10:48.249+0000] {processor.py:768} INFO - DAG(s) dict_keys(['latest_only']) retrieved from /home/airflow/.local/lib/python3.7/site-packages/airflow/example_dags/example_latest_only.py
[2022-10-09T07:10:48.273+0000] {logging_mixin.py:117} INFO - [2022-10-09T07:10:48.273+0000] {dag.py:2573} INFO - Sync 1 DAGs
[2022-10-09T07:10:48.288+0000] {logging_mixin.py:117} INFO - [2022-10-09T07:10:48.288+0000] {dag.py:3328} INFO - Setting next_dagrun for latest_only to 2022-10-09T03:10:48.288268+00:00, run_after=2022-10-09T07:10:48.288268+00:00
[2022-10-09T07:10:48.299+0000] {processor.py:178} INFO - Processing /home/airflow/.local/lib/python3.7/site-packages/airflow/example_dags/example_latest_only.py took 0.068 seconds
[2022-10-09T07:11:18.787+0000] {processor.py:156} INFO - Started process (PID=2475) to work on /home/airflow/.local/lib/python3.7/site-packages/airflow/example_dags/example_latest_only.py
[2022-10-09T07:11:18.789+0000] {processor.py:758} INFO - Processing file /home/airflow/.local/lib/python3.7/site-packages/airflow/example_dags/example_latest_only.py for tasks to queue
[2022-10-09T07:11:18.790+0000] {logging_mixin.py:117} INFO - [2022-10-09T07:11:18.790+0000] {dagbag.py:525} INFO - Filling up the DagBag from /home/airflow/.local/lib/python3.7/site-packages/airflow/example_dags/example_latest_only.py
[2022-10-09T07:11:18.799+0000] {processor.py:768} INFO - DAG(s) dict_keys(['latest_only']) retrieved from /home/airflow/.local/lib/python3.7/site-packages/airflow/example_dags/example_latest_only.py
[2022-10-09T07:11:18.824+0000] {logging_mixin.py:117} INFO - [2022-10-09T07:11:18.824+0000] {dag.py:2573} INFO - Sync 1 DAGs
[2022-10-09T07:11:18.838+0000] {logging_mixin.py:117} INFO - [2022-10-09T07:11:18.838+0000] {dag.py:3328} INFO - Setting next_dagrun for latest_only to 2022-10-09T03:11:18.838366+00:00, run_after=2022-10-09T07:11:18.838366+00:00
[2022-10-09T07:11:18.850+0000] {processor.py:178} INFO - Processing /home/airflow/.local/lib/python3.7/site-packages/airflow/example_dags/example_latest_only.py took 0.064 seconds
[2022-10-09T07:11:49.361+0000] {processor.py:156} INFO - Started process (PID=2538) to work on /home/airflow/.local/lib/python3.7/site-packages/airflow/example_dags/example_latest_only.py
[2022-10-09T07:11:49.362+0000] {processor.py:758} INFO - Processing file /home/airflow/.local/lib/python3.7/site-packages/airflow/example_dags/example_latest_only.py for tasks to queue
[2022-10-09T07:11:49.363+0000] {logging_mixin.py:117} INFO - [2022-10-09T07:11:49.363+0000] {dagbag.py:525} INFO - Filling up the DagBag from /home/airflow/.local/lib/python3.7/site-packages/airflow/example_dags/example_latest_only.py
[2022-10-09T07:11:49.371+0000] {processor.py:768} INFO - DAG(s) dict_keys(['latest_only']) retrieved from /home/airflow/.local/lib/python3.7/site-packages/airflow/example_dags/example_latest_only.py
[2022-10-09T07:11:49.396+0000] {logging_mixin.py:117} INFO - [2022-10-09T07:11:49.396+0000] {dag.py:2573} INFO - Sync 1 DAGs
[2022-10-09T07:11:49.410+0000] {logging_mixin.py:117} INFO - [2022-10-09T07:11:49.410+0000] {dag.py:3328} INFO - Setting next_dagrun for latest_only to 2022-10-09T03:11:49.410331+00:00, run_after=2022-10-09T07:11:49.410331+00:00
[2022-10-09T07:11:49.422+0000] {processor.py:178} INFO - Processing /home/airflow/.local/lib/python3.7/site-packages/airflow/example_dags/example_latest_only.py took 0.063 seconds
[2022-10-09T07:12:20.448+0000] {processor.py:156} INFO - Started process (PID=2601) to work on /home/airflow/.local/lib/python3.7/site-packages/airflow/example_dags/example_latest_only.py
[2022-10-09T07:12:20.449+0000] {processor.py:758} INFO - Processing file /home/airflow/.local/lib/python3.7/site-packages/airflow/example_dags/example_latest_only.py for tasks to queue
[2022-10-09T07:12:20.450+0000] {logging_mixin.py:117} INFO - [2022-10-09T07:12:20.450+0000] {dagbag.py:525} INFO - Filling up the DagBag from /home/airflow/.local/lib/python3.7/site-packages/airflow/example_dags/example_latest_only.py
[2022-10-09T07:12:20.459+0000] {processor.py:768} INFO - DAG(s) dict_keys(['latest_only']) retrieved from /home/airflow/.local/lib/python3.7/site-packages/airflow/example_dags/example_latest_only.py
[2022-10-09T07:12:20.482+0000] {logging_mixin.py:117} INFO - [2022-10-09T07:12:20.482+0000] {dag.py:2573} INFO - Sync 1 DAGs
[2022-10-09T07:12:20.500+0000] {logging_mixin.py:117} INFO - [2022-10-09T07:12:20.499+0000] {dag.py:3328} INFO - Setting next_dagrun for latest_only to 2022-10-09T03:12:20.499780+00:00, run_after=2022-10-09T07:12:20.499780+00:00
[2022-10-09T07:12:20.515+0000] {processor.py:178} INFO - Processing /home/airflow/.local/lib/python3.7/site-packages/airflow/example_dags/example_latest_only.py took 0.069 seconds
[2022-10-09T07:12:50.775+0000] {processor.py:156} INFO - Started process (PID=2664) to work on /home/airflow/.local/lib/python3.7/site-packages/airflow/example_dags/example_latest_only.py
[2022-10-09T07:12:50.776+0000] {processor.py:758} INFO - Processing file /home/airflow/.local/lib/python3.7/site-packages/airflow/example_dags/example_latest_only.py for tasks to queue
[2022-10-09T07:12:50.777+0000] {logging_mixin.py:117} INFO - [2022-10-09T07:12:50.777+0000] {dagbag.py:525} INFO - Filling up the DagBag from /home/airflow/.local/lib/python3.7/site-packages/airflow/example_dags/example_latest_only.py
[2022-10-09T07:12:50.787+0000] {processor.py:768} INFO - DAG(s) dict_keys(['latest_only']) retrieved from /home/airflow/.local/lib/python3.7/site-packages/airflow/example_dags/example_latest_only.py
[2022-10-09T07:12:50.816+0000] {logging_mixin.py:117} INFO - [2022-10-09T07:12:50.816+0000] {dag.py:2573} INFO - Sync 1 DAGs
[2022-10-09T07:12:50.834+0000] {logging_mixin.py:117} INFO - [2022-10-09T07:12:50.834+0000] {dag.py:3328} INFO - Setting next_dagrun for latest_only to 2022-10-09T03:12:50.833710+00:00, run_after=2022-10-09T07:12:50.833710+00:00
[2022-10-09T07:12:50.848+0000] {processor.py:178} INFO - Processing /home/airflow/.local/lib/python3.7/site-packages/airflow/example_dags/example_latest_only.py took 0.076 seconds
[2022-10-09T07:13:21.191+0000] {processor.py:156} INFO - Started process (PID=2725) to work on /home/airflow/.local/lib/python3.7/site-packages/airflow/example_dags/example_latest_only.py
[2022-10-09T07:13:21.193+0000] {processor.py:758} INFO - Processing file /home/airflow/.local/lib/python3.7/site-packages/airflow/example_dags/example_latest_only.py for tasks to queue
[2022-10-09T07:13:21.195+0000] {logging_mixin.py:117} INFO - [2022-10-09T07:13:21.194+0000] {dagbag.py:525} INFO - Filling up the DagBag from /home/airflow/.local/lib/python3.7/site-packages/airflow/example_dags/example_latest_only.py
[2022-10-09T07:13:21.204+0000] {processor.py:768} INFO - DAG(s) dict_keys(['latest_only']) retrieved from /home/airflow/.local/lib/python3.7/site-packages/airflow/example_dags/example_latest_only.py
[2022-10-09T07:13:21.233+0000] {logging_mixin.py:117} INFO - [2022-10-09T07:13:21.233+0000] {dag.py:2573} INFO - Sync 1 DAGs
[2022-10-09T07:13:21.256+0000] {logging_mixin.py:117} INFO - [2022-10-09T07:13:21.255+0000] {dag.py:3328} INFO - Setting next_dagrun for latest_only to 2022-10-09T03:13:21.255519+00:00, run_after=2022-10-09T07:13:21.255519+00:00
[2022-10-09T07:13:21.270+0000] {processor.py:178} INFO - Processing /home/airflow/.local/lib/python3.7/site-packages/airflow/example_dags/example_latest_only.py took 0.082 seconds
[2022-10-09T07:13:51.696+0000] {processor.py:156} INFO - Started process (PID=2781) to work on /home/airflow/.local/lib/python3.7/site-packages/airflow/example_dags/example_latest_only.py
[2022-10-09T07:13:51.697+0000] {processor.py:758} INFO - Processing file /home/airflow/.local/lib/python3.7/site-packages/airflow/example_dags/example_latest_only.py for tasks to queue
[2022-10-09T07:13:51.698+0000] {logging_mixin.py:117} INFO - [2022-10-09T07:13:51.698+0000] {dagbag.py:525} INFO - Filling up the DagBag from /home/airflow/.local/lib/python3.7/site-packages/airflow/example_dags/example_latest_only.py
[2022-10-09T07:13:51.708+0000] {processor.py:768} INFO - DAG(s) dict_keys(['latest_only']) retrieved from /home/airflow/.local/lib/python3.7/site-packages/airflow/example_dags/example_latest_only.py
[2022-10-09T07:13:51.736+0000] {logging_mixin.py:117} INFO - [2022-10-09T07:13:51.736+0000] {dag.py:2573} INFO - Sync 1 DAGs
[2022-10-09T07:13:51.751+0000] {logging_mixin.py:117} INFO - [2022-10-09T07:13:51.751+0000] {dag.py:3328} INFO - Setting next_dagrun for latest_only to 2022-10-09T03:13:51.751168+00:00, run_after=2022-10-09T07:13:51.751168+00:00
[2022-10-09T07:13:51.768+0000] {processor.py:178} INFO - Processing /home/airflow/.local/lib/python3.7/site-packages/airflow/example_dags/example_latest_only.py took 0.074 seconds
[2022-10-09T07:14:22.219+0000] {processor.py:156} INFO - Started process (PID=2843) to work on /home/airflow/.local/lib/python3.7/site-packages/airflow/example_dags/example_latest_only.py
[2022-10-09T07:14:22.221+0000] {processor.py:758} INFO - Processing file /home/airflow/.local/lib/python3.7/site-packages/airflow/example_dags/example_latest_only.py for tasks to queue
[2022-10-09T07:14:22.222+0000] {logging_mixin.py:117} INFO - [2022-10-09T07:14:22.222+0000] {dagbag.py:525} INFO - Filling up the DagBag from /home/airflow/.local/lib/python3.7/site-packages/airflow/example_dags/example_latest_only.py
[2022-10-09T07:14:22.232+0000] {processor.py:768} INFO - DAG(s) dict_keys(['latest_only']) retrieved from /home/airflow/.local/lib/python3.7/site-packages/airflow/example_dags/example_latest_only.py
[2022-10-09T07:14:22.259+0000] {logging_mixin.py:117} INFO - [2022-10-09T07:14:22.259+0000] {dag.py:2573} INFO - Sync 1 DAGs
[2022-10-09T07:14:22.277+0000] {logging_mixin.py:117} INFO - [2022-10-09T07:14:22.277+0000] {dag.py:3328} INFO - Setting next_dagrun for latest_only to 2022-10-09T03:14:22.277075+00:00, run_after=2022-10-09T07:14:22.277075+00:00
[2022-10-09T07:14:22.295+0000] {processor.py:178} INFO - Processing /home/airflow/.local/lib/python3.7/site-packages/airflow/example_dags/example_latest_only.py took 0.078 seconds
[2022-10-09T07:14:52.531+0000] {processor.py:156} INFO - Started process (PID=2907) to work on /home/airflow/.local/lib/python3.7/site-packages/airflow/example_dags/example_latest_only.py
[2022-10-09T07:14:52.533+0000] {processor.py:758} INFO - Processing file /home/airflow/.local/lib/python3.7/site-packages/airflow/example_dags/example_latest_only.py for tasks to queue
[2022-10-09T07:14:52.534+0000] {logging_mixin.py:117} INFO - [2022-10-09T07:14:52.534+0000] {dagbag.py:525} INFO - Filling up the DagBag from /home/airflow/.local/lib/python3.7/site-packages/airflow/example_dags/example_latest_only.py
[2022-10-09T07:14:52.543+0000] {processor.py:768} INFO - DAG(s) dict_keys(['latest_only']) retrieved from /home/airflow/.local/lib/python3.7/site-packages/airflow/example_dags/example_latest_only.py
[2022-10-09T07:14:52.568+0000] {logging_mixin.py:117} INFO - [2022-10-09T07:14:52.568+0000] {dag.py:2573} INFO - Sync 1 DAGs
[2022-10-09T07:14:52.584+0000] {logging_mixin.py:117} INFO - [2022-10-09T07:14:52.584+0000] {dag.py:3328} INFO - Setting next_dagrun for latest_only to 2022-10-09T03:14:52.584318+00:00, run_after=2022-10-09T07:14:52.584318+00:00
[2022-10-09T07:14:52.596+0000] {processor.py:178} INFO - Processing /home/airflow/.local/lib/python3.7/site-packages/airflow/example_dags/example_latest_only.py took 0.067 seconds
[2022-10-09T07:15:22.751+0000] {processor.py:156} INFO - Started process (PID=2970) to work on /home/airflow/.local/lib/python3.7/site-packages/airflow/example_dags/example_latest_only.py
[2022-10-09T07:15:22.753+0000] {processor.py:758} INFO - Processing file /home/airflow/.local/lib/python3.7/site-packages/airflow/example_dags/example_latest_only.py for tasks to queue
[2022-10-09T07:15:22.754+0000] {logging_mixin.py:117} INFO - [2022-10-09T07:15:22.754+0000] {dagbag.py:525} INFO - Filling up the DagBag from /home/airflow/.local/lib/python3.7/site-packages/airflow/example_dags/example_latest_only.py
[2022-10-09T07:15:22.762+0000] {processor.py:768} INFO - DAG(s) dict_keys(['latest_only']) retrieved from /home/airflow/.local/lib/python3.7/site-packages/airflow/example_dags/example_latest_only.py
[2022-10-09T07:15:22.790+0000] {logging_mixin.py:117} INFO - [2022-10-09T07:15:22.789+0000] {dag.py:2573} INFO - Sync 1 DAGs
[2022-10-09T07:15:22.805+0000] {logging_mixin.py:117} INFO - [2022-10-09T07:15:22.805+0000] {dag.py:3328} INFO - Setting next_dagrun for latest_only to 2022-10-09T03:15:22.805610+00:00, run_after=2022-10-09T07:15:22.805610+00:00
[2022-10-09T07:15:22.820+0000] {processor.py:178} INFO - Processing /home/airflow/.local/lib/python3.7/site-packages/airflow/example_dags/example_latest_only.py took 0.071 seconds
[2022-10-09T07:15:53.025+0000] {processor.py:156} INFO - Started process (PID=3033) to work on /home/airflow/.local/lib/python3.7/site-packages/airflow/example_dags/example_latest_only.py
[2022-10-09T07:15:53.026+0000] {processor.py:758} INFO - Processing file /home/airflow/.local/lib/python3.7/site-packages/airflow/example_dags/example_latest_only.py for tasks to queue
[2022-10-09T07:15:53.027+0000] {logging_mixin.py:117} INFO - [2022-10-09T07:15:53.027+0000] {dagbag.py:525} INFO - Filling up the DagBag from /home/airflow/.local/lib/python3.7/site-packages/airflow/example_dags/example_latest_only.py
[2022-10-09T07:15:53.036+0000] {processor.py:768} INFO - DAG(s) dict_keys(['latest_only']) retrieved from /home/airflow/.local/lib/python3.7/site-packages/airflow/example_dags/example_latest_only.py
[2022-10-09T07:15:53.067+0000] {logging_mixin.py:117} INFO - [2022-10-09T07:15:53.067+0000] {dag.py:2573} INFO - Sync 1 DAGs
[2022-10-09T07:15:53.094+0000] {logging_mixin.py:117} INFO - [2022-10-09T07:15:53.094+0000] {dag.py:3328} INFO - Setting next_dagrun for latest_only to 2022-10-09T03:15:53.094022+00:00, run_after=2022-10-09T07:15:53.094022+00:00
[2022-10-09T07:15:53.126+0000] {processor.py:178} INFO - Processing /home/airflow/.local/lib/python3.7/site-packages/airflow/example_dags/example_latest_only.py took 0.105 seconds
[2022-10-09T07:16:23.424+0000] {processor.py:156} INFO - Started process (PID=3087) to work on /home/airflow/.local/lib/python3.7/site-packages/airflow/example_dags/example_latest_only.py
[2022-10-09T07:16:23.426+0000] {processor.py:758} INFO - Processing file /home/airflow/.local/lib/python3.7/site-packages/airflow/example_dags/example_latest_only.py for tasks to queue
[2022-10-09T07:16:23.427+0000] {logging_mixin.py:117} INFO - [2022-10-09T07:16:23.427+0000] {dagbag.py:525} INFO - Filling up the DagBag from /home/airflow/.local/lib/python3.7/site-packages/airflow/example_dags/example_latest_only.py
[2022-10-09T07:16:23.436+0000] {processor.py:768} INFO - DAG(s) dict_keys(['latest_only']) retrieved from /home/airflow/.local/lib/python3.7/site-packages/airflow/example_dags/example_latest_only.py
[2022-10-09T07:16:23.458+0000] {logging_mixin.py:117} INFO - [2022-10-09T07:16:23.458+0000] {dag.py:2573} INFO - Sync 1 DAGs
[2022-10-09T07:16:23.472+0000] {logging_mixin.py:117} INFO - [2022-10-09T07:16:23.472+0000] {dag.py:3328} INFO - Setting next_dagrun for latest_only to 2022-10-09T03:16:23.472690+00:00, run_after=2022-10-09T07:16:23.472690+00:00
[2022-10-09T07:16:23.483+0000] {processor.py:178} INFO - Processing /home/airflow/.local/lib/python3.7/site-packages/airflow/example_dags/example_latest_only.py took 0.061 seconds
[2022-10-09T07:16:53.722+0000] {processor.py:156} INFO - Started process (PID=3149) to work on /home/airflow/.local/lib/python3.7/site-packages/airflow/example_dags/example_latest_only.py
[2022-10-09T07:16:53.723+0000] {processor.py:758} INFO - Processing file /home/airflow/.local/lib/python3.7/site-packages/airflow/example_dags/example_latest_only.py for tasks to queue
[2022-10-09T07:16:53.724+0000] {logging_mixin.py:117} INFO - [2022-10-09T07:16:53.724+0000] {dagbag.py:525} INFO - Filling up the DagBag from /home/airflow/.local/lib/python3.7/site-packages/airflow/example_dags/example_latest_only.py
[2022-10-09T07:16:53.733+0000] {processor.py:768} INFO - DAG(s) dict_keys(['latest_only']) retrieved from /home/airflow/.local/lib/python3.7/site-packages/airflow/example_dags/example_latest_only.py
[2022-10-09T07:16:53.757+0000] {logging_mixin.py:117} INFO - [2022-10-09T07:16:53.757+0000] {dag.py:2573} INFO - Sync 1 DAGs
[2022-10-09T07:16:53.773+0000] {logging_mixin.py:117} INFO - [2022-10-09T07:16:53.772+0000] {dag.py:3328} INFO - Setting next_dagrun for latest_only to 2022-10-09T03:16:53.772818+00:00, run_after=2022-10-09T07:16:53.772818+00:00
[2022-10-09T07:16:53.785+0000] {processor.py:178} INFO - Processing /home/airflow/.local/lib/python3.7/site-packages/airflow/example_dags/example_latest_only.py took 0.065 seconds
[2022-10-09T07:17:24.064+0000] {processor.py:156} INFO - Started process (PID=3212) to work on /home/airflow/.local/lib/python3.7/site-packages/airflow/example_dags/example_latest_only.py
[2022-10-09T07:17:24.065+0000] {processor.py:758} INFO - Processing file /home/airflow/.local/lib/python3.7/site-packages/airflow/example_dags/example_latest_only.py for tasks to queue
[2022-10-09T07:17:24.066+0000] {logging_mixin.py:117} INFO - [2022-10-09T07:17:24.066+0000] {dagbag.py:525} INFO - Filling up the DagBag from /home/airflow/.local/lib/python3.7/site-packages/airflow/example_dags/example_latest_only.py
[2022-10-09T07:17:24.074+0000] {processor.py:768} INFO - DAG(s) dict_keys(['latest_only']) retrieved from /home/airflow/.local/lib/python3.7/site-packages/airflow/example_dags/example_latest_only.py
[2022-10-09T07:17:24.097+0000] {logging_mixin.py:117} INFO - [2022-10-09T07:17:24.097+0000] {dag.py:2573} INFO - Sync 1 DAGs
[2022-10-09T07:17:24.111+0000] {logging_mixin.py:117} INFO - [2022-10-09T07:17:24.111+0000] {dag.py:3328} INFO - Setting next_dagrun for latest_only to 2022-10-09T03:17:24.111668+00:00, run_after=2022-10-09T07:17:24.111668+00:00
[2022-10-09T07:17:24.123+0000] {processor.py:178} INFO - Processing /home/airflow/.local/lib/python3.7/site-packages/airflow/example_dags/example_latest_only.py took 0.062 seconds
[2022-10-09T07:17:54.815+0000] {processor.py:156} INFO - Started process (PID=3273) to work on /home/airflow/.local/lib/python3.7/site-packages/airflow/example_dags/example_latest_only.py
[2022-10-09T07:17:54.816+0000] {processor.py:758} INFO - Processing file /home/airflow/.local/lib/python3.7/site-packages/airflow/example_dags/example_latest_only.py for tasks to queue
[2022-10-09T07:17:54.817+0000] {logging_mixin.py:117} INFO - [2022-10-09T07:17:54.817+0000] {dagbag.py:525} INFO - Filling up the DagBag from /home/airflow/.local/lib/python3.7/site-packages/airflow/example_dags/example_latest_only.py
[2022-10-09T07:17:54.825+0000] {processor.py:768} INFO - DAG(s) dict_keys(['latest_only']) retrieved from /home/airflow/.local/lib/python3.7/site-packages/airflow/example_dags/example_latest_only.py
[2022-10-09T07:17:54.850+0000] {logging_mixin.py:117} INFO - [2022-10-09T07:17:54.850+0000] {dag.py:2573} INFO - Sync 1 DAGs
[2022-10-09T07:17:54.863+0000] {logging_mixin.py:117} INFO - [2022-10-09T07:17:54.863+0000] {dag.py:3328} INFO - Setting next_dagrun for latest_only to 2022-10-09T03:17:54.863425+00:00, run_after=2022-10-09T07:17:54.863425+00:00
[2022-10-09T07:17:54.874+0000] {processor.py:178} INFO - Processing /home/airflow/.local/lib/python3.7/site-packages/airflow/example_dags/example_latest_only.py took 0.062 seconds
[2022-10-09T07:18:25.016+0000] {processor.py:156} INFO - Started process (PID=3336) to work on /home/airflow/.local/lib/python3.7/site-packages/airflow/example_dags/example_latest_only.py
[2022-10-09T07:18:25.018+0000] {processor.py:758} INFO - Processing file /home/airflow/.local/lib/python3.7/site-packages/airflow/example_dags/example_latest_only.py for tasks to queue
[2022-10-09T07:18:25.019+0000] {logging_mixin.py:117} INFO - [2022-10-09T07:18:25.019+0000] {dagbag.py:525} INFO - Filling up the DagBag from /home/airflow/.local/lib/python3.7/site-packages/airflow/example_dags/example_latest_only.py
[2022-10-09T07:18:25.028+0000] {processor.py:768} INFO - DAG(s) dict_keys(['latest_only']) retrieved from /home/airflow/.local/lib/python3.7/site-packages/airflow/example_dags/example_latest_only.py
[2022-10-09T07:18:25.054+0000] {logging_mixin.py:117} INFO - [2022-10-09T07:18:25.054+0000] {dag.py:2573} INFO - Sync 1 DAGs
[2022-10-09T07:18:25.069+0000] {logging_mixin.py:117} INFO - [2022-10-09T07:18:25.068+0000] {dag.py:3328} INFO - Setting next_dagrun for latest_only to 2022-10-09T03:18:25.068828+00:00, run_after=2022-10-09T07:18:25.068828+00:00
[2022-10-09T07:18:25.080+0000] {processor.py:178} INFO - Processing /home/airflow/.local/lib/python3.7/site-packages/airflow/example_dags/example_latest_only.py took 0.066 seconds
[2022-10-09T07:18:55.413+0000] {processor.py:156} INFO - Started process (PID=3390) to work on /home/airflow/.local/lib/python3.7/site-packages/airflow/example_dags/example_latest_only.py
[2022-10-09T07:18:55.414+0000] {processor.py:758} INFO - Processing file /home/airflow/.local/lib/python3.7/site-packages/airflow/example_dags/example_latest_only.py for tasks to queue
[2022-10-09T07:18:55.415+0000] {logging_mixin.py:117} INFO - [2022-10-09T07:18:55.415+0000] {dagbag.py:525} INFO - Filling up the DagBag from /home/airflow/.local/lib/python3.7/site-packages/airflow/example_dags/example_latest_only.py
[2022-10-09T07:18:55.423+0000] {processor.py:768} INFO - DAG(s) dict_keys(['latest_only']) retrieved from /home/airflow/.local/lib/python3.7/site-packages/airflow/example_dags/example_latest_only.py
[2022-10-09T07:18:55.449+0000] {logging_mixin.py:117} INFO - [2022-10-09T07:18:55.449+0000] {dag.py:2573} INFO - Sync 1 DAGs
[2022-10-09T07:18:55.466+0000] {logging_mixin.py:117} INFO - [2022-10-09T07:18:55.466+0000] {dag.py:3328} INFO - Setting next_dagrun for latest_only to 2022-10-09T03:18:55.465858+00:00, run_after=2022-10-09T07:18:55.465858+00:00
[2022-10-09T07:18:55.484+0000] {processor.py:178} INFO - Processing /home/airflow/.local/lib/python3.7/site-packages/airflow/example_dags/example_latest_only.py took 0.074 seconds
[2022-10-09T07:19:25.624+0000] {processor.py:156} INFO - Started process (PID=3451) to work on /home/airflow/.local/lib/python3.7/site-packages/airflow/example_dags/example_latest_only.py
[2022-10-09T07:19:25.625+0000] {processor.py:758} INFO - Processing file /home/airflow/.local/lib/python3.7/site-packages/airflow/example_dags/example_latest_only.py for tasks to queue
[2022-10-09T07:19:25.626+0000] {logging_mixin.py:117} INFO - [2022-10-09T07:19:25.626+0000] {dagbag.py:525} INFO - Filling up the DagBag from /home/airflow/.local/lib/python3.7/site-packages/airflow/example_dags/example_latest_only.py
[2022-10-09T07:19:25.637+0000] {processor.py:768} INFO - DAG(s) dict_keys(['latest_only']) retrieved from /home/airflow/.local/lib/python3.7/site-packages/airflow/example_dags/example_latest_only.py
[2022-10-09T07:19:25.665+0000] {logging_mixin.py:117} INFO - [2022-10-09T07:19:25.665+0000] {dag.py:2573} INFO - Sync 1 DAGs
[2022-10-09T07:19:25.680+0000] {logging_mixin.py:117} INFO - [2022-10-09T07:19:25.680+0000] {dag.py:3328} INFO - Setting next_dagrun for latest_only to 2022-10-09T03:19:25.680394+00:00, run_after=2022-10-09T07:19:25.680394+00:00
[2022-10-09T07:19:25.693+0000] {processor.py:178} INFO - Processing /home/airflow/.local/lib/python3.7/site-packages/airflow/example_dags/example_latest_only.py took 0.071 seconds
[2022-10-09T07:19:56.010+0000] {processor.py:156} INFO - Started process (PID=3516) to work on /home/airflow/.local/lib/python3.7/site-packages/airflow/example_dags/example_latest_only.py
[2022-10-09T07:19:56.011+0000] {processor.py:758} INFO - Processing file /home/airflow/.local/lib/python3.7/site-packages/airflow/example_dags/example_latest_only.py for tasks to queue
[2022-10-09T07:19:56.013+0000] {logging_mixin.py:117} INFO - [2022-10-09T07:19:56.013+0000] {dagbag.py:525} INFO - Filling up the DagBag from /home/airflow/.local/lib/python3.7/site-packages/airflow/example_dags/example_latest_only.py
[2022-10-09T07:19:56.021+0000] {processor.py:768} INFO - DAG(s) dict_keys(['latest_only']) retrieved from /home/airflow/.local/lib/python3.7/site-packages/airflow/example_dags/example_latest_only.py
[2022-10-09T07:19:56.046+0000] {logging_mixin.py:117} INFO - [2022-10-09T07:19:56.045+0000] {dag.py:2573} INFO - Sync 1 DAGs
[2022-10-09T07:19:56.059+0000] {logging_mixin.py:117} INFO - [2022-10-09T07:19:56.059+0000] {dag.py:3328} INFO - Setting next_dagrun for latest_only to 2022-10-09T03:19:56.059374+00:00, run_after=2022-10-09T07:19:56.059374+00:00
[2022-10-09T07:19:56.070+0000] {processor.py:178} INFO - Processing /home/airflow/.local/lib/python3.7/site-packages/airflow/example_dags/example_latest_only.py took 0.063 seconds
[2022-10-09T07:20:26.502+0000] {processor.py:156} INFO - Started process (PID=3579) to work on /home/airflow/.local/lib/python3.7/site-packages/airflow/example_dags/example_latest_only.py
[2022-10-09T07:20:26.504+0000] {processor.py:758} INFO - Processing file /home/airflow/.local/lib/python3.7/site-packages/airflow/example_dags/example_latest_only.py for tasks to queue
[2022-10-09T07:20:26.505+0000] {logging_mixin.py:117} INFO - [2022-10-09T07:20:26.504+0000] {dagbag.py:525} INFO - Filling up the DagBag from /home/airflow/.local/lib/python3.7/site-packages/airflow/example_dags/example_latest_only.py
[2022-10-09T07:20:26.513+0000] {processor.py:768} INFO - DAG(s) dict_keys(['latest_only']) retrieved from /home/airflow/.local/lib/python3.7/site-packages/airflow/example_dags/example_latest_only.py
[2022-10-09T07:20:26.546+0000] {logging_mixin.py:117} INFO - [2022-10-09T07:20:26.546+0000] {dag.py:2573} INFO - Sync 1 DAGs
[2022-10-09T07:20:26.592+0000] {logging_mixin.py:117} INFO - [2022-10-09T07:20:26.592+0000] {dag.py:3328} INFO - Setting next_dagrun for latest_only to 2022-10-09T03:20:26.592389+00:00, run_after=2022-10-09T07:20:26.592389+00:00
[2022-10-09T07:20:26.614+0000] {processor.py:178} INFO - Processing /home/airflow/.local/lib/python3.7/site-packages/airflow/example_dags/example_latest_only.py took 0.114 seconds
[2022-10-09T07:20:57.196+0000] {processor.py:156} INFO - Started process (PID=3642) to work on /home/airflow/.local/lib/python3.7/site-packages/airflow/example_dags/example_latest_only.py
[2022-10-09T07:20:57.197+0000] {processor.py:758} INFO - Processing file /home/airflow/.local/lib/python3.7/site-packages/airflow/example_dags/example_latest_only.py for tasks to queue
[2022-10-09T07:20:57.198+0000] {logging_mixin.py:117} INFO - [2022-10-09T07:20:57.198+0000] {dagbag.py:525} INFO - Filling up the DagBag from /home/airflow/.local/lib/python3.7/site-packages/airflow/example_dags/example_latest_only.py
[2022-10-09T07:20:57.207+0000] {processor.py:768} INFO - DAG(s) dict_keys(['latest_only']) retrieved from /home/airflow/.local/lib/python3.7/site-packages/airflow/example_dags/example_latest_only.py
[2022-10-09T07:20:57.232+0000] {logging_mixin.py:117} INFO - [2022-10-09T07:20:57.232+0000] {dag.py:2573} INFO - Sync 1 DAGs
[2022-10-09T07:20:57.247+0000] {logging_mixin.py:117} INFO - [2022-10-09T07:20:57.247+0000] {dag.py:3328} INFO - Setting next_dagrun for latest_only to 2022-10-09T03:20:57.247060+00:00, run_after=2022-10-09T07:20:57.247060+00:00
[2022-10-09T07:20:57.260+0000] {processor.py:178} INFO - Processing /home/airflow/.local/lib/python3.7/site-packages/airflow/example_dags/example_latest_only.py took 0.066 seconds
[2022-10-09T07:21:27.596+0000] {processor.py:156} INFO - Started process (PID=3696) to work on /home/airflow/.local/lib/python3.7/site-packages/airflow/example_dags/example_latest_only.py
[2022-10-09T07:21:27.598+0000] {processor.py:758} INFO - Processing file /home/airflow/.local/lib/python3.7/site-packages/airflow/example_dags/example_latest_only.py for tasks to queue
[2022-10-09T07:21:27.599+0000] {logging_mixin.py:117} INFO - [2022-10-09T07:21:27.599+0000] {dagbag.py:525} INFO - Filling up the DagBag from /home/airflow/.local/lib/python3.7/site-packages/airflow/example_dags/example_latest_only.py
[2022-10-09T07:21:27.612+0000] {processor.py:768} INFO - DAG(s) dict_keys(['latest_only']) retrieved from /home/airflow/.local/lib/python3.7/site-packages/airflow/example_dags/example_latest_only.py
[2022-10-09T07:21:27.637+0000] {logging_mixin.py:117} INFO - [2022-10-09T07:21:27.637+0000] {dag.py:2573} INFO - Sync 1 DAGs
[2022-10-09T07:21:27.654+0000] {logging_mixin.py:117} INFO - [2022-10-09T07:21:27.654+0000] {dag.py:3328} INFO - Setting next_dagrun for latest_only to 2022-10-09T03:21:27.654217+00:00, run_after=2022-10-09T07:21:27.654217+00:00
[2022-10-09T07:21:27.667+0000] {processor.py:178} INFO - Processing /home/airflow/.local/lib/python3.7/site-packages/airflow/example_dags/example_latest_only.py took 0.073 seconds
[2022-10-09T07:21:58.032+0000] {processor.py:156} INFO - Started process (PID=3757) to work on /home/airflow/.local/lib/python3.7/site-packages/airflow/example_dags/example_latest_only.py
[2022-10-09T07:21:58.035+0000] {processor.py:758} INFO - Processing file /home/airflow/.local/lib/python3.7/site-packages/airflow/example_dags/example_latest_only.py for tasks to queue
[2022-10-09T07:21:58.036+0000] {logging_mixin.py:117} INFO - [2022-10-09T07:21:58.036+0000] {dagbag.py:525} INFO - Filling up the DagBag from /home/airflow/.local/lib/python3.7/site-packages/airflow/example_dags/example_latest_only.py
[2022-10-09T07:21:58.047+0000] {processor.py:768} INFO - DAG(s) dict_keys(['latest_only']) retrieved from /home/airflow/.local/lib/python3.7/site-packages/airflow/example_dags/example_latest_only.py
[2022-10-09T07:21:58.077+0000] {logging_mixin.py:117} INFO - [2022-10-09T07:21:58.076+0000] {dag.py:2573} INFO - Sync 1 DAGs
[2022-10-09T07:21:58.090+0000] {logging_mixin.py:117} INFO - [2022-10-09T07:21:58.090+0000] {dag.py:3328} INFO - Setting next_dagrun for latest_only to 2022-10-09T03:21:58.090624+00:00, run_after=2022-10-09T07:21:58.090624+00:00
[2022-10-09T07:21:58.102+0000] {processor.py:178} INFO - Processing /home/airflow/.local/lib/python3.7/site-packages/airflow/example_dags/example_latest_only.py took 0.073 seconds
[2022-10-09T07:22:28.489+0000] {processor.py:156} INFO - Started process (PID=3820) to work on /home/airflow/.local/lib/python3.7/site-packages/airflow/example_dags/example_latest_only.py
[2022-10-09T07:22:28.493+0000] {processor.py:758} INFO - Processing file /home/airflow/.local/lib/python3.7/site-packages/airflow/example_dags/example_latest_only.py for tasks to queue
[2022-10-09T07:22:28.495+0000] {logging_mixin.py:117} INFO - [2022-10-09T07:22:28.495+0000] {dagbag.py:525} INFO - Filling up the DagBag from /home/airflow/.local/lib/python3.7/site-packages/airflow/example_dags/example_latest_only.py
[2022-10-09T07:22:28.507+0000] {processor.py:768} INFO - DAG(s) dict_keys(['latest_only']) retrieved from /home/airflow/.local/lib/python3.7/site-packages/airflow/example_dags/example_latest_only.py
[2022-10-09T07:22:28.534+0000] {logging_mixin.py:117} INFO - [2022-10-09T07:22:28.534+0000] {dag.py:2573} INFO - Sync 1 DAGs
[2022-10-09T07:22:28.549+0000] {logging_mixin.py:117} INFO - [2022-10-09T07:22:28.549+0000] {dag.py:3328} INFO - Setting next_dagrun for latest_only to 2022-10-09T03:22:28.549680+00:00, run_after=2022-10-09T07:22:28.549680+00:00
[2022-10-09T07:22:28.561+0000] {processor.py:178} INFO - Processing /home/airflow/.local/lib/python3.7/site-packages/airflow/example_dags/example_latest_only.py took 0.075 seconds
[2022-10-09T07:22:58.686+0000] {processor.py:156} INFO - Started process (PID=3884) to work on /home/airflow/.local/lib/python3.7/site-packages/airflow/example_dags/example_latest_only.py
[2022-10-09T07:22:58.687+0000] {processor.py:758} INFO - Processing file /home/airflow/.local/lib/python3.7/site-packages/airflow/example_dags/example_latest_only.py for tasks to queue
[2022-10-09T07:22:58.689+0000] {logging_mixin.py:117} INFO - [2022-10-09T07:22:58.689+0000] {dagbag.py:525} INFO - Filling up the DagBag from /home/airflow/.local/lib/python3.7/site-packages/airflow/example_dags/example_latest_only.py
[2022-10-09T07:22:58.699+0000] {processor.py:768} INFO - DAG(s) dict_keys(['latest_only']) retrieved from /home/airflow/.local/lib/python3.7/site-packages/airflow/example_dags/example_latest_only.py
[2022-10-09T07:22:58.727+0000] {logging_mixin.py:117} INFO - [2022-10-09T07:22:58.727+0000] {dag.py:2573} INFO - Sync 1 DAGs
[2022-10-09T07:22:58.749+0000] {logging_mixin.py:117} INFO - [2022-10-09T07:22:58.749+0000] {dag.py:3328} INFO - Setting next_dagrun for latest_only to 2022-10-09T03:22:58.748929+00:00, run_after=2022-10-09T07:22:58.748929+00:00
[2022-10-09T07:22:58.764+0000] {processor.py:178} INFO - Processing /home/airflow/.local/lib/python3.7/site-packages/airflow/example_dags/example_latest_only.py took 0.081 seconds
[2022-10-09T07:23:28.865+0000] {processor.py:156} INFO - Started process (PID=3947) to work on /home/airflow/.local/lib/python3.7/site-packages/airflow/example_dags/example_latest_only.py
[2022-10-09T07:23:28.868+0000] {processor.py:758} INFO - Processing file /home/airflow/.local/lib/python3.7/site-packages/airflow/example_dags/example_latest_only.py for tasks to queue
[2022-10-09T07:23:28.873+0000] {logging_mixin.py:117} INFO - [2022-10-09T07:23:28.873+0000] {dagbag.py:525} INFO - Filling up the DagBag from /home/airflow/.local/lib/python3.7/site-packages/airflow/example_dags/example_latest_only.py
[2022-10-09T07:23:28.889+0000] {processor.py:768} INFO - DAG(s) dict_keys(['latest_only']) retrieved from /home/airflow/.local/lib/python3.7/site-packages/airflow/example_dags/example_latest_only.py
[2022-10-09T07:23:28.935+0000] {logging_mixin.py:117} INFO - [2022-10-09T07:23:28.935+0000] {dag.py:2573} INFO - Sync 1 DAGs
[2022-10-09T07:23:28.956+0000] {logging_mixin.py:117} INFO - [2022-10-09T07:23:28.955+0000] {dag.py:3328} INFO - Setting next_dagrun for latest_only to 2022-10-09T03:23:28.955816+00:00, run_after=2022-10-09T07:23:28.955816+00:00
[2022-10-09T07:23:28.970+0000] {processor.py:178} INFO - Processing /home/airflow/.local/lib/python3.7/site-packages/airflow/example_dags/example_latest_only.py took 0.109 seconds
[2022-10-09T07:23:59.321+0000] {processor.py:156} INFO - Started process (PID=4001) to work on /home/airflow/.local/lib/python3.7/site-packages/airflow/example_dags/example_latest_only.py
[2022-10-09T07:23:59.323+0000] {processor.py:758} INFO - Processing file /home/airflow/.local/lib/python3.7/site-packages/airflow/example_dags/example_latest_only.py for tasks to queue
[2022-10-09T07:23:59.323+0000] {logging_mixin.py:117} INFO - [2022-10-09T07:23:59.323+0000] {dagbag.py:525} INFO - Filling up the DagBag from /home/airflow/.local/lib/python3.7/site-packages/airflow/example_dags/example_latest_only.py
[2022-10-09T07:23:59.332+0000] {processor.py:768} INFO - DAG(s) dict_keys(['latest_only']) retrieved from /home/airflow/.local/lib/python3.7/site-packages/airflow/example_dags/example_latest_only.py
[2022-10-09T07:23:59.358+0000] {logging_mixin.py:117} INFO - [2022-10-09T07:23:59.358+0000] {dag.py:2573} INFO - Sync 1 DAGs
[2022-10-09T07:23:59.374+0000] {logging_mixin.py:117} INFO - [2022-10-09T07:23:59.374+0000] {dag.py:3328} INFO - Setting next_dagrun for latest_only to 2022-10-09T03:23:59.374002+00:00, run_after=2022-10-09T07:23:59.374002+00:00
[2022-10-09T07:23:59.386+0000] {processor.py:178} INFO - Processing /home/airflow/.local/lib/python3.7/site-packages/airflow/example_dags/example_latest_only.py took 0.067 seconds
[2022-10-09T07:24:29.763+0000] {processor.py:156} INFO - Started process (PID=4067) to work on /home/airflow/.local/lib/python3.7/site-packages/airflow/example_dags/example_latest_only.py
[2022-10-09T07:24:29.765+0000] {processor.py:758} INFO - Processing file /home/airflow/.local/lib/python3.7/site-packages/airflow/example_dags/example_latest_only.py for tasks to queue
[2022-10-09T07:24:29.766+0000] {logging_mixin.py:117} INFO - [2022-10-09T07:24:29.766+0000] {dagbag.py:525} INFO - Filling up the DagBag from /home/airflow/.local/lib/python3.7/site-packages/airflow/example_dags/example_latest_only.py
[2022-10-09T07:24:29.776+0000] {processor.py:768} INFO - DAG(s) dict_keys(['latest_only']) retrieved from /home/airflow/.local/lib/python3.7/site-packages/airflow/example_dags/example_latest_only.py
[2022-10-09T07:24:29.805+0000] {logging_mixin.py:117} INFO - [2022-10-09T07:24:29.805+0000] {dag.py:2573} INFO - Sync 1 DAGs
[2022-10-09T07:24:29.820+0000] {logging_mixin.py:117} INFO - [2022-10-09T07:24:29.820+0000] {dag.py:3328} INFO - Setting next_dagrun for latest_only to 2022-10-09T03:24:29.820573+00:00, run_after=2022-10-09T07:24:29.820573+00:00
[2022-10-09T07:24:29.832+0000] {processor.py:178} INFO - Processing /home/airflow/.local/lib/python3.7/site-packages/airflow/example_dags/example_latest_only.py took 0.071 seconds
