[2022-10-09T06:40:38.641+0000] {processor.py:156} INFO - Started process (PID=39) to work on /home/airflow/.local/lib/python3.7/site-packages/airflow/example_dags/example_kubernetes_executor.py
[2022-10-09T06:40:38.644+0000] {processor.py:758} INFO - Processing file /home/airflow/.local/lib/python3.7/site-packages/airflow/example_dags/example_kubernetes_executor.py for tasks to queue
[2022-10-09T06:40:38.645+0000] {logging_mixin.py:117} INFO - [2022-10-09T06:40:38.645+0000] {dagbag.py:525} INFO - Filling up the DagBag from /home/airflow/.local/lib/python3.7/site-packages/airflow/example_dags/example_kubernetes_executor.py
[2022-10-09T06:40:38.675+0000] {processor.py:768} INFO - DAG(s) dict_keys(['example_kubernetes_executor']) retrieved from /home/airflow/.local/lib/python3.7/site-packages/airflow/example_dags/example_kubernetes_executor.py
[2022-10-09T06:40:38.742+0000] {logging_mixin.py:117} INFO - [2022-10-09T06:40:38.742+0000] {dag.py:2573} INFO - Sync 1 DAGs
[2022-10-09T06:40:38.807+0000] {logging_mixin.py:117} INFO - [2022-10-09T06:40:38.807+0000] {dag.py:3328} INFO - Setting next_dagrun for example_kubernetes_executor to None, run_after=None
[2022-10-09T06:40:38.834+0000] {processor.py:178} INFO - Processing /home/airflow/.local/lib/python3.7/site-packages/airflow/example_dags/example_kubernetes_executor.py took 0.201 seconds
[2022-10-09T06:41:09.628+0000] {processor.py:156} INFO - Started process (PID=102) to work on /home/airflow/.local/lib/python3.7/site-packages/airflow/example_dags/example_kubernetes_executor.py
[2022-10-09T06:41:09.630+0000] {processor.py:758} INFO - Processing file /home/airflow/.local/lib/python3.7/site-packages/airflow/example_dags/example_kubernetes_executor.py for tasks to queue
[2022-10-09T06:41:09.632+0000] {logging_mixin.py:117} INFO - [2022-10-09T06:41:09.632+0000] {dagbag.py:525} INFO - Filling up the DagBag from /home/airflow/.local/lib/python3.7/site-packages/airflow/example_dags/example_kubernetes_executor.py
[2022-10-09T06:41:09.661+0000] {processor.py:768} INFO - DAG(s) dict_keys(['example_kubernetes_executor']) retrieved from /home/airflow/.local/lib/python3.7/site-packages/airflow/example_dags/example_kubernetes_executor.py
[2022-10-09T06:41:09.698+0000] {logging_mixin.py:117} INFO - [2022-10-09T06:41:09.698+0000] {dag.py:2573} INFO - Sync 1 DAGs
[2022-10-09T06:41:09.714+0000] {logging_mixin.py:117} INFO - [2022-10-09T06:41:09.713+0000] {dag.py:3328} INFO - Setting next_dagrun for example_kubernetes_executor to None, run_after=None
[2022-10-09T06:41:09.727+0000] {processor.py:178} INFO - Processing /home/airflow/.local/lib/python3.7/site-packages/airflow/example_dags/example_kubernetes_executor.py took 0.103 seconds
[2022-10-09T06:41:40.201+0000] {processor.py:156} INFO - Started process (PID=166) to work on /home/airflow/.local/lib/python3.7/site-packages/airflow/example_dags/example_kubernetes_executor.py
[2022-10-09T06:41:40.203+0000] {processor.py:758} INFO - Processing file /home/airflow/.local/lib/python3.7/site-packages/airflow/example_dags/example_kubernetes_executor.py for tasks to queue
[2022-10-09T06:41:40.205+0000] {logging_mixin.py:117} INFO - [2022-10-09T06:41:40.205+0000] {dagbag.py:525} INFO - Filling up the DagBag from /home/airflow/.local/lib/python3.7/site-packages/airflow/example_dags/example_kubernetes_executor.py
[2022-10-09T06:41:40.229+0000] {processor.py:768} INFO - DAG(s) dict_keys(['example_kubernetes_executor']) retrieved from /home/airflow/.local/lib/python3.7/site-packages/airflow/example_dags/example_kubernetes_executor.py
[2022-10-09T06:41:40.271+0000] {logging_mixin.py:117} INFO - [2022-10-09T06:41:40.271+0000] {dag.py:2573} INFO - Sync 1 DAGs
[2022-10-09T06:41:40.297+0000] {logging_mixin.py:117} INFO - [2022-10-09T06:41:40.297+0000] {dag.py:3328} INFO - Setting next_dagrun for example_kubernetes_executor to None, run_after=None
[2022-10-09T06:41:40.313+0000] {processor.py:178} INFO - Processing /home/airflow/.local/lib/python3.7/site-packages/airflow/example_dags/example_kubernetes_executor.py took 0.116 seconds
[2022-10-09T06:42:10.733+0000] {processor.py:156} INFO - Started process (PID=229) to work on /home/airflow/.local/lib/python3.7/site-packages/airflow/example_dags/example_kubernetes_executor.py
[2022-10-09T06:42:10.737+0000] {processor.py:758} INFO - Processing file /home/airflow/.local/lib/python3.7/site-packages/airflow/example_dags/example_kubernetes_executor.py for tasks to queue
[2022-10-09T06:42:10.738+0000] {logging_mixin.py:117} INFO - [2022-10-09T06:42:10.738+0000] {dagbag.py:525} INFO - Filling up the DagBag from /home/airflow/.local/lib/python3.7/site-packages/airflow/example_dags/example_kubernetes_executor.py
[2022-10-09T06:42:10.783+0000] {processor.py:768} INFO - DAG(s) dict_keys(['example_kubernetes_executor']) retrieved from /home/airflow/.local/lib/python3.7/site-packages/airflow/example_dags/example_kubernetes_executor.py
[2022-10-09T06:42:10.821+0000] {logging_mixin.py:117} INFO - [2022-10-09T06:42:10.820+0000] {dag.py:2573} INFO - Sync 1 DAGs
[2022-10-09T06:42:10.843+0000] {logging_mixin.py:117} INFO - [2022-10-09T06:42:10.843+0000] {dag.py:3328} INFO - Setting next_dagrun for example_kubernetes_executor to None, run_after=None
[2022-10-09T06:42:10.859+0000] {processor.py:178} INFO - Processing /home/airflow/.local/lib/python3.7/site-packages/airflow/example_dags/example_kubernetes_executor.py took 0.131 seconds
[2022-10-09T06:42:41.168+0000] {processor.py:156} INFO - Started process (PID=283) to work on /home/airflow/.local/lib/python3.7/site-packages/airflow/example_dags/example_kubernetes_executor.py
[2022-10-09T06:42:41.169+0000] {processor.py:758} INFO - Processing file /home/airflow/.local/lib/python3.7/site-packages/airflow/example_dags/example_kubernetes_executor.py for tasks to queue
[2022-10-09T06:42:41.170+0000] {logging_mixin.py:117} INFO - [2022-10-09T06:42:41.170+0000] {dagbag.py:525} INFO - Filling up the DagBag from /home/airflow/.local/lib/python3.7/site-packages/airflow/example_dags/example_kubernetes_executor.py
[2022-10-09T06:42:41.188+0000] {processor.py:768} INFO - DAG(s) dict_keys(['example_kubernetes_executor']) retrieved from /home/airflow/.local/lib/python3.7/site-packages/airflow/example_dags/example_kubernetes_executor.py
[2022-10-09T06:42:41.213+0000] {logging_mixin.py:117} INFO - [2022-10-09T06:42:41.213+0000] {dag.py:2573} INFO - Sync 1 DAGs
[2022-10-09T06:42:41.227+0000] {logging_mixin.py:117} INFO - [2022-10-09T06:42:41.227+0000] {dag.py:3328} INFO - Setting next_dagrun for example_kubernetes_executor to None, run_after=None
[2022-10-09T06:42:41.238+0000] {processor.py:178} INFO - Processing /home/airflow/.local/lib/python3.7/site-packages/airflow/example_dags/example_kubernetes_executor.py took 0.073 seconds
[2022-10-09T06:43:11.617+0000] {processor.py:156} INFO - Started process (PID=346) to work on /home/airflow/.local/lib/python3.7/site-packages/airflow/example_dags/example_kubernetes_executor.py
[2022-10-09T06:43:11.619+0000] {processor.py:758} INFO - Processing file /home/airflow/.local/lib/python3.7/site-packages/airflow/example_dags/example_kubernetes_executor.py for tasks to queue
[2022-10-09T06:43:11.619+0000] {logging_mixin.py:117} INFO - [2022-10-09T06:43:11.619+0000] {dagbag.py:525} INFO - Filling up the DagBag from /home/airflow/.local/lib/python3.7/site-packages/airflow/example_dags/example_kubernetes_executor.py
[2022-10-09T06:43:11.637+0000] {processor.py:768} INFO - DAG(s) dict_keys(['example_kubernetes_executor']) retrieved from /home/airflow/.local/lib/python3.7/site-packages/airflow/example_dags/example_kubernetes_executor.py
[2022-10-09T06:43:11.664+0000] {logging_mixin.py:117} INFO - [2022-10-09T06:43:11.664+0000] {dag.py:2573} INFO - Sync 1 DAGs
[2022-10-09T06:43:11.680+0000] {logging_mixin.py:117} INFO - [2022-10-09T06:43:11.680+0000] {dag.py:3328} INFO - Setting next_dagrun for example_kubernetes_executor to None, run_after=None
[2022-10-09T06:43:11.694+0000] {processor.py:178} INFO - Processing /home/airflow/.local/lib/python3.7/site-packages/airflow/example_dags/example_kubernetes_executor.py took 0.079 seconds
[2022-10-09T06:43:41.947+0000] {processor.py:156} INFO - Started process (PID=409) to work on /home/airflow/.local/lib/python3.7/site-packages/airflow/example_dags/example_kubernetes_executor.py
[2022-10-09T06:43:41.949+0000] {processor.py:758} INFO - Processing file /home/airflow/.local/lib/python3.7/site-packages/airflow/example_dags/example_kubernetes_executor.py for tasks to queue
[2022-10-09T06:43:41.950+0000] {logging_mixin.py:117} INFO - [2022-10-09T06:43:41.950+0000] {dagbag.py:525} INFO - Filling up the DagBag from /home/airflow/.local/lib/python3.7/site-packages/airflow/example_dags/example_kubernetes_executor.py
[2022-10-09T06:43:41.971+0000] {processor.py:768} INFO - DAG(s) dict_keys(['example_kubernetes_executor']) retrieved from /home/airflow/.local/lib/python3.7/site-packages/airflow/example_dags/example_kubernetes_executor.py
[2022-10-09T06:43:41.997+0000] {logging_mixin.py:117} INFO - [2022-10-09T06:43:41.997+0000] {dag.py:2573} INFO - Sync 1 DAGs
[2022-10-09T06:43:42.012+0000] {logging_mixin.py:117} INFO - [2022-10-09T06:43:42.012+0000] {dag.py:3328} INFO - Setting next_dagrun for example_kubernetes_executor to None, run_after=None
[2022-10-09T06:43:42.024+0000] {processor.py:178} INFO - Processing /home/airflow/.local/lib/python3.7/site-packages/airflow/example_dags/example_kubernetes_executor.py took 0.080 seconds
[2022-10-09T06:44:12.227+0000] {processor.py:156} INFO - Started process (PID=472) to work on /home/airflow/.local/lib/python3.7/site-packages/airflow/example_dags/example_kubernetes_executor.py
[2022-10-09T06:44:12.229+0000] {processor.py:758} INFO - Processing file /home/airflow/.local/lib/python3.7/site-packages/airflow/example_dags/example_kubernetes_executor.py for tasks to queue
[2022-10-09T06:44:12.230+0000] {logging_mixin.py:117} INFO - [2022-10-09T06:44:12.230+0000] {dagbag.py:525} INFO - Filling up the DagBag from /home/airflow/.local/lib/python3.7/site-packages/airflow/example_dags/example_kubernetes_executor.py
[2022-10-09T06:44:12.247+0000] {processor.py:768} INFO - DAG(s) dict_keys(['example_kubernetes_executor']) retrieved from /home/airflow/.local/lib/python3.7/site-packages/airflow/example_dags/example_kubernetes_executor.py
[2022-10-09T06:44:12.270+0000] {logging_mixin.py:117} INFO - [2022-10-09T06:44:12.270+0000] {dag.py:2573} INFO - Sync 1 DAGs
[2022-10-09T06:44:12.285+0000] {logging_mixin.py:117} INFO - [2022-10-09T06:44:12.284+0000] {dag.py:3328} INFO - Setting next_dagrun for example_kubernetes_executor to None, run_after=None
[2022-10-09T06:44:12.297+0000] {processor.py:178} INFO - Processing /home/airflow/.local/lib/python3.7/site-packages/airflow/example_dags/example_kubernetes_executor.py took 0.072 seconds
[2022-10-09T06:44:42.567+0000] {processor.py:156} INFO - Started process (PID=535) to work on /home/airflow/.local/lib/python3.7/site-packages/airflow/example_dags/example_kubernetes_executor.py
[2022-10-09T06:44:42.568+0000] {processor.py:758} INFO - Processing file /home/airflow/.local/lib/python3.7/site-packages/airflow/example_dags/example_kubernetes_executor.py for tasks to queue
[2022-10-09T06:44:42.570+0000] {logging_mixin.py:117} INFO - [2022-10-09T06:44:42.570+0000] {dagbag.py:525} INFO - Filling up the DagBag from /home/airflow/.local/lib/python3.7/site-packages/airflow/example_dags/example_kubernetes_executor.py
[2022-10-09T06:44:42.591+0000] {processor.py:768} INFO - DAG(s) dict_keys(['example_kubernetes_executor']) retrieved from /home/airflow/.local/lib/python3.7/site-packages/airflow/example_dags/example_kubernetes_executor.py
[2022-10-09T06:44:42.623+0000] {logging_mixin.py:117} INFO - [2022-10-09T06:44:42.622+0000] {dag.py:2573} INFO - Sync 1 DAGs
[2022-10-09T06:44:42.637+0000] {logging_mixin.py:117} INFO - [2022-10-09T06:44:42.637+0000] {dag.py:3328} INFO - Setting next_dagrun for example_kubernetes_executor to None, run_after=None
[2022-10-09T06:44:42.650+0000] {processor.py:178} INFO - Processing /home/airflow/.local/lib/python3.7/site-packages/airflow/example_dags/example_kubernetes_executor.py took 0.086 seconds
[2022-10-09T06:45:12.846+0000] {processor.py:156} INFO - Started process (PID=589) to work on /home/airflow/.local/lib/python3.7/site-packages/airflow/example_dags/example_kubernetes_executor.py
[2022-10-09T06:45:12.848+0000] {processor.py:758} INFO - Processing file /home/airflow/.local/lib/python3.7/site-packages/airflow/example_dags/example_kubernetes_executor.py for tasks to queue
[2022-10-09T06:45:12.848+0000] {logging_mixin.py:117} INFO - [2022-10-09T06:45:12.848+0000] {dagbag.py:525} INFO - Filling up the DagBag from /home/airflow/.local/lib/python3.7/site-packages/airflow/example_dags/example_kubernetes_executor.py
[2022-10-09T06:45:12.871+0000] {processor.py:768} INFO - DAG(s) dict_keys(['example_kubernetes_executor']) retrieved from /home/airflow/.local/lib/python3.7/site-packages/airflow/example_dags/example_kubernetes_executor.py
[2022-10-09T06:45:12.897+0000] {logging_mixin.py:117} INFO - [2022-10-09T06:45:12.897+0000] {dag.py:2573} INFO - Sync 1 DAGs
[2022-10-09T06:45:12.911+0000] {logging_mixin.py:117} INFO - [2022-10-09T06:45:12.911+0000] {dag.py:3328} INFO - Setting next_dagrun for example_kubernetes_executor to None, run_after=None
[2022-10-09T06:45:12.922+0000] {processor.py:178} INFO - Processing /home/airflow/.local/lib/python3.7/site-packages/airflow/example_dags/example_kubernetes_executor.py took 0.079 seconds
[2022-10-09T06:45:43.082+0000] {processor.py:156} INFO - Started process (PID=651) to work on /home/airflow/.local/lib/python3.7/site-packages/airflow/example_dags/example_kubernetes_executor.py
[2022-10-09T06:45:43.083+0000] {processor.py:758} INFO - Processing file /home/airflow/.local/lib/python3.7/site-packages/airflow/example_dags/example_kubernetes_executor.py for tasks to queue
[2022-10-09T06:45:43.085+0000] {logging_mixin.py:117} INFO - [2022-10-09T06:45:43.085+0000] {dagbag.py:525} INFO - Filling up the DagBag from /home/airflow/.local/lib/python3.7/site-packages/airflow/example_dags/example_kubernetes_executor.py
[2022-10-09T06:45:43.103+0000] {processor.py:768} INFO - DAG(s) dict_keys(['example_kubernetes_executor']) retrieved from /home/airflow/.local/lib/python3.7/site-packages/airflow/example_dags/example_kubernetes_executor.py
[2022-10-09T06:45:43.127+0000] {logging_mixin.py:117} INFO - [2022-10-09T06:45:43.127+0000] {dag.py:2573} INFO - Sync 1 DAGs
[2022-10-09T06:45:43.140+0000] {logging_mixin.py:117} INFO - [2022-10-09T06:45:43.140+0000] {dag.py:3328} INFO - Setting next_dagrun for example_kubernetes_executor to None, run_after=None
[2022-10-09T06:45:43.153+0000] {processor.py:178} INFO - Processing /home/airflow/.local/lib/python3.7/site-packages/airflow/example_dags/example_kubernetes_executor.py took 0.073 seconds
[2022-10-09T06:46:13.335+0000] {processor.py:156} INFO - Started process (PID=715) to work on /home/airflow/.local/lib/python3.7/site-packages/airflow/example_dags/example_kubernetes_executor.py
[2022-10-09T06:46:13.337+0000] {processor.py:758} INFO - Processing file /home/airflow/.local/lib/python3.7/site-packages/airflow/example_dags/example_kubernetes_executor.py for tasks to queue
[2022-10-09T06:46:13.338+0000] {logging_mixin.py:117} INFO - [2022-10-09T06:46:13.338+0000] {dagbag.py:525} INFO - Filling up the DagBag from /home/airflow/.local/lib/python3.7/site-packages/airflow/example_dags/example_kubernetes_executor.py
[2022-10-09T06:46:13.356+0000] {processor.py:768} INFO - DAG(s) dict_keys(['example_kubernetes_executor']) retrieved from /home/airflow/.local/lib/python3.7/site-packages/airflow/example_dags/example_kubernetes_executor.py
[2022-10-09T06:46:13.385+0000] {logging_mixin.py:117} INFO - [2022-10-09T06:46:13.385+0000] {dag.py:2573} INFO - Sync 1 DAGs
[2022-10-09T06:46:13.400+0000] {logging_mixin.py:117} INFO - [2022-10-09T06:46:13.400+0000] {dag.py:3328} INFO - Setting next_dagrun for example_kubernetes_executor to None, run_after=None
[2022-10-09T06:46:13.411+0000] {processor.py:178} INFO - Processing /home/airflow/.local/lib/python3.7/site-packages/airflow/example_dags/example_kubernetes_executor.py took 0.078 seconds
[2022-10-09T06:46:43.559+0000] {processor.py:156} INFO - Started process (PID=779) to work on /home/airflow/.local/lib/python3.7/site-packages/airflow/example_dags/example_kubernetes_executor.py
[2022-10-09T06:46:43.561+0000] {processor.py:758} INFO - Processing file /home/airflow/.local/lib/python3.7/site-packages/airflow/example_dags/example_kubernetes_executor.py for tasks to queue
[2022-10-09T06:46:43.562+0000] {logging_mixin.py:117} INFO - [2022-10-09T06:46:43.562+0000] {dagbag.py:525} INFO - Filling up the DagBag from /home/airflow/.local/lib/python3.7/site-packages/airflow/example_dags/example_kubernetes_executor.py
[2022-10-09T06:46:43.578+0000] {processor.py:768} INFO - DAG(s) dict_keys(['example_kubernetes_executor']) retrieved from /home/airflow/.local/lib/python3.7/site-packages/airflow/example_dags/example_kubernetes_executor.py
[2022-10-09T06:46:43.601+0000] {logging_mixin.py:117} INFO - [2022-10-09T06:46:43.601+0000] {dag.py:2573} INFO - Sync 1 DAGs
[2022-10-09T06:46:43.617+0000] {logging_mixin.py:117} INFO - [2022-10-09T06:46:43.617+0000] {dag.py:3328} INFO - Setting next_dagrun for example_kubernetes_executor to None, run_after=None
[2022-10-09T06:46:43.629+0000] {processor.py:178} INFO - Processing /home/airflow/.local/lib/python3.7/site-packages/airflow/example_dags/example_kubernetes_executor.py took 0.072 seconds
[2022-10-09T06:47:13.703+0000] {processor.py:156} INFO - Started process (PID=841) to work on /home/airflow/.local/lib/python3.7/site-packages/airflow/example_dags/example_kubernetes_executor.py
[2022-10-09T06:47:13.705+0000] {processor.py:758} INFO - Processing file /home/airflow/.local/lib/python3.7/site-packages/airflow/example_dags/example_kubernetes_executor.py for tasks to queue
[2022-10-09T06:47:13.707+0000] {logging_mixin.py:117} INFO - [2022-10-09T06:47:13.707+0000] {dagbag.py:525} INFO - Filling up the DagBag from /home/airflow/.local/lib/python3.7/site-packages/airflow/example_dags/example_kubernetes_executor.py
[2022-10-09T06:47:13.727+0000] {processor.py:768} INFO - DAG(s) dict_keys(['example_kubernetes_executor']) retrieved from /home/airflow/.local/lib/python3.7/site-packages/airflow/example_dags/example_kubernetes_executor.py
[2022-10-09T06:47:13.756+0000] {logging_mixin.py:117} INFO - [2022-10-09T06:47:13.756+0000] {dag.py:2573} INFO - Sync 1 DAGs
[2022-10-09T06:47:13.773+0000] {logging_mixin.py:117} INFO - [2022-10-09T06:47:13.773+0000] {dag.py:3328} INFO - Setting next_dagrun for example_kubernetes_executor to None, run_after=None
[2022-10-09T06:47:13.789+0000] {processor.py:178} INFO - Processing /home/airflow/.local/lib/python3.7/site-packages/airflow/example_dags/example_kubernetes_executor.py took 0.090 seconds
[2022-10-09T06:47:44.093+0000] {processor.py:156} INFO - Started process (PID=894) to work on /home/airflow/.local/lib/python3.7/site-packages/airflow/example_dags/example_kubernetes_executor.py
[2022-10-09T06:47:44.095+0000] {processor.py:758} INFO - Processing file /home/airflow/.local/lib/python3.7/site-packages/airflow/example_dags/example_kubernetes_executor.py for tasks to queue
[2022-10-09T06:47:44.096+0000] {logging_mixin.py:117} INFO - [2022-10-09T06:47:44.096+0000] {dagbag.py:525} INFO - Filling up the DagBag from /home/airflow/.local/lib/python3.7/site-packages/airflow/example_dags/example_kubernetes_executor.py
[2022-10-09T06:47:44.115+0000] {processor.py:768} INFO - DAG(s) dict_keys(['example_kubernetes_executor']) retrieved from /home/airflow/.local/lib/python3.7/site-packages/airflow/example_dags/example_kubernetes_executor.py
[2022-10-09T06:47:44.141+0000] {logging_mixin.py:117} INFO - [2022-10-09T06:47:44.141+0000] {dag.py:2573} INFO - Sync 1 DAGs
[2022-10-09T06:47:44.157+0000] {logging_mixin.py:117} INFO - [2022-10-09T06:47:44.157+0000] {dag.py:3328} INFO - Setting next_dagrun for example_kubernetes_executor to None, run_after=None
[2022-10-09T06:47:44.169+0000] {processor.py:178} INFO - Processing /home/airflow/.local/lib/python3.7/site-packages/airflow/example_dags/example_kubernetes_executor.py took 0.079 seconds
[2022-10-09T06:48:14.435+0000] {processor.py:156} INFO - Started process (PID=956) to work on /home/airflow/.local/lib/python3.7/site-packages/airflow/example_dags/example_kubernetes_executor.py
[2022-10-09T06:48:14.437+0000] {processor.py:758} INFO - Processing file /home/airflow/.local/lib/python3.7/site-packages/airflow/example_dags/example_kubernetes_executor.py for tasks to queue
[2022-10-09T06:48:14.438+0000] {logging_mixin.py:117} INFO - [2022-10-09T06:48:14.438+0000] {dagbag.py:525} INFO - Filling up the DagBag from /home/airflow/.local/lib/python3.7/site-packages/airflow/example_dags/example_kubernetes_executor.py
[2022-10-09T06:48:14.457+0000] {processor.py:768} INFO - DAG(s) dict_keys(['example_kubernetes_executor']) retrieved from /home/airflow/.local/lib/python3.7/site-packages/airflow/example_dags/example_kubernetes_executor.py
[2022-10-09T06:48:14.481+0000] {logging_mixin.py:117} INFO - [2022-10-09T06:48:14.481+0000] {dag.py:2573} INFO - Sync 1 DAGs
[2022-10-09T06:48:14.496+0000] {logging_mixin.py:117} INFO - [2022-10-09T06:48:14.496+0000] {dag.py:3328} INFO - Setting next_dagrun for example_kubernetes_executor to None, run_after=None
[2022-10-09T06:48:14.508+0000] {processor.py:178} INFO - Processing /home/airflow/.local/lib/python3.7/site-packages/airflow/example_dags/example_kubernetes_executor.py took 0.075 seconds
[2022-10-09T06:59:08.761+0000] {processor.py:156} INFO - Started process (PID=1010) to work on /home/airflow/.local/lib/python3.7/site-packages/airflow/example_dags/example_kubernetes_executor.py
[2022-10-09T06:59:08.768+0000] {processor.py:758} INFO - Processing file /home/airflow/.local/lib/python3.7/site-packages/airflow/example_dags/example_kubernetes_executor.py for tasks to queue
[2022-10-09T06:59:08.770+0000] {logging_mixin.py:117} INFO - [2022-10-09T06:59:08.770+0000] {dagbag.py:525} INFO - Filling up the DagBag from /home/airflow/.local/lib/python3.7/site-packages/airflow/example_dags/example_kubernetes_executor.py
[2022-10-09T06:59:08.814+0000] {processor.py:768} INFO - DAG(s) dict_keys(['example_kubernetes_executor']) retrieved from /home/airflow/.local/lib/python3.7/site-packages/airflow/example_dags/example_kubernetes_executor.py
[2022-10-09T06:59:08.875+0000] {logging_mixin.py:117} INFO - [2022-10-09T06:59:08.875+0000] {dag.py:2573} INFO - Sync 1 DAGs
[2022-10-09T06:59:08.899+0000] {logging_mixin.py:117} INFO - [2022-10-09T06:59:08.899+0000] {dag.py:3328} INFO - Setting next_dagrun for example_kubernetes_executor to None, run_after=None
[2022-10-09T06:59:08.922+0000] {processor.py:178} INFO - Processing /home/airflow/.local/lib/python3.7/site-packages/airflow/example_dags/example_kubernetes_executor.py took 0.167 seconds
[2022-10-09T06:59:39.132+0000] {processor.py:156} INFO - Started process (PID=1074) to work on /home/airflow/.local/lib/python3.7/site-packages/airflow/example_dags/example_kubernetes_executor.py
[2022-10-09T06:59:39.133+0000] {processor.py:758} INFO - Processing file /home/airflow/.local/lib/python3.7/site-packages/airflow/example_dags/example_kubernetes_executor.py for tasks to queue
[2022-10-09T06:59:39.134+0000] {logging_mixin.py:117} INFO - [2022-10-09T06:59:39.134+0000] {dagbag.py:525} INFO - Filling up the DagBag from /home/airflow/.local/lib/python3.7/site-packages/airflow/example_dags/example_kubernetes_executor.py
[2022-10-09T06:59:39.153+0000] {processor.py:768} INFO - DAG(s) dict_keys(['example_kubernetes_executor']) retrieved from /home/airflow/.local/lib/python3.7/site-packages/airflow/example_dags/example_kubernetes_executor.py
[2022-10-09T06:59:39.179+0000] {logging_mixin.py:117} INFO - [2022-10-09T06:59:39.179+0000] {dag.py:2573} INFO - Sync 1 DAGs
[2022-10-09T06:59:39.194+0000] {logging_mixin.py:117} INFO - [2022-10-09T06:59:39.194+0000] {dag.py:3328} INFO - Setting next_dagrun for example_kubernetes_executor to None, run_after=None
[2022-10-09T06:59:39.207+0000] {processor.py:178} INFO - Processing /home/airflow/.local/lib/python3.7/site-packages/airflow/example_dags/example_kubernetes_executor.py took 0.080 seconds
[2022-10-09T07:00:09.368+0000] {processor.py:156} INFO - Started process (PID=1128) to work on /home/airflow/.local/lib/python3.7/site-packages/airflow/example_dags/example_kubernetes_executor.py
[2022-10-09T07:00:09.370+0000] {processor.py:758} INFO - Processing file /home/airflow/.local/lib/python3.7/site-packages/airflow/example_dags/example_kubernetes_executor.py for tasks to queue
[2022-10-09T07:00:09.371+0000] {logging_mixin.py:117} INFO - [2022-10-09T07:00:09.370+0000] {dagbag.py:525} INFO - Filling up the DagBag from /home/airflow/.local/lib/python3.7/site-packages/airflow/example_dags/example_kubernetes_executor.py
[2022-10-09T07:00:09.390+0000] {processor.py:768} INFO - DAG(s) dict_keys(['example_kubernetes_executor']) retrieved from /home/airflow/.local/lib/python3.7/site-packages/airflow/example_dags/example_kubernetes_executor.py
[2022-10-09T07:00:09.415+0000] {logging_mixin.py:117} INFO - [2022-10-09T07:00:09.415+0000] {dag.py:2573} INFO - Sync 1 DAGs
[2022-10-09T07:00:09.430+0000] {logging_mixin.py:117} INFO - [2022-10-09T07:00:09.430+0000] {dag.py:3328} INFO - Setting next_dagrun for example_kubernetes_executor to None, run_after=None
[2022-10-09T07:00:09.442+0000] {processor.py:178} INFO - Processing /home/airflow/.local/lib/python3.7/site-packages/airflow/example_dags/example_kubernetes_executor.py took 0.076 seconds
[2022-10-09T07:00:40.030+0000] {processor.py:156} INFO - Started process (PID=1191) to work on /home/airflow/.local/lib/python3.7/site-packages/airflow/example_dags/example_kubernetes_executor.py
[2022-10-09T07:00:40.031+0000] {processor.py:758} INFO - Processing file /home/airflow/.local/lib/python3.7/site-packages/airflow/example_dags/example_kubernetes_executor.py for tasks to queue
[2022-10-09T07:00:40.033+0000] {logging_mixin.py:117} INFO - [2022-10-09T07:00:40.032+0000] {dagbag.py:525} INFO - Filling up the DagBag from /home/airflow/.local/lib/python3.7/site-packages/airflow/example_dags/example_kubernetes_executor.py
[2022-10-09T07:00:40.055+0000] {processor.py:768} INFO - DAG(s) dict_keys(['example_kubernetes_executor']) retrieved from /home/airflow/.local/lib/python3.7/site-packages/airflow/example_dags/example_kubernetes_executor.py
[2022-10-09T07:00:40.096+0000] {logging_mixin.py:117} INFO - [2022-10-09T07:00:40.096+0000] {dag.py:2573} INFO - Sync 1 DAGs
[2022-10-09T07:00:40.115+0000] {logging_mixin.py:117} INFO - [2022-10-09T07:00:40.115+0000] {dag.py:3328} INFO - Setting next_dagrun for example_kubernetes_executor to None, run_after=None
[2022-10-09T07:00:40.130+0000] {processor.py:178} INFO - Processing /home/airflow/.local/lib/python3.7/site-packages/airflow/example_dags/example_kubernetes_executor.py took 0.103 seconds
[2022-10-09T07:01:10.392+0000] {processor.py:156} INFO - Started process (PID=1253) to work on /home/airflow/.local/lib/python3.7/site-packages/airflow/example_dags/example_kubernetes_executor.py
[2022-10-09T07:01:10.393+0000] {processor.py:758} INFO - Processing file /home/airflow/.local/lib/python3.7/site-packages/airflow/example_dags/example_kubernetes_executor.py for tasks to queue
[2022-10-09T07:01:10.394+0000] {logging_mixin.py:117} INFO - [2022-10-09T07:01:10.394+0000] {dagbag.py:525} INFO - Filling up the DagBag from /home/airflow/.local/lib/python3.7/site-packages/airflow/example_dags/example_kubernetes_executor.py
[2022-10-09T07:01:10.412+0000] {processor.py:768} INFO - DAG(s) dict_keys(['example_kubernetes_executor']) retrieved from /home/airflow/.local/lib/python3.7/site-packages/airflow/example_dags/example_kubernetes_executor.py
[2022-10-09T07:01:10.438+0000] {logging_mixin.py:117} INFO - [2022-10-09T07:01:10.438+0000] {dag.py:2573} INFO - Sync 1 DAGs
[2022-10-09T07:01:10.452+0000] {logging_mixin.py:117} INFO - [2022-10-09T07:01:10.452+0000] {dag.py:3328} INFO - Setting next_dagrun for example_kubernetes_executor to None, run_after=None
[2022-10-09T07:01:10.464+0000] {processor.py:178} INFO - Processing /home/airflow/.local/lib/python3.7/site-packages/airflow/example_dags/example_kubernetes_executor.py took 0.074 seconds
[2022-10-09T07:01:40.587+0000] {processor.py:156} INFO - Started process (PID=1316) to work on /home/airflow/.local/lib/python3.7/site-packages/airflow/example_dags/example_kubernetes_executor.py
[2022-10-09T07:01:40.589+0000] {processor.py:758} INFO - Processing file /home/airflow/.local/lib/python3.7/site-packages/airflow/example_dags/example_kubernetes_executor.py for tasks to queue
[2022-10-09T07:01:40.590+0000] {logging_mixin.py:117} INFO - [2022-10-09T07:01:40.590+0000] {dagbag.py:525} INFO - Filling up the DagBag from /home/airflow/.local/lib/python3.7/site-packages/airflow/example_dags/example_kubernetes_executor.py
[2022-10-09T07:01:40.608+0000] {processor.py:768} INFO - DAG(s) dict_keys(['example_kubernetes_executor']) retrieved from /home/airflow/.local/lib/python3.7/site-packages/airflow/example_dags/example_kubernetes_executor.py
[2022-10-09T07:01:40.633+0000] {logging_mixin.py:117} INFO - [2022-10-09T07:01:40.633+0000] {dag.py:2573} INFO - Sync 1 DAGs
[2022-10-09T07:01:40.647+0000] {logging_mixin.py:117} INFO - [2022-10-09T07:01:40.647+0000] {dag.py:3328} INFO - Setting next_dagrun for example_kubernetes_executor to None, run_after=None
[2022-10-09T07:01:40.660+0000] {processor.py:178} INFO - Processing /home/airflow/.local/lib/python3.7/site-packages/airflow/example_dags/example_kubernetes_executor.py took 0.074 seconds
[2022-10-09T07:02:10.892+0000] {processor.py:156} INFO - Started process (PID=1379) to work on /home/airflow/.local/lib/python3.7/site-packages/airflow/example_dags/example_kubernetes_executor.py
[2022-10-09T07:02:10.894+0000] {processor.py:758} INFO - Processing file /home/airflow/.local/lib/python3.7/site-packages/airflow/example_dags/example_kubernetes_executor.py for tasks to queue
[2022-10-09T07:02:10.895+0000] {logging_mixin.py:117} INFO - [2022-10-09T07:02:10.895+0000] {dagbag.py:525} INFO - Filling up the DagBag from /home/airflow/.local/lib/python3.7/site-packages/airflow/example_dags/example_kubernetes_executor.py
[2022-10-09T07:02:10.916+0000] {processor.py:768} INFO - DAG(s) dict_keys(['example_kubernetes_executor']) retrieved from /home/airflow/.local/lib/python3.7/site-packages/airflow/example_dags/example_kubernetes_executor.py
[2022-10-09T07:02:10.941+0000] {logging_mixin.py:117} INFO - [2022-10-09T07:02:10.941+0000] {dag.py:2573} INFO - Sync 1 DAGs
[2022-10-09T07:02:10.957+0000] {logging_mixin.py:117} INFO - [2022-10-09T07:02:10.957+0000] {dag.py:3328} INFO - Setting next_dagrun for example_kubernetes_executor to None, run_after=None
[2022-10-09T07:02:10.971+0000] {processor.py:178} INFO - Processing /home/airflow/.local/lib/python3.7/site-packages/airflow/example_dags/example_kubernetes_executor.py took 0.081 seconds
[2022-10-09T07:02:41.222+0000] {processor.py:156} INFO - Started process (PID=1433) to work on /home/airflow/.local/lib/python3.7/site-packages/airflow/example_dags/example_kubernetes_executor.py
[2022-10-09T07:02:41.224+0000] {processor.py:758} INFO - Processing file /home/airflow/.local/lib/python3.7/site-packages/airflow/example_dags/example_kubernetes_executor.py for tasks to queue
[2022-10-09T07:02:41.225+0000] {logging_mixin.py:117} INFO - [2022-10-09T07:02:41.224+0000] {dagbag.py:525} INFO - Filling up the DagBag from /home/airflow/.local/lib/python3.7/site-packages/airflow/example_dags/example_kubernetes_executor.py
[2022-10-09T07:02:41.243+0000] {processor.py:768} INFO - DAG(s) dict_keys(['example_kubernetes_executor']) retrieved from /home/airflow/.local/lib/python3.7/site-packages/airflow/example_dags/example_kubernetes_executor.py
[2022-10-09T07:02:41.268+0000] {logging_mixin.py:117} INFO - [2022-10-09T07:02:41.267+0000] {dag.py:2573} INFO - Sync 1 DAGs
[2022-10-09T07:02:41.282+0000] {logging_mixin.py:117} INFO - [2022-10-09T07:02:41.282+0000] {dag.py:3328} INFO - Setting next_dagrun for example_kubernetes_executor to None, run_after=None
[2022-10-09T07:02:41.293+0000] {processor.py:178} INFO - Processing /home/airflow/.local/lib/python3.7/site-packages/airflow/example_dags/example_kubernetes_executor.py took 0.074 seconds
[2022-10-09T07:03:11.964+0000] {processor.py:156} INFO - Started process (PID=1496) to work on /home/airflow/.local/lib/python3.7/site-packages/airflow/example_dags/example_kubernetes_executor.py
[2022-10-09T07:03:11.965+0000] {processor.py:758} INFO - Processing file /home/airflow/.local/lib/python3.7/site-packages/airflow/example_dags/example_kubernetes_executor.py for tasks to queue
[2022-10-09T07:03:11.967+0000] {logging_mixin.py:117} INFO - [2022-10-09T07:03:11.967+0000] {dagbag.py:525} INFO - Filling up the DagBag from /home/airflow/.local/lib/python3.7/site-packages/airflow/example_dags/example_kubernetes_executor.py
[2022-10-09T07:03:11.984+0000] {processor.py:768} INFO - DAG(s) dict_keys(['example_kubernetes_executor']) retrieved from /home/airflow/.local/lib/python3.7/site-packages/airflow/example_dags/example_kubernetes_executor.py
[2022-10-09T07:03:12.010+0000] {logging_mixin.py:117} INFO - [2022-10-09T07:03:12.010+0000] {dag.py:2573} INFO - Sync 1 DAGs
[2022-10-09T07:03:12.024+0000] {logging_mixin.py:117} INFO - [2022-10-09T07:03:12.024+0000] {dag.py:3328} INFO - Setting next_dagrun for example_kubernetes_executor to None, run_after=None
[2022-10-09T07:03:12.037+0000] {processor.py:178} INFO - Processing /home/airflow/.local/lib/python3.7/site-packages/airflow/example_dags/example_kubernetes_executor.py took 0.075 seconds
[2022-10-09T07:03:42.174+0000] {processor.py:156} INFO - Started process (PID=1559) to work on /home/airflow/.local/lib/python3.7/site-packages/airflow/example_dags/example_kubernetes_executor.py
[2022-10-09T07:03:42.176+0000] {processor.py:758} INFO - Processing file /home/airflow/.local/lib/python3.7/site-packages/airflow/example_dags/example_kubernetes_executor.py for tasks to queue
[2022-10-09T07:03:42.177+0000] {logging_mixin.py:117} INFO - [2022-10-09T07:03:42.177+0000] {dagbag.py:525} INFO - Filling up the DagBag from /home/airflow/.local/lib/python3.7/site-packages/airflow/example_dags/example_kubernetes_executor.py
[2022-10-09T07:03:42.197+0000] {processor.py:768} INFO - DAG(s) dict_keys(['example_kubernetes_executor']) retrieved from /home/airflow/.local/lib/python3.7/site-packages/airflow/example_dags/example_kubernetes_executor.py
[2022-10-09T07:03:42.222+0000] {logging_mixin.py:117} INFO - [2022-10-09T07:03:42.222+0000] {dag.py:2573} INFO - Sync 1 DAGs
[2022-10-09T07:03:42.237+0000] {logging_mixin.py:117} INFO - [2022-10-09T07:03:42.237+0000] {dag.py:3328} INFO - Setting next_dagrun for example_kubernetes_executor to None, run_after=None
[2022-10-09T07:03:42.248+0000] {processor.py:178} INFO - Processing /home/airflow/.local/lib/python3.7/site-packages/airflow/example_dags/example_kubernetes_executor.py took 0.076 seconds
[2022-10-09T07:04:12.406+0000] {processor.py:156} INFO - Started process (PID=1621) to work on /home/airflow/.local/lib/python3.7/site-packages/airflow/example_dags/example_kubernetes_executor.py
[2022-10-09T07:04:12.408+0000] {processor.py:758} INFO - Processing file /home/airflow/.local/lib/python3.7/site-packages/airflow/example_dags/example_kubernetes_executor.py for tasks to queue
[2022-10-09T07:04:12.409+0000] {logging_mixin.py:117} INFO - [2022-10-09T07:04:12.409+0000] {dagbag.py:525} INFO - Filling up the DagBag from /home/airflow/.local/lib/python3.7/site-packages/airflow/example_dags/example_kubernetes_executor.py
[2022-10-09T07:04:12.426+0000] {processor.py:768} INFO - DAG(s) dict_keys(['example_kubernetes_executor']) retrieved from /home/airflow/.local/lib/python3.7/site-packages/airflow/example_dags/example_kubernetes_executor.py
[2022-10-09T07:04:12.454+0000] {logging_mixin.py:117} INFO - [2022-10-09T07:04:12.454+0000] {dag.py:2573} INFO - Sync 1 DAGs
[2022-10-09T07:04:12.474+0000] {logging_mixin.py:117} INFO - [2022-10-09T07:04:12.474+0000] {dag.py:3328} INFO - Setting next_dagrun for example_kubernetes_executor to None, run_after=None
[2022-10-09T07:04:12.493+0000] {processor.py:178} INFO - Processing /home/airflow/.local/lib/python3.7/site-packages/airflow/example_dags/example_kubernetes_executor.py took 0.089 seconds
[2022-10-09T07:04:42.971+0000] {processor.py:156} INFO - Started process (PID=1684) to work on /home/airflow/.local/lib/python3.7/site-packages/airflow/example_dags/example_kubernetes_executor.py
[2022-10-09T07:04:42.973+0000] {processor.py:758} INFO - Processing file /home/airflow/.local/lib/python3.7/site-packages/airflow/example_dags/example_kubernetes_executor.py for tasks to queue
[2022-10-09T07:04:42.975+0000] {logging_mixin.py:117} INFO - [2022-10-09T07:04:42.975+0000] {dagbag.py:525} INFO - Filling up the DagBag from /home/airflow/.local/lib/python3.7/site-packages/airflow/example_dags/example_kubernetes_executor.py
[2022-10-09T07:04:42.997+0000] {processor.py:768} INFO - DAG(s) dict_keys(['example_kubernetes_executor']) retrieved from /home/airflow/.local/lib/python3.7/site-packages/airflow/example_dags/example_kubernetes_executor.py
[2022-10-09T07:04:43.025+0000] {logging_mixin.py:117} INFO - [2022-10-09T07:04:43.025+0000] {dag.py:2573} INFO - Sync 1 DAGs
[2022-10-09T07:04:43.042+0000] {logging_mixin.py:117} INFO - [2022-10-09T07:04:43.042+0000] {dag.py:3328} INFO - Setting next_dagrun for example_kubernetes_executor to None, run_after=None
[2022-10-09T07:04:43.055+0000] {processor.py:178} INFO - Processing /home/airflow/.local/lib/python3.7/site-packages/airflow/example_dags/example_kubernetes_executor.py took 0.086 seconds
[2022-10-09T07:05:13.684+0000] {processor.py:156} INFO - Started process (PID=1744) to work on /home/airflow/.local/lib/python3.7/site-packages/airflow/example_dags/example_kubernetes_executor.py
[2022-10-09T07:05:13.685+0000] {processor.py:758} INFO - Processing file /home/airflow/.local/lib/python3.7/site-packages/airflow/example_dags/example_kubernetes_executor.py for tasks to queue
[2022-10-09T07:05:13.686+0000] {logging_mixin.py:117} INFO - [2022-10-09T07:05:13.686+0000] {dagbag.py:525} INFO - Filling up the DagBag from /home/airflow/.local/lib/python3.7/site-packages/airflow/example_dags/example_kubernetes_executor.py
[2022-10-09T07:05:13.743+0000] {processor.py:768} INFO - DAG(s) dict_keys(['example_kubernetes_executor']) retrieved from /home/airflow/.local/lib/python3.7/site-packages/airflow/example_dags/example_kubernetes_executor.py
[2022-10-09T07:05:13.797+0000] {logging_mixin.py:117} INFO - [2022-10-09T07:05:13.797+0000] {dag.py:2573} INFO - Sync 1 DAGs
[2022-10-09T07:05:13.820+0000] {logging_mixin.py:117} INFO - [2022-10-09T07:05:13.820+0000] {dag.py:3328} INFO - Setting next_dagrun for example_kubernetes_executor to None, run_after=None
[2022-10-09T07:05:13.859+0000] {processor.py:178} INFO - Processing /home/airflow/.local/lib/python3.7/site-packages/airflow/example_dags/example_kubernetes_executor.py took 0.179 seconds
[2022-10-09T07:05:44.161+0000] {processor.py:156} INFO - Started process (PID=1801) to work on /home/airflow/.local/lib/python3.7/site-packages/airflow/example_dags/example_kubernetes_executor.py
[2022-10-09T07:05:44.163+0000] {processor.py:758} INFO - Processing file /home/airflow/.local/lib/python3.7/site-packages/airflow/example_dags/example_kubernetes_executor.py for tasks to queue
[2022-10-09T07:05:44.164+0000] {logging_mixin.py:117} INFO - [2022-10-09T07:05:44.164+0000] {dagbag.py:525} INFO - Filling up the DagBag from /home/airflow/.local/lib/python3.7/site-packages/airflow/example_dags/example_kubernetes_executor.py
[2022-10-09T07:05:44.184+0000] {processor.py:768} INFO - DAG(s) dict_keys(['example_kubernetes_executor']) retrieved from /home/airflow/.local/lib/python3.7/site-packages/airflow/example_dags/example_kubernetes_executor.py
[2022-10-09T07:05:44.215+0000] {logging_mixin.py:117} INFO - [2022-10-09T07:05:44.215+0000] {dag.py:2573} INFO - Sync 1 DAGs
[2022-10-09T07:05:44.232+0000] {logging_mixin.py:117} INFO - [2022-10-09T07:05:44.232+0000] {dag.py:3328} INFO - Setting next_dagrun for example_kubernetes_executor to None, run_after=None
[2022-10-09T07:05:44.243+0000] {processor.py:178} INFO - Processing /home/airflow/.local/lib/python3.7/site-packages/airflow/example_dags/example_kubernetes_executor.py took 0.085 seconds
[2022-10-09T07:06:15.065+0000] {processor.py:156} INFO - Started process (PID=1864) to work on /home/airflow/.local/lib/python3.7/site-packages/airflow/example_dags/example_kubernetes_executor.py
[2022-10-09T07:06:15.069+0000] {processor.py:758} INFO - Processing file /home/airflow/.local/lib/python3.7/site-packages/airflow/example_dags/example_kubernetes_executor.py for tasks to queue
[2022-10-09T07:06:15.071+0000] {logging_mixin.py:117} INFO - [2022-10-09T07:06:15.071+0000] {dagbag.py:525} INFO - Filling up the DagBag from /home/airflow/.local/lib/python3.7/site-packages/airflow/example_dags/example_kubernetes_executor.py
[2022-10-09T07:06:15.101+0000] {processor.py:768} INFO - DAG(s) dict_keys(['example_kubernetes_executor']) retrieved from /home/airflow/.local/lib/python3.7/site-packages/airflow/example_dags/example_kubernetes_executor.py
[2022-10-09T07:06:15.138+0000] {logging_mixin.py:117} INFO - [2022-10-09T07:06:15.138+0000] {dag.py:2573} INFO - Sync 1 DAGs
[2022-10-09T07:06:15.163+0000] {logging_mixin.py:117} INFO - [2022-10-09T07:06:15.163+0000] {dag.py:3328} INFO - Setting next_dagrun for example_kubernetes_executor to None, run_after=None
[2022-10-09T07:06:15.184+0000] {processor.py:178} INFO - Processing /home/airflow/.local/lib/python3.7/site-packages/airflow/example_dags/example_kubernetes_executor.py took 0.121 seconds
[2022-10-09T07:06:45.212+0000] {processor.py:156} INFO - Started process (PID=1926) to work on /home/airflow/.local/lib/python3.7/site-packages/airflow/example_dags/example_kubernetes_executor.py
[2022-10-09T07:06:45.214+0000] {processor.py:758} INFO - Processing file /home/airflow/.local/lib/python3.7/site-packages/airflow/example_dags/example_kubernetes_executor.py for tasks to queue
[2022-10-09T07:06:45.216+0000] {logging_mixin.py:117} INFO - [2022-10-09T07:06:45.215+0000] {dagbag.py:525} INFO - Filling up the DagBag from /home/airflow/.local/lib/python3.7/site-packages/airflow/example_dags/example_kubernetes_executor.py
[2022-10-09T07:06:45.234+0000] {processor.py:768} INFO - DAG(s) dict_keys(['example_kubernetes_executor']) retrieved from /home/airflow/.local/lib/python3.7/site-packages/airflow/example_dags/example_kubernetes_executor.py
[2022-10-09T07:06:45.257+0000] {logging_mixin.py:117} INFO - [2022-10-09T07:06:45.257+0000] {dag.py:2573} INFO - Sync 1 DAGs
[2022-10-09T07:06:45.271+0000] {logging_mixin.py:117} INFO - [2022-10-09T07:06:45.271+0000] {dag.py:3328} INFO - Setting next_dagrun for example_kubernetes_executor to None, run_after=None
[2022-10-09T07:06:45.283+0000] {processor.py:178} INFO - Processing /home/airflow/.local/lib/python3.7/site-packages/airflow/example_dags/example_kubernetes_executor.py took 0.073 seconds
[2022-10-09T07:07:15.366+0000] {processor.py:156} INFO - Started process (PID=1991) to work on /home/airflow/.local/lib/python3.7/site-packages/airflow/example_dags/example_kubernetes_executor.py
[2022-10-09T07:07:15.368+0000] {processor.py:758} INFO - Processing file /home/airflow/.local/lib/python3.7/site-packages/airflow/example_dags/example_kubernetes_executor.py for tasks to queue
[2022-10-09T07:07:15.369+0000] {logging_mixin.py:117} INFO - [2022-10-09T07:07:15.369+0000] {dagbag.py:525} INFO - Filling up the DagBag from /home/airflow/.local/lib/python3.7/site-packages/airflow/example_dags/example_kubernetes_executor.py
[2022-10-09T07:07:15.388+0000] {processor.py:768} INFO - DAG(s) dict_keys(['example_kubernetes_executor']) retrieved from /home/airflow/.local/lib/python3.7/site-packages/airflow/example_dags/example_kubernetes_executor.py
[2022-10-09T07:07:15.422+0000] {logging_mixin.py:117} INFO - [2022-10-09T07:07:15.422+0000] {dag.py:2573} INFO - Sync 1 DAGs
[2022-10-09T07:07:15.442+0000] {logging_mixin.py:117} INFO - [2022-10-09T07:07:15.442+0000] {dag.py:3328} INFO - Setting next_dagrun for example_kubernetes_executor to None, run_after=None
[2022-10-09T07:07:15.457+0000] {processor.py:178} INFO - Processing /home/airflow/.local/lib/python3.7/site-packages/airflow/example_dags/example_kubernetes_executor.py took 0.093 seconds
[2022-10-09T07:07:46.020+0000] {processor.py:156} INFO - Started process (PID=2055) to work on /home/airflow/.local/lib/python3.7/site-packages/airflow/example_dags/example_kubernetes_executor.py
[2022-10-09T07:07:46.022+0000] {processor.py:758} INFO - Processing file /home/airflow/.local/lib/python3.7/site-packages/airflow/example_dags/example_kubernetes_executor.py for tasks to queue
[2022-10-09T07:07:46.024+0000] {logging_mixin.py:117} INFO - [2022-10-09T07:07:46.024+0000] {dagbag.py:525} INFO - Filling up the DagBag from /home/airflow/.local/lib/python3.7/site-packages/airflow/example_dags/example_kubernetes_executor.py
[2022-10-09T07:07:46.046+0000] {processor.py:768} INFO - DAG(s) dict_keys(['example_kubernetes_executor']) retrieved from /home/airflow/.local/lib/python3.7/site-packages/airflow/example_dags/example_kubernetes_executor.py
[2022-10-09T07:07:46.071+0000] {logging_mixin.py:117} INFO - [2022-10-09T07:07:46.071+0000] {dag.py:2573} INFO - Sync 1 DAGs
[2022-10-09T07:07:46.087+0000] {logging_mixin.py:117} INFO - [2022-10-09T07:07:46.087+0000] {dag.py:3328} INFO - Setting next_dagrun for example_kubernetes_executor to None, run_after=None
[2022-10-09T07:07:46.100+0000] {processor.py:178} INFO - Processing /home/airflow/.local/lib/python3.7/site-packages/airflow/example_dags/example_kubernetes_executor.py took 0.082 seconds
[2022-10-09T07:08:16.355+0000] {processor.py:156} INFO - Started process (PID=2110) to work on /home/airflow/.local/lib/python3.7/site-packages/airflow/example_dags/example_kubernetes_executor.py
[2022-10-09T07:08:16.356+0000] {processor.py:758} INFO - Processing file /home/airflow/.local/lib/python3.7/site-packages/airflow/example_dags/example_kubernetes_executor.py for tasks to queue
[2022-10-09T07:08:16.358+0000] {logging_mixin.py:117} INFO - [2022-10-09T07:08:16.358+0000] {dagbag.py:525} INFO - Filling up the DagBag from /home/airflow/.local/lib/python3.7/site-packages/airflow/example_dags/example_kubernetes_executor.py
[2022-10-09T07:08:16.380+0000] {processor.py:768} INFO - DAG(s) dict_keys(['example_kubernetes_executor']) retrieved from /home/airflow/.local/lib/python3.7/site-packages/airflow/example_dags/example_kubernetes_executor.py
[2022-10-09T07:08:16.406+0000] {logging_mixin.py:117} INFO - [2022-10-09T07:08:16.406+0000] {dag.py:2573} INFO - Sync 1 DAGs
[2022-10-09T07:08:16.422+0000] {logging_mixin.py:117} INFO - [2022-10-09T07:08:16.422+0000] {dag.py:3328} INFO - Setting next_dagrun for example_kubernetes_executor to None, run_after=None
[2022-10-09T07:08:16.434+0000] {processor.py:178} INFO - Processing /home/airflow/.local/lib/python3.7/site-packages/airflow/example_dags/example_kubernetes_executor.py took 0.081 seconds
[2022-10-09T07:08:46.879+0000] {processor.py:156} INFO - Started process (PID=2173) to work on /home/airflow/.local/lib/python3.7/site-packages/airflow/example_dags/example_kubernetes_executor.py
[2022-10-09T07:08:46.881+0000] {processor.py:758} INFO - Processing file /home/airflow/.local/lib/python3.7/site-packages/airflow/example_dags/example_kubernetes_executor.py for tasks to queue
[2022-10-09T07:08:46.884+0000] {logging_mixin.py:117} INFO - [2022-10-09T07:08:46.884+0000] {dagbag.py:525} INFO - Filling up the DagBag from /home/airflow/.local/lib/python3.7/site-packages/airflow/example_dags/example_kubernetes_executor.py
[2022-10-09T07:08:46.914+0000] {processor.py:768} INFO - DAG(s) dict_keys(['example_kubernetes_executor']) retrieved from /home/airflow/.local/lib/python3.7/site-packages/airflow/example_dags/example_kubernetes_executor.py
[2022-10-09T07:08:46.937+0000] {logging_mixin.py:117} INFO - [2022-10-09T07:08:46.937+0000] {dag.py:2573} INFO - Sync 1 DAGs
[2022-10-09T07:08:46.951+0000] {logging_mixin.py:117} INFO - [2022-10-09T07:08:46.951+0000] {dag.py:3328} INFO - Setting next_dagrun for example_kubernetes_executor to None, run_after=None
[2022-10-09T07:08:46.962+0000] {processor.py:178} INFO - Processing /home/airflow/.local/lib/python3.7/site-packages/airflow/example_dags/example_kubernetes_executor.py took 0.085 seconds
[2022-10-09T07:09:17.018+0000] {processor.py:156} INFO - Started process (PID=2237) to work on /home/airflow/.local/lib/python3.7/site-packages/airflow/example_dags/example_kubernetes_executor.py
[2022-10-09T07:09:17.019+0000] {processor.py:758} INFO - Processing file /home/airflow/.local/lib/python3.7/site-packages/airflow/example_dags/example_kubernetes_executor.py for tasks to queue
[2022-10-09T07:09:17.021+0000] {logging_mixin.py:117} INFO - [2022-10-09T07:09:17.021+0000] {dagbag.py:525} INFO - Filling up the DagBag from /home/airflow/.local/lib/python3.7/site-packages/airflow/example_dags/example_kubernetes_executor.py
[2022-10-09T07:09:17.037+0000] {processor.py:768} INFO - DAG(s) dict_keys(['example_kubernetes_executor']) retrieved from /home/airflow/.local/lib/python3.7/site-packages/airflow/example_dags/example_kubernetes_executor.py
[2022-10-09T07:09:17.061+0000] {logging_mixin.py:117} INFO - [2022-10-09T07:09:17.061+0000] {dag.py:2573} INFO - Sync 1 DAGs
[2022-10-09T07:09:17.074+0000] {logging_mixin.py:117} INFO - [2022-10-09T07:09:17.074+0000] {dag.py:3328} INFO - Setting next_dagrun for example_kubernetes_executor to None, run_after=None
[2022-10-09T07:09:17.085+0000] {processor.py:178} INFO - Processing /home/airflow/.local/lib/python3.7/site-packages/airflow/example_dags/example_kubernetes_executor.py took 0.069 seconds
[2022-10-09T07:09:47.324+0000] {processor.py:156} INFO - Started process (PID=2299) to work on /home/airflow/.local/lib/python3.7/site-packages/airflow/example_dags/example_kubernetes_executor.py
[2022-10-09T07:09:47.326+0000] {processor.py:758} INFO - Processing file /home/airflow/.local/lib/python3.7/site-packages/airflow/example_dags/example_kubernetes_executor.py for tasks to queue
[2022-10-09T07:09:47.327+0000] {logging_mixin.py:117} INFO - [2022-10-09T07:09:47.327+0000] {dagbag.py:525} INFO - Filling up the DagBag from /home/airflow/.local/lib/python3.7/site-packages/airflow/example_dags/example_kubernetes_executor.py
[2022-10-09T07:09:47.345+0000] {processor.py:768} INFO - DAG(s) dict_keys(['example_kubernetes_executor']) retrieved from /home/airflow/.local/lib/python3.7/site-packages/airflow/example_dags/example_kubernetes_executor.py
[2022-10-09T07:09:47.375+0000] {logging_mixin.py:117} INFO - [2022-10-09T07:09:47.374+0000] {dag.py:2573} INFO - Sync 1 DAGs
[2022-10-09T07:09:47.388+0000] {logging_mixin.py:117} INFO - [2022-10-09T07:09:47.388+0000] {dag.py:3328} INFO - Setting next_dagrun for example_kubernetes_executor to None, run_after=None
[2022-10-09T07:09:47.400+0000] {processor.py:178} INFO - Processing /home/airflow/.local/lib/python3.7/site-packages/airflow/example_dags/example_kubernetes_executor.py took 0.078 seconds
[2022-10-09T07:10:18.025+0000] {processor.py:156} INFO - Started process (PID=2361) to work on /home/airflow/.local/lib/python3.7/site-packages/airflow/example_dags/example_kubernetes_executor.py
[2022-10-09T07:10:18.027+0000] {processor.py:758} INFO - Processing file /home/airflow/.local/lib/python3.7/site-packages/airflow/example_dags/example_kubernetes_executor.py for tasks to queue
[2022-10-09T07:10:18.028+0000] {logging_mixin.py:117} INFO - [2022-10-09T07:10:18.028+0000] {dagbag.py:525} INFO - Filling up the DagBag from /home/airflow/.local/lib/python3.7/site-packages/airflow/example_dags/example_kubernetes_executor.py
[2022-10-09T07:10:18.049+0000] {processor.py:768} INFO - DAG(s) dict_keys(['example_kubernetes_executor']) retrieved from /home/airflow/.local/lib/python3.7/site-packages/airflow/example_dags/example_kubernetes_executor.py
[2022-10-09T07:10:18.072+0000] {logging_mixin.py:117} INFO - [2022-10-09T07:10:18.071+0000] {dag.py:2573} INFO - Sync 1 DAGs
[2022-10-09T07:10:18.086+0000] {logging_mixin.py:117} INFO - [2022-10-09T07:10:18.086+0000] {dag.py:3328} INFO - Setting next_dagrun for example_kubernetes_executor to None, run_after=None
[2022-10-09T07:10:18.100+0000] {processor.py:178} INFO - Processing /home/airflow/.local/lib/python3.7/site-packages/airflow/example_dags/example_kubernetes_executor.py took 0.076 seconds
[2022-10-09T07:10:48.524+0000] {processor.py:156} INFO - Started process (PID=2415) to work on /home/airflow/.local/lib/python3.7/site-packages/airflow/example_dags/example_kubernetes_executor.py
[2022-10-09T07:10:48.526+0000] {processor.py:758} INFO - Processing file /home/airflow/.local/lib/python3.7/site-packages/airflow/example_dags/example_kubernetes_executor.py for tasks to queue
[2022-10-09T07:10:48.528+0000] {logging_mixin.py:117} INFO - [2022-10-09T07:10:48.528+0000] {dagbag.py:525} INFO - Filling up the DagBag from /home/airflow/.local/lib/python3.7/site-packages/airflow/example_dags/example_kubernetes_executor.py
[2022-10-09T07:10:48.551+0000] {processor.py:768} INFO - DAG(s) dict_keys(['example_kubernetes_executor']) retrieved from /home/airflow/.local/lib/python3.7/site-packages/airflow/example_dags/example_kubernetes_executor.py
[2022-10-09T07:10:48.582+0000] {logging_mixin.py:117} INFO - [2022-10-09T07:10:48.582+0000] {dag.py:2573} INFO - Sync 1 DAGs
[2022-10-09T07:10:48.599+0000] {logging_mixin.py:117} INFO - [2022-10-09T07:10:48.599+0000] {dag.py:3328} INFO - Setting next_dagrun for example_kubernetes_executor to None, run_after=None
[2022-10-09T07:10:48.614+0000] {processor.py:178} INFO - Processing /home/airflow/.local/lib/python3.7/site-packages/airflow/example_dags/example_kubernetes_executor.py took 0.093 seconds
[2022-10-09T07:11:19.036+0000] {processor.py:156} INFO - Started process (PID=2478) to work on /home/airflow/.local/lib/python3.7/site-packages/airflow/example_dags/example_kubernetes_executor.py
[2022-10-09T07:11:19.038+0000] {processor.py:758} INFO - Processing file /home/airflow/.local/lib/python3.7/site-packages/airflow/example_dags/example_kubernetes_executor.py for tasks to queue
[2022-10-09T07:11:19.039+0000] {logging_mixin.py:117} INFO - [2022-10-09T07:11:19.039+0000] {dagbag.py:525} INFO - Filling up the DagBag from /home/airflow/.local/lib/python3.7/site-packages/airflow/example_dags/example_kubernetes_executor.py
[2022-10-09T07:11:19.056+0000] {processor.py:768} INFO - DAG(s) dict_keys(['example_kubernetes_executor']) retrieved from /home/airflow/.local/lib/python3.7/site-packages/airflow/example_dags/example_kubernetes_executor.py
[2022-10-09T07:11:19.082+0000] {logging_mixin.py:117} INFO - [2022-10-09T07:11:19.082+0000] {dag.py:2573} INFO - Sync 1 DAGs
[2022-10-09T07:11:19.096+0000] {logging_mixin.py:117} INFO - [2022-10-09T07:11:19.096+0000] {dag.py:3328} INFO - Setting next_dagrun for example_kubernetes_executor to None, run_after=None
[2022-10-09T07:11:19.107+0000] {processor.py:178} INFO - Processing /home/airflow/.local/lib/python3.7/site-packages/airflow/example_dags/example_kubernetes_executor.py took 0.073 seconds
[2022-10-09T07:11:49.528+0000] {processor.py:156} INFO - Started process (PID=2541) to work on /home/airflow/.local/lib/python3.7/site-packages/airflow/example_dags/example_kubernetes_executor.py
[2022-10-09T07:11:49.530+0000] {processor.py:758} INFO - Processing file /home/airflow/.local/lib/python3.7/site-packages/airflow/example_dags/example_kubernetes_executor.py for tasks to queue
[2022-10-09T07:11:49.531+0000] {logging_mixin.py:117} INFO - [2022-10-09T07:11:49.531+0000] {dagbag.py:525} INFO - Filling up the DagBag from /home/airflow/.local/lib/python3.7/site-packages/airflow/example_dags/example_kubernetes_executor.py
[2022-10-09T07:11:49.555+0000] {processor.py:768} INFO - DAG(s) dict_keys(['example_kubernetes_executor']) retrieved from /home/airflow/.local/lib/python3.7/site-packages/airflow/example_dags/example_kubernetes_executor.py
[2022-10-09T07:11:49.581+0000] {logging_mixin.py:117} INFO - [2022-10-09T07:11:49.580+0000] {dag.py:2573} INFO - Sync 1 DAGs
[2022-10-09T07:11:49.596+0000] {logging_mixin.py:117} INFO - [2022-10-09T07:11:49.595+0000] {dag.py:3328} INFO - Setting next_dagrun for example_kubernetes_executor to None, run_after=None
[2022-10-09T07:11:49.608+0000] {processor.py:178} INFO - Processing /home/airflow/.local/lib/python3.7/site-packages/airflow/example_dags/example_kubernetes_executor.py took 0.082 seconds
[2022-10-09T07:12:20.647+0000] {processor.py:156} INFO - Started process (PID=2604) to work on /home/airflow/.local/lib/python3.7/site-packages/airflow/example_dags/example_kubernetes_executor.py
[2022-10-09T07:12:20.648+0000] {processor.py:758} INFO - Processing file /home/airflow/.local/lib/python3.7/site-packages/airflow/example_dags/example_kubernetes_executor.py for tasks to queue
[2022-10-09T07:12:20.649+0000] {logging_mixin.py:117} INFO - [2022-10-09T07:12:20.649+0000] {dagbag.py:525} INFO - Filling up the DagBag from /home/airflow/.local/lib/python3.7/site-packages/airflow/example_dags/example_kubernetes_executor.py
[2022-10-09T07:12:20.666+0000] {processor.py:768} INFO - DAG(s) dict_keys(['example_kubernetes_executor']) retrieved from /home/airflow/.local/lib/python3.7/site-packages/airflow/example_dags/example_kubernetes_executor.py
[2022-10-09T07:12:20.690+0000] {logging_mixin.py:117} INFO - [2022-10-09T07:12:20.690+0000] {dag.py:2573} INFO - Sync 1 DAGs
[2022-10-09T07:12:20.703+0000] {logging_mixin.py:117} INFO - [2022-10-09T07:12:20.703+0000] {dag.py:3328} INFO - Setting next_dagrun for example_kubernetes_executor to None, run_after=None
[2022-10-09T07:12:20.713+0000] {processor.py:178} INFO - Processing /home/airflow/.local/lib/python3.7/site-packages/airflow/example_dags/example_kubernetes_executor.py took 0.068 seconds
[2022-10-09T07:12:50.963+0000] {processor.py:156} INFO - Started process (PID=2667) to work on /home/airflow/.local/lib/python3.7/site-packages/airflow/example_dags/example_kubernetes_executor.py
[2022-10-09T07:12:50.965+0000] {processor.py:758} INFO - Processing file /home/airflow/.local/lib/python3.7/site-packages/airflow/example_dags/example_kubernetes_executor.py for tasks to queue
[2022-10-09T07:12:50.966+0000] {logging_mixin.py:117} INFO - [2022-10-09T07:12:50.966+0000] {dagbag.py:525} INFO - Filling up the DagBag from /home/airflow/.local/lib/python3.7/site-packages/airflow/example_dags/example_kubernetes_executor.py
[2022-10-09T07:12:50.986+0000] {processor.py:768} INFO - DAG(s) dict_keys(['example_kubernetes_executor']) retrieved from /home/airflow/.local/lib/python3.7/site-packages/airflow/example_dags/example_kubernetes_executor.py
[2022-10-09T07:12:51.013+0000] {logging_mixin.py:117} INFO - [2022-10-09T07:12:51.013+0000] {dag.py:2573} INFO - Sync 1 DAGs
[2022-10-09T07:12:51.029+0000] {logging_mixin.py:117} INFO - [2022-10-09T07:12:51.029+0000] {dag.py:3328} INFO - Setting next_dagrun for example_kubernetes_executor to None, run_after=None
[2022-10-09T07:12:51.043+0000] {processor.py:178} INFO - Processing /home/airflow/.local/lib/python3.7/site-packages/airflow/example_dags/example_kubernetes_executor.py took 0.083 seconds
[2022-10-09T07:13:21.394+0000] {processor.py:156} INFO - Started process (PID=2731) to work on /home/airflow/.local/lib/python3.7/site-packages/airflow/example_dags/example_kubernetes_executor.py
[2022-10-09T07:13:21.396+0000] {processor.py:758} INFO - Processing file /home/airflow/.local/lib/python3.7/site-packages/airflow/example_dags/example_kubernetes_executor.py for tasks to queue
[2022-10-09T07:13:21.398+0000] {logging_mixin.py:117} INFO - [2022-10-09T07:13:21.398+0000] {dagbag.py:525} INFO - Filling up the DagBag from /home/airflow/.local/lib/python3.7/site-packages/airflow/example_dags/example_kubernetes_executor.py
[2022-10-09T07:13:21.418+0000] {processor.py:768} INFO - DAG(s) dict_keys(['example_kubernetes_executor']) retrieved from /home/airflow/.local/lib/python3.7/site-packages/airflow/example_dags/example_kubernetes_executor.py
[2022-10-09T07:13:21.451+0000] {logging_mixin.py:117} INFO - [2022-10-09T07:13:21.451+0000] {dag.py:2573} INFO - Sync 1 DAGs
[2022-10-09T07:13:21.471+0000] {logging_mixin.py:117} INFO - [2022-10-09T07:13:21.471+0000] {dag.py:3328} INFO - Setting next_dagrun for example_kubernetes_executor to None, run_after=None
[2022-10-09T07:13:21.485+0000] {processor.py:178} INFO - Processing /home/airflow/.local/lib/python3.7/site-packages/airflow/example_dags/example_kubernetes_executor.py took 0.094 seconds
[2022-10-09T07:13:51.868+0000] {processor.py:156} INFO - Started process (PID=2784) to work on /home/airflow/.local/lib/python3.7/site-packages/airflow/example_dags/example_kubernetes_executor.py
[2022-10-09T07:13:51.870+0000] {processor.py:758} INFO - Processing file /home/airflow/.local/lib/python3.7/site-packages/airflow/example_dags/example_kubernetes_executor.py for tasks to queue
[2022-10-09T07:13:51.871+0000] {logging_mixin.py:117} INFO - [2022-10-09T07:13:51.871+0000] {dagbag.py:525} INFO - Filling up the DagBag from /home/airflow/.local/lib/python3.7/site-packages/airflow/example_dags/example_kubernetes_executor.py
[2022-10-09T07:13:51.892+0000] {processor.py:768} INFO - DAG(s) dict_keys(['example_kubernetes_executor']) retrieved from /home/airflow/.local/lib/python3.7/site-packages/airflow/example_dags/example_kubernetes_executor.py
[2022-10-09T07:13:51.920+0000] {logging_mixin.py:117} INFO - [2022-10-09T07:13:51.920+0000] {dag.py:2573} INFO - Sync 1 DAGs
[2022-10-09T07:13:51.935+0000] {logging_mixin.py:117} INFO - [2022-10-09T07:13:51.935+0000] {dag.py:3328} INFO - Setting next_dagrun for example_kubernetes_executor to None, run_after=None
[2022-10-09T07:13:51.947+0000] {processor.py:178} INFO - Processing /home/airflow/.local/lib/python3.7/site-packages/airflow/example_dags/example_kubernetes_executor.py took 0.080 seconds
[2022-10-09T07:14:22.337+0000] {processor.py:156} INFO - Started process (PID=2846) to work on /home/airflow/.local/lib/python3.7/site-packages/airflow/example_dags/example_kubernetes_executor.py
[2022-10-09T07:14:22.339+0000] {processor.py:758} INFO - Processing file /home/airflow/.local/lib/python3.7/site-packages/airflow/example_dags/example_kubernetes_executor.py for tasks to queue
[2022-10-09T07:14:22.341+0000] {logging_mixin.py:117} INFO - [2022-10-09T07:14:22.340+0000] {dagbag.py:525} INFO - Filling up the DagBag from /home/airflow/.local/lib/python3.7/site-packages/airflow/example_dags/example_kubernetes_executor.py
[2022-10-09T07:14:22.361+0000] {processor.py:768} INFO - DAG(s) dict_keys(['example_kubernetes_executor']) retrieved from /home/airflow/.local/lib/python3.7/site-packages/airflow/example_dags/example_kubernetes_executor.py
[2022-10-09T07:14:22.391+0000] {logging_mixin.py:117} INFO - [2022-10-09T07:14:22.391+0000] {dag.py:2573} INFO - Sync 1 DAGs
[2022-10-09T07:14:22.406+0000] {logging_mixin.py:117} INFO - [2022-10-09T07:14:22.406+0000] {dag.py:3328} INFO - Setting next_dagrun for example_kubernetes_executor to None, run_after=None
[2022-10-09T07:14:22.423+0000] {processor.py:178} INFO - Processing /home/airflow/.local/lib/python3.7/site-packages/airflow/example_dags/example_kubernetes_executor.py took 0.088 seconds
[2022-10-09T07:14:52.699+0000] {processor.py:156} INFO - Started process (PID=2910) to work on /home/airflow/.local/lib/python3.7/site-packages/airflow/example_dags/example_kubernetes_executor.py
[2022-10-09T07:14:52.700+0000] {processor.py:758} INFO - Processing file /home/airflow/.local/lib/python3.7/site-packages/airflow/example_dags/example_kubernetes_executor.py for tasks to queue
[2022-10-09T07:14:52.701+0000] {logging_mixin.py:117} INFO - [2022-10-09T07:14:52.701+0000] {dagbag.py:525} INFO - Filling up the DagBag from /home/airflow/.local/lib/python3.7/site-packages/airflow/example_dags/example_kubernetes_executor.py
[2022-10-09T07:14:52.720+0000] {processor.py:768} INFO - DAG(s) dict_keys(['example_kubernetes_executor']) retrieved from /home/airflow/.local/lib/python3.7/site-packages/airflow/example_dags/example_kubernetes_executor.py
[2022-10-09T07:14:52.746+0000] {logging_mixin.py:117} INFO - [2022-10-09T07:14:52.746+0000] {dag.py:2573} INFO - Sync 1 DAGs
[2022-10-09T07:14:52.761+0000] {logging_mixin.py:117} INFO - [2022-10-09T07:14:52.761+0000] {dag.py:3328} INFO - Setting next_dagrun for example_kubernetes_executor to None, run_after=None
[2022-10-09T07:14:52.773+0000] {processor.py:178} INFO - Processing /home/airflow/.local/lib/python3.7/site-packages/airflow/example_dags/example_kubernetes_executor.py took 0.076 seconds
[2022-10-09T07:15:22.925+0000] {processor.py:156} INFO - Started process (PID=2973) to work on /home/airflow/.local/lib/python3.7/site-packages/airflow/example_dags/example_kubernetes_executor.py
[2022-10-09T07:15:22.926+0000] {processor.py:758} INFO - Processing file /home/airflow/.local/lib/python3.7/site-packages/airflow/example_dags/example_kubernetes_executor.py for tasks to queue
[2022-10-09T07:15:22.927+0000] {logging_mixin.py:117} INFO - [2022-10-09T07:15:22.927+0000] {dagbag.py:525} INFO - Filling up the DagBag from /home/airflow/.local/lib/python3.7/site-packages/airflow/example_dags/example_kubernetes_executor.py
[2022-10-09T07:15:22.951+0000] {processor.py:768} INFO - DAG(s) dict_keys(['example_kubernetes_executor']) retrieved from /home/airflow/.local/lib/python3.7/site-packages/airflow/example_dags/example_kubernetes_executor.py
[2022-10-09T07:15:22.979+0000] {logging_mixin.py:117} INFO - [2022-10-09T07:15:22.979+0000] {dag.py:2573} INFO - Sync 1 DAGs
[2022-10-09T07:15:22.995+0000] {logging_mixin.py:117} INFO - [2022-10-09T07:15:22.995+0000] {dag.py:3328} INFO - Setting next_dagrun for example_kubernetes_executor to None, run_after=None
[2022-10-09T07:15:23.012+0000] {processor.py:178} INFO - Processing /home/airflow/.local/lib/python3.7/site-packages/airflow/example_dags/example_kubernetes_executor.py took 0.090 seconds
[2022-10-09T07:15:53.276+0000] {processor.py:156} INFO - Started process (PID=3036) to work on /home/airflow/.local/lib/python3.7/site-packages/airflow/example_dags/example_kubernetes_executor.py
[2022-10-09T07:15:53.277+0000] {processor.py:758} INFO - Processing file /home/airflow/.local/lib/python3.7/site-packages/airflow/example_dags/example_kubernetes_executor.py for tasks to queue
[2022-10-09T07:15:53.278+0000] {logging_mixin.py:117} INFO - [2022-10-09T07:15:53.278+0000] {dagbag.py:525} INFO - Filling up the DagBag from /home/airflow/.local/lib/python3.7/site-packages/airflow/example_dags/example_kubernetes_executor.py
[2022-10-09T07:15:53.295+0000] {processor.py:768} INFO - DAG(s) dict_keys(['example_kubernetes_executor']) retrieved from /home/airflow/.local/lib/python3.7/site-packages/airflow/example_dags/example_kubernetes_executor.py
[2022-10-09T07:15:53.317+0000] {logging_mixin.py:117} INFO - [2022-10-09T07:15:53.317+0000] {dag.py:2573} INFO - Sync 1 DAGs
[2022-10-09T07:15:53.331+0000] {logging_mixin.py:117} INFO - [2022-10-09T07:15:53.331+0000] {dag.py:3328} INFO - Setting next_dagrun for example_kubernetes_executor to None, run_after=None
[2022-10-09T07:15:53.344+0000] {processor.py:178} INFO - Processing /home/airflow/.local/lib/python3.7/site-packages/airflow/example_dags/example_kubernetes_executor.py took 0.069 seconds
[2022-10-09T07:16:23.594+0000] {processor.py:156} INFO - Started process (PID=3090) to work on /home/airflow/.local/lib/python3.7/site-packages/airflow/example_dags/example_kubernetes_executor.py
[2022-10-09T07:16:23.596+0000] {processor.py:758} INFO - Processing file /home/airflow/.local/lib/python3.7/site-packages/airflow/example_dags/example_kubernetes_executor.py for tasks to queue
[2022-10-09T07:16:23.597+0000] {logging_mixin.py:117} INFO - [2022-10-09T07:16:23.597+0000] {dagbag.py:525} INFO - Filling up the DagBag from /home/airflow/.local/lib/python3.7/site-packages/airflow/example_dags/example_kubernetes_executor.py
[2022-10-09T07:16:23.613+0000] {processor.py:768} INFO - DAG(s) dict_keys(['example_kubernetes_executor']) retrieved from /home/airflow/.local/lib/python3.7/site-packages/airflow/example_dags/example_kubernetes_executor.py
[2022-10-09T07:16:23.635+0000] {logging_mixin.py:117} INFO - [2022-10-09T07:16:23.635+0000] {dag.py:2573} INFO - Sync 1 DAGs
[2022-10-09T07:16:23.651+0000] {logging_mixin.py:117} INFO - [2022-10-09T07:16:23.651+0000] {dag.py:3328} INFO - Setting next_dagrun for example_kubernetes_executor to None, run_after=None
[2022-10-09T07:16:23.662+0000] {processor.py:178} INFO - Processing /home/airflow/.local/lib/python3.7/site-packages/airflow/example_dags/example_kubernetes_executor.py took 0.070 seconds
[2022-10-09T07:16:53.900+0000] {processor.py:156} INFO - Started process (PID=3152) to work on /home/airflow/.local/lib/python3.7/site-packages/airflow/example_dags/example_kubernetes_executor.py
[2022-10-09T07:16:53.901+0000] {processor.py:758} INFO - Processing file /home/airflow/.local/lib/python3.7/site-packages/airflow/example_dags/example_kubernetes_executor.py for tasks to queue
[2022-10-09T07:16:53.902+0000] {logging_mixin.py:117} INFO - [2022-10-09T07:16:53.902+0000] {dagbag.py:525} INFO - Filling up the DagBag from /home/airflow/.local/lib/python3.7/site-packages/airflow/example_dags/example_kubernetes_executor.py
[2022-10-09T07:16:53.921+0000] {processor.py:768} INFO - DAG(s) dict_keys(['example_kubernetes_executor']) retrieved from /home/airflow/.local/lib/python3.7/site-packages/airflow/example_dags/example_kubernetes_executor.py
[2022-10-09T07:16:53.947+0000] {logging_mixin.py:117} INFO - [2022-10-09T07:16:53.946+0000] {dag.py:2573} INFO - Sync 1 DAGs
[2022-10-09T07:16:53.961+0000] {logging_mixin.py:117} INFO - [2022-10-09T07:16:53.961+0000] {dag.py:3328} INFO - Setting next_dagrun for example_kubernetes_executor to None, run_after=None
[2022-10-09T07:16:53.971+0000] {processor.py:178} INFO - Processing /home/airflow/.local/lib/python3.7/site-packages/airflow/example_dags/example_kubernetes_executor.py took 0.073 seconds
[2022-10-09T07:17:24.234+0000] {processor.py:156} INFO - Started process (PID=3215) to work on /home/airflow/.local/lib/python3.7/site-packages/airflow/example_dags/example_kubernetes_executor.py
[2022-10-09T07:17:24.235+0000] {processor.py:758} INFO - Processing file /home/airflow/.local/lib/python3.7/site-packages/airflow/example_dags/example_kubernetes_executor.py for tasks to queue
[2022-10-09T07:17:24.236+0000] {logging_mixin.py:117} INFO - [2022-10-09T07:17:24.236+0000] {dagbag.py:525} INFO - Filling up the DagBag from /home/airflow/.local/lib/python3.7/site-packages/airflow/example_dags/example_kubernetes_executor.py
[2022-10-09T07:17:24.255+0000] {processor.py:768} INFO - DAG(s) dict_keys(['example_kubernetes_executor']) retrieved from /home/airflow/.local/lib/python3.7/site-packages/airflow/example_dags/example_kubernetes_executor.py
[2022-10-09T07:17:24.285+0000] {logging_mixin.py:117} INFO - [2022-10-09T07:17:24.285+0000] {dag.py:2573} INFO - Sync 1 DAGs
[2022-10-09T07:17:24.305+0000] {logging_mixin.py:117} INFO - [2022-10-09T07:17:24.305+0000] {dag.py:3328} INFO - Setting next_dagrun for example_kubernetes_executor to None, run_after=None
[2022-10-09T07:17:24.320+0000] {processor.py:178} INFO - Processing /home/airflow/.local/lib/python3.7/site-packages/airflow/example_dags/example_kubernetes_executor.py took 0.088 seconds
[2022-10-09T07:17:54.974+0000] {processor.py:156} INFO - Started process (PID=3276) to work on /home/airflow/.local/lib/python3.7/site-packages/airflow/example_dags/example_kubernetes_executor.py
[2022-10-09T07:17:54.976+0000] {processor.py:758} INFO - Processing file /home/airflow/.local/lib/python3.7/site-packages/airflow/example_dags/example_kubernetes_executor.py for tasks to queue
[2022-10-09T07:17:54.976+0000] {logging_mixin.py:117} INFO - [2022-10-09T07:17:54.976+0000] {dagbag.py:525} INFO - Filling up the DagBag from /home/airflow/.local/lib/python3.7/site-packages/airflow/example_dags/example_kubernetes_executor.py
[2022-10-09T07:17:54.994+0000] {processor.py:768} INFO - DAG(s) dict_keys(['example_kubernetes_executor']) retrieved from /home/airflow/.local/lib/python3.7/site-packages/airflow/example_dags/example_kubernetes_executor.py
[2022-10-09T07:17:55.019+0000] {logging_mixin.py:117} INFO - [2022-10-09T07:17:55.019+0000] {dag.py:2573} INFO - Sync 1 DAGs
[2022-10-09T07:17:55.032+0000] {logging_mixin.py:117} INFO - [2022-10-09T07:17:55.032+0000] {dag.py:3328} INFO - Setting next_dagrun for example_kubernetes_executor to None, run_after=None
[2022-10-09T07:17:55.044+0000] {processor.py:178} INFO - Processing /home/airflow/.local/lib/python3.7/site-packages/airflow/example_dags/example_kubernetes_executor.py took 0.072 seconds
[2022-10-09T07:18:25.196+0000] {processor.py:156} INFO - Started process (PID=3339) to work on /home/airflow/.local/lib/python3.7/site-packages/airflow/example_dags/example_kubernetes_executor.py
[2022-10-09T07:18:25.197+0000] {processor.py:758} INFO - Processing file /home/airflow/.local/lib/python3.7/site-packages/airflow/example_dags/example_kubernetes_executor.py for tasks to queue
[2022-10-09T07:18:25.198+0000] {logging_mixin.py:117} INFO - [2022-10-09T07:18:25.198+0000] {dagbag.py:525} INFO - Filling up the DagBag from /home/airflow/.local/lib/python3.7/site-packages/airflow/example_dags/example_kubernetes_executor.py
[2022-10-09T07:18:25.215+0000] {processor.py:768} INFO - DAG(s) dict_keys(['example_kubernetes_executor']) retrieved from /home/airflow/.local/lib/python3.7/site-packages/airflow/example_dags/example_kubernetes_executor.py
[2022-10-09T07:18:25.240+0000] {logging_mixin.py:117} INFO - [2022-10-09T07:18:25.240+0000] {dag.py:2573} INFO - Sync 1 DAGs
[2022-10-09T07:18:25.254+0000] {logging_mixin.py:117} INFO - [2022-10-09T07:18:25.254+0000] {dag.py:3328} INFO - Setting next_dagrun for example_kubernetes_executor to None, run_after=None
[2022-10-09T07:18:25.266+0000] {processor.py:178} INFO - Processing /home/airflow/.local/lib/python3.7/site-packages/airflow/example_dags/example_kubernetes_executor.py took 0.074 seconds
[2022-10-09T07:18:55.632+0000] {processor.py:156} INFO - Started process (PID=3393) to work on /home/airflow/.local/lib/python3.7/site-packages/airflow/example_dags/example_kubernetes_executor.py
[2022-10-09T07:18:55.634+0000] {processor.py:758} INFO - Processing file /home/airflow/.local/lib/python3.7/site-packages/airflow/example_dags/example_kubernetes_executor.py for tasks to queue
[2022-10-09T07:18:55.636+0000] {logging_mixin.py:117} INFO - [2022-10-09T07:18:55.635+0000] {dagbag.py:525} INFO - Filling up the DagBag from /home/airflow/.local/lib/python3.7/site-packages/airflow/example_dags/example_kubernetes_executor.py
[2022-10-09T07:18:55.661+0000] {processor.py:768} INFO - DAG(s) dict_keys(['example_kubernetes_executor']) retrieved from /home/airflow/.local/lib/python3.7/site-packages/airflow/example_dags/example_kubernetes_executor.py
[2022-10-09T07:18:55.706+0000] {logging_mixin.py:117} INFO - [2022-10-09T07:18:55.706+0000] {dag.py:2573} INFO - Sync 1 DAGs
[2022-10-09T07:18:55.733+0000] {logging_mixin.py:117} INFO - [2022-10-09T07:18:55.732+0000] {dag.py:3328} INFO - Setting next_dagrun for example_kubernetes_executor to None, run_after=None
[2022-10-09T07:18:55.754+0000] {processor.py:178} INFO - Processing /home/airflow/.local/lib/python3.7/site-packages/airflow/example_dags/example_kubernetes_executor.py took 0.125 seconds
[2022-10-09T07:19:25.799+0000] {processor.py:156} INFO - Started process (PID=3455) to work on /home/airflow/.local/lib/python3.7/site-packages/airflow/example_dags/example_kubernetes_executor.py
[2022-10-09T07:19:25.800+0000] {processor.py:758} INFO - Processing file /home/airflow/.local/lib/python3.7/site-packages/airflow/example_dags/example_kubernetes_executor.py for tasks to queue
[2022-10-09T07:19:25.801+0000] {logging_mixin.py:117} INFO - [2022-10-09T07:19:25.801+0000] {dagbag.py:525} INFO - Filling up the DagBag from /home/airflow/.local/lib/python3.7/site-packages/airflow/example_dags/example_kubernetes_executor.py
[2022-10-09T07:19:25.819+0000] {processor.py:768} INFO - DAG(s) dict_keys(['example_kubernetes_executor']) retrieved from /home/airflow/.local/lib/python3.7/site-packages/airflow/example_dags/example_kubernetes_executor.py
[2022-10-09T07:19:25.853+0000] {logging_mixin.py:117} INFO - [2022-10-09T07:19:25.853+0000] {dag.py:2573} INFO - Sync 1 DAGs
[2022-10-09T07:19:25.875+0000] {logging_mixin.py:117} INFO - [2022-10-09T07:19:25.875+0000] {dag.py:3328} INFO - Setting next_dagrun for example_kubernetes_executor to None, run_after=None
[2022-10-09T07:19:25.891+0000] {processor.py:178} INFO - Processing /home/airflow/.local/lib/python3.7/site-packages/airflow/example_dags/example_kubernetes_executor.py took 0.094 seconds
[2022-10-09T07:19:56.181+0000] {processor.py:156} INFO - Started process (PID=3519) to work on /home/airflow/.local/lib/python3.7/site-packages/airflow/example_dags/example_kubernetes_executor.py
[2022-10-09T07:19:56.182+0000] {processor.py:758} INFO - Processing file /home/airflow/.local/lib/python3.7/site-packages/airflow/example_dags/example_kubernetes_executor.py for tasks to queue
[2022-10-09T07:19:56.183+0000] {logging_mixin.py:117} INFO - [2022-10-09T07:19:56.183+0000] {dagbag.py:525} INFO - Filling up the DagBag from /home/airflow/.local/lib/python3.7/site-packages/airflow/example_dags/example_kubernetes_executor.py
[2022-10-09T07:19:56.211+0000] {processor.py:768} INFO - DAG(s) dict_keys(['example_kubernetes_executor']) retrieved from /home/airflow/.local/lib/python3.7/site-packages/airflow/example_dags/example_kubernetes_executor.py
[2022-10-09T07:19:56.245+0000] {logging_mixin.py:117} INFO - [2022-10-09T07:19:56.245+0000] {dag.py:2573} INFO - Sync 1 DAGs
[2022-10-09T07:19:56.259+0000] {logging_mixin.py:117} INFO - [2022-10-09T07:19:56.259+0000] {dag.py:3328} INFO - Setting next_dagrun for example_kubernetes_executor to None, run_after=None
[2022-10-09T07:19:56.270+0000] {processor.py:178} INFO - Processing /home/airflow/.local/lib/python3.7/site-packages/airflow/example_dags/example_kubernetes_executor.py took 0.091 seconds
[2022-10-09T07:20:26.637+0000] {processor.py:156} INFO - Started process (PID=3582) to work on /home/airflow/.local/lib/python3.7/site-packages/airflow/example_dags/example_kubernetes_executor.py
[2022-10-09T07:20:26.638+0000] {processor.py:758} INFO - Processing file /home/airflow/.local/lib/python3.7/site-packages/airflow/example_dags/example_kubernetes_executor.py for tasks to queue
[2022-10-09T07:20:26.639+0000] {logging_mixin.py:117} INFO - [2022-10-09T07:20:26.639+0000] {dagbag.py:525} INFO - Filling up the DagBag from /home/airflow/.local/lib/python3.7/site-packages/airflow/example_dags/example_kubernetes_executor.py
[2022-10-09T07:20:26.658+0000] {processor.py:768} INFO - DAG(s) dict_keys(['example_kubernetes_executor']) retrieved from /home/airflow/.local/lib/python3.7/site-packages/airflow/example_dags/example_kubernetes_executor.py
[2022-10-09T07:20:26.692+0000] {logging_mixin.py:117} INFO - [2022-10-09T07:20:26.691+0000] {dag.py:2573} INFO - Sync 1 DAGs
[2022-10-09T07:20:26.708+0000] {logging_mixin.py:117} INFO - [2022-10-09T07:20:26.708+0000] {dag.py:3328} INFO - Setting next_dagrun for example_kubernetes_executor to None, run_after=None
[2022-10-09T07:20:26.721+0000] {processor.py:178} INFO - Processing /home/airflow/.local/lib/python3.7/site-packages/airflow/example_dags/example_kubernetes_executor.py took 0.087 seconds
[2022-10-09T07:20:57.373+0000] {processor.py:156} INFO - Started process (PID=3645) to work on /home/airflow/.local/lib/python3.7/site-packages/airflow/example_dags/example_kubernetes_executor.py
[2022-10-09T07:20:57.374+0000] {processor.py:758} INFO - Processing file /home/airflow/.local/lib/python3.7/site-packages/airflow/example_dags/example_kubernetes_executor.py for tasks to queue
[2022-10-09T07:20:57.375+0000] {logging_mixin.py:117} INFO - [2022-10-09T07:20:57.375+0000] {dagbag.py:525} INFO - Filling up the DagBag from /home/airflow/.local/lib/python3.7/site-packages/airflow/example_dags/example_kubernetes_executor.py
[2022-10-09T07:20:57.394+0000] {processor.py:768} INFO - DAG(s) dict_keys(['example_kubernetes_executor']) retrieved from /home/airflow/.local/lib/python3.7/site-packages/airflow/example_dags/example_kubernetes_executor.py
[2022-10-09T07:20:57.431+0000] {logging_mixin.py:117} INFO - [2022-10-09T07:20:57.430+0000] {dag.py:2573} INFO - Sync 1 DAGs
[2022-10-09T07:20:57.447+0000] {logging_mixin.py:117} INFO - [2022-10-09T07:20:57.447+0000] {dag.py:3328} INFO - Setting next_dagrun for example_kubernetes_executor to None, run_after=None
[2022-10-09T07:20:57.465+0000] {processor.py:178} INFO - Processing /home/airflow/.local/lib/python3.7/site-packages/airflow/example_dags/example_kubernetes_executor.py took 0.094 seconds
[2022-10-09T07:21:27.769+0000] {processor.py:156} INFO - Started process (PID=3699) to work on /home/airflow/.local/lib/python3.7/site-packages/airflow/example_dags/example_kubernetes_executor.py
[2022-10-09T07:21:27.770+0000] {processor.py:758} INFO - Processing file /home/airflow/.local/lib/python3.7/site-packages/airflow/example_dags/example_kubernetes_executor.py for tasks to queue
[2022-10-09T07:21:27.771+0000] {logging_mixin.py:117} INFO - [2022-10-09T07:21:27.771+0000] {dagbag.py:525} INFO - Filling up the DagBag from /home/airflow/.local/lib/python3.7/site-packages/airflow/example_dags/example_kubernetes_executor.py
[2022-10-09T07:21:27.791+0000] {processor.py:768} INFO - DAG(s) dict_keys(['example_kubernetes_executor']) retrieved from /home/airflow/.local/lib/python3.7/site-packages/airflow/example_dags/example_kubernetes_executor.py
[2022-10-09T07:21:27.817+0000] {logging_mixin.py:117} INFO - [2022-10-09T07:21:27.817+0000] {dag.py:2573} INFO - Sync 1 DAGs
[2022-10-09T07:21:27.832+0000] {logging_mixin.py:117} INFO - [2022-10-09T07:21:27.832+0000] {dag.py:3328} INFO - Setting next_dagrun for example_kubernetes_executor to None, run_after=None
[2022-10-09T07:21:27.844+0000] {processor.py:178} INFO - Processing /home/airflow/.local/lib/python3.7/site-packages/airflow/example_dags/example_kubernetes_executor.py took 0.077 seconds
[2022-10-09T07:21:58.206+0000] {processor.py:156} INFO - Started process (PID=3760) to work on /home/airflow/.local/lib/python3.7/site-packages/airflow/example_dags/example_kubernetes_executor.py
[2022-10-09T07:21:58.208+0000] {processor.py:758} INFO - Processing file /home/airflow/.local/lib/python3.7/site-packages/airflow/example_dags/example_kubernetes_executor.py for tasks to queue
[2022-10-09T07:21:58.209+0000] {logging_mixin.py:117} INFO - [2022-10-09T07:21:58.209+0000] {dagbag.py:525} INFO - Filling up the DagBag from /home/airflow/.local/lib/python3.7/site-packages/airflow/example_dags/example_kubernetes_executor.py
[2022-10-09T07:21:58.230+0000] {processor.py:768} INFO - DAG(s) dict_keys(['example_kubernetes_executor']) retrieved from /home/airflow/.local/lib/python3.7/site-packages/airflow/example_dags/example_kubernetes_executor.py
[2022-10-09T07:21:58.260+0000] {logging_mixin.py:117} INFO - [2022-10-09T07:21:58.260+0000] {dag.py:2573} INFO - Sync 1 DAGs
[2022-10-09T07:21:58.278+0000] {logging_mixin.py:117} INFO - [2022-10-09T07:21:58.278+0000] {dag.py:3328} INFO - Setting next_dagrun for example_kubernetes_executor to None, run_after=None
[2022-10-09T07:21:58.290+0000] {processor.py:178} INFO - Processing /home/airflow/.local/lib/python3.7/site-packages/airflow/example_dags/example_kubernetes_executor.py took 0.087 seconds
[2022-10-09T07:22:28.670+0000] {processor.py:156} INFO - Started process (PID=3823) to work on /home/airflow/.local/lib/python3.7/site-packages/airflow/example_dags/example_kubernetes_executor.py
[2022-10-09T07:22:28.671+0000] {processor.py:758} INFO - Processing file /home/airflow/.local/lib/python3.7/site-packages/airflow/example_dags/example_kubernetes_executor.py for tasks to queue
[2022-10-09T07:22:28.672+0000] {logging_mixin.py:117} INFO - [2022-10-09T07:22:28.672+0000] {dagbag.py:525} INFO - Filling up the DagBag from /home/airflow/.local/lib/python3.7/site-packages/airflow/example_dags/example_kubernetes_executor.py
[2022-10-09T07:22:28.690+0000] {processor.py:768} INFO - DAG(s) dict_keys(['example_kubernetes_executor']) retrieved from /home/airflow/.local/lib/python3.7/site-packages/airflow/example_dags/example_kubernetes_executor.py
[2022-10-09T07:22:28.716+0000] {logging_mixin.py:117} INFO - [2022-10-09T07:22:28.716+0000] {dag.py:2573} INFO - Sync 1 DAGs
[2022-10-09T07:22:28.731+0000] {logging_mixin.py:117} INFO - [2022-10-09T07:22:28.731+0000] {dag.py:3328} INFO - Setting next_dagrun for example_kubernetes_executor to None, run_after=None
[2022-10-09T07:22:28.742+0000] {processor.py:178} INFO - Processing /home/airflow/.local/lib/python3.7/site-packages/airflow/example_dags/example_kubernetes_executor.py took 0.074 seconds
[2022-10-09T07:22:58.879+0000] {processor.py:156} INFO - Started process (PID=3887) to work on /home/airflow/.local/lib/python3.7/site-packages/airflow/example_dags/example_kubernetes_executor.py
[2022-10-09T07:22:58.881+0000] {processor.py:758} INFO - Processing file /home/airflow/.local/lib/python3.7/site-packages/airflow/example_dags/example_kubernetes_executor.py for tasks to queue
[2022-10-09T07:22:58.881+0000] {logging_mixin.py:117} INFO - [2022-10-09T07:22:58.881+0000] {dagbag.py:525} INFO - Filling up the DagBag from /home/airflow/.local/lib/python3.7/site-packages/airflow/example_dags/example_kubernetes_executor.py
[2022-10-09T07:22:58.900+0000] {processor.py:768} INFO - DAG(s) dict_keys(['example_kubernetes_executor']) retrieved from /home/airflow/.local/lib/python3.7/site-packages/airflow/example_dags/example_kubernetes_executor.py
[2022-10-09T07:22:58.925+0000] {logging_mixin.py:117} INFO - [2022-10-09T07:22:58.925+0000] {dag.py:2573} INFO - Sync 1 DAGs
[2022-10-09T07:22:58.938+0000] {logging_mixin.py:117} INFO - [2022-10-09T07:22:58.938+0000] {dag.py:3328} INFO - Setting next_dagrun for example_kubernetes_executor to None, run_after=None
[2022-10-09T07:22:58.949+0000] {processor.py:178} INFO - Processing /home/airflow/.local/lib/python3.7/site-packages/airflow/example_dags/example_kubernetes_executor.py took 0.072 seconds
[2022-10-09T07:23:29.085+0000] {processor.py:156} INFO - Started process (PID=3950) to work on /home/airflow/.local/lib/python3.7/site-packages/airflow/example_dags/example_kubernetes_executor.py
[2022-10-09T07:23:29.088+0000] {processor.py:758} INFO - Processing file /home/airflow/.local/lib/python3.7/site-packages/airflow/example_dags/example_kubernetes_executor.py for tasks to queue
[2022-10-09T07:23:29.089+0000] {logging_mixin.py:117} INFO - [2022-10-09T07:23:29.089+0000] {dagbag.py:525} INFO - Filling up the DagBag from /home/airflow/.local/lib/python3.7/site-packages/airflow/example_dags/example_kubernetes_executor.py
[2022-10-09T07:23:29.115+0000] {processor.py:768} INFO - DAG(s) dict_keys(['example_kubernetes_executor']) retrieved from /home/airflow/.local/lib/python3.7/site-packages/airflow/example_dags/example_kubernetes_executor.py
[2022-10-09T07:23:29.155+0000] {logging_mixin.py:117} INFO - [2022-10-09T07:23:29.154+0000] {dag.py:2573} INFO - Sync 1 DAGs
[2022-10-09T07:23:29.174+0000] {logging_mixin.py:117} INFO - [2022-10-09T07:23:29.174+0000] {dag.py:3328} INFO - Setting next_dagrun for example_kubernetes_executor to None, run_after=None
[2022-10-09T07:23:29.196+0000] {processor.py:178} INFO - Processing /home/airflow/.local/lib/python3.7/site-packages/airflow/example_dags/example_kubernetes_executor.py took 0.113 seconds
[2022-10-09T07:23:59.505+0000] {processor.py:156} INFO - Started process (PID=4004) to work on /home/airflow/.local/lib/python3.7/site-packages/airflow/example_dags/example_kubernetes_executor.py
[2022-10-09T07:23:59.506+0000] {processor.py:758} INFO - Processing file /home/airflow/.local/lib/python3.7/site-packages/airflow/example_dags/example_kubernetes_executor.py for tasks to queue
[2022-10-09T07:23:59.507+0000] {logging_mixin.py:117} INFO - [2022-10-09T07:23:59.507+0000] {dagbag.py:525} INFO - Filling up the DagBag from /home/airflow/.local/lib/python3.7/site-packages/airflow/example_dags/example_kubernetes_executor.py
[2022-10-09T07:23:59.527+0000] {processor.py:768} INFO - DAG(s) dict_keys(['example_kubernetes_executor']) retrieved from /home/airflow/.local/lib/python3.7/site-packages/airflow/example_dags/example_kubernetes_executor.py
[2022-10-09T07:23:59.558+0000] {logging_mixin.py:117} INFO - [2022-10-09T07:23:59.558+0000] {dag.py:2573} INFO - Sync 1 DAGs
[2022-10-09T07:23:59.580+0000] {logging_mixin.py:117} INFO - [2022-10-09T07:23:59.580+0000] {dag.py:3328} INFO - Setting next_dagrun for example_kubernetes_executor to None, run_after=None
[2022-10-09T07:23:59.599+0000] {processor.py:178} INFO - Processing /home/airflow/.local/lib/python3.7/site-packages/airflow/example_dags/example_kubernetes_executor.py took 0.096 seconds
[2022-10-09T07:24:30.017+0000] {processor.py:156} INFO - Started process (PID=4070) to work on /home/airflow/.local/lib/python3.7/site-packages/airflow/example_dags/example_kubernetes_executor.py
[2022-10-09T07:24:30.019+0000] {processor.py:758} INFO - Processing file /home/airflow/.local/lib/python3.7/site-packages/airflow/example_dags/example_kubernetes_executor.py for tasks to queue
[2022-10-09T07:24:30.021+0000] {logging_mixin.py:117} INFO - [2022-10-09T07:24:30.021+0000] {dagbag.py:525} INFO - Filling up the DagBag from /home/airflow/.local/lib/python3.7/site-packages/airflow/example_dags/example_kubernetes_executor.py
[2022-10-09T07:24:30.053+0000] {processor.py:768} INFO - DAG(s) dict_keys(['example_kubernetes_executor']) retrieved from /home/airflow/.local/lib/python3.7/site-packages/airflow/example_dags/example_kubernetes_executor.py
[2022-10-09T07:24:30.088+0000] {logging_mixin.py:117} INFO - [2022-10-09T07:24:30.088+0000] {dag.py:2573} INFO - Sync 1 DAGs
[2022-10-09T07:24:30.106+0000] {logging_mixin.py:117} INFO - [2022-10-09T07:24:30.106+0000] {dag.py:3328} INFO - Setting next_dagrun for example_kubernetes_executor to None, run_after=None
[2022-10-09T07:24:30.118+0000] {processor.py:178} INFO - Processing /home/airflow/.local/lib/python3.7/site-packages/airflow/example_dags/example_kubernetes_executor.py took 0.103 seconds
