[2022-10-09T06:40:41.264+0000] {processor.py:156} INFO - Started process (PID=63) to work on /home/airflow/.local/lib/python3.7/site-packages/airflow/example_dags/tutorial_dag.py
[2022-10-09T06:40:41.268+0000] {processor.py:758} INFO - Processing file /home/airflow/.local/lib/python3.7/site-packages/airflow/example_dags/tutorial_dag.py for tasks to queue
[2022-10-09T06:40:41.269+0000] {logging_mixin.py:117} INFO - [2022-10-09T06:40:41.269+0000] {dagbag.py:525} INFO - Filling up the DagBag from /home/airflow/.local/lib/python3.7/site-packages/airflow/example_dags/tutorial_dag.py
[2022-10-09T06:40:41.295+0000] {processor.py:768} INFO - DAG(s) dict_keys(['tutorial_dag']) retrieved from /home/airflow/.local/lib/python3.7/site-packages/airflow/example_dags/tutorial_dag.py
[2022-10-09T06:40:41.335+0000] {logging_mixin.py:117} INFO - [2022-10-09T06:40:41.334+0000] {dag.py:2573} INFO - Sync 1 DAGs
[2022-10-09T06:40:41.375+0000] {logging_mixin.py:117} INFO - [2022-10-09T06:40:41.375+0000] {dag.py:3328} INFO - Setting next_dagrun for tutorial_dag to None, run_after=None
[2022-10-09T06:40:41.401+0000] {processor.py:178} INFO - Processing /home/airflow/.local/lib/python3.7/site-packages/airflow/example_dags/tutorial_dag.py took 0.146 seconds
[2022-10-09T06:41:12.202+0000] {processor.py:156} INFO - Started process (PID=126) to work on /home/airflow/.local/lib/python3.7/site-packages/airflow/example_dags/tutorial_dag.py
[2022-10-09T06:41:12.204+0000] {processor.py:758} INFO - Processing file /home/airflow/.local/lib/python3.7/site-packages/airflow/example_dags/tutorial_dag.py for tasks to queue
[2022-10-09T06:41:12.205+0000] {logging_mixin.py:117} INFO - [2022-10-09T06:41:12.205+0000] {dagbag.py:525} INFO - Filling up the DagBag from /home/airflow/.local/lib/python3.7/site-packages/airflow/example_dags/tutorial_dag.py
[2022-10-09T06:41:12.217+0000] {processor.py:768} INFO - DAG(s) dict_keys(['tutorial_dag']) retrieved from /home/airflow/.local/lib/python3.7/site-packages/airflow/example_dags/tutorial_dag.py
[2022-10-09T06:41:12.245+0000] {logging_mixin.py:117} INFO - [2022-10-09T06:41:12.244+0000] {dag.py:2573} INFO - Sync 1 DAGs
[2022-10-09T06:41:12.260+0000] {logging_mixin.py:117} INFO - [2022-10-09T06:41:12.259+0000] {dag.py:3328} INFO - Setting next_dagrun for tutorial_dag to None, run_after=None
[2022-10-09T06:41:12.271+0000] {processor.py:178} INFO - Processing /home/airflow/.local/lib/python3.7/site-packages/airflow/example_dags/tutorial_dag.py took 0.071 seconds
[2022-10-09T06:41:42.504+0000] {processor.py:156} INFO - Started process (PID=190) to work on /home/airflow/.local/lib/python3.7/site-packages/airflow/example_dags/tutorial_dag.py
[2022-10-09T06:41:42.506+0000] {processor.py:758} INFO - Processing file /home/airflow/.local/lib/python3.7/site-packages/airflow/example_dags/tutorial_dag.py for tasks to queue
[2022-10-09T06:41:42.507+0000] {logging_mixin.py:117} INFO - [2022-10-09T06:41:42.507+0000] {dagbag.py:525} INFO - Filling up the DagBag from /home/airflow/.local/lib/python3.7/site-packages/airflow/example_dags/tutorial_dag.py
[2022-10-09T06:41:42.516+0000] {processor.py:768} INFO - DAG(s) dict_keys(['tutorial_dag']) retrieved from /home/airflow/.local/lib/python3.7/site-packages/airflow/example_dags/tutorial_dag.py
[2022-10-09T06:41:42.541+0000] {logging_mixin.py:117} INFO - [2022-10-09T06:41:42.541+0000] {dag.py:2573} INFO - Sync 1 DAGs
[2022-10-09T06:41:42.556+0000] {logging_mixin.py:117} INFO - [2022-10-09T06:41:42.555+0000] {dag.py:3328} INFO - Setting next_dagrun for tutorial_dag to None, run_after=None
[2022-10-09T06:41:42.567+0000] {processor.py:178} INFO - Processing /home/airflow/.local/lib/python3.7/site-packages/airflow/example_dags/tutorial_dag.py took 0.065 seconds
[2022-10-09T06:42:13.291+0000] {processor.py:156} INFO - Started process (PID=253) to work on /home/airflow/.local/lib/python3.7/site-packages/airflow/example_dags/tutorial_dag.py
[2022-10-09T06:42:13.292+0000] {processor.py:758} INFO - Processing file /home/airflow/.local/lib/python3.7/site-packages/airflow/example_dags/tutorial_dag.py for tasks to queue
[2022-10-09T06:42:13.294+0000] {logging_mixin.py:117} INFO - [2022-10-09T06:42:13.294+0000] {dagbag.py:525} INFO - Filling up the DagBag from /home/airflow/.local/lib/python3.7/site-packages/airflow/example_dags/tutorial_dag.py
[2022-10-09T06:42:13.305+0000] {processor.py:768} INFO - DAG(s) dict_keys(['tutorial_dag']) retrieved from /home/airflow/.local/lib/python3.7/site-packages/airflow/example_dags/tutorial_dag.py
[2022-10-09T06:42:13.332+0000] {logging_mixin.py:117} INFO - [2022-10-09T06:42:13.332+0000] {dag.py:2573} INFO - Sync 1 DAGs
[2022-10-09T06:42:13.348+0000] {logging_mixin.py:117} INFO - [2022-10-09T06:42:13.348+0000] {dag.py:3328} INFO - Setting next_dagrun for tutorial_dag to None, run_after=None
[2022-10-09T06:42:13.360+0000] {processor.py:178} INFO - Processing /home/airflow/.local/lib/python3.7/site-packages/airflow/example_dags/tutorial_dag.py took 0.072 seconds
[2022-10-09T06:42:43.686+0000] {processor.py:156} INFO - Started process (PID=316) to work on /home/airflow/.local/lib/python3.7/site-packages/airflow/example_dags/tutorial_dag.py
[2022-10-09T06:42:43.687+0000] {processor.py:758} INFO - Processing file /home/airflow/.local/lib/python3.7/site-packages/airflow/example_dags/tutorial_dag.py for tasks to queue
[2022-10-09T06:42:43.688+0000] {logging_mixin.py:117} INFO - [2022-10-09T06:42:43.688+0000] {dagbag.py:525} INFO - Filling up the DagBag from /home/airflow/.local/lib/python3.7/site-packages/airflow/example_dags/tutorial_dag.py
[2022-10-09T06:42:43.700+0000] {processor.py:768} INFO - DAG(s) dict_keys(['tutorial_dag']) retrieved from /home/airflow/.local/lib/python3.7/site-packages/airflow/example_dags/tutorial_dag.py
[2022-10-09T06:42:43.734+0000] {logging_mixin.py:117} INFO - [2022-10-09T06:42:43.734+0000] {dag.py:2573} INFO - Sync 1 DAGs
[2022-10-09T06:42:43.752+0000] {logging_mixin.py:117} INFO - [2022-10-09T06:42:43.752+0000] {dag.py:3328} INFO - Setting next_dagrun for tutorial_dag to None, run_after=None
[2022-10-09T06:42:43.767+0000] {processor.py:178} INFO - Processing /home/airflow/.local/lib/python3.7/site-packages/airflow/example_dags/tutorial_dag.py took 0.084 seconds
[2022-10-09T06:43:14.106+0000] {processor.py:156} INFO - Started process (PID=370) to work on /home/airflow/.local/lib/python3.7/site-packages/airflow/example_dags/tutorial_dag.py
[2022-10-09T06:43:14.107+0000] {processor.py:758} INFO - Processing file /home/airflow/.local/lib/python3.7/site-packages/airflow/example_dags/tutorial_dag.py for tasks to queue
[2022-10-09T06:43:14.109+0000] {logging_mixin.py:117} INFO - [2022-10-09T06:43:14.109+0000] {dagbag.py:525} INFO - Filling up the DagBag from /home/airflow/.local/lib/python3.7/site-packages/airflow/example_dags/tutorial_dag.py
[2022-10-09T06:43:14.119+0000] {processor.py:768} INFO - DAG(s) dict_keys(['tutorial_dag']) retrieved from /home/airflow/.local/lib/python3.7/site-packages/airflow/example_dags/tutorial_dag.py
[2022-10-09T06:43:14.146+0000] {logging_mixin.py:117} INFO - [2022-10-09T06:43:14.146+0000] {dag.py:2573} INFO - Sync 1 DAGs
[2022-10-09T06:43:14.162+0000] {logging_mixin.py:117} INFO - [2022-10-09T06:43:14.162+0000] {dag.py:3328} INFO - Setting next_dagrun for tutorial_dag to None, run_after=None
[2022-10-09T06:43:14.175+0000] {processor.py:178} INFO - Processing /home/airflow/.local/lib/python3.7/site-packages/airflow/example_dags/tutorial_dag.py took 0.071 seconds
[2022-10-09T06:43:44.298+0000] {processor.py:156} INFO - Started process (PID=433) to work on /home/airflow/.local/lib/python3.7/site-packages/airflow/example_dags/tutorial_dag.py
[2022-10-09T06:43:44.300+0000] {processor.py:758} INFO - Processing file /home/airflow/.local/lib/python3.7/site-packages/airflow/example_dags/tutorial_dag.py for tasks to queue
[2022-10-09T06:43:44.300+0000] {logging_mixin.py:117} INFO - [2022-10-09T06:43:44.300+0000] {dagbag.py:525} INFO - Filling up the DagBag from /home/airflow/.local/lib/python3.7/site-packages/airflow/example_dags/tutorial_dag.py
[2022-10-09T06:43:44.309+0000] {processor.py:768} INFO - DAG(s) dict_keys(['tutorial_dag']) retrieved from /home/airflow/.local/lib/python3.7/site-packages/airflow/example_dags/tutorial_dag.py
[2022-10-09T06:43:44.335+0000] {logging_mixin.py:117} INFO - [2022-10-09T06:43:44.335+0000] {dag.py:2573} INFO - Sync 1 DAGs
[2022-10-09T06:43:44.348+0000] {logging_mixin.py:117} INFO - [2022-10-09T06:43:44.348+0000] {dag.py:3328} INFO - Setting next_dagrun for tutorial_dag to None, run_after=None
[2022-10-09T06:43:44.359+0000] {processor.py:178} INFO - Processing /home/airflow/.local/lib/python3.7/site-packages/airflow/example_dags/tutorial_dag.py took 0.064 seconds
[2022-10-09T06:44:14.575+0000] {processor.py:156} INFO - Started process (PID=496) to work on /home/airflow/.local/lib/python3.7/site-packages/airflow/example_dags/tutorial_dag.py
[2022-10-09T06:44:14.577+0000] {processor.py:758} INFO - Processing file /home/airflow/.local/lib/python3.7/site-packages/airflow/example_dags/tutorial_dag.py for tasks to queue
[2022-10-09T06:44:14.578+0000] {logging_mixin.py:117} INFO - [2022-10-09T06:44:14.578+0000] {dagbag.py:525} INFO - Filling up the DagBag from /home/airflow/.local/lib/python3.7/site-packages/airflow/example_dags/tutorial_dag.py
[2022-10-09T06:44:14.588+0000] {processor.py:768} INFO - DAG(s) dict_keys(['tutorial_dag']) retrieved from /home/airflow/.local/lib/python3.7/site-packages/airflow/example_dags/tutorial_dag.py
[2022-10-09T06:44:14.616+0000] {logging_mixin.py:117} INFO - [2022-10-09T06:44:14.616+0000] {dag.py:2573} INFO - Sync 1 DAGs
[2022-10-09T06:44:14.631+0000] {logging_mixin.py:117} INFO - [2022-10-09T06:44:14.631+0000] {dag.py:3328} INFO - Setting next_dagrun for tutorial_dag to None, run_after=None
[2022-10-09T06:44:14.643+0000] {processor.py:178} INFO - Processing /home/airflow/.local/lib/python3.7/site-packages/airflow/example_dags/tutorial_dag.py took 0.069 seconds
[2022-10-09T06:44:44.941+0000] {processor.py:156} INFO - Started process (PID=559) to work on /home/airflow/.local/lib/python3.7/site-packages/airflow/example_dags/tutorial_dag.py
[2022-10-09T06:44:44.942+0000] {processor.py:758} INFO - Processing file /home/airflow/.local/lib/python3.7/site-packages/airflow/example_dags/tutorial_dag.py for tasks to queue
[2022-10-09T06:44:44.943+0000] {logging_mixin.py:117} INFO - [2022-10-09T06:44:44.943+0000] {dagbag.py:525} INFO - Filling up the DagBag from /home/airflow/.local/lib/python3.7/site-packages/airflow/example_dags/tutorial_dag.py
[2022-10-09T06:44:44.952+0000] {processor.py:768} INFO - DAG(s) dict_keys(['tutorial_dag']) retrieved from /home/airflow/.local/lib/python3.7/site-packages/airflow/example_dags/tutorial_dag.py
[2022-10-09T06:44:44.979+0000] {logging_mixin.py:117} INFO - [2022-10-09T06:44:44.979+0000] {dag.py:2573} INFO - Sync 1 DAGs
[2022-10-09T06:44:44.994+0000] {logging_mixin.py:117} INFO - [2022-10-09T06:44:44.993+0000] {dag.py:3328} INFO - Setting next_dagrun for tutorial_dag to None, run_after=None
[2022-10-09T06:44:45.004+0000] {processor.py:178} INFO - Processing /home/airflow/.local/lib/python3.7/site-packages/airflow/example_dags/tutorial_dag.py took 0.066 seconds
[2022-10-09T06:45:15.126+0000] {processor.py:156} INFO - Started process (PID=622) to work on /home/airflow/.local/lib/python3.7/site-packages/airflow/example_dags/tutorial_dag.py
[2022-10-09T06:45:15.127+0000] {processor.py:758} INFO - Processing file /home/airflow/.local/lib/python3.7/site-packages/airflow/example_dags/tutorial_dag.py for tasks to queue
[2022-10-09T06:45:15.128+0000] {logging_mixin.py:117} INFO - [2022-10-09T06:45:15.128+0000] {dagbag.py:525} INFO - Filling up the DagBag from /home/airflow/.local/lib/python3.7/site-packages/airflow/example_dags/tutorial_dag.py
[2022-10-09T06:45:15.137+0000] {processor.py:768} INFO - DAG(s) dict_keys(['tutorial_dag']) retrieved from /home/airflow/.local/lib/python3.7/site-packages/airflow/example_dags/tutorial_dag.py
[2022-10-09T06:45:15.161+0000] {logging_mixin.py:117} INFO - [2022-10-09T06:45:15.161+0000] {dag.py:2573} INFO - Sync 1 DAGs
[2022-10-09T06:45:15.175+0000] {logging_mixin.py:117} INFO - [2022-10-09T06:45:15.175+0000] {dag.py:3328} INFO - Setting next_dagrun for tutorial_dag to None, run_after=None
[2022-10-09T06:45:15.185+0000] {processor.py:178} INFO - Processing /home/airflow/.local/lib/python3.7/site-packages/airflow/example_dags/tutorial_dag.py took 0.062 seconds
[2022-10-09T06:45:45.460+0000] {processor.py:156} INFO - Started process (PID=675) to work on /home/airflow/.local/lib/python3.7/site-packages/airflow/example_dags/tutorial_dag.py
[2022-10-09T06:45:45.462+0000] {processor.py:758} INFO - Processing file /home/airflow/.local/lib/python3.7/site-packages/airflow/example_dags/tutorial_dag.py for tasks to queue
[2022-10-09T06:45:45.463+0000] {logging_mixin.py:117} INFO - [2022-10-09T06:45:45.463+0000] {dagbag.py:525} INFO - Filling up the DagBag from /home/airflow/.local/lib/python3.7/site-packages/airflow/example_dags/tutorial_dag.py
[2022-10-09T06:45:45.473+0000] {processor.py:768} INFO - DAG(s) dict_keys(['tutorial_dag']) retrieved from /home/airflow/.local/lib/python3.7/site-packages/airflow/example_dags/tutorial_dag.py
[2022-10-09T06:45:45.500+0000] {logging_mixin.py:117} INFO - [2022-10-09T06:45:45.500+0000] {dag.py:2573} INFO - Sync 1 DAGs
[2022-10-09T06:45:45.515+0000] {logging_mixin.py:117} INFO - [2022-10-09T06:45:45.515+0000] {dag.py:3328} INFO - Setting next_dagrun for tutorial_dag to None, run_after=None
[2022-10-09T06:45:45.527+0000] {processor.py:178} INFO - Processing /home/airflow/.local/lib/python3.7/site-packages/airflow/example_dags/tutorial_dag.py took 0.069 seconds
[2022-10-09T06:46:15.676+0000] {processor.py:156} INFO - Started process (PID=740) to work on /home/airflow/.local/lib/python3.7/site-packages/airflow/example_dags/tutorial_dag.py
[2022-10-09T06:46:15.678+0000] {processor.py:758} INFO - Processing file /home/airflow/.local/lib/python3.7/site-packages/airflow/example_dags/tutorial_dag.py for tasks to queue
[2022-10-09T06:46:15.679+0000] {logging_mixin.py:117} INFO - [2022-10-09T06:46:15.679+0000] {dagbag.py:525} INFO - Filling up the DagBag from /home/airflow/.local/lib/python3.7/site-packages/airflow/example_dags/tutorial_dag.py
[2022-10-09T06:46:15.689+0000] {processor.py:768} INFO - DAG(s) dict_keys(['tutorial_dag']) retrieved from /home/airflow/.local/lib/python3.7/site-packages/airflow/example_dags/tutorial_dag.py
[2022-10-09T06:46:15.716+0000] {logging_mixin.py:117} INFO - [2022-10-09T06:46:15.715+0000] {dag.py:2573} INFO - Sync 1 DAGs
[2022-10-09T06:46:15.731+0000] {logging_mixin.py:117} INFO - [2022-10-09T06:46:15.731+0000] {dag.py:3328} INFO - Setting next_dagrun for tutorial_dag to None, run_after=None
[2022-10-09T06:46:15.742+0000] {processor.py:178} INFO - Processing /home/airflow/.local/lib/python3.7/site-packages/airflow/example_dags/tutorial_dag.py took 0.069 seconds
[2022-10-09T06:46:45.928+0000] {processor.py:156} INFO - Started process (PID=803) to work on /home/airflow/.local/lib/python3.7/site-packages/airflow/example_dags/tutorial_dag.py
[2022-10-09T06:46:45.932+0000] {processor.py:758} INFO - Processing file /home/airflow/.local/lib/python3.7/site-packages/airflow/example_dags/tutorial_dag.py for tasks to queue
[2022-10-09T06:46:45.933+0000] {logging_mixin.py:117} INFO - [2022-10-09T06:46:45.933+0000] {dagbag.py:525} INFO - Filling up the DagBag from /home/airflow/.local/lib/python3.7/site-packages/airflow/example_dags/tutorial_dag.py
[2022-10-09T06:46:45.944+0000] {processor.py:768} INFO - DAG(s) dict_keys(['tutorial_dag']) retrieved from /home/airflow/.local/lib/python3.7/site-packages/airflow/example_dags/tutorial_dag.py
[2022-10-09T06:46:45.972+0000] {logging_mixin.py:117} INFO - [2022-10-09T06:46:45.972+0000] {dag.py:2573} INFO - Sync 1 DAGs
[2022-10-09T06:46:45.988+0000] {logging_mixin.py:117} INFO - [2022-10-09T06:46:45.988+0000] {dag.py:3328} INFO - Setting next_dagrun for tutorial_dag to None, run_after=None
[2022-10-09T06:46:45.999+0000] {processor.py:178} INFO - Processing /home/airflow/.local/lib/python3.7/site-packages/airflow/example_dags/tutorial_dag.py took 0.074 seconds
[2022-10-09T06:47:16.196+0000] {processor.py:156} INFO - Started process (PID=866) to work on /home/airflow/.local/lib/python3.7/site-packages/airflow/example_dags/tutorial_dag.py
[2022-10-09T06:47:16.197+0000] {processor.py:758} INFO - Processing file /home/airflow/.local/lib/python3.7/site-packages/airflow/example_dags/tutorial_dag.py for tasks to queue
[2022-10-09T06:47:16.198+0000] {logging_mixin.py:117} INFO - [2022-10-09T06:47:16.198+0000] {dagbag.py:525} INFO - Filling up the DagBag from /home/airflow/.local/lib/python3.7/site-packages/airflow/example_dags/tutorial_dag.py
[2022-10-09T06:47:16.209+0000] {processor.py:768} INFO - DAG(s) dict_keys(['tutorial_dag']) retrieved from /home/airflow/.local/lib/python3.7/site-packages/airflow/example_dags/tutorial_dag.py
[2022-10-09T06:47:16.239+0000] {logging_mixin.py:117} INFO - [2022-10-09T06:47:16.239+0000] {dag.py:2573} INFO - Sync 1 DAGs
[2022-10-09T06:47:16.254+0000] {logging_mixin.py:117} INFO - [2022-10-09T06:47:16.254+0000] {dag.py:3328} INFO - Setting next_dagrun for tutorial_dag to None, run_after=None
[2022-10-09T06:47:16.265+0000] {processor.py:178} INFO - Processing /home/airflow/.local/lib/python3.7/site-packages/airflow/example_dags/tutorial_dag.py took 0.072 seconds
[2022-10-09T06:47:46.374+0000] {processor.py:156} INFO - Started process (PID=928) to work on /home/airflow/.local/lib/python3.7/site-packages/airflow/example_dags/tutorial_dag.py
[2022-10-09T06:47:46.376+0000] {processor.py:758} INFO - Processing file /home/airflow/.local/lib/python3.7/site-packages/airflow/example_dags/tutorial_dag.py for tasks to queue
[2022-10-09T06:47:46.377+0000] {logging_mixin.py:117} INFO - [2022-10-09T06:47:46.377+0000] {dagbag.py:525} INFO - Filling up the DagBag from /home/airflow/.local/lib/python3.7/site-packages/airflow/example_dags/tutorial_dag.py
[2022-10-09T06:47:46.387+0000] {processor.py:768} INFO - DAG(s) dict_keys(['tutorial_dag']) retrieved from /home/airflow/.local/lib/python3.7/site-packages/airflow/example_dags/tutorial_dag.py
[2022-10-09T06:47:46.415+0000] {logging_mixin.py:117} INFO - [2022-10-09T06:47:46.414+0000] {dag.py:2573} INFO - Sync 1 DAGs
[2022-10-09T06:47:46.430+0000] {logging_mixin.py:117} INFO - [2022-10-09T06:47:46.430+0000] {dag.py:3328} INFO - Setting next_dagrun for tutorial_dag to None, run_after=None
[2022-10-09T06:47:46.448+0000] {processor.py:178} INFO - Processing /home/airflow/.local/lib/python3.7/site-packages/airflow/example_dags/tutorial_dag.py took 0.077 seconds
[2022-10-09T06:48:16.709+0000] {processor.py:156} INFO - Started process (PID=980) to work on /home/airflow/.local/lib/python3.7/site-packages/airflow/example_dags/tutorial_dag.py
[2022-10-09T06:48:16.710+0000] {processor.py:758} INFO - Processing file /home/airflow/.local/lib/python3.7/site-packages/airflow/example_dags/tutorial_dag.py for tasks to queue
[2022-10-09T06:48:16.711+0000] {logging_mixin.py:117} INFO - [2022-10-09T06:48:16.711+0000] {dagbag.py:525} INFO - Filling up the DagBag from /home/airflow/.local/lib/python3.7/site-packages/airflow/example_dags/tutorial_dag.py
[2022-10-09T06:48:16.720+0000] {processor.py:768} INFO - DAG(s) dict_keys(['tutorial_dag']) retrieved from /home/airflow/.local/lib/python3.7/site-packages/airflow/example_dags/tutorial_dag.py
[2022-10-09T06:48:16.744+0000] {logging_mixin.py:117} INFO - [2022-10-09T06:48:16.744+0000] {dag.py:2573} INFO - Sync 1 DAGs
[2022-10-09T06:48:16.759+0000] {logging_mixin.py:117} INFO - [2022-10-09T06:48:16.758+0000] {dag.py:3328} INFO - Setting next_dagrun for tutorial_dag to None, run_after=None
[2022-10-09T06:48:16.768+0000] {processor.py:178} INFO - Processing /home/airflow/.local/lib/python3.7/site-packages/airflow/example_dags/tutorial_dag.py took 0.061 seconds
[2022-10-09T06:59:11.037+0000] {processor.py:156} INFO - Started process (PID=1034) to work on /home/airflow/.local/lib/python3.7/site-packages/airflow/example_dags/tutorial_dag.py
[2022-10-09T06:59:11.039+0000] {processor.py:758} INFO - Processing file /home/airflow/.local/lib/python3.7/site-packages/airflow/example_dags/tutorial_dag.py for tasks to queue
[2022-10-09T06:59:11.040+0000] {logging_mixin.py:117} INFO - [2022-10-09T06:59:11.040+0000] {dagbag.py:525} INFO - Filling up the DagBag from /home/airflow/.local/lib/python3.7/site-packages/airflow/example_dags/tutorial_dag.py
[2022-10-09T06:59:11.054+0000] {processor.py:768} INFO - DAG(s) dict_keys(['tutorial_dag']) retrieved from /home/airflow/.local/lib/python3.7/site-packages/airflow/example_dags/tutorial_dag.py
[2022-10-09T06:59:11.098+0000] {logging_mixin.py:117} INFO - [2022-10-09T06:59:11.097+0000] {dag.py:2573} INFO - Sync 1 DAGs
[2022-10-09T06:59:11.126+0000] {logging_mixin.py:117} INFO - [2022-10-09T06:59:11.126+0000] {dag.py:3328} INFO - Setting next_dagrun for tutorial_dag to None, run_after=None
[2022-10-09T06:59:11.151+0000] {processor.py:178} INFO - Processing /home/airflow/.local/lib/python3.7/site-packages/airflow/example_dags/tutorial_dag.py took 0.117 seconds
[2022-10-09T06:59:41.428+0000] {processor.py:156} INFO - Started process (PID=1098) to work on /home/airflow/.local/lib/python3.7/site-packages/airflow/example_dags/tutorial_dag.py
[2022-10-09T06:59:41.429+0000] {processor.py:758} INFO - Processing file /home/airflow/.local/lib/python3.7/site-packages/airflow/example_dags/tutorial_dag.py for tasks to queue
[2022-10-09T06:59:41.430+0000] {logging_mixin.py:117} INFO - [2022-10-09T06:59:41.430+0000] {dagbag.py:525} INFO - Filling up the DagBag from /home/airflow/.local/lib/python3.7/site-packages/airflow/example_dags/tutorial_dag.py
[2022-10-09T06:59:41.440+0000] {processor.py:768} INFO - DAG(s) dict_keys(['tutorial_dag']) retrieved from /home/airflow/.local/lib/python3.7/site-packages/airflow/example_dags/tutorial_dag.py
[2022-10-09T06:59:41.466+0000] {logging_mixin.py:117} INFO - [2022-10-09T06:59:41.466+0000] {dag.py:2573} INFO - Sync 1 DAGs
[2022-10-09T06:59:41.482+0000] {logging_mixin.py:117} INFO - [2022-10-09T06:59:41.482+0000] {dag.py:3328} INFO - Setting next_dagrun for tutorial_dag to None, run_after=None
[2022-10-09T06:59:41.493+0000] {processor.py:178} INFO - Processing /home/airflow/.local/lib/python3.7/site-packages/airflow/example_dags/tutorial_dag.py took 0.068 seconds
[2022-10-09T07:00:12.135+0000] {processor.py:156} INFO - Started process (PID=1161) to work on /home/airflow/.local/lib/python3.7/site-packages/airflow/example_dags/tutorial_dag.py
[2022-10-09T07:00:12.136+0000] {processor.py:758} INFO - Processing file /home/airflow/.local/lib/python3.7/site-packages/airflow/example_dags/tutorial_dag.py for tasks to queue
[2022-10-09T07:00:12.137+0000] {logging_mixin.py:117} INFO - [2022-10-09T07:00:12.137+0000] {dagbag.py:525} INFO - Filling up the DagBag from /home/airflow/.local/lib/python3.7/site-packages/airflow/example_dags/tutorial_dag.py
[2022-10-09T07:00:12.147+0000] {processor.py:768} INFO - DAG(s) dict_keys(['tutorial_dag']) retrieved from /home/airflow/.local/lib/python3.7/site-packages/airflow/example_dags/tutorial_dag.py
[2022-10-09T07:00:12.172+0000] {logging_mixin.py:117} INFO - [2022-10-09T07:00:12.172+0000] {dag.py:2573} INFO - Sync 1 DAGs
[2022-10-09T07:00:12.187+0000] {logging_mixin.py:117} INFO - [2022-10-09T07:00:12.187+0000] {dag.py:3328} INFO - Setting next_dagrun for tutorial_dag to None, run_after=None
[2022-10-09T07:00:12.201+0000] {processor.py:178} INFO - Processing /home/airflow/.local/lib/python3.7/site-packages/airflow/example_dags/tutorial_dag.py took 0.069 seconds
[2022-10-09T07:00:42.452+0000] {processor.py:156} INFO - Started process (PID=1215) to work on /home/airflow/.local/lib/python3.7/site-packages/airflow/example_dags/tutorial_dag.py
[2022-10-09T07:00:42.455+0000] {processor.py:758} INFO - Processing file /home/airflow/.local/lib/python3.7/site-packages/airflow/example_dags/tutorial_dag.py for tasks to queue
[2022-10-09T07:00:42.456+0000] {logging_mixin.py:117} INFO - [2022-10-09T07:00:42.456+0000] {dagbag.py:525} INFO - Filling up the DagBag from /home/airflow/.local/lib/python3.7/site-packages/airflow/example_dags/tutorial_dag.py
[2022-10-09T07:00:42.474+0000] {processor.py:768} INFO - DAG(s) dict_keys(['tutorial_dag']) retrieved from /home/airflow/.local/lib/python3.7/site-packages/airflow/example_dags/tutorial_dag.py
[2022-10-09T07:00:42.514+0000] {logging_mixin.py:117} INFO - [2022-10-09T07:00:42.514+0000] {dag.py:2573} INFO - Sync 1 DAGs
[2022-10-09T07:00:42.542+0000] {logging_mixin.py:117} INFO - [2022-10-09T07:00:42.541+0000] {dag.py:3328} INFO - Setting next_dagrun for tutorial_dag to None, run_after=None
[2022-10-09T07:00:42.553+0000] {processor.py:178} INFO - Processing /home/airflow/.local/lib/python3.7/site-packages/airflow/example_dags/tutorial_dag.py took 0.104 seconds
[2022-10-09T07:01:12.715+0000] {processor.py:156} INFO - Started process (PID=1277) to work on /home/airflow/.local/lib/python3.7/site-packages/airflow/example_dags/tutorial_dag.py
[2022-10-09T07:01:12.716+0000] {processor.py:758} INFO - Processing file /home/airflow/.local/lib/python3.7/site-packages/airflow/example_dags/tutorial_dag.py for tasks to queue
[2022-10-09T07:01:12.717+0000] {logging_mixin.py:117} INFO - [2022-10-09T07:01:12.717+0000] {dagbag.py:525} INFO - Filling up the DagBag from /home/airflow/.local/lib/python3.7/site-packages/airflow/example_dags/tutorial_dag.py
[2022-10-09T07:01:12.726+0000] {processor.py:768} INFO - DAG(s) dict_keys(['tutorial_dag']) retrieved from /home/airflow/.local/lib/python3.7/site-packages/airflow/example_dags/tutorial_dag.py
[2022-10-09T07:01:12.752+0000] {logging_mixin.py:117} INFO - [2022-10-09T07:01:12.752+0000] {dag.py:2573} INFO - Sync 1 DAGs
[2022-10-09T07:01:12.766+0000] {logging_mixin.py:117} INFO - [2022-10-09T07:01:12.766+0000] {dag.py:3328} INFO - Setting next_dagrun for tutorial_dag to None, run_after=None
[2022-10-09T07:01:12.778+0000] {processor.py:178} INFO - Processing /home/airflow/.local/lib/python3.7/site-packages/airflow/example_dags/tutorial_dag.py took 0.066 seconds
[2022-10-09T07:01:43.023+0000] {processor.py:156} INFO - Started process (PID=1340) to work on /home/airflow/.local/lib/python3.7/site-packages/airflow/example_dags/tutorial_dag.py
[2022-10-09T07:01:43.024+0000] {processor.py:758} INFO - Processing file /home/airflow/.local/lib/python3.7/site-packages/airflow/example_dags/tutorial_dag.py for tasks to queue
[2022-10-09T07:01:43.025+0000] {logging_mixin.py:117} INFO - [2022-10-09T07:01:43.025+0000] {dagbag.py:525} INFO - Filling up the DagBag from /home/airflow/.local/lib/python3.7/site-packages/airflow/example_dags/tutorial_dag.py
[2022-10-09T07:01:43.036+0000] {processor.py:768} INFO - DAG(s) dict_keys(['tutorial_dag']) retrieved from /home/airflow/.local/lib/python3.7/site-packages/airflow/example_dags/tutorial_dag.py
[2022-10-09T07:01:43.063+0000] {logging_mixin.py:117} INFO - [2022-10-09T07:01:43.063+0000] {dag.py:2573} INFO - Sync 1 DAGs
[2022-10-09T07:01:43.078+0000] {logging_mixin.py:117} INFO - [2022-10-09T07:01:43.078+0000] {dag.py:3328} INFO - Setting next_dagrun for tutorial_dag to None, run_after=None
[2022-10-09T07:01:43.090+0000] {processor.py:178} INFO - Processing /home/airflow/.local/lib/python3.7/site-packages/airflow/example_dags/tutorial_dag.py took 0.069 seconds
[2022-10-09T07:02:13.182+0000] {processor.py:156} INFO - Started process (PID=1403) to work on /home/airflow/.local/lib/python3.7/site-packages/airflow/example_dags/tutorial_dag.py
[2022-10-09T07:02:13.186+0000] {processor.py:758} INFO - Processing file /home/airflow/.local/lib/python3.7/site-packages/airflow/example_dags/tutorial_dag.py for tasks to queue
[2022-10-09T07:02:13.188+0000] {logging_mixin.py:117} INFO - [2022-10-09T07:02:13.188+0000] {dagbag.py:525} INFO - Filling up the DagBag from /home/airflow/.local/lib/python3.7/site-packages/airflow/example_dags/tutorial_dag.py
[2022-10-09T07:02:13.200+0000] {processor.py:768} INFO - DAG(s) dict_keys(['tutorial_dag']) retrieved from /home/airflow/.local/lib/python3.7/site-packages/airflow/example_dags/tutorial_dag.py
[2022-10-09T07:02:13.230+0000] {logging_mixin.py:117} INFO - [2022-10-09T07:02:13.230+0000] {dag.py:2573} INFO - Sync 1 DAGs
[2022-10-09T07:02:13.247+0000] {logging_mixin.py:117} INFO - [2022-10-09T07:02:13.247+0000] {dag.py:3328} INFO - Setting next_dagrun for tutorial_dag to None, run_after=None
[2022-10-09T07:02:13.259+0000] {processor.py:178} INFO - Processing /home/airflow/.local/lib/python3.7/site-packages/airflow/example_dags/tutorial_dag.py took 0.079 seconds
[2022-10-09T07:02:43.853+0000] {processor.py:156} INFO - Started process (PID=1466) to work on /home/airflow/.local/lib/python3.7/site-packages/airflow/example_dags/tutorial_dag.py
[2022-10-09T07:02:43.855+0000] {processor.py:758} INFO - Processing file /home/airflow/.local/lib/python3.7/site-packages/airflow/example_dags/tutorial_dag.py for tasks to queue
[2022-10-09T07:02:43.857+0000] {logging_mixin.py:117} INFO - [2022-10-09T07:02:43.857+0000] {dagbag.py:525} INFO - Filling up the DagBag from /home/airflow/.local/lib/python3.7/site-packages/airflow/example_dags/tutorial_dag.py
[2022-10-09T07:02:43.869+0000] {processor.py:768} INFO - DAG(s) dict_keys(['tutorial_dag']) retrieved from /home/airflow/.local/lib/python3.7/site-packages/airflow/example_dags/tutorial_dag.py
[2022-10-09T07:02:43.918+0000] {logging_mixin.py:117} INFO - [2022-10-09T07:02:43.917+0000] {dag.py:2573} INFO - Sync 1 DAGs
[2022-10-09T07:02:43.944+0000] {logging_mixin.py:117} INFO - [2022-10-09T07:02:43.944+0000] {dag.py:3328} INFO - Setting next_dagrun for tutorial_dag to None, run_after=None
[2022-10-09T07:02:43.958+0000] {processor.py:178} INFO - Processing /home/airflow/.local/lib/python3.7/site-packages/airflow/example_dags/tutorial_dag.py took 0.109 seconds
[2022-10-09T07:03:14.285+0000] {processor.py:156} INFO - Started process (PID=1520) to work on /home/airflow/.local/lib/python3.7/site-packages/airflow/example_dags/tutorial_dag.py
[2022-10-09T07:03:14.287+0000] {processor.py:758} INFO - Processing file /home/airflow/.local/lib/python3.7/site-packages/airflow/example_dags/tutorial_dag.py for tasks to queue
[2022-10-09T07:03:14.289+0000] {logging_mixin.py:117} INFO - [2022-10-09T07:03:14.289+0000] {dagbag.py:525} INFO - Filling up the DagBag from /home/airflow/.local/lib/python3.7/site-packages/airflow/example_dags/tutorial_dag.py
[2022-10-09T07:03:14.299+0000] {processor.py:768} INFO - DAG(s) dict_keys(['tutorial_dag']) retrieved from /home/airflow/.local/lib/python3.7/site-packages/airflow/example_dags/tutorial_dag.py
[2022-10-09T07:03:14.328+0000] {logging_mixin.py:117} INFO - [2022-10-09T07:03:14.328+0000] {dag.py:2573} INFO - Sync 1 DAGs
[2022-10-09T07:03:14.344+0000] {logging_mixin.py:117} INFO - [2022-10-09T07:03:14.344+0000] {dag.py:3328} INFO - Setting next_dagrun for tutorial_dag to None, run_after=None
[2022-10-09T07:03:14.356+0000] {processor.py:178} INFO - Processing /home/airflow/.local/lib/python3.7/site-packages/airflow/example_dags/tutorial_dag.py took 0.073 seconds
[2022-10-09T07:03:44.501+0000] {processor.py:156} INFO - Started process (PID=1583) to work on /home/airflow/.local/lib/python3.7/site-packages/airflow/example_dags/tutorial_dag.py
[2022-10-09T07:03:44.503+0000] {processor.py:758} INFO - Processing file /home/airflow/.local/lib/python3.7/site-packages/airflow/example_dags/tutorial_dag.py for tasks to queue
[2022-10-09T07:03:44.504+0000] {logging_mixin.py:117} INFO - [2022-10-09T07:03:44.504+0000] {dagbag.py:525} INFO - Filling up the DagBag from /home/airflow/.local/lib/python3.7/site-packages/airflow/example_dags/tutorial_dag.py
[2022-10-09T07:03:44.514+0000] {processor.py:768} INFO - DAG(s) dict_keys(['tutorial_dag']) retrieved from /home/airflow/.local/lib/python3.7/site-packages/airflow/example_dags/tutorial_dag.py
[2022-10-09T07:03:44.541+0000] {logging_mixin.py:117} INFO - [2022-10-09T07:03:44.541+0000] {dag.py:2573} INFO - Sync 1 DAGs
[2022-10-09T07:03:44.556+0000] {logging_mixin.py:117} INFO - [2022-10-09T07:03:44.556+0000] {dag.py:3328} INFO - Setting next_dagrun for tutorial_dag to None, run_after=None
[2022-10-09T07:03:44.568+0000] {processor.py:178} INFO - Processing /home/airflow/.local/lib/python3.7/site-packages/airflow/example_dags/tutorial_dag.py took 0.069 seconds
[2022-10-09T07:04:14.789+0000] {processor.py:156} INFO - Started process (PID=1645) to work on /home/airflow/.local/lib/python3.7/site-packages/airflow/example_dags/tutorial_dag.py
[2022-10-09T07:04:14.791+0000] {processor.py:758} INFO - Processing file /home/airflow/.local/lib/python3.7/site-packages/airflow/example_dags/tutorial_dag.py for tasks to queue
[2022-10-09T07:04:14.793+0000] {logging_mixin.py:117} INFO - [2022-10-09T07:04:14.793+0000] {dagbag.py:525} INFO - Filling up the DagBag from /home/airflow/.local/lib/python3.7/site-packages/airflow/example_dags/tutorial_dag.py
[2022-10-09T07:04:14.804+0000] {processor.py:768} INFO - DAG(s) dict_keys(['tutorial_dag']) retrieved from /home/airflow/.local/lib/python3.7/site-packages/airflow/example_dags/tutorial_dag.py
[2022-10-09T07:04:14.833+0000] {logging_mixin.py:117} INFO - [2022-10-09T07:04:14.833+0000] {dag.py:2573} INFO - Sync 1 DAGs
[2022-10-09T07:04:14.847+0000] {logging_mixin.py:117} INFO - [2022-10-09T07:04:14.847+0000] {dag.py:3328} INFO - Setting next_dagrun for tutorial_dag to None, run_after=None
[2022-10-09T07:04:14.859+0000] {processor.py:178} INFO - Processing /home/airflow/.local/lib/python3.7/site-packages/airflow/example_dags/tutorial_dag.py took 0.072 seconds
[2022-10-09T07:04:45.651+0000] {processor.py:156} INFO - Started process (PID=1708) to work on /home/airflow/.local/lib/python3.7/site-packages/airflow/example_dags/tutorial_dag.py
[2022-10-09T07:04:45.654+0000] {processor.py:758} INFO - Processing file /home/airflow/.local/lib/python3.7/site-packages/airflow/example_dags/tutorial_dag.py for tasks to queue
[2022-10-09T07:04:45.655+0000] {logging_mixin.py:117} INFO - [2022-10-09T07:04:45.655+0000] {dagbag.py:525} INFO - Filling up the DagBag from /home/airflow/.local/lib/python3.7/site-packages/airflow/example_dags/tutorial_dag.py
[2022-10-09T07:04:45.685+0000] {processor.py:768} INFO - DAG(s) dict_keys(['tutorial_dag']) retrieved from /home/airflow/.local/lib/python3.7/site-packages/airflow/example_dags/tutorial_dag.py
[2022-10-09T07:04:45.716+0000] {logging_mixin.py:117} INFO - [2022-10-09T07:04:45.716+0000] {dag.py:2573} INFO - Sync 1 DAGs
[2022-10-09T07:04:45.734+0000] {logging_mixin.py:117} INFO - [2022-10-09T07:04:45.734+0000] {dag.py:3328} INFO - Setting next_dagrun for tutorial_dag to None, run_after=None
[2022-10-09T07:04:45.747+0000] {processor.py:178} INFO - Processing /home/airflow/.local/lib/python3.7/site-packages/airflow/example_dags/tutorial_dag.py took 0.098 seconds
[2022-10-09T07:05:16.161+0000] {processor.py:156} INFO - Started process (PID=1771) to work on /home/airflow/.local/lib/python3.7/site-packages/airflow/example_dags/tutorial_dag.py
[2022-10-09T07:05:16.162+0000] {processor.py:758} INFO - Processing file /home/airflow/.local/lib/python3.7/site-packages/airflow/example_dags/tutorial_dag.py for tasks to queue
[2022-10-09T07:05:16.163+0000] {logging_mixin.py:117} INFO - [2022-10-09T07:05:16.163+0000] {dagbag.py:525} INFO - Filling up the DagBag from /home/airflow/.local/lib/python3.7/site-packages/airflow/example_dags/tutorial_dag.py
[2022-10-09T07:05:16.173+0000] {processor.py:768} INFO - DAG(s) dict_keys(['tutorial_dag']) retrieved from /home/airflow/.local/lib/python3.7/site-packages/airflow/example_dags/tutorial_dag.py
[2022-10-09T07:05:16.202+0000] {logging_mixin.py:117} INFO - [2022-10-09T07:05:16.202+0000] {dag.py:2573} INFO - Sync 1 DAGs
[2022-10-09T07:05:16.220+0000] {logging_mixin.py:117} INFO - [2022-10-09T07:05:16.220+0000] {dag.py:3328} INFO - Setting next_dagrun for tutorial_dag to None, run_after=None
[2022-10-09T07:05:16.236+0000] {processor.py:178} INFO - Processing /home/airflow/.local/lib/python3.7/site-packages/airflow/example_dags/tutorial_dag.py took 0.077 seconds
[2022-10-09T07:05:46.734+0000] {processor.py:156} INFO - Started process (PID=1835) to work on /home/airflow/.local/lib/python3.7/site-packages/airflow/example_dags/tutorial_dag.py
[2022-10-09T07:05:46.736+0000] {processor.py:758} INFO - Processing file /home/airflow/.local/lib/python3.7/site-packages/airflow/example_dags/tutorial_dag.py for tasks to queue
[2022-10-09T07:05:46.737+0000] {logging_mixin.py:117} INFO - [2022-10-09T07:05:46.737+0000] {dagbag.py:525} INFO - Filling up the DagBag from /home/airflow/.local/lib/python3.7/site-packages/airflow/example_dags/tutorial_dag.py
[2022-10-09T07:05:46.753+0000] {processor.py:768} INFO - DAG(s) dict_keys(['tutorial_dag']) retrieved from /home/airflow/.local/lib/python3.7/site-packages/airflow/example_dags/tutorial_dag.py
[2022-10-09T07:05:46.792+0000] {logging_mixin.py:117} INFO - [2022-10-09T07:05:46.791+0000] {dag.py:2573} INFO - Sync 1 DAGs
[2022-10-09T07:05:46.809+0000] {logging_mixin.py:117} INFO - [2022-10-09T07:05:46.809+0000] {dag.py:3328} INFO - Setting next_dagrun for tutorial_dag to None, run_after=None
[2022-10-09T07:05:46.828+0000] {processor.py:178} INFO - Processing /home/airflow/.local/lib/python3.7/site-packages/airflow/example_dags/tutorial_dag.py took 0.096 seconds
[2022-10-09T07:06:17.249+0000] {processor.py:156} INFO - Started process (PID=1888) to work on /home/airflow/.local/lib/python3.7/site-packages/airflow/example_dags/tutorial_dag.py
[2022-10-09T07:06:17.251+0000] {processor.py:758} INFO - Processing file /home/airflow/.local/lib/python3.7/site-packages/airflow/example_dags/tutorial_dag.py for tasks to queue
[2022-10-09T07:06:17.252+0000] {logging_mixin.py:117} INFO - [2022-10-09T07:06:17.252+0000] {dagbag.py:525} INFO - Filling up the DagBag from /home/airflow/.local/lib/python3.7/site-packages/airflow/example_dags/tutorial_dag.py
[2022-10-09T07:06:17.261+0000] {processor.py:768} INFO - DAG(s) dict_keys(['tutorial_dag']) retrieved from /home/airflow/.local/lib/python3.7/site-packages/airflow/example_dags/tutorial_dag.py
[2022-10-09T07:06:17.288+0000] {logging_mixin.py:117} INFO - [2022-10-09T07:06:17.288+0000] {dag.py:2573} INFO - Sync 1 DAGs
[2022-10-09T07:06:17.302+0000] {logging_mixin.py:117} INFO - [2022-10-09T07:06:17.302+0000] {dag.py:3328} INFO - Setting next_dagrun for tutorial_dag to None, run_after=None
[2022-10-09T07:06:17.317+0000] {processor.py:178} INFO - Processing /home/airflow/.local/lib/python3.7/site-packages/airflow/example_dags/tutorial_dag.py took 0.070 seconds
[2022-10-09T07:06:47.446+0000] {processor.py:156} INFO - Started process (PID=1950) to work on /home/airflow/.local/lib/python3.7/site-packages/airflow/example_dags/tutorial_dag.py
[2022-10-09T07:06:47.449+0000] {processor.py:758} INFO - Processing file /home/airflow/.local/lib/python3.7/site-packages/airflow/example_dags/tutorial_dag.py for tasks to queue
[2022-10-09T07:06:47.450+0000] {logging_mixin.py:117} INFO - [2022-10-09T07:06:47.450+0000] {dagbag.py:525} INFO - Filling up the DagBag from /home/airflow/.local/lib/python3.7/site-packages/airflow/example_dags/tutorial_dag.py
[2022-10-09T07:06:47.460+0000] {processor.py:768} INFO - DAG(s) dict_keys(['tutorial_dag']) retrieved from /home/airflow/.local/lib/python3.7/site-packages/airflow/example_dags/tutorial_dag.py
[2022-10-09T07:06:47.493+0000] {logging_mixin.py:117} INFO - [2022-10-09T07:06:47.493+0000] {dag.py:2573} INFO - Sync 1 DAGs
[2022-10-09T07:06:47.511+0000] {logging_mixin.py:117} INFO - [2022-10-09T07:06:47.511+0000] {dag.py:3328} INFO - Setting next_dagrun for tutorial_dag to None, run_after=None
[2022-10-09T07:06:47.524+0000] {processor.py:178} INFO - Processing /home/airflow/.local/lib/python3.7/site-packages/airflow/example_dags/tutorial_dag.py took 0.080 seconds
[2022-10-09T07:07:17.702+0000] {processor.py:156} INFO - Started process (PID=2015) to work on /home/airflow/.local/lib/python3.7/site-packages/airflow/example_dags/tutorial_dag.py
[2022-10-09T07:07:17.703+0000] {processor.py:758} INFO - Processing file /home/airflow/.local/lib/python3.7/site-packages/airflow/example_dags/tutorial_dag.py for tasks to queue
[2022-10-09T07:07:17.704+0000] {logging_mixin.py:117} INFO - [2022-10-09T07:07:17.704+0000] {dagbag.py:525} INFO - Filling up the DagBag from /home/airflow/.local/lib/python3.7/site-packages/airflow/example_dags/tutorial_dag.py
[2022-10-09T07:07:17.713+0000] {processor.py:768} INFO - DAG(s) dict_keys(['tutorial_dag']) retrieved from /home/airflow/.local/lib/python3.7/site-packages/airflow/example_dags/tutorial_dag.py
[2022-10-09T07:07:17.740+0000] {logging_mixin.py:117} INFO - [2022-10-09T07:07:17.740+0000] {dag.py:2573} INFO - Sync 1 DAGs
[2022-10-09T07:07:17.754+0000] {logging_mixin.py:117} INFO - [2022-10-09T07:07:17.754+0000] {dag.py:3328} INFO - Setting next_dagrun for tutorial_dag to None, run_after=None
[2022-10-09T07:07:17.766+0000] {processor.py:178} INFO - Processing /home/airflow/.local/lib/python3.7/site-packages/airflow/example_dags/tutorial_dag.py took 0.067 seconds
[2022-10-09T07:07:48.457+0000] {processor.py:156} INFO - Started process (PID=2079) to work on /home/airflow/.local/lib/python3.7/site-packages/airflow/example_dags/tutorial_dag.py
[2022-10-09T07:07:48.459+0000] {processor.py:758} INFO - Processing file /home/airflow/.local/lib/python3.7/site-packages/airflow/example_dags/tutorial_dag.py for tasks to queue
[2022-10-09T07:07:48.460+0000] {logging_mixin.py:117} INFO - [2022-10-09T07:07:48.460+0000] {dagbag.py:525} INFO - Filling up the DagBag from /home/airflow/.local/lib/python3.7/site-packages/airflow/example_dags/tutorial_dag.py
[2022-10-09T07:07:48.470+0000] {processor.py:768} INFO - DAG(s) dict_keys(['tutorial_dag']) retrieved from /home/airflow/.local/lib/python3.7/site-packages/airflow/example_dags/tutorial_dag.py
[2022-10-09T07:07:48.495+0000] {logging_mixin.py:117} INFO - [2022-10-09T07:07:48.495+0000] {dag.py:2573} INFO - Sync 1 DAGs
[2022-10-09T07:07:48.510+0000] {logging_mixin.py:117} INFO - [2022-10-09T07:07:48.510+0000] {dag.py:3328} INFO - Setting next_dagrun for tutorial_dag to None, run_after=None
[2022-10-09T07:07:48.521+0000] {processor.py:178} INFO - Processing /home/airflow/.local/lib/python3.7/site-packages/airflow/example_dags/tutorial_dag.py took 0.066 seconds
[2022-10-09T07:08:18.767+0000] {processor.py:156} INFO - Started process (PID=2143) to work on /home/airflow/.local/lib/python3.7/site-packages/airflow/example_dags/tutorial_dag.py
[2022-10-09T07:08:18.769+0000] {processor.py:758} INFO - Processing file /home/airflow/.local/lib/python3.7/site-packages/airflow/example_dags/tutorial_dag.py for tasks to queue
[2022-10-09T07:08:18.770+0000] {logging_mixin.py:117} INFO - [2022-10-09T07:08:18.770+0000] {dagbag.py:525} INFO - Filling up the DagBag from /home/airflow/.local/lib/python3.7/site-packages/airflow/example_dags/tutorial_dag.py
[2022-10-09T07:08:18.782+0000] {processor.py:768} INFO - DAG(s) dict_keys(['tutorial_dag']) retrieved from /home/airflow/.local/lib/python3.7/site-packages/airflow/example_dags/tutorial_dag.py
[2022-10-09T07:08:18.813+0000] {logging_mixin.py:117} INFO - [2022-10-09T07:08:18.813+0000] {dag.py:2573} INFO - Sync 1 DAGs
[2022-10-09T07:08:18.830+0000] {logging_mixin.py:117} INFO - [2022-10-09T07:08:18.829+0000] {dag.py:3328} INFO - Setting next_dagrun for tutorial_dag to None, run_after=None
[2022-10-09T07:08:18.853+0000] {processor.py:178} INFO - Processing /home/airflow/.local/lib/python3.7/site-packages/airflow/example_dags/tutorial_dag.py took 0.088 seconds
[2022-10-09T07:08:49.187+0000] {processor.py:156} INFO - Started process (PID=2197) to work on /home/airflow/.local/lib/python3.7/site-packages/airflow/example_dags/tutorial_dag.py
[2022-10-09T07:08:49.188+0000] {processor.py:758} INFO - Processing file /home/airflow/.local/lib/python3.7/site-packages/airflow/example_dags/tutorial_dag.py for tasks to queue
[2022-10-09T07:08:49.189+0000] {logging_mixin.py:117} INFO - [2022-10-09T07:08:49.189+0000] {dagbag.py:525} INFO - Filling up the DagBag from /home/airflow/.local/lib/python3.7/site-packages/airflow/example_dags/tutorial_dag.py
[2022-10-09T07:08:49.199+0000] {processor.py:768} INFO - DAG(s) dict_keys(['tutorial_dag']) retrieved from /home/airflow/.local/lib/python3.7/site-packages/airflow/example_dags/tutorial_dag.py
[2022-10-09T07:08:49.230+0000] {logging_mixin.py:117} INFO - [2022-10-09T07:08:49.229+0000] {dag.py:2573} INFO - Sync 1 DAGs
[2022-10-09T07:08:49.244+0000] {logging_mixin.py:117} INFO - [2022-10-09T07:08:49.244+0000] {dag.py:3328} INFO - Setting next_dagrun for tutorial_dag to None, run_after=None
[2022-10-09T07:08:49.256+0000] {processor.py:178} INFO - Processing /home/airflow/.local/lib/python3.7/site-packages/airflow/example_dags/tutorial_dag.py took 0.071 seconds
[2022-10-09T07:09:19.521+0000] {processor.py:156} INFO - Started process (PID=2261) to work on /home/airflow/.local/lib/python3.7/site-packages/airflow/example_dags/tutorial_dag.py
[2022-10-09T07:09:19.523+0000] {processor.py:758} INFO - Processing file /home/airflow/.local/lib/python3.7/site-packages/airflow/example_dags/tutorial_dag.py for tasks to queue
[2022-10-09T07:09:19.524+0000] {logging_mixin.py:117} INFO - [2022-10-09T07:09:19.524+0000] {dagbag.py:525} INFO - Filling up the DagBag from /home/airflow/.local/lib/python3.7/site-packages/airflow/example_dags/tutorial_dag.py
[2022-10-09T07:09:19.533+0000] {processor.py:768} INFO - DAG(s) dict_keys(['tutorial_dag']) retrieved from /home/airflow/.local/lib/python3.7/site-packages/airflow/example_dags/tutorial_dag.py
[2022-10-09T07:09:19.557+0000] {logging_mixin.py:117} INFO - [2022-10-09T07:09:19.557+0000] {dag.py:2573} INFO - Sync 1 DAGs
[2022-10-09T07:09:19.570+0000] {logging_mixin.py:117} INFO - [2022-10-09T07:09:19.570+0000] {dag.py:3328} INFO - Setting next_dagrun for tutorial_dag to None, run_after=None
[2022-10-09T07:09:19.582+0000] {processor.py:178} INFO - Processing /home/airflow/.local/lib/python3.7/site-packages/airflow/example_dags/tutorial_dag.py took 0.063 seconds
[2022-10-09T07:09:50.053+0000] {processor.py:156} INFO - Started process (PID=2323) to work on /home/airflow/.local/lib/python3.7/site-packages/airflow/example_dags/tutorial_dag.py
[2022-10-09T07:09:50.054+0000] {processor.py:758} INFO - Processing file /home/airflow/.local/lib/python3.7/site-packages/airflow/example_dags/tutorial_dag.py for tasks to queue
[2022-10-09T07:09:50.055+0000] {logging_mixin.py:117} INFO - [2022-10-09T07:09:50.055+0000] {dagbag.py:525} INFO - Filling up the DagBag from /home/airflow/.local/lib/python3.7/site-packages/airflow/example_dags/tutorial_dag.py
[2022-10-09T07:09:50.064+0000] {processor.py:768} INFO - DAG(s) dict_keys(['tutorial_dag']) retrieved from /home/airflow/.local/lib/python3.7/site-packages/airflow/example_dags/tutorial_dag.py
[2022-10-09T07:09:50.088+0000] {logging_mixin.py:117} INFO - [2022-10-09T07:09:50.088+0000] {dag.py:2573} INFO - Sync 1 DAGs
[2022-10-09T07:09:50.107+0000] {logging_mixin.py:117} INFO - [2022-10-09T07:09:50.107+0000] {dag.py:3328} INFO - Setting next_dagrun for tutorial_dag to None, run_after=None
[2022-10-09T07:09:50.121+0000] {processor.py:178} INFO - Processing /home/airflow/.local/lib/python3.7/site-packages/airflow/example_dags/tutorial_dag.py took 0.070 seconds
[2022-10-09T07:10:20.436+0000] {processor.py:156} INFO - Started process (PID=2385) to work on /home/airflow/.local/lib/python3.7/site-packages/airflow/example_dags/tutorial_dag.py
[2022-10-09T07:10:20.437+0000] {processor.py:758} INFO - Processing file /home/airflow/.local/lib/python3.7/site-packages/airflow/example_dags/tutorial_dag.py for tasks to queue
[2022-10-09T07:10:20.438+0000] {logging_mixin.py:117} INFO - [2022-10-09T07:10:20.438+0000] {dagbag.py:525} INFO - Filling up the DagBag from /home/airflow/.local/lib/python3.7/site-packages/airflow/example_dags/tutorial_dag.py
[2022-10-09T07:10:20.448+0000] {processor.py:768} INFO - DAG(s) dict_keys(['tutorial_dag']) retrieved from /home/airflow/.local/lib/python3.7/site-packages/airflow/example_dags/tutorial_dag.py
[2022-10-09T07:10:20.471+0000] {logging_mixin.py:117} INFO - [2022-10-09T07:10:20.471+0000] {dag.py:2573} INFO - Sync 1 DAGs
[2022-10-09T07:10:20.486+0000] {logging_mixin.py:117} INFO - [2022-10-09T07:10:20.486+0000] {dag.py:3328} INFO - Setting next_dagrun for tutorial_dag to None, run_after=None
[2022-10-09T07:10:20.499+0000] {processor.py:178} INFO - Processing /home/airflow/.local/lib/python3.7/site-packages/airflow/example_dags/tutorial_dag.py took 0.066 seconds
[2022-10-09T07:10:51.141+0000] {processor.py:156} INFO - Started process (PID=2448) to work on /home/airflow/.local/lib/python3.7/site-packages/airflow/example_dags/tutorial_dag.py
[2022-10-09T07:10:51.143+0000] {processor.py:758} INFO - Processing file /home/airflow/.local/lib/python3.7/site-packages/airflow/example_dags/tutorial_dag.py for tasks to queue
[2022-10-09T07:10:51.145+0000] {logging_mixin.py:117} INFO - [2022-10-09T07:10:51.145+0000] {dagbag.py:525} INFO - Filling up the DagBag from /home/airflow/.local/lib/python3.7/site-packages/airflow/example_dags/tutorial_dag.py
[2022-10-09T07:10:51.159+0000] {processor.py:768} INFO - DAG(s) dict_keys(['tutorial_dag']) retrieved from /home/airflow/.local/lib/python3.7/site-packages/airflow/example_dags/tutorial_dag.py
[2022-10-09T07:10:51.187+0000] {logging_mixin.py:117} INFO - [2022-10-09T07:10:51.187+0000] {dag.py:2573} INFO - Sync 1 DAGs
[2022-10-09T07:10:51.210+0000] {logging_mixin.py:117} INFO - [2022-10-09T07:10:51.210+0000] {dag.py:3328} INFO - Setting next_dagrun for tutorial_dag to None, run_after=None
[2022-10-09T07:10:51.223+0000] {processor.py:178} INFO - Processing /home/airflow/.local/lib/python3.7/site-packages/airflow/example_dags/tutorial_dag.py took 0.084 seconds
[2022-10-09T07:11:21.470+0000] {processor.py:156} INFO - Started process (PID=2502) to work on /home/airflow/.local/lib/python3.7/site-packages/airflow/example_dags/tutorial_dag.py
[2022-10-09T07:11:21.472+0000] {processor.py:758} INFO - Processing file /home/airflow/.local/lib/python3.7/site-packages/airflow/example_dags/tutorial_dag.py for tasks to queue
[2022-10-09T07:11:21.473+0000] {logging_mixin.py:117} INFO - [2022-10-09T07:11:21.473+0000] {dagbag.py:525} INFO - Filling up the DagBag from /home/airflow/.local/lib/python3.7/site-packages/airflow/example_dags/tutorial_dag.py
[2022-10-09T07:11:21.483+0000] {processor.py:768} INFO - DAG(s) dict_keys(['tutorial_dag']) retrieved from /home/airflow/.local/lib/python3.7/site-packages/airflow/example_dags/tutorial_dag.py
[2022-10-09T07:11:21.509+0000] {logging_mixin.py:117} INFO - [2022-10-09T07:11:21.509+0000] {dag.py:2573} INFO - Sync 1 DAGs
[2022-10-09T07:11:21.528+0000] {logging_mixin.py:117} INFO - [2022-10-09T07:11:21.528+0000] {dag.py:3328} INFO - Setting next_dagrun for tutorial_dag to None, run_after=None
[2022-10-09T07:11:21.540+0000] {processor.py:178} INFO - Processing /home/airflow/.local/lib/python3.7/site-packages/airflow/example_dags/tutorial_dag.py took 0.072 seconds
[2022-10-09T07:11:51.815+0000] {processor.py:156} INFO - Started process (PID=2565) to work on /home/airflow/.local/lib/python3.7/site-packages/airflow/example_dags/tutorial_dag.py
[2022-10-09T07:11:51.816+0000] {processor.py:758} INFO - Processing file /home/airflow/.local/lib/python3.7/site-packages/airflow/example_dags/tutorial_dag.py for tasks to queue
[2022-10-09T07:11:51.819+0000] {logging_mixin.py:117} INFO - [2022-10-09T07:11:51.819+0000] {dagbag.py:525} INFO - Filling up the DagBag from /home/airflow/.local/lib/python3.7/site-packages/airflow/example_dags/tutorial_dag.py
[2022-10-09T07:11:51.831+0000] {processor.py:768} INFO - DAG(s) dict_keys(['tutorial_dag']) retrieved from /home/airflow/.local/lib/python3.7/site-packages/airflow/example_dags/tutorial_dag.py
[2022-10-09T07:11:51.876+0000] {logging_mixin.py:117} INFO - [2022-10-09T07:11:51.875+0000] {dag.py:2573} INFO - Sync 1 DAGs
[2022-10-09T07:11:51.898+0000] {logging_mixin.py:117} INFO - [2022-10-09T07:11:51.898+0000] {dag.py:3328} INFO - Setting next_dagrun for tutorial_dag to None, run_after=None
[2022-10-09T07:11:51.918+0000] {processor.py:178} INFO - Processing /home/airflow/.local/lib/python3.7/site-packages/airflow/example_dags/tutorial_dag.py took 0.106 seconds
[2022-10-09T07:12:22.045+0000] {processor.py:156} INFO - Started process (PID=2628) to work on /home/airflow/.local/lib/python3.7/site-packages/airflow/example_dags/tutorial_dag.py
[2022-10-09T07:12:22.046+0000] {processor.py:758} INFO - Processing file /home/airflow/.local/lib/python3.7/site-packages/airflow/example_dags/tutorial_dag.py for tasks to queue
[2022-10-09T07:12:22.047+0000] {logging_mixin.py:117} INFO - [2022-10-09T07:12:22.047+0000] {dagbag.py:525} INFO - Filling up the DagBag from /home/airflow/.local/lib/python3.7/site-packages/airflow/example_dags/tutorial_dag.py
[2022-10-09T07:12:22.056+0000] {processor.py:768} INFO - DAG(s) dict_keys(['tutorial_dag']) retrieved from /home/airflow/.local/lib/python3.7/site-packages/airflow/example_dags/tutorial_dag.py
[2022-10-09T07:12:22.080+0000] {logging_mixin.py:117} INFO - [2022-10-09T07:12:22.080+0000] {dag.py:2573} INFO - Sync 1 DAGs
[2022-10-09T07:12:22.094+0000] {logging_mixin.py:117} INFO - [2022-10-09T07:12:22.094+0000] {dag.py:3328} INFO - Setting next_dagrun for tutorial_dag to None, run_after=None
[2022-10-09T07:12:22.107+0000] {processor.py:178} INFO - Processing /home/airflow/.local/lib/python3.7/site-packages/airflow/example_dags/tutorial_dag.py took 0.065 seconds
[2022-10-09T07:12:52.351+0000] {processor.py:156} INFO - Started process (PID=2691) to work on /home/airflow/.local/lib/python3.7/site-packages/airflow/example_dags/tutorial_dag.py
[2022-10-09T07:12:52.354+0000] {processor.py:758} INFO - Processing file /home/airflow/.local/lib/python3.7/site-packages/airflow/example_dags/tutorial_dag.py for tasks to queue
[2022-10-09T07:12:52.357+0000] {logging_mixin.py:117} INFO - [2022-10-09T07:12:52.357+0000] {dagbag.py:525} INFO - Filling up the DagBag from /home/airflow/.local/lib/python3.7/site-packages/airflow/example_dags/tutorial_dag.py
[2022-10-09T07:12:52.371+0000] {processor.py:768} INFO - DAG(s) dict_keys(['tutorial_dag']) retrieved from /home/airflow/.local/lib/python3.7/site-packages/airflow/example_dags/tutorial_dag.py
[2022-10-09T07:12:52.407+0000] {logging_mixin.py:117} INFO - [2022-10-09T07:12:52.407+0000] {dag.py:2573} INFO - Sync 1 DAGs
[2022-10-09T07:12:52.429+0000] {logging_mixin.py:117} INFO - [2022-10-09T07:12:52.429+0000] {dag.py:3328} INFO - Setting next_dagrun for tutorial_dag to None, run_after=None
[2022-10-09T07:12:52.456+0000] {processor.py:178} INFO - Processing /home/airflow/.local/lib/python3.7/site-packages/airflow/example_dags/tutorial_dag.py took 0.110 seconds
[2022-10-09T07:13:22.941+0000] {processor.py:156} INFO - Started process (PID=2755) to work on /home/airflow/.local/lib/python3.7/site-packages/airflow/example_dags/tutorial_dag.py
[2022-10-09T07:13:22.943+0000] {processor.py:758} INFO - Processing file /home/airflow/.local/lib/python3.7/site-packages/airflow/example_dags/tutorial_dag.py for tasks to queue
[2022-10-09T07:13:22.944+0000] {logging_mixin.py:117} INFO - [2022-10-09T07:13:22.944+0000] {dagbag.py:525} INFO - Filling up the DagBag from /home/airflow/.local/lib/python3.7/site-packages/airflow/example_dags/tutorial_dag.py
[2022-10-09T07:13:22.953+0000] {processor.py:768} INFO - DAG(s) dict_keys(['tutorial_dag']) retrieved from /home/airflow/.local/lib/python3.7/site-packages/airflow/example_dags/tutorial_dag.py
[2022-10-09T07:13:22.977+0000] {logging_mixin.py:117} INFO - [2022-10-09T07:13:22.977+0000] {dag.py:2573} INFO - Sync 1 DAGs
[2022-10-09T07:13:22.991+0000] {logging_mixin.py:117} INFO - [2022-10-09T07:13:22.991+0000] {dag.py:3328} INFO - Setting next_dagrun for tutorial_dag to None, run_after=None
[2022-10-09T07:13:23.002+0000] {processor.py:178} INFO - Processing /home/airflow/.local/lib/python3.7/site-packages/airflow/example_dags/tutorial_dag.py took 0.063 seconds
[2022-10-09T07:13:53.285+0000] {processor.py:156} INFO - Started process (PID=2808) to work on /home/airflow/.local/lib/python3.7/site-packages/airflow/example_dags/tutorial_dag.py
[2022-10-09T07:13:53.287+0000] {processor.py:758} INFO - Processing file /home/airflow/.local/lib/python3.7/site-packages/airflow/example_dags/tutorial_dag.py for tasks to queue
[2022-10-09T07:13:53.288+0000] {logging_mixin.py:117} INFO - [2022-10-09T07:13:53.288+0000] {dagbag.py:525} INFO - Filling up the DagBag from /home/airflow/.local/lib/python3.7/site-packages/airflow/example_dags/tutorial_dag.py
[2022-10-09T07:13:53.300+0000] {processor.py:768} INFO - DAG(s) dict_keys(['tutorial_dag']) retrieved from /home/airflow/.local/lib/python3.7/site-packages/airflow/example_dags/tutorial_dag.py
[2022-10-09T07:13:53.336+0000] {logging_mixin.py:117} INFO - [2022-10-09T07:13:53.336+0000] {dag.py:2573} INFO - Sync 1 DAGs
[2022-10-09T07:13:53.353+0000] {logging_mixin.py:117} INFO - [2022-10-09T07:13:53.353+0000] {dag.py:3328} INFO - Setting next_dagrun for tutorial_dag to None, run_after=None
[2022-10-09T07:13:53.371+0000] {processor.py:178} INFO - Processing /home/airflow/.local/lib/python3.7/site-packages/airflow/example_dags/tutorial_dag.py took 0.089 seconds
[2022-10-09T07:14:23.663+0000] {processor.py:156} INFO - Started process (PID=2870) to work on /home/airflow/.local/lib/python3.7/site-packages/airflow/example_dags/tutorial_dag.py
[2022-10-09T07:14:23.665+0000] {processor.py:758} INFO - Processing file /home/airflow/.local/lib/python3.7/site-packages/airflow/example_dags/tutorial_dag.py for tasks to queue
[2022-10-09T07:14:23.666+0000] {logging_mixin.py:117} INFO - [2022-10-09T07:14:23.666+0000] {dagbag.py:525} INFO - Filling up the DagBag from /home/airflow/.local/lib/python3.7/site-packages/airflow/example_dags/tutorial_dag.py
[2022-10-09T07:14:23.676+0000] {processor.py:768} INFO - DAG(s) dict_keys(['tutorial_dag']) retrieved from /home/airflow/.local/lib/python3.7/site-packages/airflow/example_dags/tutorial_dag.py
[2022-10-09T07:14:23.702+0000] {logging_mixin.py:117} INFO - [2022-10-09T07:14:23.702+0000] {dag.py:2573} INFO - Sync 1 DAGs
[2022-10-09T07:14:23.717+0000] {logging_mixin.py:117} INFO - [2022-10-09T07:14:23.717+0000] {dag.py:3328} INFO - Setting next_dagrun for tutorial_dag to None, run_after=None
[2022-10-09T07:14:23.733+0000] {processor.py:178} INFO - Processing /home/airflow/.local/lib/python3.7/site-packages/airflow/example_dags/tutorial_dag.py took 0.072 seconds
[2022-10-09T07:14:54.050+0000] {processor.py:156} INFO - Started process (PID=2934) to work on /home/airflow/.local/lib/python3.7/site-packages/airflow/example_dags/tutorial_dag.py
[2022-10-09T07:14:54.052+0000] {processor.py:758} INFO - Processing file /home/airflow/.local/lib/python3.7/site-packages/airflow/example_dags/tutorial_dag.py for tasks to queue
[2022-10-09T07:14:54.053+0000] {logging_mixin.py:117} INFO - [2022-10-09T07:14:54.053+0000] {dagbag.py:525} INFO - Filling up the DagBag from /home/airflow/.local/lib/python3.7/site-packages/airflow/example_dags/tutorial_dag.py
[2022-10-09T07:14:54.066+0000] {processor.py:768} INFO - DAG(s) dict_keys(['tutorial_dag']) retrieved from /home/airflow/.local/lib/python3.7/site-packages/airflow/example_dags/tutorial_dag.py
[2022-10-09T07:14:54.095+0000] {logging_mixin.py:117} INFO - [2022-10-09T07:14:54.095+0000] {dag.py:2573} INFO - Sync 1 DAGs
[2022-10-09T07:14:54.111+0000] {logging_mixin.py:117} INFO - [2022-10-09T07:14:54.111+0000] {dag.py:3328} INFO - Setting next_dagrun for tutorial_dag to None, run_after=None
[2022-10-09T07:14:54.122+0000] {processor.py:178} INFO - Processing /home/airflow/.local/lib/python3.7/site-packages/airflow/example_dags/tutorial_dag.py took 0.075 seconds
[2022-10-09T07:15:24.244+0000] {processor.py:156} INFO - Started process (PID=2997) to work on /home/airflow/.local/lib/python3.7/site-packages/airflow/example_dags/tutorial_dag.py
[2022-10-09T07:15:24.245+0000] {processor.py:758} INFO - Processing file /home/airflow/.local/lib/python3.7/site-packages/airflow/example_dags/tutorial_dag.py for tasks to queue
[2022-10-09T07:15:24.247+0000] {logging_mixin.py:117} INFO - [2022-10-09T07:15:24.246+0000] {dagbag.py:525} INFO - Filling up the DagBag from /home/airflow/.local/lib/python3.7/site-packages/airflow/example_dags/tutorial_dag.py
[2022-10-09T07:15:24.255+0000] {processor.py:768} INFO - DAG(s) dict_keys(['tutorial_dag']) retrieved from /home/airflow/.local/lib/python3.7/site-packages/airflow/example_dags/tutorial_dag.py
[2022-10-09T07:15:24.282+0000] {logging_mixin.py:117} INFO - [2022-10-09T07:15:24.282+0000] {dag.py:2573} INFO - Sync 1 DAGs
[2022-10-09T07:15:24.296+0000] {logging_mixin.py:117} INFO - [2022-10-09T07:15:24.296+0000] {dag.py:3328} INFO - Setting next_dagrun for tutorial_dag to None, run_after=None
[2022-10-09T07:15:24.308+0000] {processor.py:178} INFO - Processing /home/airflow/.local/lib/python3.7/site-packages/airflow/example_dags/tutorial_dag.py took 0.066 seconds
[2022-10-09T07:15:54.650+0000] {processor.py:156} INFO - Started process (PID=3060) to work on /home/airflow/.local/lib/python3.7/site-packages/airflow/example_dags/tutorial_dag.py
[2022-10-09T07:15:54.652+0000] {processor.py:758} INFO - Processing file /home/airflow/.local/lib/python3.7/site-packages/airflow/example_dags/tutorial_dag.py for tasks to queue
[2022-10-09T07:15:54.653+0000] {logging_mixin.py:117} INFO - [2022-10-09T07:15:54.653+0000] {dagbag.py:525} INFO - Filling up the DagBag from /home/airflow/.local/lib/python3.7/site-packages/airflow/example_dags/tutorial_dag.py
[2022-10-09T07:15:54.662+0000] {processor.py:768} INFO - DAG(s) dict_keys(['tutorial_dag']) retrieved from /home/airflow/.local/lib/python3.7/site-packages/airflow/example_dags/tutorial_dag.py
[2022-10-09T07:15:54.687+0000] {logging_mixin.py:117} INFO - [2022-10-09T07:15:54.687+0000] {dag.py:2573} INFO - Sync 1 DAGs
[2022-10-09T07:15:54.701+0000] {logging_mixin.py:117} INFO - [2022-10-09T07:15:54.701+0000] {dag.py:3328} INFO - Setting next_dagrun for tutorial_dag to None, run_after=None
[2022-10-09T07:15:54.712+0000] {processor.py:178} INFO - Processing /home/airflow/.local/lib/python3.7/site-packages/airflow/example_dags/tutorial_dag.py took 0.065 seconds
[2022-10-09T07:16:24.988+0000] {processor.py:156} INFO - Started process (PID=3123) to work on /home/airflow/.local/lib/python3.7/site-packages/airflow/example_dags/tutorial_dag.py
[2022-10-09T07:16:24.990+0000] {processor.py:758} INFO - Processing file /home/airflow/.local/lib/python3.7/site-packages/airflow/example_dags/tutorial_dag.py for tasks to queue
[2022-10-09T07:16:24.991+0000] {logging_mixin.py:117} INFO - [2022-10-09T07:16:24.991+0000] {dagbag.py:525} INFO - Filling up the DagBag from /home/airflow/.local/lib/python3.7/site-packages/airflow/example_dags/tutorial_dag.py
[2022-10-09T07:16:25.003+0000] {processor.py:768} INFO - DAG(s) dict_keys(['tutorial_dag']) retrieved from /home/airflow/.local/lib/python3.7/site-packages/airflow/example_dags/tutorial_dag.py
[2022-10-09T07:16:25.041+0000] {logging_mixin.py:117} INFO - [2022-10-09T07:16:25.041+0000] {dag.py:2573} INFO - Sync 1 DAGs
[2022-10-09T07:16:25.059+0000] {logging_mixin.py:117} INFO - [2022-10-09T07:16:25.058+0000] {dag.py:3328} INFO - Setting next_dagrun for tutorial_dag to None, run_after=None
[2022-10-09T07:16:25.075+0000] {processor.py:178} INFO - Processing /home/airflow/.local/lib/python3.7/site-packages/airflow/example_dags/tutorial_dag.py took 0.090 seconds
[2022-10-09T07:16:55.240+0000] {processor.py:156} INFO - Started process (PID=3176) to work on /home/airflow/.local/lib/python3.7/site-packages/airflow/example_dags/tutorial_dag.py
[2022-10-09T07:16:55.241+0000] {processor.py:758} INFO - Processing file /home/airflow/.local/lib/python3.7/site-packages/airflow/example_dags/tutorial_dag.py for tasks to queue
[2022-10-09T07:16:55.242+0000] {logging_mixin.py:117} INFO - [2022-10-09T07:16:55.242+0000] {dagbag.py:525} INFO - Filling up the DagBag from /home/airflow/.local/lib/python3.7/site-packages/airflow/example_dags/tutorial_dag.py
[2022-10-09T07:16:55.252+0000] {processor.py:768} INFO - DAG(s) dict_keys(['tutorial_dag']) retrieved from /home/airflow/.local/lib/python3.7/site-packages/airflow/example_dags/tutorial_dag.py
[2022-10-09T07:16:55.279+0000] {logging_mixin.py:117} INFO - [2022-10-09T07:16:55.278+0000] {dag.py:2573} INFO - Sync 1 DAGs
[2022-10-09T07:16:55.294+0000] {logging_mixin.py:117} INFO - [2022-10-09T07:16:55.294+0000] {dag.py:3328} INFO - Setting next_dagrun for tutorial_dag to None, run_after=None
[2022-10-09T07:16:55.306+0000] {processor.py:178} INFO - Processing /home/airflow/.local/lib/python3.7/site-packages/airflow/example_dags/tutorial_dag.py took 0.068 seconds
[2022-10-09T07:17:26.095+0000] {processor.py:156} INFO - Started process (PID=3239) to work on /home/airflow/.local/lib/python3.7/site-packages/airflow/example_dags/tutorial_dag.py
[2022-10-09T07:17:26.097+0000] {processor.py:758} INFO - Processing file /home/airflow/.local/lib/python3.7/site-packages/airflow/example_dags/tutorial_dag.py for tasks to queue
[2022-10-09T07:17:26.098+0000] {logging_mixin.py:117} INFO - [2022-10-09T07:17:26.098+0000] {dagbag.py:525} INFO - Filling up the DagBag from /home/airflow/.local/lib/python3.7/site-packages/airflow/example_dags/tutorial_dag.py
[2022-10-09T07:17:26.109+0000] {processor.py:768} INFO - DAG(s) dict_keys(['tutorial_dag']) retrieved from /home/airflow/.local/lib/python3.7/site-packages/airflow/example_dags/tutorial_dag.py
[2022-10-09T07:17:26.143+0000] {logging_mixin.py:117} INFO - [2022-10-09T07:17:26.143+0000] {dag.py:2573} INFO - Sync 1 DAGs
[2022-10-09T07:17:26.159+0000] {logging_mixin.py:117} INFO - [2022-10-09T07:17:26.159+0000] {dag.py:3328} INFO - Setting next_dagrun for tutorial_dag to None, run_after=None
[2022-10-09T07:17:26.172+0000] {processor.py:178} INFO - Processing /home/airflow/.local/lib/python3.7/site-packages/airflow/example_dags/tutorial_dag.py took 0.081 seconds
[2022-10-09T07:17:56.359+0000] {processor.py:156} INFO - Started process (PID=3300) to work on /home/airflow/.local/lib/python3.7/site-packages/airflow/example_dags/tutorial_dag.py
[2022-10-09T07:17:56.361+0000] {processor.py:758} INFO - Processing file /home/airflow/.local/lib/python3.7/site-packages/airflow/example_dags/tutorial_dag.py for tasks to queue
[2022-10-09T07:17:56.362+0000] {logging_mixin.py:117} INFO - [2022-10-09T07:17:56.362+0000] {dagbag.py:525} INFO - Filling up the DagBag from /home/airflow/.local/lib/python3.7/site-packages/airflow/example_dags/tutorial_dag.py
[2022-10-09T07:17:56.373+0000] {processor.py:768} INFO - DAG(s) dict_keys(['tutorial_dag']) retrieved from /home/airflow/.local/lib/python3.7/site-packages/airflow/example_dags/tutorial_dag.py
[2022-10-09T07:17:56.400+0000] {logging_mixin.py:117} INFO - [2022-10-09T07:17:56.400+0000] {dag.py:2573} INFO - Sync 1 DAGs
[2022-10-09T07:17:56.416+0000] {logging_mixin.py:117} INFO - [2022-10-09T07:17:56.416+0000] {dag.py:3328} INFO - Setting next_dagrun for tutorial_dag to None, run_after=None
[2022-10-09T07:17:56.428+0000] {processor.py:178} INFO - Processing /home/airflow/.local/lib/python3.7/site-packages/airflow/example_dags/tutorial_dag.py took 0.070 seconds
[2022-10-09T07:18:26.625+0000] {processor.py:156} INFO - Started process (PID=3363) to work on /home/airflow/.local/lib/python3.7/site-packages/airflow/example_dags/tutorial_dag.py
[2022-10-09T07:18:26.626+0000] {processor.py:758} INFO - Processing file /home/airflow/.local/lib/python3.7/site-packages/airflow/example_dags/tutorial_dag.py for tasks to queue
[2022-10-09T07:18:26.627+0000] {logging_mixin.py:117} INFO - [2022-10-09T07:18:26.627+0000] {dagbag.py:525} INFO - Filling up the DagBag from /home/airflow/.local/lib/python3.7/site-packages/airflow/example_dags/tutorial_dag.py
[2022-10-09T07:18:26.638+0000] {processor.py:768} INFO - DAG(s) dict_keys(['tutorial_dag']) retrieved from /home/airflow/.local/lib/python3.7/site-packages/airflow/example_dags/tutorial_dag.py
[2022-10-09T07:18:26.666+0000] {logging_mixin.py:117} INFO - [2022-10-09T07:18:26.666+0000] {dag.py:2573} INFO - Sync 1 DAGs
[2022-10-09T07:18:26.682+0000] {logging_mixin.py:117} INFO - [2022-10-09T07:18:26.681+0000] {dag.py:3328} INFO - Setting next_dagrun for tutorial_dag to None, run_after=None
[2022-10-09T07:18:26.698+0000] {processor.py:178} INFO - Processing /home/airflow/.local/lib/python3.7/site-packages/airflow/example_dags/tutorial_dag.py took 0.075 seconds
[2022-10-09T07:18:57.924+0000] {processor.py:156} INFO - Started process (PID=3425) to work on /home/airflow/.local/lib/python3.7/site-packages/airflow/example_dags/tutorial_dag.py
[2022-10-09T07:18:57.925+0000] {processor.py:758} INFO - Processing file /home/airflow/.local/lib/python3.7/site-packages/airflow/example_dags/tutorial_dag.py for tasks to queue
[2022-10-09T07:18:57.926+0000] {logging_mixin.py:117} INFO - [2022-10-09T07:18:57.926+0000] {dagbag.py:525} INFO - Filling up the DagBag from /home/airflow/.local/lib/python3.7/site-packages/airflow/example_dags/tutorial_dag.py
[2022-10-09T07:18:57.936+0000] {processor.py:768} INFO - DAG(s) dict_keys(['tutorial_dag']) retrieved from /home/airflow/.local/lib/python3.7/site-packages/airflow/example_dags/tutorial_dag.py
[2022-10-09T07:18:57.961+0000] {logging_mixin.py:117} INFO - [2022-10-09T07:18:57.960+0000] {dag.py:2573} INFO - Sync 1 DAGs
[2022-10-09T07:18:57.977+0000] {logging_mixin.py:117} INFO - [2022-10-09T07:18:57.977+0000] {dag.py:3328} INFO - Setting next_dagrun for tutorial_dag to None, run_after=None
[2022-10-09T07:18:57.988+0000] {processor.py:178} INFO - Processing /home/airflow/.local/lib/python3.7/site-packages/airflow/example_dags/tutorial_dag.py took 0.066 seconds
[2022-10-09T07:19:28.222+0000] {processor.py:156} INFO - Started process (PID=3479) to work on /home/airflow/.local/lib/python3.7/site-packages/airflow/example_dags/tutorial_dag.py
[2022-10-09T07:19:28.223+0000] {processor.py:758} INFO - Processing file /home/airflow/.local/lib/python3.7/site-packages/airflow/example_dags/tutorial_dag.py for tasks to queue
[2022-10-09T07:19:28.224+0000] {logging_mixin.py:117} INFO - [2022-10-09T07:19:28.224+0000] {dagbag.py:525} INFO - Filling up the DagBag from /home/airflow/.local/lib/python3.7/site-packages/airflow/example_dags/tutorial_dag.py
[2022-10-09T07:19:28.233+0000] {processor.py:768} INFO - DAG(s) dict_keys(['tutorial_dag']) retrieved from /home/airflow/.local/lib/python3.7/site-packages/airflow/example_dags/tutorial_dag.py
[2022-10-09T07:19:28.258+0000] {logging_mixin.py:117} INFO - [2022-10-09T07:19:28.258+0000] {dag.py:2573} INFO - Sync 1 DAGs
[2022-10-09T07:19:28.273+0000] {logging_mixin.py:117} INFO - [2022-10-09T07:19:28.273+0000] {dag.py:3328} INFO - Setting next_dagrun for tutorial_dag to None, run_after=None
[2022-10-09T07:19:28.285+0000] {processor.py:178} INFO - Processing /home/airflow/.local/lib/python3.7/site-packages/airflow/example_dags/tutorial_dag.py took 0.065 seconds
[2022-10-09T07:19:58.509+0000] {processor.py:156} INFO - Started process (PID=3543) to work on /home/airflow/.local/lib/python3.7/site-packages/airflow/example_dags/tutorial_dag.py
[2022-10-09T07:19:58.511+0000] {processor.py:758} INFO - Processing file /home/airflow/.local/lib/python3.7/site-packages/airflow/example_dags/tutorial_dag.py for tasks to queue
[2022-10-09T07:19:58.512+0000] {logging_mixin.py:117} INFO - [2022-10-09T07:19:58.512+0000] {dagbag.py:525} INFO - Filling up the DagBag from /home/airflow/.local/lib/python3.7/site-packages/airflow/example_dags/tutorial_dag.py
[2022-10-09T07:19:58.522+0000] {processor.py:768} INFO - DAG(s) dict_keys(['tutorial_dag']) retrieved from /home/airflow/.local/lib/python3.7/site-packages/airflow/example_dags/tutorial_dag.py
[2022-10-09T07:19:58.550+0000] {logging_mixin.py:117} INFO - [2022-10-09T07:19:58.550+0000] {dag.py:2573} INFO - Sync 1 DAGs
[2022-10-09T07:19:58.566+0000] {logging_mixin.py:117} INFO - [2022-10-09T07:19:58.566+0000] {dag.py:3328} INFO - Setting next_dagrun for tutorial_dag to None, run_after=None
[2022-10-09T07:19:58.578+0000] {processor.py:178} INFO - Processing /home/airflow/.local/lib/python3.7/site-packages/airflow/example_dags/tutorial_dag.py took 0.071 seconds
[2022-10-09T07:20:29.312+0000] {processor.py:156} INFO - Started process (PID=3606) to work on /home/airflow/.local/lib/python3.7/site-packages/airflow/example_dags/tutorial_dag.py
[2022-10-09T07:20:29.314+0000] {processor.py:758} INFO - Processing file /home/airflow/.local/lib/python3.7/site-packages/airflow/example_dags/tutorial_dag.py for tasks to queue
[2022-10-09T07:20:29.315+0000] {logging_mixin.py:117} INFO - [2022-10-09T07:20:29.315+0000] {dagbag.py:525} INFO - Filling up the DagBag from /home/airflow/.local/lib/python3.7/site-packages/airflow/example_dags/tutorial_dag.py
[2022-10-09T07:20:29.325+0000] {processor.py:768} INFO - DAG(s) dict_keys(['tutorial_dag']) retrieved from /home/airflow/.local/lib/python3.7/site-packages/airflow/example_dags/tutorial_dag.py
[2022-10-09T07:20:29.354+0000] {logging_mixin.py:117} INFO - [2022-10-09T07:20:29.354+0000] {dag.py:2573} INFO - Sync 1 DAGs
[2022-10-09T07:20:29.371+0000] {logging_mixin.py:117} INFO - [2022-10-09T07:20:29.371+0000] {dag.py:3328} INFO - Setting next_dagrun for tutorial_dag to None, run_after=None
[2022-10-09T07:20:29.385+0000] {processor.py:178} INFO - Processing /home/airflow/.local/lib/python3.7/site-packages/airflow/example_dags/tutorial_dag.py took 0.075 seconds
[2022-10-09T07:20:59.742+0000] {processor.py:156} INFO - Started process (PID=3669) to work on /home/airflow/.local/lib/python3.7/site-packages/airflow/example_dags/tutorial_dag.py
[2022-10-09T07:20:59.744+0000] {processor.py:758} INFO - Processing file /home/airflow/.local/lib/python3.7/site-packages/airflow/example_dags/tutorial_dag.py for tasks to queue
[2022-10-09T07:20:59.745+0000] {logging_mixin.py:117} INFO - [2022-10-09T07:20:59.745+0000] {dagbag.py:525} INFO - Filling up the DagBag from /home/airflow/.local/lib/python3.7/site-packages/airflow/example_dags/tutorial_dag.py
[2022-10-09T07:20:59.754+0000] {processor.py:768} INFO - DAG(s) dict_keys(['tutorial_dag']) retrieved from /home/airflow/.local/lib/python3.7/site-packages/airflow/example_dags/tutorial_dag.py
[2022-10-09T07:20:59.779+0000] {logging_mixin.py:117} INFO - [2022-10-09T07:20:59.779+0000] {dag.py:2573} INFO - Sync 1 DAGs
[2022-10-09T07:20:59.796+0000] {logging_mixin.py:117} INFO - [2022-10-09T07:20:59.796+0000] {dag.py:3328} INFO - Setting next_dagrun for tutorial_dag to None, run_after=None
[2022-10-09T07:20:59.809+0000] {processor.py:178} INFO - Processing /home/airflow/.local/lib/python3.7/site-packages/airflow/example_dags/tutorial_dag.py took 0.069 seconds
[2022-10-09T07:21:30.221+0000] {processor.py:156} INFO - Started process (PID=3732) to work on /home/airflow/.local/lib/python3.7/site-packages/airflow/example_dags/tutorial_dag.py
[2022-10-09T07:21:30.223+0000] {processor.py:758} INFO - Processing file /home/airflow/.local/lib/python3.7/site-packages/airflow/example_dags/tutorial_dag.py for tasks to queue
[2022-10-09T07:21:30.224+0000] {logging_mixin.py:117} INFO - [2022-10-09T07:21:30.223+0000] {dagbag.py:525} INFO - Filling up the DagBag from /home/airflow/.local/lib/python3.7/site-packages/airflow/example_dags/tutorial_dag.py
[2022-10-09T07:21:30.233+0000] {processor.py:768} INFO - DAG(s) dict_keys(['tutorial_dag']) retrieved from /home/airflow/.local/lib/python3.7/site-packages/airflow/example_dags/tutorial_dag.py
[2022-10-09T07:21:30.260+0000] {logging_mixin.py:117} INFO - [2022-10-09T07:21:30.260+0000] {dag.py:2573} INFO - Sync 1 DAGs
[2022-10-09T07:21:30.277+0000] {logging_mixin.py:117} INFO - [2022-10-09T07:21:30.277+0000] {dag.py:3328} INFO - Setting next_dagrun for tutorial_dag to None, run_after=None
[2022-10-09T07:21:30.292+0000] {processor.py:178} INFO - Processing /home/airflow/.local/lib/python3.7/site-packages/airflow/example_dags/tutorial_dag.py took 0.074 seconds
[2022-10-09T07:22:00.547+0000] {processor.py:156} INFO - Started process (PID=3784) to work on /home/airflow/.local/lib/python3.7/site-packages/airflow/example_dags/tutorial_dag.py
[2022-10-09T07:22:00.549+0000] {processor.py:758} INFO - Processing file /home/airflow/.local/lib/python3.7/site-packages/airflow/example_dags/tutorial_dag.py for tasks to queue
[2022-10-09T07:22:00.552+0000] {logging_mixin.py:117} INFO - [2022-10-09T07:22:00.552+0000] {dagbag.py:525} INFO - Filling up the DagBag from /home/airflow/.local/lib/python3.7/site-packages/airflow/example_dags/tutorial_dag.py
[2022-10-09T07:22:00.564+0000] {processor.py:768} INFO - DAG(s) dict_keys(['tutorial_dag']) retrieved from /home/airflow/.local/lib/python3.7/site-packages/airflow/example_dags/tutorial_dag.py
[2022-10-09T07:22:00.605+0000] {logging_mixin.py:117} INFO - [2022-10-09T07:22:00.605+0000] {dag.py:2573} INFO - Sync 1 DAGs
[2022-10-09T07:22:00.624+0000] {logging_mixin.py:117} INFO - [2022-10-09T07:22:00.624+0000] {dag.py:3328} INFO - Setting next_dagrun for tutorial_dag to None, run_after=None
[2022-10-09T07:22:00.641+0000] {processor.py:178} INFO - Processing /home/airflow/.local/lib/python3.7/site-packages/airflow/example_dags/tutorial_dag.py took 0.096 seconds
[2022-10-09T07:22:30.838+0000] {processor.py:156} INFO - Started process (PID=3847) to work on /home/airflow/.local/lib/python3.7/site-packages/airflow/example_dags/tutorial_dag.py
[2022-10-09T07:22:30.840+0000] {processor.py:758} INFO - Processing file /home/airflow/.local/lib/python3.7/site-packages/airflow/example_dags/tutorial_dag.py for tasks to queue
[2022-10-09T07:22:30.843+0000] {logging_mixin.py:117} INFO - [2022-10-09T07:22:30.842+0000] {dagbag.py:525} INFO - Filling up the DagBag from /home/airflow/.local/lib/python3.7/site-packages/airflow/example_dags/tutorial_dag.py
[2022-10-09T07:22:30.852+0000] {processor.py:768} INFO - DAG(s) dict_keys(['tutorial_dag']) retrieved from /home/airflow/.local/lib/python3.7/site-packages/airflow/example_dags/tutorial_dag.py
[2022-10-09T07:22:30.877+0000] {logging_mixin.py:117} INFO - [2022-10-09T07:22:30.877+0000] {dag.py:2573} INFO - Sync 1 DAGs
[2022-10-09T07:22:30.893+0000] {logging_mixin.py:117} INFO - [2022-10-09T07:22:30.893+0000] {dag.py:3328} INFO - Setting next_dagrun for tutorial_dag to None, run_after=None
[2022-10-09T07:22:30.906+0000] {processor.py:178} INFO - Processing /home/airflow/.local/lib/python3.7/site-packages/airflow/example_dags/tutorial_dag.py took 0.070 seconds
[2022-10-09T07:23:01.139+0000] {processor.py:156} INFO - Started process (PID=3911) to work on /home/airflow/.local/lib/python3.7/site-packages/airflow/example_dags/tutorial_dag.py
[2022-10-09T07:23:01.141+0000] {processor.py:758} INFO - Processing file /home/airflow/.local/lib/python3.7/site-packages/airflow/example_dags/tutorial_dag.py for tasks to queue
[2022-10-09T07:23:01.143+0000] {logging_mixin.py:117} INFO - [2022-10-09T07:23:01.143+0000] {dagbag.py:525} INFO - Filling up the DagBag from /home/airflow/.local/lib/python3.7/site-packages/airflow/example_dags/tutorial_dag.py
[2022-10-09T07:23:01.152+0000] {processor.py:768} INFO - DAG(s) dict_keys(['tutorial_dag']) retrieved from /home/airflow/.local/lib/python3.7/site-packages/airflow/example_dags/tutorial_dag.py
[2022-10-09T07:23:01.179+0000] {logging_mixin.py:117} INFO - [2022-10-09T07:23:01.179+0000] {dag.py:2573} INFO - Sync 1 DAGs
[2022-10-09T07:23:01.194+0000] {logging_mixin.py:117} INFO - [2022-10-09T07:23:01.194+0000] {dag.py:3328} INFO - Setting next_dagrun for tutorial_dag to None, run_after=None
[2022-10-09T07:23:01.206+0000] {processor.py:178} INFO - Processing /home/airflow/.local/lib/python3.7/site-packages/airflow/example_dags/tutorial_dag.py took 0.069 seconds
[2022-10-09T07:23:31.501+0000] {processor.py:156} INFO - Started process (PID=3974) to work on /home/airflow/.local/lib/python3.7/site-packages/airflow/example_dags/tutorial_dag.py
[2022-10-09T07:23:31.503+0000] {processor.py:758} INFO - Processing file /home/airflow/.local/lib/python3.7/site-packages/airflow/example_dags/tutorial_dag.py for tasks to queue
[2022-10-09T07:23:31.504+0000] {logging_mixin.py:117} INFO - [2022-10-09T07:23:31.504+0000] {dagbag.py:525} INFO - Filling up the DagBag from /home/airflow/.local/lib/python3.7/site-packages/airflow/example_dags/tutorial_dag.py
[2022-10-09T07:23:31.513+0000] {processor.py:768} INFO - DAG(s) dict_keys(['tutorial_dag']) retrieved from /home/airflow/.local/lib/python3.7/site-packages/airflow/example_dags/tutorial_dag.py
[2022-10-09T07:23:31.539+0000] {logging_mixin.py:117} INFO - [2022-10-09T07:23:31.538+0000] {dag.py:2573} INFO - Sync 1 DAGs
[2022-10-09T07:23:31.554+0000] {logging_mixin.py:117} INFO - [2022-10-09T07:23:31.554+0000] {dag.py:3328} INFO - Setting next_dagrun for tutorial_dag to None, run_after=None
[2022-10-09T07:23:31.565+0000] {processor.py:178} INFO - Processing /home/airflow/.local/lib/python3.7/site-packages/airflow/example_dags/tutorial_dag.py took 0.066 seconds
[2022-10-09T07:24:01.761+0000] {processor.py:156} INFO - Started process (PID=4037) to work on /home/airflow/.local/lib/python3.7/site-packages/airflow/example_dags/tutorial_dag.py
[2022-10-09T07:24:01.763+0000] {processor.py:758} INFO - Processing file /home/airflow/.local/lib/python3.7/site-packages/airflow/example_dags/tutorial_dag.py for tasks to queue
[2022-10-09T07:24:01.764+0000] {logging_mixin.py:117} INFO - [2022-10-09T07:24:01.764+0000] {dagbag.py:525} INFO - Filling up the DagBag from /home/airflow/.local/lib/python3.7/site-packages/airflow/example_dags/tutorial_dag.py
[2022-10-09T07:24:01.776+0000] {processor.py:768} INFO - DAG(s) dict_keys(['tutorial_dag']) retrieved from /home/airflow/.local/lib/python3.7/site-packages/airflow/example_dags/tutorial_dag.py
[2022-10-09T07:24:01.803+0000] {logging_mixin.py:117} INFO - [2022-10-09T07:24:01.803+0000] {dag.py:2573} INFO - Sync 1 DAGs
[2022-10-09T07:24:01.818+0000] {logging_mixin.py:117} INFO - [2022-10-09T07:24:01.818+0000] {dag.py:3328} INFO - Setting next_dagrun for tutorial_dag to None, run_after=None
[2022-10-09T07:24:01.829+0000] {processor.py:178} INFO - Processing /home/airflow/.local/lib/python3.7/site-packages/airflow/example_dags/tutorial_dag.py took 0.070 seconds
[2022-10-09T07:24:32.513+0000] {processor.py:156} INFO - Started process (PID=4103) to work on /home/airflow/.local/lib/python3.7/site-packages/airflow/example_dags/tutorial_dag.py
[2022-10-09T07:24:32.515+0000] {processor.py:758} INFO - Processing file /home/airflow/.local/lib/python3.7/site-packages/airflow/example_dags/tutorial_dag.py for tasks to queue
[2022-10-09T07:24:32.517+0000] {logging_mixin.py:117} INFO - [2022-10-09T07:24:32.517+0000] {dagbag.py:525} INFO - Filling up the DagBag from /home/airflow/.local/lib/python3.7/site-packages/airflow/example_dags/tutorial_dag.py
[2022-10-09T07:24:32.530+0000] {processor.py:768} INFO - DAG(s) dict_keys(['tutorial_dag']) retrieved from /home/airflow/.local/lib/python3.7/site-packages/airflow/example_dags/tutorial_dag.py
[2022-10-09T07:24:32.561+0000] {logging_mixin.py:117} INFO - [2022-10-09T07:24:32.561+0000] {dag.py:2573} INFO - Sync 1 DAGs
[2022-10-09T07:24:32.581+0000] {logging_mixin.py:117} INFO - [2022-10-09T07:24:32.581+0000] {dag.py:3328} INFO - Setting next_dagrun for tutorial_dag to None, run_after=None
[2022-10-09T07:24:32.595+0000] {processor.py:178} INFO - Processing /home/airflow/.local/lib/python3.7/site-packages/airflow/example_dags/tutorial_dag.py took 0.084 seconds
