[2022-10-09T06:40:41.436+0000] {processor.py:156} INFO - Started process (PID=65) to work on /home/airflow/.local/lib/python3.7/site-packages/airflow/example_dags/tutorial_taskflow_api.py
[2022-10-09T06:40:41.438+0000] {processor.py:758} INFO - Processing file /home/airflow/.local/lib/python3.7/site-packages/airflow/example_dags/tutorial_taskflow_api.py for tasks to queue
[2022-10-09T06:40:41.440+0000] {logging_mixin.py:117} INFO - [2022-10-09T06:40:41.440+0000] {dagbag.py:525} INFO - Filling up the DagBag from /home/airflow/.local/lib/python3.7/site-packages/airflow/example_dags/tutorial_taskflow_api.py
[2022-10-09T06:40:41.462+0000] {processor.py:768} INFO - DAG(s) dict_keys(['tutorial_taskflow_api']) retrieved from /home/airflow/.local/lib/python3.7/site-packages/airflow/example_dags/tutorial_taskflow_api.py
[2022-10-09T06:40:41.500+0000] {logging_mixin.py:117} INFO - [2022-10-09T06:40:41.500+0000] {dag.py:2573} INFO - Sync 1 DAGs
[2022-10-09T06:40:41.524+0000] {logging_mixin.py:117} INFO - [2022-10-09T06:40:41.524+0000] {dag.py:3328} INFO - Setting next_dagrun for tutorial_taskflow_api to None, run_after=None
[2022-10-09T06:40:41.560+0000] {processor.py:178} INFO - Processing /home/airflow/.local/lib/python3.7/site-packages/airflow/example_dags/tutorial_taskflow_api.py took 0.128 seconds
[2022-10-09T06:41:12.291+0000] {processor.py:156} INFO - Started process (PID=128) to work on /home/airflow/.local/lib/python3.7/site-packages/airflow/example_dags/tutorial_taskflow_api.py
[2022-10-09T06:41:12.293+0000] {processor.py:758} INFO - Processing file /home/airflow/.local/lib/python3.7/site-packages/airflow/example_dags/tutorial_taskflow_api.py for tasks to queue
[2022-10-09T06:41:12.294+0000] {logging_mixin.py:117} INFO - [2022-10-09T06:41:12.294+0000] {dagbag.py:525} INFO - Filling up the DagBag from /home/airflow/.local/lib/python3.7/site-packages/airflow/example_dags/tutorial_taskflow_api.py
[2022-10-09T06:41:12.308+0000] {processor.py:768} INFO - DAG(s) dict_keys(['tutorial_taskflow_api']) retrieved from /home/airflow/.local/lib/python3.7/site-packages/airflow/example_dags/tutorial_taskflow_api.py
[2022-10-09T06:41:12.335+0000] {logging_mixin.py:117} INFO - [2022-10-09T06:41:12.335+0000] {dag.py:2573} INFO - Sync 1 DAGs
[2022-10-09T06:41:12.355+0000] {logging_mixin.py:117} INFO - [2022-10-09T06:41:12.355+0000] {dag.py:3328} INFO - Setting next_dagrun for tutorial_taskflow_api to None, run_after=None
[2022-10-09T06:41:12.385+0000] {processor.py:178} INFO - Processing /home/airflow/.local/lib/python3.7/site-packages/airflow/example_dags/tutorial_taskflow_api.py took 0.096 seconds
[2022-10-09T06:41:42.589+0000] {processor.py:156} INFO - Started process (PID=192) to work on /home/airflow/.local/lib/python3.7/site-packages/airflow/example_dags/tutorial_taskflow_api.py
[2022-10-09T06:41:42.590+0000] {processor.py:758} INFO - Processing file /home/airflow/.local/lib/python3.7/site-packages/airflow/example_dags/tutorial_taskflow_api.py for tasks to queue
[2022-10-09T06:41:42.591+0000] {logging_mixin.py:117} INFO - [2022-10-09T06:41:42.591+0000] {dagbag.py:525} INFO - Filling up the DagBag from /home/airflow/.local/lib/python3.7/site-packages/airflow/example_dags/tutorial_taskflow_api.py
[2022-10-09T06:41:42.605+0000] {processor.py:768} INFO - DAG(s) dict_keys(['tutorial_taskflow_api']) retrieved from /home/airflow/.local/lib/python3.7/site-packages/airflow/example_dags/tutorial_taskflow_api.py
[2022-10-09T06:41:42.628+0000] {logging_mixin.py:117} INFO - [2022-10-09T06:41:42.628+0000] {dag.py:2573} INFO - Sync 1 DAGs
[2022-10-09T06:41:42.643+0000] {logging_mixin.py:117} INFO - [2022-10-09T06:41:42.643+0000] {dag.py:3328} INFO - Setting next_dagrun for tutorial_taskflow_api to None, run_after=None
[2022-10-09T06:41:42.656+0000] {processor.py:178} INFO - Processing /home/airflow/.local/lib/python3.7/site-packages/airflow/example_dags/tutorial_taskflow_api.py took 0.068 seconds
[2022-10-09T06:42:13.388+0000] {processor.py:156} INFO - Started process (PID=255) to work on /home/airflow/.local/lib/python3.7/site-packages/airflow/example_dags/tutorial_taskflow_api.py
[2022-10-09T06:42:13.391+0000] {processor.py:758} INFO - Processing file /home/airflow/.local/lib/python3.7/site-packages/airflow/example_dags/tutorial_taskflow_api.py for tasks to queue
[2022-10-09T06:42:13.393+0000] {logging_mixin.py:117} INFO - [2022-10-09T06:42:13.392+0000] {dagbag.py:525} INFO - Filling up the DagBag from /home/airflow/.local/lib/python3.7/site-packages/airflow/example_dags/tutorial_taskflow_api.py
[2022-10-09T06:42:13.409+0000] {processor.py:768} INFO - DAG(s) dict_keys(['tutorial_taskflow_api']) retrieved from /home/airflow/.local/lib/python3.7/site-packages/airflow/example_dags/tutorial_taskflow_api.py
[2022-10-09T06:42:13.439+0000] {logging_mixin.py:117} INFO - [2022-10-09T06:42:13.439+0000] {dag.py:2573} INFO - Sync 1 DAGs
[2022-10-09T06:42:13.455+0000] {logging_mixin.py:117} INFO - [2022-10-09T06:42:13.454+0000] {dag.py:3328} INFO - Setting next_dagrun for tutorial_taskflow_api to None, run_after=None
[2022-10-09T06:42:13.467+0000] {processor.py:178} INFO - Processing /home/airflow/.local/lib/python3.7/site-packages/airflow/example_dags/tutorial_taskflow_api.py took 0.082 seconds
[2022-10-09T06:42:43.798+0000] {processor.py:156} INFO - Started process (PID=318) to work on /home/airflow/.local/lib/python3.7/site-packages/airflow/example_dags/tutorial_taskflow_api.py
[2022-10-09T06:42:43.800+0000] {processor.py:758} INFO - Processing file /home/airflow/.local/lib/python3.7/site-packages/airflow/example_dags/tutorial_taskflow_api.py for tasks to queue
[2022-10-09T06:42:43.801+0000] {logging_mixin.py:117} INFO - [2022-10-09T06:42:43.801+0000] {dagbag.py:525} INFO - Filling up the DagBag from /home/airflow/.local/lib/python3.7/site-packages/airflow/example_dags/tutorial_taskflow_api.py
[2022-10-09T06:42:43.819+0000] {processor.py:768} INFO - DAG(s) dict_keys(['tutorial_taskflow_api']) retrieved from /home/airflow/.local/lib/python3.7/site-packages/airflow/example_dags/tutorial_taskflow_api.py
[2022-10-09T06:42:43.849+0000] {logging_mixin.py:117} INFO - [2022-10-09T06:42:43.849+0000] {dag.py:2573} INFO - Sync 1 DAGs
[2022-10-09T06:42:43.864+0000] {logging_mixin.py:117} INFO - [2022-10-09T06:42:43.864+0000] {dag.py:3328} INFO - Setting next_dagrun for tutorial_taskflow_api to None, run_after=None
[2022-10-09T06:42:43.876+0000] {processor.py:178} INFO - Processing /home/airflow/.local/lib/python3.7/site-packages/airflow/example_dags/tutorial_taskflow_api.py took 0.081 seconds
[2022-10-09T06:43:14.115+0000] {processor.py:156} INFO - Started process (PID=371) to work on /home/airflow/.local/lib/python3.7/site-packages/airflow/example_dags/tutorial_taskflow_api.py
[2022-10-09T06:43:14.116+0000] {processor.py:758} INFO - Processing file /home/airflow/.local/lib/python3.7/site-packages/airflow/example_dags/tutorial_taskflow_api.py for tasks to queue
[2022-10-09T06:43:14.117+0000] {logging_mixin.py:117} INFO - [2022-10-09T06:43:14.117+0000] {dagbag.py:525} INFO - Filling up the DagBag from /home/airflow/.local/lib/python3.7/site-packages/airflow/example_dags/tutorial_taskflow_api.py
[2022-10-09T06:43:14.133+0000] {processor.py:768} INFO - DAG(s) dict_keys(['tutorial_taskflow_api']) retrieved from /home/airflow/.local/lib/python3.7/site-packages/airflow/example_dags/tutorial_taskflow_api.py
[2022-10-09T06:43:14.159+0000] {logging_mixin.py:117} INFO - [2022-10-09T06:43:14.159+0000] {dag.py:2573} INFO - Sync 1 DAGs
[2022-10-09T06:43:14.174+0000] {logging_mixin.py:117} INFO - [2022-10-09T06:43:14.173+0000] {dag.py:3328} INFO - Setting next_dagrun for tutorial_taskflow_api to None, run_after=None
[2022-10-09T06:43:14.187+0000] {processor.py:178} INFO - Processing /home/airflow/.local/lib/python3.7/site-packages/airflow/example_dags/tutorial_taskflow_api.py took 0.075 seconds
[2022-10-09T06:43:44.383+0000] {processor.py:156} INFO - Started process (PID=434) to work on /home/airflow/.local/lib/python3.7/site-packages/airflow/example_dags/tutorial_taskflow_api.py
[2022-10-09T06:43:44.385+0000] {processor.py:758} INFO - Processing file /home/airflow/.local/lib/python3.7/site-packages/airflow/example_dags/tutorial_taskflow_api.py for tasks to queue
[2022-10-09T06:43:44.387+0000] {logging_mixin.py:117} INFO - [2022-10-09T06:43:44.387+0000] {dagbag.py:525} INFO - Filling up the DagBag from /home/airflow/.local/lib/python3.7/site-packages/airflow/example_dags/tutorial_taskflow_api.py
[2022-10-09T06:43:44.402+0000] {processor.py:768} INFO - DAG(s) dict_keys(['tutorial_taskflow_api']) retrieved from /home/airflow/.local/lib/python3.7/site-packages/airflow/example_dags/tutorial_taskflow_api.py
[2022-10-09T06:43:44.429+0000] {logging_mixin.py:117} INFO - [2022-10-09T06:43:44.429+0000] {dag.py:2573} INFO - Sync 1 DAGs
[2022-10-09T06:43:44.444+0000] {logging_mixin.py:117} INFO - [2022-10-09T06:43:44.444+0000] {dag.py:3328} INFO - Setting next_dagrun for tutorial_taskflow_api to None, run_after=None
[2022-10-09T06:43:44.456+0000] {processor.py:178} INFO - Processing /home/airflow/.local/lib/python3.7/site-packages/airflow/example_dags/tutorial_taskflow_api.py took 0.076 seconds
[2022-10-09T06:44:14.664+0000] {processor.py:156} INFO - Started process (PID=499) to work on /home/airflow/.local/lib/python3.7/site-packages/airflow/example_dags/tutorial_taskflow_api.py
[2022-10-09T06:44:14.666+0000] {processor.py:758} INFO - Processing file /home/airflow/.local/lib/python3.7/site-packages/airflow/example_dags/tutorial_taskflow_api.py for tasks to queue
[2022-10-09T06:44:14.667+0000] {logging_mixin.py:117} INFO - [2022-10-09T06:44:14.667+0000] {dagbag.py:525} INFO - Filling up the DagBag from /home/airflow/.local/lib/python3.7/site-packages/airflow/example_dags/tutorial_taskflow_api.py
[2022-10-09T06:44:14.680+0000] {processor.py:768} INFO - DAG(s) dict_keys(['tutorial_taskflow_api']) retrieved from /home/airflow/.local/lib/python3.7/site-packages/airflow/example_dags/tutorial_taskflow_api.py
[2022-10-09T06:44:14.704+0000] {logging_mixin.py:117} INFO - [2022-10-09T06:44:14.704+0000] {dag.py:2573} INFO - Sync 1 DAGs
[2022-10-09T06:44:14.718+0000] {logging_mixin.py:117} INFO - [2022-10-09T06:44:14.718+0000] {dag.py:3328} INFO - Setting next_dagrun for tutorial_taskflow_api to None, run_after=None
[2022-10-09T06:44:14.731+0000] {processor.py:178} INFO - Processing /home/airflow/.local/lib/python3.7/site-packages/airflow/example_dags/tutorial_taskflow_api.py took 0.069 seconds
[2022-10-09T06:44:45.026+0000] {processor.py:156} INFO - Started process (PID=560) to work on /home/airflow/.local/lib/python3.7/site-packages/airflow/example_dags/tutorial_taskflow_api.py
[2022-10-09T06:44:45.027+0000] {processor.py:758} INFO - Processing file /home/airflow/.local/lib/python3.7/site-packages/airflow/example_dags/tutorial_taskflow_api.py for tasks to queue
[2022-10-09T06:44:45.029+0000] {logging_mixin.py:117} INFO - [2022-10-09T06:44:45.029+0000] {dagbag.py:525} INFO - Filling up the DagBag from /home/airflow/.local/lib/python3.7/site-packages/airflow/example_dags/tutorial_taskflow_api.py
[2022-10-09T06:44:45.045+0000] {processor.py:768} INFO - DAG(s) dict_keys(['tutorial_taskflow_api']) retrieved from /home/airflow/.local/lib/python3.7/site-packages/airflow/example_dags/tutorial_taskflow_api.py
[2022-10-09T06:44:45.076+0000] {logging_mixin.py:117} INFO - [2022-10-09T06:44:45.076+0000] {dag.py:2573} INFO - Sync 1 DAGs
[2022-10-09T06:44:45.092+0000] {logging_mixin.py:117} INFO - [2022-10-09T06:44:45.092+0000] {dag.py:3328} INFO - Setting next_dagrun for tutorial_taskflow_api to None, run_after=None
[2022-10-09T06:44:45.105+0000] {processor.py:178} INFO - Processing /home/airflow/.local/lib/python3.7/site-packages/airflow/example_dags/tutorial_taskflow_api.py took 0.082 seconds
[2022-10-09T06:45:15.262+0000] {processor.py:156} INFO - Started process (PID=625) to work on /home/airflow/.local/lib/python3.7/site-packages/airflow/example_dags/tutorial_taskflow_api.py
[2022-10-09T06:45:15.265+0000] {processor.py:758} INFO - Processing file /home/airflow/.local/lib/python3.7/site-packages/airflow/example_dags/tutorial_taskflow_api.py for tasks to queue
[2022-10-09T06:45:15.267+0000] {logging_mixin.py:117} INFO - [2022-10-09T06:45:15.266+0000] {dagbag.py:525} INFO - Filling up the DagBag from /home/airflow/.local/lib/python3.7/site-packages/airflow/example_dags/tutorial_taskflow_api.py
[2022-10-09T06:45:15.288+0000] {processor.py:768} INFO - DAG(s) dict_keys(['tutorial_taskflow_api']) retrieved from /home/airflow/.local/lib/python3.7/site-packages/airflow/example_dags/tutorial_taskflow_api.py
[2022-10-09T06:45:15.313+0000] {logging_mixin.py:117} INFO - [2022-10-09T06:45:15.313+0000] {dag.py:2573} INFO - Sync 1 DAGs
[2022-10-09T06:45:15.327+0000] {logging_mixin.py:117} INFO - [2022-10-09T06:45:15.327+0000] {dag.py:3328} INFO - Setting next_dagrun for tutorial_taskflow_api to None, run_after=None
[2022-10-09T06:45:15.340+0000] {processor.py:178} INFO - Processing /home/airflow/.local/lib/python3.7/site-packages/airflow/example_dags/tutorial_taskflow_api.py took 0.082 seconds
[2022-10-09T06:45:45.549+0000] {processor.py:156} INFO - Started process (PID=678) to work on /home/airflow/.local/lib/python3.7/site-packages/airflow/example_dags/tutorial_taskflow_api.py
[2022-10-09T06:45:45.551+0000] {processor.py:758} INFO - Processing file /home/airflow/.local/lib/python3.7/site-packages/airflow/example_dags/tutorial_taskflow_api.py for tasks to queue
[2022-10-09T06:45:45.552+0000] {logging_mixin.py:117} INFO - [2022-10-09T06:45:45.552+0000] {dagbag.py:525} INFO - Filling up the DagBag from /home/airflow/.local/lib/python3.7/site-packages/airflow/example_dags/tutorial_taskflow_api.py
[2022-10-09T06:45:45.565+0000] {processor.py:768} INFO - DAG(s) dict_keys(['tutorial_taskflow_api']) retrieved from /home/airflow/.local/lib/python3.7/site-packages/airflow/example_dags/tutorial_taskflow_api.py
[2022-10-09T06:45:45.589+0000] {logging_mixin.py:117} INFO - [2022-10-09T06:45:45.589+0000] {dag.py:2573} INFO - Sync 1 DAGs
[2022-10-09T06:45:45.603+0000] {logging_mixin.py:117} INFO - [2022-10-09T06:45:45.603+0000] {dag.py:3328} INFO - Setting next_dagrun for tutorial_taskflow_api to None, run_after=None
[2022-10-09T06:45:45.614+0000] {processor.py:178} INFO - Processing /home/airflow/.local/lib/python3.7/site-packages/airflow/example_dags/tutorial_taskflow_api.py took 0.067 seconds
[2022-10-09T06:46:15.761+0000] {processor.py:156} INFO - Started process (PID=742) to work on /home/airflow/.local/lib/python3.7/site-packages/airflow/example_dags/tutorial_taskflow_api.py
[2022-10-09T06:46:15.763+0000] {processor.py:758} INFO - Processing file /home/airflow/.local/lib/python3.7/site-packages/airflow/example_dags/tutorial_taskflow_api.py for tasks to queue
[2022-10-09T06:46:15.764+0000] {logging_mixin.py:117} INFO - [2022-10-09T06:46:15.764+0000] {dagbag.py:525} INFO - Filling up the DagBag from /home/airflow/.local/lib/python3.7/site-packages/airflow/example_dags/tutorial_taskflow_api.py
[2022-10-09T06:46:15.777+0000] {processor.py:768} INFO - DAG(s) dict_keys(['tutorial_taskflow_api']) retrieved from /home/airflow/.local/lib/python3.7/site-packages/airflow/example_dags/tutorial_taskflow_api.py
[2022-10-09T06:46:15.801+0000] {logging_mixin.py:117} INFO - [2022-10-09T06:46:15.801+0000] {dag.py:2573} INFO - Sync 1 DAGs
[2022-10-09T06:46:15.814+0000] {logging_mixin.py:117} INFO - [2022-10-09T06:46:15.814+0000] {dag.py:3328} INFO - Setting next_dagrun for tutorial_taskflow_api to None, run_after=None
[2022-10-09T06:46:15.826+0000] {processor.py:178} INFO - Processing /home/airflow/.local/lib/python3.7/site-packages/airflow/example_dags/tutorial_taskflow_api.py took 0.066 seconds
[2022-10-09T06:46:46.021+0000] {processor.py:156} INFO - Started process (PID=806) to work on /home/airflow/.local/lib/python3.7/site-packages/airflow/example_dags/tutorial_taskflow_api.py
[2022-10-09T06:46:46.026+0000] {processor.py:758} INFO - Processing file /home/airflow/.local/lib/python3.7/site-packages/airflow/example_dags/tutorial_taskflow_api.py for tasks to queue
[2022-10-09T06:46:46.027+0000] {logging_mixin.py:117} INFO - [2022-10-09T06:46:46.026+0000] {dagbag.py:525} INFO - Filling up the DagBag from /home/airflow/.local/lib/python3.7/site-packages/airflow/example_dags/tutorial_taskflow_api.py
[2022-10-09T06:46:46.039+0000] {processor.py:768} INFO - DAG(s) dict_keys(['tutorial_taskflow_api']) retrieved from /home/airflow/.local/lib/python3.7/site-packages/airflow/example_dags/tutorial_taskflow_api.py
[2022-10-09T06:46:46.064+0000] {logging_mixin.py:117} INFO - [2022-10-09T06:46:46.064+0000] {dag.py:2573} INFO - Sync 1 DAGs
[2022-10-09T06:46:46.079+0000] {logging_mixin.py:117} INFO - [2022-10-09T06:46:46.078+0000] {dag.py:3328} INFO - Setting next_dagrun for tutorial_taskflow_api to None, run_after=None
[2022-10-09T06:46:46.090+0000] {processor.py:178} INFO - Processing /home/airflow/.local/lib/python3.7/site-packages/airflow/example_dags/tutorial_taskflow_api.py took 0.071 seconds
[2022-10-09T06:47:16.292+0000] {processor.py:156} INFO - Started process (PID=868) to work on /home/airflow/.local/lib/python3.7/site-packages/airflow/example_dags/tutorial_taskflow_api.py
[2022-10-09T06:47:16.295+0000] {processor.py:758} INFO - Processing file /home/airflow/.local/lib/python3.7/site-packages/airflow/example_dags/tutorial_taskflow_api.py for tasks to queue
[2022-10-09T06:47:16.296+0000] {logging_mixin.py:117} INFO - [2022-10-09T06:47:16.296+0000] {dagbag.py:525} INFO - Filling up the DagBag from /home/airflow/.local/lib/python3.7/site-packages/airflow/example_dags/tutorial_taskflow_api.py
[2022-10-09T06:47:16.310+0000] {processor.py:768} INFO - DAG(s) dict_keys(['tutorial_taskflow_api']) retrieved from /home/airflow/.local/lib/python3.7/site-packages/airflow/example_dags/tutorial_taskflow_api.py
[2022-10-09T06:47:16.338+0000] {logging_mixin.py:117} INFO - [2022-10-09T06:47:16.338+0000] {dag.py:2573} INFO - Sync 1 DAGs
[2022-10-09T06:47:16.353+0000] {logging_mixin.py:117} INFO - [2022-10-09T06:47:16.353+0000] {dag.py:3328} INFO - Setting next_dagrun for tutorial_taskflow_api to None, run_after=None
[2022-10-09T06:47:16.364+0000] {processor.py:178} INFO - Processing /home/airflow/.local/lib/python3.7/site-packages/airflow/example_dags/tutorial_taskflow_api.py took 0.074 seconds
[2022-10-09T06:47:46.477+0000] {processor.py:156} INFO - Started process (PID=930) to work on /home/airflow/.local/lib/python3.7/site-packages/airflow/example_dags/tutorial_taskflow_api.py
[2022-10-09T06:47:46.479+0000] {processor.py:758} INFO - Processing file /home/airflow/.local/lib/python3.7/site-packages/airflow/example_dags/tutorial_taskflow_api.py for tasks to queue
[2022-10-09T06:47:46.480+0000] {logging_mixin.py:117} INFO - [2022-10-09T06:47:46.480+0000] {dagbag.py:525} INFO - Filling up the DagBag from /home/airflow/.local/lib/python3.7/site-packages/airflow/example_dags/tutorial_taskflow_api.py
[2022-10-09T06:47:46.494+0000] {processor.py:768} INFO - DAG(s) dict_keys(['tutorial_taskflow_api']) retrieved from /home/airflow/.local/lib/python3.7/site-packages/airflow/example_dags/tutorial_taskflow_api.py
[2022-10-09T06:47:46.520+0000] {logging_mixin.py:117} INFO - [2022-10-09T06:47:46.520+0000] {dag.py:2573} INFO - Sync 1 DAGs
[2022-10-09T06:47:46.539+0000] {logging_mixin.py:117} INFO - [2022-10-09T06:47:46.539+0000] {dag.py:3328} INFO - Setting next_dagrun for tutorial_taskflow_api to None, run_after=None
[2022-10-09T06:47:46.554+0000] {processor.py:178} INFO - Processing /home/airflow/.local/lib/python3.7/site-packages/airflow/example_dags/tutorial_taskflow_api.py took 0.079 seconds
[2022-10-09T06:48:16.830+0000] {processor.py:156} INFO - Started process (PID=983) to work on /home/airflow/.local/lib/python3.7/site-packages/airflow/example_dags/tutorial_taskflow_api.py
[2022-10-09T06:48:16.831+0000] {processor.py:758} INFO - Processing file /home/airflow/.local/lib/python3.7/site-packages/airflow/example_dags/tutorial_taskflow_api.py for tasks to queue
[2022-10-09T06:48:16.832+0000] {logging_mixin.py:117} INFO - [2022-10-09T06:48:16.832+0000] {dagbag.py:525} INFO - Filling up the DagBag from /home/airflow/.local/lib/python3.7/site-packages/airflow/example_dags/tutorial_taskflow_api.py
[2022-10-09T06:48:16.845+0000] {processor.py:768} INFO - DAG(s) dict_keys(['tutorial_taskflow_api']) retrieved from /home/airflow/.local/lib/python3.7/site-packages/airflow/example_dags/tutorial_taskflow_api.py
[2022-10-09T06:48:16.875+0000] {logging_mixin.py:117} INFO - [2022-10-09T06:48:16.875+0000] {dag.py:2573} INFO - Sync 1 DAGs
[2022-10-09T06:48:16.896+0000] {logging_mixin.py:117} INFO - [2022-10-09T06:48:16.896+0000] {dag.py:3328} INFO - Setting next_dagrun for tutorial_taskflow_api to None, run_after=None
[2022-10-09T06:48:17.129+0000] {processor.py:178} INFO - Processing /home/airflow/.local/lib/python3.7/site-packages/airflow/example_dags/tutorial_taskflow_api.py took 0.301 seconds
[2022-10-09T06:59:11.177+0000] {processor.py:156} INFO - Started process (PID=1036) to work on /home/airflow/.local/lib/python3.7/site-packages/airflow/example_dags/tutorial_taskflow_api.py
[2022-10-09T06:59:11.179+0000] {processor.py:758} INFO - Processing file /home/airflow/.local/lib/python3.7/site-packages/airflow/example_dags/tutorial_taskflow_api.py for tasks to queue
[2022-10-09T06:59:11.180+0000] {logging_mixin.py:117} INFO - [2022-10-09T06:59:11.180+0000] {dagbag.py:525} INFO - Filling up the DagBag from /home/airflow/.local/lib/python3.7/site-packages/airflow/example_dags/tutorial_taskflow_api.py
[2022-10-09T06:59:11.202+0000] {processor.py:768} INFO - DAG(s) dict_keys(['tutorial_taskflow_api']) retrieved from /home/airflow/.local/lib/python3.7/site-packages/airflow/example_dags/tutorial_taskflow_api.py
[2022-10-09T06:59:11.250+0000] {logging_mixin.py:117} INFO - [2022-10-09T06:59:11.249+0000] {dag.py:2573} INFO - Sync 1 DAGs
[2022-10-09T06:59:11.270+0000] {logging_mixin.py:117} INFO - [2022-10-09T06:59:11.270+0000] {dag.py:3328} INFO - Setting next_dagrun for tutorial_taskflow_api to None, run_after=None
[2022-10-09T06:59:11.288+0000] {processor.py:178} INFO - Processing /home/airflow/.local/lib/python3.7/site-packages/airflow/example_dags/tutorial_taskflow_api.py took 0.113 seconds
[2022-10-09T06:59:41.515+0000] {processor.py:156} INFO - Started process (PID=1100) to work on /home/airflow/.local/lib/python3.7/site-packages/airflow/example_dags/tutorial_taskflow_api.py
[2022-10-09T06:59:41.517+0000] {processor.py:758} INFO - Processing file /home/airflow/.local/lib/python3.7/site-packages/airflow/example_dags/tutorial_taskflow_api.py for tasks to queue
[2022-10-09T06:59:41.518+0000] {logging_mixin.py:117} INFO - [2022-10-09T06:59:41.518+0000] {dagbag.py:525} INFO - Filling up the DagBag from /home/airflow/.local/lib/python3.7/site-packages/airflow/example_dags/tutorial_taskflow_api.py
[2022-10-09T06:59:41.531+0000] {processor.py:768} INFO - DAG(s) dict_keys(['tutorial_taskflow_api']) retrieved from /home/airflow/.local/lib/python3.7/site-packages/airflow/example_dags/tutorial_taskflow_api.py
[2022-10-09T06:59:41.555+0000] {logging_mixin.py:117} INFO - [2022-10-09T06:59:41.555+0000] {dag.py:2573} INFO - Sync 1 DAGs
[2022-10-09T06:59:41.569+0000] {logging_mixin.py:117} INFO - [2022-10-09T06:59:41.569+0000] {dag.py:3328} INFO - Setting next_dagrun for tutorial_taskflow_api to None, run_after=None
[2022-10-09T06:59:41.580+0000] {processor.py:178} INFO - Processing /home/airflow/.local/lib/python3.7/site-packages/airflow/example_dags/tutorial_taskflow_api.py took 0.067 seconds
[2022-10-09T07:00:12.222+0000] {processor.py:156} INFO - Started process (PID=1163) to work on /home/airflow/.local/lib/python3.7/site-packages/airflow/example_dags/tutorial_taskflow_api.py
[2022-10-09T07:00:12.223+0000] {processor.py:758} INFO - Processing file /home/airflow/.local/lib/python3.7/site-packages/airflow/example_dags/tutorial_taskflow_api.py for tasks to queue
[2022-10-09T07:00:12.224+0000] {logging_mixin.py:117} INFO - [2022-10-09T07:00:12.224+0000] {dagbag.py:525} INFO - Filling up the DagBag from /home/airflow/.local/lib/python3.7/site-packages/airflow/example_dags/tutorial_taskflow_api.py
[2022-10-09T07:00:12.238+0000] {processor.py:768} INFO - DAG(s) dict_keys(['tutorial_taskflow_api']) retrieved from /home/airflow/.local/lib/python3.7/site-packages/airflow/example_dags/tutorial_taskflow_api.py
[2022-10-09T07:00:12.262+0000] {logging_mixin.py:117} INFO - [2022-10-09T07:00:12.262+0000] {dag.py:2573} INFO - Sync 1 DAGs
[2022-10-09T07:00:12.278+0000] {logging_mixin.py:117} INFO - [2022-10-09T07:00:12.278+0000] {dag.py:3328} INFO - Setting next_dagrun for tutorial_taskflow_api to None, run_after=None
[2022-10-09T07:00:12.290+0000] {processor.py:178} INFO - Processing /home/airflow/.local/lib/python3.7/site-packages/airflow/example_dags/tutorial_taskflow_api.py took 0.070 seconds
[2022-10-09T07:00:42.574+0000] {processor.py:156} INFO - Started process (PID=1217) to work on /home/airflow/.local/lib/python3.7/site-packages/airflow/example_dags/tutorial_taskflow_api.py
[2022-10-09T07:00:42.576+0000] {processor.py:758} INFO - Processing file /home/airflow/.local/lib/python3.7/site-packages/airflow/example_dags/tutorial_taskflow_api.py for tasks to queue
[2022-10-09T07:00:42.577+0000] {logging_mixin.py:117} INFO - [2022-10-09T07:00:42.577+0000] {dagbag.py:525} INFO - Filling up the DagBag from /home/airflow/.local/lib/python3.7/site-packages/airflow/example_dags/tutorial_taskflow_api.py
[2022-10-09T07:00:42.590+0000] {processor.py:768} INFO - DAG(s) dict_keys(['tutorial_taskflow_api']) retrieved from /home/airflow/.local/lib/python3.7/site-packages/airflow/example_dags/tutorial_taskflow_api.py
[2022-10-09T07:00:42.614+0000] {logging_mixin.py:117} INFO - [2022-10-09T07:00:42.614+0000] {dag.py:2573} INFO - Sync 1 DAGs
[2022-10-09T07:00:42.629+0000] {logging_mixin.py:117} INFO - [2022-10-09T07:00:42.629+0000] {dag.py:3328} INFO - Setting next_dagrun for tutorial_taskflow_api to None, run_after=None
[2022-10-09T07:00:42.640+0000] {processor.py:178} INFO - Processing /home/airflow/.local/lib/python3.7/site-packages/airflow/example_dags/tutorial_taskflow_api.py took 0.068 seconds
[2022-10-09T07:01:12.798+0000] {processor.py:156} INFO - Started process (PID=1279) to work on /home/airflow/.local/lib/python3.7/site-packages/airflow/example_dags/tutorial_taskflow_api.py
[2022-10-09T07:01:12.799+0000] {processor.py:758} INFO - Processing file /home/airflow/.local/lib/python3.7/site-packages/airflow/example_dags/tutorial_taskflow_api.py for tasks to queue
[2022-10-09T07:01:12.800+0000] {logging_mixin.py:117} INFO - [2022-10-09T07:01:12.800+0000] {dagbag.py:525} INFO - Filling up the DagBag from /home/airflow/.local/lib/python3.7/site-packages/airflow/example_dags/tutorial_taskflow_api.py
[2022-10-09T07:01:12.813+0000] {processor.py:768} INFO - DAG(s) dict_keys(['tutorial_taskflow_api']) retrieved from /home/airflow/.local/lib/python3.7/site-packages/airflow/example_dags/tutorial_taskflow_api.py
[2022-10-09T07:01:12.837+0000] {logging_mixin.py:117} INFO - [2022-10-09T07:01:12.837+0000] {dag.py:2573} INFO - Sync 1 DAGs
[2022-10-09T07:01:12.851+0000] {logging_mixin.py:117} INFO - [2022-10-09T07:01:12.851+0000] {dag.py:3328} INFO - Setting next_dagrun for tutorial_taskflow_api to None, run_after=None
[2022-10-09T07:01:12.862+0000] {processor.py:178} INFO - Processing /home/airflow/.local/lib/python3.7/site-packages/airflow/example_dags/tutorial_taskflow_api.py took 0.066 seconds
[2022-10-09T07:01:43.111+0000] {processor.py:156} INFO - Started process (PID=1342) to work on /home/airflow/.local/lib/python3.7/site-packages/airflow/example_dags/tutorial_taskflow_api.py
[2022-10-09T07:01:43.113+0000] {processor.py:758} INFO - Processing file /home/airflow/.local/lib/python3.7/site-packages/airflow/example_dags/tutorial_taskflow_api.py for tasks to queue
[2022-10-09T07:01:43.113+0000] {logging_mixin.py:117} INFO - [2022-10-09T07:01:43.113+0000] {dagbag.py:525} INFO - Filling up the DagBag from /home/airflow/.local/lib/python3.7/site-packages/airflow/example_dags/tutorial_taskflow_api.py
[2022-10-09T07:01:43.126+0000] {processor.py:768} INFO - DAG(s) dict_keys(['tutorial_taskflow_api']) retrieved from /home/airflow/.local/lib/python3.7/site-packages/airflow/example_dags/tutorial_taskflow_api.py
[2022-10-09T07:01:43.151+0000] {logging_mixin.py:117} INFO - [2022-10-09T07:01:43.151+0000] {dag.py:2573} INFO - Sync 1 DAGs
[2022-10-09T07:01:43.165+0000] {logging_mixin.py:117} INFO - [2022-10-09T07:01:43.165+0000] {dag.py:3328} INFO - Setting next_dagrun for tutorial_taskflow_api to None, run_after=None
[2022-10-09T07:01:43.178+0000] {processor.py:178} INFO - Processing /home/airflow/.local/lib/python3.7/site-packages/airflow/example_dags/tutorial_taskflow_api.py took 0.069 seconds
[2022-10-09T07:02:13.211+0000] {processor.py:156} INFO - Started process (PID=1404) to work on /home/airflow/.local/lib/python3.7/site-packages/airflow/example_dags/tutorial_taskflow_api.py
[2022-10-09T07:02:13.213+0000] {processor.py:758} INFO - Processing file /home/airflow/.local/lib/python3.7/site-packages/airflow/example_dags/tutorial_taskflow_api.py for tasks to queue
[2022-10-09T07:02:13.214+0000] {logging_mixin.py:117} INFO - [2022-10-09T07:02:13.214+0000] {dagbag.py:525} INFO - Filling up the DagBag from /home/airflow/.local/lib/python3.7/site-packages/airflow/example_dags/tutorial_taskflow_api.py
[2022-10-09T07:02:13.231+0000] {processor.py:768} INFO - DAG(s) dict_keys(['tutorial_taskflow_api']) retrieved from /home/airflow/.local/lib/python3.7/site-packages/airflow/example_dags/tutorial_taskflow_api.py
[2022-10-09T07:02:13.258+0000] {logging_mixin.py:117} INFO - [2022-10-09T07:02:13.258+0000] {dag.py:2573} INFO - Sync 1 DAGs
[2022-10-09T07:02:13.274+0000] {logging_mixin.py:117} INFO - [2022-10-09T07:02:13.274+0000] {dag.py:3328} INFO - Setting next_dagrun for tutorial_taskflow_api to None, run_after=None
[2022-10-09T07:02:13.290+0000] {processor.py:178} INFO - Processing /home/airflow/.local/lib/python3.7/site-packages/airflow/example_dags/tutorial_taskflow_api.py took 0.081 seconds
[2022-10-09T07:02:44.188+0000] {processor.py:156} INFO - Started process (PID=1468) to work on /home/airflow/.local/lib/python3.7/site-packages/airflow/example_dags/tutorial_taskflow_api.py
[2022-10-09T07:02:44.190+0000] {processor.py:758} INFO - Processing file /home/airflow/.local/lib/python3.7/site-packages/airflow/example_dags/tutorial_taskflow_api.py for tasks to queue
[2022-10-09T07:02:44.191+0000] {logging_mixin.py:117} INFO - [2022-10-09T07:02:44.191+0000] {dagbag.py:525} INFO - Filling up the DagBag from /home/airflow/.local/lib/python3.7/site-packages/airflow/example_dags/tutorial_taskflow_api.py
[2022-10-09T07:02:44.209+0000] {processor.py:768} INFO - DAG(s) dict_keys(['tutorial_taskflow_api']) retrieved from /home/airflow/.local/lib/python3.7/site-packages/airflow/example_dags/tutorial_taskflow_api.py
[2022-10-09T07:02:44.238+0000] {logging_mixin.py:117} INFO - [2022-10-09T07:02:44.238+0000] {dag.py:2573} INFO - Sync 1 DAGs
[2022-10-09T07:02:44.256+0000] {logging_mixin.py:117} INFO - [2022-10-09T07:02:44.256+0000] {dag.py:3328} INFO - Setting next_dagrun for tutorial_taskflow_api to None, run_after=None
[2022-10-09T07:02:44.270+0000] {processor.py:178} INFO - Processing /home/airflow/.local/lib/python3.7/site-packages/airflow/example_dags/tutorial_taskflow_api.py took 0.085 seconds
[2022-10-09T07:03:14.376+0000] {processor.py:156} INFO - Started process (PID=1522) to work on /home/airflow/.local/lib/python3.7/site-packages/airflow/example_dags/tutorial_taskflow_api.py
[2022-10-09T07:03:14.378+0000] {processor.py:758} INFO - Processing file /home/airflow/.local/lib/python3.7/site-packages/airflow/example_dags/tutorial_taskflow_api.py for tasks to queue
[2022-10-09T07:03:14.379+0000] {logging_mixin.py:117} INFO - [2022-10-09T07:03:14.379+0000] {dagbag.py:525} INFO - Filling up the DagBag from /home/airflow/.local/lib/python3.7/site-packages/airflow/example_dags/tutorial_taskflow_api.py
[2022-10-09T07:03:14.394+0000] {processor.py:768} INFO - DAG(s) dict_keys(['tutorial_taskflow_api']) retrieved from /home/airflow/.local/lib/python3.7/site-packages/airflow/example_dags/tutorial_taskflow_api.py
[2022-10-09T07:03:14.419+0000] {logging_mixin.py:117} INFO - [2022-10-09T07:03:14.419+0000] {dag.py:2573} INFO - Sync 1 DAGs
[2022-10-09T07:03:14.432+0000] {logging_mixin.py:117} INFO - [2022-10-09T07:03:14.432+0000] {dag.py:3328} INFO - Setting next_dagrun for tutorial_taskflow_api to None, run_after=None
[2022-10-09T07:03:14.443+0000] {processor.py:178} INFO - Processing /home/airflow/.local/lib/python3.7/site-packages/airflow/example_dags/tutorial_taskflow_api.py took 0.069 seconds
[2022-10-09T07:03:44.587+0000] {processor.py:156} INFO - Started process (PID=1585) to work on /home/airflow/.local/lib/python3.7/site-packages/airflow/example_dags/tutorial_taskflow_api.py
[2022-10-09T07:03:44.589+0000] {processor.py:758} INFO - Processing file /home/airflow/.local/lib/python3.7/site-packages/airflow/example_dags/tutorial_taskflow_api.py for tasks to queue
[2022-10-09T07:03:44.590+0000] {logging_mixin.py:117} INFO - [2022-10-09T07:03:44.590+0000] {dagbag.py:525} INFO - Filling up the DagBag from /home/airflow/.local/lib/python3.7/site-packages/airflow/example_dags/tutorial_taskflow_api.py
[2022-10-09T07:03:44.603+0000] {processor.py:768} INFO - DAG(s) dict_keys(['tutorial_taskflow_api']) retrieved from /home/airflow/.local/lib/python3.7/site-packages/airflow/example_dags/tutorial_taskflow_api.py
[2022-10-09T07:03:44.627+0000] {logging_mixin.py:117} INFO - [2022-10-09T07:03:44.627+0000] {dag.py:2573} INFO - Sync 1 DAGs
[2022-10-09T07:03:44.641+0000] {logging_mixin.py:117} INFO - [2022-10-09T07:03:44.641+0000] {dag.py:3328} INFO - Setting next_dagrun for tutorial_taskflow_api to None, run_after=None
[2022-10-09T07:03:44.654+0000] {processor.py:178} INFO - Processing /home/airflow/.local/lib/python3.7/site-packages/airflow/example_dags/tutorial_taskflow_api.py took 0.069 seconds
[2022-10-09T07:04:14.879+0000] {processor.py:156} INFO - Started process (PID=1647) to work on /home/airflow/.local/lib/python3.7/site-packages/airflow/example_dags/tutorial_taskflow_api.py
[2022-10-09T07:04:14.881+0000] {processor.py:758} INFO - Processing file /home/airflow/.local/lib/python3.7/site-packages/airflow/example_dags/tutorial_taskflow_api.py for tasks to queue
[2022-10-09T07:04:14.882+0000] {logging_mixin.py:117} INFO - [2022-10-09T07:04:14.882+0000] {dagbag.py:525} INFO - Filling up the DagBag from /home/airflow/.local/lib/python3.7/site-packages/airflow/example_dags/tutorial_taskflow_api.py
[2022-10-09T07:04:14.896+0000] {processor.py:768} INFO - DAG(s) dict_keys(['tutorial_taskflow_api']) retrieved from /home/airflow/.local/lib/python3.7/site-packages/airflow/example_dags/tutorial_taskflow_api.py
[2022-10-09T07:04:14.920+0000] {logging_mixin.py:117} INFO - [2022-10-09T07:04:14.920+0000] {dag.py:2573} INFO - Sync 1 DAGs
[2022-10-09T07:04:14.936+0000] {logging_mixin.py:117} INFO - [2022-10-09T07:04:14.936+0000] {dag.py:3328} INFO - Setting next_dagrun for tutorial_taskflow_api to None, run_after=None
[2022-10-09T07:04:14.949+0000] {processor.py:178} INFO - Processing /home/airflow/.local/lib/python3.7/site-packages/airflow/example_dags/tutorial_taskflow_api.py took 0.072 seconds
[2022-10-09T07:04:45.772+0000] {processor.py:156} INFO - Started process (PID=1710) to work on /home/airflow/.local/lib/python3.7/site-packages/airflow/example_dags/tutorial_taskflow_api.py
[2022-10-09T07:04:45.773+0000] {processor.py:758} INFO - Processing file /home/airflow/.local/lib/python3.7/site-packages/airflow/example_dags/tutorial_taskflow_api.py for tasks to queue
[2022-10-09T07:04:45.774+0000] {logging_mixin.py:117} INFO - [2022-10-09T07:04:45.774+0000] {dagbag.py:525} INFO - Filling up the DagBag from /home/airflow/.local/lib/python3.7/site-packages/airflow/example_dags/tutorial_taskflow_api.py
[2022-10-09T07:04:45.788+0000] {processor.py:768} INFO - DAG(s) dict_keys(['tutorial_taskflow_api']) retrieved from /home/airflow/.local/lib/python3.7/site-packages/airflow/example_dags/tutorial_taskflow_api.py
[2022-10-09T07:04:45.814+0000] {logging_mixin.py:117} INFO - [2022-10-09T07:04:45.814+0000] {dag.py:2573} INFO - Sync 1 DAGs
[2022-10-09T07:04:45.828+0000] {logging_mixin.py:117} INFO - [2022-10-09T07:04:45.828+0000] {dag.py:3328} INFO - Setting next_dagrun for tutorial_taskflow_api to None, run_after=None
[2022-10-09T07:04:45.840+0000] {processor.py:178} INFO - Processing /home/airflow/.local/lib/python3.7/site-packages/airflow/example_dags/tutorial_taskflow_api.py took 0.070 seconds
[2022-10-09T07:05:16.227+0000] {processor.py:156} INFO - Started process (PID=1772) to work on /home/airflow/.local/lib/python3.7/site-packages/airflow/example_dags/tutorial_taskflow_api.py
[2022-10-09T07:05:16.230+0000] {processor.py:758} INFO - Processing file /home/airflow/.local/lib/python3.7/site-packages/airflow/example_dags/tutorial_taskflow_api.py for tasks to queue
[2022-10-09T07:05:16.231+0000] {logging_mixin.py:117} INFO - [2022-10-09T07:05:16.230+0000] {dagbag.py:525} INFO - Filling up the DagBag from /home/airflow/.local/lib/python3.7/site-packages/airflow/example_dags/tutorial_taskflow_api.py
[2022-10-09T07:05:16.248+0000] {processor.py:768} INFO - DAG(s) dict_keys(['tutorial_taskflow_api']) retrieved from /home/airflow/.local/lib/python3.7/site-packages/airflow/example_dags/tutorial_taskflow_api.py
[2022-10-09T07:05:16.282+0000] {logging_mixin.py:117} INFO - [2022-10-09T07:05:16.282+0000] {dag.py:2573} INFO - Sync 1 DAGs
[2022-10-09T07:05:16.302+0000] {logging_mixin.py:117} INFO - [2022-10-09T07:05:16.301+0000] {dag.py:3328} INFO - Setting next_dagrun for tutorial_taskflow_api to None, run_after=None
[2022-10-09T07:05:16.316+0000] {processor.py:178} INFO - Processing /home/airflow/.local/lib/python3.7/site-packages/airflow/example_dags/tutorial_taskflow_api.py took 0.091 seconds
[2022-10-09T07:05:46.853+0000] {processor.py:156} INFO - Started process (PID=1837) to work on /home/airflow/.local/lib/python3.7/site-packages/airflow/example_dags/tutorial_taskflow_api.py
[2022-10-09T07:05:46.865+0000] {processor.py:758} INFO - Processing file /home/airflow/.local/lib/python3.7/site-packages/airflow/example_dags/tutorial_taskflow_api.py for tasks to queue
[2022-10-09T07:05:46.866+0000] {logging_mixin.py:117} INFO - [2022-10-09T07:05:46.866+0000] {dagbag.py:525} INFO - Filling up the DagBag from /home/airflow/.local/lib/python3.7/site-packages/airflow/example_dags/tutorial_taskflow_api.py
[2022-10-09T07:05:46.882+0000] {processor.py:768} INFO - DAG(s) dict_keys(['tutorial_taskflow_api']) retrieved from /home/airflow/.local/lib/python3.7/site-packages/airflow/example_dags/tutorial_taskflow_api.py
[2022-10-09T07:05:46.916+0000] {logging_mixin.py:117} INFO - [2022-10-09T07:05:46.916+0000] {dag.py:2573} INFO - Sync 1 DAGs
[2022-10-09T07:05:46.933+0000] {logging_mixin.py:117} INFO - [2022-10-09T07:05:46.933+0000] {dag.py:3328} INFO - Setting next_dagrun for tutorial_taskflow_api to None, run_after=None
[2022-10-09T07:05:46.955+0000] {processor.py:178} INFO - Processing /home/airflow/.local/lib/python3.7/site-packages/airflow/example_dags/tutorial_taskflow_api.py took 0.105 seconds
[2022-10-09T07:06:17.341+0000] {processor.py:156} INFO - Started process (PID=1890) to work on /home/airflow/.local/lib/python3.7/site-packages/airflow/example_dags/tutorial_taskflow_api.py
[2022-10-09T07:06:17.342+0000] {processor.py:758} INFO - Processing file /home/airflow/.local/lib/python3.7/site-packages/airflow/example_dags/tutorial_taskflow_api.py for tasks to queue
[2022-10-09T07:06:17.343+0000] {logging_mixin.py:117} INFO - [2022-10-09T07:06:17.343+0000] {dagbag.py:525} INFO - Filling up the DagBag from /home/airflow/.local/lib/python3.7/site-packages/airflow/example_dags/tutorial_taskflow_api.py
[2022-10-09T07:06:17.358+0000] {processor.py:768} INFO - DAG(s) dict_keys(['tutorial_taskflow_api']) retrieved from /home/airflow/.local/lib/python3.7/site-packages/airflow/example_dags/tutorial_taskflow_api.py
[2022-10-09T07:06:17.381+0000] {logging_mixin.py:117} INFO - [2022-10-09T07:06:17.381+0000] {dag.py:2573} INFO - Sync 1 DAGs
[2022-10-09T07:06:17.396+0000] {logging_mixin.py:117} INFO - [2022-10-09T07:06:17.396+0000] {dag.py:3328} INFO - Setting next_dagrun for tutorial_taskflow_api to None, run_after=None
[2022-10-09T07:06:17.408+0000] {processor.py:178} INFO - Processing /home/airflow/.local/lib/python3.7/site-packages/airflow/example_dags/tutorial_taskflow_api.py took 0.069 seconds
[2022-10-09T07:06:47.493+0000] {processor.py:156} INFO - Started process (PID=1951) to work on /home/airflow/.local/lib/python3.7/site-packages/airflow/example_dags/tutorial_taskflow_api.py
[2022-10-09T07:06:47.495+0000] {processor.py:758} INFO - Processing file /home/airflow/.local/lib/python3.7/site-packages/airflow/example_dags/tutorial_taskflow_api.py for tasks to queue
[2022-10-09T07:06:47.499+0000] {logging_mixin.py:117} INFO - [2022-10-09T07:06:47.499+0000] {dagbag.py:525} INFO - Filling up the DagBag from /home/airflow/.local/lib/python3.7/site-packages/airflow/example_dags/tutorial_taskflow_api.py
[2022-10-09T07:06:47.514+0000] {processor.py:768} INFO - DAG(s) dict_keys(['tutorial_taskflow_api']) retrieved from /home/airflow/.local/lib/python3.7/site-packages/airflow/example_dags/tutorial_taskflow_api.py
[2022-10-09T07:06:47.541+0000] {logging_mixin.py:117} INFO - [2022-10-09T07:06:47.541+0000] {dag.py:2573} INFO - Sync 1 DAGs
[2022-10-09T07:06:47.559+0000] {logging_mixin.py:117} INFO - [2022-10-09T07:06:47.559+0000] {dag.py:3328} INFO - Setting next_dagrun for tutorial_taskflow_api to None, run_after=None
[2022-10-09T07:06:47.571+0000] {processor.py:178} INFO - Processing /home/airflow/.local/lib/python3.7/site-packages/airflow/example_dags/tutorial_taskflow_api.py took 0.080 seconds
[2022-10-09T07:07:18.004+0000] {processor.py:156} INFO - Started process (PID=2017) to work on /home/airflow/.local/lib/python3.7/site-packages/airflow/example_dags/tutorial_taskflow_api.py
[2022-10-09T07:07:18.006+0000] {processor.py:758} INFO - Processing file /home/airflow/.local/lib/python3.7/site-packages/airflow/example_dags/tutorial_taskflow_api.py for tasks to queue
[2022-10-09T07:07:18.009+0000] {logging_mixin.py:117} INFO - [2022-10-09T07:07:18.009+0000] {dagbag.py:525} INFO - Filling up the DagBag from /home/airflow/.local/lib/python3.7/site-packages/airflow/example_dags/tutorial_taskflow_api.py
[2022-10-09T07:07:18.031+0000] {processor.py:768} INFO - DAG(s) dict_keys(['tutorial_taskflow_api']) retrieved from /home/airflow/.local/lib/python3.7/site-packages/airflow/example_dags/tutorial_taskflow_api.py
[2022-10-09T07:07:18.062+0000] {logging_mixin.py:117} INFO - [2022-10-09T07:07:18.061+0000] {dag.py:2573} INFO - Sync 1 DAGs
[2022-10-09T07:07:18.076+0000] {logging_mixin.py:117} INFO - [2022-10-09T07:07:18.076+0000] {dag.py:3328} INFO - Setting next_dagrun for tutorial_taskflow_api to None, run_after=None
[2022-10-09T07:07:18.088+0000] {processor.py:178} INFO - Processing /home/airflow/.local/lib/python3.7/site-packages/airflow/example_dags/tutorial_taskflow_api.py took 0.088 seconds
[2022-10-09T07:07:48.541+0000] {processor.py:156} INFO - Started process (PID=2081) to work on /home/airflow/.local/lib/python3.7/site-packages/airflow/example_dags/tutorial_taskflow_api.py
[2022-10-09T07:07:48.542+0000] {processor.py:758} INFO - Processing file /home/airflow/.local/lib/python3.7/site-packages/airflow/example_dags/tutorial_taskflow_api.py for tasks to queue
[2022-10-09T07:07:48.543+0000] {logging_mixin.py:117} INFO - [2022-10-09T07:07:48.543+0000] {dagbag.py:525} INFO - Filling up the DagBag from /home/airflow/.local/lib/python3.7/site-packages/airflow/example_dags/tutorial_taskflow_api.py
[2022-10-09T07:07:48.556+0000] {processor.py:768} INFO - DAG(s) dict_keys(['tutorial_taskflow_api']) retrieved from /home/airflow/.local/lib/python3.7/site-packages/airflow/example_dags/tutorial_taskflow_api.py
[2022-10-09T07:07:48.581+0000] {logging_mixin.py:117} INFO - [2022-10-09T07:07:48.581+0000] {dag.py:2573} INFO - Sync 1 DAGs
[2022-10-09T07:07:48.595+0000] {logging_mixin.py:117} INFO - [2022-10-09T07:07:48.595+0000] {dag.py:3328} INFO - Setting next_dagrun for tutorial_taskflow_api to None, run_after=None
[2022-10-09T07:07:48.608+0000] {processor.py:178} INFO - Processing /home/airflow/.local/lib/python3.7/site-packages/airflow/example_dags/tutorial_taskflow_api.py took 0.069 seconds
[2022-10-09T07:08:18.885+0000] {processor.py:156} INFO - Started process (PID=2145) to work on /home/airflow/.local/lib/python3.7/site-packages/airflow/example_dags/tutorial_taskflow_api.py
[2022-10-09T07:08:18.888+0000] {processor.py:758} INFO - Processing file /home/airflow/.local/lib/python3.7/site-packages/airflow/example_dags/tutorial_taskflow_api.py for tasks to queue
[2022-10-09T07:08:18.891+0000] {logging_mixin.py:117} INFO - [2022-10-09T07:08:18.891+0000] {dagbag.py:525} INFO - Filling up the DagBag from /home/airflow/.local/lib/python3.7/site-packages/airflow/example_dags/tutorial_taskflow_api.py
[2022-10-09T07:08:18.912+0000] {processor.py:768} INFO - DAG(s) dict_keys(['tutorial_taskflow_api']) retrieved from /home/airflow/.local/lib/python3.7/site-packages/airflow/example_dags/tutorial_taskflow_api.py
[2022-10-09T07:08:18.949+0000] {logging_mixin.py:117} INFO - [2022-10-09T07:08:18.949+0000] {dag.py:2573} INFO - Sync 1 DAGs
[2022-10-09T07:08:18.969+0000] {logging_mixin.py:117} INFO - [2022-10-09T07:08:18.969+0000] {dag.py:3328} INFO - Setting next_dagrun for tutorial_taskflow_api to None, run_after=None
[2022-10-09T07:08:18.984+0000] {processor.py:178} INFO - Processing /home/airflow/.local/lib/python3.7/site-packages/airflow/example_dags/tutorial_taskflow_api.py took 0.102 seconds
[2022-10-09T07:08:49.274+0000] {processor.py:156} INFO - Started process (PID=2199) to work on /home/airflow/.local/lib/python3.7/site-packages/airflow/example_dags/tutorial_taskflow_api.py
[2022-10-09T07:08:49.276+0000] {processor.py:758} INFO - Processing file /home/airflow/.local/lib/python3.7/site-packages/airflow/example_dags/tutorial_taskflow_api.py for tasks to queue
[2022-10-09T07:08:49.277+0000] {logging_mixin.py:117} INFO - [2022-10-09T07:08:49.277+0000] {dagbag.py:525} INFO - Filling up the DagBag from /home/airflow/.local/lib/python3.7/site-packages/airflow/example_dags/tutorial_taskflow_api.py
[2022-10-09T07:08:49.289+0000] {processor.py:768} INFO - DAG(s) dict_keys(['tutorial_taskflow_api']) retrieved from /home/airflow/.local/lib/python3.7/site-packages/airflow/example_dags/tutorial_taskflow_api.py
[2022-10-09T07:08:49.314+0000] {logging_mixin.py:117} INFO - [2022-10-09T07:08:49.314+0000] {dag.py:2573} INFO - Sync 1 DAGs
[2022-10-09T07:08:49.330+0000] {logging_mixin.py:117} INFO - [2022-10-09T07:08:49.330+0000] {dag.py:3328} INFO - Setting next_dagrun for tutorial_taskflow_api to None, run_after=None
[2022-10-09T07:08:49.343+0000] {processor.py:178} INFO - Processing /home/airflow/.local/lib/python3.7/site-packages/airflow/example_dags/tutorial_taskflow_api.py took 0.071 seconds
[2022-10-09T07:09:19.604+0000] {processor.py:156} INFO - Started process (PID=2263) to work on /home/airflow/.local/lib/python3.7/site-packages/airflow/example_dags/tutorial_taskflow_api.py
[2022-10-09T07:09:19.606+0000] {processor.py:758} INFO - Processing file /home/airflow/.local/lib/python3.7/site-packages/airflow/example_dags/tutorial_taskflow_api.py for tasks to queue
[2022-10-09T07:09:19.606+0000] {logging_mixin.py:117} INFO - [2022-10-09T07:09:19.606+0000] {dagbag.py:525} INFO - Filling up the DagBag from /home/airflow/.local/lib/python3.7/site-packages/airflow/example_dags/tutorial_taskflow_api.py
[2022-10-09T07:09:19.620+0000] {processor.py:768} INFO - DAG(s) dict_keys(['tutorial_taskflow_api']) retrieved from /home/airflow/.local/lib/python3.7/site-packages/airflow/example_dags/tutorial_taskflow_api.py
[2022-10-09T07:09:19.647+0000] {logging_mixin.py:117} INFO - [2022-10-09T07:09:19.647+0000] {dag.py:2573} INFO - Sync 1 DAGs
[2022-10-09T07:09:19.662+0000] {logging_mixin.py:117} INFO - [2022-10-09T07:09:19.662+0000] {dag.py:3328} INFO - Setting next_dagrun for tutorial_taskflow_api to None, run_after=None
[2022-10-09T07:09:19.678+0000] {processor.py:178} INFO - Processing /home/airflow/.local/lib/python3.7/site-packages/airflow/example_dags/tutorial_taskflow_api.py took 0.075 seconds
[2022-10-09T07:09:50.152+0000] {processor.py:156} INFO - Started process (PID=2325) to work on /home/airflow/.local/lib/python3.7/site-packages/airflow/example_dags/tutorial_taskflow_api.py
[2022-10-09T07:09:50.153+0000] {processor.py:758} INFO - Processing file /home/airflow/.local/lib/python3.7/site-packages/airflow/example_dags/tutorial_taskflow_api.py for tasks to queue
[2022-10-09T07:09:50.155+0000] {logging_mixin.py:117} INFO - [2022-10-09T07:09:50.154+0000] {dagbag.py:525} INFO - Filling up the DagBag from /home/airflow/.local/lib/python3.7/site-packages/airflow/example_dags/tutorial_taskflow_api.py
[2022-10-09T07:09:50.174+0000] {processor.py:768} INFO - DAG(s) dict_keys(['tutorial_taskflow_api']) retrieved from /home/airflow/.local/lib/python3.7/site-packages/airflow/example_dags/tutorial_taskflow_api.py
[2022-10-09T07:09:50.196+0000] {logging_mixin.py:117} INFO - [2022-10-09T07:09:50.196+0000] {dag.py:2573} INFO - Sync 1 DAGs
[2022-10-09T07:09:50.211+0000] {logging_mixin.py:117} INFO - [2022-10-09T07:09:50.211+0000] {dag.py:3328} INFO - Setting next_dagrun for tutorial_taskflow_api to None, run_after=None
[2022-10-09T07:09:50.222+0000] {processor.py:178} INFO - Processing /home/airflow/.local/lib/python3.7/site-packages/airflow/example_dags/tutorial_taskflow_api.py took 0.073 seconds
[2022-10-09T07:10:20.549+0000] {processor.py:156} INFO - Started process (PID=2387) to work on /home/airflow/.local/lib/python3.7/site-packages/airflow/example_dags/tutorial_taskflow_api.py
[2022-10-09T07:10:20.550+0000] {processor.py:758} INFO - Processing file /home/airflow/.local/lib/python3.7/site-packages/airflow/example_dags/tutorial_taskflow_api.py for tasks to queue
[2022-10-09T07:10:20.551+0000] {logging_mixin.py:117} INFO - [2022-10-09T07:10:20.551+0000] {dagbag.py:525} INFO - Filling up the DagBag from /home/airflow/.local/lib/python3.7/site-packages/airflow/example_dags/tutorial_taskflow_api.py
[2022-10-09T07:10:20.565+0000] {processor.py:768} INFO - DAG(s) dict_keys(['tutorial_taskflow_api']) retrieved from /home/airflow/.local/lib/python3.7/site-packages/airflow/example_dags/tutorial_taskflow_api.py
[2022-10-09T07:10:20.592+0000] {logging_mixin.py:117} INFO - [2022-10-09T07:10:20.592+0000] {dag.py:2573} INFO - Sync 1 DAGs
[2022-10-09T07:10:20.612+0000] {logging_mixin.py:117} INFO - [2022-10-09T07:10:20.612+0000] {dag.py:3328} INFO - Setting next_dagrun for tutorial_taskflow_api to None, run_after=None
[2022-10-09T07:10:20.626+0000] {processor.py:178} INFO - Processing /home/airflow/.local/lib/python3.7/site-packages/airflow/example_dags/tutorial_taskflow_api.py took 0.079 seconds
[2022-10-09T07:10:51.244+0000] {processor.py:156} INFO - Started process (PID=2450) to work on /home/airflow/.local/lib/python3.7/site-packages/airflow/example_dags/tutorial_taskflow_api.py
[2022-10-09T07:10:51.246+0000] {processor.py:758} INFO - Processing file /home/airflow/.local/lib/python3.7/site-packages/airflow/example_dags/tutorial_taskflow_api.py for tasks to queue
[2022-10-09T07:10:51.247+0000] {logging_mixin.py:117} INFO - [2022-10-09T07:10:51.247+0000] {dagbag.py:525} INFO - Filling up the DagBag from /home/airflow/.local/lib/python3.7/site-packages/airflow/example_dags/tutorial_taskflow_api.py
[2022-10-09T07:10:51.261+0000] {processor.py:768} INFO - DAG(s) dict_keys(['tutorial_taskflow_api']) retrieved from /home/airflow/.local/lib/python3.7/site-packages/airflow/example_dags/tutorial_taskflow_api.py
[2022-10-09T07:10:51.285+0000] {logging_mixin.py:117} INFO - [2022-10-09T07:10:51.285+0000] {dag.py:2573} INFO - Sync 1 DAGs
[2022-10-09T07:10:51.300+0000] {logging_mixin.py:117} INFO - [2022-10-09T07:10:51.300+0000] {dag.py:3328} INFO - Setting next_dagrun for tutorial_taskflow_api to None, run_after=None
[2022-10-09T07:10:51.311+0000] {processor.py:178} INFO - Processing /home/airflow/.local/lib/python3.7/site-packages/airflow/example_dags/tutorial_taskflow_api.py took 0.069 seconds
[2022-10-09T07:11:21.561+0000] {processor.py:156} INFO - Started process (PID=2504) to work on /home/airflow/.local/lib/python3.7/site-packages/airflow/example_dags/tutorial_taskflow_api.py
[2022-10-09T07:11:21.563+0000] {processor.py:758} INFO - Processing file /home/airflow/.local/lib/python3.7/site-packages/airflow/example_dags/tutorial_taskflow_api.py for tasks to queue
[2022-10-09T07:11:21.564+0000] {logging_mixin.py:117} INFO - [2022-10-09T07:11:21.564+0000] {dagbag.py:525} INFO - Filling up the DagBag from /home/airflow/.local/lib/python3.7/site-packages/airflow/example_dags/tutorial_taskflow_api.py
[2022-10-09T07:11:21.579+0000] {processor.py:768} INFO - DAG(s) dict_keys(['tutorial_taskflow_api']) retrieved from /home/airflow/.local/lib/python3.7/site-packages/airflow/example_dags/tutorial_taskflow_api.py
[2022-10-09T07:11:21.604+0000] {logging_mixin.py:117} INFO - [2022-10-09T07:11:21.604+0000] {dag.py:2573} INFO - Sync 1 DAGs
[2022-10-09T07:11:21.642+0000] {logging_mixin.py:117} INFO - [2022-10-09T07:11:21.642+0000] {dag.py:3328} INFO - Setting next_dagrun for tutorial_taskflow_api to None, run_after=None
[2022-10-09T07:11:21.690+0000] {processor.py:178} INFO - Processing /home/airflow/.local/lib/python3.7/site-packages/airflow/example_dags/tutorial_taskflow_api.py took 0.131 seconds
[2022-10-09T07:11:51.954+0000] {processor.py:156} INFO - Started process (PID=2567) to work on /home/airflow/.local/lib/python3.7/site-packages/airflow/example_dags/tutorial_taskflow_api.py
[2022-10-09T07:11:51.957+0000] {processor.py:758} INFO - Processing file /home/airflow/.local/lib/python3.7/site-packages/airflow/example_dags/tutorial_taskflow_api.py for tasks to queue
[2022-10-09T07:11:51.959+0000] {logging_mixin.py:117} INFO - [2022-10-09T07:11:51.958+0000] {dagbag.py:525} INFO - Filling up the DagBag from /home/airflow/.local/lib/python3.7/site-packages/airflow/example_dags/tutorial_taskflow_api.py
[2022-10-09T07:11:51.978+0000] {processor.py:768} INFO - DAG(s) dict_keys(['tutorial_taskflow_api']) retrieved from /home/airflow/.local/lib/python3.7/site-packages/airflow/example_dags/tutorial_taskflow_api.py
[2022-10-09T07:11:52.011+0000] {logging_mixin.py:117} INFO - [2022-10-09T07:11:52.011+0000] {dag.py:2573} INFO - Sync 1 DAGs
[2022-10-09T07:11:52.025+0000] {logging_mixin.py:117} INFO - [2022-10-09T07:11:52.025+0000] {dag.py:3328} INFO - Setting next_dagrun for tutorial_taskflow_api to None, run_after=None
[2022-10-09T07:11:52.037+0000] {processor.py:178} INFO - Processing /home/airflow/.local/lib/python3.7/site-packages/airflow/example_dags/tutorial_taskflow_api.py took 0.085 seconds
[2022-10-09T07:12:22.155+0000] {processor.py:156} INFO - Started process (PID=2630) to work on /home/airflow/.local/lib/python3.7/site-packages/airflow/example_dags/tutorial_taskflow_api.py
[2022-10-09T07:12:22.157+0000] {processor.py:758} INFO - Processing file /home/airflow/.local/lib/python3.7/site-packages/airflow/example_dags/tutorial_taskflow_api.py for tasks to queue
[2022-10-09T07:12:22.159+0000] {logging_mixin.py:117} INFO - [2022-10-09T07:12:22.159+0000] {dagbag.py:525} INFO - Filling up the DagBag from /home/airflow/.local/lib/python3.7/site-packages/airflow/example_dags/tutorial_taskflow_api.py
[2022-10-09T07:12:22.173+0000] {processor.py:768} INFO - DAG(s) dict_keys(['tutorial_taskflow_api']) retrieved from /home/airflow/.local/lib/python3.7/site-packages/airflow/example_dags/tutorial_taskflow_api.py
[2022-10-09T07:12:22.197+0000] {logging_mixin.py:117} INFO - [2022-10-09T07:12:22.197+0000] {dag.py:2573} INFO - Sync 1 DAGs
[2022-10-09T07:12:22.212+0000] {logging_mixin.py:117} INFO - [2022-10-09T07:12:22.212+0000] {dag.py:3328} INFO - Setting next_dagrun for tutorial_taskflow_api to None, run_after=None
[2022-10-09T07:12:22.223+0000] {processor.py:178} INFO - Processing /home/airflow/.local/lib/python3.7/site-packages/airflow/example_dags/tutorial_taskflow_api.py took 0.070 seconds
[2022-10-09T07:12:52.459+0000] {processor.py:156} INFO - Started process (PID=2692) to work on /home/airflow/.local/lib/python3.7/site-packages/airflow/example_dags/tutorial_taskflow_api.py
[2022-10-09T07:12:52.461+0000] {processor.py:758} INFO - Processing file /home/airflow/.local/lib/python3.7/site-packages/airflow/example_dags/tutorial_taskflow_api.py for tasks to queue
[2022-10-09T07:12:52.463+0000] {logging_mixin.py:117} INFO - [2022-10-09T07:12:52.463+0000] {dagbag.py:525} INFO - Filling up the DagBag from /home/airflow/.local/lib/python3.7/site-packages/airflow/example_dags/tutorial_taskflow_api.py
[2022-10-09T07:12:52.485+0000] {processor.py:768} INFO - DAG(s) dict_keys(['tutorial_taskflow_api']) retrieved from /home/airflow/.local/lib/python3.7/site-packages/airflow/example_dags/tutorial_taskflow_api.py
[2022-10-09T07:12:52.520+0000] {logging_mixin.py:117} INFO - [2022-10-09T07:12:52.520+0000] {dag.py:2573} INFO - Sync 1 DAGs
[2022-10-09T07:12:52.537+0000] {logging_mixin.py:117} INFO - [2022-10-09T07:12:52.537+0000] {dag.py:3328} INFO - Setting next_dagrun for tutorial_taskflow_api to None, run_after=None
[2022-10-09T07:12:52.550+0000] {processor.py:178} INFO - Processing /home/airflow/.local/lib/python3.7/site-packages/airflow/example_dags/tutorial_taskflow_api.py took 0.094 seconds
[2022-10-09T07:13:23.026+0000] {processor.py:156} INFO - Started process (PID=2757) to work on /home/airflow/.local/lib/python3.7/site-packages/airflow/example_dags/tutorial_taskflow_api.py
[2022-10-09T07:13:23.027+0000] {processor.py:758} INFO - Processing file /home/airflow/.local/lib/python3.7/site-packages/airflow/example_dags/tutorial_taskflow_api.py for tasks to queue
[2022-10-09T07:13:23.028+0000] {logging_mixin.py:117} INFO - [2022-10-09T07:13:23.028+0000] {dagbag.py:525} INFO - Filling up the DagBag from /home/airflow/.local/lib/python3.7/site-packages/airflow/example_dags/tutorial_taskflow_api.py
[2022-10-09T07:13:23.042+0000] {processor.py:768} INFO - DAG(s) dict_keys(['tutorial_taskflow_api']) retrieved from /home/airflow/.local/lib/python3.7/site-packages/airflow/example_dags/tutorial_taskflow_api.py
[2022-10-09T07:13:23.067+0000] {logging_mixin.py:117} INFO - [2022-10-09T07:13:23.067+0000] {dag.py:2573} INFO - Sync 1 DAGs
[2022-10-09T07:13:23.081+0000] {logging_mixin.py:117} INFO - [2022-10-09T07:13:23.081+0000] {dag.py:3328} INFO - Setting next_dagrun for tutorial_taskflow_api to None, run_after=None
[2022-10-09T07:13:23.092+0000] {processor.py:178} INFO - Processing /home/airflow/.local/lib/python3.7/site-packages/airflow/example_dags/tutorial_taskflow_api.py took 0.068 seconds
[2022-10-09T07:13:53.370+0000] {processor.py:156} INFO - Started process (PID=2809) to work on /home/airflow/.local/lib/python3.7/site-packages/airflow/example_dags/tutorial_taskflow_api.py
[2022-10-09T07:13:53.372+0000] {processor.py:758} INFO - Processing file /home/airflow/.local/lib/python3.7/site-packages/airflow/example_dags/tutorial_taskflow_api.py for tasks to queue
[2022-10-09T07:13:53.374+0000] {logging_mixin.py:117} INFO - [2022-10-09T07:13:53.374+0000] {dagbag.py:525} INFO - Filling up the DagBag from /home/airflow/.local/lib/python3.7/site-packages/airflow/example_dags/tutorial_taskflow_api.py
[2022-10-09T07:13:53.394+0000] {processor.py:768} INFO - DAG(s) dict_keys(['tutorial_taskflow_api']) retrieved from /home/airflow/.local/lib/python3.7/site-packages/airflow/example_dags/tutorial_taskflow_api.py
[2022-10-09T07:13:53.425+0000] {logging_mixin.py:117} INFO - [2022-10-09T07:13:53.424+0000] {dag.py:2573} INFO - Sync 1 DAGs
[2022-10-09T07:13:53.442+0000] {logging_mixin.py:117} INFO - [2022-10-09T07:13:53.442+0000] {dag.py:3328} INFO - Setting next_dagrun for tutorial_taskflow_api to None, run_after=None
[2022-10-09T07:13:53.457+0000] {processor.py:178} INFO - Processing /home/airflow/.local/lib/python3.7/site-packages/airflow/example_dags/tutorial_taskflow_api.py took 0.089 seconds
[2022-10-09T07:14:23.735+0000] {processor.py:156} INFO - Started process (PID=2871) to work on /home/airflow/.local/lib/python3.7/site-packages/airflow/example_dags/tutorial_taskflow_api.py
[2022-10-09T07:14:23.736+0000] {processor.py:758} INFO - Processing file /home/airflow/.local/lib/python3.7/site-packages/airflow/example_dags/tutorial_taskflow_api.py for tasks to queue
[2022-10-09T07:14:23.737+0000] {logging_mixin.py:117} INFO - [2022-10-09T07:14:23.737+0000] {dagbag.py:525} INFO - Filling up the DagBag from /home/airflow/.local/lib/python3.7/site-packages/airflow/example_dags/tutorial_taskflow_api.py
[2022-10-09T07:14:23.752+0000] {processor.py:768} INFO - DAG(s) dict_keys(['tutorial_taskflow_api']) retrieved from /home/airflow/.local/lib/python3.7/site-packages/airflow/example_dags/tutorial_taskflow_api.py
[2022-10-09T07:14:23.778+0000] {logging_mixin.py:117} INFO - [2022-10-09T07:14:23.777+0000] {dag.py:2573} INFO - Sync 1 DAGs
[2022-10-09T07:14:23.793+0000] {logging_mixin.py:117} INFO - [2022-10-09T07:14:23.793+0000] {dag.py:3328} INFO - Setting next_dagrun for tutorial_taskflow_api to None, run_after=None
[2022-10-09T07:14:23.806+0000] {processor.py:178} INFO - Processing /home/airflow/.local/lib/python3.7/site-packages/airflow/example_dags/tutorial_taskflow_api.py took 0.074 seconds
[2022-10-09T07:14:54.143+0000] {processor.py:156} INFO - Started process (PID=2936) to work on /home/airflow/.local/lib/python3.7/site-packages/airflow/example_dags/tutorial_taskflow_api.py
[2022-10-09T07:14:54.145+0000] {processor.py:758} INFO - Processing file /home/airflow/.local/lib/python3.7/site-packages/airflow/example_dags/tutorial_taskflow_api.py for tasks to queue
[2022-10-09T07:14:54.146+0000] {logging_mixin.py:117} INFO - [2022-10-09T07:14:54.146+0000] {dagbag.py:525} INFO - Filling up the DagBag from /home/airflow/.local/lib/python3.7/site-packages/airflow/example_dags/tutorial_taskflow_api.py
[2022-10-09T07:14:54.159+0000] {processor.py:768} INFO - DAG(s) dict_keys(['tutorial_taskflow_api']) retrieved from /home/airflow/.local/lib/python3.7/site-packages/airflow/example_dags/tutorial_taskflow_api.py
[2022-10-09T07:14:54.183+0000] {logging_mixin.py:117} INFO - [2022-10-09T07:14:54.183+0000] {dag.py:2573} INFO - Sync 1 DAGs
[2022-10-09T07:14:54.198+0000] {logging_mixin.py:117} INFO - [2022-10-09T07:14:54.198+0000] {dag.py:3328} INFO - Setting next_dagrun for tutorial_taskflow_api to None, run_after=None
[2022-10-09T07:14:54.210+0000] {processor.py:178} INFO - Processing /home/airflow/.local/lib/python3.7/site-packages/airflow/example_dags/tutorial_taskflow_api.py took 0.070 seconds
[2022-10-09T07:15:24.365+0000] {processor.py:156} INFO - Started process (PID=2999) to work on /home/airflow/.local/lib/python3.7/site-packages/airflow/example_dags/tutorial_taskflow_api.py
[2022-10-09T07:15:24.366+0000] {processor.py:758} INFO - Processing file /home/airflow/.local/lib/python3.7/site-packages/airflow/example_dags/tutorial_taskflow_api.py for tasks to queue
[2022-10-09T07:15:24.367+0000] {logging_mixin.py:117} INFO - [2022-10-09T07:15:24.367+0000] {dagbag.py:525} INFO - Filling up the DagBag from /home/airflow/.local/lib/python3.7/site-packages/airflow/example_dags/tutorial_taskflow_api.py
[2022-10-09T07:15:24.380+0000] {processor.py:768} INFO - DAG(s) dict_keys(['tutorial_taskflow_api']) retrieved from /home/airflow/.local/lib/python3.7/site-packages/airflow/example_dags/tutorial_taskflow_api.py
[2022-10-09T07:15:24.405+0000] {logging_mixin.py:117} INFO - [2022-10-09T07:15:24.405+0000] {dag.py:2573} INFO - Sync 1 DAGs
[2022-10-09T07:15:24.419+0000] {logging_mixin.py:117} INFO - [2022-10-09T07:15:24.418+0000] {dag.py:3328} INFO - Setting next_dagrun for tutorial_taskflow_api to None, run_after=None
[2022-10-09T07:15:24.429+0000] {processor.py:178} INFO - Processing /home/airflow/.local/lib/python3.7/site-packages/airflow/example_dags/tutorial_taskflow_api.py took 0.067 seconds
[2022-10-09T07:15:54.739+0000] {processor.py:156} INFO - Started process (PID=3062) to work on /home/airflow/.local/lib/python3.7/site-packages/airflow/example_dags/tutorial_taskflow_api.py
[2022-10-09T07:15:54.740+0000] {processor.py:758} INFO - Processing file /home/airflow/.local/lib/python3.7/site-packages/airflow/example_dags/tutorial_taskflow_api.py for tasks to queue
[2022-10-09T07:15:54.741+0000] {logging_mixin.py:117} INFO - [2022-10-09T07:15:54.741+0000] {dagbag.py:525} INFO - Filling up the DagBag from /home/airflow/.local/lib/python3.7/site-packages/airflow/example_dags/tutorial_taskflow_api.py
[2022-10-09T07:15:54.754+0000] {processor.py:768} INFO - DAG(s) dict_keys(['tutorial_taskflow_api']) retrieved from /home/airflow/.local/lib/python3.7/site-packages/airflow/example_dags/tutorial_taskflow_api.py
[2022-10-09T07:15:54.779+0000] {logging_mixin.py:117} INFO - [2022-10-09T07:15:54.779+0000] {dag.py:2573} INFO - Sync 1 DAGs
[2022-10-09T07:15:54.792+0000] {logging_mixin.py:117} INFO - [2022-10-09T07:15:54.792+0000] {dag.py:3328} INFO - Setting next_dagrun for tutorial_taskflow_api to None, run_after=None
[2022-10-09T07:15:54.804+0000] {processor.py:178} INFO - Processing /home/airflow/.local/lib/python3.7/site-packages/airflow/example_dags/tutorial_taskflow_api.py took 0.067 seconds
[2022-10-09T07:16:25.029+0000] {processor.py:156} INFO - Started process (PID=3124) to work on /home/airflow/.local/lib/python3.7/site-packages/airflow/example_dags/tutorial_taskflow_api.py
[2022-10-09T07:16:25.031+0000] {processor.py:758} INFO - Processing file /home/airflow/.local/lib/python3.7/site-packages/airflow/example_dags/tutorial_taskflow_api.py for tasks to queue
[2022-10-09T07:16:25.033+0000] {logging_mixin.py:117} INFO - [2022-10-09T07:16:25.032+0000] {dagbag.py:525} INFO - Filling up the DagBag from /home/airflow/.local/lib/python3.7/site-packages/airflow/example_dags/tutorial_taskflow_api.py
[2022-10-09T07:16:25.053+0000] {processor.py:768} INFO - DAG(s) dict_keys(['tutorial_taskflow_api']) retrieved from /home/airflow/.local/lib/python3.7/site-packages/airflow/example_dags/tutorial_taskflow_api.py
[2022-10-09T07:16:25.083+0000] {logging_mixin.py:117} INFO - [2022-10-09T07:16:25.082+0000] {dag.py:2573} INFO - Sync 1 DAGs
[2022-10-09T07:16:25.105+0000] {logging_mixin.py:117} INFO - [2022-10-09T07:16:25.105+0000] {dag.py:3328} INFO - Setting next_dagrun for tutorial_taskflow_api to None, run_after=None
[2022-10-09T07:16:25.122+0000] {processor.py:178} INFO - Processing /home/airflow/.local/lib/python3.7/site-packages/airflow/example_dags/tutorial_taskflow_api.py took 0.098 seconds
[2022-10-09T07:16:55.277+0000] {processor.py:156} INFO - Started process (PID=3177) to work on /home/airflow/.local/lib/python3.7/site-packages/airflow/example_dags/tutorial_taskflow_api.py
[2022-10-09T07:16:55.278+0000] {processor.py:758} INFO - Processing file /home/airflow/.local/lib/python3.7/site-packages/airflow/example_dags/tutorial_taskflow_api.py for tasks to queue
[2022-10-09T07:16:55.280+0000] {logging_mixin.py:117} INFO - [2022-10-09T07:16:55.280+0000] {dagbag.py:525} INFO - Filling up the DagBag from /home/airflow/.local/lib/python3.7/site-packages/airflow/example_dags/tutorial_taskflow_api.py
[2022-10-09T07:16:55.293+0000] {processor.py:768} INFO - DAG(s) dict_keys(['tutorial_taskflow_api']) retrieved from /home/airflow/.local/lib/python3.7/site-packages/airflow/example_dags/tutorial_taskflow_api.py
[2022-10-09T07:16:55.319+0000] {logging_mixin.py:117} INFO - [2022-10-09T07:16:55.319+0000] {dag.py:2573} INFO - Sync 1 DAGs
[2022-10-09T07:16:55.338+0000] {logging_mixin.py:117} INFO - [2022-10-09T07:16:55.338+0000] {dag.py:3328} INFO - Setting next_dagrun for tutorial_taskflow_api to None, run_after=None
[2022-10-09T07:16:55.350+0000] {processor.py:178} INFO - Processing /home/airflow/.local/lib/python3.7/site-packages/airflow/example_dags/tutorial_taskflow_api.py took 0.076 seconds
[2022-10-09T07:17:26.160+0000] {processor.py:156} INFO - Started process (PID=3240) to work on /home/airflow/.local/lib/python3.7/site-packages/airflow/example_dags/tutorial_taskflow_api.py
[2022-10-09T07:17:26.161+0000] {processor.py:758} INFO - Processing file /home/airflow/.local/lib/python3.7/site-packages/airflow/example_dags/tutorial_taskflow_api.py for tasks to queue
[2022-10-09T07:17:26.162+0000] {logging_mixin.py:117} INFO - [2022-10-09T07:17:26.162+0000] {dagbag.py:525} INFO - Filling up the DagBag from /home/airflow/.local/lib/python3.7/site-packages/airflow/example_dags/tutorial_taskflow_api.py
[2022-10-09T07:17:26.177+0000] {processor.py:768} INFO - DAG(s) dict_keys(['tutorial_taskflow_api']) retrieved from /home/airflow/.local/lib/python3.7/site-packages/airflow/example_dags/tutorial_taskflow_api.py
[2022-10-09T07:17:26.204+0000] {logging_mixin.py:117} INFO - [2022-10-09T07:17:26.204+0000] {dag.py:2573} INFO - Sync 1 DAGs
[2022-10-09T07:17:26.218+0000] {logging_mixin.py:117} INFO - [2022-10-09T07:17:26.218+0000] {dag.py:3328} INFO - Setting next_dagrun for tutorial_taskflow_api to None, run_after=None
[2022-10-09T07:17:26.231+0000] {processor.py:178} INFO - Processing /home/airflow/.local/lib/python3.7/site-packages/airflow/example_dags/tutorial_taskflow_api.py took 0.073 seconds
[2022-10-09T07:17:56.372+0000] {processor.py:156} INFO - Started process (PID=3301) to work on /home/airflow/.local/lib/python3.7/site-packages/airflow/example_dags/tutorial_taskflow_api.py
[2022-10-09T07:17:56.373+0000] {processor.py:758} INFO - Processing file /home/airflow/.local/lib/python3.7/site-packages/airflow/example_dags/tutorial_taskflow_api.py for tasks to queue
[2022-10-09T07:17:56.375+0000] {logging_mixin.py:117} INFO - [2022-10-09T07:17:56.374+0000] {dagbag.py:525} INFO - Filling up the DagBag from /home/airflow/.local/lib/python3.7/site-packages/airflow/example_dags/tutorial_taskflow_api.py
[2022-10-09T07:17:56.390+0000] {processor.py:768} INFO - DAG(s) dict_keys(['tutorial_taskflow_api']) retrieved from /home/airflow/.local/lib/python3.7/site-packages/airflow/example_dags/tutorial_taskflow_api.py
[2022-10-09T07:17:56.419+0000] {logging_mixin.py:117} INFO - [2022-10-09T07:17:56.419+0000] {dag.py:2573} INFO - Sync 1 DAGs
[2022-10-09T07:17:56.435+0000] {logging_mixin.py:117} INFO - [2022-10-09T07:17:56.435+0000] {dag.py:3328} INFO - Setting next_dagrun for tutorial_taskflow_api to None, run_after=None
[2022-10-09T07:17:56.450+0000] {processor.py:178} INFO - Processing /home/airflow/.local/lib/python3.7/site-packages/airflow/example_dags/tutorial_taskflow_api.py took 0.081 seconds
[2022-10-09T07:18:26.711+0000] {processor.py:156} INFO - Started process (PID=3364) to work on /home/airflow/.local/lib/python3.7/site-packages/airflow/example_dags/tutorial_taskflow_api.py
[2022-10-09T07:18:26.712+0000] {processor.py:758} INFO - Processing file /home/airflow/.local/lib/python3.7/site-packages/airflow/example_dags/tutorial_taskflow_api.py for tasks to queue
[2022-10-09T07:18:26.713+0000] {logging_mixin.py:117} INFO - [2022-10-09T07:18:26.713+0000] {dagbag.py:525} INFO - Filling up the DagBag from /home/airflow/.local/lib/python3.7/site-packages/airflow/example_dags/tutorial_taskflow_api.py
[2022-10-09T07:18:26.731+0000] {processor.py:768} INFO - DAG(s) dict_keys(['tutorial_taskflow_api']) retrieved from /home/airflow/.local/lib/python3.7/site-packages/airflow/example_dags/tutorial_taskflow_api.py
[2022-10-09T07:18:26.759+0000] {logging_mixin.py:117} INFO - [2022-10-09T07:18:26.759+0000] {dag.py:2573} INFO - Sync 1 DAGs
[2022-10-09T07:18:26.782+0000] {logging_mixin.py:117} INFO - [2022-10-09T07:18:26.782+0000] {dag.py:3328} INFO - Setting next_dagrun for tutorial_taskflow_api to None, run_after=None
[2022-10-09T07:18:26.802+0000] {processor.py:178} INFO - Processing /home/airflow/.local/lib/python3.7/site-packages/airflow/example_dags/tutorial_taskflow_api.py took 0.096 seconds
[2022-10-09T07:18:58.008+0000] {processor.py:156} INFO - Started process (PID=3427) to work on /home/airflow/.local/lib/python3.7/site-packages/airflow/example_dags/tutorial_taskflow_api.py
[2022-10-09T07:18:58.010+0000] {processor.py:758} INFO - Processing file /home/airflow/.local/lib/python3.7/site-packages/airflow/example_dags/tutorial_taskflow_api.py for tasks to queue
[2022-10-09T07:18:58.011+0000] {logging_mixin.py:117} INFO - [2022-10-09T07:18:58.011+0000] {dagbag.py:525} INFO - Filling up the DagBag from /home/airflow/.local/lib/python3.7/site-packages/airflow/example_dags/tutorial_taskflow_api.py
[2022-10-09T07:18:58.025+0000] {processor.py:768} INFO - DAG(s) dict_keys(['tutorial_taskflow_api']) retrieved from /home/airflow/.local/lib/python3.7/site-packages/airflow/example_dags/tutorial_taskflow_api.py
[2022-10-09T07:18:58.053+0000] {logging_mixin.py:117} INFO - [2022-10-09T07:18:58.053+0000] {dag.py:2573} INFO - Sync 1 DAGs
[2022-10-09T07:18:58.069+0000] {logging_mixin.py:117} INFO - [2022-10-09T07:18:58.069+0000] {dag.py:3328} INFO - Setting next_dagrun for tutorial_taskflow_api to None, run_after=None
[2022-10-09T07:18:58.081+0000] {processor.py:178} INFO - Processing /home/airflow/.local/lib/python3.7/site-packages/airflow/example_dags/tutorial_taskflow_api.py took 0.075 seconds
[2022-10-09T07:19:28.335+0000] {processor.py:156} INFO - Started process (PID=3481) to work on /home/airflow/.local/lib/python3.7/site-packages/airflow/example_dags/tutorial_taskflow_api.py
[2022-10-09T07:19:28.338+0000] {processor.py:758} INFO - Processing file /home/airflow/.local/lib/python3.7/site-packages/airflow/example_dags/tutorial_taskflow_api.py for tasks to queue
[2022-10-09T07:19:28.338+0000] {logging_mixin.py:117} INFO - [2022-10-09T07:19:28.338+0000] {dagbag.py:525} INFO - Filling up the DagBag from /home/airflow/.local/lib/python3.7/site-packages/airflow/example_dags/tutorial_taskflow_api.py
[2022-10-09T07:19:28.352+0000] {processor.py:768} INFO - DAG(s) dict_keys(['tutorial_taskflow_api']) retrieved from /home/airflow/.local/lib/python3.7/site-packages/airflow/example_dags/tutorial_taskflow_api.py
[2022-10-09T07:19:28.376+0000] {logging_mixin.py:117} INFO - [2022-10-09T07:19:28.376+0000] {dag.py:2573} INFO - Sync 1 DAGs
[2022-10-09T07:19:28.390+0000] {logging_mixin.py:117} INFO - [2022-10-09T07:19:28.390+0000] {dag.py:3328} INFO - Setting next_dagrun for tutorial_taskflow_api to None, run_after=None
[2022-10-09T07:19:28.401+0000] {processor.py:178} INFO - Processing /home/airflow/.local/lib/python3.7/site-packages/airflow/example_dags/tutorial_taskflow_api.py took 0.068 seconds
[2022-10-09T07:19:58.567+0000] {processor.py:156} INFO - Started process (PID=3544) to work on /home/airflow/.local/lib/python3.7/site-packages/airflow/example_dags/tutorial_taskflow_api.py
[2022-10-09T07:19:58.568+0000] {processor.py:758} INFO - Processing file /home/airflow/.local/lib/python3.7/site-packages/airflow/example_dags/tutorial_taskflow_api.py for tasks to queue
[2022-10-09T07:19:58.570+0000] {logging_mixin.py:117} INFO - [2022-10-09T07:19:58.570+0000] {dagbag.py:525} INFO - Filling up the DagBag from /home/airflow/.local/lib/python3.7/site-packages/airflow/example_dags/tutorial_taskflow_api.py
[2022-10-09T07:19:58.584+0000] {processor.py:768} INFO - DAG(s) dict_keys(['tutorial_taskflow_api']) retrieved from /home/airflow/.local/lib/python3.7/site-packages/airflow/example_dags/tutorial_taskflow_api.py
[2022-10-09T07:19:58.611+0000] {logging_mixin.py:117} INFO - [2022-10-09T07:19:58.611+0000] {dag.py:2573} INFO - Sync 1 DAGs
[2022-10-09T07:19:58.626+0000] {logging_mixin.py:117} INFO - [2022-10-09T07:19:58.626+0000] {dag.py:3328} INFO - Setting next_dagrun for tutorial_taskflow_api to None, run_after=None
[2022-10-09T07:19:58.638+0000] {processor.py:178} INFO - Processing /home/airflow/.local/lib/python3.7/site-packages/airflow/example_dags/tutorial_taskflow_api.py took 0.073 seconds
[2022-10-09T07:20:29.417+0000] {processor.py:156} INFO - Started process (PID=3608) to work on /home/airflow/.local/lib/python3.7/site-packages/airflow/example_dags/tutorial_taskflow_api.py
[2022-10-09T07:20:29.418+0000] {processor.py:758} INFO - Processing file /home/airflow/.local/lib/python3.7/site-packages/airflow/example_dags/tutorial_taskflow_api.py for tasks to queue
[2022-10-09T07:20:29.420+0000] {logging_mixin.py:117} INFO - [2022-10-09T07:20:29.420+0000] {dagbag.py:525} INFO - Filling up the DagBag from /home/airflow/.local/lib/python3.7/site-packages/airflow/example_dags/tutorial_taskflow_api.py
[2022-10-09T07:20:29.441+0000] {processor.py:768} INFO - DAG(s) dict_keys(['tutorial_taskflow_api']) retrieved from /home/airflow/.local/lib/python3.7/site-packages/airflow/example_dags/tutorial_taskflow_api.py
[2022-10-09T07:20:29.477+0000] {logging_mixin.py:117} INFO - [2022-10-09T07:20:29.477+0000] {dag.py:2573} INFO - Sync 1 DAGs
[2022-10-09T07:20:29.496+0000] {logging_mixin.py:117} INFO - [2022-10-09T07:20:29.495+0000] {dag.py:3328} INFO - Setting next_dagrun for tutorial_taskflow_api to None, run_after=None
[2022-10-09T07:20:29.511+0000] {processor.py:178} INFO - Processing /home/airflow/.local/lib/python3.7/site-packages/airflow/example_dags/tutorial_taskflow_api.py took 0.097 seconds
[2022-10-09T07:20:59.801+0000] {processor.py:156} INFO - Started process (PID=3670) to work on /home/airflow/.local/lib/python3.7/site-packages/airflow/example_dags/tutorial_taskflow_api.py
[2022-10-09T07:20:59.803+0000] {processor.py:758} INFO - Processing file /home/airflow/.local/lib/python3.7/site-packages/airflow/example_dags/tutorial_taskflow_api.py for tasks to queue
[2022-10-09T07:20:59.805+0000] {logging_mixin.py:117} INFO - [2022-10-09T07:20:59.805+0000] {dagbag.py:525} INFO - Filling up the DagBag from /home/airflow/.local/lib/python3.7/site-packages/airflow/example_dags/tutorial_taskflow_api.py
[2022-10-09T07:20:59.821+0000] {processor.py:768} INFO - DAG(s) dict_keys(['tutorial_taskflow_api']) retrieved from /home/airflow/.local/lib/python3.7/site-packages/airflow/example_dags/tutorial_taskflow_api.py
[2022-10-09T07:20:59.850+0000] {logging_mixin.py:117} INFO - [2022-10-09T07:20:59.850+0000] {dag.py:2573} INFO - Sync 1 DAGs
[2022-10-09T07:20:59.865+0000] {logging_mixin.py:117} INFO - [2022-10-09T07:20:59.864+0000] {dag.py:3328} INFO - Setting next_dagrun for tutorial_taskflow_api to None, run_after=None
[2022-10-09T07:20:59.877+0000] {processor.py:178} INFO - Processing /home/airflow/.local/lib/python3.7/site-packages/airflow/example_dags/tutorial_taskflow_api.py took 0.078 seconds
[2022-10-09T07:21:30.313+0000] {processor.py:156} INFO - Started process (PID=3734) to work on /home/airflow/.local/lib/python3.7/site-packages/airflow/example_dags/tutorial_taskflow_api.py
[2022-10-09T07:21:30.315+0000] {processor.py:758} INFO - Processing file /home/airflow/.local/lib/python3.7/site-packages/airflow/example_dags/tutorial_taskflow_api.py for tasks to queue
[2022-10-09T07:21:30.316+0000] {logging_mixin.py:117} INFO - [2022-10-09T07:21:30.316+0000] {dagbag.py:525} INFO - Filling up the DagBag from /home/airflow/.local/lib/python3.7/site-packages/airflow/example_dags/tutorial_taskflow_api.py
[2022-10-09T07:21:30.330+0000] {processor.py:768} INFO - DAG(s) dict_keys(['tutorial_taskflow_api']) retrieved from /home/airflow/.local/lib/python3.7/site-packages/airflow/example_dags/tutorial_taskflow_api.py
[2022-10-09T07:21:30.357+0000] {logging_mixin.py:117} INFO - [2022-10-09T07:21:30.357+0000] {dag.py:2573} INFO - Sync 1 DAGs
[2022-10-09T07:21:30.372+0000] {logging_mixin.py:117} INFO - [2022-10-09T07:21:30.372+0000] {dag.py:3328} INFO - Setting next_dagrun for tutorial_taskflow_api to None, run_after=None
[2022-10-09T07:21:30.383+0000] {processor.py:178} INFO - Processing /home/airflow/.local/lib/python3.7/site-packages/airflow/example_dags/tutorial_taskflow_api.py took 0.072 seconds
[2022-10-09T07:22:00.669+0000] {processor.py:156} INFO - Started process (PID=3785) to work on /home/airflow/.local/lib/python3.7/site-packages/airflow/example_dags/tutorial_taskflow_api.py
[2022-10-09T07:22:00.671+0000] {processor.py:758} INFO - Processing file /home/airflow/.local/lib/python3.7/site-packages/airflow/example_dags/tutorial_taskflow_api.py for tasks to queue
[2022-10-09T07:22:00.673+0000] {logging_mixin.py:117} INFO - [2022-10-09T07:22:00.673+0000] {dagbag.py:525} INFO - Filling up the DagBag from /home/airflow/.local/lib/python3.7/site-packages/airflow/example_dags/tutorial_taskflow_api.py
[2022-10-09T07:22:00.689+0000] {processor.py:768} INFO - DAG(s) dict_keys(['tutorial_taskflow_api']) retrieved from /home/airflow/.local/lib/python3.7/site-packages/airflow/example_dags/tutorial_taskflow_api.py
[2022-10-09T07:22:00.717+0000] {logging_mixin.py:117} INFO - [2022-10-09T07:22:00.716+0000] {dag.py:2573} INFO - Sync 1 DAGs
[2022-10-09T07:22:00.729+0000] {logging_mixin.py:117} INFO - [2022-10-09T07:22:00.729+0000] {dag.py:3328} INFO - Setting next_dagrun for tutorial_taskflow_api to None, run_after=None
[2022-10-09T07:22:00.741+0000] {processor.py:178} INFO - Processing /home/airflow/.local/lib/python3.7/site-packages/airflow/example_dags/tutorial_taskflow_api.py took 0.074 seconds
[2022-10-09T07:22:30.895+0000] {processor.py:156} INFO - Started process (PID=3848) to work on /home/airflow/.local/lib/python3.7/site-packages/airflow/example_dags/tutorial_taskflow_api.py
[2022-10-09T07:22:30.896+0000] {processor.py:758} INFO - Processing file /home/airflow/.local/lib/python3.7/site-packages/airflow/example_dags/tutorial_taskflow_api.py for tasks to queue
[2022-10-09T07:22:30.897+0000] {logging_mixin.py:117} INFO - [2022-10-09T07:22:30.897+0000] {dagbag.py:525} INFO - Filling up the DagBag from /home/airflow/.local/lib/python3.7/site-packages/airflow/example_dags/tutorial_taskflow_api.py
[2022-10-09T07:22:30.912+0000] {processor.py:768} INFO - DAG(s) dict_keys(['tutorial_taskflow_api']) retrieved from /home/airflow/.local/lib/python3.7/site-packages/airflow/example_dags/tutorial_taskflow_api.py
[2022-10-09T07:22:30.938+0000] {logging_mixin.py:117} INFO - [2022-10-09T07:22:30.938+0000] {dag.py:2573} INFO - Sync 1 DAGs
[2022-10-09T07:22:30.955+0000] {logging_mixin.py:117} INFO - [2022-10-09T07:22:30.955+0000] {dag.py:3328} INFO - Setting next_dagrun for tutorial_taskflow_api to None, run_after=None
[2022-10-09T07:22:30.967+0000] {processor.py:178} INFO - Processing /home/airflow/.local/lib/python3.7/site-packages/airflow/example_dags/tutorial_taskflow_api.py took 0.075 seconds
[2022-10-09T07:23:01.226+0000] {processor.py:156} INFO - Started process (PID=3913) to work on /home/airflow/.local/lib/python3.7/site-packages/airflow/example_dags/tutorial_taskflow_api.py
[2022-10-09T07:23:01.228+0000] {processor.py:758} INFO - Processing file /home/airflow/.local/lib/python3.7/site-packages/airflow/example_dags/tutorial_taskflow_api.py for tasks to queue
[2022-10-09T07:23:01.229+0000] {logging_mixin.py:117} INFO - [2022-10-09T07:23:01.229+0000] {dagbag.py:525} INFO - Filling up the DagBag from /home/airflow/.local/lib/python3.7/site-packages/airflow/example_dags/tutorial_taskflow_api.py
[2022-10-09T07:23:01.243+0000] {processor.py:768} INFO - DAG(s) dict_keys(['tutorial_taskflow_api']) retrieved from /home/airflow/.local/lib/python3.7/site-packages/airflow/example_dags/tutorial_taskflow_api.py
[2022-10-09T07:23:01.271+0000] {logging_mixin.py:117} INFO - [2022-10-09T07:23:01.271+0000] {dag.py:2573} INFO - Sync 1 DAGs
[2022-10-09T07:23:01.289+0000] {logging_mixin.py:117} INFO - [2022-10-09T07:23:01.288+0000] {dag.py:3328} INFO - Setting next_dagrun for tutorial_taskflow_api to None, run_after=None
[2022-10-09T07:23:01.304+0000] {processor.py:178} INFO - Processing /home/airflow/.local/lib/python3.7/site-packages/airflow/example_dags/tutorial_taskflow_api.py took 0.080 seconds
[2022-10-09T07:23:31.586+0000] {processor.py:156} INFO - Started process (PID=3976) to work on /home/airflow/.local/lib/python3.7/site-packages/airflow/example_dags/tutorial_taskflow_api.py
[2022-10-09T07:23:31.587+0000] {processor.py:758} INFO - Processing file /home/airflow/.local/lib/python3.7/site-packages/airflow/example_dags/tutorial_taskflow_api.py for tasks to queue
[2022-10-09T07:23:31.588+0000] {logging_mixin.py:117} INFO - [2022-10-09T07:23:31.588+0000] {dagbag.py:525} INFO - Filling up the DagBag from /home/airflow/.local/lib/python3.7/site-packages/airflow/example_dags/tutorial_taskflow_api.py
[2022-10-09T07:23:31.602+0000] {processor.py:768} INFO - DAG(s) dict_keys(['tutorial_taskflow_api']) retrieved from /home/airflow/.local/lib/python3.7/site-packages/airflow/example_dags/tutorial_taskflow_api.py
[2022-10-09T07:23:31.625+0000] {logging_mixin.py:117} INFO - [2022-10-09T07:23:31.625+0000] {dag.py:2573} INFO - Sync 1 DAGs
[2022-10-09T07:23:31.639+0000] {logging_mixin.py:117} INFO - [2022-10-09T07:23:31.639+0000] {dag.py:3328} INFO - Setting next_dagrun for tutorial_taskflow_api to None, run_after=None
[2022-10-09T07:23:31.650+0000] {processor.py:178} INFO - Processing /home/airflow/.local/lib/python3.7/site-packages/airflow/example_dags/tutorial_taskflow_api.py took 0.066 seconds
[2022-10-09T07:24:01.849+0000] {processor.py:156} INFO - Started process (PID=4039) to work on /home/airflow/.local/lib/python3.7/site-packages/airflow/example_dags/tutorial_taskflow_api.py
[2022-10-09T07:24:01.850+0000] {processor.py:758} INFO - Processing file /home/airflow/.local/lib/python3.7/site-packages/airflow/example_dags/tutorial_taskflow_api.py for tasks to queue
[2022-10-09T07:24:01.851+0000] {logging_mixin.py:117} INFO - [2022-10-09T07:24:01.851+0000] {dagbag.py:525} INFO - Filling up the DagBag from /home/airflow/.local/lib/python3.7/site-packages/airflow/example_dags/tutorial_taskflow_api.py
[2022-10-09T07:24:01.866+0000] {processor.py:768} INFO - DAG(s) dict_keys(['tutorial_taskflow_api']) retrieved from /home/airflow/.local/lib/python3.7/site-packages/airflow/example_dags/tutorial_taskflow_api.py
[2022-10-09T07:24:01.890+0000] {logging_mixin.py:117} INFO - [2022-10-09T07:24:01.890+0000] {dag.py:2573} INFO - Sync 1 DAGs
[2022-10-09T07:24:01.904+0000] {logging_mixin.py:117} INFO - [2022-10-09T07:24:01.904+0000] {dag.py:3328} INFO - Setting next_dagrun for tutorial_taskflow_api to None, run_after=None
[2022-10-09T07:24:01.916+0000] {processor.py:178} INFO - Processing /home/airflow/.local/lib/python3.7/site-packages/airflow/example_dags/tutorial_taskflow_api.py took 0.069 seconds
[2022-10-09T07:24:32.802+0000] {processor.py:156} INFO - Started process (PID=4105) to work on /home/airflow/.local/lib/python3.7/site-packages/airflow/example_dags/tutorial_taskflow_api.py
[2022-10-09T07:24:32.804+0000] {processor.py:758} INFO - Processing file /home/airflow/.local/lib/python3.7/site-packages/airflow/example_dags/tutorial_taskflow_api.py for tasks to queue
[2022-10-09T07:24:32.805+0000] {logging_mixin.py:117} INFO - [2022-10-09T07:24:32.805+0000] {dagbag.py:525} INFO - Filling up the DagBag from /home/airflow/.local/lib/python3.7/site-packages/airflow/example_dags/tutorial_taskflow_api.py
[2022-10-09T07:24:32.822+0000] {processor.py:768} INFO - DAG(s) dict_keys(['tutorial_taskflow_api']) retrieved from /home/airflow/.local/lib/python3.7/site-packages/airflow/example_dags/tutorial_taskflow_api.py
[2022-10-09T07:24:32.858+0000] {logging_mixin.py:117} INFO - [2022-10-09T07:24:32.858+0000] {dag.py:2573} INFO - Sync 1 DAGs
[2022-10-09T07:24:32.879+0000] {logging_mixin.py:117} INFO - [2022-10-09T07:24:32.879+0000] {dag.py:3328} INFO - Setting next_dagrun for tutorial_taskflow_api to None, run_after=None
[2022-10-09T07:24:32.897+0000] {processor.py:178} INFO - Processing /home/airflow/.local/lib/python3.7/site-packages/airflow/example_dags/tutorial_taskflow_api.py took 0.100 seconds
