[2022-10-09T06:40:39.070+0000] {processor.py:156} INFO - Started process (PID=43) to work on /home/airflow/.local/lib/python3.7/site-packages/airflow/example_dags/tutorial.py
[2022-10-09T06:40:39.073+0000] {processor.py:758} INFO - Processing file /home/airflow/.local/lib/python3.7/site-packages/airflow/example_dags/tutorial.py for tasks to queue
[2022-10-09T06:40:39.074+0000] {logging_mixin.py:117} INFO - [2022-10-09T06:40:39.074+0000] {dagbag.py:525} INFO - Filling up the DagBag from /home/airflow/.local/lib/python3.7/site-packages/airflow/example_dags/tutorial.py
[2022-10-09T06:40:39.089+0000] {processor.py:768} INFO - DAG(s) dict_keys(['tutorial']) retrieved from /home/airflow/.local/lib/python3.7/site-packages/airflow/example_dags/tutorial.py
[2022-10-09T06:40:39.114+0000] {logging_mixin.py:117} INFO - [2022-10-09T06:40:39.114+0000] {dag.py:2573} INFO - Sync 1 DAGs
[2022-10-09T06:40:39.162+0000] {logging_mixin.py:117} INFO - [2022-10-09T06:40:39.161+0000] {dag.py:3328} INFO - Setting next_dagrun for tutorial to 2022-10-08T06:40:39.160950+00:00, run_after=2022-10-09T06:40:39.160950+00:00
[2022-10-09T06:40:39.208+0000] {processor.py:178} INFO - Processing /home/airflow/.local/lib/python3.7/site-packages/airflow/example_dags/tutorial.py took 0.140 seconds
[2022-10-09T06:41:09.846+0000] {processor.py:156} INFO - Started process (PID=106) to work on /home/airflow/.local/lib/python3.7/site-packages/airflow/example_dags/tutorial.py
[2022-10-09T06:41:09.848+0000] {processor.py:758} INFO - Processing file /home/airflow/.local/lib/python3.7/site-packages/airflow/example_dags/tutorial.py for tasks to queue
[2022-10-09T06:41:09.849+0000] {logging_mixin.py:117} INFO - [2022-10-09T06:41:09.849+0000] {dagbag.py:525} INFO - Filling up the DagBag from /home/airflow/.local/lib/python3.7/site-packages/airflow/example_dags/tutorial.py
[2022-10-09T06:41:09.858+0000] {processor.py:768} INFO - DAG(s) dict_keys(['tutorial']) retrieved from /home/airflow/.local/lib/python3.7/site-packages/airflow/example_dags/tutorial.py
[2022-10-09T06:41:09.893+0000] {logging_mixin.py:117} INFO - [2022-10-09T06:41:09.893+0000] {dag.py:2573} INFO - Sync 1 DAGs
[2022-10-09T06:41:09.912+0000] {logging_mixin.py:117} INFO - [2022-10-09T06:41:09.912+0000] {dag.py:3328} INFO - Setting next_dagrun for tutorial to 2022-10-08T06:41:09.911827+00:00, run_after=2022-10-09T06:41:09.911827+00:00
[2022-10-09T06:41:09.928+0000] {processor.py:178} INFO - Processing /home/airflow/.local/lib/python3.7/site-packages/airflow/example_dags/tutorial.py took 0.084 seconds
[2022-10-09T06:41:40.431+0000] {processor.py:156} INFO - Started process (PID=170) to work on /home/airflow/.local/lib/python3.7/site-packages/airflow/example_dags/tutorial.py
[2022-10-09T06:41:40.432+0000] {processor.py:758} INFO - Processing file /home/airflow/.local/lib/python3.7/site-packages/airflow/example_dags/tutorial.py for tasks to queue
[2022-10-09T06:41:40.433+0000] {logging_mixin.py:117} INFO - [2022-10-09T06:41:40.433+0000] {dagbag.py:525} INFO - Filling up the DagBag from /home/airflow/.local/lib/python3.7/site-packages/airflow/example_dags/tutorial.py
[2022-10-09T06:41:40.442+0000] {processor.py:768} INFO - DAG(s) dict_keys(['tutorial']) retrieved from /home/airflow/.local/lib/python3.7/site-packages/airflow/example_dags/tutorial.py
[2022-10-09T06:41:40.476+0000] {logging_mixin.py:117} INFO - [2022-10-09T06:41:40.476+0000] {dag.py:2573} INFO - Sync 1 DAGs
[2022-10-09T06:41:40.490+0000] {logging_mixin.py:117} INFO - [2022-10-09T06:41:40.490+0000] {dag.py:3328} INFO - Setting next_dagrun for tutorial to 2022-10-08T06:41:40.490361+00:00, run_after=2022-10-09T06:41:40.490361+00:00
[2022-10-09T06:41:40.505+0000] {processor.py:178} INFO - Processing /home/airflow/.local/lib/python3.7/site-packages/airflow/example_dags/tutorial.py took 0.076 seconds
[2022-10-09T06:42:11.080+0000] {processor.py:156} INFO - Started process (PID=233) to work on /home/airflow/.local/lib/python3.7/site-packages/airflow/example_dags/tutorial.py
[2022-10-09T06:42:11.082+0000] {processor.py:758} INFO - Processing file /home/airflow/.local/lib/python3.7/site-packages/airflow/example_dags/tutorial.py for tasks to queue
[2022-10-09T06:42:11.084+0000] {logging_mixin.py:117} INFO - [2022-10-09T06:42:11.084+0000] {dagbag.py:525} INFO - Filling up the DagBag from /home/airflow/.local/lib/python3.7/site-packages/airflow/example_dags/tutorial.py
[2022-10-09T06:42:11.094+0000] {processor.py:768} INFO - DAG(s) dict_keys(['tutorial']) retrieved from /home/airflow/.local/lib/python3.7/site-packages/airflow/example_dags/tutorial.py
[2022-10-09T06:42:11.121+0000] {logging_mixin.py:117} INFO - [2022-10-09T06:42:11.121+0000] {dag.py:2573} INFO - Sync 1 DAGs
[2022-10-09T06:42:11.139+0000] {logging_mixin.py:117} INFO - [2022-10-09T06:42:11.139+0000] {dag.py:3328} INFO - Setting next_dagrun for tutorial to 2022-10-08T06:42:11.139444+00:00, run_after=2022-10-09T06:42:11.139444+00:00
[2022-10-09T06:42:11.152+0000] {processor.py:178} INFO - Processing /home/airflow/.local/lib/python3.7/site-packages/airflow/example_dags/tutorial.py took 0.074 seconds
[2022-10-09T06:42:41.416+0000] {processor.py:156} INFO - Started process (PID=287) to work on /home/airflow/.local/lib/python3.7/site-packages/airflow/example_dags/tutorial.py
[2022-10-09T06:42:41.418+0000] {processor.py:758} INFO - Processing file /home/airflow/.local/lib/python3.7/site-packages/airflow/example_dags/tutorial.py for tasks to queue
[2022-10-09T06:42:41.419+0000] {logging_mixin.py:117} INFO - [2022-10-09T06:42:41.419+0000] {dagbag.py:525} INFO - Filling up the DagBag from /home/airflow/.local/lib/python3.7/site-packages/airflow/example_dags/tutorial.py
[2022-10-09T06:42:41.431+0000] {processor.py:768} INFO - DAG(s) dict_keys(['tutorial']) retrieved from /home/airflow/.local/lib/python3.7/site-packages/airflow/example_dags/tutorial.py
[2022-10-09T06:42:41.462+0000] {logging_mixin.py:117} INFO - [2022-10-09T06:42:41.462+0000] {dag.py:2573} INFO - Sync 1 DAGs
[2022-10-09T06:42:41.481+0000] {logging_mixin.py:117} INFO - [2022-10-09T06:42:41.481+0000] {dag.py:3328} INFO - Setting next_dagrun for tutorial to 2022-10-08T06:42:41.480873+00:00, run_after=2022-10-09T06:42:41.480873+00:00
[2022-10-09T06:42:41.497+0000] {processor.py:178} INFO - Processing /home/airflow/.local/lib/python3.7/site-packages/airflow/example_dags/tutorial.py took 0.083 seconds
[2022-10-09T06:43:11.914+0000] {processor.py:156} INFO - Started process (PID=350) to work on /home/airflow/.local/lib/python3.7/site-packages/airflow/example_dags/tutorial.py
[2022-10-09T06:43:11.916+0000] {processor.py:758} INFO - Processing file /home/airflow/.local/lib/python3.7/site-packages/airflow/example_dags/tutorial.py for tasks to queue
[2022-10-09T06:43:11.917+0000] {logging_mixin.py:117} INFO - [2022-10-09T06:43:11.917+0000] {dagbag.py:525} INFO - Filling up the DagBag from /home/airflow/.local/lib/python3.7/site-packages/airflow/example_dags/tutorial.py
[2022-10-09T06:43:11.929+0000] {processor.py:768} INFO - DAG(s) dict_keys(['tutorial']) retrieved from /home/airflow/.local/lib/python3.7/site-packages/airflow/example_dags/tutorial.py
[2022-10-09T06:43:11.954+0000] {logging_mixin.py:117} INFO - [2022-10-09T06:43:11.954+0000] {dag.py:2573} INFO - Sync 1 DAGs
[2022-10-09T06:43:11.969+0000] {logging_mixin.py:117} INFO - [2022-10-09T06:43:11.969+0000] {dag.py:3328} INFO - Setting next_dagrun for tutorial to 2022-10-08T06:43:11.969014+00:00, run_after=2022-10-09T06:43:11.969014+00:00
[2022-10-09T06:43:11.980+0000] {processor.py:178} INFO - Processing /home/airflow/.local/lib/python3.7/site-packages/airflow/example_dags/tutorial.py took 0.068 seconds
[2022-10-09T06:43:42.155+0000] {processor.py:156} INFO - Started process (PID=413) to work on /home/airflow/.local/lib/python3.7/site-packages/airflow/example_dags/tutorial.py
[2022-10-09T06:43:42.157+0000] {processor.py:758} INFO - Processing file /home/airflow/.local/lib/python3.7/site-packages/airflow/example_dags/tutorial.py for tasks to queue
[2022-10-09T06:43:42.158+0000] {logging_mixin.py:117} INFO - [2022-10-09T06:43:42.158+0000] {dagbag.py:525} INFO - Filling up the DagBag from /home/airflow/.local/lib/python3.7/site-packages/airflow/example_dags/tutorial.py
[2022-10-09T06:43:42.169+0000] {processor.py:768} INFO - DAG(s) dict_keys(['tutorial']) retrieved from /home/airflow/.local/lib/python3.7/site-packages/airflow/example_dags/tutorial.py
[2022-10-09T06:43:42.195+0000] {logging_mixin.py:117} INFO - [2022-10-09T06:43:42.195+0000] {dag.py:2573} INFO - Sync 1 DAGs
[2022-10-09T06:43:42.210+0000] {logging_mixin.py:117} INFO - [2022-10-09T06:43:42.210+0000] {dag.py:3328} INFO - Setting next_dagrun for tutorial to 2022-10-08T06:43:42.209982+00:00, run_after=2022-10-09T06:43:42.209982+00:00
[2022-10-09T06:43:42.223+0000] {processor.py:178} INFO - Processing /home/airflow/.local/lib/python3.7/site-packages/airflow/example_dags/tutorial.py took 0.069 seconds
[2022-10-09T06:44:12.505+0000] {processor.py:156} INFO - Started process (PID=476) to work on /home/airflow/.local/lib/python3.7/site-packages/airflow/example_dags/tutorial.py
[2022-10-09T06:44:12.507+0000] {processor.py:758} INFO - Processing file /home/airflow/.local/lib/python3.7/site-packages/airflow/example_dags/tutorial.py for tasks to queue
[2022-10-09T06:44:12.508+0000] {logging_mixin.py:117} INFO - [2022-10-09T06:44:12.508+0000] {dagbag.py:525} INFO - Filling up the DagBag from /home/airflow/.local/lib/python3.7/site-packages/airflow/example_dags/tutorial.py
[2022-10-09T06:44:12.516+0000] {processor.py:768} INFO - DAG(s) dict_keys(['tutorial']) retrieved from /home/airflow/.local/lib/python3.7/site-packages/airflow/example_dags/tutorial.py
[2022-10-09T06:44:12.544+0000] {logging_mixin.py:117} INFO - [2022-10-09T06:44:12.544+0000] {dag.py:2573} INFO - Sync 1 DAGs
[2022-10-09T06:44:12.561+0000] {logging_mixin.py:117} INFO - [2022-10-09T06:44:12.561+0000] {dag.py:3328} INFO - Setting next_dagrun for tutorial to 2022-10-08T06:44:12.561457+00:00, run_after=2022-10-09T06:44:12.561457+00:00
[2022-10-09T06:44:12.573+0000] {processor.py:178} INFO - Processing /home/airflow/.local/lib/python3.7/site-packages/airflow/example_dags/tutorial.py took 0.069 seconds
[2022-10-09T06:44:42.766+0000] {processor.py:156} INFO - Started process (PID=539) to work on /home/airflow/.local/lib/python3.7/site-packages/airflow/example_dags/tutorial.py
[2022-10-09T06:44:42.768+0000] {processor.py:758} INFO - Processing file /home/airflow/.local/lib/python3.7/site-packages/airflow/example_dags/tutorial.py for tasks to queue
[2022-10-09T06:44:42.769+0000] {logging_mixin.py:117} INFO - [2022-10-09T06:44:42.769+0000] {dagbag.py:525} INFO - Filling up the DagBag from /home/airflow/.local/lib/python3.7/site-packages/airflow/example_dags/tutorial.py
[2022-10-09T06:44:42.778+0000] {processor.py:768} INFO - DAG(s) dict_keys(['tutorial']) retrieved from /home/airflow/.local/lib/python3.7/site-packages/airflow/example_dags/tutorial.py
[2022-10-09T06:44:42.804+0000] {logging_mixin.py:117} INFO - [2022-10-09T06:44:42.803+0000] {dag.py:2573} INFO - Sync 1 DAGs
[2022-10-09T06:44:42.820+0000] {logging_mixin.py:117} INFO - [2022-10-09T06:44:42.820+0000] {dag.py:3328} INFO - Setting next_dagrun for tutorial to 2022-10-08T06:44:42.819935+00:00, run_after=2022-10-09T06:44:42.819935+00:00
[2022-10-09T06:44:42.832+0000] {processor.py:178} INFO - Processing /home/airflow/.local/lib/python3.7/site-packages/airflow/example_dags/tutorial.py took 0.068 seconds
[2022-10-09T06:45:13.051+0000] {processor.py:156} INFO - Started process (PID=593) to work on /home/airflow/.local/lib/python3.7/site-packages/airflow/example_dags/tutorial.py
[2022-10-09T06:45:13.052+0000] {processor.py:758} INFO - Processing file /home/airflow/.local/lib/python3.7/site-packages/airflow/example_dags/tutorial.py for tasks to queue
[2022-10-09T06:45:13.053+0000] {logging_mixin.py:117} INFO - [2022-10-09T06:45:13.053+0000] {dagbag.py:525} INFO - Filling up the DagBag from /home/airflow/.local/lib/python3.7/site-packages/airflow/example_dags/tutorial.py
[2022-10-09T06:45:13.062+0000] {processor.py:768} INFO - DAG(s) dict_keys(['tutorial']) retrieved from /home/airflow/.local/lib/python3.7/site-packages/airflow/example_dags/tutorial.py
[2022-10-09T06:45:13.087+0000] {logging_mixin.py:117} INFO - [2022-10-09T06:45:13.087+0000] {dag.py:2573} INFO - Sync 1 DAGs
[2022-10-09T06:45:13.102+0000] {logging_mixin.py:117} INFO - [2022-10-09T06:45:13.102+0000] {dag.py:3328} INFO - Setting next_dagrun for tutorial to 2022-10-08T06:45:13.102728+00:00, run_after=2022-10-09T06:45:13.102728+00:00
[2022-10-09T06:45:13.116+0000] {processor.py:178} INFO - Processing /home/airflow/.local/lib/python3.7/site-packages/airflow/example_dags/tutorial.py took 0.068 seconds
[2022-10-09T06:45:43.346+0000] {processor.py:156} INFO - Started process (PID=655) to work on /home/airflow/.local/lib/python3.7/site-packages/airflow/example_dags/tutorial.py
[2022-10-09T06:45:43.348+0000] {processor.py:758} INFO - Processing file /home/airflow/.local/lib/python3.7/site-packages/airflow/example_dags/tutorial.py for tasks to queue
[2022-10-09T06:45:43.349+0000] {logging_mixin.py:117} INFO - [2022-10-09T06:45:43.349+0000] {dagbag.py:525} INFO - Filling up the DagBag from /home/airflow/.local/lib/python3.7/site-packages/airflow/example_dags/tutorial.py
[2022-10-09T06:45:43.357+0000] {processor.py:768} INFO - DAG(s) dict_keys(['tutorial']) retrieved from /home/airflow/.local/lib/python3.7/site-packages/airflow/example_dags/tutorial.py
[2022-10-09T06:45:43.382+0000] {logging_mixin.py:117} INFO - [2022-10-09T06:45:43.382+0000] {dag.py:2573} INFO - Sync 1 DAGs
[2022-10-09T06:45:43.396+0000] {logging_mixin.py:117} INFO - [2022-10-09T06:45:43.396+0000] {dag.py:3328} INFO - Setting next_dagrun for tutorial to 2022-10-08T06:45:43.395958+00:00, run_after=2022-10-09T06:45:43.395958+00:00
[2022-10-09T06:45:43.408+0000] {processor.py:178} INFO - Processing /home/airflow/.local/lib/python3.7/site-packages/airflow/example_dags/tutorial.py took 0.064 seconds
[2022-10-09T06:46:13.520+0000] {processor.py:156} INFO - Started process (PID=719) to work on /home/airflow/.local/lib/python3.7/site-packages/airflow/example_dags/tutorial.py
[2022-10-09T06:46:13.521+0000] {processor.py:758} INFO - Processing file /home/airflow/.local/lib/python3.7/site-packages/airflow/example_dags/tutorial.py for tasks to queue
[2022-10-09T06:46:13.522+0000] {logging_mixin.py:117} INFO - [2022-10-09T06:46:13.522+0000] {dagbag.py:525} INFO - Filling up the DagBag from /home/airflow/.local/lib/python3.7/site-packages/airflow/example_dags/tutorial.py
[2022-10-09T06:46:13.531+0000] {processor.py:768} INFO - DAG(s) dict_keys(['tutorial']) retrieved from /home/airflow/.local/lib/python3.7/site-packages/airflow/example_dags/tutorial.py
[2022-10-09T06:46:13.557+0000] {logging_mixin.py:117} INFO - [2022-10-09T06:46:13.557+0000] {dag.py:2573} INFO - Sync 1 DAGs
[2022-10-09T06:46:13.572+0000] {logging_mixin.py:117} INFO - [2022-10-09T06:46:13.572+0000] {dag.py:3328} INFO - Setting next_dagrun for tutorial to 2022-10-08T06:46:13.572596+00:00, run_after=2022-10-09T06:46:13.572596+00:00
[2022-10-09T06:46:13.585+0000] {processor.py:178} INFO - Processing /home/airflow/.local/lib/python3.7/site-packages/airflow/example_dags/tutorial.py took 0.067 seconds
[2022-10-09T06:46:43.822+0000] {processor.py:156} INFO - Started process (PID=783) to work on /home/airflow/.local/lib/python3.7/site-packages/airflow/example_dags/tutorial.py
[2022-10-09T06:46:43.823+0000] {processor.py:758} INFO - Processing file /home/airflow/.local/lib/python3.7/site-packages/airflow/example_dags/tutorial.py for tasks to queue
[2022-10-09T06:46:43.824+0000] {logging_mixin.py:117} INFO - [2022-10-09T06:46:43.824+0000] {dagbag.py:525} INFO - Filling up the DagBag from /home/airflow/.local/lib/python3.7/site-packages/airflow/example_dags/tutorial.py
[2022-10-09T06:46:43.833+0000] {processor.py:768} INFO - DAG(s) dict_keys(['tutorial']) retrieved from /home/airflow/.local/lib/python3.7/site-packages/airflow/example_dags/tutorial.py
[2022-10-09T06:46:43.861+0000] {logging_mixin.py:117} INFO - [2022-10-09T06:46:43.861+0000] {dag.py:2573} INFO - Sync 1 DAGs
[2022-10-09T06:46:43.876+0000] {logging_mixin.py:117} INFO - [2022-10-09T06:46:43.876+0000] {dag.py:3328} INFO - Setting next_dagrun for tutorial to 2022-10-08T06:46:43.876404+00:00, run_after=2022-10-09T06:46:43.876404+00:00
[2022-10-09T06:46:43.888+0000] {processor.py:178} INFO - Processing /home/airflow/.local/lib/python3.7/site-packages/airflow/example_dags/tutorial.py took 0.068 seconds
[2022-10-09T06:47:13.965+0000] {processor.py:156} INFO - Started process (PID=845) to work on /home/airflow/.local/lib/python3.7/site-packages/airflow/example_dags/tutorial.py
[2022-10-09T06:47:13.967+0000] {processor.py:758} INFO - Processing file /home/airflow/.local/lib/python3.7/site-packages/airflow/example_dags/tutorial.py for tasks to queue
[2022-10-09T06:47:13.969+0000] {logging_mixin.py:117} INFO - [2022-10-09T06:47:13.969+0000] {dagbag.py:525} INFO - Filling up the DagBag from /home/airflow/.local/lib/python3.7/site-packages/airflow/example_dags/tutorial.py
[2022-10-09T06:47:13.983+0000] {processor.py:768} INFO - DAG(s) dict_keys(['tutorial']) retrieved from /home/airflow/.local/lib/python3.7/site-packages/airflow/example_dags/tutorial.py
[2022-10-09T06:47:14.023+0000] {logging_mixin.py:117} INFO - [2022-10-09T06:47:14.023+0000] {dag.py:2573} INFO - Sync 1 DAGs
[2022-10-09T06:47:14.041+0000] {logging_mixin.py:117} INFO - [2022-10-09T06:47:14.041+0000] {dag.py:3328} INFO - Setting next_dagrun for tutorial to 2022-10-08T06:47:14.041549+00:00, run_after=2022-10-09T06:47:14.041549+00:00
[2022-10-09T06:47:14.057+0000] {processor.py:178} INFO - Processing /home/airflow/.local/lib/python3.7/site-packages/airflow/example_dags/tutorial.py took 0.094 seconds
[2022-10-09T06:47:44.288+0000] {processor.py:156} INFO - Started process (PID=898) to work on /home/airflow/.local/lib/python3.7/site-packages/airflow/example_dags/tutorial.py
[2022-10-09T06:47:44.290+0000] {processor.py:758} INFO - Processing file /home/airflow/.local/lib/python3.7/site-packages/airflow/example_dags/tutorial.py for tasks to queue
[2022-10-09T06:47:44.291+0000] {logging_mixin.py:117} INFO - [2022-10-09T06:47:44.291+0000] {dagbag.py:525} INFO - Filling up the DagBag from /home/airflow/.local/lib/python3.7/site-packages/airflow/example_dags/tutorial.py
[2022-10-09T06:47:44.301+0000] {processor.py:768} INFO - DAG(s) dict_keys(['tutorial']) retrieved from /home/airflow/.local/lib/python3.7/site-packages/airflow/example_dags/tutorial.py
[2022-10-09T06:47:44.327+0000] {logging_mixin.py:117} INFO - [2022-10-09T06:47:44.326+0000] {dag.py:2573} INFO - Sync 1 DAGs
[2022-10-09T06:47:44.341+0000] {logging_mixin.py:117} INFO - [2022-10-09T06:47:44.341+0000] {dag.py:3328} INFO - Setting next_dagrun for tutorial to 2022-10-08T06:47:44.341211+00:00, run_after=2022-10-09T06:47:44.341211+00:00
[2022-10-09T06:47:44.354+0000] {processor.py:178} INFO - Processing /home/airflow/.local/lib/python3.7/site-packages/airflow/example_dags/tutorial.py took 0.067 seconds
[2022-10-09T06:48:14.624+0000] {processor.py:156} INFO - Started process (PID=960) to work on /home/airflow/.local/lib/python3.7/site-packages/airflow/example_dags/tutorial.py
[2022-10-09T06:48:14.625+0000] {processor.py:758} INFO - Processing file /home/airflow/.local/lib/python3.7/site-packages/airflow/example_dags/tutorial.py for tasks to queue
[2022-10-09T06:48:14.627+0000] {logging_mixin.py:117} INFO - [2022-10-09T06:48:14.627+0000] {dagbag.py:525} INFO - Filling up the DagBag from /home/airflow/.local/lib/python3.7/site-packages/airflow/example_dags/tutorial.py
[2022-10-09T06:48:14.636+0000] {processor.py:768} INFO - DAG(s) dict_keys(['tutorial']) retrieved from /home/airflow/.local/lib/python3.7/site-packages/airflow/example_dags/tutorial.py
[2022-10-09T06:48:14.660+0000] {logging_mixin.py:117} INFO - [2022-10-09T06:48:14.660+0000] {dag.py:2573} INFO - Sync 1 DAGs
[2022-10-09T06:48:14.675+0000] {logging_mixin.py:117} INFO - [2022-10-09T06:48:14.675+0000] {dag.py:3328} INFO - Setting next_dagrun for tutorial to 2022-10-08T06:48:14.674975+00:00, run_after=2022-10-09T06:48:14.674975+00:00
[2022-10-09T06:48:14.686+0000] {processor.py:178} INFO - Processing /home/airflow/.local/lib/python3.7/site-packages/airflow/example_dags/tutorial.py took 0.064 seconds
[2022-10-09T06:59:09.274+0000] {processor.py:156} INFO - Started process (PID=1014) to work on /home/airflow/.local/lib/python3.7/site-packages/airflow/example_dags/tutorial.py
[2022-10-09T06:59:09.277+0000] {processor.py:758} INFO - Processing file /home/airflow/.local/lib/python3.7/site-packages/airflow/example_dags/tutorial.py for tasks to queue
[2022-10-09T06:59:09.278+0000] {logging_mixin.py:117} INFO - [2022-10-09T06:59:09.278+0000] {dagbag.py:525} INFO - Filling up the DagBag from /home/airflow/.local/lib/python3.7/site-packages/airflow/example_dags/tutorial.py
[2022-10-09T06:59:09.294+0000] {processor.py:768} INFO - DAG(s) dict_keys(['tutorial']) retrieved from /home/airflow/.local/lib/python3.7/site-packages/airflow/example_dags/tutorial.py
[2022-10-09T06:59:09.351+0000] {logging_mixin.py:117} INFO - [2022-10-09T06:59:09.351+0000] {dag.py:2573} INFO - Sync 1 DAGs
[2022-10-09T06:59:09.381+0000] {logging_mixin.py:117} INFO - [2022-10-09T06:59:09.381+0000] {dag.py:3328} INFO - Setting next_dagrun for tutorial to 2022-10-08T06:59:09.381315+00:00, run_after=2022-10-09T06:59:09.381315+00:00
[2022-10-09T06:59:09.401+0000] {processor.py:178} INFO - Processing /home/airflow/.local/lib/python3.7/site-packages/airflow/example_dags/tutorial.py took 0.129 seconds
[2022-10-09T06:59:40.366+0000] {processor.py:156} INFO - Started process (PID=1078) to work on /home/airflow/.local/lib/python3.7/site-packages/airflow/example_dags/tutorial.py
[2022-10-09T06:59:40.368+0000] {processor.py:758} INFO - Processing file /home/airflow/.local/lib/python3.7/site-packages/airflow/example_dags/tutorial.py for tasks to queue
[2022-10-09T06:59:40.368+0000] {logging_mixin.py:117} INFO - [2022-10-09T06:59:40.368+0000] {dagbag.py:525} INFO - Filling up the DagBag from /home/airflow/.local/lib/python3.7/site-packages/airflow/example_dags/tutorial.py
[2022-10-09T06:59:40.378+0000] {processor.py:768} INFO - DAG(s) dict_keys(['tutorial']) retrieved from /home/airflow/.local/lib/python3.7/site-packages/airflow/example_dags/tutorial.py
[2022-10-09T06:59:40.404+0000] {logging_mixin.py:117} INFO - [2022-10-09T06:59:40.403+0000] {dag.py:2573} INFO - Sync 1 DAGs
[2022-10-09T06:59:40.418+0000] {logging_mixin.py:117} INFO - [2022-10-09T06:59:40.418+0000] {dag.py:3328} INFO - Setting next_dagrun for tutorial to 2022-10-08T06:59:40.418614+00:00, run_after=2022-10-09T06:59:40.418614+00:00
[2022-10-09T06:59:40.430+0000] {processor.py:178} INFO - Processing /home/airflow/.local/lib/python3.7/site-packages/airflow/example_dags/tutorial.py took 0.065 seconds
[2022-10-09T07:00:10.654+0000] {processor.py:156} INFO - Started process (PID=1139) to work on /home/airflow/.local/lib/python3.7/site-packages/airflow/example_dags/tutorial.py
[2022-10-09T07:00:10.662+0000] {processor.py:758} INFO - Processing file /home/airflow/.local/lib/python3.7/site-packages/airflow/example_dags/tutorial.py for tasks to queue
[2022-10-09T07:00:10.679+0000] {logging_mixin.py:117} INFO - [2022-10-09T07:00:10.679+0000] {dagbag.py:525} INFO - Filling up the DagBag from /home/airflow/.local/lib/python3.7/site-packages/airflow/example_dags/tutorial.py
[2022-10-09T07:00:10.704+0000] {processor.py:768} INFO - DAG(s) dict_keys(['tutorial']) retrieved from /home/airflow/.local/lib/python3.7/site-packages/airflow/example_dags/tutorial.py
[2022-10-09T07:00:10.736+0000] {logging_mixin.py:117} INFO - [2022-10-09T07:00:10.736+0000] {dag.py:2573} INFO - Sync 1 DAGs
[2022-10-09T07:00:10.765+0000] {logging_mixin.py:117} INFO - [2022-10-09T07:00:10.765+0000] {dag.py:3328} INFO - Setting next_dagrun for tutorial to 2022-10-08T07:00:10.765326+00:00, run_after=2022-10-09T07:00:10.765326+00:00
[2022-10-09T07:00:10.779+0000] {processor.py:178} INFO - Processing /home/airflow/.local/lib/python3.7/site-packages/airflow/example_dags/tutorial.py took 0.128 seconds
[2022-10-09T07:00:41.297+0000] {processor.py:156} INFO - Started process (PID=1195) to work on /home/airflow/.local/lib/python3.7/site-packages/airflow/example_dags/tutorial.py
[2022-10-09T07:00:41.299+0000] {processor.py:758} INFO - Processing file /home/airflow/.local/lib/python3.7/site-packages/airflow/example_dags/tutorial.py for tasks to queue
[2022-10-09T07:00:41.300+0000] {logging_mixin.py:117} INFO - [2022-10-09T07:00:41.300+0000] {dagbag.py:525} INFO - Filling up the DagBag from /home/airflow/.local/lib/python3.7/site-packages/airflow/example_dags/tutorial.py
[2022-10-09T07:00:41.309+0000] {processor.py:768} INFO - DAG(s) dict_keys(['tutorial']) retrieved from /home/airflow/.local/lib/python3.7/site-packages/airflow/example_dags/tutorial.py
[2022-10-09T07:00:41.337+0000] {logging_mixin.py:117} INFO - [2022-10-09T07:00:41.337+0000] {dag.py:2573} INFO - Sync 1 DAGs
[2022-10-09T07:00:41.354+0000] {logging_mixin.py:117} INFO - [2022-10-09T07:00:41.354+0000] {dag.py:3328} INFO - Setting next_dagrun for tutorial to 2022-10-08T07:00:41.354379+00:00, run_after=2022-10-09T07:00:41.354379+00:00
[2022-10-09T07:00:41.366+0000] {processor.py:178} INFO - Processing /home/airflow/.local/lib/python3.7/site-packages/airflow/example_dags/tutorial.py took 0.071 seconds
[2022-10-09T07:01:11.676+0000] {processor.py:156} INFO - Started process (PID=1257) to work on /home/airflow/.local/lib/python3.7/site-packages/airflow/example_dags/tutorial.py
[2022-10-09T07:01:11.680+0000] {processor.py:758} INFO - Processing file /home/airflow/.local/lib/python3.7/site-packages/airflow/example_dags/tutorial.py for tasks to queue
[2022-10-09T07:01:11.683+0000] {logging_mixin.py:117} INFO - [2022-10-09T07:01:11.682+0000] {dagbag.py:525} INFO - Filling up the DagBag from /home/airflow/.local/lib/python3.7/site-packages/airflow/example_dags/tutorial.py
[2022-10-09T07:01:11.696+0000] {processor.py:768} INFO - DAG(s) dict_keys(['tutorial']) retrieved from /home/airflow/.local/lib/python3.7/site-packages/airflow/example_dags/tutorial.py
[2022-10-09T07:01:11.725+0000] {logging_mixin.py:117} INFO - [2022-10-09T07:01:11.725+0000] {dag.py:2573} INFO - Sync 1 DAGs
[2022-10-09T07:01:11.740+0000] {logging_mixin.py:117} INFO - [2022-10-09T07:01:11.740+0000] {dag.py:3328} INFO - Setting next_dagrun for tutorial to 2022-10-08T07:01:11.740266+00:00, run_after=2022-10-09T07:01:11.740266+00:00
[2022-10-09T07:01:11.756+0000] {processor.py:178} INFO - Processing /home/airflow/.local/lib/python3.7/site-packages/airflow/example_dags/tutorial.py took 0.083 seconds
[2022-10-09T07:01:41.821+0000] {processor.py:156} INFO - Started process (PID=1320) to work on /home/airflow/.local/lib/python3.7/site-packages/airflow/example_dags/tutorial.py
[2022-10-09T07:01:41.822+0000] {processor.py:758} INFO - Processing file /home/airflow/.local/lib/python3.7/site-packages/airflow/example_dags/tutorial.py for tasks to queue
[2022-10-09T07:01:41.823+0000] {logging_mixin.py:117} INFO - [2022-10-09T07:01:41.823+0000] {dagbag.py:525} INFO - Filling up the DagBag from /home/airflow/.local/lib/python3.7/site-packages/airflow/example_dags/tutorial.py
[2022-10-09T07:01:41.834+0000] {processor.py:768} INFO - DAG(s) dict_keys(['tutorial']) retrieved from /home/airflow/.local/lib/python3.7/site-packages/airflow/example_dags/tutorial.py
[2022-10-09T07:01:41.861+0000] {logging_mixin.py:117} INFO - [2022-10-09T07:01:41.861+0000] {dag.py:2573} INFO - Sync 1 DAGs
[2022-10-09T07:01:41.879+0000] {logging_mixin.py:117} INFO - [2022-10-09T07:01:41.879+0000] {dag.py:3328} INFO - Setting next_dagrun for tutorial to 2022-10-08T07:01:41.879721+00:00, run_after=2022-10-09T07:01:41.879721+00:00
[2022-10-09T07:01:41.892+0000] {processor.py:178} INFO - Processing /home/airflow/.local/lib/python3.7/site-packages/airflow/example_dags/tutorial.py took 0.074 seconds
[2022-10-09T07:02:12.109+0000] {processor.py:156} INFO - Started process (PID=1383) to work on /home/airflow/.local/lib/python3.7/site-packages/airflow/example_dags/tutorial.py
[2022-10-09T07:02:12.110+0000] {processor.py:758} INFO - Processing file /home/airflow/.local/lib/python3.7/site-packages/airflow/example_dags/tutorial.py for tasks to queue
[2022-10-09T07:02:12.111+0000] {logging_mixin.py:117} INFO - [2022-10-09T07:02:12.111+0000] {dagbag.py:525} INFO - Filling up the DagBag from /home/airflow/.local/lib/python3.7/site-packages/airflow/example_dags/tutorial.py
[2022-10-09T07:02:12.120+0000] {processor.py:768} INFO - DAG(s) dict_keys(['tutorial']) retrieved from /home/airflow/.local/lib/python3.7/site-packages/airflow/example_dags/tutorial.py
[2022-10-09T07:02:12.146+0000] {logging_mixin.py:117} INFO - [2022-10-09T07:02:12.146+0000] {dag.py:2573} INFO - Sync 1 DAGs
[2022-10-09T07:02:12.165+0000] {logging_mixin.py:117} INFO - [2022-10-09T07:02:12.165+0000] {dag.py:3328} INFO - Setting next_dagrun for tutorial to 2022-10-08T07:02:12.165533+00:00, run_after=2022-10-09T07:02:12.165533+00:00
[2022-10-09T07:02:12.181+0000] {processor.py:178} INFO - Processing /home/airflow/.local/lib/python3.7/site-packages/airflow/example_dags/tutorial.py took 0.074 seconds
[2022-10-09T07:02:42.352+0000] {processor.py:156} INFO - Started process (PID=1446) to work on /home/airflow/.local/lib/python3.7/site-packages/airflow/example_dags/tutorial.py
[2022-10-09T07:02:42.354+0000] {processor.py:758} INFO - Processing file /home/airflow/.local/lib/python3.7/site-packages/airflow/example_dags/tutorial.py for tasks to queue
[2022-10-09T07:02:42.356+0000] {logging_mixin.py:117} INFO - [2022-10-09T07:02:42.356+0000] {dagbag.py:525} INFO - Filling up the DagBag from /home/airflow/.local/lib/python3.7/site-packages/airflow/example_dags/tutorial.py
[2022-10-09T07:02:42.367+0000] {processor.py:768} INFO - DAG(s) dict_keys(['tutorial']) retrieved from /home/airflow/.local/lib/python3.7/site-packages/airflow/example_dags/tutorial.py
[2022-10-09T07:02:42.397+0000] {logging_mixin.py:117} INFO - [2022-10-09T07:02:42.397+0000] {dag.py:2573} INFO - Sync 1 DAGs
[2022-10-09T07:02:42.419+0000] {logging_mixin.py:117} INFO - [2022-10-09T07:02:42.419+0000] {dag.py:3328} INFO - Setting next_dagrun for tutorial to 2022-10-08T07:02:42.419032+00:00, run_after=2022-10-09T07:02:42.419032+00:00
[2022-10-09T07:02:42.441+0000] {processor.py:178} INFO - Processing /home/airflow/.local/lib/python3.7/site-packages/airflow/example_dags/tutorial.py took 0.092 seconds
[2022-10-09T07:03:13.233+0000] {processor.py:156} INFO - Started process (PID=1500) to work on /home/airflow/.local/lib/python3.7/site-packages/airflow/example_dags/tutorial.py
[2022-10-09T07:03:13.234+0000] {processor.py:758} INFO - Processing file /home/airflow/.local/lib/python3.7/site-packages/airflow/example_dags/tutorial.py for tasks to queue
[2022-10-09T07:03:13.235+0000] {logging_mixin.py:117} INFO - [2022-10-09T07:03:13.235+0000] {dagbag.py:525} INFO - Filling up the DagBag from /home/airflow/.local/lib/python3.7/site-packages/airflow/example_dags/tutorial.py
[2022-10-09T07:03:13.245+0000] {processor.py:768} INFO - DAG(s) dict_keys(['tutorial']) retrieved from /home/airflow/.local/lib/python3.7/site-packages/airflow/example_dags/tutorial.py
[2022-10-09T07:03:13.274+0000] {logging_mixin.py:117} INFO - [2022-10-09T07:03:13.274+0000] {dag.py:2573} INFO - Sync 1 DAGs
[2022-10-09T07:03:13.293+0000] {logging_mixin.py:117} INFO - [2022-10-09T07:03:13.293+0000] {dag.py:3328} INFO - Setting next_dagrun for tutorial to 2022-10-08T07:03:13.292923+00:00, run_after=2022-10-09T07:03:13.292923+00:00
[2022-10-09T07:03:13.314+0000] {processor.py:178} INFO - Processing /home/airflow/.local/lib/python3.7/site-packages/airflow/example_dags/tutorial.py took 0.083 seconds
[2022-10-09T07:03:43.409+0000] {processor.py:156} INFO - Started process (PID=1563) to work on /home/airflow/.local/lib/python3.7/site-packages/airflow/example_dags/tutorial.py
[2022-10-09T07:03:43.411+0000] {processor.py:758} INFO - Processing file /home/airflow/.local/lib/python3.7/site-packages/airflow/example_dags/tutorial.py for tasks to queue
[2022-10-09T07:03:43.412+0000] {logging_mixin.py:117} INFO - [2022-10-09T07:03:43.412+0000] {dagbag.py:525} INFO - Filling up the DagBag from /home/airflow/.local/lib/python3.7/site-packages/airflow/example_dags/tutorial.py
[2022-10-09T07:03:43.421+0000] {processor.py:768} INFO - DAG(s) dict_keys(['tutorial']) retrieved from /home/airflow/.local/lib/python3.7/site-packages/airflow/example_dags/tutorial.py
[2022-10-09T07:03:43.454+0000] {logging_mixin.py:117} INFO - [2022-10-09T07:03:43.454+0000] {dag.py:2573} INFO - Sync 1 DAGs
[2022-10-09T07:03:43.472+0000] {logging_mixin.py:117} INFO - [2022-10-09T07:03:43.472+0000] {dag.py:3328} INFO - Setting next_dagrun for tutorial to 2022-10-08T07:03:43.471901+00:00, run_after=2022-10-09T07:03:43.471901+00:00
[2022-10-09T07:03:43.489+0000] {processor.py:178} INFO - Processing /home/airflow/.local/lib/python3.7/site-packages/airflow/example_dags/tutorial.py took 0.081 seconds
[2022-10-09T07:04:13.555+0000] {processor.py:156} INFO - Started process (PID=1624) to work on /home/airflow/.local/lib/python3.7/site-packages/airflow/example_dags/tutorial.py
[2022-10-09T07:04:13.557+0000] {processor.py:758} INFO - Processing file /home/airflow/.local/lib/python3.7/site-packages/airflow/example_dags/tutorial.py for tasks to queue
[2022-10-09T07:04:13.559+0000] {logging_mixin.py:117} INFO - [2022-10-09T07:04:13.559+0000] {dagbag.py:525} INFO - Filling up the DagBag from /home/airflow/.local/lib/python3.7/site-packages/airflow/example_dags/tutorial.py
[2022-10-09T07:04:13.571+0000] {processor.py:768} INFO - DAG(s) dict_keys(['tutorial']) retrieved from /home/airflow/.local/lib/python3.7/site-packages/airflow/example_dags/tutorial.py
[2022-10-09T07:04:13.610+0000] {logging_mixin.py:117} INFO - [2022-10-09T07:04:13.610+0000] {dag.py:2573} INFO - Sync 1 DAGs
[2022-10-09T07:04:13.627+0000] {logging_mixin.py:117} INFO - [2022-10-09T07:04:13.626+0000] {dag.py:3328} INFO - Setting next_dagrun for tutorial to 2022-10-08T07:04:13.626858+00:00, run_after=2022-10-09T07:04:13.626858+00:00
[2022-10-09T07:04:13.641+0000] {processor.py:178} INFO - Processing /home/airflow/.local/lib/python3.7/site-packages/airflow/example_dags/tutorial.py took 0.089 seconds
[2022-10-09T07:04:44.333+0000] {processor.py:156} INFO - Started process (PID=1688) to work on /home/airflow/.local/lib/python3.7/site-packages/airflow/example_dags/tutorial.py
[2022-10-09T07:04:44.334+0000] {processor.py:758} INFO - Processing file /home/airflow/.local/lib/python3.7/site-packages/airflow/example_dags/tutorial.py for tasks to queue
[2022-10-09T07:04:44.336+0000] {logging_mixin.py:117} INFO - [2022-10-09T07:04:44.336+0000] {dagbag.py:525} INFO - Filling up the DagBag from /home/airflow/.local/lib/python3.7/site-packages/airflow/example_dags/tutorial.py
[2022-10-09T07:04:44.345+0000] {processor.py:768} INFO - DAG(s) dict_keys(['tutorial']) retrieved from /home/airflow/.local/lib/python3.7/site-packages/airflow/example_dags/tutorial.py
[2022-10-09T07:04:44.372+0000] {logging_mixin.py:117} INFO - [2022-10-09T07:04:44.372+0000] {dag.py:2573} INFO - Sync 1 DAGs
[2022-10-09T07:04:44.389+0000] {logging_mixin.py:117} INFO - [2022-10-09T07:04:44.388+0000] {dag.py:3328} INFO - Setting next_dagrun for tutorial to 2022-10-08T07:04:44.388852+00:00, run_after=2022-10-09T07:04:44.388852+00:00
[2022-10-09T07:04:44.402+0000] {processor.py:178} INFO - Processing /home/airflow/.local/lib/python3.7/site-packages/airflow/example_dags/tutorial.py took 0.072 seconds
[2022-10-09T07:05:15.022+0000] {processor.py:156} INFO - Started process (PID=1751) to work on /home/airflow/.local/lib/python3.7/site-packages/airflow/example_dags/tutorial.py
[2022-10-09T07:05:15.024+0000] {processor.py:758} INFO - Processing file /home/airflow/.local/lib/python3.7/site-packages/airflow/example_dags/tutorial.py for tasks to queue
[2022-10-09T07:05:15.024+0000] {logging_mixin.py:117} INFO - [2022-10-09T07:05:15.024+0000] {dagbag.py:525} INFO - Filling up the DagBag from /home/airflow/.local/lib/python3.7/site-packages/airflow/example_dags/tutorial.py
[2022-10-09T07:05:15.036+0000] {processor.py:768} INFO - DAG(s) dict_keys(['tutorial']) retrieved from /home/airflow/.local/lib/python3.7/site-packages/airflow/example_dags/tutorial.py
[2022-10-09T07:05:15.064+0000] {logging_mixin.py:117} INFO - [2022-10-09T07:05:15.064+0000] {dag.py:2573} INFO - Sync 1 DAGs
[2022-10-09T07:05:15.080+0000] {logging_mixin.py:117} INFO - [2022-10-09T07:05:15.080+0000] {dag.py:3328} INFO - Setting next_dagrun for tutorial to 2022-10-08T07:05:15.080750+00:00, run_after=2022-10-09T07:05:15.080750+00:00
[2022-10-09T07:05:15.094+0000] {processor.py:178} INFO - Processing /home/airflow/.local/lib/python3.7/site-packages/airflow/example_dags/tutorial.py took 0.074 seconds
[2022-10-09T07:05:45.431+0000] {processor.py:156} INFO - Started process (PID=1805) to work on /home/airflow/.local/lib/python3.7/site-packages/airflow/example_dags/tutorial.py
[2022-10-09T07:05:45.433+0000] {processor.py:758} INFO - Processing file /home/airflow/.local/lib/python3.7/site-packages/airflow/example_dags/tutorial.py for tasks to queue
[2022-10-09T07:05:45.438+0000] {logging_mixin.py:117} INFO - [2022-10-09T07:05:45.438+0000] {dagbag.py:525} INFO - Filling up the DagBag from /home/airflow/.local/lib/python3.7/site-packages/airflow/example_dags/tutorial.py
[2022-10-09T07:05:45.448+0000] {processor.py:768} INFO - DAG(s) dict_keys(['tutorial']) retrieved from /home/airflow/.local/lib/python3.7/site-packages/airflow/example_dags/tutorial.py
[2022-10-09T07:05:45.479+0000] {logging_mixin.py:117} INFO - [2022-10-09T07:05:45.479+0000] {dag.py:2573} INFO - Sync 1 DAGs
[2022-10-09T07:05:45.494+0000] {logging_mixin.py:117} INFO - [2022-10-09T07:05:45.494+0000] {dag.py:3328} INFO - Setting next_dagrun for tutorial to 2022-10-08T07:05:45.494398+00:00, run_after=2022-10-09T07:05:45.494398+00:00
[2022-10-09T07:05:45.507+0000] {processor.py:178} INFO - Processing /home/airflow/.local/lib/python3.7/site-packages/airflow/example_dags/tutorial.py took 0.079 seconds
[2022-10-09T07:06:16.207+0000] {processor.py:156} INFO - Started process (PID=1868) to work on /home/airflow/.local/lib/python3.7/site-packages/airflow/example_dags/tutorial.py
[2022-10-09T07:06:16.209+0000] {processor.py:758} INFO - Processing file /home/airflow/.local/lib/python3.7/site-packages/airflow/example_dags/tutorial.py for tasks to queue
[2022-10-09T07:06:16.210+0000] {logging_mixin.py:117} INFO - [2022-10-09T07:06:16.210+0000] {dagbag.py:525} INFO - Filling up the DagBag from /home/airflow/.local/lib/python3.7/site-packages/airflow/example_dags/tutorial.py
[2022-10-09T07:06:16.219+0000] {processor.py:768} INFO - DAG(s) dict_keys(['tutorial']) retrieved from /home/airflow/.local/lib/python3.7/site-packages/airflow/example_dags/tutorial.py
[2022-10-09T07:06:16.248+0000] {logging_mixin.py:117} INFO - [2022-10-09T07:06:16.248+0000] {dag.py:2573} INFO - Sync 1 DAGs
[2022-10-09T07:06:16.263+0000] {logging_mixin.py:117} INFO - [2022-10-09T07:06:16.263+0000] {dag.py:3328} INFO - Setting next_dagrun for tutorial to 2022-10-08T07:06:16.263589+00:00, run_after=2022-10-09T07:06:16.263589+00:00
[2022-10-09T07:06:16.275+0000] {processor.py:178} INFO - Processing /home/airflow/.local/lib/python3.7/site-packages/airflow/example_dags/tutorial.py took 0.070 seconds
[2022-10-09T07:06:46.312+0000] {processor.py:156} INFO - Started process (PID=1929) to work on /home/airflow/.local/lib/python3.7/site-packages/airflow/example_dags/tutorial.py
[2022-10-09T07:06:46.315+0000] {processor.py:758} INFO - Processing file /home/airflow/.local/lib/python3.7/site-packages/airflow/example_dags/tutorial.py for tasks to queue
[2022-10-09T07:06:46.316+0000] {logging_mixin.py:117} INFO - [2022-10-09T07:06:46.316+0000] {dagbag.py:525} INFO - Filling up the DagBag from /home/airflow/.local/lib/python3.7/site-packages/airflow/example_dags/tutorial.py
[2022-10-09T07:06:46.326+0000] {processor.py:768} INFO - DAG(s) dict_keys(['tutorial']) retrieved from /home/airflow/.local/lib/python3.7/site-packages/airflow/example_dags/tutorial.py
[2022-10-09T07:06:46.354+0000] {logging_mixin.py:117} INFO - [2022-10-09T07:06:46.354+0000] {dag.py:2573} INFO - Sync 1 DAGs
[2022-10-09T07:06:46.372+0000] {logging_mixin.py:117} INFO - [2022-10-09T07:06:46.372+0000] {dag.py:3328} INFO - Setting next_dagrun for tutorial to 2022-10-08T07:06:46.372396+00:00, run_after=2022-10-09T07:06:46.372396+00:00
[2022-10-09T07:06:46.385+0000] {processor.py:178} INFO - Processing /home/airflow/.local/lib/python3.7/site-packages/airflow/example_dags/tutorial.py took 0.076 seconds
[2022-10-09T07:07:16.513+0000] {processor.py:156} INFO - Started process (PID=1994) to work on /home/airflow/.local/lib/python3.7/site-packages/airflow/example_dags/tutorial.py
[2022-10-09T07:07:16.515+0000] {processor.py:758} INFO - Processing file /home/airflow/.local/lib/python3.7/site-packages/airflow/example_dags/tutorial.py for tasks to queue
[2022-10-09T07:07:16.516+0000] {logging_mixin.py:117} INFO - [2022-10-09T07:07:16.516+0000] {dagbag.py:525} INFO - Filling up the DagBag from /home/airflow/.local/lib/python3.7/site-packages/airflow/example_dags/tutorial.py
[2022-10-09T07:07:16.526+0000] {processor.py:768} INFO - DAG(s) dict_keys(['tutorial']) retrieved from /home/airflow/.local/lib/python3.7/site-packages/airflow/example_dags/tutorial.py
[2022-10-09T07:07:16.552+0000] {logging_mixin.py:117} INFO - [2022-10-09T07:07:16.552+0000] {dag.py:2573} INFO - Sync 1 DAGs
[2022-10-09T07:07:16.566+0000] {logging_mixin.py:117} INFO - [2022-10-09T07:07:16.566+0000] {dag.py:3328} INFO - Setting next_dagrun for tutorial to 2022-10-08T07:07:16.566292+00:00, run_after=2022-10-09T07:07:16.566292+00:00
[2022-10-09T07:07:16.579+0000] {processor.py:178} INFO - Processing /home/airflow/.local/lib/python3.7/site-packages/airflow/example_dags/tutorial.py took 0.069 seconds
[2022-10-09T07:07:47.267+0000] {processor.py:156} INFO - Started process (PID=2059) to work on /home/airflow/.local/lib/python3.7/site-packages/airflow/example_dags/tutorial.py
[2022-10-09T07:07:47.268+0000] {processor.py:758} INFO - Processing file /home/airflow/.local/lib/python3.7/site-packages/airflow/example_dags/tutorial.py for tasks to queue
[2022-10-09T07:07:47.269+0000] {logging_mixin.py:117} INFO - [2022-10-09T07:07:47.269+0000] {dagbag.py:525} INFO - Filling up the DagBag from /home/airflow/.local/lib/python3.7/site-packages/airflow/example_dags/tutorial.py
[2022-10-09T07:07:47.282+0000] {processor.py:768} INFO - DAG(s) dict_keys(['tutorial']) retrieved from /home/airflow/.local/lib/python3.7/site-packages/airflow/example_dags/tutorial.py
[2022-10-09T07:07:47.307+0000] {logging_mixin.py:117} INFO - [2022-10-09T07:07:47.307+0000] {dag.py:2573} INFO - Sync 1 DAGs
[2022-10-09T07:07:47.324+0000] {logging_mixin.py:117} INFO - [2022-10-09T07:07:47.323+0000] {dag.py:3328} INFO - Setting next_dagrun for tutorial to 2022-10-08T07:07:47.323744+00:00, run_after=2022-10-09T07:07:47.323744+00:00
[2022-10-09T07:07:47.337+0000] {processor.py:178} INFO - Processing /home/airflow/.local/lib/python3.7/site-packages/airflow/example_dags/tutorial.py took 0.073 seconds
[2022-10-09T07:08:17.583+0000] {processor.py:156} INFO - Started process (PID=2114) to work on /home/airflow/.local/lib/python3.7/site-packages/airflow/example_dags/tutorial.py
[2022-10-09T07:08:17.585+0000] {processor.py:758} INFO - Processing file /home/airflow/.local/lib/python3.7/site-packages/airflow/example_dags/tutorial.py for tasks to queue
[2022-10-09T07:08:17.586+0000] {logging_mixin.py:117} INFO - [2022-10-09T07:08:17.586+0000] {dagbag.py:525} INFO - Filling up the DagBag from /home/airflow/.local/lib/python3.7/site-packages/airflow/example_dags/tutorial.py
[2022-10-09T07:08:17.594+0000] {processor.py:768} INFO - DAG(s) dict_keys(['tutorial']) retrieved from /home/airflow/.local/lib/python3.7/site-packages/airflow/example_dags/tutorial.py
[2022-10-09T07:08:17.619+0000] {logging_mixin.py:117} INFO - [2022-10-09T07:08:17.619+0000] {dag.py:2573} INFO - Sync 1 DAGs
[2022-10-09T07:08:17.633+0000] {logging_mixin.py:117} INFO - [2022-10-09T07:08:17.633+0000] {dag.py:3328} INFO - Setting next_dagrun for tutorial to 2022-10-08T07:08:17.633652+00:00, run_after=2022-10-09T07:08:17.633652+00:00
[2022-10-09T07:08:17.646+0000] {processor.py:178} INFO - Processing /home/airflow/.local/lib/python3.7/site-packages/airflow/example_dags/tutorial.py took 0.066 seconds
[2022-10-09T07:08:48.031+0000] {processor.py:156} INFO - Started process (PID=2177) to work on /home/airflow/.local/lib/python3.7/site-packages/airflow/example_dags/tutorial.py
[2022-10-09T07:08:48.032+0000] {processor.py:758} INFO - Processing file /home/airflow/.local/lib/python3.7/site-packages/airflow/example_dags/tutorial.py for tasks to queue
[2022-10-09T07:08:48.034+0000] {logging_mixin.py:117} INFO - [2022-10-09T07:08:48.034+0000] {dagbag.py:525} INFO - Filling up the DagBag from /home/airflow/.local/lib/python3.7/site-packages/airflow/example_dags/tutorial.py
[2022-10-09T07:08:48.042+0000] {processor.py:768} INFO - DAG(s) dict_keys(['tutorial']) retrieved from /home/airflow/.local/lib/python3.7/site-packages/airflow/example_dags/tutorial.py
[2022-10-09T07:08:48.068+0000] {logging_mixin.py:117} INFO - [2022-10-09T07:08:48.068+0000] {dag.py:2573} INFO - Sync 1 DAGs
[2022-10-09T07:08:48.082+0000] {logging_mixin.py:117} INFO - [2022-10-09T07:08:48.082+0000] {dag.py:3328} INFO - Setting next_dagrun for tutorial to 2022-10-08T07:08:48.082561+00:00, run_after=2022-10-09T07:08:48.082561+00:00
[2022-10-09T07:08:48.094+0000] {processor.py:178} INFO - Processing /home/airflow/.local/lib/python3.7/site-packages/airflow/example_dags/tutorial.py took 0.066 seconds
[2022-10-09T07:09:18.129+0000] {processor.py:156} INFO - Started process (PID=2240) to work on /home/airflow/.local/lib/python3.7/site-packages/airflow/example_dags/tutorial.py
[2022-10-09T07:09:18.131+0000] {processor.py:758} INFO - Processing file /home/airflow/.local/lib/python3.7/site-packages/airflow/example_dags/tutorial.py for tasks to queue
[2022-10-09T07:09:18.133+0000] {logging_mixin.py:117} INFO - [2022-10-09T07:09:18.133+0000] {dagbag.py:525} INFO - Filling up the DagBag from /home/airflow/.local/lib/python3.7/site-packages/airflow/example_dags/tutorial.py
[2022-10-09T07:09:18.144+0000] {processor.py:768} INFO - DAG(s) dict_keys(['tutorial']) retrieved from /home/airflow/.local/lib/python3.7/site-packages/airflow/example_dags/tutorial.py
[2022-10-09T07:09:18.173+0000] {logging_mixin.py:117} INFO - [2022-10-09T07:09:18.173+0000] {dag.py:2573} INFO - Sync 1 DAGs
[2022-10-09T07:09:18.187+0000] {logging_mixin.py:117} INFO - [2022-10-09T07:09:18.187+0000] {dag.py:3328} INFO - Setting next_dagrun for tutorial to 2022-10-08T07:09:18.187418+00:00, run_after=2022-10-09T07:09:18.187418+00:00
[2022-10-09T07:09:18.200+0000] {processor.py:178} INFO - Processing /home/airflow/.local/lib/python3.7/site-packages/airflow/example_dags/tutorial.py took 0.075 seconds
[2022-10-09T07:09:48.545+0000] {processor.py:156} INFO - Started process (PID=2303) to work on /home/airflow/.local/lib/python3.7/site-packages/airflow/example_dags/tutorial.py
[2022-10-09T07:09:48.546+0000] {processor.py:758} INFO - Processing file /home/airflow/.local/lib/python3.7/site-packages/airflow/example_dags/tutorial.py for tasks to queue
[2022-10-09T07:09:48.547+0000] {logging_mixin.py:117} INFO - [2022-10-09T07:09:48.547+0000] {dagbag.py:525} INFO - Filling up the DagBag from /home/airflow/.local/lib/python3.7/site-packages/airflow/example_dags/tutorial.py
[2022-10-09T07:09:48.559+0000] {processor.py:768} INFO - DAG(s) dict_keys(['tutorial']) retrieved from /home/airflow/.local/lib/python3.7/site-packages/airflow/example_dags/tutorial.py
[2022-10-09T07:09:48.645+0000] {logging_mixin.py:117} INFO - [2022-10-09T07:09:48.645+0000] {dag.py:2573} INFO - Sync 1 DAGs
[2022-10-09T07:09:48.667+0000] {logging_mixin.py:117} INFO - [2022-10-09T07:09:48.667+0000] {dag.py:3328} INFO - Setting next_dagrun for tutorial to 2022-10-08T07:09:48.666903+00:00, run_after=2022-10-09T07:09:48.666903+00:00
[2022-10-09T07:09:48.682+0000] {processor.py:178} INFO - Processing /home/airflow/.local/lib/python3.7/site-packages/airflow/example_dags/tutorial.py took 0.140 seconds
[2022-10-09T07:10:19.137+0000] {processor.py:156} INFO - Started process (PID=2365) to work on /home/airflow/.local/lib/python3.7/site-packages/airflow/example_dags/tutorial.py
[2022-10-09T07:10:19.138+0000] {processor.py:758} INFO - Processing file /home/airflow/.local/lib/python3.7/site-packages/airflow/example_dags/tutorial.py for tasks to queue
[2022-10-09T07:10:19.139+0000] {logging_mixin.py:117} INFO - [2022-10-09T07:10:19.139+0000] {dagbag.py:525} INFO - Filling up the DagBag from /home/airflow/.local/lib/python3.7/site-packages/airflow/example_dags/tutorial.py
[2022-10-09T07:10:19.152+0000] {processor.py:768} INFO - DAG(s) dict_keys(['tutorial']) retrieved from /home/airflow/.local/lib/python3.7/site-packages/airflow/example_dags/tutorial.py
[2022-10-09T07:10:19.179+0000] {logging_mixin.py:117} INFO - [2022-10-09T07:10:19.179+0000] {dag.py:2573} INFO - Sync 1 DAGs
[2022-10-09T07:10:19.196+0000] {logging_mixin.py:117} INFO - [2022-10-09T07:10:19.195+0000] {dag.py:3328} INFO - Setting next_dagrun for tutorial to 2022-10-08T07:10:19.195812+00:00, run_after=2022-10-09T07:10:19.195812+00:00
[2022-10-09T07:10:19.209+0000] {processor.py:178} INFO - Processing /home/airflow/.local/lib/python3.7/site-packages/airflow/example_dags/tutorial.py took 0.075 seconds
[2022-10-09T07:10:49.695+0000] {processor.py:156} INFO - Started process (PID=2426) to work on /home/airflow/.local/lib/python3.7/site-packages/airflow/example_dags/tutorial.py
[2022-10-09T07:10:49.697+0000] {processor.py:758} INFO - Processing file /home/airflow/.local/lib/python3.7/site-packages/airflow/example_dags/tutorial.py for tasks to queue
[2022-10-09T07:10:49.698+0000] {logging_mixin.py:117} INFO - [2022-10-09T07:10:49.698+0000] {dagbag.py:525} INFO - Filling up the DagBag from /home/airflow/.local/lib/python3.7/site-packages/airflow/example_dags/tutorial.py
[2022-10-09T07:10:49.709+0000] {processor.py:768} INFO - DAG(s) dict_keys(['tutorial']) retrieved from /home/airflow/.local/lib/python3.7/site-packages/airflow/example_dags/tutorial.py
[2022-10-09T07:10:49.744+0000] {logging_mixin.py:117} INFO - [2022-10-09T07:10:49.743+0000] {dag.py:2573} INFO - Sync 1 DAGs
[2022-10-09T07:10:49.768+0000] {logging_mixin.py:117} INFO - [2022-10-09T07:10:49.768+0000] {dag.py:3328} INFO - Setting next_dagrun for tutorial to 2022-10-08T07:10:49.768081+00:00, run_after=2022-10-09T07:10:49.768081+00:00
[2022-10-09T07:10:49.788+0000] {processor.py:178} INFO - Processing /home/airflow/.local/lib/python3.7/site-packages/airflow/example_dags/tutorial.py took 0.096 seconds
[2022-10-09T07:11:20.191+0000] {processor.py:156} INFO - Started process (PID=2482) to work on /home/airflow/.local/lib/python3.7/site-packages/airflow/example_dags/tutorial.py
[2022-10-09T07:11:20.193+0000] {processor.py:758} INFO - Processing file /home/airflow/.local/lib/python3.7/site-packages/airflow/example_dags/tutorial.py for tasks to queue
[2022-10-09T07:11:20.194+0000] {logging_mixin.py:117} INFO - [2022-10-09T07:11:20.194+0000] {dagbag.py:525} INFO - Filling up the DagBag from /home/airflow/.local/lib/python3.7/site-packages/airflow/example_dags/tutorial.py
[2022-10-09T07:11:20.204+0000] {processor.py:768} INFO - DAG(s) dict_keys(['tutorial']) retrieved from /home/airflow/.local/lib/python3.7/site-packages/airflow/example_dags/tutorial.py
[2022-10-09T07:11:20.234+0000] {logging_mixin.py:117} INFO - [2022-10-09T07:11:20.234+0000] {dag.py:2573} INFO - Sync 1 DAGs
[2022-10-09T07:11:20.251+0000] {logging_mixin.py:117} INFO - [2022-10-09T07:11:20.251+0000] {dag.py:3328} INFO - Setting next_dagrun for tutorial to 2022-10-08T07:11:20.251462+00:00, run_after=2022-10-09T07:11:20.251462+00:00
[2022-10-09T07:11:20.268+0000] {processor.py:178} INFO - Processing /home/airflow/.local/lib/python3.7/site-packages/airflow/example_dags/tutorial.py took 0.079 seconds
[2022-10-09T07:11:50.752+0000] {processor.py:156} INFO - Started process (PID=2545) to work on /home/airflow/.local/lib/python3.7/site-packages/airflow/example_dags/tutorial.py
[2022-10-09T07:11:50.753+0000] {processor.py:758} INFO - Processing file /home/airflow/.local/lib/python3.7/site-packages/airflow/example_dags/tutorial.py for tasks to queue
[2022-10-09T07:11:50.754+0000] {logging_mixin.py:117} INFO - [2022-10-09T07:11:50.754+0000] {dagbag.py:525} INFO - Filling up the DagBag from /home/airflow/.local/lib/python3.7/site-packages/airflow/example_dags/tutorial.py
[2022-10-09T07:11:50.764+0000] {processor.py:768} INFO - DAG(s) dict_keys(['tutorial']) retrieved from /home/airflow/.local/lib/python3.7/site-packages/airflow/example_dags/tutorial.py
[2022-10-09T07:11:50.790+0000] {logging_mixin.py:117} INFO - [2022-10-09T07:11:50.789+0000] {dag.py:2573} INFO - Sync 1 DAGs
[2022-10-09T07:11:50.805+0000] {logging_mixin.py:117} INFO - [2022-10-09T07:11:50.805+0000] {dag.py:3328} INFO - Setting next_dagrun for tutorial to 2022-10-08T07:11:50.805129+00:00, run_after=2022-10-09T07:11:50.805129+00:00
[2022-10-09T07:11:50.818+0000] {processor.py:178} INFO - Processing /home/airflow/.local/lib/python3.7/site-packages/airflow/example_dags/tutorial.py took 0.069 seconds
[2022-10-09T07:12:20.901+0000] {processor.py:156} INFO - Started process (PID=2608) to work on /home/airflow/.local/lib/python3.7/site-packages/airflow/example_dags/tutorial.py
[2022-10-09T07:12:20.902+0000] {processor.py:758} INFO - Processing file /home/airflow/.local/lib/python3.7/site-packages/airflow/example_dags/tutorial.py for tasks to queue
[2022-10-09T07:12:20.903+0000] {logging_mixin.py:117} INFO - [2022-10-09T07:12:20.903+0000] {dagbag.py:525} INFO - Filling up the DagBag from /home/airflow/.local/lib/python3.7/site-packages/airflow/example_dags/tutorial.py
[2022-10-09T07:12:20.912+0000] {processor.py:768} INFO - DAG(s) dict_keys(['tutorial']) retrieved from /home/airflow/.local/lib/python3.7/site-packages/airflow/example_dags/tutorial.py
[2022-10-09T07:12:20.938+0000] {logging_mixin.py:117} INFO - [2022-10-09T07:12:20.937+0000] {dag.py:2573} INFO - Sync 1 DAGs
[2022-10-09T07:12:20.952+0000] {logging_mixin.py:117} INFO - [2022-10-09T07:12:20.951+0000] {dag.py:3328} INFO - Setting next_dagrun for tutorial to 2022-10-08T07:12:20.951857+00:00, run_after=2022-10-09T07:12:20.951857+00:00
[2022-10-09T07:12:20.963+0000] {processor.py:178} INFO - Processing /home/airflow/.local/lib/python3.7/site-packages/airflow/example_dags/tutorial.py took 0.064 seconds
[2022-10-09T07:12:51.252+0000] {processor.py:156} INFO - Started process (PID=2671) to work on /home/airflow/.local/lib/python3.7/site-packages/airflow/example_dags/tutorial.py
[2022-10-09T07:12:51.254+0000] {processor.py:758} INFO - Processing file /home/airflow/.local/lib/python3.7/site-packages/airflow/example_dags/tutorial.py for tasks to queue
[2022-10-09T07:12:51.255+0000] {logging_mixin.py:117} INFO - [2022-10-09T07:12:51.255+0000] {dagbag.py:525} INFO - Filling up the DagBag from /home/airflow/.local/lib/python3.7/site-packages/airflow/example_dags/tutorial.py
[2022-10-09T07:12:51.266+0000] {processor.py:768} INFO - DAG(s) dict_keys(['tutorial']) retrieved from /home/airflow/.local/lib/python3.7/site-packages/airflow/example_dags/tutorial.py
[2022-10-09T07:12:51.294+0000] {logging_mixin.py:117} INFO - [2022-10-09T07:12:51.294+0000] {dag.py:2573} INFO - Sync 1 DAGs
[2022-10-09T07:12:51.312+0000] {logging_mixin.py:117} INFO - [2022-10-09T07:12:51.312+0000] {dag.py:3328} INFO - Setting next_dagrun for tutorial to 2022-10-08T07:12:51.312398+00:00, run_after=2022-10-09T07:12:51.312398+00:00
[2022-10-09T07:12:51.331+0000] {processor.py:178} INFO - Processing /home/airflow/.local/lib/python3.7/site-packages/airflow/example_dags/tutorial.py took 0.081 seconds
[2022-10-09T07:13:21.746+0000] {processor.py:156} INFO - Started process (PID=2735) to work on /home/airflow/.local/lib/python3.7/site-packages/airflow/example_dags/tutorial.py
[2022-10-09T07:13:21.748+0000] {processor.py:758} INFO - Processing file /home/airflow/.local/lib/python3.7/site-packages/airflow/example_dags/tutorial.py for tasks to queue
[2022-10-09T07:13:21.749+0000] {logging_mixin.py:117} INFO - [2022-10-09T07:13:21.749+0000] {dagbag.py:525} INFO - Filling up the DagBag from /home/airflow/.local/lib/python3.7/site-packages/airflow/example_dags/tutorial.py
[2022-10-09T07:13:21.762+0000] {processor.py:768} INFO - DAG(s) dict_keys(['tutorial']) retrieved from /home/airflow/.local/lib/python3.7/site-packages/airflow/example_dags/tutorial.py
[2022-10-09T07:13:21.797+0000] {logging_mixin.py:117} INFO - [2022-10-09T07:13:21.797+0000] {dag.py:2573} INFO - Sync 1 DAGs
[2022-10-09T07:13:21.817+0000] {logging_mixin.py:117} INFO - [2022-10-09T07:13:21.817+0000] {dag.py:3328} INFO - Setting next_dagrun for tutorial to 2022-10-08T07:13:21.816954+00:00, run_after=2022-10-09T07:13:21.816954+00:00
[2022-10-09T07:13:21.840+0000] {processor.py:178} INFO - Processing /home/airflow/.local/lib/python3.7/site-packages/airflow/example_dags/tutorial.py took 0.097 seconds
[2022-10-09T07:13:52.071+0000] {processor.py:156} INFO - Started process (PID=2788) to work on /home/airflow/.local/lib/python3.7/site-packages/airflow/example_dags/tutorial.py
[2022-10-09T07:13:52.072+0000] {processor.py:758} INFO - Processing file /home/airflow/.local/lib/python3.7/site-packages/airflow/example_dags/tutorial.py for tasks to queue
[2022-10-09T07:13:52.074+0000] {logging_mixin.py:117} INFO - [2022-10-09T07:13:52.073+0000] {dagbag.py:525} INFO - Filling up the DagBag from /home/airflow/.local/lib/python3.7/site-packages/airflow/example_dags/tutorial.py
[2022-10-09T07:13:52.083+0000] {processor.py:768} INFO - DAG(s) dict_keys(['tutorial']) retrieved from /home/airflow/.local/lib/python3.7/site-packages/airflow/example_dags/tutorial.py
[2022-10-09T07:13:52.111+0000] {logging_mixin.py:117} INFO - [2022-10-09T07:13:52.111+0000] {dag.py:2573} INFO - Sync 1 DAGs
[2022-10-09T07:13:52.128+0000] {logging_mixin.py:117} INFO - [2022-10-09T07:13:52.128+0000] {dag.py:3328} INFO - Setting next_dagrun for tutorial to 2022-10-08T07:13:52.128400+00:00, run_after=2022-10-09T07:13:52.128400+00:00
[2022-10-09T07:13:52.141+0000] {processor.py:178} INFO - Processing /home/airflow/.local/lib/python3.7/site-packages/airflow/example_dags/tutorial.py took 0.072 seconds
[2022-10-09T07:14:22.667+0000] {processor.py:156} INFO - Started process (PID=2850) to work on /home/airflow/.local/lib/python3.7/site-packages/airflow/example_dags/tutorial.py
[2022-10-09T07:14:22.669+0000] {processor.py:758} INFO - Processing file /home/airflow/.local/lib/python3.7/site-packages/airflow/example_dags/tutorial.py for tasks to queue
[2022-10-09T07:14:22.670+0000] {logging_mixin.py:117} INFO - [2022-10-09T07:14:22.670+0000] {dagbag.py:525} INFO - Filling up the DagBag from /home/airflow/.local/lib/python3.7/site-packages/airflow/example_dags/tutorial.py
[2022-10-09T07:14:22.682+0000] {processor.py:768} INFO - DAG(s) dict_keys(['tutorial']) retrieved from /home/airflow/.local/lib/python3.7/site-packages/airflow/example_dags/tutorial.py
[2022-10-09T07:14:22.714+0000] {logging_mixin.py:117} INFO - [2022-10-09T07:14:22.713+0000] {dag.py:2573} INFO - Sync 1 DAGs
[2022-10-09T07:14:22.728+0000] {logging_mixin.py:117} INFO - [2022-10-09T07:14:22.728+0000] {dag.py:3328} INFO - Setting next_dagrun for tutorial to 2022-10-08T07:14:22.728481+00:00, run_after=2022-10-09T07:14:22.728481+00:00
[2022-10-09T07:14:22.741+0000] {processor.py:178} INFO - Processing /home/airflow/.local/lib/python3.7/site-packages/airflow/example_dags/tutorial.py took 0.076 seconds
[2022-10-09T07:14:52.978+0000] {processor.py:156} INFO - Started process (PID=2914) to work on /home/airflow/.local/lib/python3.7/site-packages/airflow/example_dags/tutorial.py
[2022-10-09T07:14:52.980+0000] {processor.py:758} INFO - Processing file /home/airflow/.local/lib/python3.7/site-packages/airflow/example_dags/tutorial.py for tasks to queue
[2022-10-09T07:14:52.981+0000] {logging_mixin.py:117} INFO - [2022-10-09T07:14:52.981+0000] {dagbag.py:525} INFO - Filling up the DagBag from /home/airflow/.local/lib/python3.7/site-packages/airflow/example_dags/tutorial.py
[2022-10-09T07:14:52.993+0000] {processor.py:768} INFO - DAG(s) dict_keys(['tutorial']) retrieved from /home/airflow/.local/lib/python3.7/site-packages/airflow/example_dags/tutorial.py
[2022-10-09T07:14:53.022+0000] {logging_mixin.py:117} INFO - [2022-10-09T07:14:53.022+0000] {dag.py:2573} INFO - Sync 1 DAGs
[2022-10-09T07:14:53.043+0000] {logging_mixin.py:117} INFO - [2022-10-09T07:14:53.043+0000] {dag.py:3328} INFO - Setting next_dagrun for tutorial to 2022-10-08T07:14:53.042897+00:00, run_after=2022-10-09T07:14:53.042897+00:00
[2022-10-09T07:14:53.060+0000] {processor.py:178} INFO - Processing /home/airflow/.local/lib/python3.7/site-packages/airflow/example_dags/tutorial.py took 0.084 seconds
[2022-10-09T07:15:23.203+0000] {processor.py:156} INFO - Started process (PID=2977) to work on /home/airflow/.local/lib/python3.7/site-packages/airflow/example_dags/tutorial.py
[2022-10-09T07:15:23.205+0000] {processor.py:758} INFO - Processing file /home/airflow/.local/lib/python3.7/site-packages/airflow/example_dags/tutorial.py for tasks to queue
[2022-10-09T07:15:23.206+0000] {logging_mixin.py:117} INFO - [2022-10-09T07:15:23.206+0000] {dagbag.py:525} INFO - Filling up the DagBag from /home/airflow/.local/lib/python3.7/site-packages/airflow/example_dags/tutorial.py
[2022-10-09T07:15:23.218+0000] {processor.py:768} INFO - DAG(s) dict_keys(['tutorial']) retrieved from /home/airflow/.local/lib/python3.7/site-packages/airflow/example_dags/tutorial.py
[2022-10-09T07:15:23.251+0000] {logging_mixin.py:117} INFO - [2022-10-09T07:15:23.250+0000] {dag.py:2573} INFO - Sync 1 DAGs
[2022-10-09T07:15:23.269+0000] {logging_mixin.py:117} INFO - [2022-10-09T07:15:23.269+0000] {dag.py:3328} INFO - Setting next_dagrun for tutorial to 2022-10-08T07:15:23.269037+00:00, run_after=2022-10-09T07:15:23.269037+00:00
[2022-10-09T07:15:23.282+0000] {processor.py:178} INFO - Processing /home/airflow/.local/lib/python3.7/site-packages/airflow/example_dags/tutorial.py took 0.082 seconds
[2022-10-09T07:15:53.541+0000] {processor.py:156} INFO - Started process (PID=3040) to work on /home/airflow/.local/lib/python3.7/site-packages/airflow/example_dags/tutorial.py
[2022-10-09T07:15:53.543+0000] {processor.py:758} INFO - Processing file /home/airflow/.local/lib/python3.7/site-packages/airflow/example_dags/tutorial.py for tasks to queue
[2022-10-09T07:15:53.543+0000] {logging_mixin.py:117} INFO - [2022-10-09T07:15:53.543+0000] {dagbag.py:525} INFO - Filling up the DagBag from /home/airflow/.local/lib/python3.7/site-packages/airflow/example_dags/tutorial.py
[2022-10-09T07:15:53.553+0000] {processor.py:768} INFO - DAG(s) dict_keys(['tutorial']) retrieved from /home/airflow/.local/lib/python3.7/site-packages/airflow/example_dags/tutorial.py
[2022-10-09T07:15:53.578+0000] {logging_mixin.py:117} INFO - [2022-10-09T07:15:53.578+0000] {dag.py:2573} INFO - Sync 1 DAGs
[2022-10-09T07:15:53.592+0000] {logging_mixin.py:117} INFO - [2022-10-09T07:15:53.592+0000] {dag.py:3328} INFO - Setting next_dagrun for tutorial to 2022-10-08T07:15:53.592319+00:00, run_after=2022-10-09T07:15:53.592319+00:00
[2022-10-09T07:15:53.604+0000] {processor.py:178} INFO - Processing /home/airflow/.local/lib/python3.7/site-packages/airflow/example_dags/tutorial.py took 0.065 seconds
[2022-10-09T07:16:23.926+0000] {processor.py:156} INFO - Started process (PID=3094) to work on /home/airflow/.local/lib/python3.7/site-packages/airflow/example_dags/tutorial.py
[2022-10-09T07:16:23.928+0000] {processor.py:758} INFO - Processing file /home/airflow/.local/lib/python3.7/site-packages/airflow/example_dags/tutorial.py for tasks to queue
[2022-10-09T07:16:23.929+0000] {logging_mixin.py:117} INFO - [2022-10-09T07:16:23.929+0000] {dagbag.py:525} INFO - Filling up the DagBag from /home/airflow/.local/lib/python3.7/site-packages/airflow/example_dags/tutorial.py
[2022-10-09T07:16:23.938+0000] {processor.py:768} INFO - DAG(s) dict_keys(['tutorial']) retrieved from /home/airflow/.local/lib/python3.7/site-packages/airflow/example_dags/tutorial.py
[2022-10-09T07:16:23.962+0000] {logging_mixin.py:117} INFO - [2022-10-09T07:16:23.962+0000] {dag.py:2573} INFO - Sync 1 DAGs
[2022-10-09T07:16:23.977+0000] {logging_mixin.py:117} INFO - [2022-10-09T07:16:23.976+0000] {dag.py:3328} INFO - Setting next_dagrun for tutorial to 2022-10-08T07:16:23.976802+00:00, run_after=2022-10-09T07:16:23.976802+00:00
[2022-10-09T07:16:23.988+0000] {processor.py:178} INFO - Processing /home/airflow/.local/lib/python3.7/site-packages/airflow/example_dags/tutorial.py took 0.064 seconds
[2022-10-09T07:16:54.159+0000] {processor.py:156} INFO - Started process (PID=3156) to work on /home/airflow/.local/lib/python3.7/site-packages/airflow/example_dags/tutorial.py
[2022-10-09T07:16:54.161+0000] {processor.py:758} INFO - Processing file /home/airflow/.local/lib/python3.7/site-packages/airflow/example_dags/tutorial.py for tasks to queue
[2022-10-09T07:16:54.162+0000] {logging_mixin.py:117} INFO - [2022-10-09T07:16:54.162+0000] {dagbag.py:525} INFO - Filling up the DagBag from /home/airflow/.local/lib/python3.7/site-packages/airflow/example_dags/tutorial.py
[2022-10-09T07:16:54.170+0000] {processor.py:768} INFO - DAG(s) dict_keys(['tutorial']) retrieved from /home/airflow/.local/lib/python3.7/site-packages/airflow/example_dags/tutorial.py
[2022-10-09T07:16:54.195+0000] {logging_mixin.py:117} INFO - [2022-10-09T07:16:54.195+0000] {dag.py:2573} INFO - Sync 1 DAGs
[2022-10-09T07:16:54.211+0000] {logging_mixin.py:117} INFO - [2022-10-09T07:16:54.211+0000] {dag.py:3328} INFO - Setting next_dagrun for tutorial to 2022-10-08T07:16:54.210882+00:00, run_after=2022-10-09T07:16:54.210882+00:00
[2022-10-09T07:16:54.222+0000] {processor.py:178} INFO - Processing /home/airflow/.local/lib/python3.7/site-packages/airflow/example_dags/tutorial.py took 0.065 seconds
[2022-10-09T07:17:24.441+0000] {processor.py:156} INFO - Started process (PID=3219) to work on /home/airflow/.local/lib/python3.7/site-packages/airflow/example_dags/tutorial.py
[2022-10-09T07:17:24.443+0000] {processor.py:758} INFO - Processing file /home/airflow/.local/lib/python3.7/site-packages/airflow/example_dags/tutorial.py for tasks to queue
[2022-10-09T07:17:24.444+0000] {logging_mixin.py:117} INFO - [2022-10-09T07:17:24.444+0000] {dagbag.py:525} INFO - Filling up the DagBag from /home/airflow/.local/lib/python3.7/site-packages/airflow/example_dags/tutorial.py
[2022-10-09T07:17:24.453+0000] {processor.py:768} INFO - DAG(s) dict_keys(['tutorial']) retrieved from /home/airflow/.local/lib/python3.7/site-packages/airflow/example_dags/tutorial.py
[2022-10-09T07:17:24.506+0000] {logging_mixin.py:117} INFO - [2022-10-09T07:17:24.506+0000] {dag.py:2573} INFO - Sync 1 DAGs
[2022-10-09T07:17:24.529+0000] {logging_mixin.py:117} INFO - [2022-10-09T07:17:24.529+0000] {dag.py:3328} INFO - Setting next_dagrun for tutorial to 2022-10-08T07:17:24.529107+00:00, run_after=2022-10-09T07:17:24.529107+00:00
[2022-10-09T07:17:24.555+0000] {processor.py:178} INFO - Processing /home/airflow/.local/lib/python3.7/site-packages/airflow/example_dags/tutorial.py took 0.116 seconds
[2022-10-09T07:17:55.239+0000] {processor.py:156} INFO - Started process (PID=3280) to work on /home/airflow/.local/lib/python3.7/site-packages/airflow/example_dags/tutorial.py
[2022-10-09T07:17:55.241+0000] {processor.py:758} INFO - Processing file /home/airflow/.local/lib/python3.7/site-packages/airflow/example_dags/tutorial.py for tasks to queue
[2022-10-09T07:17:55.241+0000] {logging_mixin.py:117} INFO - [2022-10-09T07:17:55.241+0000] {dagbag.py:525} INFO - Filling up the DagBag from /home/airflow/.local/lib/python3.7/site-packages/airflow/example_dags/tutorial.py
[2022-10-09T07:17:55.251+0000] {processor.py:768} INFO - DAG(s) dict_keys(['tutorial']) retrieved from /home/airflow/.local/lib/python3.7/site-packages/airflow/example_dags/tutorial.py
[2022-10-09T07:17:55.278+0000] {logging_mixin.py:117} INFO - [2022-10-09T07:17:55.277+0000] {dag.py:2573} INFO - Sync 1 DAGs
[2022-10-09T07:17:55.293+0000] {logging_mixin.py:117} INFO - [2022-10-09T07:17:55.293+0000] {dag.py:3328} INFO - Setting next_dagrun for tutorial to 2022-10-08T07:17:55.292931+00:00, run_after=2022-10-09T07:17:55.292931+00:00
[2022-10-09T07:17:55.304+0000] {processor.py:178} INFO - Processing /home/airflow/.local/lib/python3.7/site-packages/airflow/example_dags/tutorial.py took 0.067 seconds
[2022-10-09T07:18:25.466+0000] {processor.py:156} INFO - Started process (PID=3343) to work on /home/airflow/.local/lib/python3.7/site-packages/airflow/example_dags/tutorial.py
[2022-10-09T07:18:25.468+0000] {processor.py:758} INFO - Processing file /home/airflow/.local/lib/python3.7/site-packages/airflow/example_dags/tutorial.py for tasks to queue
[2022-10-09T07:18:25.469+0000] {logging_mixin.py:117} INFO - [2022-10-09T07:18:25.469+0000] {dagbag.py:525} INFO - Filling up the DagBag from /home/airflow/.local/lib/python3.7/site-packages/airflow/example_dags/tutorial.py
[2022-10-09T07:18:25.479+0000] {processor.py:768} INFO - DAG(s) dict_keys(['tutorial']) retrieved from /home/airflow/.local/lib/python3.7/site-packages/airflow/example_dags/tutorial.py
[2022-10-09T07:18:25.504+0000] {logging_mixin.py:117} INFO - [2022-10-09T07:18:25.504+0000] {dag.py:2573} INFO - Sync 1 DAGs
[2022-10-09T07:18:25.519+0000] {logging_mixin.py:117} INFO - [2022-10-09T07:18:25.518+0000] {dag.py:3328} INFO - Setting next_dagrun for tutorial to 2022-10-08T07:18:25.518789+00:00, run_after=2022-10-09T07:18:25.518789+00:00
[2022-10-09T07:18:25.531+0000] {processor.py:178} INFO - Processing /home/airflow/.local/lib/python3.7/site-packages/airflow/example_dags/tutorial.py took 0.067 seconds
[2022-10-09T07:18:56.041+0000] {processor.py:156} INFO - Started process (PID=3405) to work on /home/airflow/.local/lib/python3.7/site-packages/airflow/example_dags/tutorial.py
[2022-10-09T07:18:56.045+0000] {processor.py:758} INFO - Processing file /home/airflow/.local/lib/python3.7/site-packages/airflow/example_dags/tutorial.py for tasks to queue
[2022-10-09T07:18:56.047+0000] {logging_mixin.py:117} INFO - [2022-10-09T07:18:56.047+0000] {dagbag.py:525} INFO - Filling up the DagBag from /home/airflow/.local/lib/python3.7/site-packages/airflow/example_dags/tutorial.py
[2022-10-09T07:18:56.065+0000] {processor.py:768} INFO - DAG(s) dict_keys(['tutorial']) retrieved from /home/airflow/.local/lib/python3.7/site-packages/airflow/example_dags/tutorial.py
[2022-10-09T07:18:56.106+0000] {logging_mixin.py:117} INFO - [2022-10-09T07:18:56.106+0000] {dag.py:2573} INFO - Sync 1 DAGs
[2022-10-09T07:18:56.141+0000] {logging_mixin.py:117} INFO - [2022-10-09T07:18:56.141+0000] {dag.py:3328} INFO - Setting next_dagrun for tutorial to 2022-10-08T07:18:56.141018+00:00, run_after=2022-10-09T07:18:56.141018+00:00
[2022-10-09T07:18:56.157+0000] {processor.py:178} INFO - Processing /home/airflow/.local/lib/python3.7/site-packages/airflow/example_dags/tutorial.py took 0.121 seconds
[2022-10-09T07:19:27.066+0000] {processor.py:156} INFO - Started process (PID=3459) to work on /home/airflow/.local/lib/python3.7/site-packages/airflow/example_dags/tutorial.py
[2022-10-09T07:19:27.070+0000] {processor.py:758} INFO - Processing file /home/airflow/.local/lib/python3.7/site-packages/airflow/example_dags/tutorial.py for tasks to queue
[2022-10-09T07:19:27.071+0000] {logging_mixin.py:117} INFO - [2022-10-09T07:19:27.071+0000] {dagbag.py:525} INFO - Filling up the DagBag from /home/airflow/.local/lib/python3.7/site-packages/airflow/example_dags/tutorial.py
[2022-10-09T07:19:27.081+0000] {processor.py:768} INFO - DAG(s) dict_keys(['tutorial']) retrieved from /home/airflow/.local/lib/python3.7/site-packages/airflow/example_dags/tutorial.py
[2022-10-09T07:19:27.112+0000] {logging_mixin.py:117} INFO - [2022-10-09T07:19:27.112+0000] {dag.py:2573} INFO - Sync 1 DAGs
[2022-10-09T07:19:27.128+0000] {logging_mixin.py:117} INFO - [2022-10-09T07:19:27.128+0000] {dag.py:3328} INFO - Setting next_dagrun for tutorial to 2022-10-08T07:19:27.128732+00:00, run_after=2022-10-09T07:19:27.128732+00:00
[2022-10-09T07:19:27.143+0000] {processor.py:178} INFO - Processing /home/airflow/.local/lib/python3.7/site-packages/airflow/example_dags/tutorial.py took 0.079 seconds
[2022-10-09T07:19:57.368+0000] {processor.py:156} INFO - Started process (PID=3523) to work on /home/airflow/.local/lib/python3.7/site-packages/airflow/example_dags/tutorial.py
[2022-10-09T07:19:57.370+0000] {processor.py:758} INFO - Processing file /home/airflow/.local/lib/python3.7/site-packages/airflow/example_dags/tutorial.py for tasks to queue
[2022-10-09T07:19:57.371+0000] {logging_mixin.py:117} INFO - [2022-10-09T07:19:57.371+0000] {dagbag.py:525} INFO - Filling up the DagBag from /home/airflow/.local/lib/python3.7/site-packages/airflow/example_dags/tutorial.py
[2022-10-09T07:19:57.381+0000] {processor.py:768} INFO - DAG(s) dict_keys(['tutorial']) retrieved from /home/airflow/.local/lib/python3.7/site-packages/airflow/example_dags/tutorial.py
[2022-10-09T07:19:57.416+0000] {logging_mixin.py:117} INFO - [2022-10-09T07:19:57.416+0000] {dag.py:2573} INFO - Sync 1 DAGs
[2022-10-09T07:19:57.454+0000] {logging_mixin.py:117} INFO - [2022-10-09T07:19:57.454+0000] {dag.py:3328} INFO - Setting next_dagrun for tutorial to 2022-10-08T07:19:57.454185+00:00, run_after=2022-10-09T07:19:57.454185+00:00
[2022-10-09T07:19:57.473+0000] {processor.py:178} INFO - Processing /home/airflow/.local/lib/python3.7/site-packages/airflow/example_dags/tutorial.py took 0.107 seconds
[2022-10-09T07:20:27.906+0000] {processor.py:156} INFO - Started process (PID=3586) to work on /home/airflow/.local/lib/python3.7/site-packages/airflow/example_dags/tutorial.py
[2022-10-09T07:20:27.915+0000] {processor.py:758} INFO - Processing file /home/airflow/.local/lib/python3.7/site-packages/airflow/example_dags/tutorial.py for tasks to queue
[2022-10-09T07:20:27.923+0000] {logging_mixin.py:117} INFO - [2022-10-09T07:20:27.923+0000] {dagbag.py:525} INFO - Filling up the DagBag from /home/airflow/.local/lib/python3.7/site-packages/airflow/example_dags/tutorial.py
[2022-10-09T07:20:27.957+0000] {processor.py:768} INFO - DAG(s) dict_keys(['tutorial']) retrieved from /home/airflow/.local/lib/python3.7/site-packages/airflow/example_dags/tutorial.py
[2022-10-09T07:20:28.014+0000] {logging_mixin.py:117} INFO - [2022-10-09T07:20:28.014+0000] {dag.py:2573} INFO - Sync 1 DAGs
[2022-10-09T07:20:28.039+0000] {logging_mixin.py:117} INFO - [2022-10-09T07:20:28.039+0000] {dag.py:3328} INFO - Setting next_dagrun for tutorial to 2022-10-08T07:20:28.039450+00:00, run_after=2022-10-09T07:20:28.039450+00:00
[2022-10-09T07:20:28.060+0000] {processor.py:178} INFO - Processing /home/airflow/.local/lib/python3.7/site-packages/airflow/example_dags/tutorial.py took 0.178 seconds
[2022-10-09T07:20:58.607+0000] {processor.py:156} INFO - Started process (PID=3649) to work on /home/airflow/.local/lib/python3.7/site-packages/airflow/example_dags/tutorial.py
[2022-10-09T07:20:58.608+0000] {processor.py:758} INFO - Processing file /home/airflow/.local/lib/python3.7/site-packages/airflow/example_dags/tutorial.py for tasks to queue
[2022-10-09T07:20:58.609+0000] {logging_mixin.py:117} INFO - [2022-10-09T07:20:58.609+0000] {dagbag.py:525} INFO - Filling up the DagBag from /home/airflow/.local/lib/python3.7/site-packages/airflow/example_dags/tutorial.py
[2022-10-09T07:20:58.620+0000] {processor.py:768} INFO - DAG(s) dict_keys(['tutorial']) retrieved from /home/airflow/.local/lib/python3.7/site-packages/airflow/example_dags/tutorial.py
[2022-10-09T07:20:58.651+0000] {logging_mixin.py:117} INFO - [2022-10-09T07:20:58.651+0000] {dag.py:2573} INFO - Sync 1 DAGs
[2022-10-09T07:20:58.677+0000] {logging_mixin.py:117} INFO - [2022-10-09T07:20:58.677+0000] {dag.py:3328} INFO - Setting next_dagrun for tutorial to 2022-10-08T07:20:58.677654+00:00, run_after=2022-10-09T07:20:58.677654+00:00
[2022-10-09T07:20:58.700+0000] {processor.py:178} INFO - Processing /home/airflow/.local/lib/python3.7/site-packages/airflow/example_dags/tutorial.py took 0.096 seconds
[2022-10-09T07:21:29.007+0000] {processor.py:156} INFO - Started process (PID=3712) to work on /home/airflow/.local/lib/python3.7/site-packages/airflow/example_dags/tutorial.py
[2022-10-09T07:21:29.009+0000] {processor.py:758} INFO - Processing file /home/airflow/.local/lib/python3.7/site-packages/airflow/example_dags/tutorial.py for tasks to queue
[2022-10-09T07:21:29.011+0000] {logging_mixin.py:117} INFO - [2022-10-09T07:21:29.011+0000] {dagbag.py:525} INFO - Filling up the DagBag from /home/airflow/.local/lib/python3.7/site-packages/airflow/example_dags/tutorial.py
[2022-10-09T07:21:29.022+0000] {processor.py:768} INFO - DAG(s) dict_keys(['tutorial']) retrieved from /home/airflow/.local/lib/python3.7/site-packages/airflow/example_dags/tutorial.py
[2022-10-09T07:21:29.052+0000] {logging_mixin.py:117} INFO - [2022-10-09T07:21:29.052+0000] {dag.py:2573} INFO - Sync 1 DAGs
[2022-10-09T07:21:29.073+0000] {logging_mixin.py:117} INFO - [2022-10-09T07:21:29.073+0000] {dag.py:3328} INFO - Setting next_dagrun for tutorial to 2022-10-08T07:21:29.073065+00:00, run_after=2022-10-09T07:21:29.073065+00:00
[2022-10-09T07:21:29.093+0000] {processor.py:178} INFO - Processing /home/airflow/.local/lib/python3.7/site-packages/airflow/example_dags/tutorial.py took 0.089 seconds
[2022-10-09T07:21:59.464+0000] {processor.py:156} INFO - Started process (PID=3764) to work on /home/airflow/.local/lib/python3.7/site-packages/airflow/example_dags/tutorial.py
[2022-10-09T07:21:59.466+0000] {processor.py:758} INFO - Processing file /home/airflow/.local/lib/python3.7/site-packages/airflow/example_dags/tutorial.py for tasks to queue
[2022-10-09T07:21:59.467+0000] {logging_mixin.py:117} INFO - [2022-10-09T07:21:59.467+0000] {dagbag.py:525} INFO - Filling up the DagBag from /home/airflow/.local/lib/python3.7/site-packages/airflow/example_dags/tutorial.py
[2022-10-09T07:21:59.477+0000] {processor.py:768} INFO - DAG(s) dict_keys(['tutorial']) retrieved from /home/airflow/.local/lib/python3.7/site-packages/airflow/example_dags/tutorial.py
[2022-10-09T07:21:59.503+0000] {logging_mixin.py:117} INFO - [2022-10-09T07:21:59.503+0000] {dag.py:2573} INFO - Sync 1 DAGs
[2022-10-09T07:21:59.519+0000] {logging_mixin.py:117} INFO - [2022-10-09T07:21:59.519+0000] {dag.py:3328} INFO - Setting next_dagrun for tutorial to 2022-10-08T07:21:59.518912+00:00, run_after=2022-10-09T07:21:59.518912+00:00
[2022-10-09T07:21:59.531+0000] {processor.py:178} INFO - Processing /home/airflow/.local/lib/python3.7/site-packages/airflow/example_dags/tutorial.py took 0.068 seconds
[2022-10-09T07:22:29.814+0000] {processor.py:156} INFO - Started process (PID=3827) to work on /home/airflow/.local/lib/python3.7/site-packages/airflow/example_dags/tutorial.py
[2022-10-09T07:22:29.816+0000] {processor.py:758} INFO - Processing file /home/airflow/.local/lib/python3.7/site-packages/airflow/example_dags/tutorial.py for tasks to queue
[2022-10-09T07:22:29.818+0000] {logging_mixin.py:117} INFO - [2022-10-09T07:22:29.818+0000] {dagbag.py:525} INFO - Filling up the DagBag from /home/airflow/.local/lib/python3.7/site-packages/airflow/example_dags/tutorial.py
[2022-10-09T07:22:29.828+0000] {processor.py:768} INFO - DAG(s) dict_keys(['tutorial']) retrieved from /home/airflow/.local/lib/python3.7/site-packages/airflow/example_dags/tutorial.py
[2022-10-09T07:22:29.853+0000] {logging_mixin.py:117} INFO - [2022-10-09T07:22:29.853+0000] {dag.py:2573} INFO - Sync 1 DAGs
[2022-10-09T07:22:29.868+0000] {logging_mixin.py:117} INFO - [2022-10-09T07:22:29.867+0000] {dag.py:3328} INFO - Setting next_dagrun for tutorial to 2022-10-08T07:22:29.867429+00:00, run_after=2022-10-09T07:22:29.867429+00:00
[2022-10-09T07:22:29.881+0000] {processor.py:178} INFO - Processing /home/airflow/.local/lib/python3.7/site-packages/airflow/example_dags/tutorial.py took 0.069 seconds
[2022-10-09T07:23:00.032+0000] {processor.py:156} INFO - Started process (PID=3891) to work on /home/airflow/.local/lib/python3.7/site-packages/airflow/example_dags/tutorial.py
[2022-10-09T07:23:00.035+0000] {processor.py:758} INFO - Processing file /home/airflow/.local/lib/python3.7/site-packages/airflow/example_dags/tutorial.py for tasks to queue
[2022-10-09T07:23:00.036+0000] {logging_mixin.py:117} INFO - [2022-10-09T07:23:00.036+0000] {dagbag.py:525} INFO - Filling up the DagBag from /home/airflow/.local/lib/python3.7/site-packages/airflow/example_dags/tutorial.py
[2022-10-09T07:23:00.046+0000] {processor.py:768} INFO - DAG(s) dict_keys(['tutorial']) retrieved from /home/airflow/.local/lib/python3.7/site-packages/airflow/example_dags/tutorial.py
[2022-10-09T07:23:00.074+0000] {logging_mixin.py:117} INFO - [2022-10-09T07:23:00.074+0000] {dag.py:2573} INFO - Sync 1 DAGs
[2022-10-09T07:23:00.092+0000] {logging_mixin.py:117} INFO - [2022-10-09T07:23:00.092+0000] {dag.py:3328} INFO - Setting next_dagrun for tutorial to 2022-10-08T07:23:00.092197+00:00, run_after=2022-10-09T07:23:00.092197+00:00
[2022-10-09T07:23:00.105+0000] {processor.py:178} INFO - Processing /home/airflow/.local/lib/python3.7/site-packages/airflow/example_dags/tutorial.py took 0.075 seconds
[2022-10-09T07:23:30.358+0000] {processor.py:156} INFO - Started process (PID=3954) to work on /home/airflow/.local/lib/python3.7/site-packages/airflow/example_dags/tutorial.py
[2022-10-09T07:23:30.360+0000] {processor.py:758} INFO - Processing file /home/airflow/.local/lib/python3.7/site-packages/airflow/example_dags/tutorial.py for tasks to queue
[2022-10-09T07:23:30.362+0000] {logging_mixin.py:117} INFO - [2022-10-09T07:23:30.362+0000] {dagbag.py:525} INFO - Filling up the DagBag from /home/airflow/.local/lib/python3.7/site-packages/airflow/example_dags/tutorial.py
[2022-10-09T07:23:30.372+0000] {processor.py:768} INFO - DAG(s) dict_keys(['tutorial']) retrieved from /home/airflow/.local/lib/python3.7/site-packages/airflow/example_dags/tutorial.py
[2022-10-09T07:23:30.400+0000] {logging_mixin.py:117} INFO - [2022-10-09T07:23:30.399+0000] {dag.py:2573} INFO - Sync 1 DAGs
[2022-10-09T07:23:30.421+0000] {logging_mixin.py:117} INFO - [2022-10-09T07:23:30.421+0000] {dag.py:3328} INFO - Setting next_dagrun for tutorial to 2022-10-08T07:23:30.421017+00:00, run_after=2022-10-09T07:23:30.421017+00:00
[2022-10-09T07:23:30.434+0000] {processor.py:178} INFO - Processing /home/airflow/.local/lib/python3.7/site-packages/airflow/example_dags/tutorial.py took 0.078 seconds
[2022-10-09T07:24:00.720+0000] {processor.py:156} INFO - Started process (PID=4017) to work on /home/airflow/.local/lib/python3.7/site-packages/airflow/example_dags/tutorial.py
[2022-10-09T07:24:00.721+0000] {processor.py:758} INFO - Processing file /home/airflow/.local/lib/python3.7/site-packages/airflow/example_dags/tutorial.py for tasks to queue
[2022-10-09T07:24:00.722+0000] {logging_mixin.py:117} INFO - [2022-10-09T07:24:00.722+0000] {dagbag.py:525} INFO - Filling up the DagBag from /home/airflow/.local/lib/python3.7/site-packages/airflow/example_dags/tutorial.py
[2022-10-09T07:24:00.733+0000] {processor.py:768} INFO - DAG(s) dict_keys(['tutorial']) retrieved from /home/airflow/.local/lib/python3.7/site-packages/airflow/example_dags/tutorial.py
[2022-10-09T07:24:00.762+0000] {logging_mixin.py:117} INFO - [2022-10-09T07:24:00.762+0000] {dag.py:2573} INFO - Sync 1 DAGs
[2022-10-09T07:24:00.780+0000] {logging_mixin.py:117} INFO - [2022-10-09T07:24:00.780+0000] {dag.py:3328} INFO - Setting next_dagrun for tutorial to 2022-10-08T07:24:00.780063+00:00, run_after=2022-10-09T07:24:00.780063+00:00
[2022-10-09T07:24:00.796+0000] {processor.py:178} INFO - Processing /home/airflow/.local/lib/python3.7/site-packages/airflow/example_dags/tutorial.py took 0.079 seconds
[2022-10-09T07:24:31.288+0000] {processor.py:156} INFO - Started process (PID=4074) to work on /home/airflow/.local/lib/python3.7/site-packages/airflow/example_dags/tutorial.py
[2022-10-09T07:24:31.289+0000] {processor.py:758} INFO - Processing file /home/airflow/.local/lib/python3.7/site-packages/airflow/example_dags/tutorial.py for tasks to queue
[2022-10-09T07:24:31.290+0000] {logging_mixin.py:117} INFO - [2022-10-09T07:24:31.290+0000] {dagbag.py:525} INFO - Filling up the DagBag from /home/airflow/.local/lib/python3.7/site-packages/airflow/example_dags/tutorial.py
[2022-10-09T07:24:31.299+0000] {processor.py:768} INFO - DAG(s) dict_keys(['tutorial']) retrieved from /home/airflow/.local/lib/python3.7/site-packages/airflow/example_dags/tutorial.py
[2022-10-09T07:24:31.326+0000] {logging_mixin.py:117} INFO - [2022-10-09T07:24:31.326+0000] {dag.py:2573} INFO - Sync 1 DAGs
[2022-10-09T07:24:31.341+0000] {logging_mixin.py:117} INFO - [2022-10-09T07:24:31.341+0000] {dag.py:3328} INFO - Setting next_dagrun for tutorial to 2022-10-08T07:24:31.341435+00:00, run_after=2022-10-09T07:24:31.341435+00:00
[2022-10-09T07:24:31.354+0000] {processor.py:178} INFO - Processing /home/airflow/.local/lib/python3.7/site-packages/airflow/example_dags/tutorial.py took 0.069 seconds
